[2024-06-23 23:41:53,289] {scheduler_job.py:182} INFO - Started process (PID=5665) to work on /home/airflow/.local/lib/python3.6/site-packages/airflow/example_dags/example_skip_dag.py
[2024-06-23 23:41:53,290] {scheduler_job.py:629} INFO - Processing file /home/airflow/.local/lib/python3.6/site-packages/airflow/example_dags/example_skip_dag.py for tasks to queue
[2024-06-23 23:41:53,291] {logging_mixin.py:104} INFO - [2024-06-23 23:41:53,291] {dagbag.py:451} INFO - Filling up the DagBag from /home/airflow/.local/lib/python3.6/site-packages/airflow/example_dags/example_skip_dag.py
[2024-06-23 23:41:53,307] {scheduler_job.py:639} INFO - DAG(s) dict_keys(['example_skip_dag']) retrieved from /home/airflow/.local/lib/python3.6/site-packages/airflow/example_dags/example_skip_dag.py
[2024-06-23 23:41:53,372] {logging_mixin.py:104} INFO - [2024-06-23 23:41:53,372] {dag.py:1824} INFO - Sync 1 DAGs
[2024-06-23 23:41:53,473] {logging_mixin.py:104} INFO - [2024-06-23 23:41:53,473] {dag.py:2280} INFO - Setting next_dagrun for example_skip_dag to 2024-06-21 00:00:00+00:00
[2024-06-23 23:41:53,535] {scheduler_job.py:190} INFO - Processing /home/airflow/.local/lib/python3.6/site-packages/airflow/example_dags/example_skip_dag.py took 0.248 seconds
[2024-06-23 23:42:23,969] {scheduler_job.py:182} INFO - Started process (PID=5691) to work on /home/airflow/.local/lib/python3.6/site-packages/airflow/example_dags/example_skip_dag.py
[2024-06-23 23:42:23,970] {scheduler_job.py:629} INFO - Processing file /home/airflow/.local/lib/python3.6/site-packages/airflow/example_dags/example_skip_dag.py for tasks to queue
[2024-06-23 23:42:23,971] {logging_mixin.py:104} INFO - [2024-06-23 23:42:23,971] {dagbag.py:451} INFO - Filling up the DagBag from /home/airflow/.local/lib/python3.6/site-packages/airflow/example_dags/example_skip_dag.py
[2024-06-23 23:42:23,978] {scheduler_job.py:639} INFO - DAG(s) dict_keys(['example_skip_dag']) retrieved from /home/airflow/.local/lib/python3.6/site-packages/airflow/example_dags/example_skip_dag.py
[2024-06-23 23:42:23,991] {logging_mixin.py:104} INFO - [2024-06-23 23:42:23,991] {dag.py:1824} INFO - Sync 1 DAGs
[2024-06-23 23:42:24,001] {logging_mixin.py:104} INFO - [2024-06-23 23:42:24,001] {dag.py:2280} INFO - Setting next_dagrun for example_skip_dag to 2024-06-21 00:00:00+00:00
[2024-06-23 23:42:24,009] {scheduler_job.py:190} INFO - Processing /home/airflow/.local/lib/python3.6/site-packages/airflow/example_dags/example_skip_dag.py took 0.042 seconds
[2024-06-23 23:42:54,810] {scheduler_job.py:182} INFO - Started process (PID=5717) to work on /home/airflow/.local/lib/python3.6/site-packages/airflow/example_dags/example_skip_dag.py
[2024-06-23 23:42:54,810] {scheduler_job.py:629} INFO - Processing file /home/airflow/.local/lib/python3.6/site-packages/airflow/example_dags/example_skip_dag.py for tasks to queue
[2024-06-23 23:42:54,811] {logging_mixin.py:104} INFO - [2024-06-23 23:42:54,811] {dagbag.py:451} INFO - Filling up the DagBag from /home/airflow/.local/lib/python3.6/site-packages/airflow/example_dags/example_skip_dag.py
[2024-06-23 23:42:54,817] {scheduler_job.py:639} INFO - DAG(s) dict_keys(['example_skip_dag']) retrieved from /home/airflow/.local/lib/python3.6/site-packages/airflow/example_dags/example_skip_dag.py
[2024-06-23 23:42:54,830] {logging_mixin.py:104} INFO - [2024-06-23 23:42:54,830] {dag.py:1824} INFO - Sync 1 DAGs
[2024-06-23 23:42:54,840] {logging_mixin.py:104} INFO - [2024-06-23 23:42:54,840] {dag.py:2280} INFO - Setting next_dagrun for example_skip_dag to 2024-06-21 00:00:00+00:00
[2024-06-23 23:42:54,847] {scheduler_job.py:190} INFO - Processing /home/airflow/.local/lib/python3.6/site-packages/airflow/example_dags/example_skip_dag.py took 0.039 seconds
[2024-06-23 23:43:24,877] {scheduler_job.py:182} INFO - Started process (PID=5743) to work on /home/airflow/.local/lib/python3.6/site-packages/airflow/example_dags/example_skip_dag.py
[2024-06-23 23:43:24,878] {scheduler_job.py:629} INFO - Processing file /home/airflow/.local/lib/python3.6/site-packages/airflow/example_dags/example_skip_dag.py for tasks to queue
[2024-06-23 23:43:24,878] {logging_mixin.py:104} INFO - [2024-06-23 23:43:24,878] {dagbag.py:451} INFO - Filling up the DagBag from /home/airflow/.local/lib/python3.6/site-packages/airflow/example_dags/example_skip_dag.py
[2024-06-23 23:43:24,884] {scheduler_job.py:639} INFO - DAG(s) dict_keys(['example_skip_dag']) retrieved from /home/airflow/.local/lib/python3.6/site-packages/airflow/example_dags/example_skip_dag.py
[2024-06-23 23:43:24,897] {logging_mixin.py:104} INFO - [2024-06-23 23:43:24,897] {dag.py:1824} INFO - Sync 1 DAGs
[2024-06-23 23:43:24,905] {logging_mixin.py:104} INFO - [2024-06-23 23:43:24,905] {dag.py:2280} INFO - Setting next_dagrun for example_skip_dag to 2024-06-21 00:00:00+00:00
[2024-06-23 23:43:24,912] {scheduler_job.py:190} INFO - Processing /home/airflow/.local/lib/python3.6/site-packages/airflow/example_dags/example_skip_dag.py took 0.037 seconds
[2024-06-23 23:43:55,669] {scheduler_job.py:182} INFO - Started process (PID=5769) to work on /home/airflow/.local/lib/python3.6/site-packages/airflow/example_dags/example_skip_dag.py
[2024-06-23 23:43:55,670] {scheduler_job.py:629} INFO - Processing file /home/airflow/.local/lib/python3.6/site-packages/airflow/example_dags/example_skip_dag.py for tasks to queue
[2024-06-23 23:43:55,670] {logging_mixin.py:104} INFO - [2024-06-23 23:43:55,670] {dagbag.py:451} INFO - Filling up the DagBag from /home/airflow/.local/lib/python3.6/site-packages/airflow/example_dags/example_skip_dag.py
[2024-06-23 23:43:55,676] {scheduler_job.py:639} INFO - DAG(s) dict_keys(['example_skip_dag']) retrieved from /home/airflow/.local/lib/python3.6/site-packages/airflow/example_dags/example_skip_dag.py
[2024-06-23 23:43:55,689] {logging_mixin.py:104} INFO - [2024-06-23 23:43:55,689] {dag.py:1824} INFO - Sync 1 DAGs
[2024-06-23 23:43:55,697] {logging_mixin.py:104} INFO - [2024-06-23 23:43:55,697] {dag.py:2280} INFO - Setting next_dagrun for example_skip_dag to 2024-06-21 00:00:00+00:00
[2024-06-23 23:43:55,704] {scheduler_job.py:190} INFO - Processing /home/airflow/.local/lib/python3.6/site-packages/airflow/example_dags/example_skip_dag.py took 0.037 seconds
[2024-06-23 23:44:26,449] {scheduler_job.py:182} INFO - Started process (PID=5795) to work on /home/airflow/.local/lib/python3.6/site-packages/airflow/example_dags/example_skip_dag.py
[2024-06-23 23:44:26,450] {scheduler_job.py:629} INFO - Processing file /home/airflow/.local/lib/python3.6/site-packages/airflow/example_dags/example_skip_dag.py for tasks to queue
[2024-06-23 23:44:26,450] {logging_mixin.py:104} INFO - [2024-06-23 23:44:26,450] {dagbag.py:451} INFO - Filling up the DagBag from /home/airflow/.local/lib/python3.6/site-packages/airflow/example_dags/example_skip_dag.py
[2024-06-23 23:44:26,456] {scheduler_job.py:639} INFO - DAG(s) dict_keys(['example_skip_dag']) retrieved from /home/airflow/.local/lib/python3.6/site-packages/airflow/example_dags/example_skip_dag.py
[2024-06-23 23:44:26,469] {logging_mixin.py:104} INFO - [2024-06-23 23:44:26,469] {dag.py:1824} INFO - Sync 1 DAGs
[2024-06-23 23:44:26,478] {logging_mixin.py:104} INFO - [2024-06-23 23:44:26,477] {dag.py:2280} INFO - Setting next_dagrun for example_skip_dag to 2024-06-21 00:00:00+00:00
[2024-06-23 23:44:26,484] {scheduler_job.py:190} INFO - Processing /home/airflow/.local/lib/python3.6/site-packages/airflow/example_dags/example_skip_dag.py took 0.037 seconds
[2024-06-23 23:44:57,228] {scheduler_job.py:182} INFO - Started process (PID=5821) to work on /home/airflow/.local/lib/python3.6/site-packages/airflow/example_dags/example_skip_dag.py
[2024-06-23 23:44:57,229] {scheduler_job.py:629} INFO - Processing file /home/airflow/.local/lib/python3.6/site-packages/airflow/example_dags/example_skip_dag.py for tasks to queue
[2024-06-23 23:44:57,229] {logging_mixin.py:104} INFO - [2024-06-23 23:44:57,229] {dagbag.py:451} INFO - Filling up the DagBag from /home/airflow/.local/lib/python3.6/site-packages/airflow/example_dags/example_skip_dag.py
[2024-06-23 23:44:57,236] {scheduler_job.py:639} INFO - DAG(s) dict_keys(['example_skip_dag']) retrieved from /home/airflow/.local/lib/python3.6/site-packages/airflow/example_dags/example_skip_dag.py
[2024-06-23 23:44:57,248] {logging_mixin.py:104} INFO - [2024-06-23 23:44:57,248] {dag.py:1824} INFO - Sync 1 DAGs
[2024-06-23 23:44:57,256] {logging_mixin.py:104} INFO - [2024-06-23 23:44:57,256] {dag.py:2280} INFO - Setting next_dagrun for example_skip_dag to 2024-06-21 00:00:00+00:00
[2024-06-23 23:44:57,263] {scheduler_job.py:190} INFO - Processing /home/airflow/.local/lib/python3.6/site-packages/airflow/example_dags/example_skip_dag.py took 0.037 seconds
[2024-06-23 23:45:28,025] {scheduler_job.py:182} INFO - Started process (PID=5847) to work on /home/airflow/.local/lib/python3.6/site-packages/airflow/example_dags/example_skip_dag.py
[2024-06-23 23:45:28,026] {scheduler_job.py:629} INFO - Processing file /home/airflow/.local/lib/python3.6/site-packages/airflow/example_dags/example_skip_dag.py for tasks to queue
[2024-06-23 23:45:28,026] {logging_mixin.py:104} INFO - [2024-06-23 23:45:28,026] {dagbag.py:451} INFO - Filling up the DagBag from /home/airflow/.local/lib/python3.6/site-packages/airflow/example_dags/example_skip_dag.py
[2024-06-23 23:45:28,032] {scheduler_job.py:639} INFO - DAG(s) dict_keys(['example_skip_dag']) retrieved from /home/airflow/.local/lib/python3.6/site-packages/airflow/example_dags/example_skip_dag.py
[2024-06-23 23:45:28,045] {logging_mixin.py:104} INFO - [2024-06-23 23:45:28,045] {dag.py:1824} INFO - Sync 1 DAGs
[2024-06-23 23:45:28,053] {logging_mixin.py:104} INFO - [2024-06-23 23:45:28,053] {dag.py:2280} INFO - Setting next_dagrun for example_skip_dag to 2024-06-21 00:00:00+00:00
[2024-06-23 23:45:28,060] {scheduler_job.py:190} INFO - Processing /home/airflow/.local/lib/python3.6/site-packages/airflow/example_dags/example_skip_dag.py took 0.037 seconds
[2024-06-23 23:45:58,812] {scheduler_job.py:182} INFO - Started process (PID=5873) to work on /home/airflow/.local/lib/python3.6/site-packages/airflow/example_dags/example_skip_dag.py
[2024-06-23 23:45:58,813] {scheduler_job.py:629} INFO - Processing file /home/airflow/.local/lib/python3.6/site-packages/airflow/example_dags/example_skip_dag.py for tasks to queue
[2024-06-23 23:45:58,813] {logging_mixin.py:104} INFO - [2024-06-23 23:45:58,813] {dagbag.py:451} INFO - Filling up the DagBag from /home/airflow/.local/lib/python3.6/site-packages/airflow/example_dags/example_skip_dag.py
[2024-06-23 23:45:58,819] {scheduler_job.py:639} INFO - DAG(s) dict_keys(['example_skip_dag']) retrieved from /home/airflow/.local/lib/python3.6/site-packages/airflow/example_dags/example_skip_dag.py
[2024-06-23 23:45:58,831] {logging_mixin.py:104} INFO - [2024-06-23 23:45:58,831] {dag.py:1824} INFO - Sync 1 DAGs
[2024-06-23 23:45:58,840] {logging_mixin.py:104} INFO - [2024-06-23 23:45:58,840] {dag.py:2280} INFO - Setting next_dagrun for example_skip_dag to 2024-06-21 00:00:00+00:00
[2024-06-23 23:45:58,849] {scheduler_job.py:190} INFO - Processing /home/airflow/.local/lib/python3.6/site-packages/airflow/example_dags/example_skip_dag.py took 0.038 seconds
[2024-06-23 23:46:29,626] {scheduler_job.py:182} INFO - Started process (PID=5899) to work on /home/airflow/.local/lib/python3.6/site-packages/airflow/example_dags/example_skip_dag.py
[2024-06-23 23:46:29,627] {scheduler_job.py:629} INFO - Processing file /home/airflow/.local/lib/python3.6/site-packages/airflow/example_dags/example_skip_dag.py for tasks to queue
[2024-06-23 23:46:29,627] {logging_mixin.py:104} INFO - [2024-06-23 23:46:29,627] {dagbag.py:451} INFO - Filling up the DagBag from /home/airflow/.local/lib/python3.6/site-packages/airflow/example_dags/example_skip_dag.py
[2024-06-23 23:46:29,633] {scheduler_job.py:639} INFO - DAG(s) dict_keys(['example_skip_dag']) retrieved from /home/airflow/.local/lib/python3.6/site-packages/airflow/example_dags/example_skip_dag.py
[2024-06-23 23:46:29,646] {logging_mixin.py:104} INFO - [2024-06-23 23:46:29,646] {dag.py:1824} INFO - Sync 1 DAGs
[2024-06-23 23:46:29,654] {logging_mixin.py:104} INFO - [2024-06-23 23:46:29,654] {dag.py:2280} INFO - Setting next_dagrun for example_skip_dag to 2024-06-21 00:00:00+00:00
[2024-06-23 23:46:29,661] {scheduler_job.py:190} INFO - Processing /home/airflow/.local/lib/python3.6/site-packages/airflow/example_dags/example_skip_dag.py took 0.036 seconds
[2024-06-23 23:47:00,418] {scheduler_job.py:182} INFO - Started process (PID=5925) to work on /home/airflow/.local/lib/python3.6/site-packages/airflow/example_dags/example_skip_dag.py
[2024-06-23 23:47:00,418] {scheduler_job.py:629} INFO - Processing file /home/airflow/.local/lib/python3.6/site-packages/airflow/example_dags/example_skip_dag.py for tasks to queue
[2024-06-23 23:47:00,419] {logging_mixin.py:104} INFO - [2024-06-23 23:47:00,419] {dagbag.py:451} INFO - Filling up the DagBag from /home/airflow/.local/lib/python3.6/site-packages/airflow/example_dags/example_skip_dag.py
[2024-06-23 23:47:00,425] {scheduler_job.py:639} INFO - DAG(s) dict_keys(['example_skip_dag']) retrieved from /home/airflow/.local/lib/python3.6/site-packages/airflow/example_dags/example_skip_dag.py
[2024-06-23 23:47:00,438] {logging_mixin.py:104} INFO - [2024-06-23 23:47:00,437] {dag.py:1824} INFO - Sync 1 DAGs
[2024-06-23 23:47:00,446] {logging_mixin.py:104} INFO - [2024-06-23 23:47:00,446] {dag.py:2280} INFO - Setting next_dagrun for example_skip_dag to 2024-06-21 00:00:00+00:00
[2024-06-23 23:47:00,453] {scheduler_job.py:190} INFO - Processing /home/airflow/.local/lib/python3.6/site-packages/airflow/example_dags/example_skip_dag.py took 0.037 seconds
[2024-06-23 23:47:31,230] {scheduler_job.py:182} INFO - Started process (PID=5951) to work on /home/airflow/.local/lib/python3.6/site-packages/airflow/example_dags/example_skip_dag.py
[2024-06-23 23:47:31,231] {scheduler_job.py:629} INFO - Processing file /home/airflow/.local/lib/python3.6/site-packages/airflow/example_dags/example_skip_dag.py for tasks to queue
[2024-06-23 23:47:31,231] {logging_mixin.py:104} INFO - [2024-06-23 23:47:31,231] {dagbag.py:451} INFO - Filling up the DagBag from /home/airflow/.local/lib/python3.6/site-packages/airflow/example_dags/example_skip_dag.py
[2024-06-23 23:47:31,237] {scheduler_job.py:639} INFO - DAG(s) dict_keys(['example_skip_dag']) retrieved from /home/airflow/.local/lib/python3.6/site-packages/airflow/example_dags/example_skip_dag.py
[2024-06-23 23:47:31,249] {logging_mixin.py:104} INFO - [2024-06-23 23:47:31,249] {dag.py:1824} INFO - Sync 1 DAGs
[2024-06-23 23:47:31,257] {logging_mixin.py:104} INFO - [2024-06-23 23:47:31,257] {dag.py:2280} INFO - Setting next_dagrun for example_skip_dag to 2024-06-21 00:00:00+00:00
[2024-06-23 23:47:31,266] {scheduler_job.py:190} INFO - Processing /home/airflow/.local/lib/python3.6/site-packages/airflow/example_dags/example_skip_dag.py took 0.038 seconds
[2024-06-23 23:48:02,030] {scheduler_job.py:182} INFO - Started process (PID=5977) to work on /home/airflow/.local/lib/python3.6/site-packages/airflow/example_dags/example_skip_dag.py
[2024-06-23 23:48:02,030] {scheduler_job.py:629} INFO - Processing file /home/airflow/.local/lib/python3.6/site-packages/airflow/example_dags/example_skip_dag.py for tasks to queue
[2024-06-23 23:48:02,031] {logging_mixin.py:104} INFO - [2024-06-23 23:48:02,031] {dagbag.py:451} INFO - Filling up the DagBag from /home/airflow/.local/lib/python3.6/site-packages/airflow/example_dags/example_skip_dag.py
[2024-06-23 23:48:02,038] {scheduler_job.py:639} INFO - DAG(s) dict_keys(['example_skip_dag']) retrieved from /home/airflow/.local/lib/python3.6/site-packages/airflow/example_dags/example_skip_dag.py
[2024-06-23 23:48:02,053] {logging_mixin.py:104} INFO - [2024-06-23 23:48:02,053] {dag.py:1824} INFO - Sync 1 DAGs
[2024-06-23 23:48:02,062] {logging_mixin.py:104} INFO - [2024-06-23 23:48:02,062] {dag.py:2280} INFO - Setting next_dagrun for example_skip_dag to 2024-06-21 00:00:00+00:00
[2024-06-23 23:48:02,069] {scheduler_job.py:190} INFO - Processing /home/airflow/.local/lib/python3.6/site-packages/airflow/example_dags/example_skip_dag.py took 0.042 seconds
[2024-06-23 23:48:32,870] {scheduler_job.py:182} INFO - Started process (PID=6003) to work on /home/airflow/.local/lib/python3.6/site-packages/airflow/example_dags/example_skip_dag.py
[2024-06-23 23:48:32,871] {scheduler_job.py:629} INFO - Processing file /home/airflow/.local/lib/python3.6/site-packages/airflow/example_dags/example_skip_dag.py for tasks to queue
[2024-06-23 23:48:32,872] {logging_mixin.py:104} INFO - [2024-06-23 23:48:32,872] {dagbag.py:451} INFO - Filling up the DagBag from /home/airflow/.local/lib/python3.6/site-packages/airflow/example_dags/example_skip_dag.py
[2024-06-23 23:48:32,879] {scheduler_job.py:639} INFO - DAG(s) dict_keys(['example_skip_dag']) retrieved from /home/airflow/.local/lib/python3.6/site-packages/airflow/example_dags/example_skip_dag.py
[2024-06-23 23:48:32,893] {logging_mixin.py:104} INFO - [2024-06-23 23:48:32,893] {dag.py:1824} INFO - Sync 1 DAGs
[2024-06-23 23:48:32,902] {logging_mixin.py:104} INFO - [2024-06-23 23:48:32,902] {dag.py:2280} INFO - Setting next_dagrun for example_skip_dag to 2024-06-21 00:00:00+00:00
[2024-06-23 23:48:32,910] {scheduler_job.py:190} INFO - Processing /home/airflow/.local/lib/python3.6/site-packages/airflow/example_dags/example_skip_dag.py took 0.042 seconds
[2024-06-23 23:49:03,618] {scheduler_job.py:182} INFO - Started process (PID=6029) to work on /home/airflow/.local/lib/python3.6/site-packages/airflow/example_dags/example_skip_dag.py
[2024-06-23 23:49:03,619] {scheduler_job.py:629} INFO - Processing file /home/airflow/.local/lib/python3.6/site-packages/airflow/example_dags/example_skip_dag.py for tasks to queue
[2024-06-23 23:49:03,619] {logging_mixin.py:104} INFO - [2024-06-23 23:49:03,619] {dagbag.py:451} INFO - Filling up the DagBag from /home/airflow/.local/lib/python3.6/site-packages/airflow/example_dags/example_skip_dag.py
[2024-06-23 23:49:03,625] {scheduler_job.py:639} INFO - DAG(s) dict_keys(['example_skip_dag']) retrieved from /home/airflow/.local/lib/python3.6/site-packages/airflow/example_dags/example_skip_dag.py
[2024-06-23 23:49:03,639] {logging_mixin.py:104} INFO - [2024-06-23 23:49:03,639] {dag.py:1824} INFO - Sync 1 DAGs
[2024-06-23 23:49:03,648] {logging_mixin.py:104} INFO - [2024-06-23 23:49:03,647] {dag.py:2280} INFO - Setting next_dagrun for example_skip_dag to 2024-06-21 00:00:00+00:00
[2024-06-23 23:49:03,654] {scheduler_job.py:190} INFO - Processing /home/airflow/.local/lib/python3.6/site-packages/airflow/example_dags/example_skip_dag.py took 0.038 seconds
[2024-06-23 23:49:34,400] {scheduler_job.py:182} INFO - Started process (PID=6055) to work on /home/airflow/.local/lib/python3.6/site-packages/airflow/example_dags/example_skip_dag.py
[2024-06-23 23:49:34,400] {scheduler_job.py:629} INFO - Processing file /home/airflow/.local/lib/python3.6/site-packages/airflow/example_dags/example_skip_dag.py for tasks to queue
[2024-06-23 23:49:34,401] {logging_mixin.py:104} INFO - [2024-06-23 23:49:34,401] {dagbag.py:451} INFO - Filling up the DagBag from /home/airflow/.local/lib/python3.6/site-packages/airflow/example_dags/example_skip_dag.py
[2024-06-23 23:49:34,407] {scheduler_job.py:639} INFO - DAG(s) dict_keys(['example_skip_dag']) retrieved from /home/airflow/.local/lib/python3.6/site-packages/airflow/example_dags/example_skip_dag.py
[2024-06-23 23:49:34,419] {logging_mixin.py:104} INFO - [2024-06-23 23:49:34,419] {dag.py:1824} INFO - Sync 1 DAGs
[2024-06-23 23:49:34,428] {logging_mixin.py:104} INFO - [2024-06-23 23:49:34,428] {dag.py:2280} INFO - Setting next_dagrun for example_skip_dag to 2024-06-21 00:00:00+00:00
[2024-06-23 23:49:34,435] {scheduler_job.py:190} INFO - Processing /home/airflow/.local/lib/python3.6/site-packages/airflow/example_dags/example_skip_dag.py took 0.037 seconds
[2024-06-23 23:50:05,204] {scheduler_job.py:182} INFO - Started process (PID=6081) to work on /home/airflow/.local/lib/python3.6/site-packages/airflow/example_dags/example_skip_dag.py
[2024-06-23 23:50:05,205] {scheduler_job.py:629} INFO - Processing file /home/airflow/.local/lib/python3.6/site-packages/airflow/example_dags/example_skip_dag.py for tasks to queue
[2024-06-23 23:50:05,205] {logging_mixin.py:104} INFO - [2024-06-23 23:50:05,205] {dagbag.py:451} INFO - Filling up the DagBag from /home/airflow/.local/lib/python3.6/site-packages/airflow/example_dags/example_skip_dag.py
[2024-06-23 23:50:05,211] {scheduler_job.py:639} INFO - DAG(s) dict_keys(['example_skip_dag']) retrieved from /home/airflow/.local/lib/python3.6/site-packages/airflow/example_dags/example_skip_dag.py
[2024-06-23 23:50:05,224] {logging_mixin.py:104} INFO - [2024-06-23 23:50:05,223] {dag.py:1824} INFO - Sync 1 DAGs
[2024-06-23 23:50:05,232] {logging_mixin.py:104} INFO - [2024-06-23 23:50:05,232] {dag.py:2280} INFO - Setting next_dagrun for example_skip_dag to 2024-06-21 00:00:00+00:00
[2024-06-23 23:50:05,240] {scheduler_job.py:190} INFO - Processing /home/airflow/.local/lib/python3.6/site-packages/airflow/example_dags/example_skip_dag.py took 0.037 seconds
[2024-06-23 23:50:36,005] {scheduler_job.py:182} INFO - Started process (PID=6107) to work on /home/airflow/.local/lib/python3.6/site-packages/airflow/example_dags/example_skip_dag.py
[2024-06-23 23:50:36,006] {scheduler_job.py:629} INFO - Processing file /home/airflow/.local/lib/python3.6/site-packages/airflow/example_dags/example_skip_dag.py for tasks to queue
[2024-06-23 23:50:36,007] {logging_mixin.py:104} INFO - [2024-06-23 23:50:36,007] {dagbag.py:451} INFO - Filling up the DagBag from /home/airflow/.local/lib/python3.6/site-packages/airflow/example_dags/example_skip_dag.py
[2024-06-23 23:50:36,013] {scheduler_job.py:639} INFO - DAG(s) dict_keys(['example_skip_dag']) retrieved from /home/airflow/.local/lib/python3.6/site-packages/airflow/example_dags/example_skip_dag.py
[2024-06-23 23:50:36,027] {logging_mixin.py:104} INFO - [2024-06-23 23:50:36,027] {dag.py:1824} INFO - Sync 1 DAGs
[2024-06-23 23:50:36,036] {logging_mixin.py:104} INFO - [2024-06-23 23:50:36,036] {dag.py:2280} INFO - Setting next_dagrun for example_skip_dag to 2024-06-21 00:00:00+00:00
[2024-06-23 23:50:36,044] {scheduler_job.py:190} INFO - Processing /home/airflow/.local/lib/python3.6/site-packages/airflow/example_dags/example_skip_dag.py took 0.041 seconds
[2024-06-23 23:51:06,801] {scheduler_job.py:182} INFO - Started process (PID=6133) to work on /home/airflow/.local/lib/python3.6/site-packages/airflow/example_dags/example_skip_dag.py
[2024-06-23 23:51:06,802] {scheduler_job.py:629} INFO - Processing file /home/airflow/.local/lib/python3.6/site-packages/airflow/example_dags/example_skip_dag.py for tasks to queue
[2024-06-23 23:51:06,802] {logging_mixin.py:104} INFO - [2024-06-23 23:51:06,802] {dagbag.py:451} INFO - Filling up the DagBag from /home/airflow/.local/lib/python3.6/site-packages/airflow/example_dags/example_skip_dag.py
[2024-06-23 23:51:06,809] {scheduler_job.py:639} INFO - DAG(s) dict_keys(['example_skip_dag']) retrieved from /home/airflow/.local/lib/python3.6/site-packages/airflow/example_dags/example_skip_dag.py
[2024-06-23 23:51:06,821] {logging_mixin.py:104} INFO - [2024-06-23 23:51:06,821] {dag.py:1824} INFO - Sync 1 DAGs
[2024-06-23 23:51:06,830] {logging_mixin.py:104} INFO - [2024-06-23 23:51:06,830] {dag.py:2280} INFO - Setting next_dagrun for example_skip_dag to 2024-06-21 00:00:00+00:00
[2024-06-23 23:51:06,837] {scheduler_job.py:190} INFO - Processing /home/airflow/.local/lib/python3.6/site-packages/airflow/example_dags/example_skip_dag.py took 0.038 seconds
[2024-06-23 23:51:37,582] {scheduler_job.py:182} INFO - Started process (PID=6159) to work on /home/airflow/.local/lib/python3.6/site-packages/airflow/example_dags/example_skip_dag.py
[2024-06-23 23:51:37,582] {scheduler_job.py:629} INFO - Processing file /home/airflow/.local/lib/python3.6/site-packages/airflow/example_dags/example_skip_dag.py for tasks to queue
[2024-06-23 23:51:37,583] {logging_mixin.py:104} INFO - [2024-06-23 23:51:37,583] {dagbag.py:451} INFO - Filling up the DagBag from /home/airflow/.local/lib/python3.6/site-packages/airflow/example_dags/example_skip_dag.py
[2024-06-23 23:51:37,589] {scheduler_job.py:639} INFO - DAG(s) dict_keys(['example_skip_dag']) retrieved from /home/airflow/.local/lib/python3.6/site-packages/airflow/example_dags/example_skip_dag.py
[2024-06-23 23:51:37,604] {logging_mixin.py:104} INFO - [2024-06-23 23:51:37,604] {dag.py:1824} INFO - Sync 1 DAGs
[2024-06-23 23:51:37,612] {logging_mixin.py:104} INFO - [2024-06-23 23:51:37,612] {dag.py:2280} INFO - Setting next_dagrun for example_skip_dag to 2024-06-21 00:00:00+00:00
[2024-06-23 23:51:37,619] {scheduler_job.py:190} INFO - Processing /home/airflow/.local/lib/python3.6/site-packages/airflow/example_dags/example_skip_dag.py took 0.039 seconds
[2024-06-23 23:52:08,391] {scheduler_job.py:182} INFO - Started process (PID=6185) to work on /home/airflow/.local/lib/python3.6/site-packages/airflow/example_dags/example_skip_dag.py
[2024-06-23 23:52:08,392] {scheduler_job.py:629} INFO - Processing file /home/airflow/.local/lib/python3.6/site-packages/airflow/example_dags/example_skip_dag.py for tasks to queue
[2024-06-23 23:52:08,393] {logging_mixin.py:104} INFO - [2024-06-23 23:52:08,393] {dagbag.py:451} INFO - Filling up the DagBag from /home/airflow/.local/lib/python3.6/site-packages/airflow/example_dags/example_skip_dag.py
[2024-06-23 23:52:08,399] {scheduler_job.py:639} INFO - DAG(s) dict_keys(['example_skip_dag']) retrieved from /home/airflow/.local/lib/python3.6/site-packages/airflow/example_dags/example_skip_dag.py
[2024-06-23 23:52:08,411] {logging_mixin.py:104} INFO - [2024-06-23 23:52:08,411] {dag.py:1824} INFO - Sync 1 DAGs
[2024-06-23 23:52:08,420] {logging_mixin.py:104} INFO - [2024-06-23 23:52:08,420] {dag.py:2280} INFO - Setting next_dagrun for example_skip_dag to 2024-06-21 00:00:00+00:00
[2024-06-23 23:52:08,426] {scheduler_job.py:190} INFO - Processing /home/airflow/.local/lib/python3.6/site-packages/airflow/example_dags/example_skip_dag.py took 0.037 seconds
[2024-06-23 23:52:39,183] {scheduler_job.py:182} INFO - Started process (PID=6211) to work on /home/airflow/.local/lib/python3.6/site-packages/airflow/example_dags/example_skip_dag.py
[2024-06-23 23:52:39,184] {scheduler_job.py:629} INFO - Processing file /home/airflow/.local/lib/python3.6/site-packages/airflow/example_dags/example_skip_dag.py for tasks to queue
[2024-06-23 23:52:39,185] {logging_mixin.py:104} INFO - [2024-06-23 23:52:39,184] {dagbag.py:451} INFO - Filling up the DagBag from /home/airflow/.local/lib/python3.6/site-packages/airflow/example_dags/example_skip_dag.py
[2024-06-23 23:52:39,190] {scheduler_job.py:639} INFO - DAG(s) dict_keys(['example_skip_dag']) retrieved from /home/airflow/.local/lib/python3.6/site-packages/airflow/example_dags/example_skip_dag.py
[2024-06-23 23:52:39,204] {logging_mixin.py:104} INFO - [2024-06-23 23:52:39,204] {dag.py:1824} INFO - Sync 1 DAGs
[2024-06-23 23:52:39,213] {logging_mixin.py:104} INFO - [2024-06-23 23:52:39,213] {dag.py:2280} INFO - Setting next_dagrun for example_skip_dag to 2024-06-21 00:00:00+00:00
[2024-06-23 23:52:39,221] {scheduler_job.py:190} INFO - Processing /home/airflow/.local/lib/python3.6/site-packages/airflow/example_dags/example_skip_dag.py took 0.039 seconds
[2024-06-23 23:53:09,974] {scheduler_job.py:182} INFO - Started process (PID=6237) to work on /home/airflow/.local/lib/python3.6/site-packages/airflow/example_dags/example_skip_dag.py
[2024-06-23 23:53:09,975] {scheduler_job.py:629} INFO - Processing file /home/airflow/.local/lib/python3.6/site-packages/airflow/example_dags/example_skip_dag.py for tasks to queue
[2024-06-23 23:53:09,976] {logging_mixin.py:104} INFO - [2024-06-23 23:53:09,976] {dagbag.py:451} INFO - Filling up the DagBag from /home/airflow/.local/lib/python3.6/site-packages/airflow/example_dags/example_skip_dag.py
[2024-06-23 23:53:09,982] {scheduler_job.py:639} INFO - DAG(s) dict_keys(['example_skip_dag']) retrieved from /home/airflow/.local/lib/python3.6/site-packages/airflow/example_dags/example_skip_dag.py
[2024-06-23 23:53:09,994] {logging_mixin.py:104} INFO - [2024-06-23 23:53:09,994] {dag.py:1824} INFO - Sync 1 DAGs
[2024-06-23 23:53:10,003] {logging_mixin.py:104} INFO - [2024-06-23 23:53:10,003] {dag.py:2280} INFO - Setting next_dagrun for example_skip_dag to 2024-06-21 00:00:00+00:00
[2024-06-23 23:53:10,010] {scheduler_job.py:190} INFO - Processing /home/airflow/.local/lib/python3.6/site-packages/airflow/example_dags/example_skip_dag.py took 0.038 seconds
[2024-06-23 23:53:40,777] {scheduler_job.py:182} INFO - Started process (PID=6263) to work on /home/airflow/.local/lib/python3.6/site-packages/airflow/example_dags/example_skip_dag.py
[2024-06-23 23:53:40,778] {scheduler_job.py:629} INFO - Processing file /home/airflow/.local/lib/python3.6/site-packages/airflow/example_dags/example_skip_dag.py for tasks to queue
[2024-06-23 23:53:40,778] {logging_mixin.py:104} INFO - [2024-06-23 23:53:40,778] {dagbag.py:451} INFO - Filling up the DagBag from /home/airflow/.local/lib/python3.6/site-packages/airflow/example_dags/example_skip_dag.py
[2024-06-23 23:53:40,784] {scheduler_job.py:639} INFO - DAG(s) dict_keys(['example_skip_dag']) retrieved from /home/airflow/.local/lib/python3.6/site-packages/airflow/example_dags/example_skip_dag.py
[2024-06-23 23:53:40,798] {logging_mixin.py:104} INFO - [2024-06-23 23:53:40,797] {dag.py:1824} INFO - Sync 1 DAGs
[2024-06-23 23:53:40,807] {logging_mixin.py:104} INFO - [2024-06-23 23:53:40,807] {dag.py:2280} INFO - Setting next_dagrun for example_skip_dag to 2024-06-21 00:00:00+00:00
[2024-06-23 23:53:40,814] {scheduler_job.py:190} INFO - Processing /home/airflow/.local/lib/python3.6/site-packages/airflow/example_dags/example_skip_dag.py took 0.039 seconds
[2024-06-23 23:54:11,555] {scheduler_job.py:182} INFO - Started process (PID=6289) to work on /home/airflow/.local/lib/python3.6/site-packages/airflow/example_dags/example_skip_dag.py
[2024-06-23 23:54:11,556] {scheduler_job.py:629} INFO - Processing file /home/airflow/.local/lib/python3.6/site-packages/airflow/example_dags/example_skip_dag.py for tasks to queue
[2024-06-23 23:54:11,557] {logging_mixin.py:104} INFO - [2024-06-23 23:54:11,557] {dagbag.py:451} INFO - Filling up the DagBag from /home/airflow/.local/lib/python3.6/site-packages/airflow/example_dags/example_skip_dag.py
[2024-06-23 23:54:11,563] {scheduler_job.py:639} INFO - DAG(s) dict_keys(['example_skip_dag']) retrieved from /home/airflow/.local/lib/python3.6/site-packages/airflow/example_dags/example_skip_dag.py
[2024-06-23 23:54:11,576] {logging_mixin.py:104} INFO - [2024-06-23 23:54:11,576] {dag.py:1824} INFO - Sync 1 DAGs
[2024-06-23 23:54:11,585] {logging_mixin.py:104} INFO - [2024-06-23 23:54:11,585] {dag.py:2280} INFO - Setting next_dagrun for example_skip_dag to 2024-06-21 00:00:00+00:00
[2024-06-23 23:54:11,592] {scheduler_job.py:190} INFO - Processing /home/airflow/.local/lib/python3.6/site-packages/airflow/example_dags/example_skip_dag.py took 0.038 seconds
[2024-06-23 23:54:42,383] {scheduler_job.py:182} INFO - Started process (PID=6315) to work on /home/airflow/.local/lib/python3.6/site-packages/airflow/example_dags/example_skip_dag.py
[2024-06-23 23:54:42,384] {scheduler_job.py:629} INFO - Processing file /home/airflow/.local/lib/python3.6/site-packages/airflow/example_dags/example_skip_dag.py for tasks to queue
[2024-06-23 23:54:42,384] {logging_mixin.py:104} INFO - [2024-06-23 23:54:42,384] {dagbag.py:451} INFO - Filling up the DagBag from /home/airflow/.local/lib/python3.6/site-packages/airflow/example_dags/example_skip_dag.py
[2024-06-23 23:54:42,391] {scheduler_job.py:639} INFO - DAG(s) dict_keys(['example_skip_dag']) retrieved from /home/airflow/.local/lib/python3.6/site-packages/airflow/example_dags/example_skip_dag.py
[2024-06-23 23:54:42,404] {logging_mixin.py:104} INFO - [2024-06-23 23:54:42,404] {dag.py:1824} INFO - Sync 1 DAGs
[2024-06-23 23:54:42,412] {logging_mixin.py:104} INFO - [2024-06-23 23:54:42,412] {dag.py:2280} INFO - Setting next_dagrun for example_skip_dag to 2024-06-21 00:00:00+00:00
[2024-06-23 23:54:42,419] {scheduler_job.py:190} INFO - Processing /home/airflow/.local/lib/python3.6/site-packages/airflow/example_dags/example_skip_dag.py took 0.037 seconds
[2024-06-23 23:55:13,199] {scheduler_job.py:182} INFO - Started process (PID=6341) to work on /home/airflow/.local/lib/python3.6/site-packages/airflow/example_dags/example_skip_dag.py
[2024-06-23 23:55:13,200] {scheduler_job.py:629} INFO - Processing file /home/airflow/.local/lib/python3.6/site-packages/airflow/example_dags/example_skip_dag.py for tasks to queue
[2024-06-23 23:55:13,200] {logging_mixin.py:104} INFO - [2024-06-23 23:55:13,200] {dagbag.py:451} INFO - Filling up the DagBag from /home/airflow/.local/lib/python3.6/site-packages/airflow/example_dags/example_skip_dag.py
[2024-06-23 23:55:13,207] {scheduler_job.py:639} INFO - DAG(s) dict_keys(['example_skip_dag']) retrieved from /home/airflow/.local/lib/python3.6/site-packages/airflow/example_dags/example_skip_dag.py
[2024-06-23 23:55:13,221] {logging_mixin.py:104} INFO - [2024-06-23 23:55:13,221] {dag.py:1824} INFO - Sync 1 DAGs
[2024-06-23 23:55:13,232] {logging_mixin.py:104} INFO - [2024-06-23 23:55:13,232] {dag.py:2280} INFO - Setting next_dagrun for example_skip_dag to 2024-06-21 00:00:00+00:00
[2024-06-23 23:55:13,240] {scheduler_job.py:190} INFO - Processing /home/airflow/.local/lib/python3.6/site-packages/airflow/example_dags/example_skip_dag.py took 0.043 seconds
[2024-06-23 23:55:44,039] {scheduler_job.py:182} INFO - Started process (PID=6367) to work on /home/airflow/.local/lib/python3.6/site-packages/airflow/example_dags/example_skip_dag.py
[2024-06-23 23:55:44,040] {scheduler_job.py:629} INFO - Processing file /home/airflow/.local/lib/python3.6/site-packages/airflow/example_dags/example_skip_dag.py for tasks to queue
[2024-06-23 23:55:44,040] {logging_mixin.py:104} INFO - [2024-06-23 23:55:44,040] {dagbag.py:451} INFO - Filling up the DagBag from /home/airflow/.local/lib/python3.6/site-packages/airflow/example_dags/example_skip_dag.py
[2024-06-23 23:55:44,047] {scheduler_job.py:639} INFO - DAG(s) dict_keys(['example_skip_dag']) retrieved from /home/airflow/.local/lib/python3.6/site-packages/airflow/example_dags/example_skip_dag.py
[2024-06-23 23:55:44,060] {logging_mixin.py:104} INFO - [2024-06-23 23:55:44,060] {dag.py:1824} INFO - Sync 1 DAGs
[2024-06-23 23:55:44,069] {logging_mixin.py:104} INFO - [2024-06-23 23:55:44,069] {dag.py:2280} INFO - Setting next_dagrun for example_skip_dag to 2024-06-21 00:00:00+00:00
[2024-06-23 23:55:44,076] {scheduler_job.py:190} INFO - Processing /home/airflow/.local/lib/python3.6/site-packages/airflow/example_dags/example_skip_dag.py took 0.039 seconds
[2024-06-23 23:56:14,855] {scheduler_job.py:182} INFO - Started process (PID=6393) to work on /home/airflow/.local/lib/python3.6/site-packages/airflow/example_dags/example_skip_dag.py
[2024-06-23 23:56:14,855] {scheduler_job.py:629} INFO - Processing file /home/airflow/.local/lib/python3.6/site-packages/airflow/example_dags/example_skip_dag.py for tasks to queue
[2024-06-23 23:56:14,856] {logging_mixin.py:104} INFO - [2024-06-23 23:56:14,856] {dagbag.py:451} INFO - Filling up the DagBag from /home/airflow/.local/lib/python3.6/site-packages/airflow/example_dags/example_skip_dag.py
[2024-06-23 23:56:14,863] {scheduler_job.py:639} INFO - DAG(s) dict_keys(['example_skip_dag']) retrieved from /home/airflow/.local/lib/python3.6/site-packages/airflow/example_dags/example_skip_dag.py
[2024-06-23 23:56:14,878] {logging_mixin.py:104} INFO - [2024-06-23 23:56:14,877] {dag.py:1824} INFO - Sync 1 DAGs
[2024-06-23 23:56:14,887] {logging_mixin.py:104} INFO - [2024-06-23 23:56:14,887] {dag.py:2280} INFO - Setting next_dagrun for example_skip_dag to 2024-06-21 00:00:00+00:00
[2024-06-23 23:56:14,893] {scheduler_job.py:190} INFO - Processing /home/airflow/.local/lib/python3.6/site-packages/airflow/example_dags/example_skip_dag.py took 0.041 seconds
[2024-06-23 23:56:45,657] {scheduler_job.py:182} INFO - Started process (PID=6419) to work on /home/airflow/.local/lib/python3.6/site-packages/airflow/example_dags/example_skip_dag.py
[2024-06-23 23:56:45,658] {scheduler_job.py:629} INFO - Processing file /home/airflow/.local/lib/python3.6/site-packages/airflow/example_dags/example_skip_dag.py for tasks to queue
[2024-06-23 23:56:45,658] {logging_mixin.py:104} INFO - [2024-06-23 23:56:45,658] {dagbag.py:451} INFO - Filling up the DagBag from /home/airflow/.local/lib/python3.6/site-packages/airflow/example_dags/example_skip_dag.py
[2024-06-23 23:56:45,665] {scheduler_job.py:639} INFO - DAG(s) dict_keys(['example_skip_dag']) retrieved from /home/airflow/.local/lib/python3.6/site-packages/airflow/example_dags/example_skip_dag.py
[2024-06-23 23:56:45,677] {logging_mixin.py:104} INFO - [2024-06-23 23:56:45,677] {dag.py:1824} INFO - Sync 1 DAGs
[2024-06-23 23:56:45,685] {logging_mixin.py:104} INFO - [2024-06-23 23:56:45,685] {dag.py:2280} INFO - Setting next_dagrun for example_skip_dag to 2024-06-21 00:00:00+00:00
[2024-06-23 23:56:45,692] {scheduler_job.py:190} INFO - Processing /home/airflow/.local/lib/python3.6/site-packages/airflow/example_dags/example_skip_dag.py took 0.037 seconds
[2024-06-23 23:57:16,461] {scheduler_job.py:182} INFO - Started process (PID=6445) to work on /home/airflow/.local/lib/python3.6/site-packages/airflow/example_dags/example_skip_dag.py
[2024-06-23 23:57:16,462] {scheduler_job.py:629} INFO - Processing file /home/airflow/.local/lib/python3.6/site-packages/airflow/example_dags/example_skip_dag.py for tasks to queue
[2024-06-23 23:57:16,462] {logging_mixin.py:104} INFO - [2024-06-23 23:57:16,462] {dagbag.py:451} INFO - Filling up the DagBag from /home/airflow/.local/lib/python3.6/site-packages/airflow/example_dags/example_skip_dag.py
[2024-06-23 23:57:16,469] {scheduler_job.py:639} INFO - DAG(s) dict_keys(['example_skip_dag']) retrieved from /home/airflow/.local/lib/python3.6/site-packages/airflow/example_dags/example_skip_dag.py
[2024-06-23 23:57:16,482] {logging_mixin.py:104} INFO - [2024-06-23 23:57:16,482] {dag.py:1824} INFO - Sync 1 DAGs
[2024-06-23 23:57:16,491] {logging_mixin.py:104} INFO - [2024-06-23 23:57:16,491] {dag.py:2280} INFO - Setting next_dagrun for example_skip_dag to 2024-06-21 00:00:00+00:00
[2024-06-23 23:57:16,498] {scheduler_job.py:190} INFO - Processing /home/airflow/.local/lib/python3.6/site-packages/airflow/example_dags/example_skip_dag.py took 0.038 seconds
[2024-06-23 23:57:47,259] {scheduler_job.py:182} INFO - Started process (PID=6471) to work on /home/airflow/.local/lib/python3.6/site-packages/airflow/example_dags/example_skip_dag.py
[2024-06-23 23:57:47,261] {scheduler_job.py:629} INFO - Processing file /home/airflow/.local/lib/python3.6/site-packages/airflow/example_dags/example_skip_dag.py for tasks to queue
[2024-06-23 23:57:47,261] {logging_mixin.py:104} INFO - [2024-06-23 23:57:47,261] {dagbag.py:451} INFO - Filling up the DagBag from /home/airflow/.local/lib/python3.6/site-packages/airflow/example_dags/example_skip_dag.py
[2024-06-23 23:57:47,267] {scheduler_job.py:639} INFO - DAG(s) dict_keys(['example_skip_dag']) retrieved from /home/airflow/.local/lib/python3.6/site-packages/airflow/example_dags/example_skip_dag.py
[2024-06-23 23:57:47,281] {logging_mixin.py:104} INFO - [2024-06-23 23:57:47,281] {dag.py:1824} INFO - Sync 1 DAGs
[2024-06-23 23:57:47,291] {logging_mixin.py:104} INFO - [2024-06-23 23:57:47,290] {dag.py:2280} INFO - Setting next_dagrun for example_skip_dag to 2024-06-21 00:00:00+00:00
[2024-06-23 23:57:47,298] {scheduler_job.py:190} INFO - Processing /home/airflow/.local/lib/python3.6/site-packages/airflow/example_dags/example_skip_dag.py took 0.040 seconds
[2024-06-23 23:58:18,141] {scheduler_job.py:182} INFO - Started process (PID=6497) to work on /home/airflow/.local/lib/python3.6/site-packages/airflow/example_dags/example_skip_dag.py
[2024-06-23 23:58:18,142] {scheduler_job.py:629} INFO - Processing file /home/airflow/.local/lib/python3.6/site-packages/airflow/example_dags/example_skip_dag.py for tasks to queue
[2024-06-23 23:58:18,143] {logging_mixin.py:104} INFO - [2024-06-23 23:58:18,143] {dagbag.py:451} INFO - Filling up the DagBag from /home/airflow/.local/lib/python3.6/site-packages/airflow/example_dags/example_skip_dag.py
[2024-06-23 23:58:18,149] {scheduler_job.py:639} INFO - DAG(s) dict_keys(['example_skip_dag']) retrieved from /home/airflow/.local/lib/python3.6/site-packages/airflow/example_dags/example_skip_dag.py
[2024-06-23 23:58:18,163] {logging_mixin.py:104} INFO - [2024-06-23 23:58:18,163] {dag.py:1824} INFO - Sync 1 DAGs
[2024-06-23 23:58:18,173] {logging_mixin.py:104} INFO - [2024-06-23 23:58:18,173] {dag.py:2280} INFO - Setting next_dagrun for example_skip_dag to 2024-06-21 00:00:00+00:00
[2024-06-23 23:58:18,180] {scheduler_job.py:190} INFO - Processing /home/airflow/.local/lib/python3.6/site-packages/airflow/example_dags/example_skip_dag.py took 0.041 seconds
[2024-06-23 23:58:49,075] {scheduler_job.py:182} INFO - Started process (PID=6523) to work on /home/airflow/.local/lib/python3.6/site-packages/airflow/example_dags/example_skip_dag.py
[2024-06-23 23:58:49,076] {scheduler_job.py:629} INFO - Processing file /home/airflow/.local/lib/python3.6/site-packages/airflow/example_dags/example_skip_dag.py for tasks to queue
[2024-06-23 23:58:49,076] {logging_mixin.py:104} INFO - [2024-06-23 23:58:49,076] {dagbag.py:451} INFO - Filling up the DagBag from /home/airflow/.local/lib/python3.6/site-packages/airflow/example_dags/example_skip_dag.py
[2024-06-23 23:58:49,082] {scheduler_job.py:639} INFO - DAG(s) dict_keys(['example_skip_dag']) retrieved from /home/airflow/.local/lib/python3.6/site-packages/airflow/example_dags/example_skip_dag.py
[2024-06-23 23:58:49,095] {logging_mixin.py:104} INFO - [2024-06-23 23:58:49,095] {dag.py:1824} INFO - Sync 1 DAGs
[2024-06-23 23:58:49,104] {logging_mixin.py:104} INFO - [2024-06-23 23:58:49,104] {dag.py:2280} INFO - Setting next_dagrun for example_skip_dag to 2024-06-21 00:00:00+00:00
[2024-06-23 23:58:49,111] {scheduler_job.py:190} INFO - Processing /home/airflow/.local/lib/python3.6/site-packages/airflow/example_dags/example_skip_dag.py took 0.037 seconds
[2024-06-23 23:59:19,905] {scheduler_job.py:182} INFO - Started process (PID=6549) to work on /home/airflow/.local/lib/python3.6/site-packages/airflow/example_dags/example_skip_dag.py
[2024-06-23 23:59:19,906] {scheduler_job.py:629} INFO - Processing file /home/airflow/.local/lib/python3.6/site-packages/airflow/example_dags/example_skip_dag.py for tasks to queue
[2024-06-23 23:59:19,906] {logging_mixin.py:104} INFO - [2024-06-23 23:59:19,906] {dagbag.py:451} INFO - Filling up the DagBag from /home/airflow/.local/lib/python3.6/site-packages/airflow/example_dags/example_skip_dag.py
[2024-06-23 23:59:19,912] {scheduler_job.py:639} INFO - DAG(s) dict_keys(['example_skip_dag']) retrieved from /home/airflow/.local/lib/python3.6/site-packages/airflow/example_dags/example_skip_dag.py
[2024-06-23 23:59:19,924] {logging_mixin.py:104} INFO - [2024-06-23 23:59:19,924] {dag.py:1824} INFO - Sync 1 DAGs
[2024-06-23 23:59:19,933] {logging_mixin.py:104} INFO - [2024-06-23 23:59:19,933] {dag.py:2280} INFO - Setting next_dagrun for example_skip_dag to 2024-06-21 00:00:00+00:00
[2024-06-23 23:59:19,940] {scheduler_job.py:190} INFO - Processing /home/airflow/.local/lib/python3.6/site-packages/airflow/example_dags/example_skip_dag.py took 0.036 seconds
[2024-06-23 23:59:50,711] {scheduler_job.py:182} INFO - Started process (PID=6575) to work on /home/airflow/.local/lib/python3.6/site-packages/airflow/example_dags/example_skip_dag.py
[2024-06-23 23:59:50,712] {scheduler_job.py:629} INFO - Processing file /home/airflow/.local/lib/python3.6/site-packages/airflow/example_dags/example_skip_dag.py for tasks to queue
[2024-06-23 23:59:50,713] {logging_mixin.py:104} INFO - [2024-06-23 23:59:50,713] {dagbag.py:451} INFO - Filling up the DagBag from /home/airflow/.local/lib/python3.6/site-packages/airflow/example_dags/example_skip_dag.py
[2024-06-23 23:59:50,719] {scheduler_job.py:639} INFO - DAG(s) dict_keys(['example_skip_dag']) retrieved from /home/airflow/.local/lib/python3.6/site-packages/airflow/example_dags/example_skip_dag.py
[2024-06-23 23:59:50,732] {logging_mixin.py:104} INFO - [2024-06-23 23:59:50,732] {dag.py:1824} INFO - Sync 1 DAGs
[2024-06-23 23:59:50,741] {logging_mixin.py:104} INFO - [2024-06-23 23:59:50,741] {dag.py:2280} INFO - Setting next_dagrun for example_skip_dag to 2024-06-21 00:00:00+00:00
[2024-06-23 23:59:50,748] {scheduler_job.py:190} INFO - Processing /home/airflow/.local/lib/python3.6/site-packages/airflow/example_dags/example_skip_dag.py took 0.039 seconds
