[2024-06-23 23:41:54,146] {scheduler_job.py:182} INFO - Started process (PID=5670) to work on /home/airflow/.local/lib/python3.6/site-packages/airflow/example_dags/example_latest_only.py
[2024-06-23 23:41:54,152] {scheduler_job.py:629} INFO - Processing file /home/airflow/.local/lib/python3.6/site-packages/airflow/example_dags/example_latest_only.py for tasks to queue
[2024-06-23 23:41:54,158] {logging_mixin.py:104} INFO - [2024-06-23 23:41:54,158] {dagbag.py:451} INFO - Filling up the DagBag from /home/airflow/.local/lib/python3.6/site-packages/airflow/example_dags/example_latest_only.py
[2024-06-23 23:41:54,183] {scheduler_job.py:639} INFO - DAG(s) dict_keys(['latest_only']) retrieved from /home/airflow/.local/lib/python3.6/site-packages/airflow/example_dags/example_latest_only.py
[2024-06-23 23:41:54,231] {logging_mixin.py:104} INFO - [2024-06-23 23:41:54,230] {dag.py:1824} INFO - Sync 1 DAGs
[2024-06-23 23:41:54,313] {logging_mixin.py:104} INFO - [2024-06-23 23:41:54,313] {dag.py:2280} INFO - Setting next_dagrun for latest_only to 2024-06-21 00:00:00+00:00
[2024-06-23 23:41:54,383] {scheduler_job.py:190} INFO - Processing /home/airflow/.local/lib/python3.6/site-packages/airflow/example_dags/example_latest_only.py took 0.241 seconds
[2024-06-23 23:42:25,278] {scheduler_job.py:182} INFO - Started process (PID=5700) to work on /home/airflow/.local/lib/python3.6/site-packages/airflow/example_dags/example_latest_only.py
[2024-06-23 23:42:25,279] {scheduler_job.py:629} INFO - Processing file /home/airflow/.local/lib/python3.6/site-packages/airflow/example_dags/example_latest_only.py for tasks to queue
[2024-06-23 23:42:25,279] {logging_mixin.py:104} INFO - [2024-06-23 23:42:25,279] {dagbag.py:451} INFO - Filling up the DagBag from /home/airflow/.local/lib/python3.6/site-packages/airflow/example_dags/example_latest_only.py
[2024-06-23 23:42:25,285] {scheduler_job.py:639} INFO - DAG(s) dict_keys(['latest_only']) retrieved from /home/airflow/.local/lib/python3.6/site-packages/airflow/example_dags/example_latest_only.py
[2024-06-23 23:42:25,297] {logging_mixin.py:104} INFO - [2024-06-23 23:42:25,297] {dag.py:1824} INFO - Sync 1 DAGs
[2024-06-23 23:42:25,306] {logging_mixin.py:104} INFO - [2024-06-23 23:42:25,306] {dag.py:2280} INFO - Setting next_dagrun for latest_only to 2024-06-21 00:00:00+00:00
[2024-06-23 23:42:25,313] {scheduler_job.py:190} INFO - Processing /home/airflow/.local/lib/python3.6/site-packages/airflow/example_dags/example_latest_only.py took 0.038 seconds
[2024-06-23 23:42:56,394] {scheduler_job.py:182} INFO - Started process (PID=5729) to work on /home/airflow/.local/lib/python3.6/site-packages/airflow/example_dags/example_latest_only.py
[2024-06-23 23:42:56,395] {scheduler_job.py:629} INFO - Processing file /home/airflow/.local/lib/python3.6/site-packages/airflow/example_dags/example_latest_only.py for tasks to queue
[2024-06-23 23:42:56,396] {logging_mixin.py:104} INFO - [2024-06-23 23:42:56,396] {dagbag.py:451} INFO - Filling up the DagBag from /home/airflow/.local/lib/python3.6/site-packages/airflow/example_dags/example_latest_only.py
[2024-06-23 23:42:56,405] {scheduler_job.py:639} INFO - DAG(s) dict_keys(['latest_only']) retrieved from /home/airflow/.local/lib/python3.6/site-packages/airflow/example_dags/example_latest_only.py
[2024-06-23 23:42:56,421] {logging_mixin.py:104} INFO - [2024-06-23 23:42:56,421] {dag.py:1824} INFO - Sync 1 DAGs
[2024-06-23 23:42:56,432] {logging_mixin.py:104} INFO - [2024-06-23 23:42:56,432] {dag.py:2280} INFO - Setting next_dagrun for latest_only to 2024-06-21 00:00:00+00:00
[2024-06-23 23:42:56,440] {scheduler_job.py:190} INFO - Processing /home/airflow/.local/lib/python3.6/site-packages/airflow/example_dags/example_latest_only.py took 0.048 seconds
[2024-06-23 23:43:27,404] {scheduler_job.py:182} INFO - Started process (PID=5761) to work on /home/airflow/.local/lib/python3.6/site-packages/airflow/example_dags/example_latest_only.py
[2024-06-23 23:43:27,405] {scheduler_job.py:629} INFO - Processing file /home/airflow/.local/lib/python3.6/site-packages/airflow/example_dags/example_latest_only.py for tasks to queue
[2024-06-23 23:43:27,405] {logging_mixin.py:104} INFO - [2024-06-23 23:43:27,405] {dagbag.py:451} INFO - Filling up the DagBag from /home/airflow/.local/lib/python3.6/site-packages/airflow/example_dags/example_latest_only.py
[2024-06-23 23:43:27,412] {scheduler_job.py:639} INFO - DAG(s) dict_keys(['latest_only']) retrieved from /home/airflow/.local/lib/python3.6/site-packages/airflow/example_dags/example_latest_only.py
[2024-06-23 23:43:27,425] {logging_mixin.py:104} INFO - [2024-06-23 23:43:27,425] {dag.py:1824} INFO - Sync 1 DAGs
[2024-06-23 23:43:27,435] {logging_mixin.py:104} INFO - [2024-06-23 23:43:27,435] {dag.py:2280} INFO - Setting next_dagrun for latest_only to 2024-06-21 00:00:00+00:00
[2024-06-23 23:43:27,443] {scheduler_job.py:190} INFO - Processing /home/airflow/.local/lib/python3.6/site-packages/airflow/example_dags/example_latest_only.py took 0.041 seconds
[2024-06-23 23:43:58,191] {scheduler_job.py:182} INFO - Started process (PID=5787) to work on /home/airflow/.local/lib/python3.6/site-packages/airflow/example_dags/example_latest_only.py
[2024-06-23 23:43:58,191] {scheduler_job.py:629} INFO - Processing file /home/airflow/.local/lib/python3.6/site-packages/airflow/example_dags/example_latest_only.py for tasks to queue
[2024-06-23 23:43:58,192] {logging_mixin.py:104} INFO - [2024-06-23 23:43:58,192] {dagbag.py:451} INFO - Filling up the DagBag from /home/airflow/.local/lib/python3.6/site-packages/airflow/example_dags/example_latest_only.py
[2024-06-23 23:43:58,198] {scheduler_job.py:639} INFO - DAG(s) dict_keys(['latest_only']) retrieved from /home/airflow/.local/lib/python3.6/site-packages/airflow/example_dags/example_latest_only.py
[2024-06-23 23:43:58,210] {logging_mixin.py:104} INFO - [2024-06-23 23:43:58,209] {dag.py:1824} INFO - Sync 1 DAGs
[2024-06-23 23:43:58,217] {logging_mixin.py:104} INFO - [2024-06-23 23:43:58,217] {dag.py:2280} INFO - Setting next_dagrun for latest_only to 2024-06-21 00:00:00+00:00
[2024-06-23 23:43:58,224] {scheduler_job.py:190} INFO - Processing /home/airflow/.local/lib/python3.6/site-packages/airflow/example_dags/example_latest_only.py took 0.035 seconds
[2024-06-23 23:44:28,965] {scheduler_job.py:182} INFO - Started process (PID=5813) to work on /home/airflow/.local/lib/python3.6/site-packages/airflow/example_dags/example_latest_only.py
[2024-06-23 23:44:28,966] {scheduler_job.py:629} INFO - Processing file /home/airflow/.local/lib/python3.6/site-packages/airflow/example_dags/example_latest_only.py for tasks to queue
[2024-06-23 23:44:28,967] {logging_mixin.py:104} INFO - [2024-06-23 23:44:28,967] {dagbag.py:451} INFO - Filling up the DagBag from /home/airflow/.local/lib/python3.6/site-packages/airflow/example_dags/example_latest_only.py
[2024-06-23 23:44:28,973] {scheduler_job.py:639} INFO - DAG(s) dict_keys(['latest_only']) retrieved from /home/airflow/.local/lib/python3.6/site-packages/airflow/example_dags/example_latest_only.py
[2024-06-23 23:44:28,984] {logging_mixin.py:104} INFO - [2024-06-23 23:44:28,984] {dag.py:1824} INFO - Sync 1 DAGs
[2024-06-23 23:44:28,992] {logging_mixin.py:104} INFO - [2024-06-23 23:44:28,992] {dag.py:2280} INFO - Setting next_dagrun for latest_only to 2024-06-21 00:00:00+00:00
[2024-06-23 23:44:28,999] {scheduler_job.py:190} INFO - Processing /home/airflow/.local/lib/python3.6/site-packages/airflow/example_dags/example_latest_only.py took 0.035 seconds
[2024-06-23 23:44:59,751] {scheduler_job.py:182} INFO - Started process (PID=5839) to work on /home/airflow/.local/lib/python3.6/site-packages/airflow/example_dags/example_latest_only.py
[2024-06-23 23:44:59,752] {scheduler_job.py:629} INFO - Processing file /home/airflow/.local/lib/python3.6/site-packages/airflow/example_dags/example_latest_only.py for tasks to queue
[2024-06-23 23:44:59,753] {logging_mixin.py:104} INFO - [2024-06-23 23:44:59,752] {dagbag.py:451} INFO - Filling up the DagBag from /home/airflow/.local/lib/python3.6/site-packages/airflow/example_dags/example_latest_only.py
[2024-06-23 23:44:59,758] {scheduler_job.py:639} INFO - DAG(s) dict_keys(['latest_only']) retrieved from /home/airflow/.local/lib/python3.6/site-packages/airflow/example_dags/example_latest_only.py
[2024-06-23 23:44:59,770] {logging_mixin.py:104} INFO - [2024-06-23 23:44:59,770] {dag.py:1824} INFO - Sync 1 DAGs
[2024-06-23 23:44:59,778] {logging_mixin.py:104} INFO - [2024-06-23 23:44:59,778] {dag.py:2280} INFO - Setting next_dagrun for latest_only to 2024-06-21 00:00:00+00:00
[2024-06-23 23:44:59,784] {scheduler_job.py:190} INFO - Processing /home/airflow/.local/lib/python3.6/site-packages/airflow/example_dags/example_latest_only.py took 0.035 seconds
[2024-06-23 23:45:30,540] {scheduler_job.py:182} INFO - Started process (PID=5865) to work on /home/airflow/.local/lib/python3.6/site-packages/airflow/example_dags/example_latest_only.py
[2024-06-23 23:45:30,541] {scheduler_job.py:629} INFO - Processing file /home/airflow/.local/lib/python3.6/site-packages/airflow/example_dags/example_latest_only.py for tasks to queue
[2024-06-23 23:45:30,542] {logging_mixin.py:104} INFO - [2024-06-23 23:45:30,542] {dagbag.py:451} INFO - Filling up the DagBag from /home/airflow/.local/lib/python3.6/site-packages/airflow/example_dags/example_latest_only.py
[2024-06-23 23:45:30,547] {scheduler_job.py:639} INFO - DAG(s) dict_keys(['latest_only']) retrieved from /home/airflow/.local/lib/python3.6/site-packages/airflow/example_dags/example_latest_only.py
[2024-06-23 23:45:30,559] {logging_mixin.py:104} INFO - [2024-06-23 23:45:30,559] {dag.py:1824} INFO - Sync 1 DAGs
[2024-06-23 23:45:30,567] {logging_mixin.py:104} INFO - [2024-06-23 23:45:30,567] {dag.py:2280} INFO - Setting next_dagrun for latest_only to 2024-06-21 00:00:00+00:00
[2024-06-23 23:45:30,575] {scheduler_job.py:190} INFO - Processing /home/airflow/.local/lib/python3.6/site-packages/airflow/example_dags/example_latest_only.py took 0.036 seconds
[2024-06-23 23:46:01,366] {scheduler_job.py:182} INFO - Started process (PID=5891) to work on /home/airflow/.local/lib/python3.6/site-packages/airflow/example_dags/example_latest_only.py
[2024-06-23 23:46:01,367] {scheduler_job.py:629} INFO - Processing file /home/airflow/.local/lib/python3.6/site-packages/airflow/example_dags/example_latest_only.py for tasks to queue
[2024-06-23 23:46:01,367] {logging_mixin.py:104} INFO - [2024-06-23 23:46:01,367] {dagbag.py:451} INFO - Filling up the DagBag from /home/airflow/.local/lib/python3.6/site-packages/airflow/example_dags/example_latest_only.py
[2024-06-23 23:46:01,373] {scheduler_job.py:639} INFO - DAG(s) dict_keys(['latest_only']) retrieved from /home/airflow/.local/lib/python3.6/site-packages/airflow/example_dags/example_latest_only.py
[2024-06-23 23:46:01,385] {logging_mixin.py:104} INFO - [2024-06-23 23:46:01,385] {dag.py:1824} INFO - Sync 1 DAGs
[2024-06-23 23:46:01,393] {logging_mixin.py:104} INFO - [2024-06-23 23:46:01,393] {dag.py:2280} INFO - Setting next_dagrun for latest_only to 2024-06-21 00:00:00+00:00
[2024-06-23 23:46:01,400] {scheduler_job.py:190} INFO - Processing /home/airflow/.local/lib/python3.6/site-packages/airflow/example_dags/example_latest_only.py took 0.036 seconds
[2024-06-23 23:46:32,145] {scheduler_job.py:182} INFO - Started process (PID=5917) to work on /home/airflow/.local/lib/python3.6/site-packages/airflow/example_dags/example_latest_only.py
[2024-06-23 23:46:32,146] {scheduler_job.py:629} INFO - Processing file /home/airflow/.local/lib/python3.6/site-packages/airflow/example_dags/example_latest_only.py for tasks to queue
[2024-06-23 23:46:32,146] {logging_mixin.py:104} INFO - [2024-06-23 23:46:32,146] {dagbag.py:451} INFO - Filling up the DagBag from /home/airflow/.local/lib/python3.6/site-packages/airflow/example_dags/example_latest_only.py
[2024-06-23 23:46:32,152] {scheduler_job.py:639} INFO - DAG(s) dict_keys(['latest_only']) retrieved from /home/airflow/.local/lib/python3.6/site-packages/airflow/example_dags/example_latest_only.py
[2024-06-23 23:46:32,164] {logging_mixin.py:104} INFO - [2024-06-23 23:46:32,163] {dag.py:1824} INFO - Sync 1 DAGs
[2024-06-23 23:46:32,172] {logging_mixin.py:104} INFO - [2024-06-23 23:46:32,172] {dag.py:2280} INFO - Setting next_dagrun for latest_only to 2024-06-21 00:00:00+00:00
[2024-06-23 23:46:32,179] {scheduler_job.py:190} INFO - Processing /home/airflow/.local/lib/python3.6/site-packages/airflow/example_dags/example_latest_only.py took 0.036 seconds
[2024-06-23 23:47:02,958] {scheduler_job.py:182} INFO - Started process (PID=5943) to work on /home/airflow/.local/lib/python3.6/site-packages/airflow/example_dags/example_latest_only.py
[2024-06-23 23:47:02,959] {scheduler_job.py:629} INFO - Processing file /home/airflow/.local/lib/python3.6/site-packages/airflow/example_dags/example_latest_only.py for tasks to queue
[2024-06-23 23:47:02,959] {logging_mixin.py:104} INFO - [2024-06-23 23:47:02,959] {dagbag.py:451} INFO - Filling up the DagBag from /home/airflow/.local/lib/python3.6/site-packages/airflow/example_dags/example_latest_only.py
[2024-06-23 23:47:02,965] {scheduler_job.py:639} INFO - DAG(s) dict_keys(['latest_only']) retrieved from /home/airflow/.local/lib/python3.6/site-packages/airflow/example_dags/example_latest_only.py
[2024-06-23 23:47:02,978] {logging_mixin.py:104} INFO - [2024-06-23 23:47:02,978] {dag.py:1824} INFO - Sync 1 DAGs
[2024-06-23 23:47:02,987] {logging_mixin.py:104} INFO - [2024-06-23 23:47:02,987] {dag.py:2280} INFO - Setting next_dagrun for latest_only to 2024-06-21 00:00:00+00:00
[2024-06-23 23:47:02,994] {scheduler_job.py:190} INFO - Processing /home/airflow/.local/lib/python3.6/site-packages/airflow/example_dags/example_latest_only.py took 0.038 seconds
[2024-06-23 23:47:33,765] {scheduler_job.py:182} INFO - Started process (PID=5969) to work on /home/airflow/.local/lib/python3.6/site-packages/airflow/example_dags/example_latest_only.py
[2024-06-23 23:47:33,766] {scheduler_job.py:629} INFO - Processing file /home/airflow/.local/lib/python3.6/site-packages/airflow/example_dags/example_latest_only.py for tasks to queue
[2024-06-23 23:47:33,766] {logging_mixin.py:104} INFO - [2024-06-23 23:47:33,766] {dagbag.py:451} INFO - Filling up the DagBag from /home/airflow/.local/lib/python3.6/site-packages/airflow/example_dags/example_latest_only.py
[2024-06-23 23:47:33,772] {scheduler_job.py:639} INFO - DAG(s) dict_keys(['latest_only']) retrieved from /home/airflow/.local/lib/python3.6/site-packages/airflow/example_dags/example_latest_only.py
[2024-06-23 23:47:33,783] {logging_mixin.py:104} INFO - [2024-06-23 23:47:33,783] {dag.py:1824} INFO - Sync 1 DAGs
[2024-06-23 23:47:33,791] {logging_mixin.py:104} INFO - [2024-06-23 23:47:33,791] {dag.py:2280} INFO - Setting next_dagrun for latest_only to 2024-06-21 00:00:00+00:00
[2024-06-23 23:47:33,798] {scheduler_job.py:190} INFO - Processing /home/airflow/.local/lib/python3.6/site-packages/airflow/example_dags/example_latest_only.py took 0.035 seconds
[2024-06-23 23:48:04,588] {scheduler_job.py:182} INFO - Started process (PID=5995) to work on /home/airflow/.local/lib/python3.6/site-packages/airflow/example_dags/example_latest_only.py
[2024-06-23 23:48:04,589] {scheduler_job.py:629} INFO - Processing file /home/airflow/.local/lib/python3.6/site-packages/airflow/example_dags/example_latest_only.py for tasks to queue
[2024-06-23 23:48:04,589] {logging_mixin.py:104} INFO - [2024-06-23 23:48:04,589] {dagbag.py:451} INFO - Filling up the DagBag from /home/airflow/.local/lib/python3.6/site-packages/airflow/example_dags/example_latest_only.py
[2024-06-23 23:48:04,596] {scheduler_job.py:639} INFO - DAG(s) dict_keys(['latest_only']) retrieved from /home/airflow/.local/lib/python3.6/site-packages/airflow/example_dags/example_latest_only.py
[2024-06-23 23:48:04,612] {logging_mixin.py:104} INFO - [2024-06-23 23:48:04,612] {dag.py:1824} INFO - Sync 1 DAGs
[2024-06-23 23:48:04,624] {logging_mixin.py:104} INFO - [2024-06-23 23:48:04,623] {dag.py:2280} INFO - Setting next_dagrun for latest_only to 2024-06-21 00:00:00+00:00
[2024-06-23 23:48:04,633] {scheduler_job.py:190} INFO - Processing /home/airflow/.local/lib/python3.6/site-packages/airflow/example_dags/example_latest_only.py took 0.047 seconds
[2024-06-23 23:48:35,353] {scheduler_job.py:182} INFO - Started process (PID=6021) to work on /home/airflow/.local/lib/python3.6/site-packages/airflow/example_dags/example_latest_only.py
[2024-06-23 23:48:35,354] {scheduler_job.py:629} INFO - Processing file /home/airflow/.local/lib/python3.6/site-packages/airflow/example_dags/example_latest_only.py for tasks to queue
[2024-06-23 23:48:35,354] {logging_mixin.py:104} INFO - [2024-06-23 23:48:35,354] {dagbag.py:451} INFO - Filling up the DagBag from /home/airflow/.local/lib/python3.6/site-packages/airflow/example_dags/example_latest_only.py
[2024-06-23 23:48:35,360] {scheduler_job.py:639} INFO - DAG(s) dict_keys(['latest_only']) retrieved from /home/airflow/.local/lib/python3.6/site-packages/airflow/example_dags/example_latest_only.py
[2024-06-23 23:48:35,372] {logging_mixin.py:104} INFO - [2024-06-23 23:48:35,372] {dag.py:1824} INFO - Sync 1 DAGs
[2024-06-23 23:48:35,380] {logging_mixin.py:104} INFO - [2024-06-23 23:48:35,380] {dag.py:2280} INFO - Setting next_dagrun for latest_only to 2024-06-21 00:00:00+00:00
[2024-06-23 23:48:35,389] {scheduler_job.py:190} INFO - Processing /home/airflow/.local/lib/python3.6/site-packages/airflow/example_dags/example_latest_only.py took 0.038 seconds
[2024-06-23 23:49:06,141] {scheduler_job.py:182} INFO - Started process (PID=6047) to work on /home/airflow/.local/lib/python3.6/site-packages/airflow/example_dags/example_latest_only.py
[2024-06-23 23:49:06,142] {scheduler_job.py:629} INFO - Processing file /home/airflow/.local/lib/python3.6/site-packages/airflow/example_dags/example_latest_only.py for tasks to queue
[2024-06-23 23:49:06,143] {logging_mixin.py:104} INFO - [2024-06-23 23:49:06,143] {dagbag.py:451} INFO - Filling up the DagBag from /home/airflow/.local/lib/python3.6/site-packages/airflow/example_dags/example_latest_only.py
[2024-06-23 23:49:06,148] {scheduler_job.py:639} INFO - DAG(s) dict_keys(['latest_only']) retrieved from /home/airflow/.local/lib/python3.6/site-packages/airflow/example_dags/example_latest_only.py
[2024-06-23 23:49:06,160] {logging_mixin.py:104} INFO - [2024-06-23 23:49:06,160] {dag.py:1824} INFO - Sync 1 DAGs
[2024-06-23 23:49:06,168] {logging_mixin.py:104} INFO - [2024-06-23 23:49:06,168] {dag.py:2280} INFO - Setting next_dagrun for latest_only to 2024-06-21 00:00:00+00:00
[2024-06-23 23:49:06,175] {scheduler_job.py:190} INFO - Processing /home/airflow/.local/lib/python3.6/site-packages/airflow/example_dags/example_latest_only.py took 0.035 seconds
[2024-06-23 23:49:36,940] {scheduler_job.py:182} INFO - Started process (PID=6073) to work on /home/airflow/.local/lib/python3.6/site-packages/airflow/example_dags/example_latest_only.py
[2024-06-23 23:49:36,941] {scheduler_job.py:629} INFO - Processing file /home/airflow/.local/lib/python3.6/site-packages/airflow/example_dags/example_latest_only.py for tasks to queue
[2024-06-23 23:49:36,941] {logging_mixin.py:104} INFO - [2024-06-23 23:49:36,941] {dagbag.py:451} INFO - Filling up the DagBag from /home/airflow/.local/lib/python3.6/site-packages/airflow/example_dags/example_latest_only.py
[2024-06-23 23:49:36,947] {scheduler_job.py:639} INFO - DAG(s) dict_keys(['latest_only']) retrieved from /home/airflow/.local/lib/python3.6/site-packages/airflow/example_dags/example_latest_only.py
[2024-06-23 23:49:36,959] {logging_mixin.py:104} INFO - [2024-06-23 23:49:36,959] {dag.py:1824} INFO - Sync 1 DAGs
[2024-06-23 23:49:36,971] {logging_mixin.py:104} INFO - [2024-06-23 23:49:36,971] {dag.py:2280} INFO - Setting next_dagrun for latest_only to 2024-06-21 00:00:00+00:00
[2024-06-23 23:49:36,980] {scheduler_job.py:190} INFO - Processing /home/airflow/.local/lib/python3.6/site-packages/airflow/example_dags/example_latest_only.py took 0.042 seconds
[2024-06-23 23:50:07,733] {scheduler_job.py:182} INFO - Started process (PID=6099) to work on /home/airflow/.local/lib/python3.6/site-packages/airflow/example_dags/example_latest_only.py
[2024-06-23 23:50:07,734] {scheduler_job.py:629} INFO - Processing file /home/airflow/.local/lib/python3.6/site-packages/airflow/example_dags/example_latest_only.py for tasks to queue
[2024-06-23 23:50:07,734] {logging_mixin.py:104} INFO - [2024-06-23 23:50:07,734] {dagbag.py:451} INFO - Filling up the DagBag from /home/airflow/.local/lib/python3.6/site-packages/airflow/example_dags/example_latest_only.py
[2024-06-23 23:50:07,740] {scheduler_job.py:639} INFO - DAG(s) dict_keys(['latest_only']) retrieved from /home/airflow/.local/lib/python3.6/site-packages/airflow/example_dags/example_latest_only.py
[2024-06-23 23:50:07,752] {logging_mixin.py:104} INFO - [2024-06-23 23:50:07,752] {dag.py:1824} INFO - Sync 1 DAGs
[2024-06-23 23:50:07,760] {logging_mixin.py:104} INFO - [2024-06-23 23:50:07,760] {dag.py:2280} INFO - Setting next_dagrun for latest_only to 2024-06-21 00:00:00+00:00
[2024-06-23 23:50:07,767] {scheduler_job.py:190} INFO - Processing /home/airflow/.local/lib/python3.6/site-packages/airflow/example_dags/example_latest_only.py took 0.036 seconds
[2024-06-23 23:50:38,532] {scheduler_job.py:182} INFO - Started process (PID=6125) to work on /home/airflow/.local/lib/python3.6/site-packages/airflow/example_dags/example_latest_only.py
[2024-06-23 23:50:38,533] {scheduler_job.py:629} INFO - Processing file /home/airflow/.local/lib/python3.6/site-packages/airflow/example_dags/example_latest_only.py for tasks to queue
[2024-06-23 23:50:38,534] {logging_mixin.py:104} INFO - [2024-06-23 23:50:38,533] {dagbag.py:451} INFO - Filling up the DagBag from /home/airflow/.local/lib/python3.6/site-packages/airflow/example_dags/example_latest_only.py
[2024-06-23 23:50:38,539] {scheduler_job.py:639} INFO - DAG(s) dict_keys(['latest_only']) retrieved from /home/airflow/.local/lib/python3.6/site-packages/airflow/example_dags/example_latest_only.py
[2024-06-23 23:50:38,551] {logging_mixin.py:104} INFO - [2024-06-23 23:50:38,551] {dag.py:1824} INFO - Sync 1 DAGs
[2024-06-23 23:50:38,563] {logging_mixin.py:104} INFO - [2024-06-23 23:50:38,563] {dag.py:2280} INFO - Setting next_dagrun for latest_only to 2024-06-21 00:00:00+00:00
[2024-06-23 23:50:38,574] {scheduler_job.py:190} INFO - Processing /home/airflow/.local/lib/python3.6/site-packages/airflow/example_dags/example_latest_only.py took 0.044 seconds
[2024-06-23 23:51:09,317] {scheduler_job.py:182} INFO - Started process (PID=6151) to work on /home/airflow/.local/lib/python3.6/site-packages/airflow/example_dags/example_latest_only.py
[2024-06-23 23:51:09,317] {scheduler_job.py:629} INFO - Processing file /home/airflow/.local/lib/python3.6/site-packages/airflow/example_dags/example_latest_only.py for tasks to queue
[2024-06-23 23:51:09,318] {logging_mixin.py:104} INFO - [2024-06-23 23:51:09,318] {dagbag.py:451} INFO - Filling up the DagBag from /home/airflow/.local/lib/python3.6/site-packages/airflow/example_dags/example_latest_only.py
[2024-06-23 23:51:09,324] {scheduler_job.py:639} INFO - DAG(s) dict_keys(['latest_only']) retrieved from /home/airflow/.local/lib/python3.6/site-packages/airflow/example_dags/example_latest_only.py
[2024-06-23 23:51:09,336] {logging_mixin.py:104} INFO - [2024-06-23 23:51:09,335] {dag.py:1824} INFO - Sync 1 DAGs
[2024-06-23 23:51:09,344] {logging_mixin.py:104} INFO - [2024-06-23 23:51:09,344] {dag.py:2280} INFO - Setting next_dagrun for latest_only to 2024-06-21 00:00:00+00:00
[2024-06-23 23:51:09,350] {scheduler_job.py:190} INFO - Processing /home/airflow/.local/lib/python3.6/site-packages/airflow/example_dags/example_latest_only.py took 0.035 seconds
[2024-06-23 23:51:40,105] {scheduler_job.py:182} INFO - Started process (PID=6177) to work on /home/airflow/.local/lib/python3.6/site-packages/airflow/example_dags/example_latest_only.py
[2024-06-23 23:51:40,106] {scheduler_job.py:629} INFO - Processing file /home/airflow/.local/lib/python3.6/site-packages/airflow/example_dags/example_latest_only.py for tasks to queue
[2024-06-23 23:51:40,107] {logging_mixin.py:104} INFO - [2024-06-23 23:51:40,107] {dagbag.py:451} INFO - Filling up the DagBag from /home/airflow/.local/lib/python3.6/site-packages/airflow/example_dags/example_latest_only.py
[2024-06-23 23:51:40,112] {scheduler_job.py:639} INFO - DAG(s) dict_keys(['latest_only']) retrieved from /home/airflow/.local/lib/python3.6/site-packages/airflow/example_dags/example_latest_only.py
[2024-06-23 23:51:40,124] {logging_mixin.py:104} INFO - [2024-06-23 23:51:40,124] {dag.py:1824} INFO - Sync 1 DAGs
[2024-06-23 23:51:40,132] {logging_mixin.py:104} INFO - [2024-06-23 23:51:40,132] {dag.py:2280} INFO - Setting next_dagrun for latest_only to 2024-06-21 00:00:00+00:00
[2024-06-23 23:51:40,139] {scheduler_job.py:190} INFO - Processing /home/airflow/.local/lib/python3.6/site-packages/airflow/example_dags/example_latest_only.py took 0.035 seconds
[2024-06-23 23:52:10,915] {scheduler_job.py:182} INFO - Started process (PID=6203) to work on /home/airflow/.local/lib/python3.6/site-packages/airflow/example_dags/example_latest_only.py
[2024-06-23 23:52:10,916] {scheduler_job.py:629} INFO - Processing file /home/airflow/.local/lib/python3.6/site-packages/airflow/example_dags/example_latest_only.py for tasks to queue
[2024-06-23 23:52:10,916] {logging_mixin.py:104} INFO - [2024-06-23 23:52:10,916] {dagbag.py:451} INFO - Filling up the DagBag from /home/airflow/.local/lib/python3.6/site-packages/airflow/example_dags/example_latest_only.py
[2024-06-23 23:52:10,922] {scheduler_job.py:639} INFO - DAG(s) dict_keys(['latest_only']) retrieved from /home/airflow/.local/lib/python3.6/site-packages/airflow/example_dags/example_latest_only.py
[2024-06-23 23:52:10,933] {logging_mixin.py:104} INFO - [2024-06-23 23:52:10,933] {dag.py:1824} INFO - Sync 1 DAGs
[2024-06-23 23:52:10,941] {logging_mixin.py:104} INFO - [2024-06-23 23:52:10,941] {dag.py:2280} INFO - Setting next_dagrun for latest_only to 2024-06-21 00:00:00+00:00
[2024-06-23 23:52:10,948] {scheduler_job.py:190} INFO - Processing /home/airflow/.local/lib/python3.6/site-packages/airflow/example_dags/example_latest_only.py took 0.035 seconds
[2024-06-23 23:52:41,710] {scheduler_job.py:182} INFO - Started process (PID=6229) to work on /home/airflow/.local/lib/python3.6/site-packages/airflow/example_dags/example_latest_only.py
[2024-06-23 23:52:41,711] {scheduler_job.py:629} INFO - Processing file /home/airflow/.local/lib/python3.6/site-packages/airflow/example_dags/example_latest_only.py for tasks to queue
[2024-06-23 23:52:41,712] {logging_mixin.py:104} INFO - [2024-06-23 23:52:41,712] {dagbag.py:451} INFO - Filling up the DagBag from /home/airflow/.local/lib/python3.6/site-packages/airflow/example_dags/example_latest_only.py
[2024-06-23 23:52:41,718] {scheduler_job.py:639} INFO - DAG(s) dict_keys(['latest_only']) retrieved from /home/airflow/.local/lib/python3.6/site-packages/airflow/example_dags/example_latest_only.py
[2024-06-23 23:52:41,732] {logging_mixin.py:104} INFO - [2024-06-23 23:52:41,732] {dag.py:1824} INFO - Sync 1 DAGs
[2024-06-23 23:52:41,742] {logging_mixin.py:104} INFO - [2024-06-23 23:52:41,742] {dag.py:2280} INFO - Setting next_dagrun for latest_only to 2024-06-21 00:00:00+00:00
[2024-06-23 23:52:41,750] {scheduler_job.py:190} INFO - Processing /home/airflow/.local/lib/python3.6/site-packages/airflow/example_dags/example_latest_only.py took 0.042 seconds
[2024-06-23 23:53:12,509] {scheduler_job.py:182} INFO - Started process (PID=6255) to work on /home/airflow/.local/lib/python3.6/site-packages/airflow/example_dags/example_latest_only.py
[2024-06-23 23:53:12,510] {scheduler_job.py:629} INFO - Processing file /home/airflow/.local/lib/python3.6/site-packages/airflow/example_dags/example_latest_only.py for tasks to queue
[2024-06-23 23:53:12,511] {logging_mixin.py:104} INFO - [2024-06-23 23:53:12,511] {dagbag.py:451} INFO - Filling up the DagBag from /home/airflow/.local/lib/python3.6/site-packages/airflow/example_dags/example_latest_only.py
[2024-06-23 23:53:12,517] {scheduler_job.py:639} INFO - DAG(s) dict_keys(['latest_only']) retrieved from /home/airflow/.local/lib/python3.6/site-packages/airflow/example_dags/example_latest_only.py
[2024-06-23 23:53:12,529] {logging_mixin.py:104} INFO - [2024-06-23 23:53:12,529] {dag.py:1824} INFO - Sync 1 DAGs
[2024-06-23 23:53:12,537] {logging_mixin.py:104} INFO - [2024-06-23 23:53:12,537] {dag.py:2280} INFO - Setting next_dagrun for latest_only to 2024-06-21 00:00:00+00:00
[2024-06-23 23:53:12,544] {scheduler_job.py:190} INFO - Processing /home/airflow/.local/lib/python3.6/site-packages/airflow/example_dags/example_latest_only.py took 0.036 seconds
[2024-06-23 23:53:43,293] {scheduler_job.py:182} INFO - Started process (PID=6281) to work on /home/airflow/.local/lib/python3.6/site-packages/airflow/example_dags/example_latest_only.py
[2024-06-23 23:53:43,294] {scheduler_job.py:629} INFO - Processing file /home/airflow/.local/lib/python3.6/site-packages/airflow/example_dags/example_latest_only.py for tasks to queue
[2024-06-23 23:53:43,294] {logging_mixin.py:104} INFO - [2024-06-23 23:53:43,294] {dagbag.py:451} INFO - Filling up the DagBag from /home/airflow/.local/lib/python3.6/site-packages/airflow/example_dags/example_latest_only.py
[2024-06-23 23:53:43,300] {scheduler_job.py:639} INFO - DAG(s) dict_keys(['latest_only']) retrieved from /home/airflow/.local/lib/python3.6/site-packages/airflow/example_dags/example_latest_only.py
[2024-06-23 23:53:43,312] {logging_mixin.py:104} INFO - [2024-06-23 23:53:43,312] {dag.py:1824} INFO - Sync 1 DAGs
[2024-06-23 23:53:43,320] {logging_mixin.py:104} INFO - [2024-06-23 23:53:43,320] {dag.py:2280} INFO - Setting next_dagrun for latest_only to 2024-06-21 00:00:00+00:00
[2024-06-23 23:53:43,327] {scheduler_job.py:190} INFO - Processing /home/airflow/.local/lib/python3.6/site-packages/airflow/example_dags/example_latest_only.py took 0.035 seconds
[2024-06-23 23:54:14,121] {scheduler_job.py:182} INFO - Started process (PID=6307) to work on /home/airflow/.local/lib/python3.6/site-packages/airflow/example_dags/example_latest_only.py
[2024-06-23 23:54:14,122] {scheduler_job.py:629} INFO - Processing file /home/airflow/.local/lib/python3.6/site-packages/airflow/example_dags/example_latest_only.py for tasks to queue
[2024-06-23 23:54:14,122] {logging_mixin.py:104} INFO - [2024-06-23 23:54:14,122] {dagbag.py:451} INFO - Filling up the DagBag from /home/airflow/.local/lib/python3.6/site-packages/airflow/example_dags/example_latest_only.py
[2024-06-23 23:54:14,128] {scheduler_job.py:639} INFO - DAG(s) dict_keys(['latest_only']) retrieved from /home/airflow/.local/lib/python3.6/site-packages/airflow/example_dags/example_latest_only.py
[2024-06-23 23:54:14,142] {logging_mixin.py:104} INFO - [2024-06-23 23:54:14,142] {dag.py:1824} INFO - Sync 1 DAGs
[2024-06-23 23:54:14,151] {logging_mixin.py:104} INFO - [2024-06-23 23:54:14,151] {dag.py:2280} INFO - Setting next_dagrun for latest_only to 2024-06-21 00:00:00+00:00
[2024-06-23 23:54:14,158] {scheduler_job.py:190} INFO - Processing /home/airflow/.local/lib/python3.6/site-packages/airflow/example_dags/example_latest_only.py took 0.039 seconds
[2024-06-23 23:54:44,924] {scheduler_job.py:182} INFO - Started process (PID=6333) to work on /home/airflow/.local/lib/python3.6/site-packages/airflow/example_dags/example_latest_only.py
[2024-06-23 23:54:44,925] {scheduler_job.py:629} INFO - Processing file /home/airflow/.local/lib/python3.6/site-packages/airflow/example_dags/example_latest_only.py for tasks to queue
[2024-06-23 23:54:44,925] {logging_mixin.py:104} INFO - [2024-06-23 23:54:44,925] {dagbag.py:451} INFO - Filling up the DagBag from /home/airflow/.local/lib/python3.6/site-packages/airflow/example_dags/example_latest_only.py
[2024-06-23 23:54:44,931] {scheduler_job.py:639} INFO - DAG(s) dict_keys(['latest_only']) retrieved from /home/airflow/.local/lib/python3.6/site-packages/airflow/example_dags/example_latest_only.py
[2024-06-23 23:54:44,944] {logging_mixin.py:104} INFO - [2024-06-23 23:54:44,943] {dag.py:1824} INFO - Sync 1 DAGs
[2024-06-23 23:54:44,952] {logging_mixin.py:104} INFO - [2024-06-23 23:54:44,952] {dag.py:2280} INFO - Setting next_dagrun for latest_only to 2024-06-21 00:00:00+00:00
[2024-06-23 23:54:44,959] {scheduler_job.py:190} INFO - Processing /home/airflow/.local/lib/python3.6/site-packages/airflow/example_dags/example_latest_only.py took 0.037 seconds
[2024-06-23 23:55:15,755] {scheduler_job.py:182} INFO - Started process (PID=6359) to work on /home/airflow/.local/lib/python3.6/site-packages/airflow/example_dags/example_latest_only.py
[2024-06-23 23:55:15,756] {scheduler_job.py:629} INFO - Processing file /home/airflow/.local/lib/python3.6/site-packages/airflow/example_dags/example_latest_only.py for tasks to queue
[2024-06-23 23:55:15,757] {logging_mixin.py:104} INFO - [2024-06-23 23:55:15,757] {dagbag.py:451} INFO - Filling up the DagBag from /home/airflow/.local/lib/python3.6/site-packages/airflow/example_dags/example_latest_only.py
[2024-06-23 23:55:15,763] {scheduler_job.py:639} INFO - DAG(s) dict_keys(['latest_only']) retrieved from /home/airflow/.local/lib/python3.6/site-packages/airflow/example_dags/example_latest_only.py
[2024-06-23 23:55:15,775] {logging_mixin.py:104} INFO - [2024-06-23 23:55:15,775] {dag.py:1824} INFO - Sync 1 DAGs
[2024-06-23 23:55:15,784] {logging_mixin.py:104} INFO - [2024-06-23 23:55:15,784] {dag.py:2280} INFO - Setting next_dagrun for latest_only to 2024-06-21 00:00:00+00:00
[2024-06-23 23:55:15,792] {scheduler_job.py:190} INFO - Processing /home/airflow/.local/lib/python3.6/site-packages/airflow/example_dags/example_latest_only.py took 0.038 seconds
[2024-06-23 23:55:46,587] {scheduler_job.py:182} INFO - Started process (PID=6385) to work on /home/airflow/.local/lib/python3.6/site-packages/airflow/example_dags/example_latest_only.py
[2024-06-23 23:55:46,588] {scheduler_job.py:629} INFO - Processing file /home/airflow/.local/lib/python3.6/site-packages/airflow/example_dags/example_latest_only.py for tasks to queue
[2024-06-23 23:55:46,588] {logging_mixin.py:104} INFO - [2024-06-23 23:55:46,588] {dagbag.py:451} INFO - Filling up the DagBag from /home/airflow/.local/lib/python3.6/site-packages/airflow/example_dags/example_latest_only.py
[2024-06-23 23:55:46,594] {scheduler_job.py:639} INFO - DAG(s) dict_keys(['latest_only']) retrieved from /home/airflow/.local/lib/python3.6/site-packages/airflow/example_dags/example_latest_only.py
[2024-06-23 23:55:46,606] {logging_mixin.py:104} INFO - [2024-06-23 23:55:46,606] {dag.py:1824} INFO - Sync 1 DAGs
[2024-06-23 23:55:46,615] {logging_mixin.py:104} INFO - [2024-06-23 23:55:46,615] {dag.py:2280} INFO - Setting next_dagrun for latest_only to 2024-06-21 00:00:00+00:00
[2024-06-23 23:55:46,622] {scheduler_job.py:190} INFO - Processing /home/airflow/.local/lib/python3.6/site-packages/airflow/example_dags/example_latest_only.py took 0.037 seconds
[2024-06-23 23:56:17,395] {scheduler_job.py:182} INFO - Started process (PID=6411) to work on /home/airflow/.local/lib/python3.6/site-packages/airflow/example_dags/example_latest_only.py
[2024-06-23 23:56:17,396] {scheduler_job.py:629} INFO - Processing file /home/airflow/.local/lib/python3.6/site-packages/airflow/example_dags/example_latest_only.py for tasks to queue
[2024-06-23 23:56:17,397] {logging_mixin.py:104} INFO - [2024-06-23 23:56:17,397] {dagbag.py:451} INFO - Filling up the DagBag from /home/airflow/.local/lib/python3.6/site-packages/airflow/example_dags/example_latest_only.py
[2024-06-23 23:56:17,403] {scheduler_job.py:639} INFO - DAG(s) dict_keys(['latest_only']) retrieved from /home/airflow/.local/lib/python3.6/site-packages/airflow/example_dags/example_latest_only.py
[2024-06-23 23:56:17,415] {logging_mixin.py:104} INFO - [2024-06-23 23:56:17,415] {dag.py:1824} INFO - Sync 1 DAGs
[2024-06-23 23:56:17,423] {logging_mixin.py:104} INFO - [2024-06-23 23:56:17,423] {dag.py:2280} INFO - Setting next_dagrun for latest_only to 2024-06-21 00:00:00+00:00
[2024-06-23 23:56:17,430] {scheduler_job.py:190} INFO - Processing /home/airflow/.local/lib/python3.6/site-packages/airflow/example_dags/example_latest_only.py took 0.036 seconds
[2024-06-23 23:56:48,174] {scheduler_job.py:182} INFO - Started process (PID=6437) to work on /home/airflow/.local/lib/python3.6/site-packages/airflow/example_dags/example_latest_only.py
[2024-06-23 23:56:48,175] {scheduler_job.py:629} INFO - Processing file /home/airflow/.local/lib/python3.6/site-packages/airflow/example_dags/example_latest_only.py for tasks to queue
[2024-06-23 23:56:48,175] {logging_mixin.py:104} INFO - [2024-06-23 23:56:48,175] {dagbag.py:451} INFO - Filling up the DagBag from /home/airflow/.local/lib/python3.6/site-packages/airflow/example_dags/example_latest_only.py
[2024-06-23 23:56:48,181] {scheduler_job.py:639} INFO - DAG(s) dict_keys(['latest_only']) retrieved from /home/airflow/.local/lib/python3.6/site-packages/airflow/example_dags/example_latest_only.py
[2024-06-23 23:56:48,193] {logging_mixin.py:104} INFO - [2024-06-23 23:56:48,192] {dag.py:1824} INFO - Sync 1 DAGs
[2024-06-23 23:56:48,201] {logging_mixin.py:104} INFO - [2024-06-23 23:56:48,201] {dag.py:2280} INFO - Setting next_dagrun for latest_only to 2024-06-21 00:00:00+00:00
[2024-06-23 23:56:48,208] {scheduler_job.py:190} INFO - Processing /home/airflow/.local/lib/python3.6/site-packages/airflow/example_dags/example_latest_only.py took 0.036 seconds
[2024-06-23 23:57:18,994] {scheduler_job.py:182} INFO - Started process (PID=6463) to work on /home/airflow/.local/lib/python3.6/site-packages/airflow/example_dags/example_latest_only.py
[2024-06-23 23:57:18,995] {scheduler_job.py:629} INFO - Processing file /home/airflow/.local/lib/python3.6/site-packages/airflow/example_dags/example_latest_only.py for tasks to queue
[2024-06-23 23:57:18,995] {logging_mixin.py:104} INFO - [2024-06-23 23:57:18,995] {dagbag.py:451} INFO - Filling up the DagBag from /home/airflow/.local/lib/python3.6/site-packages/airflow/example_dags/example_latest_only.py
[2024-06-23 23:57:19,002] {scheduler_job.py:639} INFO - DAG(s) dict_keys(['latest_only']) retrieved from /home/airflow/.local/lib/python3.6/site-packages/airflow/example_dags/example_latest_only.py
[2024-06-23 23:57:19,014] {logging_mixin.py:104} INFO - [2024-06-23 23:57:19,013] {dag.py:1824} INFO - Sync 1 DAGs
[2024-06-23 23:57:19,022] {logging_mixin.py:104} INFO - [2024-06-23 23:57:19,022] {dag.py:2280} INFO - Setting next_dagrun for latest_only to 2024-06-21 00:00:00+00:00
[2024-06-23 23:57:19,032] {scheduler_job.py:190} INFO - Processing /home/airflow/.local/lib/python3.6/site-packages/airflow/example_dags/example_latest_only.py took 0.040 seconds
[2024-06-23 23:57:49,788] {scheduler_job.py:182} INFO - Started process (PID=6489) to work on /home/airflow/.local/lib/python3.6/site-packages/airflow/example_dags/example_latest_only.py
[2024-06-23 23:57:49,790] {scheduler_job.py:629} INFO - Processing file /home/airflow/.local/lib/python3.6/site-packages/airflow/example_dags/example_latest_only.py for tasks to queue
[2024-06-23 23:57:49,790] {logging_mixin.py:104} INFO - [2024-06-23 23:57:49,790] {dagbag.py:451} INFO - Filling up the DagBag from /home/airflow/.local/lib/python3.6/site-packages/airflow/example_dags/example_latest_only.py
[2024-06-23 23:57:49,795] {scheduler_job.py:639} INFO - DAG(s) dict_keys(['latest_only']) retrieved from /home/airflow/.local/lib/python3.6/site-packages/airflow/example_dags/example_latest_only.py
[2024-06-23 23:57:49,808] {logging_mixin.py:104} INFO - [2024-06-23 23:57:49,808] {dag.py:1824} INFO - Sync 1 DAGs
[2024-06-23 23:57:49,816] {logging_mixin.py:104} INFO - [2024-06-23 23:57:49,816] {dag.py:2280} INFO - Setting next_dagrun for latest_only to 2024-06-21 00:00:00+00:00
[2024-06-23 23:57:49,823] {scheduler_job.py:190} INFO - Processing /home/airflow/.local/lib/python3.6/site-packages/airflow/example_dags/example_latest_only.py took 0.036 seconds
[2024-06-23 23:58:20,829] {scheduler_job.py:182} INFO - Started process (PID=6515) to work on /home/airflow/.local/lib/python3.6/site-packages/airflow/example_dags/example_latest_only.py
[2024-06-23 23:58:20,837] {scheduler_job.py:629} INFO - Processing file /home/airflow/.local/lib/python3.6/site-packages/airflow/example_dags/example_latest_only.py for tasks to queue
[2024-06-23 23:58:20,838] {logging_mixin.py:104} INFO - [2024-06-23 23:58:20,838] {dagbag.py:451} INFO - Filling up the DagBag from /home/airflow/.local/lib/python3.6/site-packages/airflow/example_dags/example_latest_only.py
[2024-06-23 23:58:20,844] {scheduler_job.py:639} INFO - DAG(s) dict_keys(['latest_only']) retrieved from /home/airflow/.local/lib/python3.6/site-packages/airflow/example_dags/example_latest_only.py
[2024-06-23 23:58:20,856] {logging_mixin.py:104} INFO - [2024-06-23 23:58:20,856] {dag.py:1824} INFO - Sync 1 DAGs
[2024-06-23 23:58:20,866] {logging_mixin.py:104} INFO - [2024-06-23 23:58:20,866] {dag.py:2280} INFO - Setting next_dagrun for latest_only to 2024-06-21 00:00:00+00:00
[2024-06-23 23:58:20,890] {scheduler_job.py:190} INFO - Processing /home/airflow/.local/lib/python3.6/site-packages/airflow/example_dags/example_latest_only.py took 0.063 seconds
[2024-06-23 23:58:51,628] {scheduler_job.py:182} INFO - Started process (PID=6541) to work on /home/airflow/.local/lib/python3.6/site-packages/airflow/example_dags/example_latest_only.py
[2024-06-23 23:58:51,629] {scheduler_job.py:629} INFO - Processing file /home/airflow/.local/lib/python3.6/site-packages/airflow/example_dags/example_latest_only.py for tasks to queue
[2024-06-23 23:58:51,630] {logging_mixin.py:104} INFO - [2024-06-23 23:58:51,630] {dagbag.py:451} INFO - Filling up the DagBag from /home/airflow/.local/lib/python3.6/site-packages/airflow/example_dags/example_latest_only.py
[2024-06-23 23:58:51,636] {scheduler_job.py:639} INFO - DAG(s) dict_keys(['latest_only']) retrieved from /home/airflow/.local/lib/python3.6/site-packages/airflow/example_dags/example_latest_only.py
[2024-06-23 23:58:51,648] {logging_mixin.py:104} INFO - [2024-06-23 23:58:51,648] {dag.py:1824} INFO - Sync 1 DAGs
[2024-06-23 23:58:51,657] {logging_mixin.py:104} INFO - [2024-06-23 23:58:51,657] {dag.py:2280} INFO - Setting next_dagrun for latest_only to 2024-06-21 00:00:00+00:00
[2024-06-23 23:58:51,664] {scheduler_job.py:190} INFO - Processing /home/airflow/.local/lib/python3.6/site-packages/airflow/example_dags/example_latest_only.py took 0.038 seconds
[2024-06-23 23:59:22,443] {scheduler_job.py:182} INFO - Started process (PID=6567) to work on /home/airflow/.local/lib/python3.6/site-packages/airflow/example_dags/example_latest_only.py
[2024-06-23 23:59:22,444] {scheduler_job.py:629} INFO - Processing file /home/airflow/.local/lib/python3.6/site-packages/airflow/example_dags/example_latest_only.py for tasks to queue
[2024-06-23 23:59:22,444] {logging_mixin.py:104} INFO - [2024-06-23 23:59:22,444] {dagbag.py:451} INFO - Filling up the DagBag from /home/airflow/.local/lib/python3.6/site-packages/airflow/example_dags/example_latest_only.py
[2024-06-23 23:59:22,450] {scheduler_job.py:639} INFO - DAG(s) dict_keys(['latest_only']) retrieved from /home/airflow/.local/lib/python3.6/site-packages/airflow/example_dags/example_latest_only.py
[2024-06-23 23:59:22,461] {logging_mixin.py:104} INFO - [2024-06-23 23:59:22,461] {dag.py:1824} INFO - Sync 1 DAGs
[2024-06-23 23:59:22,470] {logging_mixin.py:104} INFO - [2024-06-23 23:59:22,470] {dag.py:2280} INFO - Setting next_dagrun for latest_only to 2024-06-21 00:00:00+00:00
[2024-06-23 23:59:22,476] {scheduler_job.py:190} INFO - Processing /home/airflow/.local/lib/python3.6/site-packages/airflow/example_dags/example_latest_only.py took 0.035 seconds
[2024-06-23 23:59:53,247] {scheduler_job.py:182} INFO - Started process (PID=6593) to work on /home/airflow/.local/lib/python3.6/site-packages/airflow/example_dags/example_latest_only.py
[2024-06-23 23:59:53,248] {scheduler_job.py:629} INFO - Processing file /home/airflow/.local/lib/python3.6/site-packages/airflow/example_dags/example_latest_only.py for tasks to queue
[2024-06-23 23:59:53,248] {logging_mixin.py:104} INFO - [2024-06-23 23:59:53,248] {dagbag.py:451} INFO - Filling up the DagBag from /home/airflow/.local/lib/python3.6/site-packages/airflow/example_dags/example_latest_only.py
[2024-06-23 23:59:53,254] {scheduler_job.py:639} INFO - DAG(s) dict_keys(['latest_only']) retrieved from /home/airflow/.local/lib/python3.6/site-packages/airflow/example_dags/example_latest_only.py
[2024-06-23 23:59:53,265] {logging_mixin.py:104} INFO - [2024-06-23 23:59:53,265] {dag.py:1824} INFO - Sync 1 DAGs
[2024-06-23 23:59:53,274] {logging_mixin.py:104} INFO - [2024-06-23 23:59:53,274] {dag.py:2280} INFO - Setting next_dagrun for latest_only to 2024-06-21 00:00:00+00:00
[2024-06-23 23:59:53,281] {scheduler_job.py:190} INFO - Processing /home/airflow/.local/lib/python3.6/site-packages/airflow/example_dags/example_latest_only.py took 0.036 seconds
