[2024-06-23 23:41:52,428] {scheduler_job.py:182} INFO - Started process (PID=5660) to work on /home/airflow/.local/lib/python3.6/site-packages/airflow/example_dags/example_kubernetes_executor_config.py
[2024-06-23 23:41:52,429] {scheduler_job.py:629} INFO - Processing file /home/airflow/.local/lib/python3.6/site-packages/airflow/example_dags/example_kubernetes_executor_config.py for tasks to queue
[2024-06-23 23:41:52,439] {logging_mixin.py:104} INFO - [2024-06-23 23:41:52,439] {dagbag.py:451} INFO - Filling up the DagBag from /home/airflow/.local/lib/python3.6/site-packages/airflow/example_dags/example_kubernetes_executor_config.py
[2024-06-23 23:41:52,479] {scheduler_job.py:639} INFO - DAG(s) dict_keys(['example_kubernetes_executor_config']) retrieved from /home/airflow/.local/lib/python3.6/site-packages/airflow/example_dags/example_kubernetes_executor_config.py
[2024-06-23 23:41:52,541] {logging_mixin.py:104} INFO - [2024-06-23 23:41:52,541] {dag.py:1824} INFO - Sync 1 DAGs
[2024-06-23 23:41:52,581] {logging_mixin.py:104} INFO - [2024-06-23 23:41:52,580] {dag.py:2280} INFO - Setting next_dagrun for example_kubernetes_executor_config to None
[2024-06-23 23:41:52,614] {scheduler_job.py:190} INFO - Processing /home/airflow/.local/lib/python3.6/site-packages/airflow/example_dags/example_kubernetes_executor_config.py took 0.191 seconds
[2024-06-23 23:42:22,843] {scheduler_job.py:182} INFO - Started process (PID=5686) to work on /home/airflow/.local/lib/python3.6/site-packages/airflow/example_dags/example_kubernetes_executor_config.py
[2024-06-23 23:42:22,845] {scheduler_job.py:629} INFO - Processing file /home/airflow/.local/lib/python3.6/site-packages/airflow/example_dags/example_kubernetes_executor_config.py for tasks to queue
[2024-06-23 23:42:22,845] {logging_mixin.py:104} INFO - [2024-06-23 23:42:22,845] {dagbag.py:451} INFO - Filling up the DagBag from /home/airflow/.local/lib/python3.6/site-packages/airflow/example_dags/example_kubernetes_executor_config.py
[2024-06-23 23:42:22,853] {scheduler_job.py:639} INFO - DAG(s) dict_keys(['example_kubernetes_executor_config']) retrieved from /home/airflow/.local/lib/python3.6/site-packages/airflow/example_dags/example_kubernetes_executor_config.py
[2024-06-23 23:42:22,868] {logging_mixin.py:104} INFO - [2024-06-23 23:42:22,867] {dag.py:1824} INFO - Sync 1 DAGs
[2024-06-23 23:42:22,878] {logging_mixin.py:104} INFO - [2024-06-23 23:42:22,878] {dag.py:2280} INFO - Setting next_dagrun for example_kubernetes_executor_config to None
[2024-06-23 23:42:22,885] {scheduler_job.py:190} INFO - Processing /home/airflow/.local/lib/python3.6/site-packages/airflow/example_dags/example_kubernetes_executor_config.py took 0.044 seconds
[2024-06-23 23:42:53,697] {scheduler_job.py:182} INFO - Started process (PID=5712) to work on /home/airflow/.local/lib/python3.6/site-packages/airflow/example_dags/example_kubernetes_executor_config.py
[2024-06-23 23:42:53,697] {scheduler_job.py:629} INFO - Processing file /home/airflow/.local/lib/python3.6/site-packages/airflow/example_dags/example_kubernetes_executor_config.py for tasks to queue
[2024-06-23 23:42:53,698] {logging_mixin.py:104} INFO - [2024-06-23 23:42:53,698] {dagbag.py:451} INFO - Filling up the DagBag from /home/airflow/.local/lib/python3.6/site-packages/airflow/example_dags/example_kubernetes_executor_config.py
[2024-06-23 23:42:53,706] {scheduler_job.py:639} INFO - DAG(s) dict_keys(['example_kubernetes_executor_config']) retrieved from /home/airflow/.local/lib/python3.6/site-packages/airflow/example_dags/example_kubernetes_executor_config.py
[2024-06-23 23:42:53,719] {logging_mixin.py:104} INFO - [2024-06-23 23:42:53,719] {dag.py:1824} INFO - Sync 1 DAGs
[2024-06-23 23:42:53,727] {logging_mixin.py:104} INFO - [2024-06-23 23:42:53,727] {dag.py:2280} INFO - Setting next_dagrun for example_kubernetes_executor_config to None
[2024-06-23 23:42:53,733] {scheduler_job.py:190} INFO - Processing /home/airflow/.local/lib/python3.6/site-packages/airflow/example_dags/example_kubernetes_executor_config.py took 0.039 seconds
[2024-06-23 23:43:23,781] {scheduler_job.py:182} INFO - Started process (PID=5738) to work on /home/airflow/.local/lib/python3.6/site-packages/airflow/example_dags/example_kubernetes_executor_config.py
[2024-06-23 23:43:23,782] {scheduler_job.py:629} INFO - Processing file /home/airflow/.local/lib/python3.6/site-packages/airflow/example_dags/example_kubernetes_executor_config.py for tasks to queue
[2024-06-23 23:43:23,782] {logging_mixin.py:104} INFO - [2024-06-23 23:43:23,782] {dagbag.py:451} INFO - Filling up the DagBag from /home/airflow/.local/lib/python3.6/site-packages/airflow/example_dags/example_kubernetes_executor_config.py
[2024-06-23 23:43:23,791] {scheduler_job.py:639} INFO - DAG(s) dict_keys(['example_kubernetes_executor_config']) retrieved from /home/airflow/.local/lib/python3.6/site-packages/airflow/example_dags/example_kubernetes_executor_config.py
[2024-06-23 23:43:23,805] {logging_mixin.py:104} INFO - [2024-06-23 23:43:23,805] {dag.py:1824} INFO - Sync 1 DAGs
[2024-06-23 23:43:23,814] {logging_mixin.py:104} INFO - [2024-06-23 23:43:23,814] {dag.py:2280} INFO - Setting next_dagrun for example_kubernetes_executor_config to None
[2024-06-23 23:43:23,821] {scheduler_job.py:190} INFO - Processing /home/airflow/.local/lib/python3.6/site-packages/airflow/example_dags/example_kubernetes_executor_config.py took 0.042 seconds
[2024-06-23 23:43:54,573] {scheduler_job.py:182} INFO - Started process (PID=5764) to work on /home/airflow/.local/lib/python3.6/site-packages/airflow/example_dags/example_kubernetes_executor_config.py
[2024-06-23 23:43:54,573] {scheduler_job.py:629} INFO - Processing file /home/airflow/.local/lib/python3.6/site-packages/airflow/example_dags/example_kubernetes_executor_config.py for tasks to queue
[2024-06-23 23:43:54,574] {logging_mixin.py:104} INFO - [2024-06-23 23:43:54,574] {dagbag.py:451} INFO - Filling up the DagBag from /home/airflow/.local/lib/python3.6/site-packages/airflow/example_dags/example_kubernetes_executor_config.py
[2024-06-23 23:43:54,582] {scheduler_job.py:639} INFO - DAG(s) dict_keys(['example_kubernetes_executor_config']) retrieved from /home/airflow/.local/lib/python3.6/site-packages/airflow/example_dags/example_kubernetes_executor_config.py
[2024-06-23 23:43:54,595] {logging_mixin.py:104} INFO - [2024-06-23 23:43:54,594] {dag.py:1824} INFO - Sync 1 DAGs
[2024-06-23 23:43:54,603] {logging_mixin.py:104} INFO - [2024-06-23 23:43:54,603] {dag.py:2280} INFO - Setting next_dagrun for example_kubernetes_executor_config to None
[2024-06-23 23:43:54,609] {scheduler_job.py:190} INFO - Processing /home/airflow/.local/lib/python3.6/site-packages/airflow/example_dags/example_kubernetes_executor_config.py took 0.038 seconds
[2024-06-23 23:44:25,352] {scheduler_job.py:182} INFO - Started process (PID=5790) to work on /home/airflow/.local/lib/python3.6/site-packages/airflow/example_dags/example_kubernetes_executor_config.py
[2024-06-23 23:44:25,353] {scheduler_job.py:629} INFO - Processing file /home/airflow/.local/lib/python3.6/site-packages/airflow/example_dags/example_kubernetes_executor_config.py for tasks to queue
[2024-06-23 23:44:25,353] {logging_mixin.py:104} INFO - [2024-06-23 23:44:25,353] {dagbag.py:451} INFO - Filling up the DagBag from /home/airflow/.local/lib/python3.6/site-packages/airflow/example_dags/example_kubernetes_executor_config.py
[2024-06-23 23:44:25,361] {scheduler_job.py:639} INFO - DAG(s) dict_keys(['example_kubernetes_executor_config']) retrieved from /home/airflow/.local/lib/python3.6/site-packages/airflow/example_dags/example_kubernetes_executor_config.py
[2024-06-23 23:44:25,374] {logging_mixin.py:104} INFO - [2024-06-23 23:44:25,374] {dag.py:1824} INFO - Sync 1 DAGs
[2024-06-23 23:44:25,382] {logging_mixin.py:104} INFO - [2024-06-23 23:44:25,382] {dag.py:2280} INFO - Setting next_dagrun for example_kubernetes_executor_config to None
[2024-06-23 23:44:25,389] {scheduler_job.py:190} INFO - Processing /home/airflow/.local/lib/python3.6/site-packages/airflow/example_dags/example_kubernetes_executor_config.py took 0.038 seconds
[2024-06-23 23:44:56,132] {scheduler_job.py:182} INFO - Started process (PID=5816) to work on /home/airflow/.local/lib/python3.6/site-packages/airflow/example_dags/example_kubernetes_executor_config.py
[2024-06-23 23:44:56,133] {scheduler_job.py:629} INFO - Processing file /home/airflow/.local/lib/python3.6/site-packages/airflow/example_dags/example_kubernetes_executor_config.py for tasks to queue
[2024-06-23 23:44:56,133] {logging_mixin.py:104} INFO - [2024-06-23 23:44:56,133] {dagbag.py:451} INFO - Filling up the DagBag from /home/airflow/.local/lib/python3.6/site-packages/airflow/example_dags/example_kubernetes_executor_config.py
[2024-06-23 23:44:56,140] {scheduler_job.py:639} INFO - DAG(s) dict_keys(['example_kubernetes_executor_config']) retrieved from /home/airflow/.local/lib/python3.6/site-packages/airflow/example_dags/example_kubernetes_executor_config.py
[2024-06-23 23:44:56,153] {logging_mixin.py:104} INFO - [2024-06-23 23:44:56,153] {dag.py:1824} INFO - Sync 1 DAGs
[2024-06-23 23:44:56,162] {logging_mixin.py:104} INFO - [2024-06-23 23:44:56,162] {dag.py:2280} INFO - Setting next_dagrun for example_kubernetes_executor_config to None
[2024-06-23 23:44:56,169] {scheduler_job.py:190} INFO - Processing /home/airflow/.local/lib/python3.6/site-packages/airflow/example_dags/example_kubernetes_executor_config.py took 0.040 seconds
[2024-06-23 23:45:26,923] {scheduler_job.py:182} INFO - Started process (PID=5842) to work on /home/airflow/.local/lib/python3.6/site-packages/airflow/example_dags/example_kubernetes_executor_config.py
[2024-06-23 23:45:26,924] {scheduler_job.py:629} INFO - Processing file /home/airflow/.local/lib/python3.6/site-packages/airflow/example_dags/example_kubernetes_executor_config.py for tasks to queue
[2024-06-23 23:45:26,924] {logging_mixin.py:104} INFO - [2024-06-23 23:45:26,924] {dagbag.py:451} INFO - Filling up the DagBag from /home/airflow/.local/lib/python3.6/site-packages/airflow/example_dags/example_kubernetes_executor_config.py
[2024-06-23 23:45:26,932] {scheduler_job.py:639} INFO - DAG(s) dict_keys(['example_kubernetes_executor_config']) retrieved from /home/airflow/.local/lib/python3.6/site-packages/airflow/example_dags/example_kubernetes_executor_config.py
[2024-06-23 23:45:26,946] {logging_mixin.py:104} INFO - [2024-06-23 23:45:26,946] {dag.py:1824} INFO - Sync 1 DAGs
[2024-06-23 23:45:26,955] {logging_mixin.py:104} INFO - [2024-06-23 23:45:26,955] {dag.py:2280} INFO - Setting next_dagrun for example_kubernetes_executor_config to None
[2024-06-23 23:45:26,961] {scheduler_job.py:190} INFO - Processing /home/airflow/.local/lib/python3.6/site-packages/airflow/example_dags/example_kubernetes_executor_config.py took 0.040 seconds
[2024-06-23 23:45:57,701] {scheduler_job.py:182} INFO - Started process (PID=5868) to work on /home/airflow/.local/lib/python3.6/site-packages/airflow/example_dags/example_kubernetes_executor_config.py
[2024-06-23 23:45:57,702] {scheduler_job.py:629} INFO - Processing file /home/airflow/.local/lib/python3.6/site-packages/airflow/example_dags/example_kubernetes_executor_config.py for tasks to queue
[2024-06-23 23:45:57,702] {logging_mixin.py:104} INFO - [2024-06-23 23:45:57,702] {dagbag.py:451} INFO - Filling up the DagBag from /home/airflow/.local/lib/python3.6/site-packages/airflow/example_dags/example_kubernetes_executor_config.py
[2024-06-23 23:45:57,710] {scheduler_job.py:639} INFO - DAG(s) dict_keys(['example_kubernetes_executor_config']) retrieved from /home/airflow/.local/lib/python3.6/site-packages/airflow/example_dags/example_kubernetes_executor_config.py
[2024-06-23 23:45:57,723] {logging_mixin.py:104} INFO - [2024-06-23 23:45:57,723] {dag.py:1824} INFO - Sync 1 DAGs
[2024-06-23 23:45:57,731] {logging_mixin.py:104} INFO - [2024-06-23 23:45:57,731] {dag.py:2280} INFO - Setting next_dagrun for example_kubernetes_executor_config to None
[2024-06-23 23:45:57,738] {scheduler_job.py:190} INFO - Processing /home/airflow/.local/lib/python3.6/site-packages/airflow/example_dags/example_kubernetes_executor_config.py took 0.039 seconds
[2024-06-23 23:46:28,521] {scheduler_job.py:182} INFO - Started process (PID=5894) to work on /home/airflow/.local/lib/python3.6/site-packages/airflow/example_dags/example_kubernetes_executor_config.py
[2024-06-23 23:46:28,522] {scheduler_job.py:629} INFO - Processing file /home/airflow/.local/lib/python3.6/site-packages/airflow/example_dags/example_kubernetes_executor_config.py for tasks to queue
[2024-06-23 23:46:28,522] {logging_mixin.py:104} INFO - [2024-06-23 23:46:28,522] {dagbag.py:451} INFO - Filling up the DagBag from /home/airflow/.local/lib/python3.6/site-packages/airflow/example_dags/example_kubernetes_executor_config.py
[2024-06-23 23:46:28,530] {scheduler_job.py:639} INFO - DAG(s) dict_keys(['example_kubernetes_executor_config']) retrieved from /home/airflow/.local/lib/python3.6/site-packages/airflow/example_dags/example_kubernetes_executor_config.py
[2024-06-23 23:46:28,543] {logging_mixin.py:104} INFO - [2024-06-23 23:46:28,543] {dag.py:1824} INFO - Sync 1 DAGs
[2024-06-23 23:46:28,551] {logging_mixin.py:104} INFO - [2024-06-23 23:46:28,551] {dag.py:2280} INFO - Setting next_dagrun for example_kubernetes_executor_config to None
[2024-06-23 23:46:28,558] {scheduler_job.py:190} INFO - Processing /home/airflow/.local/lib/python3.6/site-packages/airflow/example_dags/example_kubernetes_executor_config.py took 0.039 seconds
[2024-06-23 23:46:59,323] {scheduler_job.py:182} INFO - Started process (PID=5920) to work on /home/airflow/.local/lib/python3.6/site-packages/airflow/example_dags/example_kubernetes_executor_config.py
[2024-06-23 23:46:59,324] {scheduler_job.py:629} INFO - Processing file /home/airflow/.local/lib/python3.6/site-packages/airflow/example_dags/example_kubernetes_executor_config.py for tasks to queue
[2024-06-23 23:46:59,325] {logging_mixin.py:104} INFO - [2024-06-23 23:46:59,325] {dagbag.py:451} INFO - Filling up the DagBag from /home/airflow/.local/lib/python3.6/site-packages/airflow/example_dags/example_kubernetes_executor_config.py
[2024-06-23 23:46:59,333] {scheduler_job.py:639} INFO - DAG(s) dict_keys(['example_kubernetes_executor_config']) retrieved from /home/airflow/.local/lib/python3.6/site-packages/airflow/example_dags/example_kubernetes_executor_config.py
[2024-06-23 23:46:59,345] {logging_mixin.py:104} INFO - [2024-06-23 23:46:59,345] {dag.py:1824} INFO - Sync 1 DAGs
[2024-06-23 23:46:59,353] {logging_mixin.py:104} INFO - [2024-06-23 23:46:59,353] {dag.py:2280} INFO - Setting next_dagrun for example_kubernetes_executor_config to None
[2024-06-23 23:46:59,360] {scheduler_job.py:190} INFO - Processing /home/airflow/.local/lib/python3.6/site-packages/airflow/example_dags/example_kubernetes_executor_config.py took 0.038 seconds
[2024-06-23 23:47:30,122] {scheduler_job.py:182} INFO - Started process (PID=5946) to work on /home/airflow/.local/lib/python3.6/site-packages/airflow/example_dags/example_kubernetes_executor_config.py
[2024-06-23 23:47:30,123] {scheduler_job.py:629} INFO - Processing file /home/airflow/.local/lib/python3.6/site-packages/airflow/example_dags/example_kubernetes_executor_config.py for tasks to queue
[2024-06-23 23:47:30,123] {logging_mixin.py:104} INFO - [2024-06-23 23:47:30,123] {dagbag.py:451} INFO - Filling up the DagBag from /home/airflow/.local/lib/python3.6/site-packages/airflow/example_dags/example_kubernetes_executor_config.py
[2024-06-23 23:47:30,131] {scheduler_job.py:639} INFO - DAG(s) dict_keys(['example_kubernetes_executor_config']) retrieved from /home/airflow/.local/lib/python3.6/site-packages/airflow/example_dags/example_kubernetes_executor_config.py
[2024-06-23 23:47:30,144] {logging_mixin.py:104} INFO - [2024-06-23 23:47:30,144] {dag.py:1824} INFO - Sync 1 DAGs
[2024-06-23 23:47:30,152] {logging_mixin.py:104} INFO - [2024-06-23 23:47:30,152] {dag.py:2280} INFO - Setting next_dagrun for example_kubernetes_executor_config to None
[2024-06-23 23:47:30,159] {scheduler_job.py:190} INFO - Processing /home/airflow/.local/lib/python3.6/site-packages/airflow/example_dags/example_kubernetes_executor_config.py took 0.039 seconds
[2024-06-23 23:48:00,927] {scheduler_job.py:182} INFO - Started process (PID=5972) to work on /home/airflow/.local/lib/python3.6/site-packages/airflow/example_dags/example_kubernetes_executor_config.py
[2024-06-23 23:48:00,928] {scheduler_job.py:629} INFO - Processing file /home/airflow/.local/lib/python3.6/site-packages/airflow/example_dags/example_kubernetes_executor_config.py for tasks to queue
[2024-06-23 23:48:00,928] {logging_mixin.py:104} INFO - [2024-06-23 23:48:00,928] {dagbag.py:451} INFO - Filling up the DagBag from /home/airflow/.local/lib/python3.6/site-packages/airflow/example_dags/example_kubernetes_executor_config.py
[2024-06-23 23:48:00,936] {scheduler_job.py:639} INFO - DAG(s) dict_keys(['example_kubernetes_executor_config']) retrieved from /home/airflow/.local/lib/python3.6/site-packages/airflow/example_dags/example_kubernetes_executor_config.py
[2024-06-23 23:48:00,949] {logging_mixin.py:104} INFO - [2024-06-23 23:48:00,949] {dag.py:1824} INFO - Sync 1 DAGs
[2024-06-23 23:48:00,958] {logging_mixin.py:104} INFO - [2024-06-23 23:48:00,958] {dag.py:2280} INFO - Setting next_dagrun for example_kubernetes_executor_config to None
[2024-06-23 23:48:00,965] {scheduler_job.py:190} INFO - Processing /home/airflow/.local/lib/python3.6/site-packages/airflow/example_dags/example_kubernetes_executor_config.py took 0.040 seconds
[2024-06-23 23:48:31,758] {scheduler_job.py:182} INFO - Started process (PID=5998) to work on /home/airflow/.local/lib/python3.6/site-packages/airflow/example_dags/example_kubernetes_executor_config.py
[2024-06-23 23:48:31,758] {scheduler_job.py:629} INFO - Processing file /home/airflow/.local/lib/python3.6/site-packages/airflow/example_dags/example_kubernetes_executor_config.py for tasks to queue
[2024-06-23 23:48:31,759] {logging_mixin.py:104} INFO - [2024-06-23 23:48:31,759] {dagbag.py:451} INFO - Filling up the DagBag from /home/airflow/.local/lib/python3.6/site-packages/airflow/example_dags/example_kubernetes_executor_config.py
[2024-06-23 23:48:31,767] {scheduler_job.py:639} INFO - DAG(s) dict_keys(['example_kubernetes_executor_config']) retrieved from /home/airflow/.local/lib/python3.6/site-packages/airflow/example_dags/example_kubernetes_executor_config.py
[2024-06-23 23:48:31,779] {logging_mixin.py:104} INFO - [2024-06-23 23:48:31,779] {dag.py:1824} INFO - Sync 1 DAGs
[2024-06-23 23:48:31,787] {logging_mixin.py:104} INFO - [2024-06-23 23:48:31,787] {dag.py:2280} INFO - Setting next_dagrun for example_kubernetes_executor_config to None
[2024-06-23 23:48:31,794] {scheduler_job.py:190} INFO - Processing /home/airflow/.local/lib/python3.6/site-packages/airflow/example_dags/example_kubernetes_executor_config.py took 0.038 seconds
[2024-06-23 23:49:02,518] {scheduler_job.py:182} INFO - Started process (PID=6024) to work on /home/airflow/.local/lib/python3.6/site-packages/airflow/example_dags/example_kubernetes_executor_config.py
[2024-06-23 23:49:02,519] {scheduler_job.py:629} INFO - Processing file /home/airflow/.local/lib/python3.6/site-packages/airflow/example_dags/example_kubernetes_executor_config.py for tasks to queue
[2024-06-23 23:49:02,520] {logging_mixin.py:104} INFO - [2024-06-23 23:49:02,519] {dagbag.py:451} INFO - Filling up the DagBag from /home/airflow/.local/lib/python3.6/site-packages/airflow/example_dags/example_kubernetes_executor_config.py
[2024-06-23 23:49:02,528] {scheduler_job.py:639} INFO - DAG(s) dict_keys(['example_kubernetes_executor_config']) retrieved from /home/airflow/.local/lib/python3.6/site-packages/airflow/example_dags/example_kubernetes_executor_config.py
[2024-06-23 23:49:02,541] {logging_mixin.py:104} INFO - [2024-06-23 23:49:02,541] {dag.py:1824} INFO - Sync 1 DAGs
[2024-06-23 23:49:02,550] {logging_mixin.py:104} INFO - [2024-06-23 23:49:02,550] {dag.py:2280} INFO - Setting next_dagrun for example_kubernetes_executor_config to None
[2024-06-23 23:49:02,556] {scheduler_job.py:190} INFO - Processing /home/airflow/.local/lib/python3.6/site-packages/airflow/example_dags/example_kubernetes_executor_config.py took 0.040 seconds
[2024-06-23 23:49:33,303] {scheduler_job.py:182} INFO - Started process (PID=6050) to work on /home/airflow/.local/lib/python3.6/site-packages/airflow/example_dags/example_kubernetes_executor_config.py
[2024-06-23 23:49:33,303] {scheduler_job.py:629} INFO - Processing file /home/airflow/.local/lib/python3.6/site-packages/airflow/example_dags/example_kubernetes_executor_config.py for tasks to queue
[2024-06-23 23:49:33,304] {logging_mixin.py:104} INFO - [2024-06-23 23:49:33,304] {dagbag.py:451} INFO - Filling up the DagBag from /home/airflow/.local/lib/python3.6/site-packages/airflow/example_dags/example_kubernetes_executor_config.py
[2024-06-23 23:49:33,312] {scheduler_job.py:639} INFO - DAG(s) dict_keys(['example_kubernetes_executor_config']) retrieved from /home/airflow/.local/lib/python3.6/site-packages/airflow/example_dags/example_kubernetes_executor_config.py
[2024-06-23 23:49:33,324] {logging_mixin.py:104} INFO - [2024-06-23 23:49:33,324] {dag.py:1824} INFO - Sync 1 DAGs
[2024-06-23 23:49:33,332] {logging_mixin.py:104} INFO - [2024-06-23 23:49:33,332] {dag.py:2280} INFO - Setting next_dagrun for example_kubernetes_executor_config to None
[2024-06-23 23:49:33,339] {scheduler_job.py:190} INFO - Processing /home/airflow/.local/lib/python3.6/site-packages/airflow/example_dags/example_kubernetes_executor_config.py took 0.039 seconds
[2024-06-23 23:50:04,108] {scheduler_job.py:182} INFO - Started process (PID=6076) to work on /home/airflow/.local/lib/python3.6/site-packages/airflow/example_dags/example_kubernetes_executor_config.py
[2024-06-23 23:50:04,109] {scheduler_job.py:629} INFO - Processing file /home/airflow/.local/lib/python3.6/site-packages/airflow/example_dags/example_kubernetes_executor_config.py for tasks to queue
[2024-06-23 23:50:04,110] {logging_mixin.py:104} INFO - [2024-06-23 23:50:04,110] {dagbag.py:451} INFO - Filling up the DagBag from /home/airflow/.local/lib/python3.6/site-packages/airflow/example_dags/example_kubernetes_executor_config.py
[2024-06-23 23:50:04,117] {scheduler_job.py:639} INFO - DAG(s) dict_keys(['example_kubernetes_executor_config']) retrieved from /home/airflow/.local/lib/python3.6/site-packages/airflow/example_dags/example_kubernetes_executor_config.py
[2024-06-23 23:50:04,130] {logging_mixin.py:104} INFO - [2024-06-23 23:50:04,130] {dag.py:1824} INFO - Sync 1 DAGs
[2024-06-23 23:50:04,140] {logging_mixin.py:104} INFO - [2024-06-23 23:50:04,140] {dag.py:2280} INFO - Setting next_dagrun for example_kubernetes_executor_config to None
[2024-06-23 23:50:04,147] {scheduler_job.py:190} INFO - Processing /home/airflow/.local/lib/python3.6/site-packages/airflow/example_dags/example_kubernetes_executor_config.py took 0.041 seconds
[2024-06-23 23:50:34,896] {scheduler_job.py:182} INFO - Started process (PID=6102) to work on /home/airflow/.local/lib/python3.6/site-packages/airflow/example_dags/example_kubernetes_executor_config.py
[2024-06-23 23:50:34,897] {scheduler_job.py:629} INFO - Processing file /home/airflow/.local/lib/python3.6/site-packages/airflow/example_dags/example_kubernetes_executor_config.py for tasks to queue
[2024-06-23 23:50:34,897] {logging_mixin.py:104} INFO - [2024-06-23 23:50:34,897] {dagbag.py:451} INFO - Filling up the DagBag from /home/airflow/.local/lib/python3.6/site-packages/airflow/example_dags/example_kubernetes_executor_config.py
[2024-06-23 23:50:34,905] {scheduler_job.py:639} INFO - DAG(s) dict_keys(['example_kubernetes_executor_config']) retrieved from /home/airflow/.local/lib/python3.6/site-packages/airflow/example_dags/example_kubernetes_executor_config.py
[2024-06-23 23:50:34,918] {logging_mixin.py:104} INFO - [2024-06-23 23:50:34,918] {dag.py:1824} INFO - Sync 1 DAGs
[2024-06-23 23:50:34,926] {logging_mixin.py:104} INFO - [2024-06-23 23:50:34,926] {dag.py:2280} INFO - Setting next_dagrun for example_kubernetes_executor_config to None
[2024-06-23 23:50:34,933] {scheduler_job.py:190} INFO - Processing /home/airflow/.local/lib/python3.6/site-packages/airflow/example_dags/example_kubernetes_executor_config.py took 0.038 seconds
[2024-06-23 23:51:05,701] {scheduler_job.py:182} INFO - Started process (PID=6128) to work on /home/airflow/.local/lib/python3.6/site-packages/airflow/example_dags/example_kubernetes_executor_config.py
[2024-06-23 23:51:05,702] {scheduler_job.py:629} INFO - Processing file /home/airflow/.local/lib/python3.6/site-packages/airflow/example_dags/example_kubernetes_executor_config.py for tasks to queue
[2024-06-23 23:51:05,702] {logging_mixin.py:104} INFO - [2024-06-23 23:51:05,702] {dagbag.py:451} INFO - Filling up the DagBag from /home/airflow/.local/lib/python3.6/site-packages/airflow/example_dags/example_kubernetes_executor_config.py
[2024-06-23 23:51:05,710] {scheduler_job.py:639} INFO - DAG(s) dict_keys(['example_kubernetes_executor_config']) retrieved from /home/airflow/.local/lib/python3.6/site-packages/airflow/example_dags/example_kubernetes_executor_config.py
[2024-06-23 23:51:05,723] {logging_mixin.py:104} INFO - [2024-06-23 23:51:05,723] {dag.py:1824} INFO - Sync 1 DAGs
[2024-06-23 23:51:05,731] {logging_mixin.py:104} INFO - [2024-06-23 23:51:05,731] {dag.py:2280} INFO - Setting next_dagrun for example_kubernetes_executor_config to None
[2024-06-23 23:51:05,738] {scheduler_job.py:190} INFO - Processing /home/airflow/.local/lib/python3.6/site-packages/airflow/example_dags/example_kubernetes_executor_config.py took 0.039 seconds
[2024-06-23 23:51:36,484] {scheduler_job.py:182} INFO - Started process (PID=6154) to work on /home/airflow/.local/lib/python3.6/site-packages/airflow/example_dags/example_kubernetes_executor_config.py
[2024-06-23 23:51:36,485] {scheduler_job.py:629} INFO - Processing file /home/airflow/.local/lib/python3.6/site-packages/airflow/example_dags/example_kubernetes_executor_config.py for tasks to queue
[2024-06-23 23:51:36,485] {logging_mixin.py:104} INFO - [2024-06-23 23:51:36,485] {dagbag.py:451} INFO - Filling up the DagBag from /home/airflow/.local/lib/python3.6/site-packages/airflow/example_dags/example_kubernetes_executor_config.py
[2024-06-23 23:51:36,493] {scheduler_job.py:639} INFO - DAG(s) dict_keys(['example_kubernetes_executor_config']) retrieved from /home/airflow/.local/lib/python3.6/site-packages/airflow/example_dags/example_kubernetes_executor_config.py
[2024-06-23 23:51:36,506] {logging_mixin.py:104} INFO - [2024-06-23 23:51:36,506] {dag.py:1824} INFO - Sync 1 DAGs
[2024-06-23 23:51:36,514] {logging_mixin.py:104} INFO - [2024-06-23 23:51:36,514] {dag.py:2280} INFO - Setting next_dagrun for example_kubernetes_executor_config to None
[2024-06-23 23:51:36,521] {scheduler_job.py:190} INFO - Processing /home/airflow/.local/lib/python3.6/site-packages/airflow/example_dags/example_kubernetes_executor_config.py took 0.038 seconds
[2024-06-23 23:52:07,294] {scheduler_job.py:182} INFO - Started process (PID=6180) to work on /home/airflow/.local/lib/python3.6/site-packages/airflow/example_dags/example_kubernetes_executor_config.py
[2024-06-23 23:52:07,294] {scheduler_job.py:629} INFO - Processing file /home/airflow/.local/lib/python3.6/site-packages/airflow/example_dags/example_kubernetes_executor_config.py for tasks to queue
[2024-06-23 23:52:07,295] {logging_mixin.py:104} INFO - [2024-06-23 23:52:07,295] {dagbag.py:451} INFO - Filling up the DagBag from /home/airflow/.local/lib/python3.6/site-packages/airflow/example_dags/example_kubernetes_executor_config.py
[2024-06-23 23:52:07,304] {scheduler_job.py:639} INFO - DAG(s) dict_keys(['example_kubernetes_executor_config']) retrieved from /home/airflow/.local/lib/python3.6/site-packages/airflow/example_dags/example_kubernetes_executor_config.py
[2024-06-23 23:52:07,320] {logging_mixin.py:104} INFO - [2024-06-23 23:52:07,320] {dag.py:1824} INFO - Sync 1 DAGs
[2024-06-23 23:52:07,329] {logging_mixin.py:104} INFO - [2024-06-23 23:52:07,329] {dag.py:2280} INFO - Setting next_dagrun for example_kubernetes_executor_config to None
[2024-06-23 23:52:07,337] {scheduler_job.py:190} INFO - Processing /home/airflow/.local/lib/python3.6/site-packages/airflow/example_dags/example_kubernetes_executor_config.py took 0.045 seconds
[2024-06-23 23:52:38,077] {scheduler_job.py:182} INFO - Started process (PID=6206) to work on /home/airflow/.local/lib/python3.6/site-packages/airflow/example_dags/example_kubernetes_executor_config.py
[2024-06-23 23:52:38,078] {scheduler_job.py:629} INFO - Processing file /home/airflow/.local/lib/python3.6/site-packages/airflow/example_dags/example_kubernetes_executor_config.py for tasks to queue
[2024-06-23 23:52:38,079] {logging_mixin.py:104} INFO - [2024-06-23 23:52:38,078] {dagbag.py:451} INFO - Filling up the DagBag from /home/airflow/.local/lib/python3.6/site-packages/airflow/example_dags/example_kubernetes_executor_config.py
[2024-06-23 23:52:38,086] {scheduler_job.py:639} INFO - DAG(s) dict_keys(['example_kubernetes_executor_config']) retrieved from /home/airflow/.local/lib/python3.6/site-packages/airflow/example_dags/example_kubernetes_executor_config.py
[2024-06-23 23:52:38,099] {logging_mixin.py:104} INFO - [2024-06-23 23:52:38,098] {dag.py:1824} INFO - Sync 1 DAGs
[2024-06-23 23:52:38,106] {logging_mixin.py:104} INFO - [2024-06-23 23:52:38,106] {dag.py:2280} INFO - Setting next_dagrun for example_kubernetes_executor_config to None
[2024-06-23 23:52:38,113] {scheduler_job.py:190} INFO - Processing /home/airflow/.local/lib/python3.6/site-packages/airflow/example_dags/example_kubernetes_executor_config.py took 0.038 seconds
[2024-06-23 23:53:08,878] {scheduler_job.py:182} INFO - Started process (PID=6232) to work on /home/airflow/.local/lib/python3.6/site-packages/airflow/example_dags/example_kubernetes_executor_config.py
[2024-06-23 23:53:08,878] {scheduler_job.py:629} INFO - Processing file /home/airflow/.local/lib/python3.6/site-packages/airflow/example_dags/example_kubernetes_executor_config.py for tasks to queue
[2024-06-23 23:53:08,879] {logging_mixin.py:104} INFO - [2024-06-23 23:53:08,879] {dagbag.py:451} INFO - Filling up the DagBag from /home/airflow/.local/lib/python3.6/site-packages/airflow/example_dags/example_kubernetes_executor_config.py
[2024-06-23 23:53:08,886] {scheduler_job.py:639} INFO - DAG(s) dict_keys(['example_kubernetes_executor_config']) retrieved from /home/airflow/.local/lib/python3.6/site-packages/airflow/example_dags/example_kubernetes_executor_config.py
[2024-06-23 23:53:08,900] {logging_mixin.py:104} INFO - [2024-06-23 23:53:08,900] {dag.py:1824} INFO - Sync 1 DAGs
[2024-06-23 23:53:08,908] {logging_mixin.py:104} INFO - [2024-06-23 23:53:08,908] {dag.py:2280} INFO - Setting next_dagrun for example_kubernetes_executor_config to None
[2024-06-23 23:53:08,915] {scheduler_job.py:190} INFO - Processing /home/airflow/.local/lib/python3.6/site-packages/airflow/example_dags/example_kubernetes_executor_config.py took 0.039 seconds
[2024-06-23 23:53:39,675] {scheduler_job.py:182} INFO - Started process (PID=6258) to work on /home/airflow/.local/lib/python3.6/site-packages/airflow/example_dags/example_kubernetes_executor_config.py
[2024-06-23 23:53:39,676] {scheduler_job.py:629} INFO - Processing file /home/airflow/.local/lib/python3.6/site-packages/airflow/example_dags/example_kubernetes_executor_config.py for tasks to queue
[2024-06-23 23:53:39,677] {logging_mixin.py:104} INFO - [2024-06-23 23:53:39,676] {dagbag.py:451} INFO - Filling up the DagBag from /home/airflow/.local/lib/python3.6/site-packages/airflow/example_dags/example_kubernetes_executor_config.py
[2024-06-23 23:53:39,685] {scheduler_job.py:639} INFO - DAG(s) dict_keys(['example_kubernetes_executor_config']) retrieved from /home/airflow/.local/lib/python3.6/site-packages/airflow/example_dags/example_kubernetes_executor_config.py
[2024-06-23 23:53:39,698] {logging_mixin.py:104} INFO - [2024-06-23 23:53:39,698] {dag.py:1824} INFO - Sync 1 DAGs
[2024-06-23 23:53:39,706] {logging_mixin.py:104} INFO - [2024-06-23 23:53:39,706] {dag.py:2280} INFO - Setting next_dagrun for example_kubernetes_executor_config to None
[2024-06-23 23:53:39,712] {scheduler_job.py:190} INFO - Processing /home/airflow/.local/lib/python3.6/site-packages/airflow/example_dags/example_kubernetes_executor_config.py took 0.039 seconds
[2024-06-23 23:54:10,457] {scheduler_job.py:182} INFO - Started process (PID=6284) to work on /home/airflow/.local/lib/python3.6/site-packages/airflow/example_dags/example_kubernetes_executor_config.py
[2024-06-23 23:54:10,458] {scheduler_job.py:629} INFO - Processing file /home/airflow/.local/lib/python3.6/site-packages/airflow/example_dags/example_kubernetes_executor_config.py for tasks to queue
[2024-06-23 23:54:10,459] {logging_mixin.py:104} INFO - [2024-06-23 23:54:10,459] {dagbag.py:451} INFO - Filling up the DagBag from /home/airflow/.local/lib/python3.6/site-packages/airflow/example_dags/example_kubernetes_executor_config.py
[2024-06-23 23:54:10,467] {scheduler_job.py:639} INFO - DAG(s) dict_keys(['example_kubernetes_executor_config']) retrieved from /home/airflow/.local/lib/python3.6/site-packages/airflow/example_dags/example_kubernetes_executor_config.py
[2024-06-23 23:54:10,480] {logging_mixin.py:104} INFO - [2024-06-23 23:54:10,480] {dag.py:1824} INFO - Sync 1 DAGs
[2024-06-23 23:54:10,488] {logging_mixin.py:104} INFO - [2024-06-23 23:54:10,488] {dag.py:2280} INFO - Setting next_dagrun for example_kubernetes_executor_config to None
[2024-06-23 23:54:10,495] {scheduler_job.py:190} INFO - Processing /home/airflow/.local/lib/python3.6/site-packages/airflow/example_dags/example_kubernetes_executor_config.py took 0.039 seconds
[2024-06-23 23:54:41,281] {scheduler_job.py:182} INFO - Started process (PID=6310) to work on /home/airflow/.local/lib/python3.6/site-packages/airflow/example_dags/example_kubernetes_executor_config.py
[2024-06-23 23:54:41,282] {scheduler_job.py:629} INFO - Processing file /home/airflow/.local/lib/python3.6/site-packages/airflow/example_dags/example_kubernetes_executor_config.py for tasks to queue
[2024-06-23 23:54:41,283] {logging_mixin.py:104} INFO - [2024-06-23 23:54:41,283] {dagbag.py:451} INFO - Filling up the DagBag from /home/airflow/.local/lib/python3.6/site-packages/airflow/example_dags/example_kubernetes_executor_config.py
[2024-06-23 23:54:41,291] {scheduler_job.py:639} INFO - DAG(s) dict_keys(['example_kubernetes_executor_config']) retrieved from /home/airflow/.local/lib/python3.6/site-packages/airflow/example_dags/example_kubernetes_executor_config.py
[2024-06-23 23:54:41,304] {logging_mixin.py:104} INFO - [2024-06-23 23:54:41,304] {dag.py:1824} INFO - Sync 1 DAGs
[2024-06-23 23:54:41,312] {logging_mixin.py:104} INFO - [2024-06-23 23:54:41,312] {dag.py:2280} INFO - Setting next_dagrun for example_kubernetes_executor_config to None
[2024-06-23 23:54:41,318] {scheduler_job.py:190} INFO - Processing /home/airflow/.local/lib/python3.6/site-packages/airflow/example_dags/example_kubernetes_executor_config.py took 0.039 seconds
[2024-06-23 23:55:12,095] {scheduler_job.py:182} INFO - Started process (PID=6336) to work on /home/airflow/.local/lib/python3.6/site-packages/airflow/example_dags/example_kubernetes_executor_config.py
[2024-06-23 23:55:12,095] {scheduler_job.py:629} INFO - Processing file /home/airflow/.local/lib/python3.6/site-packages/airflow/example_dags/example_kubernetes_executor_config.py for tasks to queue
[2024-06-23 23:55:12,096] {logging_mixin.py:104} INFO - [2024-06-23 23:55:12,096] {dagbag.py:451} INFO - Filling up the DagBag from /home/airflow/.local/lib/python3.6/site-packages/airflow/example_dags/example_kubernetes_executor_config.py
[2024-06-23 23:55:12,104] {scheduler_job.py:639} INFO - DAG(s) dict_keys(['example_kubernetes_executor_config']) retrieved from /home/airflow/.local/lib/python3.6/site-packages/airflow/example_dags/example_kubernetes_executor_config.py
[2024-06-23 23:55:12,119] {logging_mixin.py:104} INFO - [2024-06-23 23:55:12,119] {dag.py:1824} INFO - Sync 1 DAGs
[2024-06-23 23:55:12,129] {logging_mixin.py:104} INFO - [2024-06-23 23:55:12,129] {dag.py:2280} INFO - Setting next_dagrun for example_kubernetes_executor_config to None
[2024-06-23 23:55:12,138] {scheduler_job.py:190} INFO - Processing /home/airflow/.local/lib/python3.6/site-packages/airflow/example_dags/example_kubernetes_executor_config.py took 0.045 seconds
[2024-06-23 23:55:42,937] {scheduler_job.py:182} INFO - Started process (PID=6362) to work on /home/airflow/.local/lib/python3.6/site-packages/airflow/example_dags/example_kubernetes_executor_config.py
[2024-06-23 23:55:42,938] {scheduler_job.py:629} INFO - Processing file /home/airflow/.local/lib/python3.6/site-packages/airflow/example_dags/example_kubernetes_executor_config.py for tasks to queue
[2024-06-23 23:55:42,939] {logging_mixin.py:104} INFO - [2024-06-23 23:55:42,939] {dagbag.py:451} INFO - Filling up the DagBag from /home/airflow/.local/lib/python3.6/site-packages/airflow/example_dags/example_kubernetes_executor_config.py
[2024-06-23 23:55:42,947] {scheduler_job.py:639} INFO - DAG(s) dict_keys(['example_kubernetes_executor_config']) retrieved from /home/airflow/.local/lib/python3.6/site-packages/airflow/example_dags/example_kubernetes_executor_config.py
[2024-06-23 23:55:42,960] {logging_mixin.py:104} INFO - [2024-06-23 23:55:42,960] {dag.py:1824} INFO - Sync 1 DAGs
[2024-06-23 23:55:42,969] {logging_mixin.py:104} INFO - [2024-06-23 23:55:42,969] {dag.py:2280} INFO - Setting next_dagrun for example_kubernetes_executor_config to None
[2024-06-23 23:55:42,976] {scheduler_job.py:190} INFO - Processing /home/airflow/.local/lib/python3.6/site-packages/airflow/example_dags/example_kubernetes_executor_config.py took 0.041 seconds
[2024-06-23 23:56:13,753] {scheduler_job.py:182} INFO - Started process (PID=6388) to work on /home/airflow/.local/lib/python3.6/site-packages/airflow/example_dags/example_kubernetes_executor_config.py
[2024-06-23 23:56:13,754] {scheduler_job.py:629} INFO - Processing file /home/airflow/.local/lib/python3.6/site-packages/airflow/example_dags/example_kubernetes_executor_config.py for tasks to queue
[2024-06-23 23:56:13,754] {logging_mixin.py:104} INFO - [2024-06-23 23:56:13,754] {dagbag.py:451} INFO - Filling up the DagBag from /home/airflow/.local/lib/python3.6/site-packages/airflow/example_dags/example_kubernetes_executor_config.py
[2024-06-23 23:56:13,763] {scheduler_job.py:639} INFO - DAG(s) dict_keys(['example_kubernetes_executor_config']) retrieved from /home/airflow/.local/lib/python3.6/site-packages/airflow/example_dags/example_kubernetes_executor_config.py
[2024-06-23 23:56:13,778] {logging_mixin.py:104} INFO - [2024-06-23 23:56:13,778] {dag.py:1824} INFO - Sync 1 DAGs
[2024-06-23 23:56:13,787] {logging_mixin.py:104} INFO - [2024-06-23 23:56:13,787] {dag.py:2280} INFO - Setting next_dagrun for example_kubernetes_executor_config to None
[2024-06-23 23:56:13,794] {scheduler_job.py:190} INFO - Processing /home/airflow/.local/lib/python3.6/site-packages/airflow/example_dags/example_kubernetes_executor_config.py took 0.043 seconds
[2024-06-23 23:56:44,553] {scheduler_job.py:182} INFO - Started process (PID=6414) to work on /home/airflow/.local/lib/python3.6/site-packages/airflow/example_dags/example_kubernetes_executor_config.py
[2024-06-23 23:56:44,554] {scheduler_job.py:629} INFO - Processing file /home/airflow/.local/lib/python3.6/site-packages/airflow/example_dags/example_kubernetes_executor_config.py for tasks to queue
[2024-06-23 23:56:44,554] {logging_mixin.py:104} INFO - [2024-06-23 23:56:44,554] {dagbag.py:451} INFO - Filling up the DagBag from /home/airflow/.local/lib/python3.6/site-packages/airflow/example_dags/example_kubernetes_executor_config.py
[2024-06-23 23:56:44,562] {scheduler_job.py:639} INFO - DAG(s) dict_keys(['example_kubernetes_executor_config']) retrieved from /home/airflow/.local/lib/python3.6/site-packages/airflow/example_dags/example_kubernetes_executor_config.py
[2024-06-23 23:56:44,575] {logging_mixin.py:104} INFO - [2024-06-23 23:56:44,575] {dag.py:1824} INFO - Sync 1 DAGs
[2024-06-23 23:56:44,583] {logging_mixin.py:104} INFO - [2024-06-23 23:56:44,583] {dag.py:2280} INFO - Setting next_dagrun for example_kubernetes_executor_config to None
[2024-06-23 23:56:44,590] {scheduler_job.py:190} INFO - Processing /home/airflow/.local/lib/python3.6/site-packages/airflow/example_dags/example_kubernetes_executor_config.py took 0.039 seconds
[2024-06-23 23:57:15,363] {scheduler_job.py:182} INFO - Started process (PID=6440) to work on /home/airflow/.local/lib/python3.6/site-packages/airflow/example_dags/example_kubernetes_executor_config.py
[2024-06-23 23:57:15,363] {scheduler_job.py:629} INFO - Processing file /home/airflow/.local/lib/python3.6/site-packages/airflow/example_dags/example_kubernetes_executor_config.py for tasks to queue
[2024-06-23 23:57:15,364] {logging_mixin.py:104} INFO - [2024-06-23 23:57:15,364] {dagbag.py:451} INFO - Filling up the DagBag from /home/airflow/.local/lib/python3.6/site-packages/airflow/example_dags/example_kubernetes_executor_config.py
[2024-06-23 23:57:15,372] {scheduler_job.py:639} INFO - DAG(s) dict_keys(['example_kubernetes_executor_config']) retrieved from /home/airflow/.local/lib/python3.6/site-packages/airflow/example_dags/example_kubernetes_executor_config.py
[2024-06-23 23:57:15,385] {logging_mixin.py:104} INFO - [2024-06-23 23:57:15,385] {dag.py:1824} INFO - Sync 1 DAGs
[2024-06-23 23:57:15,393] {logging_mixin.py:104} INFO - [2024-06-23 23:57:15,393] {dag.py:2280} INFO - Setting next_dagrun for example_kubernetes_executor_config to None
[2024-06-23 23:57:15,400] {scheduler_job.py:190} INFO - Processing /home/airflow/.local/lib/python3.6/site-packages/airflow/example_dags/example_kubernetes_executor_config.py took 0.040 seconds
[2024-06-23 23:57:46,157] {scheduler_job.py:182} INFO - Started process (PID=6466) to work on /home/airflow/.local/lib/python3.6/site-packages/airflow/example_dags/example_kubernetes_executor_config.py
[2024-06-23 23:57:46,159] {scheduler_job.py:629} INFO - Processing file /home/airflow/.local/lib/python3.6/site-packages/airflow/example_dags/example_kubernetes_executor_config.py for tasks to queue
[2024-06-23 23:57:46,159] {logging_mixin.py:104} INFO - [2024-06-23 23:57:46,159] {dagbag.py:451} INFO - Filling up the DagBag from /home/airflow/.local/lib/python3.6/site-packages/airflow/example_dags/example_kubernetes_executor_config.py
[2024-06-23 23:57:46,166] {scheduler_job.py:639} INFO - DAG(s) dict_keys(['example_kubernetes_executor_config']) retrieved from /home/airflow/.local/lib/python3.6/site-packages/airflow/example_dags/example_kubernetes_executor_config.py
[2024-06-23 23:57:46,179] {logging_mixin.py:104} INFO - [2024-06-23 23:57:46,179] {dag.py:1824} INFO - Sync 1 DAGs
[2024-06-23 23:57:46,187] {logging_mixin.py:104} INFO - [2024-06-23 23:57:46,187] {dag.py:2280} INFO - Setting next_dagrun for example_kubernetes_executor_config to None
[2024-06-23 23:57:46,194] {scheduler_job.py:190} INFO - Processing /home/airflow/.local/lib/python3.6/site-packages/airflow/example_dags/example_kubernetes_executor_config.py took 0.038 seconds
[2024-06-23 23:58:16,975] {scheduler_job.py:182} INFO - Started process (PID=6492) to work on /home/airflow/.local/lib/python3.6/site-packages/airflow/example_dags/example_kubernetes_executor_config.py
[2024-06-23 23:58:16,976] {scheduler_job.py:629} INFO - Processing file /home/airflow/.local/lib/python3.6/site-packages/airflow/example_dags/example_kubernetes_executor_config.py for tasks to queue
[2024-06-23 23:58:16,976] {logging_mixin.py:104} INFO - [2024-06-23 23:58:16,976] {dagbag.py:451} INFO - Filling up the DagBag from /home/airflow/.local/lib/python3.6/site-packages/airflow/example_dags/example_kubernetes_executor_config.py
[2024-06-23 23:58:16,984] {scheduler_job.py:639} INFO - DAG(s) dict_keys(['example_kubernetes_executor_config']) retrieved from /home/airflow/.local/lib/python3.6/site-packages/airflow/example_dags/example_kubernetes_executor_config.py
[2024-06-23 23:58:16,998] {logging_mixin.py:104} INFO - [2024-06-23 23:58:16,998] {dag.py:1824} INFO - Sync 1 DAGs
[2024-06-23 23:58:17,008] {logging_mixin.py:104} INFO - [2024-06-23 23:58:17,008] {dag.py:2280} INFO - Setting next_dagrun for example_kubernetes_executor_config to None
[2024-06-23 23:58:17,031] {scheduler_job.py:190} INFO - Processing /home/airflow/.local/lib/python3.6/site-packages/airflow/example_dags/example_kubernetes_executor_config.py took 0.057 seconds
[2024-06-23 23:58:47,974] {scheduler_job.py:182} INFO - Started process (PID=6518) to work on /home/airflow/.local/lib/python3.6/site-packages/airflow/example_dags/example_kubernetes_executor_config.py
[2024-06-23 23:58:47,975] {scheduler_job.py:629} INFO - Processing file /home/airflow/.local/lib/python3.6/site-packages/airflow/example_dags/example_kubernetes_executor_config.py for tasks to queue
[2024-06-23 23:58:47,975] {logging_mixin.py:104} INFO - [2024-06-23 23:58:47,975] {dagbag.py:451} INFO - Filling up the DagBag from /home/airflow/.local/lib/python3.6/site-packages/airflow/example_dags/example_kubernetes_executor_config.py
[2024-06-23 23:58:47,983] {scheduler_job.py:639} INFO - DAG(s) dict_keys(['example_kubernetes_executor_config']) retrieved from /home/airflow/.local/lib/python3.6/site-packages/airflow/example_dags/example_kubernetes_executor_config.py
[2024-06-23 23:58:47,996] {logging_mixin.py:104} INFO - [2024-06-23 23:58:47,996] {dag.py:1824} INFO - Sync 1 DAGs
[2024-06-23 23:58:48,004] {logging_mixin.py:104} INFO - [2024-06-23 23:58:48,004] {dag.py:2280} INFO - Setting next_dagrun for example_kubernetes_executor_config to None
[2024-06-23 23:58:48,011] {scheduler_job.py:190} INFO - Processing /home/airflow/.local/lib/python3.6/site-packages/airflow/example_dags/example_kubernetes_executor_config.py took 0.038 seconds
[2024-06-23 23:59:18,790] {scheduler_job.py:182} INFO - Started process (PID=6544) to work on /home/airflow/.local/lib/python3.6/site-packages/airflow/example_dags/example_kubernetes_executor_config.py
[2024-06-23 23:59:18,791] {scheduler_job.py:629} INFO - Processing file /home/airflow/.local/lib/python3.6/site-packages/airflow/example_dags/example_kubernetes_executor_config.py for tasks to queue
[2024-06-23 23:59:18,792] {logging_mixin.py:104} INFO - [2024-06-23 23:59:18,792] {dagbag.py:451} INFO - Filling up the DagBag from /home/airflow/.local/lib/python3.6/site-packages/airflow/example_dags/example_kubernetes_executor_config.py
[2024-06-23 23:59:18,800] {scheduler_job.py:639} INFO - DAG(s) dict_keys(['example_kubernetes_executor_config']) retrieved from /home/airflow/.local/lib/python3.6/site-packages/airflow/example_dags/example_kubernetes_executor_config.py
[2024-06-23 23:59:18,813] {logging_mixin.py:104} INFO - [2024-06-23 23:59:18,813] {dag.py:1824} INFO - Sync 1 DAGs
[2024-06-23 23:59:18,821] {logging_mixin.py:104} INFO - [2024-06-23 23:59:18,821] {dag.py:2280} INFO - Setting next_dagrun for example_kubernetes_executor_config to None
[2024-06-23 23:59:18,827] {scheduler_job.py:190} INFO - Processing /home/airflow/.local/lib/python3.6/site-packages/airflow/example_dags/example_kubernetes_executor_config.py took 0.039 seconds
[2024-06-23 23:59:49,609] {scheduler_job.py:182} INFO - Started process (PID=6570) to work on /home/airflow/.local/lib/python3.6/site-packages/airflow/example_dags/example_kubernetes_executor_config.py
[2024-06-23 23:59:49,610] {scheduler_job.py:629} INFO - Processing file /home/airflow/.local/lib/python3.6/site-packages/airflow/example_dags/example_kubernetes_executor_config.py for tasks to queue
[2024-06-23 23:59:49,610] {logging_mixin.py:104} INFO - [2024-06-23 23:59:49,610] {dagbag.py:451} INFO - Filling up the DagBag from /home/airflow/.local/lib/python3.6/site-packages/airflow/example_dags/example_kubernetes_executor_config.py
[2024-06-23 23:59:49,618] {scheduler_job.py:639} INFO - DAG(s) dict_keys(['example_kubernetes_executor_config']) retrieved from /home/airflow/.local/lib/python3.6/site-packages/airflow/example_dags/example_kubernetes_executor_config.py
[2024-06-23 23:59:49,632] {logging_mixin.py:104} INFO - [2024-06-23 23:59:49,632] {dag.py:1824} INFO - Sync 1 DAGs
[2024-06-23 23:59:49,641] {logging_mixin.py:104} INFO - [2024-06-23 23:59:49,641] {dag.py:2280} INFO - Setting next_dagrun for example_kubernetes_executor_config to None
[2024-06-23 23:59:49,649] {scheduler_job.py:190} INFO - Processing /home/airflow/.local/lib/python3.6/site-packages/airflow/example_dags/example_kubernetes_executor_config.py took 0.041 seconds
