[2024-06-23 23:41:53,022] {scheduler_job.py:182} INFO - Started process (PID=5664) to work on /home/airflow/.local/lib/python3.6/site-packages/airflow/example_dags/example_task_group.py
[2024-06-23 23:41:53,024] {scheduler_job.py:629} INFO - Processing file /home/airflow/.local/lib/python3.6/site-packages/airflow/example_dags/example_task_group.py for tasks to queue
[2024-06-23 23:41:53,025] {logging_mixin.py:104} INFO - [2024-06-23 23:41:53,025] {dagbag.py:451} INFO - Filling up the DagBag from /home/airflow/.local/lib/python3.6/site-packages/airflow/example_dags/example_task_group.py
[2024-06-23 23:41:53,047] {scheduler_job.py:639} INFO - DAG(s) dict_keys(['example_task_group']) retrieved from /home/airflow/.local/lib/python3.6/site-packages/airflow/example_dags/example_task_group.py
[2024-06-23 23:41:53,096] {logging_mixin.py:104} INFO - [2024-06-23 23:41:53,096] {dag.py:1824} INFO - Sync 1 DAGs
[2024-06-23 23:41:53,142] {logging_mixin.py:104} INFO - [2024-06-23 23:41:53,134] {dag.py:2280} INFO - Setting next_dagrun for example_task_group to 2024-06-21 00:00:00+00:00
[2024-06-23 23:41:53,174] {scheduler_job.py:190} INFO - Processing /home/airflow/.local/lib/python3.6/site-packages/airflow/example_dags/example_task_group.py took 0.154 seconds
[2024-06-23 23:42:23,916] {scheduler_job.py:182} INFO - Started process (PID=5690) to work on /home/airflow/.local/lib/python3.6/site-packages/airflow/example_dags/example_task_group.py
[2024-06-23 23:42:23,917] {scheduler_job.py:629} INFO - Processing file /home/airflow/.local/lib/python3.6/site-packages/airflow/example_dags/example_task_group.py for tasks to queue
[2024-06-23 23:42:23,917] {logging_mixin.py:104} INFO - [2024-06-23 23:42:23,917] {dagbag.py:451} INFO - Filling up the DagBag from /home/airflow/.local/lib/python3.6/site-packages/airflow/example_dags/example_task_group.py
[2024-06-23 23:42:23,924] {scheduler_job.py:639} INFO - DAG(s) dict_keys(['example_task_group']) retrieved from /home/airflow/.local/lib/python3.6/site-packages/airflow/example_dags/example_task_group.py
[2024-06-23 23:42:23,935] {logging_mixin.py:104} INFO - [2024-06-23 23:42:23,935] {dag.py:1824} INFO - Sync 1 DAGs
[2024-06-23 23:42:23,945] {logging_mixin.py:104} INFO - [2024-06-23 23:42:23,945] {dag.py:2280} INFO - Setting next_dagrun for example_task_group to 2024-06-21 00:00:00+00:00
[2024-06-23 23:42:23,952] {scheduler_job.py:190} INFO - Processing /home/airflow/.local/lib/python3.6/site-packages/airflow/example_dags/example_task_group.py took 0.038 seconds
[2024-06-23 23:42:54,757] {scheduler_job.py:182} INFO - Started process (PID=5715) to work on /home/airflow/.local/lib/python3.6/site-packages/airflow/example_dags/example_task_group.py
[2024-06-23 23:42:54,758] {scheduler_job.py:629} INFO - Processing file /home/airflow/.local/lib/python3.6/site-packages/airflow/example_dags/example_task_group.py for tasks to queue
[2024-06-23 23:42:54,759] {logging_mixin.py:104} INFO - [2024-06-23 23:42:54,759] {dagbag.py:451} INFO - Filling up the DagBag from /home/airflow/.local/lib/python3.6/site-packages/airflow/example_dags/example_task_group.py
[2024-06-23 23:42:54,767] {scheduler_job.py:639} INFO - DAG(s) dict_keys(['example_task_group']) retrieved from /home/airflow/.local/lib/python3.6/site-packages/airflow/example_dags/example_task_group.py
[2024-06-23 23:42:54,781] {logging_mixin.py:104} INFO - [2024-06-23 23:42:54,781] {dag.py:1824} INFO - Sync 1 DAGs
[2024-06-23 23:42:54,790] {logging_mixin.py:104} INFO - [2024-06-23 23:42:54,790] {dag.py:2280} INFO - Setting next_dagrun for example_task_group to 2024-06-21 00:00:00+00:00
[2024-06-23 23:42:54,797] {scheduler_job.py:190} INFO - Processing /home/airflow/.local/lib/python3.6/site-packages/airflow/example_dags/example_task_group.py took 0.043 seconds
[2024-06-23 23:43:24,830] {scheduler_job.py:182} INFO - Started process (PID=5741) to work on /home/airflow/.local/lib/python3.6/site-packages/airflow/example_dags/example_task_group.py
[2024-06-23 23:43:24,830] {scheduler_job.py:629} INFO - Processing file /home/airflow/.local/lib/python3.6/site-packages/airflow/example_dags/example_task_group.py for tasks to queue
[2024-06-23 23:43:24,831] {logging_mixin.py:104} INFO - [2024-06-23 23:43:24,831] {dagbag.py:451} INFO - Filling up the DagBag from /home/airflow/.local/lib/python3.6/site-packages/airflow/example_dags/example_task_group.py
[2024-06-23 23:43:24,838] {scheduler_job.py:639} INFO - DAG(s) dict_keys(['example_task_group']) retrieved from /home/airflow/.local/lib/python3.6/site-packages/airflow/example_dags/example_task_group.py
[2024-06-23 23:43:24,850] {logging_mixin.py:104} INFO - [2024-06-23 23:43:24,850] {dag.py:1824} INFO - Sync 1 DAGs
[2024-06-23 23:43:24,858] {logging_mixin.py:104} INFO - [2024-06-23 23:43:24,858] {dag.py:2280} INFO - Setting next_dagrun for example_task_group to 2024-06-21 00:00:00+00:00
[2024-06-23 23:43:24,865] {scheduler_job.py:190} INFO - Processing /home/airflow/.local/lib/python3.6/site-packages/airflow/example_dags/example_task_group.py took 0.037 seconds
[2024-06-23 23:43:55,621] {scheduler_job.py:182} INFO - Started process (PID=5767) to work on /home/airflow/.local/lib/python3.6/site-packages/airflow/example_dags/example_task_group.py
[2024-06-23 23:43:55,622] {scheduler_job.py:629} INFO - Processing file /home/airflow/.local/lib/python3.6/site-packages/airflow/example_dags/example_task_group.py for tasks to queue
[2024-06-23 23:43:55,622] {logging_mixin.py:104} INFO - [2024-06-23 23:43:55,622] {dagbag.py:451} INFO - Filling up the DagBag from /home/airflow/.local/lib/python3.6/site-packages/airflow/example_dags/example_task_group.py
[2024-06-23 23:43:55,630] {scheduler_job.py:639} INFO - DAG(s) dict_keys(['example_task_group']) retrieved from /home/airflow/.local/lib/python3.6/site-packages/airflow/example_dags/example_task_group.py
[2024-06-23 23:43:55,642] {logging_mixin.py:104} INFO - [2024-06-23 23:43:55,642] {dag.py:1824} INFO - Sync 1 DAGs
[2024-06-23 23:43:55,650] {logging_mixin.py:104} INFO - [2024-06-23 23:43:55,650] {dag.py:2280} INFO - Setting next_dagrun for example_task_group to 2024-06-21 00:00:00+00:00
[2024-06-23 23:43:55,657] {scheduler_job.py:190} INFO - Processing /home/airflow/.local/lib/python3.6/site-packages/airflow/example_dags/example_task_group.py took 0.037 seconds
[2024-06-23 23:44:26,402] {scheduler_job.py:182} INFO - Started process (PID=5793) to work on /home/airflow/.local/lib/python3.6/site-packages/airflow/example_dags/example_task_group.py
[2024-06-23 23:44:26,403] {scheduler_job.py:629} INFO - Processing file /home/airflow/.local/lib/python3.6/site-packages/airflow/example_dags/example_task_group.py for tasks to queue
[2024-06-23 23:44:26,404] {logging_mixin.py:104} INFO - [2024-06-23 23:44:26,403] {dagbag.py:451} INFO - Filling up the DagBag from /home/airflow/.local/lib/python3.6/site-packages/airflow/example_dags/example_task_group.py
[2024-06-23 23:44:26,410] {scheduler_job.py:639} INFO - DAG(s) dict_keys(['example_task_group']) retrieved from /home/airflow/.local/lib/python3.6/site-packages/airflow/example_dags/example_task_group.py
[2024-06-23 23:44:26,422] {logging_mixin.py:104} INFO - [2024-06-23 23:44:26,422] {dag.py:1824} INFO - Sync 1 DAGs
[2024-06-23 23:44:26,430] {logging_mixin.py:104} INFO - [2024-06-23 23:44:26,430] {dag.py:2280} INFO - Setting next_dagrun for example_task_group to 2024-06-21 00:00:00+00:00
[2024-06-23 23:44:26,437] {scheduler_job.py:190} INFO - Processing /home/airflow/.local/lib/python3.6/site-packages/airflow/example_dags/example_task_group.py took 0.037 seconds
[2024-06-23 23:44:57,181] {scheduler_job.py:182} INFO - Started process (PID=5819) to work on /home/airflow/.local/lib/python3.6/site-packages/airflow/example_dags/example_task_group.py
[2024-06-23 23:44:57,182] {scheduler_job.py:629} INFO - Processing file /home/airflow/.local/lib/python3.6/site-packages/airflow/example_dags/example_task_group.py for tasks to queue
[2024-06-23 23:44:57,182] {logging_mixin.py:104} INFO - [2024-06-23 23:44:57,182] {dagbag.py:451} INFO - Filling up the DagBag from /home/airflow/.local/lib/python3.6/site-packages/airflow/example_dags/example_task_group.py
[2024-06-23 23:44:57,189] {scheduler_job.py:639} INFO - DAG(s) dict_keys(['example_task_group']) retrieved from /home/airflow/.local/lib/python3.6/site-packages/airflow/example_dags/example_task_group.py
[2024-06-23 23:44:57,202] {logging_mixin.py:104} INFO - [2024-06-23 23:44:57,201] {dag.py:1824} INFO - Sync 1 DAGs
[2024-06-23 23:44:57,210] {logging_mixin.py:104} INFO - [2024-06-23 23:44:57,210] {dag.py:2280} INFO - Setting next_dagrun for example_task_group to 2024-06-21 00:00:00+00:00
[2024-06-23 23:44:57,216] {scheduler_job.py:190} INFO - Processing /home/airflow/.local/lib/python3.6/site-packages/airflow/example_dags/example_task_group.py took 0.037 seconds
[2024-06-23 23:45:27,975] {scheduler_job.py:182} INFO - Started process (PID=5845) to work on /home/airflow/.local/lib/python3.6/site-packages/airflow/example_dags/example_task_group.py
[2024-06-23 23:45:27,976] {scheduler_job.py:629} INFO - Processing file /home/airflow/.local/lib/python3.6/site-packages/airflow/example_dags/example_task_group.py for tasks to queue
[2024-06-23 23:45:27,976] {logging_mixin.py:104} INFO - [2024-06-23 23:45:27,976] {dagbag.py:451} INFO - Filling up the DagBag from /home/airflow/.local/lib/python3.6/site-packages/airflow/example_dags/example_task_group.py
[2024-06-23 23:45:27,983] {scheduler_job.py:639} INFO - DAG(s) dict_keys(['example_task_group']) retrieved from /home/airflow/.local/lib/python3.6/site-packages/airflow/example_dags/example_task_group.py
[2024-06-23 23:45:27,996] {logging_mixin.py:104} INFO - [2024-06-23 23:45:27,996] {dag.py:1824} INFO - Sync 1 DAGs
[2024-06-23 23:45:28,005] {logging_mixin.py:104} INFO - [2024-06-23 23:45:28,005] {dag.py:2280} INFO - Setting next_dagrun for example_task_group to 2024-06-21 00:00:00+00:00
[2024-06-23 23:45:28,013] {scheduler_job.py:190} INFO - Processing /home/airflow/.local/lib/python3.6/site-packages/airflow/example_dags/example_task_group.py took 0.040 seconds
[2024-06-23 23:45:58,762] {scheduler_job.py:182} INFO - Started process (PID=5871) to work on /home/airflow/.local/lib/python3.6/site-packages/airflow/example_dags/example_task_group.py
[2024-06-23 23:45:58,763] {scheduler_job.py:629} INFO - Processing file /home/airflow/.local/lib/python3.6/site-packages/airflow/example_dags/example_task_group.py for tasks to queue
[2024-06-23 23:45:58,763] {logging_mixin.py:104} INFO - [2024-06-23 23:45:58,763] {dagbag.py:451} INFO - Filling up the DagBag from /home/airflow/.local/lib/python3.6/site-packages/airflow/example_dags/example_task_group.py
[2024-06-23 23:45:58,771] {scheduler_job.py:639} INFO - DAG(s) dict_keys(['example_task_group']) retrieved from /home/airflow/.local/lib/python3.6/site-packages/airflow/example_dags/example_task_group.py
[2024-06-23 23:45:58,783] {logging_mixin.py:104} INFO - [2024-06-23 23:45:58,783] {dag.py:1824} INFO - Sync 1 DAGs
[2024-06-23 23:45:58,791] {logging_mixin.py:104} INFO - [2024-06-23 23:45:58,791] {dag.py:2280} INFO - Setting next_dagrun for example_task_group to 2024-06-21 00:00:00+00:00
[2024-06-23 23:45:58,798] {scheduler_job.py:190} INFO - Processing /home/airflow/.local/lib/python3.6/site-packages/airflow/example_dags/example_task_group.py took 0.037 seconds
[2024-06-23 23:46:29,579] {scheduler_job.py:182} INFO - Started process (PID=5897) to work on /home/airflow/.local/lib/python3.6/site-packages/airflow/example_dags/example_task_group.py
[2024-06-23 23:46:29,579] {scheduler_job.py:629} INFO - Processing file /home/airflow/.local/lib/python3.6/site-packages/airflow/example_dags/example_task_group.py for tasks to queue
[2024-06-23 23:46:29,580] {logging_mixin.py:104} INFO - [2024-06-23 23:46:29,580] {dagbag.py:451} INFO - Filling up the DagBag from /home/airflow/.local/lib/python3.6/site-packages/airflow/example_dags/example_task_group.py
[2024-06-23 23:46:29,586] {scheduler_job.py:639} INFO - DAG(s) dict_keys(['example_task_group']) retrieved from /home/airflow/.local/lib/python3.6/site-packages/airflow/example_dags/example_task_group.py
[2024-06-23 23:46:29,599] {logging_mixin.py:104} INFO - [2024-06-23 23:46:29,598] {dag.py:1824} INFO - Sync 1 DAGs
[2024-06-23 23:46:29,607] {logging_mixin.py:104} INFO - [2024-06-23 23:46:29,607] {dag.py:2280} INFO - Setting next_dagrun for example_task_group to 2024-06-21 00:00:00+00:00
[2024-06-23 23:46:29,614] {scheduler_job.py:190} INFO - Processing /home/airflow/.local/lib/python3.6/site-packages/airflow/example_dags/example_task_group.py took 0.037 seconds
[2024-06-23 23:47:00,371] {scheduler_job.py:182} INFO - Started process (PID=5923) to work on /home/airflow/.local/lib/python3.6/site-packages/airflow/example_dags/example_task_group.py
[2024-06-23 23:47:00,372] {scheduler_job.py:629} INFO - Processing file /home/airflow/.local/lib/python3.6/site-packages/airflow/example_dags/example_task_group.py for tasks to queue
[2024-06-23 23:47:00,373] {logging_mixin.py:104} INFO - [2024-06-23 23:47:00,373] {dagbag.py:451} INFO - Filling up the DagBag from /home/airflow/.local/lib/python3.6/site-packages/airflow/example_dags/example_task_group.py
[2024-06-23 23:47:00,379] {scheduler_job.py:639} INFO - DAG(s) dict_keys(['example_task_group']) retrieved from /home/airflow/.local/lib/python3.6/site-packages/airflow/example_dags/example_task_group.py
[2024-06-23 23:47:00,391] {logging_mixin.py:104} INFO - [2024-06-23 23:47:00,391] {dag.py:1824} INFO - Sync 1 DAGs
[2024-06-23 23:47:00,399] {logging_mixin.py:104} INFO - [2024-06-23 23:47:00,399] {dag.py:2280} INFO - Setting next_dagrun for example_task_group to 2024-06-21 00:00:00+00:00
[2024-06-23 23:47:00,406] {scheduler_job.py:190} INFO - Processing /home/airflow/.local/lib/python3.6/site-packages/airflow/example_dags/example_task_group.py took 0.036 seconds
[2024-06-23 23:47:31,180] {scheduler_job.py:182} INFO - Started process (PID=5949) to work on /home/airflow/.local/lib/python3.6/site-packages/airflow/example_dags/example_task_group.py
[2024-06-23 23:47:31,181] {scheduler_job.py:629} INFO - Processing file /home/airflow/.local/lib/python3.6/site-packages/airflow/example_dags/example_task_group.py for tasks to queue
[2024-06-23 23:47:31,181] {logging_mixin.py:104} INFO - [2024-06-23 23:47:31,181] {dagbag.py:451} INFO - Filling up the DagBag from /home/airflow/.local/lib/python3.6/site-packages/airflow/example_dags/example_task_group.py
[2024-06-23 23:47:31,187] {scheduler_job.py:639} INFO - DAG(s) dict_keys(['example_task_group']) retrieved from /home/airflow/.local/lib/python3.6/site-packages/airflow/example_dags/example_task_group.py
[2024-06-23 23:47:31,200] {logging_mixin.py:104} INFO - [2024-06-23 23:47:31,200] {dag.py:1824} INFO - Sync 1 DAGs
[2024-06-23 23:47:31,208] {logging_mixin.py:104} INFO - [2024-06-23 23:47:31,208] {dag.py:2280} INFO - Setting next_dagrun for example_task_group to 2024-06-21 00:00:00+00:00
[2024-06-23 23:47:31,215] {scheduler_job.py:190} INFO - Processing /home/airflow/.local/lib/python3.6/site-packages/airflow/example_dags/example_task_group.py took 0.037 seconds
[2024-06-23 23:48:01,979] {scheduler_job.py:182} INFO - Started process (PID=5975) to work on /home/airflow/.local/lib/python3.6/site-packages/airflow/example_dags/example_task_group.py
[2024-06-23 23:48:01,980] {scheduler_job.py:629} INFO - Processing file /home/airflow/.local/lib/python3.6/site-packages/airflow/example_dags/example_task_group.py for tasks to queue
[2024-06-23 23:48:01,980] {logging_mixin.py:104} INFO - [2024-06-23 23:48:01,980] {dagbag.py:451} INFO - Filling up the DagBag from /home/airflow/.local/lib/python3.6/site-packages/airflow/example_dags/example_task_group.py
[2024-06-23 23:48:01,988] {scheduler_job.py:639} INFO - DAG(s) dict_keys(['example_task_group']) retrieved from /home/airflow/.local/lib/python3.6/site-packages/airflow/example_dags/example_task_group.py
[2024-06-23 23:48:02,000] {logging_mixin.py:104} INFO - [2024-06-23 23:48:02,000] {dag.py:1824} INFO - Sync 1 DAGs
[2024-06-23 23:48:02,009] {logging_mixin.py:104} INFO - [2024-06-23 23:48:02,009] {dag.py:2280} INFO - Setting next_dagrun for example_task_group to 2024-06-21 00:00:00+00:00
[2024-06-23 23:48:02,015] {scheduler_job.py:190} INFO - Processing /home/airflow/.local/lib/python3.6/site-packages/airflow/example_dags/example_task_group.py took 0.038 seconds
[2024-06-23 23:48:32,816] {scheduler_job.py:182} INFO - Started process (PID=6001) to work on /home/airflow/.local/lib/python3.6/site-packages/airflow/example_dags/example_task_group.py
[2024-06-23 23:48:32,816] {scheduler_job.py:629} INFO - Processing file /home/airflow/.local/lib/python3.6/site-packages/airflow/example_dags/example_task_group.py for tasks to queue
[2024-06-23 23:48:32,817] {logging_mixin.py:104} INFO - [2024-06-23 23:48:32,817] {dagbag.py:451} INFO - Filling up the DagBag from /home/airflow/.local/lib/python3.6/site-packages/airflow/example_dags/example_task_group.py
[2024-06-23 23:48:32,824] {scheduler_job.py:639} INFO - DAG(s) dict_keys(['example_task_group']) retrieved from /home/airflow/.local/lib/python3.6/site-packages/airflow/example_dags/example_task_group.py
[2024-06-23 23:48:32,840] {logging_mixin.py:104} INFO - [2024-06-23 23:48:32,840] {dag.py:1824} INFO - Sync 1 DAGs
[2024-06-23 23:48:32,849] {logging_mixin.py:104} INFO - [2024-06-23 23:48:32,849] {dag.py:2280} INFO - Setting next_dagrun for example_task_group to 2024-06-21 00:00:00+00:00
[2024-06-23 23:48:32,857] {scheduler_job.py:190} INFO - Processing /home/airflow/.local/lib/python3.6/site-packages/airflow/example_dags/example_task_group.py took 0.043 seconds
[2024-06-23 23:49:03,569] {scheduler_job.py:182} INFO - Started process (PID=6027) to work on /home/airflow/.local/lib/python3.6/site-packages/airflow/example_dags/example_task_group.py
[2024-06-23 23:49:03,570] {scheduler_job.py:629} INFO - Processing file /home/airflow/.local/lib/python3.6/site-packages/airflow/example_dags/example_task_group.py for tasks to queue
[2024-06-23 23:49:03,571] {logging_mixin.py:104} INFO - [2024-06-23 23:49:03,571] {dagbag.py:451} INFO - Filling up the DagBag from /home/airflow/.local/lib/python3.6/site-packages/airflow/example_dags/example_task_group.py
[2024-06-23 23:49:03,578] {scheduler_job.py:639} INFO - DAG(s) dict_keys(['example_task_group']) retrieved from /home/airflow/.local/lib/python3.6/site-packages/airflow/example_dags/example_task_group.py
[2024-06-23 23:49:03,590] {logging_mixin.py:104} INFO - [2024-06-23 23:49:03,590] {dag.py:1824} INFO - Sync 1 DAGs
[2024-06-23 23:49:03,598] {logging_mixin.py:104} INFO - [2024-06-23 23:49:03,598] {dag.py:2280} INFO - Setting next_dagrun for example_task_group to 2024-06-21 00:00:00+00:00
[2024-06-23 23:49:03,606] {scheduler_job.py:190} INFO - Processing /home/airflow/.local/lib/python3.6/site-packages/airflow/example_dags/example_task_group.py took 0.038 seconds
[2024-06-23 23:49:34,352] {scheduler_job.py:182} INFO - Started process (PID=6053) to work on /home/airflow/.local/lib/python3.6/site-packages/airflow/example_dags/example_task_group.py
[2024-06-23 23:49:34,353] {scheduler_job.py:629} INFO - Processing file /home/airflow/.local/lib/python3.6/site-packages/airflow/example_dags/example_task_group.py for tasks to queue
[2024-06-23 23:49:34,353] {logging_mixin.py:104} INFO - [2024-06-23 23:49:34,353] {dagbag.py:451} INFO - Filling up the DagBag from /home/airflow/.local/lib/python3.6/site-packages/airflow/example_dags/example_task_group.py
[2024-06-23 23:49:34,360] {scheduler_job.py:639} INFO - DAG(s) dict_keys(['example_task_group']) retrieved from /home/airflow/.local/lib/python3.6/site-packages/airflow/example_dags/example_task_group.py
[2024-06-23 23:49:34,373] {logging_mixin.py:104} INFO - [2024-06-23 23:49:34,373] {dag.py:1824} INFO - Sync 1 DAGs
[2024-06-23 23:49:34,381] {logging_mixin.py:104} INFO - [2024-06-23 23:49:34,381] {dag.py:2280} INFO - Setting next_dagrun for example_task_group to 2024-06-21 00:00:00+00:00
[2024-06-23 23:49:34,388] {scheduler_job.py:190} INFO - Processing /home/airflow/.local/lib/python3.6/site-packages/airflow/example_dags/example_task_group.py took 0.038 seconds
[2024-06-23 23:50:05,156] {scheduler_job.py:182} INFO - Started process (PID=6079) to work on /home/airflow/.local/lib/python3.6/site-packages/airflow/example_dags/example_task_group.py
[2024-06-23 23:50:05,157] {scheduler_job.py:629} INFO - Processing file /home/airflow/.local/lib/python3.6/site-packages/airflow/example_dags/example_task_group.py for tasks to queue
[2024-06-23 23:50:05,157] {logging_mixin.py:104} INFO - [2024-06-23 23:50:05,157] {dagbag.py:451} INFO - Filling up the DagBag from /home/airflow/.local/lib/python3.6/site-packages/airflow/example_dags/example_task_group.py
[2024-06-23 23:50:05,164] {scheduler_job.py:639} INFO - DAG(s) dict_keys(['example_task_group']) retrieved from /home/airflow/.local/lib/python3.6/site-packages/airflow/example_dags/example_task_group.py
[2024-06-23 23:50:05,177] {logging_mixin.py:104} INFO - [2024-06-23 23:50:05,176] {dag.py:1824} INFO - Sync 1 DAGs
[2024-06-23 23:50:05,185] {logging_mixin.py:104} INFO - [2024-06-23 23:50:05,185] {dag.py:2280} INFO - Setting next_dagrun for example_task_group to 2024-06-21 00:00:00+00:00
[2024-06-23 23:50:05,192] {scheduler_job.py:190} INFO - Processing /home/airflow/.local/lib/python3.6/site-packages/airflow/example_dags/example_task_group.py took 0.037 seconds
[2024-06-23 23:50:35,953] {scheduler_job.py:182} INFO - Started process (PID=6105) to work on /home/airflow/.local/lib/python3.6/site-packages/airflow/example_dags/example_task_group.py
[2024-06-23 23:50:35,954] {scheduler_job.py:629} INFO - Processing file /home/airflow/.local/lib/python3.6/site-packages/airflow/example_dags/example_task_group.py for tasks to queue
[2024-06-23 23:50:35,954] {logging_mixin.py:104} INFO - [2024-06-23 23:50:35,954] {dagbag.py:451} INFO - Filling up the DagBag from /home/airflow/.local/lib/python3.6/site-packages/airflow/example_dags/example_task_group.py
[2024-06-23 23:50:35,962] {scheduler_job.py:639} INFO - DAG(s) dict_keys(['example_task_group']) retrieved from /home/airflow/.local/lib/python3.6/site-packages/airflow/example_dags/example_task_group.py
[2024-06-23 23:50:35,975] {logging_mixin.py:104} INFO - [2024-06-23 23:50:35,975] {dag.py:1824} INFO - Sync 1 DAGs
[2024-06-23 23:50:35,984] {logging_mixin.py:104} INFO - [2024-06-23 23:50:35,984] {dag.py:2280} INFO - Setting next_dagrun for example_task_group to 2024-06-21 00:00:00+00:00
[2024-06-23 23:50:35,991] {scheduler_job.py:190} INFO - Processing /home/airflow/.local/lib/python3.6/site-packages/airflow/example_dags/example_task_group.py took 0.041 seconds
[2024-06-23 23:51:06,751] {scheduler_job.py:182} INFO - Started process (PID=6131) to work on /home/airflow/.local/lib/python3.6/site-packages/airflow/example_dags/example_task_group.py
[2024-06-23 23:51:06,752] {scheduler_job.py:629} INFO - Processing file /home/airflow/.local/lib/python3.6/site-packages/airflow/example_dags/example_task_group.py for tasks to queue
[2024-06-23 23:51:06,752] {logging_mixin.py:104} INFO - [2024-06-23 23:51:06,752] {dagbag.py:451} INFO - Filling up the DagBag from /home/airflow/.local/lib/python3.6/site-packages/airflow/example_dags/example_task_group.py
[2024-06-23 23:51:06,759] {scheduler_job.py:639} INFO - DAG(s) dict_keys(['example_task_group']) retrieved from /home/airflow/.local/lib/python3.6/site-packages/airflow/example_dags/example_task_group.py
[2024-06-23 23:51:06,772] {logging_mixin.py:104} INFO - [2024-06-23 23:51:06,772] {dag.py:1824} INFO - Sync 1 DAGs
[2024-06-23 23:51:06,781] {logging_mixin.py:104} INFO - [2024-06-23 23:51:06,781] {dag.py:2280} INFO - Setting next_dagrun for example_task_group to 2024-06-21 00:00:00+00:00
[2024-06-23 23:51:06,788] {scheduler_job.py:190} INFO - Processing /home/airflow/.local/lib/python3.6/site-packages/airflow/example_dags/example_task_group.py took 0.039 seconds
[2024-06-23 23:51:37,533] {scheduler_job.py:182} INFO - Started process (PID=6157) to work on /home/airflow/.local/lib/python3.6/site-packages/airflow/example_dags/example_task_group.py
[2024-06-23 23:51:37,533] {scheduler_job.py:629} INFO - Processing file /home/airflow/.local/lib/python3.6/site-packages/airflow/example_dags/example_task_group.py for tasks to queue
[2024-06-23 23:51:37,534] {logging_mixin.py:104} INFO - [2024-06-23 23:51:37,534] {dagbag.py:451} INFO - Filling up the DagBag from /home/airflow/.local/lib/python3.6/site-packages/airflow/example_dags/example_task_group.py
[2024-06-23 23:51:37,541] {scheduler_job.py:639} INFO - DAG(s) dict_keys(['example_task_group']) retrieved from /home/airflow/.local/lib/python3.6/site-packages/airflow/example_dags/example_task_group.py
[2024-06-23 23:51:37,553] {logging_mixin.py:104} INFO - [2024-06-23 23:51:37,553] {dag.py:1824} INFO - Sync 1 DAGs
[2024-06-23 23:51:37,562] {logging_mixin.py:104} INFO - [2024-06-23 23:51:37,562] {dag.py:2280} INFO - Setting next_dagrun for example_task_group to 2024-06-21 00:00:00+00:00
[2024-06-23 23:51:37,569] {scheduler_job.py:190} INFO - Processing /home/airflow/.local/lib/python3.6/site-packages/airflow/example_dags/example_task_group.py took 0.038 seconds
[2024-06-23 23:52:08,342] {scheduler_job.py:182} INFO - Started process (PID=6183) to work on /home/airflow/.local/lib/python3.6/site-packages/airflow/example_dags/example_task_group.py
[2024-06-23 23:52:08,343] {scheduler_job.py:629} INFO - Processing file /home/airflow/.local/lib/python3.6/site-packages/airflow/example_dags/example_task_group.py for tasks to queue
[2024-06-23 23:52:08,343] {logging_mixin.py:104} INFO - [2024-06-23 23:52:08,343] {dagbag.py:451} INFO - Filling up the DagBag from /home/airflow/.local/lib/python3.6/site-packages/airflow/example_dags/example_task_group.py
[2024-06-23 23:52:08,351] {scheduler_job.py:639} INFO - DAG(s) dict_keys(['example_task_group']) retrieved from /home/airflow/.local/lib/python3.6/site-packages/airflow/example_dags/example_task_group.py
[2024-06-23 23:52:08,364] {logging_mixin.py:104} INFO - [2024-06-23 23:52:08,363] {dag.py:1824} INFO - Sync 1 DAGs
[2024-06-23 23:52:08,372] {logging_mixin.py:104} INFO - [2024-06-23 23:52:08,372] {dag.py:2280} INFO - Setting next_dagrun for example_task_group to 2024-06-21 00:00:00+00:00
[2024-06-23 23:52:08,379] {scheduler_job.py:190} INFO - Processing /home/airflow/.local/lib/python3.6/site-packages/airflow/example_dags/example_task_group.py took 0.039 seconds
[2024-06-23 23:52:39,129] {scheduler_job.py:182} INFO - Started process (PID=6209) to work on /home/airflow/.local/lib/python3.6/site-packages/airflow/example_dags/example_task_group.py
[2024-06-23 23:52:39,130] {scheduler_job.py:629} INFO - Processing file /home/airflow/.local/lib/python3.6/site-packages/airflow/example_dags/example_task_group.py for tasks to queue
[2024-06-23 23:52:39,130] {logging_mixin.py:104} INFO - [2024-06-23 23:52:39,130] {dagbag.py:451} INFO - Filling up the DagBag from /home/airflow/.local/lib/python3.6/site-packages/airflow/example_dags/example_task_group.py
[2024-06-23 23:52:39,137] {scheduler_job.py:639} INFO - DAG(s) dict_keys(['example_task_group']) retrieved from /home/airflow/.local/lib/python3.6/site-packages/airflow/example_dags/example_task_group.py
[2024-06-23 23:52:39,153] {logging_mixin.py:104} INFO - [2024-06-23 23:52:39,153] {dag.py:1824} INFO - Sync 1 DAGs
[2024-06-23 23:52:39,164] {logging_mixin.py:104} INFO - [2024-06-23 23:52:39,164] {dag.py:2280} INFO - Setting next_dagrun for example_task_group to 2024-06-21 00:00:00+00:00
[2024-06-23 23:52:39,171] {scheduler_job.py:190} INFO - Processing /home/airflow/.local/lib/python3.6/site-packages/airflow/example_dags/example_task_group.py took 0.044 seconds
[2024-06-23 23:53:09,927] {scheduler_job.py:182} INFO - Started process (PID=6235) to work on /home/airflow/.local/lib/python3.6/site-packages/airflow/example_dags/example_task_group.py
[2024-06-23 23:53:09,927] {scheduler_job.py:629} INFO - Processing file /home/airflow/.local/lib/python3.6/site-packages/airflow/example_dags/example_task_group.py for tasks to queue
[2024-06-23 23:53:09,928] {logging_mixin.py:104} INFO - [2024-06-23 23:53:09,928] {dagbag.py:451} INFO - Filling up the DagBag from /home/airflow/.local/lib/python3.6/site-packages/airflow/example_dags/example_task_group.py
[2024-06-23 23:53:09,935] {scheduler_job.py:639} INFO - DAG(s) dict_keys(['example_task_group']) retrieved from /home/airflow/.local/lib/python3.6/site-packages/airflow/example_dags/example_task_group.py
[2024-06-23 23:53:09,947] {logging_mixin.py:104} INFO - [2024-06-23 23:53:09,947] {dag.py:1824} INFO - Sync 1 DAGs
[2024-06-23 23:53:09,955] {logging_mixin.py:104} INFO - [2024-06-23 23:53:09,955] {dag.py:2280} INFO - Setting next_dagrun for example_task_group to 2024-06-21 00:00:00+00:00
[2024-06-23 23:53:09,962] {scheduler_job.py:190} INFO - Processing /home/airflow/.local/lib/python3.6/site-packages/airflow/example_dags/example_task_group.py took 0.037 seconds
[2024-06-23 23:53:40,726] {scheduler_job.py:182} INFO - Started process (PID=6261) to work on /home/airflow/.local/lib/python3.6/site-packages/airflow/example_dags/example_task_group.py
[2024-06-23 23:53:40,727] {scheduler_job.py:629} INFO - Processing file /home/airflow/.local/lib/python3.6/site-packages/airflow/example_dags/example_task_group.py for tasks to queue
[2024-06-23 23:53:40,728] {logging_mixin.py:104} INFO - [2024-06-23 23:53:40,728] {dagbag.py:451} INFO - Filling up the DagBag from /home/airflow/.local/lib/python3.6/site-packages/airflow/example_dags/example_task_group.py
[2024-06-23 23:53:40,735] {scheduler_job.py:639} INFO - DAG(s) dict_keys(['example_task_group']) retrieved from /home/airflow/.local/lib/python3.6/site-packages/airflow/example_dags/example_task_group.py
[2024-06-23 23:53:40,748] {logging_mixin.py:104} INFO - [2024-06-23 23:53:40,748] {dag.py:1824} INFO - Sync 1 DAGs
[2024-06-23 23:53:40,756] {logging_mixin.py:104} INFO - [2024-06-23 23:53:40,756] {dag.py:2280} INFO - Setting next_dagrun for example_task_group to 2024-06-21 00:00:00+00:00
[2024-06-23 23:53:40,765] {scheduler_job.py:190} INFO - Processing /home/airflow/.local/lib/python3.6/site-packages/airflow/example_dags/example_task_group.py took 0.040 seconds
[2024-06-23 23:54:11,507] {scheduler_job.py:182} INFO - Started process (PID=6287) to work on /home/airflow/.local/lib/python3.6/site-packages/airflow/example_dags/example_task_group.py
[2024-06-23 23:54:11,508] {scheduler_job.py:629} INFO - Processing file /home/airflow/.local/lib/python3.6/site-packages/airflow/example_dags/example_task_group.py for tasks to queue
[2024-06-23 23:54:11,508] {logging_mixin.py:104} INFO - [2024-06-23 23:54:11,508] {dagbag.py:451} INFO - Filling up the DagBag from /home/airflow/.local/lib/python3.6/site-packages/airflow/example_dags/example_task_group.py
[2024-06-23 23:54:11,515] {scheduler_job.py:639} INFO - DAG(s) dict_keys(['example_task_group']) retrieved from /home/airflow/.local/lib/python3.6/site-packages/airflow/example_dags/example_task_group.py
[2024-06-23 23:54:11,528] {logging_mixin.py:104} INFO - [2024-06-23 23:54:11,528] {dag.py:1824} INFO - Sync 1 DAGs
[2024-06-23 23:54:11,536] {logging_mixin.py:104} INFO - [2024-06-23 23:54:11,536] {dag.py:2280} INFO - Setting next_dagrun for example_task_group to 2024-06-21 00:00:00+00:00
[2024-06-23 23:54:11,543] {scheduler_job.py:190} INFO - Processing /home/airflow/.local/lib/python3.6/site-packages/airflow/example_dags/example_task_group.py took 0.038 seconds
[2024-06-23 23:54:42,334] {scheduler_job.py:182} INFO - Started process (PID=6313) to work on /home/airflow/.local/lib/python3.6/site-packages/airflow/example_dags/example_task_group.py
[2024-06-23 23:54:42,334] {scheduler_job.py:629} INFO - Processing file /home/airflow/.local/lib/python3.6/site-packages/airflow/example_dags/example_task_group.py for tasks to queue
[2024-06-23 23:54:42,335] {logging_mixin.py:104} INFO - [2024-06-23 23:54:42,335] {dagbag.py:451} INFO - Filling up the DagBag from /home/airflow/.local/lib/python3.6/site-packages/airflow/example_dags/example_task_group.py
[2024-06-23 23:54:42,343] {scheduler_job.py:639} INFO - DAG(s) dict_keys(['example_task_group']) retrieved from /home/airflow/.local/lib/python3.6/site-packages/airflow/example_dags/example_task_group.py
[2024-06-23 23:54:42,355] {logging_mixin.py:104} INFO - [2024-06-23 23:54:42,355] {dag.py:1824} INFO - Sync 1 DAGs
[2024-06-23 23:54:42,363] {logging_mixin.py:104} INFO - [2024-06-23 23:54:42,363] {dag.py:2280} INFO - Setting next_dagrun for example_task_group to 2024-06-21 00:00:00+00:00
[2024-06-23 23:54:42,371] {scheduler_job.py:190} INFO - Processing /home/airflow/.local/lib/python3.6/site-packages/airflow/example_dags/example_task_group.py took 0.039 seconds
[2024-06-23 23:55:13,146] {scheduler_job.py:182} INFO - Started process (PID=6339) to work on /home/airflow/.local/lib/python3.6/site-packages/airflow/example_dags/example_task_group.py
[2024-06-23 23:55:13,147] {scheduler_job.py:629} INFO - Processing file /home/airflow/.local/lib/python3.6/site-packages/airflow/example_dags/example_task_group.py for tasks to queue
[2024-06-23 23:55:13,147] {logging_mixin.py:104} INFO - [2024-06-23 23:55:13,147] {dagbag.py:451} INFO - Filling up the DagBag from /home/airflow/.local/lib/python3.6/site-packages/airflow/example_dags/example_task_group.py
[2024-06-23 23:55:13,155] {scheduler_job.py:639} INFO - DAG(s) dict_keys(['example_task_group']) retrieved from /home/airflow/.local/lib/python3.6/site-packages/airflow/example_dags/example_task_group.py
[2024-06-23 23:55:13,169] {logging_mixin.py:104} INFO - [2024-06-23 23:55:13,169] {dag.py:1824} INFO - Sync 1 DAGs
[2024-06-23 23:55:13,178] {logging_mixin.py:104} INFO - [2024-06-23 23:55:13,178] {dag.py:2280} INFO - Setting next_dagrun for example_task_group to 2024-06-21 00:00:00+00:00
[2024-06-23 23:55:13,185] {scheduler_job.py:190} INFO - Processing /home/airflow/.local/lib/python3.6/site-packages/airflow/example_dags/example_task_group.py took 0.041 seconds
[2024-06-23 23:55:43,988] {scheduler_job.py:182} INFO - Started process (PID=6365) to work on /home/airflow/.local/lib/python3.6/site-packages/airflow/example_dags/example_task_group.py
[2024-06-23 23:55:43,989] {scheduler_job.py:629} INFO - Processing file /home/airflow/.local/lib/python3.6/site-packages/airflow/example_dags/example_task_group.py for tasks to queue
[2024-06-23 23:55:43,990] {logging_mixin.py:104} INFO - [2024-06-23 23:55:43,989] {dagbag.py:451} INFO - Filling up the DagBag from /home/airflow/.local/lib/python3.6/site-packages/airflow/example_dags/example_task_group.py
[2024-06-23 23:55:43,997] {scheduler_job.py:639} INFO - DAG(s) dict_keys(['example_task_group']) retrieved from /home/airflow/.local/lib/python3.6/site-packages/airflow/example_dags/example_task_group.py
[2024-06-23 23:55:44,010] {logging_mixin.py:104} INFO - [2024-06-23 23:55:44,010] {dag.py:1824} INFO - Sync 1 DAGs
[2024-06-23 23:55:44,019] {logging_mixin.py:104} INFO - [2024-06-23 23:55:44,019] {dag.py:2280} INFO - Setting next_dagrun for example_task_group to 2024-06-21 00:00:00+00:00
[2024-06-23 23:55:44,026] {scheduler_job.py:190} INFO - Processing /home/airflow/.local/lib/python3.6/site-packages/airflow/example_dags/example_task_group.py took 0.040 seconds
[2024-06-23 23:56:14,805] {scheduler_job.py:182} INFO - Started process (PID=6391) to work on /home/airflow/.local/lib/python3.6/site-packages/airflow/example_dags/example_task_group.py
[2024-06-23 23:56:14,806] {scheduler_job.py:629} INFO - Processing file /home/airflow/.local/lib/python3.6/site-packages/airflow/example_dags/example_task_group.py for tasks to queue
[2024-06-23 23:56:14,807] {logging_mixin.py:104} INFO - [2024-06-23 23:56:14,806] {dagbag.py:451} INFO - Filling up the DagBag from /home/airflow/.local/lib/python3.6/site-packages/airflow/example_dags/example_task_group.py
[2024-06-23 23:56:14,813] {scheduler_job.py:639} INFO - DAG(s) dict_keys(['example_task_group']) retrieved from /home/airflow/.local/lib/python3.6/site-packages/airflow/example_dags/example_task_group.py
[2024-06-23 23:56:14,826] {logging_mixin.py:104} INFO - [2024-06-23 23:56:14,826] {dag.py:1824} INFO - Sync 1 DAGs
[2024-06-23 23:56:14,835] {logging_mixin.py:104} INFO - [2024-06-23 23:56:14,835] {dag.py:2280} INFO - Setting next_dagrun for example_task_group to 2024-06-21 00:00:00+00:00
[2024-06-23 23:56:14,842] {scheduler_job.py:190} INFO - Processing /home/airflow/.local/lib/python3.6/site-packages/airflow/example_dags/example_task_group.py took 0.038 seconds
[2024-06-23 23:56:45,609] {scheduler_job.py:182} INFO - Started process (PID=6417) to work on /home/airflow/.local/lib/python3.6/site-packages/airflow/example_dags/example_task_group.py
[2024-06-23 23:56:45,610] {scheduler_job.py:629} INFO - Processing file /home/airflow/.local/lib/python3.6/site-packages/airflow/example_dags/example_task_group.py for tasks to queue
[2024-06-23 23:56:45,610] {logging_mixin.py:104} INFO - [2024-06-23 23:56:45,610] {dagbag.py:451} INFO - Filling up the DagBag from /home/airflow/.local/lib/python3.6/site-packages/airflow/example_dags/example_task_group.py
[2024-06-23 23:56:45,617] {scheduler_job.py:639} INFO - DAG(s) dict_keys(['example_task_group']) retrieved from /home/airflow/.local/lib/python3.6/site-packages/airflow/example_dags/example_task_group.py
[2024-06-23 23:56:45,629] {logging_mixin.py:104} INFO - [2024-06-23 23:56:45,629] {dag.py:1824} INFO - Sync 1 DAGs
[2024-06-23 23:56:45,638] {logging_mixin.py:104} INFO - [2024-06-23 23:56:45,638] {dag.py:2280} INFO - Setting next_dagrun for example_task_group to 2024-06-21 00:00:00+00:00
[2024-06-23 23:56:45,644] {scheduler_job.py:190} INFO - Processing /home/airflow/.local/lib/python3.6/site-packages/airflow/example_dags/example_task_group.py took 0.037 seconds
[2024-06-23 23:57:16,412] {scheduler_job.py:182} INFO - Started process (PID=6443) to work on /home/airflow/.local/lib/python3.6/site-packages/airflow/example_dags/example_task_group.py
[2024-06-23 23:57:16,413] {scheduler_job.py:629} INFO - Processing file /home/airflow/.local/lib/python3.6/site-packages/airflow/example_dags/example_task_group.py for tasks to queue
[2024-06-23 23:57:16,413] {logging_mixin.py:104} INFO - [2024-06-23 23:57:16,413] {dagbag.py:451} INFO - Filling up the DagBag from /home/airflow/.local/lib/python3.6/site-packages/airflow/example_dags/example_task_group.py
[2024-06-23 23:57:16,420] {scheduler_job.py:639} INFO - DAG(s) dict_keys(['example_task_group']) retrieved from /home/airflow/.local/lib/python3.6/site-packages/airflow/example_dags/example_task_group.py
[2024-06-23 23:57:16,433] {logging_mixin.py:104} INFO - [2024-06-23 23:57:16,433] {dag.py:1824} INFO - Sync 1 DAGs
[2024-06-23 23:57:16,442] {logging_mixin.py:104} INFO - [2024-06-23 23:57:16,442] {dag.py:2280} INFO - Setting next_dagrun for example_task_group to 2024-06-21 00:00:00+00:00
[2024-06-23 23:57:16,449] {scheduler_job.py:190} INFO - Processing /home/airflow/.local/lib/python3.6/site-packages/airflow/example_dags/example_task_group.py took 0.038 seconds
[2024-06-23 23:57:47,211] {scheduler_job.py:182} INFO - Started process (PID=6469) to work on /home/airflow/.local/lib/python3.6/site-packages/airflow/example_dags/example_task_group.py
[2024-06-23 23:57:47,212] {scheduler_job.py:629} INFO - Processing file /home/airflow/.local/lib/python3.6/site-packages/airflow/example_dags/example_task_group.py for tasks to queue
[2024-06-23 23:57:47,212] {logging_mixin.py:104} INFO - [2024-06-23 23:57:47,212] {dagbag.py:451} INFO - Filling up the DagBag from /home/airflow/.local/lib/python3.6/site-packages/airflow/example_dags/example_task_group.py
[2024-06-23 23:57:47,219] {scheduler_job.py:639} INFO - DAG(s) dict_keys(['example_task_group']) retrieved from /home/airflow/.local/lib/python3.6/site-packages/airflow/example_dags/example_task_group.py
[2024-06-23 23:57:47,232] {logging_mixin.py:104} INFO - [2024-06-23 23:57:47,232] {dag.py:1824} INFO - Sync 1 DAGs
[2024-06-23 23:57:47,241] {logging_mixin.py:104} INFO - [2024-06-23 23:57:47,241] {dag.py:2280} INFO - Setting next_dagrun for example_task_group to 2024-06-21 00:00:00+00:00
[2024-06-23 23:57:47,248] {scheduler_job.py:190} INFO - Processing /home/airflow/.local/lib/python3.6/site-packages/airflow/example_dags/example_task_group.py took 0.039 seconds
[2024-06-23 23:58:18,053] {scheduler_job.py:182} INFO - Started process (PID=6495) to work on /home/airflow/.local/lib/python3.6/site-packages/airflow/example_dags/example_task_group.py
[2024-06-23 23:58:18,058] {scheduler_job.py:629} INFO - Processing file /home/airflow/.local/lib/python3.6/site-packages/airflow/example_dags/example_task_group.py for tasks to queue
[2024-06-23 23:58:18,059] {logging_mixin.py:104} INFO - [2024-06-23 23:58:18,059] {dagbag.py:451} INFO - Filling up the DagBag from /home/airflow/.local/lib/python3.6/site-packages/airflow/example_dags/example_task_group.py
[2024-06-23 23:58:18,067] {scheduler_job.py:639} INFO - DAG(s) dict_keys(['example_task_group']) retrieved from /home/airflow/.local/lib/python3.6/site-packages/airflow/example_dags/example_task_group.py
[2024-06-23 23:58:18,080] {logging_mixin.py:104} INFO - [2024-06-23 23:58:18,080] {dag.py:1824} INFO - Sync 1 DAGs
[2024-06-23 23:58:18,089] {logging_mixin.py:104} INFO - [2024-06-23 23:58:18,089] {dag.py:2280} INFO - Setting next_dagrun for example_task_group to 2024-06-21 00:00:00+00:00
[2024-06-23 23:58:18,128] {scheduler_job.py:190} INFO - Processing /home/airflow/.local/lib/python3.6/site-packages/airflow/example_dags/example_task_group.py took 0.076 seconds
[2024-06-23 23:58:49,026] {scheduler_job.py:182} INFO - Started process (PID=6521) to work on /home/airflow/.local/lib/python3.6/site-packages/airflow/example_dags/example_task_group.py
[2024-06-23 23:58:49,027] {scheduler_job.py:629} INFO - Processing file /home/airflow/.local/lib/python3.6/site-packages/airflow/example_dags/example_task_group.py for tasks to queue
[2024-06-23 23:58:49,027] {logging_mixin.py:104} INFO - [2024-06-23 23:58:49,027] {dagbag.py:451} INFO - Filling up the DagBag from /home/airflow/.local/lib/python3.6/site-packages/airflow/example_dags/example_task_group.py
[2024-06-23 23:58:49,036] {scheduler_job.py:639} INFO - DAG(s) dict_keys(['example_task_group']) retrieved from /home/airflow/.local/lib/python3.6/site-packages/airflow/example_dags/example_task_group.py
[2024-06-23 23:58:49,048] {logging_mixin.py:104} INFO - [2024-06-23 23:58:49,048] {dag.py:1824} INFO - Sync 1 DAGs
[2024-06-23 23:58:49,057] {logging_mixin.py:104} INFO - [2024-06-23 23:58:49,056] {dag.py:2280} INFO - Setting next_dagrun for example_task_group to 2024-06-21 00:00:00+00:00
[2024-06-23 23:58:49,063] {scheduler_job.py:190} INFO - Processing /home/airflow/.local/lib/python3.6/site-packages/airflow/example_dags/example_task_group.py took 0.039 seconds
[2024-06-23 23:59:19,853] {scheduler_job.py:182} INFO - Started process (PID=6547) to work on /home/airflow/.local/lib/python3.6/site-packages/airflow/example_dags/example_task_group.py
[2024-06-23 23:59:19,854] {scheduler_job.py:629} INFO - Processing file /home/airflow/.local/lib/python3.6/site-packages/airflow/example_dags/example_task_group.py for tasks to queue
[2024-06-23 23:59:19,855] {logging_mixin.py:104} INFO - [2024-06-23 23:59:19,855] {dagbag.py:451} INFO - Filling up the DagBag from /home/airflow/.local/lib/python3.6/site-packages/airflow/example_dags/example_task_group.py
[2024-06-23 23:59:19,861] {scheduler_job.py:639} INFO - DAG(s) dict_keys(['example_task_group']) retrieved from /home/airflow/.local/lib/python3.6/site-packages/airflow/example_dags/example_task_group.py
[2024-06-23 23:59:19,874] {logging_mixin.py:104} INFO - [2024-06-23 23:59:19,874] {dag.py:1824} INFO - Sync 1 DAGs
[2024-06-23 23:59:19,882] {logging_mixin.py:104} INFO - [2024-06-23 23:59:19,882] {dag.py:2280} INFO - Setting next_dagrun for example_task_group to 2024-06-21 00:00:00+00:00
[2024-06-23 23:59:19,889] {scheduler_job.py:190} INFO - Processing /home/airflow/.local/lib/python3.6/site-packages/airflow/example_dags/example_task_group.py took 0.037 seconds
[2024-06-23 23:59:50,662] {scheduler_job.py:182} INFO - Started process (PID=6573) to work on /home/airflow/.local/lib/python3.6/site-packages/airflow/example_dags/example_task_group.py
[2024-06-23 23:59:50,662] {scheduler_job.py:629} INFO - Processing file /home/airflow/.local/lib/python3.6/site-packages/airflow/example_dags/example_task_group.py for tasks to queue
[2024-06-23 23:59:50,663] {logging_mixin.py:104} INFO - [2024-06-23 23:59:50,663] {dagbag.py:451} INFO - Filling up the DagBag from /home/airflow/.local/lib/python3.6/site-packages/airflow/example_dags/example_task_group.py
[2024-06-23 23:59:50,670] {scheduler_job.py:639} INFO - DAG(s) dict_keys(['example_task_group']) retrieved from /home/airflow/.local/lib/python3.6/site-packages/airflow/example_dags/example_task_group.py
[2024-06-23 23:59:50,683] {logging_mixin.py:104} INFO - [2024-06-23 23:59:50,683] {dag.py:1824} INFO - Sync 1 DAGs
[2024-06-23 23:59:50,691] {logging_mixin.py:104} INFO - [2024-06-23 23:59:50,691] {dag.py:2280} INFO - Setting next_dagrun for example_task_group to 2024-06-21 00:00:00+00:00
[2024-06-23 23:59:50,698] {scheduler_job.py:190} INFO - Processing /home/airflow/.local/lib/python3.6/site-packages/airflow/example_dags/example_task_group.py took 0.039 seconds
