[2024-06-23 23:41:55,631] {scheduler_job.py:182} INFO - Started process (PID=5682) to work on /home/airflow/.local/lib/python3.6/site-packages/airflow/example_dags/example_kubernetes_executor.py
[2024-06-23 23:41:55,633] {scheduler_job.py:629} INFO - Processing file /home/airflow/.local/lib/python3.6/site-packages/airflow/example_dags/example_kubernetes_executor.py for tasks to queue
[2024-06-23 23:41:55,633] {logging_mixin.py:104} INFO - [2024-06-23 23:41:55,633] {dagbag.py:451} INFO - Filling up the DagBag from /home/airflow/.local/lib/python3.6/site-packages/airflow/example_dags/example_kubernetes_executor.py
[2024-06-23 23:41:55,648] {scheduler_job.py:639} INFO - DAG(s) dict_keys(['example_kubernetes_executor']) retrieved from /home/airflow/.local/lib/python3.6/site-packages/airflow/example_dags/example_kubernetes_executor.py
[2024-06-23 23:41:55,671] {logging_mixin.py:104} INFO - [2024-06-23 23:41:55,671] {dag.py:1824} INFO - Sync 1 DAGs
[2024-06-23 23:41:55,683] {logging_mixin.py:104} INFO - [2024-06-23 23:41:55,683] {dag.py:2280} INFO - Setting next_dagrun for example_kubernetes_executor to None
[2024-06-23 23:41:55,696] {scheduler_job.py:190} INFO - Processing /home/airflow/.local/lib/python3.6/site-packages/airflow/example_dags/example_kubernetes_executor.py took 0.071 seconds
[2024-06-23 23:42:26,505] {scheduler_job.py:182} INFO - Started process (PID=5708) to work on /home/airflow/.local/lib/python3.6/site-packages/airflow/example_dags/example_kubernetes_executor.py
[2024-06-23 23:42:26,506] {scheduler_job.py:629} INFO - Processing file /home/airflow/.local/lib/python3.6/site-packages/airflow/example_dags/example_kubernetes_executor.py for tasks to queue
[2024-06-23 23:42:26,507] {logging_mixin.py:104} INFO - [2024-06-23 23:42:26,507] {dagbag.py:451} INFO - Filling up the DagBag from /home/airflow/.local/lib/python3.6/site-packages/airflow/example_dags/example_kubernetes_executor.py
[2024-06-23 23:42:26,514] {scheduler_job.py:639} INFO - DAG(s) dict_keys(['example_kubernetes_executor']) retrieved from /home/airflow/.local/lib/python3.6/site-packages/airflow/example_dags/example_kubernetes_executor.py
[2024-06-23 23:42:26,526] {logging_mixin.py:104} INFO - [2024-06-23 23:42:26,526] {dag.py:1824} INFO - Sync 1 DAGs
[2024-06-23 23:42:26,536] {logging_mixin.py:104} INFO - [2024-06-23 23:42:26,536] {dag.py:2280} INFO - Setting next_dagrun for example_kubernetes_executor to None
[2024-06-23 23:42:26,543] {scheduler_job.py:190} INFO - Processing /home/airflow/.local/lib/python3.6/site-packages/airflow/example_dags/example_kubernetes_executor.py took 0.040 seconds
[2024-06-23 23:42:56,581] {scheduler_job.py:182} INFO - Started process (PID=5734) to work on /home/airflow/.local/lib/python3.6/site-packages/airflow/example_dags/example_kubernetes_executor.py
[2024-06-23 23:42:56,582] {scheduler_job.py:629} INFO - Processing file /home/airflow/.local/lib/python3.6/site-packages/airflow/example_dags/example_kubernetes_executor.py for tasks to queue
[2024-06-23 23:42:56,582] {logging_mixin.py:104} INFO - [2024-06-23 23:42:56,582] {dagbag.py:451} INFO - Filling up the DagBag from /home/airflow/.local/lib/python3.6/site-packages/airflow/example_dags/example_kubernetes_executor.py
[2024-06-23 23:42:56,590] {scheduler_job.py:639} INFO - DAG(s) dict_keys(['example_kubernetes_executor']) retrieved from /home/airflow/.local/lib/python3.6/site-packages/airflow/example_dags/example_kubernetes_executor.py
[2024-06-23 23:42:56,604] {logging_mixin.py:104} INFO - [2024-06-23 23:42:56,604] {dag.py:1824} INFO - Sync 1 DAGs
[2024-06-23 23:42:56,614] {logging_mixin.py:104} INFO - [2024-06-23 23:42:56,613] {dag.py:2280} INFO - Setting next_dagrun for example_kubernetes_executor to None
[2024-06-23 23:42:56,621] {scheduler_job.py:190} INFO - Processing /home/airflow/.local/lib/python3.6/site-packages/airflow/example_dags/example_kubernetes_executor.py took 0.042 seconds
[2024-06-23 23:43:27,077] {scheduler_job.py:182} INFO - Started process (PID=5751) to work on /home/airflow/.local/lib/python3.6/site-packages/airflow/example_dags/example_kubernetes_executor.py
[2024-06-23 23:43:27,078] {scheduler_job.py:629} INFO - Processing file /home/airflow/.local/lib/python3.6/site-packages/airflow/example_dags/example_kubernetes_executor.py for tasks to queue
[2024-06-23 23:43:27,078] {logging_mixin.py:104} INFO - [2024-06-23 23:43:27,078] {dagbag.py:451} INFO - Filling up the DagBag from /home/airflow/.local/lib/python3.6/site-packages/airflow/example_dags/example_kubernetes_executor.py
[2024-06-23 23:43:27,085] {scheduler_job.py:639} INFO - DAG(s) dict_keys(['example_kubernetes_executor']) retrieved from /home/airflow/.local/lib/python3.6/site-packages/airflow/example_dags/example_kubernetes_executor.py
[2024-06-23 23:43:27,097] {logging_mixin.py:104} INFO - [2024-06-23 23:43:27,097] {dag.py:1824} INFO - Sync 1 DAGs
[2024-06-23 23:43:27,106] {logging_mixin.py:104} INFO - [2024-06-23 23:43:27,106] {dag.py:2280} INFO - Setting next_dagrun for example_kubernetes_executor to None
[2024-06-23 23:43:27,113] {scheduler_job.py:190} INFO - Processing /home/airflow/.local/lib/python3.6/site-packages/airflow/example_dags/example_kubernetes_executor.py took 0.037 seconds
[2024-06-23 23:43:57,864] {scheduler_job.py:182} INFO - Started process (PID=5777) to work on /home/airflow/.local/lib/python3.6/site-packages/airflow/example_dags/example_kubernetes_executor.py
[2024-06-23 23:43:57,865] {scheduler_job.py:629} INFO - Processing file /home/airflow/.local/lib/python3.6/site-packages/airflow/example_dags/example_kubernetes_executor.py for tasks to queue
[2024-06-23 23:43:57,866] {logging_mixin.py:104} INFO - [2024-06-23 23:43:57,865] {dagbag.py:451} INFO - Filling up the DagBag from /home/airflow/.local/lib/python3.6/site-packages/airflow/example_dags/example_kubernetes_executor.py
[2024-06-23 23:43:57,873] {scheduler_job.py:639} INFO - DAG(s) dict_keys(['example_kubernetes_executor']) retrieved from /home/airflow/.local/lib/python3.6/site-packages/airflow/example_dags/example_kubernetes_executor.py
[2024-06-23 23:43:57,885] {logging_mixin.py:104} INFO - [2024-06-23 23:43:57,885] {dag.py:1824} INFO - Sync 1 DAGs
[2024-06-23 23:43:57,893] {logging_mixin.py:104} INFO - [2024-06-23 23:43:57,893] {dag.py:2280} INFO - Setting next_dagrun for example_kubernetes_executor to None
[2024-06-23 23:43:57,900] {scheduler_job.py:190} INFO - Processing /home/airflow/.local/lib/python3.6/site-packages/airflow/example_dags/example_kubernetes_executor.py took 0.037 seconds
[2024-06-23 23:44:28,649] {scheduler_job.py:182} INFO - Started process (PID=5803) to work on /home/airflow/.local/lib/python3.6/site-packages/airflow/example_dags/example_kubernetes_executor.py
[2024-06-23 23:44:28,650] {scheduler_job.py:629} INFO - Processing file /home/airflow/.local/lib/python3.6/site-packages/airflow/example_dags/example_kubernetes_executor.py for tasks to queue
[2024-06-23 23:44:28,650] {logging_mixin.py:104} INFO - [2024-06-23 23:44:28,650] {dagbag.py:451} INFO - Filling up the DagBag from /home/airflow/.local/lib/python3.6/site-packages/airflow/example_dags/example_kubernetes_executor.py
[2024-06-23 23:44:28,657] {scheduler_job.py:639} INFO - DAG(s) dict_keys(['example_kubernetes_executor']) retrieved from /home/airflow/.local/lib/python3.6/site-packages/airflow/example_dags/example_kubernetes_executor.py
[2024-06-23 23:44:28,669] {logging_mixin.py:104} INFO - [2024-06-23 23:44:28,669] {dag.py:1824} INFO - Sync 1 DAGs
[2024-06-23 23:44:28,677] {logging_mixin.py:104} INFO - [2024-06-23 23:44:28,677] {dag.py:2280} INFO - Setting next_dagrun for example_kubernetes_executor to None
[2024-06-23 23:44:28,684] {scheduler_job.py:190} INFO - Processing /home/airflow/.local/lib/python3.6/site-packages/airflow/example_dags/example_kubernetes_executor.py took 0.037 seconds
[2024-06-23 23:44:59,429] {scheduler_job.py:182} INFO - Started process (PID=5829) to work on /home/airflow/.local/lib/python3.6/site-packages/airflow/example_dags/example_kubernetes_executor.py
[2024-06-23 23:44:59,429] {scheduler_job.py:629} INFO - Processing file /home/airflow/.local/lib/python3.6/site-packages/airflow/example_dags/example_kubernetes_executor.py for tasks to queue
[2024-06-23 23:44:59,430] {logging_mixin.py:104} INFO - [2024-06-23 23:44:59,430] {dagbag.py:451} INFO - Filling up the DagBag from /home/airflow/.local/lib/python3.6/site-packages/airflow/example_dags/example_kubernetes_executor.py
[2024-06-23 23:44:59,437] {scheduler_job.py:639} INFO - DAG(s) dict_keys(['example_kubernetes_executor']) retrieved from /home/airflow/.local/lib/python3.6/site-packages/airflow/example_dags/example_kubernetes_executor.py
[2024-06-23 23:44:59,449] {logging_mixin.py:104} INFO - [2024-06-23 23:44:59,449] {dag.py:1824} INFO - Sync 1 DAGs
[2024-06-23 23:44:59,457] {logging_mixin.py:104} INFO - [2024-06-23 23:44:59,457] {dag.py:2280} INFO - Setting next_dagrun for example_kubernetes_executor to None
[2024-06-23 23:44:59,464] {scheduler_job.py:190} INFO - Processing /home/airflow/.local/lib/python3.6/site-packages/airflow/example_dags/example_kubernetes_executor.py took 0.037 seconds
[2024-06-23 23:45:30,221] {scheduler_job.py:182} INFO - Started process (PID=5855) to work on /home/airflow/.local/lib/python3.6/site-packages/airflow/example_dags/example_kubernetes_executor.py
[2024-06-23 23:45:30,222] {scheduler_job.py:629} INFO - Processing file /home/airflow/.local/lib/python3.6/site-packages/airflow/example_dags/example_kubernetes_executor.py for tasks to queue
[2024-06-23 23:45:30,222] {logging_mixin.py:104} INFO - [2024-06-23 23:45:30,222] {dagbag.py:451} INFO - Filling up the DagBag from /home/airflow/.local/lib/python3.6/site-packages/airflow/example_dags/example_kubernetes_executor.py
[2024-06-23 23:45:30,228] {scheduler_job.py:639} INFO - DAG(s) dict_keys(['example_kubernetes_executor']) retrieved from /home/airflow/.local/lib/python3.6/site-packages/airflow/example_dags/example_kubernetes_executor.py
[2024-06-23 23:45:30,241] {logging_mixin.py:104} INFO - [2024-06-23 23:45:30,241] {dag.py:1824} INFO - Sync 1 DAGs
[2024-06-23 23:45:30,249] {logging_mixin.py:104} INFO - [2024-06-23 23:45:30,249] {dag.py:2280} INFO - Setting next_dagrun for example_kubernetes_executor to None
[2024-06-23 23:45:30,256] {scheduler_job.py:190} INFO - Processing /home/airflow/.local/lib/python3.6/site-packages/airflow/example_dags/example_kubernetes_executor.py took 0.037 seconds
[2024-06-23 23:46:01,032] {scheduler_job.py:182} INFO - Started process (PID=5881) to work on /home/airflow/.local/lib/python3.6/site-packages/airflow/example_dags/example_kubernetes_executor.py
[2024-06-23 23:46:01,033] {scheduler_job.py:629} INFO - Processing file /home/airflow/.local/lib/python3.6/site-packages/airflow/example_dags/example_kubernetes_executor.py for tasks to queue
[2024-06-23 23:46:01,033] {logging_mixin.py:104} INFO - [2024-06-23 23:46:01,033] {dagbag.py:451} INFO - Filling up the DagBag from /home/airflow/.local/lib/python3.6/site-packages/airflow/example_dags/example_kubernetes_executor.py
[2024-06-23 23:46:01,040] {scheduler_job.py:639} INFO - DAG(s) dict_keys(['example_kubernetes_executor']) retrieved from /home/airflow/.local/lib/python3.6/site-packages/airflow/example_dags/example_kubernetes_executor.py
[2024-06-23 23:46:01,053] {logging_mixin.py:104} INFO - [2024-06-23 23:46:01,053] {dag.py:1824} INFO - Sync 1 DAGs
[2024-06-23 23:46:01,061] {logging_mixin.py:104} INFO - [2024-06-23 23:46:01,061] {dag.py:2280} INFO - Setting next_dagrun for example_kubernetes_executor to None
[2024-06-23 23:46:01,068] {scheduler_job.py:190} INFO - Processing /home/airflow/.local/lib/python3.6/site-packages/airflow/example_dags/example_kubernetes_executor.py took 0.038 seconds
[2024-06-23 23:46:31,830] {scheduler_job.py:182} INFO - Started process (PID=5907) to work on /home/airflow/.local/lib/python3.6/site-packages/airflow/example_dags/example_kubernetes_executor.py
[2024-06-23 23:46:31,831] {scheduler_job.py:629} INFO - Processing file /home/airflow/.local/lib/python3.6/site-packages/airflow/example_dags/example_kubernetes_executor.py for tasks to queue
[2024-06-23 23:46:31,832] {logging_mixin.py:104} INFO - [2024-06-23 23:46:31,832] {dagbag.py:451} INFO - Filling up the DagBag from /home/airflow/.local/lib/python3.6/site-packages/airflow/example_dags/example_kubernetes_executor.py
[2024-06-23 23:46:31,839] {scheduler_job.py:639} INFO - DAG(s) dict_keys(['example_kubernetes_executor']) retrieved from /home/airflow/.local/lib/python3.6/site-packages/airflow/example_dags/example_kubernetes_executor.py
[2024-06-23 23:46:31,851] {logging_mixin.py:104} INFO - [2024-06-23 23:46:31,851] {dag.py:1824} INFO - Sync 1 DAGs
[2024-06-23 23:46:31,859] {logging_mixin.py:104} INFO - [2024-06-23 23:46:31,859] {dag.py:2280} INFO - Setting next_dagrun for example_kubernetes_executor to None
[2024-06-23 23:46:31,866] {scheduler_job.py:190} INFO - Processing /home/airflow/.local/lib/python3.6/site-packages/airflow/example_dags/example_kubernetes_executor.py took 0.037 seconds
[2024-06-23 23:47:02,621] {scheduler_job.py:182} INFO - Started process (PID=5933) to work on /home/airflow/.local/lib/python3.6/site-packages/airflow/example_dags/example_kubernetes_executor.py
[2024-06-23 23:47:02,621] {scheduler_job.py:629} INFO - Processing file /home/airflow/.local/lib/python3.6/site-packages/airflow/example_dags/example_kubernetes_executor.py for tasks to queue
[2024-06-23 23:47:02,622] {logging_mixin.py:104} INFO - [2024-06-23 23:47:02,622] {dagbag.py:451} INFO - Filling up the DagBag from /home/airflow/.local/lib/python3.6/site-packages/airflow/example_dags/example_kubernetes_executor.py
[2024-06-23 23:47:02,629] {scheduler_job.py:639} INFO - DAG(s) dict_keys(['example_kubernetes_executor']) retrieved from /home/airflow/.local/lib/python3.6/site-packages/airflow/example_dags/example_kubernetes_executor.py
[2024-06-23 23:47:02,643] {logging_mixin.py:104} INFO - [2024-06-23 23:47:02,643] {dag.py:1824} INFO - Sync 1 DAGs
[2024-06-23 23:47:02,651] {logging_mixin.py:104} INFO - [2024-06-23 23:47:02,651] {dag.py:2280} INFO - Setting next_dagrun for example_kubernetes_executor to None
[2024-06-23 23:47:02,658] {scheduler_job.py:190} INFO - Processing /home/airflow/.local/lib/python3.6/site-packages/airflow/example_dags/example_kubernetes_executor.py took 0.039 seconds
[2024-06-23 23:47:33,449] {scheduler_job.py:182} INFO - Started process (PID=5959) to work on /home/airflow/.local/lib/python3.6/site-packages/airflow/example_dags/example_kubernetes_executor.py
[2024-06-23 23:47:33,450] {scheduler_job.py:629} INFO - Processing file /home/airflow/.local/lib/python3.6/site-packages/airflow/example_dags/example_kubernetes_executor.py for tasks to queue
[2024-06-23 23:47:33,450] {logging_mixin.py:104} INFO - [2024-06-23 23:47:33,450] {dagbag.py:451} INFO - Filling up the DagBag from /home/airflow/.local/lib/python3.6/site-packages/airflow/example_dags/example_kubernetes_executor.py
[2024-06-23 23:47:33,457] {scheduler_job.py:639} INFO - DAG(s) dict_keys(['example_kubernetes_executor']) retrieved from /home/airflow/.local/lib/python3.6/site-packages/airflow/example_dags/example_kubernetes_executor.py
[2024-06-23 23:47:33,469] {logging_mixin.py:104} INFO - [2024-06-23 23:47:33,469] {dag.py:1824} INFO - Sync 1 DAGs
[2024-06-23 23:47:33,478] {logging_mixin.py:104} INFO - [2024-06-23 23:47:33,478] {dag.py:2280} INFO - Setting next_dagrun for example_kubernetes_executor to None
[2024-06-23 23:47:33,485] {scheduler_job.py:190} INFO - Processing /home/airflow/.local/lib/python3.6/site-packages/airflow/example_dags/example_kubernetes_executor.py took 0.038 seconds
[2024-06-23 23:48:04,249] {scheduler_job.py:182} INFO - Started process (PID=5985) to work on /home/airflow/.local/lib/python3.6/site-packages/airflow/example_dags/example_kubernetes_executor.py
[2024-06-23 23:48:04,250] {scheduler_job.py:629} INFO - Processing file /home/airflow/.local/lib/python3.6/site-packages/airflow/example_dags/example_kubernetes_executor.py for tasks to queue
[2024-06-23 23:48:04,251] {logging_mixin.py:104} INFO - [2024-06-23 23:48:04,251] {dagbag.py:451} INFO - Filling up the DagBag from /home/airflow/.local/lib/python3.6/site-packages/airflow/example_dags/example_kubernetes_executor.py
[2024-06-23 23:48:04,258] {scheduler_job.py:639} INFO - DAG(s) dict_keys(['example_kubernetes_executor']) retrieved from /home/airflow/.local/lib/python3.6/site-packages/airflow/example_dags/example_kubernetes_executor.py
[2024-06-23 23:48:04,273] {logging_mixin.py:104} INFO - [2024-06-23 23:48:04,273] {dag.py:1824} INFO - Sync 1 DAGs
[2024-06-23 23:48:04,282] {logging_mixin.py:104} INFO - [2024-06-23 23:48:04,282] {dag.py:2280} INFO - Setting next_dagrun for example_kubernetes_executor to None
[2024-06-23 23:48:04,291] {scheduler_job.py:190} INFO - Processing /home/airflow/.local/lib/python3.6/site-packages/airflow/example_dags/example_kubernetes_executor.py took 0.044 seconds
[2024-06-23 23:48:35,087] {scheduler_job.py:182} INFO - Started process (PID=6011) to work on /home/airflow/.local/lib/python3.6/site-packages/airflow/example_dags/example_kubernetes_executor.py
[2024-06-23 23:48:35,088] {scheduler_job.py:629} INFO - Processing file /home/airflow/.local/lib/python3.6/site-packages/airflow/example_dags/example_kubernetes_executor.py for tasks to queue
[2024-06-23 23:48:35,088] {logging_mixin.py:104} INFO - [2024-06-23 23:48:35,088] {dagbag.py:451} INFO - Filling up the DagBag from /home/airflow/.local/lib/python3.6/site-packages/airflow/example_dags/example_kubernetes_executor.py
[2024-06-23 23:48:35,095] {scheduler_job.py:639} INFO - DAG(s) dict_keys(['example_kubernetes_executor']) retrieved from /home/airflow/.local/lib/python3.6/site-packages/airflow/example_dags/example_kubernetes_executor.py
[2024-06-23 23:48:35,108] {logging_mixin.py:104} INFO - [2024-06-23 23:48:35,107] {dag.py:1824} INFO - Sync 1 DAGs
[2024-06-23 23:48:35,116] {logging_mixin.py:104} INFO - [2024-06-23 23:48:35,116] {dag.py:2280} INFO - Setting next_dagrun for example_kubernetes_executor to None
[2024-06-23 23:48:35,124] {scheduler_job.py:190} INFO - Processing /home/airflow/.local/lib/python3.6/site-packages/airflow/example_dags/example_kubernetes_executor.py took 0.039 seconds
[2024-06-23 23:49:05,821] {scheduler_job.py:182} INFO - Started process (PID=6037) to work on /home/airflow/.local/lib/python3.6/site-packages/airflow/example_dags/example_kubernetes_executor.py
[2024-06-23 23:49:05,821] {scheduler_job.py:629} INFO - Processing file /home/airflow/.local/lib/python3.6/site-packages/airflow/example_dags/example_kubernetes_executor.py for tasks to queue
[2024-06-23 23:49:05,822] {logging_mixin.py:104} INFO - [2024-06-23 23:49:05,822] {dagbag.py:451} INFO - Filling up the DagBag from /home/airflow/.local/lib/python3.6/site-packages/airflow/example_dags/example_kubernetes_executor.py
[2024-06-23 23:49:05,829] {scheduler_job.py:639} INFO - DAG(s) dict_keys(['example_kubernetes_executor']) retrieved from /home/airflow/.local/lib/python3.6/site-packages/airflow/example_dags/example_kubernetes_executor.py
[2024-06-23 23:49:05,841] {logging_mixin.py:104} INFO - [2024-06-23 23:49:05,841] {dag.py:1824} INFO - Sync 1 DAGs
[2024-06-23 23:49:05,850] {logging_mixin.py:104} INFO - [2024-06-23 23:49:05,850] {dag.py:2280} INFO - Setting next_dagrun for example_kubernetes_executor to None
[2024-06-23 23:49:05,857] {scheduler_job.py:190} INFO - Processing /home/airflow/.local/lib/python3.6/site-packages/airflow/example_dags/example_kubernetes_executor.py took 0.038 seconds
[2024-06-23 23:49:36,599] {scheduler_job.py:182} INFO - Started process (PID=6063) to work on /home/airflow/.local/lib/python3.6/site-packages/airflow/example_dags/example_kubernetes_executor.py
[2024-06-23 23:49:36,600] {scheduler_job.py:629} INFO - Processing file /home/airflow/.local/lib/python3.6/site-packages/airflow/example_dags/example_kubernetes_executor.py for tasks to queue
[2024-06-23 23:49:36,601] {logging_mixin.py:104} INFO - [2024-06-23 23:49:36,601] {dagbag.py:451} INFO - Filling up the DagBag from /home/airflow/.local/lib/python3.6/site-packages/airflow/example_dags/example_kubernetes_executor.py
[2024-06-23 23:49:36,607] {scheduler_job.py:639} INFO - DAG(s) dict_keys(['example_kubernetes_executor']) retrieved from /home/airflow/.local/lib/python3.6/site-packages/airflow/example_dags/example_kubernetes_executor.py
[2024-06-23 23:49:36,620] {logging_mixin.py:104} INFO - [2024-06-23 23:49:36,620] {dag.py:1824} INFO - Sync 1 DAGs
[2024-06-23 23:49:36,628] {logging_mixin.py:104} INFO - [2024-06-23 23:49:36,628] {dag.py:2280} INFO - Setting next_dagrun for example_kubernetes_executor to None
[2024-06-23 23:49:36,635] {scheduler_job.py:190} INFO - Processing /home/airflow/.local/lib/python3.6/site-packages/airflow/example_dags/example_kubernetes_executor.py took 0.038 seconds
[2024-06-23 23:50:07,413] {scheduler_job.py:182} INFO - Started process (PID=6089) to work on /home/airflow/.local/lib/python3.6/site-packages/airflow/example_dags/example_kubernetes_executor.py
[2024-06-23 23:50:07,414] {scheduler_job.py:629} INFO - Processing file /home/airflow/.local/lib/python3.6/site-packages/airflow/example_dags/example_kubernetes_executor.py for tasks to queue
[2024-06-23 23:50:07,414] {logging_mixin.py:104} INFO - [2024-06-23 23:50:07,414] {dagbag.py:451} INFO - Filling up the DagBag from /home/airflow/.local/lib/python3.6/site-packages/airflow/example_dags/example_kubernetes_executor.py
[2024-06-23 23:50:07,421] {scheduler_job.py:639} INFO - DAG(s) dict_keys(['example_kubernetes_executor']) retrieved from /home/airflow/.local/lib/python3.6/site-packages/airflow/example_dags/example_kubernetes_executor.py
[2024-06-23 23:50:07,433] {logging_mixin.py:104} INFO - [2024-06-23 23:50:07,433] {dag.py:1824} INFO - Sync 1 DAGs
[2024-06-23 23:50:07,442] {logging_mixin.py:104} INFO - [2024-06-23 23:50:07,442] {dag.py:2280} INFO - Setting next_dagrun for example_kubernetes_executor to None
[2024-06-23 23:50:07,449] {scheduler_job.py:190} INFO - Processing /home/airflow/.local/lib/python3.6/site-packages/airflow/example_dags/example_kubernetes_executor.py took 0.037 seconds
[2024-06-23 23:50:38,215] {scheduler_job.py:182} INFO - Started process (PID=6115) to work on /home/airflow/.local/lib/python3.6/site-packages/airflow/example_dags/example_kubernetes_executor.py
[2024-06-23 23:50:38,216] {scheduler_job.py:629} INFO - Processing file /home/airflow/.local/lib/python3.6/site-packages/airflow/example_dags/example_kubernetes_executor.py for tasks to queue
[2024-06-23 23:50:38,216] {logging_mixin.py:104} INFO - [2024-06-23 23:50:38,216] {dagbag.py:451} INFO - Filling up the DagBag from /home/airflow/.local/lib/python3.6/site-packages/airflow/example_dags/example_kubernetes_executor.py
[2024-06-23 23:50:38,223] {scheduler_job.py:639} INFO - DAG(s) dict_keys(['example_kubernetes_executor']) retrieved from /home/airflow/.local/lib/python3.6/site-packages/airflow/example_dags/example_kubernetes_executor.py
[2024-06-23 23:50:38,235] {logging_mixin.py:104} INFO - [2024-06-23 23:50:38,235] {dag.py:1824} INFO - Sync 1 DAGs
[2024-06-23 23:50:38,243] {logging_mixin.py:104} INFO - [2024-06-23 23:50:38,243] {dag.py:2280} INFO - Setting next_dagrun for example_kubernetes_executor to None
[2024-06-23 23:50:38,250] {scheduler_job.py:190} INFO - Processing /home/airflow/.local/lib/python3.6/site-packages/airflow/example_dags/example_kubernetes_executor.py took 0.037 seconds
[2024-06-23 23:51:09,000] {scheduler_job.py:182} INFO - Started process (PID=6141) to work on /home/airflow/.local/lib/python3.6/site-packages/airflow/example_dags/example_kubernetes_executor.py
[2024-06-23 23:51:09,001] {scheduler_job.py:629} INFO - Processing file /home/airflow/.local/lib/python3.6/site-packages/airflow/example_dags/example_kubernetes_executor.py for tasks to queue
[2024-06-23 23:51:09,002] {logging_mixin.py:104} INFO - [2024-06-23 23:51:09,002] {dagbag.py:451} INFO - Filling up the DagBag from /home/airflow/.local/lib/python3.6/site-packages/airflow/example_dags/example_kubernetes_executor.py
[2024-06-23 23:51:09,008] {scheduler_job.py:639} INFO - DAG(s) dict_keys(['example_kubernetes_executor']) retrieved from /home/airflow/.local/lib/python3.6/site-packages/airflow/example_dags/example_kubernetes_executor.py
[2024-06-23 23:51:09,021] {logging_mixin.py:104} INFO - [2024-06-23 23:51:09,021] {dag.py:1824} INFO - Sync 1 DAGs
[2024-06-23 23:51:09,029] {logging_mixin.py:104} INFO - [2024-06-23 23:51:09,029] {dag.py:2280} INFO - Setting next_dagrun for example_kubernetes_executor to None
[2024-06-23 23:51:09,036] {scheduler_job.py:190} INFO - Processing /home/airflow/.local/lib/python3.6/site-packages/airflow/example_dags/example_kubernetes_executor.py took 0.037 seconds
[2024-06-23 23:51:39,779] {scheduler_job.py:182} INFO - Started process (PID=6167) to work on /home/airflow/.local/lib/python3.6/site-packages/airflow/example_dags/example_kubernetes_executor.py
[2024-06-23 23:51:39,779] {scheduler_job.py:629} INFO - Processing file /home/airflow/.local/lib/python3.6/site-packages/airflow/example_dags/example_kubernetes_executor.py for tasks to queue
[2024-06-23 23:51:39,780] {logging_mixin.py:104} INFO - [2024-06-23 23:51:39,780] {dagbag.py:451} INFO - Filling up the DagBag from /home/airflow/.local/lib/python3.6/site-packages/airflow/example_dags/example_kubernetes_executor.py
[2024-06-23 23:51:39,786] {scheduler_job.py:639} INFO - DAG(s) dict_keys(['example_kubernetes_executor']) retrieved from /home/airflow/.local/lib/python3.6/site-packages/airflow/example_dags/example_kubernetes_executor.py
[2024-06-23 23:51:39,799] {logging_mixin.py:104} INFO - [2024-06-23 23:51:39,798] {dag.py:1824} INFO - Sync 1 DAGs
[2024-06-23 23:51:39,807] {logging_mixin.py:104} INFO - [2024-06-23 23:51:39,807] {dag.py:2280} INFO - Setting next_dagrun for example_kubernetes_executor to None
[2024-06-23 23:51:39,814] {scheduler_job.py:190} INFO - Processing /home/airflow/.local/lib/python3.6/site-packages/airflow/example_dags/example_kubernetes_executor.py took 0.037 seconds
[2024-06-23 23:52:10,589] {scheduler_job.py:182} INFO - Started process (PID=6193) to work on /home/airflow/.local/lib/python3.6/site-packages/airflow/example_dags/example_kubernetes_executor.py
[2024-06-23 23:52:10,589] {scheduler_job.py:629} INFO - Processing file /home/airflow/.local/lib/python3.6/site-packages/airflow/example_dags/example_kubernetes_executor.py for tasks to queue
[2024-06-23 23:52:10,590] {logging_mixin.py:104} INFO - [2024-06-23 23:52:10,590] {dagbag.py:451} INFO - Filling up the DagBag from /home/airflow/.local/lib/python3.6/site-packages/airflow/example_dags/example_kubernetes_executor.py
[2024-06-23 23:52:10,597] {scheduler_job.py:639} INFO - DAG(s) dict_keys(['example_kubernetes_executor']) retrieved from /home/airflow/.local/lib/python3.6/site-packages/airflow/example_dags/example_kubernetes_executor.py
[2024-06-23 23:52:10,609] {logging_mixin.py:104} INFO - [2024-06-23 23:52:10,609] {dag.py:1824} INFO - Sync 1 DAGs
[2024-06-23 23:52:10,617] {logging_mixin.py:104} INFO - [2024-06-23 23:52:10,617] {dag.py:2280} INFO - Setting next_dagrun for example_kubernetes_executor to None
[2024-06-23 23:52:10,624] {scheduler_job.py:190} INFO - Processing /home/airflow/.local/lib/python3.6/site-packages/airflow/example_dags/example_kubernetes_executor.py took 0.037 seconds
[2024-06-23 23:52:41,384] {scheduler_job.py:182} INFO - Started process (PID=6219) to work on /home/airflow/.local/lib/python3.6/site-packages/airflow/example_dags/example_kubernetes_executor.py
[2024-06-23 23:52:41,385] {scheduler_job.py:629} INFO - Processing file /home/airflow/.local/lib/python3.6/site-packages/airflow/example_dags/example_kubernetes_executor.py for tasks to queue
[2024-06-23 23:52:41,385] {logging_mixin.py:104} INFO - [2024-06-23 23:52:41,385] {dagbag.py:451} INFO - Filling up the DagBag from /home/airflow/.local/lib/python3.6/site-packages/airflow/example_dags/example_kubernetes_executor.py
[2024-06-23 23:52:41,392] {scheduler_job.py:639} INFO - DAG(s) dict_keys(['example_kubernetes_executor']) retrieved from /home/airflow/.local/lib/python3.6/site-packages/airflow/example_dags/example_kubernetes_executor.py
[2024-06-23 23:52:41,405] {logging_mixin.py:104} INFO - [2024-06-23 23:52:41,404] {dag.py:1824} INFO - Sync 1 DAGs
[2024-06-23 23:52:41,413] {logging_mixin.py:104} INFO - [2024-06-23 23:52:41,413] {dag.py:2280} INFO - Setting next_dagrun for example_kubernetes_executor to None
[2024-06-23 23:52:41,420] {scheduler_job.py:190} INFO - Processing /home/airflow/.local/lib/python3.6/site-packages/airflow/example_dags/example_kubernetes_executor.py took 0.038 seconds
[2024-06-23 23:53:12,176] {scheduler_job.py:182} INFO - Started process (PID=6245) to work on /home/airflow/.local/lib/python3.6/site-packages/airflow/example_dags/example_kubernetes_executor.py
[2024-06-23 23:53:12,177] {scheduler_job.py:629} INFO - Processing file /home/airflow/.local/lib/python3.6/site-packages/airflow/example_dags/example_kubernetes_executor.py for tasks to queue
[2024-06-23 23:53:12,177] {logging_mixin.py:104} INFO - [2024-06-23 23:53:12,177] {dagbag.py:451} INFO - Filling up the DagBag from /home/airflow/.local/lib/python3.6/site-packages/airflow/example_dags/example_kubernetes_executor.py
[2024-06-23 23:53:12,184] {scheduler_job.py:639} INFO - DAG(s) dict_keys(['example_kubernetes_executor']) retrieved from /home/airflow/.local/lib/python3.6/site-packages/airflow/example_dags/example_kubernetes_executor.py
[2024-06-23 23:53:12,196] {logging_mixin.py:104} INFO - [2024-06-23 23:53:12,196] {dag.py:1824} INFO - Sync 1 DAGs
[2024-06-23 23:53:12,205] {logging_mixin.py:104} INFO - [2024-06-23 23:53:12,205] {dag.py:2280} INFO - Setting next_dagrun for example_kubernetes_executor to None
[2024-06-23 23:53:12,212] {scheduler_job.py:190} INFO - Processing /home/airflow/.local/lib/python3.6/site-packages/airflow/example_dags/example_kubernetes_executor.py took 0.038 seconds
[2024-06-23 23:53:42,978] {scheduler_job.py:182} INFO - Started process (PID=6271) to work on /home/airflow/.local/lib/python3.6/site-packages/airflow/example_dags/example_kubernetes_executor.py
[2024-06-23 23:53:42,979] {scheduler_job.py:629} INFO - Processing file /home/airflow/.local/lib/python3.6/site-packages/airflow/example_dags/example_kubernetes_executor.py for tasks to queue
[2024-06-23 23:53:42,979] {logging_mixin.py:104} INFO - [2024-06-23 23:53:42,979] {dagbag.py:451} INFO - Filling up the DagBag from /home/airflow/.local/lib/python3.6/site-packages/airflow/example_dags/example_kubernetes_executor.py
[2024-06-23 23:53:42,986] {scheduler_job.py:639} INFO - DAG(s) dict_keys(['example_kubernetes_executor']) retrieved from /home/airflow/.local/lib/python3.6/site-packages/airflow/example_dags/example_kubernetes_executor.py
[2024-06-23 23:53:42,999] {logging_mixin.py:104} INFO - [2024-06-23 23:53:42,999] {dag.py:1824} INFO - Sync 1 DAGs
[2024-06-23 23:53:43,007] {logging_mixin.py:104} INFO - [2024-06-23 23:53:43,007] {dag.py:2280} INFO - Setting next_dagrun for example_kubernetes_executor to None
[2024-06-23 23:53:43,014] {scheduler_job.py:190} INFO - Processing /home/airflow/.local/lib/python3.6/site-packages/airflow/example_dags/example_kubernetes_executor.py took 0.037 seconds
[2024-06-23 23:54:13,768] {scheduler_job.py:182} INFO - Started process (PID=6297) to work on /home/airflow/.local/lib/python3.6/site-packages/airflow/example_dags/example_kubernetes_executor.py
[2024-06-23 23:54:13,768] {scheduler_job.py:629} INFO - Processing file /home/airflow/.local/lib/python3.6/site-packages/airflow/example_dags/example_kubernetes_executor.py for tasks to queue
[2024-06-23 23:54:13,769] {logging_mixin.py:104} INFO - [2024-06-23 23:54:13,769] {dagbag.py:451} INFO - Filling up the DagBag from /home/airflow/.local/lib/python3.6/site-packages/airflow/example_dags/example_kubernetes_executor.py
[2024-06-23 23:54:13,776] {scheduler_job.py:639} INFO - DAG(s) dict_keys(['example_kubernetes_executor']) retrieved from /home/airflow/.local/lib/python3.6/site-packages/airflow/example_dags/example_kubernetes_executor.py
[2024-06-23 23:54:13,789] {logging_mixin.py:104} INFO - [2024-06-23 23:54:13,789] {dag.py:1824} INFO - Sync 1 DAGs
[2024-06-23 23:54:13,798] {logging_mixin.py:104} INFO - [2024-06-23 23:54:13,798] {dag.py:2280} INFO - Setting next_dagrun for example_kubernetes_executor to None
[2024-06-23 23:54:13,806] {scheduler_job.py:190} INFO - Processing /home/airflow/.local/lib/python3.6/site-packages/airflow/example_dags/example_kubernetes_executor.py took 0.040 seconds
[2024-06-23 23:54:44,587] {scheduler_job.py:182} INFO - Started process (PID=6323) to work on /home/airflow/.local/lib/python3.6/site-packages/airflow/example_dags/example_kubernetes_executor.py
[2024-06-23 23:54:44,588] {scheduler_job.py:629} INFO - Processing file /home/airflow/.local/lib/python3.6/site-packages/airflow/example_dags/example_kubernetes_executor.py for tasks to queue
[2024-06-23 23:54:44,588] {logging_mixin.py:104} INFO - [2024-06-23 23:54:44,588] {dagbag.py:451} INFO - Filling up the DagBag from /home/airflow/.local/lib/python3.6/site-packages/airflow/example_dags/example_kubernetes_executor.py
[2024-06-23 23:54:44,595] {scheduler_job.py:639} INFO - DAG(s) dict_keys(['example_kubernetes_executor']) retrieved from /home/airflow/.local/lib/python3.6/site-packages/airflow/example_dags/example_kubernetes_executor.py
[2024-06-23 23:54:44,609] {logging_mixin.py:104} INFO - [2024-06-23 23:54:44,609] {dag.py:1824} INFO - Sync 1 DAGs
[2024-06-23 23:54:44,617] {logging_mixin.py:104} INFO - [2024-06-23 23:54:44,617] {dag.py:2280} INFO - Setting next_dagrun for example_kubernetes_executor to None
[2024-06-23 23:54:44,624] {scheduler_job.py:190} INFO - Processing /home/airflow/.local/lib/python3.6/site-packages/airflow/example_dags/example_kubernetes_executor.py took 0.040 seconds
[2024-06-23 23:55:15,421] {scheduler_job.py:182} INFO - Started process (PID=6349) to work on /home/airflow/.local/lib/python3.6/site-packages/airflow/example_dags/example_kubernetes_executor.py
[2024-06-23 23:55:15,421] {scheduler_job.py:629} INFO - Processing file /home/airflow/.local/lib/python3.6/site-packages/airflow/example_dags/example_kubernetes_executor.py for tasks to queue
[2024-06-23 23:55:15,422] {logging_mixin.py:104} INFO - [2024-06-23 23:55:15,422] {dagbag.py:451} INFO - Filling up the DagBag from /home/airflow/.local/lib/python3.6/site-packages/airflow/example_dags/example_kubernetes_executor.py
[2024-06-23 23:55:15,429] {scheduler_job.py:639} INFO - DAG(s) dict_keys(['example_kubernetes_executor']) retrieved from /home/airflow/.local/lib/python3.6/site-packages/airflow/example_dags/example_kubernetes_executor.py
[2024-06-23 23:55:15,441] {logging_mixin.py:104} INFO - [2024-06-23 23:55:15,441] {dag.py:1824} INFO - Sync 1 DAGs
[2024-06-23 23:55:15,450] {logging_mixin.py:104} INFO - [2024-06-23 23:55:15,450] {dag.py:2280} INFO - Setting next_dagrun for example_kubernetes_executor to None
[2024-06-23 23:55:15,458] {scheduler_job.py:190} INFO - Processing /home/airflow/.local/lib/python3.6/site-packages/airflow/example_dags/example_kubernetes_executor.py took 0.039 seconds
[2024-06-23 23:55:46,242] {scheduler_job.py:182} INFO - Started process (PID=6375) to work on /home/airflow/.local/lib/python3.6/site-packages/airflow/example_dags/example_kubernetes_executor.py
[2024-06-23 23:55:46,243] {scheduler_job.py:629} INFO - Processing file /home/airflow/.local/lib/python3.6/site-packages/airflow/example_dags/example_kubernetes_executor.py for tasks to queue
[2024-06-23 23:55:46,243] {logging_mixin.py:104} INFO - [2024-06-23 23:55:46,243] {dagbag.py:451} INFO - Filling up the DagBag from /home/airflow/.local/lib/python3.6/site-packages/airflow/example_dags/example_kubernetes_executor.py
[2024-06-23 23:55:46,251] {scheduler_job.py:639} INFO - DAG(s) dict_keys(['example_kubernetes_executor']) retrieved from /home/airflow/.local/lib/python3.6/site-packages/airflow/example_dags/example_kubernetes_executor.py
[2024-06-23 23:55:46,263] {logging_mixin.py:104} INFO - [2024-06-23 23:55:46,263] {dag.py:1824} INFO - Sync 1 DAGs
[2024-06-23 23:55:46,276] {logging_mixin.py:104} INFO - [2024-06-23 23:55:46,276] {dag.py:2280} INFO - Setting next_dagrun for example_kubernetes_executor to None
[2024-06-23 23:55:46,289] {scheduler_job.py:190} INFO - Processing /home/airflow/.local/lib/python3.6/site-packages/airflow/example_dags/example_kubernetes_executor.py took 0.049 seconds
[2024-06-23 23:56:17,066] {scheduler_job.py:182} INFO - Started process (PID=6401) to work on /home/airflow/.local/lib/python3.6/site-packages/airflow/example_dags/example_kubernetes_executor.py
[2024-06-23 23:56:17,067] {scheduler_job.py:629} INFO - Processing file /home/airflow/.local/lib/python3.6/site-packages/airflow/example_dags/example_kubernetes_executor.py for tasks to queue
[2024-06-23 23:56:17,067] {logging_mixin.py:104} INFO - [2024-06-23 23:56:17,067] {dagbag.py:451} INFO - Filling up the DagBag from /home/airflow/.local/lib/python3.6/site-packages/airflow/example_dags/example_kubernetes_executor.py
[2024-06-23 23:56:17,074] {scheduler_job.py:639} INFO - DAG(s) dict_keys(['example_kubernetes_executor']) retrieved from /home/airflow/.local/lib/python3.6/site-packages/airflow/example_dags/example_kubernetes_executor.py
[2024-06-23 23:56:17,087] {logging_mixin.py:104} INFO - [2024-06-23 23:56:17,087] {dag.py:1824} INFO - Sync 1 DAGs
[2024-06-23 23:56:17,095] {logging_mixin.py:104} INFO - [2024-06-23 23:56:17,095] {dag.py:2280} INFO - Setting next_dagrun for example_kubernetes_executor to None
[2024-06-23 23:56:17,103] {scheduler_job.py:190} INFO - Processing /home/airflow/.local/lib/python3.6/site-packages/airflow/example_dags/example_kubernetes_executor.py took 0.039 seconds
[2024-06-23 23:56:47,856] {scheduler_job.py:182} INFO - Started process (PID=6427) to work on /home/airflow/.local/lib/python3.6/site-packages/airflow/example_dags/example_kubernetes_executor.py
[2024-06-23 23:56:47,857] {scheduler_job.py:629} INFO - Processing file /home/airflow/.local/lib/python3.6/site-packages/airflow/example_dags/example_kubernetes_executor.py for tasks to queue
[2024-06-23 23:56:47,857] {logging_mixin.py:104} INFO - [2024-06-23 23:56:47,857] {dagbag.py:451} INFO - Filling up the DagBag from /home/airflow/.local/lib/python3.6/site-packages/airflow/example_dags/example_kubernetes_executor.py
[2024-06-23 23:56:47,864] {scheduler_job.py:639} INFO - DAG(s) dict_keys(['example_kubernetes_executor']) retrieved from /home/airflow/.local/lib/python3.6/site-packages/airflow/example_dags/example_kubernetes_executor.py
[2024-06-23 23:56:47,876] {logging_mixin.py:104} INFO - [2024-06-23 23:56:47,876] {dag.py:1824} INFO - Sync 1 DAGs
[2024-06-23 23:56:47,885] {logging_mixin.py:104} INFO - [2024-06-23 23:56:47,885] {dag.py:2280} INFO - Setting next_dagrun for example_kubernetes_executor to None
[2024-06-23 23:56:47,892] {scheduler_job.py:190} INFO - Processing /home/airflow/.local/lib/python3.6/site-packages/airflow/example_dags/example_kubernetes_executor.py took 0.038 seconds
[2024-06-23 23:57:18,668] {scheduler_job.py:182} INFO - Started process (PID=6453) to work on /home/airflow/.local/lib/python3.6/site-packages/airflow/example_dags/example_kubernetes_executor.py
[2024-06-23 23:57:18,669] {scheduler_job.py:629} INFO - Processing file /home/airflow/.local/lib/python3.6/site-packages/airflow/example_dags/example_kubernetes_executor.py for tasks to queue
[2024-06-23 23:57:18,670] {logging_mixin.py:104} INFO - [2024-06-23 23:57:18,670] {dagbag.py:451} INFO - Filling up the DagBag from /home/airflow/.local/lib/python3.6/site-packages/airflow/example_dags/example_kubernetes_executor.py
[2024-06-23 23:57:18,677] {scheduler_job.py:639} INFO - DAG(s) dict_keys(['example_kubernetes_executor']) retrieved from /home/airflow/.local/lib/python3.6/site-packages/airflow/example_dags/example_kubernetes_executor.py
[2024-06-23 23:57:18,689] {logging_mixin.py:104} INFO - [2024-06-23 23:57:18,689] {dag.py:1824} INFO - Sync 1 DAGs
[2024-06-23 23:57:18,698] {logging_mixin.py:104} INFO - [2024-06-23 23:57:18,698] {dag.py:2280} INFO - Setting next_dagrun for example_kubernetes_executor to None
[2024-06-23 23:57:18,705] {scheduler_job.py:190} INFO - Processing /home/airflow/.local/lib/python3.6/site-packages/airflow/example_dags/example_kubernetes_executor.py took 0.038 seconds
[2024-06-23 23:57:49,463] {scheduler_job.py:182} INFO - Started process (PID=6479) to work on /home/airflow/.local/lib/python3.6/site-packages/airflow/example_dags/example_kubernetes_executor.py
[2024-06-23 23:57:49,464] {scheduler_job.py:629} INFO - Processing file /home/airflow/.local/lib/python3.6/site-packages/airflow/example_dags/example_kubernetes_executor.py for tasks to queue
[2024-06-23 23:57:49,465] {logging_mixin.py:104} INFO - [2024-06-23 23:57:49,465] {dagbag.py:451} INFO - Filling up the DagBag from /home/airflow/.local/lib/python3.6/site-packages/airflow/example_dags/example_kubernetes_executor.py
[2024-06-23 23:57:49,472] {scheduler_job.py:639} INFO - DAG(s) dict_keys(['example_kubernetes_executor']) retrieved from /home/airflow/.local/lib/python3.6/site-packages/airflow/example_dags/example_kubernetes_executor.py
[2024-06-23 23:57:49,484] {logging_mixin.py:104} INFO - [2024-06-23 23:57:49,484] {dag.py:1824} INFO - Sync 1 DAGs
[2024-06-23 23:57:49,493] {logging_mixin.py:104} INFO - [2024-06-23 23:57:49,493] {dag.py:2280} INFO - Setting next_dagrun for example_kubernetes_executor to None
[2024-06-23 23:57:49,500] {scheduler_job.py:190} INFO - Processing /home/airflow/.local/lib/python3.6/site-packages/airflow/example_dags/example_kubernetes_executor.py took 0.039 seconds
[2024-06-23 23:58:20,403] {scheduler_job.py:182} INFO - Started process (PID=6505) to work on /home/airflow/.local/lib/python3.6/site-packages/airflow/example_dags/example_kubernetes_executor.py
[2024-06-23 23:58:20,404] {scheduler_job.py:629} INFO - Processing file /home/airflow/.local/lib/python3.6/site-packages/airflow/example_dags/example_kubernetes_executor.py for tasks to queue
[2024-06-23 23:58:20,405] {logging_mixin.py:104} INFO - [2024-06-23 23:58:20,404] {dagbag.py:451} INFO - Filling up the DagBag from /home/airflow/.local/lib/python3.6/site-packages/airflow/example_dags/example_kubernetes_executor.py
[2024-06-23 23:58:20,411] {scheduler_job.py:639} INFO - DAG(s) dict_keys(['example_kubernetes_executor']) retrieved from /home/airflow/.local/lib/python3.6/site-packages/airflow/example_dags/example_kubernetes_executor.py
[2024-06-23 23:58:20,424] {logging_mixin.py:104} INFO - [2024-06-23 23:58:20,424] {dag.py:1824} INFO - Sync 1 DAGs
[2024-06-23 23:58:20,434] {logging_mixin.py:104} INFO - [2024-06-23 23:58:20,434] {dag.py:2280} INFO - Setting next_dagrun for example_kubernetes_executor to None
[2024-06-23 23:58:20,445] {scheduler_job.py:190} INFO - Processing /home/airflow/.local/lib/python3.6/site-packages/airflow/example_dags/example_kubernetes_executor.py took 0.043 seconds
[2024-06-23 23:58:51,279] {scheduler_job.py:182} INFO - Started process (PID=6531) to work on /home/airflow/.local/lib/python3.6/site-packages/airflow/example_dags/example_kubernetes_executor.py
[2024-06-23 23:58:51,280] {scheduler_job.py:629} INFO - Processing file /home/airflow/.local/lib/python3.6/site-packages/airflow/example_dags/example_kubernetes_executor.py for tasks to queue
[2024-06-23 23:58:51,281] {logging_mixin.py:104} INFO - [2024-06-23 23:58:51,281] {dagbag.py:451} INFO - Filling up the DagBag from /home/airflow/.local/lib/python3.6/site-packages/airflow/example_dags/example_kubernetes_executor.py
[2024-06-23 23:58:51,288] {scheduler_job.py:639} INFO - DAG(s) dict_keys(['example_kubernetes_executor']) retrieved from /home/airflow/.local/lib/python3.6/site-packages/airflow/example_dags/example_kubernetes_executor.py
[2024-06-23 23:58:51,304] {logging_mixin.py:104} INFO - [2024-06-23 23:58:51,304] {dag.py:1824} INFO - Sync 1 DAGs
[2024-06-23 23:58:51,316] {logging_mixin.py:104} INFO - [2024-06-23 23:58:51,316] {dag.py:2280} INFO - Setting next_dagrun for example_kubernetes_executor to None
[2024-06-23 23:58:51,325] {scheduler_job.py:190} INFO - Processing /home/airflow/.local/lib/python3.6/site-packages/airflow/example_dags/example_kubernetes_executor.py took 0.047 seconds
[2024-06-23 23:59:22,120] {scheduler_job.py:182} INFO - Started process (PID=6557) to work on /home/airflow/.local/lib/python3.6/site-packages/airflow/example_dags/example_kubernetes_executor.py
[2024-06-23 23:59:22,121] {scheduler_job.py:629} INFO - Processing file /home/airflow/.local/lib/python3.6/site-packages/airflow/example_dags/example_kubernetes_executor.py for tasks to queue
[2024-06-23 23:59:22,122] {logging_mixin.py:104} INFO - [2024-06-23 23:59:22,122] {dagbag.py:451} INFO - Filling up the DagBag from /home/airflow/.local/lib/python3.6/site-packages/airflow/example_dags/example_kubernetes_executor.py
[2024-06-23 23:59:22,128] {scheduler_job.py:639} INFO - DAG(s) dict_keys(['example_kubernetes_executor']) retrieved from /home/airflow/.local/lib/python3.6/site-packages/airflow/example_dags/example_kubernetes_executor.py
[2024-06-23 23:59:22,141] {logging_mixin.py:104} INFO - [2024-06-23 23:59:22,141] {dag.py:1824} INFO - Sync 1 DAGs
[2024-06-23 23:59:22,149] {logging_mixin.py:104} INFO - [2024-06-23 23:59:22,149] {dag.py:2280} INFO - Setting next_dagrun for example_kubernetes_executor to None
[2024-06-23 23:59:22,156] {scheduler_job.py:190} INFO - Processing /home/airflow/.local/lib/python3.6/site-packages/airflow/example_dags/example_kubernetes_executor.py took 0.037 seconds
[2024-06-23 23:59:52,916] {scheduler_job.py:182} INFO - Started process (PID=6583) to work on /home/airflow/.local/lib/python3.6/site-packages/airflow/example_dags/example_kubernetes_executor.py
[2024-06-23 23:59:52,917] {scheduler_job.py:629} INFO - Processing file /home/airflow/.local/lib/python3.6/site-packages/airflow/example_dags/example_kubernetes_executor.py for tasks to queue
[2024-06-23 23:59:52,918] {logging_mixin.py:104} INFO - [2024-06-23 23:59:52,918] {dagbag.py:451} INFO - Filling up the DagBag from /home/airflow/.local/lib/python3.6/site-packages/airflow/example_dags/example_kubernetes_executor.py
[2024-06-23 23:59:52,925] {scheduler_job.py:639} INFO - DAG(s) dict_keys(['example_kubernetes_executor']) retrieved from /home/airflow/.local/lib/python3.6/site-packages/airflow/example_dags/example_kubernetes_executor.py
[2024-06-23 23:59:52,937] {logging_mixin.py:104} INFO - [2024-06-23 23:59:52,937] {dag.py:1824} INFO - Sync 1 DAGs
[2024-06-23 23:59:52,946] {logging_mixin.py:104} INFO - [2024-06-23 23:59:52,946] {dag.py:2280} INFO - Setting next_dagrun for example_kubernetes_executor to None
[2024-06-23 23:59:52,953] {scheduler_job.py:190} INFO - Processing /home/airflow/.local/lib/python3.6/site-packages/airflow/example_dags/example_kubernetes_executor.py took 0.038 seconds
