[2024-06-23 23:41:55,136] {scheduler_job.py:182} INFO - Started process (PID=5676) to work on /home/airflow/.local/lib/python3.6/site-packages/airflow/example_dags/example_short_circuit_operator.py
[2024-06-23 23:41:55,140] {scheduler_job.py:629} INFO - Processing file /home/airflow/.local/lib/python3.6/site-packages/airflow/example_dags/example_short_circuit_operator.py for tasks to queue
[2024-06-23 23:41:55,148] {logging_mixin.py:104} INFO - [2024-06-23 23:41:55,148] {dagbag.py:451} INFO - Filling up the DagBag from /home/airflow/.local/lib/python3.6/site-packages/airflow/example_dags/example_short_circuit_operator.py
[2024-06-23 23:41:55,172] {scheduler_job.py:639} INFO - DAG(s) dict_keys(['example_short_circuit_operator']) retrieved from /home/airflow/.local/lib/python3.6/site-packages/airflow/example_dags/example_short_circuit_operator.py
[2024-06-23 23:41:55,232] {logging_mixin.py:104} INFO - [2024-06-23 23:41:55,232] {dag.py:1824} INFO - Sync 1 DAGs
[2024-06-23 23:41:55,265] {logging_mixin.py:104} INFO - [2024-06-23 23:41:55,264] {dag.py:2280} INFO - Setting next_dagrun for example_short_circuit_operator to 2024-06-21 00:00:00+00:00
[2024-06-23 23:41:55,287] {scheduler_job.py:190} INFO - Processing /home/airflow/.local/lib/python3.6/site-packages/airflow/example_dags/example_short_circuit_operator.py took 0.154 seconds
[2024-06-23 23:42:25,330] {scheduler_job.py:182} INFO - Started process (PID=5701) to work on /home/airflow/.local/lib/python3.6/site-packages/airflow/example_dags/example_short_circuit_operator.py
[2024-06-23 23:42:25,331] {scheduler_job.py:629} INFO - Processing file /home/airflow/.local/lib/python3.6/site-packages/airflow/example_dags/example_short_circuit_operator.py for tasks to queue
[2024-06-23 23:42:25,331] {logging_mixin.py:104} INFO - [2024-06-23 23:42:25,331] {dagbag.py:451} INFO - Filling up the DagBag from /home/airflow/.local/lib/python3.6/site-packages/airflow/example_dags/example_short_circuit_operator.py
[2024-06-23 23:42:25,339] {scheduler_job.py:639} INFO - DAG(s) dict_keys(['example_short_circuit_operator']) retrieved from /home/airflow/.local/lib/python3.6/site-packages/airflow/example_dags/example_short_circuit_operator.py
[2024-06-23 23:42:25,351] {logging_mixin.py:104} INFO - [2024-06-23 23:42:25,351] {dag.py:1824} INFO - Sync 1 DAGs
[2024-06-23 23:42:25,359] {logging_mixin.py:104} INFO - [2024-06-23 23:42:25,359] {dag.py:2280} INFO - Setting next_dagrun for example_short_circuit_operator to 2024-06-21 00:00:00+00:00
[2024-06-23 23:42:25,368] {scheduler_job.py:190} INFO - Processing /home/airflow/.local/lib/python3.6/site-packages/airflow/example_dags/example_short_circuit_operator.py took 0.040 seconds
[2024-06-23 23:42:56,236] {scheduler_job.py:182} INFO - Started process (PID=5726) to work on /home/airflow/.local/lib/python3.6/site-packages/airflow/example_dags/example_short_circuit_operator.py
[2024-06-23 23:42:56,239] {scheduler_job.py:629} INFO - Processing file /home/airflow/.local/lib/python3.6/site-packages/airflow/example_dags/example_short_circuit_operator.py for tasks to queue
[2024-06-23 23:42:56,241] {logging_mixin.py:104} INFO - [2024-06-23 23:42:56,240] {dagbag.py:451} INFO - Filling up the DagBag from /home/airflow/.local/lib/python3.6/site-packages/airflow/example_dags/example_short_circuit_operator.py
[2024-06-23 23:42:56,260] {scheduler_job.py:639} INFO - DAG(s) dict_keys(['example_short_circuit_operator']) retrieved from /home/airflow/.local/lib/python3.6/site-packages/airflow/example_dags/example_short_circuit_operator.py
[2024-06-23 23:42:56,284] {logging_mixin.py:104} INFO - [2024-06-23 23:42:56,283] {dag.py:1824} INFO - Sync 1 DAGs
[2024-06-23 23:42:56,300] {logging_mixin.py:104} INFO - [2024-06-23 23:42:56,300] {dag.py:2280} INFO - Setting next_dagrun for example_short_circuit_operator to 2024-06-21 00:00:00+00:00
[2024-06-23 23:42:56,311] {scheduler_job.py:190} INFO - Processing /home/airflow/.local/lib/python3.6/site-packages/airflow/example_dags/example_short_circuit_operator.py took 0.082 seconds
[2024-06-23 23:43:27,179] {scheduler_job.py:182} INFO - Started process (PID=5753) to work on /home/airflow/.local/lib/python3.6/site-packages/airflow/example_dags/example_short_circuit_operator.py
[2024-06-23 23:43:27,180] {scheduler_job.py:629} INFO - Processing file /home/airflow/.local/lib/python3.6/site-packages/airflow/example_dags/example_short_circuit_operator.py for tasks to queue
[2024-06-23 23:43:27,180] {logging_mixin.py:104} INFO - [2024-06-23 23:43:27,180] {dagbag.py:451} INFO - Filling up the DagBag from /home/airflow/.local/lib/python3.6/site-packages/airflow/example_dags/example_short_circuit_operator.py
[2024-06-23 23:43:27,187] {scheduler_job.py:639} INFO - DAG(s) dict_keys(['example_short_circuit_operator']) retrieved from /home/airflow/.local/lib/python3.6/site-packages/airflow/example_dags/example_short_circuit_operator.py
[2024-06-23 23:43:27,199] {logging_mixin.py:104} INFO - [2024-06-23 23:43:27,199] {dag.py:1824} INFO - Sync 1 DAGs
[2024-06-23 23:43:27,207] {logging_mixin.py:104} INFO - [2024-06-23 23:43:27,207] {dag.py:2280} INFO - Setting next_dagrun for example_short_circuit_operator to 2024-06-21 00:00:00+00:00
[2024-06-23 23:43:27,216] {scheduler_job.py:190} INFO - Processing /home/airflow/.local/lib/python3.6/site-packages/airflow/example_dags/example_short_circuit_operator.py took 0.039 seconds
[2024-06-23 23:43:57,967] {scheduler_job.py:182} INFO - Started process (PID=5779) to work on /home/airflow/.local/lib/python3.6/site-packages/airflow/example_dags/example_short_circuit_operator.py
[2024-06-23 23:43:57,967] {scheduler_job.py:629} INFO - Processing file /home/airflow/.local/lib/python3.6/site-packages/airflow/example_dags/example_short_circuit_operator.py for tasks to queue
[2024-06-23 23:43:57,968] {logging_mixin.py:104} INFO - [2024-06-23 23:43:57,968] {dagbag.py:451} INFO - Filling up the DagBag from /home/airflow/.local/lib/python3.6/site-packages/airflow/example_dags/example_short_circuit_operator.py
[2024-06-23 23:43:57,975] {scheduler_job.py:639} INFO - DAG(s) dict_keys(['example_short_circuit_operator']) retrieved from /home/airflow/.local/lib/python3.6/site-packages/airflow/example_dags/example_short_circuit_operator.py
[2024-06-23 23:43:57,988] {logging_mixin.py:104} INFO - [2024-06-23 23:43:57,988] {dag.py:1824} INFO - Sync 1 DAGs
[2024-06-23 23:43:57,996] {logging_mixin.py:104} INFO - [2024-06-23 23:43:57,996] {dag.py:2280} INFO - Setting next_dagrun for example_short_circuit_operator to 2024-06-21 00:00:00+00:00
[2024-06-23 23:43:58,005] {scheduler_job.py:190} INFO - Processing /home/airflow/.local/lib/python3.6/site-packages/airflow/example_dags/example_short_circuit_operator.py took 0.040 seconds
[2024-06-23 23:44:28,750] {scheduler_job.py:182} INFO - Started process (PID=5805) to work on /home/airflow/.local/lib/python3.6/site-packages/airflow/example_dags/example_short_circuit_operator.py
[2024-06-23 23:44:28,750] {scheduler_job.py:629} INFO - Processing file /home/airflow/.local/lib/python3.6/site-packages/airflow/example_dags/example_short_circuit_operator.py for tasks to queue
[2024-06-23 23:44:28,751] {logging_mixin.py:104} INFO - [2024-06-23 23:44:28,751] {dagbag.py:451} INFO - Filling up the DagBag from /home/airflow/.local/lib/python3.6/site-packages/airflow/example_dags/example_short_circuit_operator.py
[2024-06-23 23:44:28,758] {scheduler_job.py:639} INFO - DAG(s) dict_keys(['example_short_circuit_operator']) retrieved from /home/airflow/.local/lib/python3.6/site-packages/airflow/example_dags/example_short_circuit_operator.py
[2024-06-23 23:44:28,770] {logging_mixin.py:104} INFO - [2024-06-23 23:44:28,770] {dag.py:1824} INFO - Sync 1 DAGs
[2024-06-23 23:44:28,778] {logging_mixin.py:104} INFO - [2024-06-23 23:44:28,778] {dag.py:2280} INFO - Setting next_dagrun for example_short_circuit_operator to 2024-06-21 00:00:00+00:00
[2024-06-23 23:44:28,785] {scheduler_job.py:190} INFO - Processing /home/airflow/.local/lib/python3.6/site-packages/airflow/example_dags/example_short_circuit_operator.py took 0.037 seconds
[2024-06-23 23:44:59,532] {scheduler_job.py:182} INFO - Started process (PID=5831) to work on /home/airflow/.local/lib/python3.6/site-packages/airflow/example_dags/example_short_circuit_operator.py
[2024-06-23 23:44:59,533] {scheduler_job.py:629} INFO - Processing file /home/airflow/.local/lib/python3.6/site-packages/airflow/example_dags/example_short_circuit_operator.py for tasks to queue
[2024-06-23 23:44:59,533] {logging_mixin.py:104} INFO - [2024-06-23 23:44:59,533] {dagbag.py:451} INFO - Filling up the DagBag from /home/airflow/.local/lib/python3.6/site-packages/airflow/example_dags/example_short_circuit_operator.py
[2024-06-23 23:44:59,541] {scheduler_job.py:639} INFO - DAG(s) dict_keys(['example_short_circuit_operator']) retrieved from /home/airflow/.local/lib/python3.6/site-packages/airflow/example_dags/example_short_circuit_operator.py
[2024-06-23 23:44:59,553] {logging_mixin.py:104} INFO - [2024-06-23 23:44:59,553] {dag.py:1824} INFO - Sync 1 DAGs
[2024-06-23 23:44:59,561] {logging_mixin.py:104} INFO - [2024-06-23 23:44:59,561] {dag.py:2280} INFO - Setting next_dagrun for example_short_circuit_operator to 2024-06-21 00:00:00+00:00
[2024-06-23 23:44:59,570] {scheduler_job.py:190} INFO - Processing /home/airflow/.local/lib/python3.6/site-packages/airflow/example_dags/example_short_circuit_operator.py took 0.041 seconds
[2024-06-23 23:45:30,322] {scheduler_job.py:182} INFO - Started process (PID=5857) to work on /home/airflow/.local/lib/python3.6/site-packages/airflow/example_dags/example_short_circuit_operator.py
[2024-06-23 23:45:30,324] {scheduler_job.py:629} INFO - Processing file /home/airflow/.local/lib/python3.6/site-packages/airflow/example_dags/example_short_circuit_operator.py for tasks to queue
[2024-06-23 23:45:30,324] {logging_mixin.py:104} INFO - [2024-06-23 23:45:30,324] {dagbag.py:451} INFO - Filling up the DagBag from /home/airflow/.local/lib/python3.6/site-packages/airflow/example_dags/example_short_circuit_operator.py
[2024-06-23 23:45:30,331] {scheduler_job.py:639} INFO - DAG(s) dict_keys(['example_short_circuit_operator']) retrieved from /home/airflow/.local/lib/python3.6/site-packages/airflow/example_dags/example_short_circuit_operator.py
[2024-06-23 23:45:30,343] {logging_mixin.py:104} INFO - [2024-06-23 23:45:30,343] {dag.py:1824} INFO - Sync 1 DAGs
[2024-06-23 23:45:30,351] {logging_mixin.py:104} INFO - [2024-06-23 23:45:30,351] {dag.py:2280} INFO - Setting next_dagrun for example_short_circuit_operator to 2024-06-21 00:00:00+00:00
[2024-06-23 23:45:30,358] {scheduler_job.py:190} INFO - Processing /home/airflow/.local/lib/python3.6/site-packages/airflow/example_dags/example_short_circuit_operator.py took 0.037 seconds
[2024-06-23 23:46:01,132] {scheduler_job.py:182} INFO - Started process (PID=5883) to work on /home/airflow/.local/lib/python3.6/site-packages/airflow/example_dags/example_short_circuit_operator.py
[2024-06-23 23:46:01,133] {scheduler_job.py:629} INFO - Processing file /home/airflow/.local/lib/python3.6/site-packages/airflow/example_dags/example_short_circuit_operator.py for tasks to queue
[2024-06-23 23:46:01,133] {logging_mixin.py:104} INFO - [2024-06-23 23:46:01,133] {dagbag.py:451} INFO - Filling up the DagBag from /home/airflow/.local/lib/python3.6/site-packages/airflow/example_dags/example_short_circuit_operator.py
[2024-06-23 23:46:01,140] {scheduler_job.py:639} INFO - DAG(s) dict_keys(['example_short_circuit_operator']) retrieved from /home/airflow/.local/lib/python3.6/site-packages/airflow/example_dags/example_short_circuit_operator.py
[2024-06-23 23:46:01,152] {logging_mixin.py:104} INFO - [2024-06-23 23:46:01,152] {dag.py:1824} INFO - Sync 1 DAGs
[2024-06-23 23:46:01,164] {logging_mixin.py:104} INFO - [2024-06-23 23:46:01,164] {dag.py:2280} INFO - Setting next_dagrun for example_short_circuit_operator to 2024-06-21 00:00:00+00:00
[2024-06-23 23:46:01,174] {scheduler_job.py:190} INFO - Processing /home/airflow/.local/lib/python3.6/site-packages/airflow/example_dags/example_short_circuit_operator.py took 0.043 seconds
[2024-06-23 23:46:31,931] {scheduler_job.py:182} INFO - Started process (PID=5909) to work on /home/airflow/.local/lib/python3.6/site-packages/airflow/example_dags/example_short_circuit_operator.py
[2024-06-23 23:46:31,931] {scheduler_job.py:629} INFO - Processing file /home/airflow/.local/lib/python3.6/site-packages/airflow/example_dags/example_short_circuit_operator.py for tasks to queue
[2024-06-23 23:46:31,932] {logging_mixin.py:104} INFO - [2024-06-23 23:46:31,932] {dagbag.py:451} INFO - Filling up the DagBag from /home/airflow/.local/lib/python3.6/site-packages/airflow/example_dags/example_short_circuit_operator.py
[2024-06-23 23:46:31,939] {scheduler_job.py:639} INFO - DAG(s) dict_keys(['example_short_circuit_operator']) retrieved from /home/airflow/.local/lib/python3.6/site-packages/airflow/example_dags/example_short_circuit_operator.py
[2024-06-23 23:46:31,951] {logging_mixin.py:104} INFO - [2024-06-23 23:46:31,951] {dag.py:1824} INFO - Sync 1 DAGs
[2024-06-23 23:46:31,959] {logging_mixin.py:104} INFO - [2024-06-23 23:46:31,959] {dag.py:2280} INFO - Setting next_dagrun for example_short_circuit_operator to 2024-06-21 00:00:00+00:00
[2024-06-23 23:46:31,968] {scheduler_job.py:190} INFO - Processing /home/airflow/.local/lib/python3.6/site-packages/airflow/example_dags/example_short_circuit_operator.py took 0.039 seconds
[2024-06-23 23:47:02,723] {scheduler_job.py:182} INFO - Started process (PID=5935) to work on /home/airflow/.local/lib/python3.6/site-packages/airflow/example_dags/example_short_circuit_operator.py
[2024-06-23 23:47:02,724] {scheduler_job.py:629} INFO - Processing file /home/airflow/.local/lib/python3.6/site-packages/airflow/example_dags/example_short_circuit_operator.py for tasks to queue
[2024-06-23 23:47:02,725] {logging_mixin.py:104} INFO - [2024-06-23 23:47:02,724] {dagbag.py:451} INFO - Filling up the DagBag from /home/airflow/.local/lib/python3.6/site-packages/airflow/example_dags/example_short_circuit_operator.py
[2024-06-23 23:47:02,731] {scheduler_job.py:639} INFO - DAG(s) dict_keys(['example_short_circuit_operator']) retrieved from /home/airflow/.local/lib/python3.6/site-packages/airflow/example_dags/example_short_circuit_operator.py
[2024-06-23 23:47:02,744] {logging_mixin.py:104} INFO - [2024-06-23 23:47:02,744] {dag.py:1824} INFO - Sync 1 DAGs
[2024-06-23 23:47:02,752] {logging_mixin.py:104} INFO - [2024-06-23 23:47:02,752] {dag.py:2280} INFO - Setting next_dagrun for example_short_circuit_operator to 2024-06-21 00:00:00+00:00
[2024-06-23 23:47:02,759] {scheduler_job.py:190} INFO - Processing /home/airflow/.local/lib/python3.6/site-packages/airflow/example_dags/example_short_circuit_operator.py took 0.037 seconds
[2024-06-23 23:47:33,550] {scheduler_job.py:182} INFO - Started process (PID=5961) to work on /home/airflow/.local/lib/python3.6/site-packages/airflow/example_dags/example_short_circuit_operator.py
[2024-06-23 23:47:33,551] {scheduler_job.py:629} INFO - Processing file /home/airflow/.local/lib/python3.6/site-packages/airflow/example_dags/example_short_circuit_operator.py for tasks to queue
[2024-06-23 23:47:33,552] {logging_mixin.py:104} INFO - [2024-06-23 23:47:33,552] {dagbag.py:451} INFO - Filling up the DagBag from /home/airflow/.local/lib/python3.6/site-packages/airflow/example_dags/example_short_circuit_operator.py
[2024-06-23 23:47:33,558] {scheduler_job.py:639} INFO - DAG(s) dict_keys(['example_short_circuit_operator']) retrieved from /home/airflow/.local/lib/python3.6/site-packages/airflow/example_dags/example_short_circuit_operator.py
[2024-06-23 23:47:33,570] {logging_mixin.py:104} INFO - [2024-06-23 23:47:33,570] {dag.py:1824} INFO - Sync 1 DAGs
[2024-06-23 23:47:33,578] {logging_mixin.py:104} INFO - [2024-06-23 23:47:33,578] {dag.py:2280} INFO - Setting next_dagrun for example_short_circuit_operator to 2024-06-21 00:00:00+00:00
[2024-06-23 23:47:33,587] {scheduler_job.py:190} INFO - Processing /home/airflow/.local/lib/python3.6/site-packages/airflow/example_dags/example_short_circuit_operator.py took 0.039 seconds
[2024-06-23 23:48:04,361] {scheduler_job.py:182} INFO - Started process (PID=5987) to work on /home/airflow/.local/lib/python3.6/site-packages/airflow/example_dags/example_short_circuit_operator.py
[2024-06-23 23:48:04,362] {scheduler_job.py:629} INFO - Processing file /home/airflow/.local/lib/python3.6/site-packages/airflow/example_dags/example_short_circuit_operator.py for tasks to queue
[2024-06-23 23:48:04,362] {logging_mixin.py:104} INFO - [2024-06-23 23:48:04,362] {dagbag.py:451} INFO - Filling up the DagBag from /home/airflow/.local/lib/python3.6/site-packages/airflow/example_dags/example_short_circuit_operator.py
[2024-06-23 23:48:04,370] {scheduler_job.py:639} INFO - DAG(s) dict_keys(['example_short_circuit_operator']) retrieved from /home/airflow/.local/lib/python3.6/site-packages/airflow/example_dags/example_short_circuit_operator.py
[2024-06-23 23:48:04,383] {logging_mixin.py:104} INFO - [2024-06-23 23:48:04,383] {dag.py:1824} INFO - Sync 1 DAGs
[2024-06-23 23:48:04,391] {logging_mixin.py:104} INFO - [2024-06-23 23:48:04,391] {dag.py:2280} INFO - Setting next_dagrun for example_short_circuit_operator to 2024-06-21 00:00:00+00:00
[2024-06-23 23:48:04,399] {scheduler_job.py:190} INFO - Processing /home/airflow/.local/lib/python3.6/site-packages/airflow/example_dags/example_short_circuit_operator.py took 0.039 seconds
[2024-06-23 23:48:35,139] {scheduler_job.py:182} INFO - Started process (PID=6013) to work on /home/airflow/.local/lib/python3.6/site-packages/airflow/example_dags/example_short_circuit_operator.py
[2024-06-23 23:48:35,140] {scheduler_job.py:629} INFO - Processing file /home/airflow/.local/lib/python3.6/site-packages/airflow/example_dags/example_short_circuit_operator.py for tasks to queue
[2024-06-23 23:48:35,140] {logging_mixin.py:104} INFO - [2024-06-23 23:48:35,140] {dagbag.py:451} INFO - Filling up the DagBag from /home/airflow/.local/lib/python3.6/site-packages/airflow/example_dags/example_short_circuit_operator.py
[2024-06-23 23:48:35,147] {scheduler_job.py:639} INFO - DAG(s) dict_keys(['example_short_circuit_operator']) retrieved from /home/airflow/.local/lib/python3.6/site-packages/airflow/example_dags/example_short_circuit_operator.py
[2024-06-23 23:48:35,159] {logging_mixin.py:104} INFO - [2024-06-23 23:48:35,159] {dag.py:1824} INFO - Sync 1 DAGs
[2024-06-23 23:48:35,167] {logging_mixin.py:104} INFO - [2024-06-23 23:48:35,167] {dag.py:2280} INFO - Setting next_dagrun for example_short_circuit_operator to 2024-06-21 00:00:00+00:00
[2024-06-23 23:48:35,175] {scheduler_job.py:190} INFO - Processing /home/airflow/.local/lib/python3.6/site-packages/airflow/example_dags/example_short_circuit_operator.py took 0.038 seconds
[2024-06-23 23:49:05,924] {scheduler_job.py:182} INFO - Started process (PID=6039) to work on /home/airflow/.local/lib/python3.6/site-packages/airflow/example_dags/example_short_circuit_operator.py
[2024-06-23 23:49:05,925] {scheduler_job.py:629} INFO - Processing file /home/airflow/.local/lib/python3.6/site-packages/airflow/example_dags/example_short_circuit_operator.py for tasks to queue
[2024-06-23 23:49:05,925] {logging_mixin.py:104} INFO - [2024-06-23 23:49:05,925] {dagbag.py:451} INFO - Filling up the DagBag from /home/airflow/.local/lib/python3.6/site-packages/airflow/example_dags/example_short_circuit_operator.py
[2024-06-23 23:49:05,932] {scheduler_job.py:639} INFO - DAG(s) dict_keys(['example_short_circuit_operator']) retrieved from /home/airflow/.local/lib/python3.6/site-packages/airflow/example_dags/example_short_circuit_operator.py
[2024-06-23 23:49:05,945] {logging_mixin.py:104} INFO - [2024-06-23 23:49:05,945] {dag.py:1824} INFO - Sync 1 DAGs
[2024-06-23 23:49:05,954] {logging_mixin.py:104} INFO - [2024-06-23 23:49:05,954] {dag.py:2280} INFO - Setting next_dagrun for example_short_circuit_operator to 2024-06-21 00:00:00+00:00
[2024-06-23 23:49:05,962] {scheduler_job.py:190} INFO - Processing /home/airflow/.local/lib/python3.6/site-packages/airflow/example_dags/example_short_circuit_operator.py took 0.040 seconds
[2024-06-23 23:49:36,707] {scheduler_job.py:182} INFO - Started process (PID=6065) to work on /home/airflow/.local/lib/python3.6/site-packages/airflow/example_dags/example_short_circuit_operator.py
[2024-06-23 23:49:36,708] {scheduler_job.py:629} INFO - Processing file /home/airflow/.local/lib/python3.6/site-packages/airflow/example_dags/example_short_circuit_operator.py for tasks to queue
[2024-06-23 23:49:36,708] {logging_mixin.py:104} INFO - [2024-06-23 23:49:36,708] {dagbag.py:451} INFO - Filling up the DagBag from /home/airflow/.local/lib/python3.6/site-packages/airflow/example_dags/example_short_circuit_operator.py
[2024-06-23 23:49:36,716] {scheduler_job.py:639} INFO - DAG(s) dict_keys(['example_short_circuit_operator']) retrieved from /home/airflow/.local/lib/python3.6/site-packages/airflow/example_dags/example_short_circuit_operator.py
[2024-06-23 23:49:36,733] {logging_mixin.py:104} INFO - [2024-06-23 23:49:36,733] {dag.py:1824} INFO - Sync 1 DAGs
[2024-06-23 23:49:36,742] {logging_mixin.py:104} INFO - [2024-06-23 23:49:36,742] {dag.py:2280} INFO - Setting next_dagrun for example_short_circuit_operator to 2024-06-21 00:00:00+00:00
[2024-06-23 23:49:36,749] {scheduler_job.py:190} INFO - Processing /home/airflow/.local/lib/python3.6/site-packages/airflow/example_dags/example_short_circuit_operator.py took 0.044 seconds
[2024-06-23 23:50:07,519] {scheduler_job.py:182} INFO - Started process (PID=6091) to work on /home/airflow/.local/lib/python3.6/site-packages/airflow/example_dags/example_short_circuit_operator.py
[2024-06-23 23:50:07,520] {scheduler_job.py:629} INFO - Processing file /home/airflow/.local/lib/python3.6/site-packages/airflow/example_dags/example_short_circuit_operator.py for tasks to queue
[2024-06-23 23:50:07,520] {logging_mixin.py:104} INFO - [2024-06-23 23:50:07,520] {dagbag.py:451} INFO - Filling up the DagBag from /home/airflow/.local/lib/python3.6/site-packages/airflow/example_dags/example_short_circuit_operator.py
[2024-06-23 23:50:07,527] {scheduler_job.py:639} INFO - DAG(s) dict_keys(['example_short_circuit_operator']) retrieved from /home/airflow/.local/lib/python3.6/site-packages/airflow/example_dags/example_short_circuit_operator.py
[2024-06-23 23:50:07,539] {logging_mixin.py:104} INFO - [2024-06-23 23:50:07,539] {dag.py:1824} INFO - Sync 1 DAGs
[2024-06-23 23:50:07,548] {logging_mixin.py:104} INFO - [2024-06-23 23:50:07,548] {dag.py:2280} INFO - Setting next_dagrun for example_short_circuit_operator to 2024-06-21 00:00:00+00:00
[2024-06-23 23:50:07,557] {scheduler_job.py:190} INFO - Processing /home/airflow/.local/lib/python3.6/site-packages/airflow/example_dags/example_short_circuit_operator.py took 0.039 seconds
[2024-06-23 23:50:38,316] {scheduler_job.py:182} INFO - Started process (PID=6117) to work on /home/airflow/.local/lib/python3.6/site-packages/airflow/example_dags/example_short_circuit_operator.py
[2024-06-23 23:50:38,317] {scheduler_job.py:629} INFO - Processing file /home/airflow/.local/lib/python3.6/site-packages/airflow/example_dags/example_short_circuit_operator.py for tasks to queue
[2024-06-23 23:50:38,317] {logging_mixin.py:104} INFO - [2024-06-23 23:50:38,317] {dagbag.py:451} INFO - Filling up the DagBag from /home/airflow/.local/lib/python3.6/site-packages/airflow/example_dags/example_short_circuit_operator.py
[2024-06-23 23:50:38,324] {scheduler_job.py:639} INFO - DAG(s) dict_keys(['example_short_circuit_operator']) retrieved from /home/airflow/.local/lib/python3.6/site-packages/airflow/example_dags/example_short_circuit_operator.py
[2024-06-23 23:50:38,336] {logging_mixin.py:104} INFO - [2024-06-23 23:50:38,336] {dag.py:1824} INFO - Sync 1 DAGs
[2024-06-23 23:50:38,345] {logging_mixin.py:104} INFO - [2024-06-23 23:50:38,344] {dag.py:2280} INFO - Setting next_dagrun for example_short_circuit_operator to 2024-06-21 00:00:00+00:00
[2024-06-23 23:50:38,353] {scheduler_job.py:190} INFO - Processing /home/airflow/.local/lib/python3.6/site-packages/airflow/example_dags/example_short_circuit_operator.py took 0.039 seconds
[2024-06-23 23:51:09,101] {scheduler_job.py:182} INFO - Started process (PID=6143) to work on /home/airflow/.local/lib/python3.6/site-packages/airflow/example_dags/example_short_circuit_operator.py
[2024-06-23 23:51:09,102] {scheduler_job.py:629} INFO - Processing file /home/airflow/.local/lib/python3.6/site-packages/airflow/example_dags/example_short_circuit_operator.py for tasks to queue
[2024-06-23 23:51:09,102] {logging_mixin.py:104} INFO - [2024-06-23 23:51:09,102] {dagbag.py:451} INFO - Filling up the DagBag from /home/airflow/.local/lib/python3.6/site-packages/airflow/example_dags/example_short_circuit_operator.py
[2024-06-23 23:51:09,109] {scheduler_job.py:639} INFO - DAG(s) dict_keys(['example_short_circuit_operator']) retrieved from /home/airflow/.local/lib/python3.6/site-packages/airflow/example_dags/example_short_circuit_operator.py
[2024-06-23 23:51:09,121] {logging_mixin.py:104} INFO - [2024-06-23 23:51:09,121] {dag.py:1824} INFO - Sync 1 DAGs
[2024-06-23 23:51:09,130] {logging_mixin.py:104} INFO - [2024-06-23 23:51:09,130] {dag.py:2280} INFO - Setting next_dagrun for example_short_circuit_operator to 2024-06-21 00:00:00+00:00
[2024-06-23 23:51:09,136] {scheduler_job.py:190} INFO - Processing /home/airflow/.local/lib/python3.6/site-packages/airflow/example_dags/example_short_circuit_operator.py took 0.037 seconds
[2024-06-23 23:51:39,884] {scheduler_job.py:182} INFO - Started process (PID=6169) to work on /home/airflow/.local/lib/python3.6/site-packages/airflow/example_dags/example_short_circuit_operator.py
[2024-06-23 23:51:39,885] {scheduler_job.py:629} INFO - Processing file /home/airflow/.local/lib/python3.6/site-packages/airflow/example_dags/example_short_circuit_operator.py for tasks to queue
[2024-06-23 23:51:39,885] {logging_mixin.py:104} INFO - [2024-06-23 23:51:39,885] {dagbag.py:451} INFO - Filling up the DagBag from /home/airflow/.local/lib/python3.6/site-packages/airflow/example_dags/example_short_circuit_operator.py
[2024-06-23 23:51:39,892] {scheduler_job.py:639} INFO - DAG(s) dict_keys(['example_short_circuit_operator']) retrieved from /home/airflow/.local/lib/python3.6/site-packages/airflow/example_dags/example_short_circuit_operator.py
[2024-06-23 23:51:39,905] {logging_mixin.py:104} INFO - [2024-06-23 23:51:39,905] {dag.py:1824} INFO - Sync 1 DAGs
[2024-06-23 23:51:39,914] {logging_mixin.py:104} INFO - [2024-06-23 23:51:39,914] {dag.py:2280} INFO - Setting next_dagrun for example_short_circuit_operator to 2024-06-21 00:00:00+00:00
[2024-06-23 23:51:39,920] {scheduler_job.py:190} INFO - Processing /home/airflow/.local/lib/python3.6/site-packages/airflow/example_dags/example_short_circuit_operator.py took 0.038 seconds
[2024-06-23 23:52:10,689] {scheduler_job.py:182} INFO - Started process (PID=6195) to work on /home/airflow/.local/lib/python3.6/site-packages/airflow/example_dags/example_short_circuit_operator.py
[2024-06-23 23:52:10,690] {scheduler_job.py:629} INFO - Processing file /home/airflow/.local/lib/python3.6/site-packages/airflow/example_dags/example_short_circuit_operator.py for tasks to queue
[2024-06-23 23:52:10,690] {logging_mixin.py:104} INFO - [2024-06-23 23:52:10,690] {dagbag.py:451} INFO - Filling up the DagBag from /home/airflow/.local/lib/python3.6/site-packages/airflow/example_dags/example_short_circuit_operator.py
[2024-06-23 23:52:10,697] {scheduler_job.py:639} INFO - DAG(s) dict_keys(['example_short_circuit_operator']) retrieved from /home/airflow/.local/lib/python3.6/site-packages/airflow/example_dags/example_short_circuit_operator.py
[2024-06-23 23:52:10,710] {logging_mixin.py:104} INFO - [2024-06-23 23:52:10,710] {dag.py:1824} INFO - Sync 1 DAGs
[2024-06-23 23:52:10,718] {logging_mixin.py:104} INFO - [2024-06-23 23:52:10,718] {dag.py:2280} INFO - Setting next_dagrun for example_short_circuit_operator to 2024-06-21 00:00:00+00:00
[2024-06-23 23:52:10,727] {scheduler_job.py:190} INFO - Processing /home/airflow/.local/lib/python3.6/site-packages/airflow/example_dags/example_short_circuit_operator.py took 0.039 seconds
[2024-06-23 23:52:41,485] {scheduler_job.py:182} INFO - Started process (PID=6221) to work on /home/airflow/.local/lib/python3.6/site-packages/airflow/example_dags/example_short_circuit_operator.py
[2024-06-23 23:52:41,486] {scheduler_job.py:629} INFO - Processing file /home/airflow/.local/lib/python3.6/site-packages/airflow/example_dags/example_short_circuit_operator.py for tasks to queue
[2024-06-23 23:52:41,487] {logging_mixin.py:104} INFO - [2024-06-23 23:52:41,487] {dagbag.py:451} INFO - Filling up the DagBag from /home/airflow/.local/lib/python3.6/site-packages/airflow/example_dags/example_short_circuit_operator.py
[2024-06-23 23:52:41,494] {scheduler_job.py:639} INFO - DAG(s) dict_keys(['example_short_circuit_operator']) retrieved from /home/airflow/.local/lib/python3.6/site-packages/airflow/example_dags/example_short_circuit_operator.py
[2024-06-23 23:52:41,506] {logging_mixin.py:104} INFO - [2024-06-23 23:52:41,506] {dag.py:1824} INFO - Sync 1 DAGs
[2024-06-23 23:52:41,514] {logging_mixin.py:104} INFO - [2024-06-23 23:52:41,514] {dag.py:2280} INFO - Setting next_dagrun for example_short_circuit_operator to 2024-06-21 00:00:00+00:00
[2024-06-23 23:52:41,524] {scheduler_job.py:190} INFO - Processing /home/airflow/.local/lib/python3.6/site-packages/airflow/example_dags/example_short_circuit_operator.py took 0.040 seconds
[2024-06-23 23:53:12,280] {scheduler_job.py:182} INFO - Started process (PID=6247) to work on /home/airflow/.local/lib/python3.6/site-packages/airflow/example_dags/example_short_circuit_operator.py
[2024-06-23 23:53:12,280] {scheduler_job.py:629} INFO - Processing file /home/airflow/.local/lib/python3.6/site-packages/airflow/example_dags/example_short_circuit_operator.py for tasks to queue
[2024-06-23 23:53:12,281] {logging_mixin.py:104} INFO - [2024-06-23 23:53:12,281] {dagbag.py:451} INFO - Filling up the DagBag from /home/airflow/.local/lib/python3.6/site-packages/airflow/example_dags/example_short_circuit_operator.py
[2024-06-23 23:53:12,288] {scheduler_job.py:639} INFO - DAG(s) dict_keys(['example_short_circuit_operator']) retrieved from /home/airflow/.local/lib/python3.6/site-packages/airflow/example_dags/example_short_circuit_operator.py
[2024-06-23 23:53:12,301] {logging_mixin.py:104} INFO - [2024-06-23 23:53:12,301] {dag.py:1824} INFO - Sync 1 DAGs
[2024-06-23 23:53:12,310] {logging_mixin.py:104} INFO - [2024-06-23 23:53:12,310] {dag.py:2280} INFO - Setting next_dagrun for example_short_circuit_operator to 2024-06-21 00:00:00+00:00
[2024-06-23 23:53:12,318] {scheduler_job.py:190} INFO - Processing /home/airflow/.local/lib/python3.6/site-packages/airflow/example_dags/example_short_circuit_operator.py took 0.040 seconds
[2024-06-23 23:53:43,030] {scheduler_job.py:182} INFO - Started process (PID=6273) to work on /home/airflow/.local/lib/python3.6/site-packages/airflow/example_dags/example_short_circuit_operator.py
[2024-06-23 23:53:43,030] {scheduler_job.py:629} INFO - Processing file /home/airflow/.local/lib/python3.6/site-packages/airflow/example_dags/example_short_circuit_operator.py for tasks to queue
[2024-06-23 23:53:43,031] {logging_mixin.py:104} INFO - [2024-06-23 23:53:43,031] {dagbag.py:451} INFO - Filling up the DagBag from /home/airflow/.local/lib/python3.6/site-packages/airflow/example_dags/example_short_circuit_operator.py
[2024-06-23 23:53:43,038] {scheduler_job.py:639} INFO - DAG(s) dict_keys(['example_short_circuit_operator']) retrieved from /home/airflow/.local/lib/python3.6/site-packages/airflow/example_dags/example_short_circuit_operator.py
[2024-06-23 23:53:43,049] {logging_mixin.py:104} INFO - [2024-06-23 23:53:43,049] {dag.py:1824} INFO - Sync 1 DAGs
[2024-06-23 23:53:43,057] {logging_mixin.py:104} INFO - [2024-06-23 23:53:43,057] {dag.py:2280} INFO - Setting next_dagrun for example_short_circuit_operator to 2024-06-21 00:00:00+00:00
[2024-06-23 23:53:43,064] {scheduler_job.py:190} INFO - Processing /home/airflow/.local/lib/python3.6/site-packages/airflow/example_dags/example_short_circuit_operator.py took 0.037 seconds
[2024-06-23 23:54:13,878] {scheduler_job.py:182} INFO - Started process (PID=6299) to work on /home/airflow/.local/lib/python3.6/site-packages/airflow/example_dags/example_short_circuit_operator.py
[2024-06-23 23:54:13,878] {scheduler_job.py:629} INFO - Processing file /home/airflow/.local/lib/python3.6/site-packages/airflow/example_dags/example_short_circuit_operator.py for tasks to queue
[2024-06-23 23:54:13,879] {logging_mixin.py:104} INFO - [2024-06-23 23:54:13,879] {dagbag.py:451} INFO - Filling up the DagBag from /home/airflow/.local/lib/python3.6/site-packages/airflow/example_dags/example_short_circuit_operator.py
[2024-06-23 23:54:13,886] {scheduler_job.py:639} INFO - DAG(s) dict_keys(['example_short_circuit_operator']) retrieved from /home/airflow/.local/lib/python3.6/site-packages/airflow/example_dags/example_short_circuit_operator.py
[2024-06-23 23:54:13,900] {logging_mixin.py:104} INFO - [2024-06-23 23:54:13,899] {dag.py:1824} INFO - Sync 1 DAGs
[2024-06-23 23:54:13,909] {logging_mixin.py:104} INFO - [2024-06-23 23:54:13,908] {dag.py:2280} INFO - Setting next_dagrun for example_short_circuit_operator to 2024-06-21 00:00:00+00:00
[2024-06-23 23:54:13,916] {scheduler_job.py:190} INFO - Processing /home/airflow/.local/lib/python3.6/site-packages/airflow/example_dags/example_short_circuit_operator.py took 0.040 seconds
[2024-06-23 23:54:44,704] {scheduler_job.py:182} INFO - Started process (PID=6325) to work on /home/airflow/.local/lib/python3.6/site-packages/airflow/example_dags/example_short_circuit_operator.py
[2024-06-23 23:54:44,704] {scheduler_job.py:629} INFO - Processing file /home/airflow/.local/lib/python3.6/site-packages/airflow/example_dags/example_short_circuit_operator.py for tasks to queue
[2024-06-23 23:54:44,705] {logging_mixin.py:104} INFO - [2024-06-23 23:54:44,705] {dagbag.py:451} INFO - Filling up the DagBag from /home/airflow/.local/lib/python3.6/site-packages/airflow/example_dags/example_short_circuit_operator.py
[2024-06-23 23:54:44,712] {scheduler_job.py:639} INFO - DAG(s) dict_keys(['example_short_circuit_operator']) retrieved from /home/airflow/.local/lib/python3.6/site-packages/airflow/example_dags/example_short_circuit_operator.py
[2024-06-23 23:54:44,725] {logging_mixin.py:104} INFO - [2024-06-23 23:54:44,725] {dag.py:1824} INFO - Sync 1 DAGs
[2024-06-23 23:54:44,735] {logging_mixin.py:104} INFO - [2024-06-23 23:54:44,735] {dag.py:2280} INFO - Setting next_dagrun for example_short_circuit_operator to 2024-06-21 00:00:00+00:00
[2024-06-23 23:54:44,744] {scheduler_job.py:190} INFO - Processing /home/airflow/.local/lib/python3.6/site-packages/airflow/example_dags/example_short_circuit_operator.py took 0.042 seconds
[2024-06-23 23:55:15,526] {scheduler_job.py:182} INFO - Started process (PID=6351) to work on /home/airflow/.local/lib/python3.6/site-packages/airflow/example_dags/example_short_circuit_operator.py
[2024-06-23 23:55:15,527] {scheduler_job.py:629} INFO - Processing file /home/airflow/.local/lib/python3.6/site-packages/airflow/example_dags/example_short_circuit_operator.py for tasks to queue
[2024-06-23 23:55:15,527] {logging_mixin.py:104} INFO - [2024-06-23 23:55:15,527] {dagbag.py:451} INFO - Filling up the DagBag from /home/airflow/.local/lib/python3.6/site-packages/airflow/example_dags/example_short_circuit_operator.py
[2024-06-23 23:55:15,535] {scheduler_job.py:639} INFO - DAG(s) dict_keys(['example_short_circuit_operator']) retrieved from /home/airflow/.local/lib/python3.6/site-packages/airflow/example_dags/example_short_circuit_operator.py
[2024-06-23 23:55:15,548] {logging_mixin.py:104} INFO - [2024-06-23 23:55:15,548] {dag.py:1824} INFO - Sync 1 DAGs
[2024-06-23 23:55:15,558] {logging_mixin.py:104} INFO - [2024-06-23 23:55:15,558] {dag.py:2280} INFO - Setting next_dagrun for example_short_circuit_operator to 2024-06-21 00:00:00+00:00
[2024-06-23 23:55:15,566] {scheduler_job.py:190} INFO - Processing /home/airflow/.local/lib/python3.6/site-packages/airflow/example_dags/example_short_circuit_operator.py took 0.042 seconds
[2024-06-23 23:55:46,308] {scheduler_job.py:182} INFO - Started process (PID=6377) to work on /home/airflow/.local/lib/python3.6/site-packages/airflow/example_dags/example_short_circuit_operator.py
[2024-06-23 23:55:46,309] {scheduler_job.py:629} INFO - Processing file /home/airflow/.local/lib/python3.6/site-packages/airflow/example_dags/example_short_circuit_operator.py for tasks to queue
[2024-06-23 23:55:46,310] {logging_mixin.py:104} INFO - [2024-06-23 23:55:46,310] {dagbag.py:451} INFO - Filling up the DagBag from /home/airflow/.local/lib/python3.6/site-packages/airflow/example_dags/example_short_circuit_operator.py
[2024-06-23 23:55:46,319] {scheduler_job.py:639} INFO - DAG(s) dict_keys(['example_short_circuit_operator']) retrieved from /home/airflow/.local/lib/python3.6/site-packages/airflow/example_dags/example_short_circuit_operator.py
[2024-06-23 23:55:46,331] {logging_mixin.py:104} INFO - [2024-06-23 23:55:46,331] {dag.py:1824} INFO - Sync 1 DAGs
[2024-06-23 23:55:46,339] {logging_mixin.py:104} INFO - [2024-06-23 23:55:46,339] {dag.py:2280} INFO - Setting next_dagrun for example_short_circuit_operator to 2024-06-21 00:00:00+00:00
[2024-06-23 23:55:46,346] {scheduler_job.py:190} INFO - Processing /home/airflow/.local/lib/python3.6/site-packages/airflow/example_dags/example_short_circuit_operator.py took 0.041 seconds
[2024-06-23 23:56:17,172] {scheduler_job.py:182} INFO - Started process (PID=6403) to work on /home/airflow/.local/lib/python3.6/site-packages/airflow/example_dags/example_short_circuit_operator.py
[2024-06-23 23:56:17,173] {scheduler_job.py:629} INFO - Processing file /home/airflow/.local/lib/python3.6/site-packages/airflow/example_dags/example_short_circuit_operator.py for tasks to queue
[2024-06-23 23:56:17,174] {logging_mixin.py:104} INFO - [2024-06-23 23:56:17,174] {dagbag.py:451} INFO - Filling up the DagBag from /home/airflow/.local/lib/python3.6/site-packages/airflow/example_dags/example_short_circuit_operator.py
[2024-06-23 23:56:17,181] {scheduler_job.py:639} INFO - DAG(s) dict_keys(['example_short_circuit_operator']) retrieved from /home/airflow/.local/lib/python3.6/site-packages/airflow/example_dags/example_short_circuit_operator.py
[2024-06-23 23:56:17,193] {logging_mixin.py:104} INFO - [2024-06-23 23:56:17,193] {dag.py:1824} INFO - Sync 1 DAGs
[2024-06-23 23:56:17,202] {logging_mixin.py:104} INFO - [2024-06-23 23:56:17,202] {dag.py:2280} INFO - Setting next_dagrun for example_short_circuit_operator to 2024-06-21 00:00:00+00:00
[2024-06-23 23:56:17,209] {scheduler_job.py:190} INFO - Processing /home/airflow/.local/lib/python3.6/site-packages/airflow/example_dags/example_short_circuit_operator.py took 0.038 seconds
[2024-06-23 23:56:47,958] {scheduler_job.py:182} INFO - Started process (PID=6429) to work on /home/airflow/.local/lib/python3.6/site-packages/airflow/example_dags/example_short_circuit_operator.py
[2024-06-23 23:56:47,959] {scheduler_job.py:629} INFO - Processing file /home/airflow/.local/lib/python3.6/site-packages/airflow/example_dags/example_short_circuit_operator.py for tasks to queue
[2024-06-23 23:56:47,959] {logging_mixin.py:104} INFO - [2024-06-23 23:56:47,959] {dagbag.py:451} INFO - Filling up the DagBag from /home/airflow/.local/lib/python3.6/site-packages/airflow/example_dags/example_short_circuit_operator.py
[2024-06-23 23:56:47,967] {scheduler_job.py:639} INFO - DAG(s) dict_keys(['example_short_circuit_operator']) retrieved from /home/airflow/.local/lib/python3.6/site-packages/airflow/example_dags/example_short_circuit_operator.py
[2024-06-23 23:56:47,979] {logging_mixin.py:104} INFO - [2024-06-23 23:56:47,979] {dag.py:1824} INFO - Sync 1 DAGs
[2024-06-23 23:56:47,988] {logging_mixin.py:104} INFO - [2024-06-23 23:56:47,987] {dag.py:2280} INFO - Setting next_dagrun for example_short_circuit_operator to 2024-06-21 00:00:00+00:00
[2024-06-23 23:56:47,994] {scheduler_job.py:190} INFO - Processing /home/airflow/.local/lib/python3.6/site-packages/airflow/example_dags/example_short_circuit_operator.py took 0.038 seconds
[2024-06-23 23:57:18,773] {scheduler_job.py:182} INFO - Started process (PID=6455) to work on /home/airflow/.local/lib/python3.6/site-packages/airflow/example_dags/example_short_circuit_operator.py
[2024-06-23 23:57:18,773] {scheduler_job.py:629} INFO - Processing file /home/airflow/.local/lib/python3.6/site-packages/airflow/example_dags/example_short_circuit_operator.py for tasks to queue
[2024-06-23 23:57:18,774] {logging_mixin.py:104} INFO - [2024-06-23 23:57:18,774] {dagbag.py:451} INFO - Filling up the DagBag from /home/airflow/.local/lib/python3.6/site-packages/airflow/example_dags/example_short_circuit_operator.py
[2024-06-23 23:57:18,781] {scheduler_job.py:639} INFO - DAG(s) dict_keys(['example_short_circuit_operator']) retrieved from /home/airflow/.local/lib/python3.6/site-packages/airflow/example_dags/example_short_circuit_operator.py
[2024-06-23 23:57:18,794] {logging_mixin.py:104} INFO - [2024-06-23 23:57:18,794] {dag.py:1824} INFO - Sync 1 DAGs
[2024-06-23 23:57:18,802] {logging_mixin.py:104} INFO - [2024-06-23 23:57:18,802] {dag.py:2280} INFO - Setting next_dagrun for example_short_circuit_operator to 2024-06-21 00:00:00+00:00
[2024-06-23 23:57:18,809] {scheduler_job.py:190} INFO - Processing /home/airflow/.local/lib/python3.6/site-packages/airflow/example_dags/example_short_circuit_operator.py took 0.038 seconds
[2024-06-23 23:57:49,567] {scheduler_job.py:182} INFO - Started process (PID=6481) to work on /home/airflow/.local/lib/python3.6/site-packages/airflow/example_dags/example_short_circuit_operator.py
[2024-06-23 23:57:49,569] {scheduler_job.py:629} INFO - Processing file /home/airflow/.local/lib/python3.6/site-packages/airflow/example_dags/example_short_circuit_operator.py for tasks to queue
[2024-06-23 23:57:49,569] {logging_mixin.py:104} INFO - [2024-06-23 23:57:49,569] {dagbag.py:451} INFO - Filling up the DagBag from /home/airflow/.local/lib/python3.6/site-packages/airflow/example_dags/example_short_circuit_operator.py
[2024-06-23 23:57:49,576] {scheduler_job.py:639} INFO - DAG(s) dict_keys(['example_short_circuit_operator']) retrieved from /home/airflow/.local/lib/python3.6/site-packages/airflow/example_dags/example_short_circuit_operator.py
[2024-06-23 23:57:49,588] {logging_mixin.py:104} INFO - [2024-06-23 23:57:49,588] {dag.py:1824} INFO - Sync 1 DAGs
[2024-06-23 23:57:49,597] {logging_mixin.py:104} INFO - [2024-06-23 23:57:49,597] {dag.py:2280} INFO - Setting next_dagrun for example_short_circuit_operator to 2024-06-21 00:00:00+00:00
[2024-06-23 23:57:49,606] {scheduler_job.py:190} INFO - Processing /home/airflow/.local/lib/python3.6/site-packages/airflow/example_dags/example_short_circuit_operator.py took 0.040 seconds
[2024-06-23 23:58:20,541] {scheduler_job.py:182} INFO - Started process (PID=6507) to work on /home/airflow/.local/lib/python3.6/site-packages/airflow/example_dags/example_short_circuit_operator.py
[2024-06-23 23:58:20,542] {scheduler_job.py:629} INFO - Processing file /home/airflow/.local/lib/python3.6/site-packages/airflow/example_dags/example_short_circuit_operator.py for tasks to queue
[2024-06-23 23:58:20,542] {logging_mixin.py:104} INFO - [2024-06-23 23:58:20,542] {dagbag.py:451} INFO - Filling up the DagBag from /home/airflow/.local/lib/python3.6/site-packages/airflow/example_dags/example_short_circuit_operator.py
[2024-06-23 23:58:20,550] {scheduler_job.py:639} INFO - DAG(s) dict_keys(['example_short_circuit_operator']) retrieved from /home/airflow/.local/lib/python3.6/site-packages/airflow/example_dags/example_short_circuit_operator.py
[2024-06-23 23:58:20,562] {logging_mixin.py:104} INFO - [2024-06-23 23:58:20,562] {dag.py:1824} INFO - Sync 1 DAGs
[2024-06-23 23:58:20,576] {logging_mixin.py:104} INFO - [2024-06-23 23:58:20,576] {dag.py:2280} INFO - Setting next_dagrun for example_short_circuit_operator to 2024-06-21 00:00:00+00:00
[2024-06-23 23:58:20,611] {scheduler_job.py:190} INFO - Processing /home/airflow/.local/lib/python3.6/site-packages/airflow/example_dags/example_short_circuit_operator.py took 0.072 seconds
[2024-06-23 23:58:51,399] {scheduler_job.py:182} INFO - Started process (PID=6533) to work on /home/airflow/.local/lib/python3.6/site-packages/airflow/example_dags/example_short_circuit_operator.py
[2024-06-23 23:58:51,400] {scheduler_job.py:629} INFO - Processing file /home/airflow/.local/lib/python3.6/site-packages/airflow/example_dags/example_short_circuit_operator.py for tasks to queue
[2024-06-23 23:58:51,401] {logging_mixin.py:104} INFO - [2024-06-23 23:58:51,401] {dagbag.py:451} INFO - Filling up the DagBag from /home/airflow/.local/lib/python3.6/site-packages/airflow/example_dags/example_short_circuit_operator.py
[2024-06-23 23:58:51,411] {scheduler_job.py:639} INFO - DAG(s) dict_keys(['example_short_circuit_operator']) retrieved from /home/airflow/.local/lib/python3.6/site-packages/airflow/example_dags/example_short_circuit_operator.py
[2024-06-23 23:58:51,425] {logging_mixin.py:104} INFO - [2024-06-23 23:58:51,425] {dag.py:1824} INFO - Sync 1 DAGs
[2024-06-23 23:58:51,435] {logging_mixin.py:104} INFO - [2024-06-23 23:58:51,435] {dag.py:2280} INFO - Setting next_dagrun for example_short_circuit_operator to 2024-06-21 00:00:00+00:00
[2024-06-23 23:58:51,441] {scheduler_job.py:190} INFO - Processing /home/airflow/.local/lib/python3.6/site-packages/airflow/example_dags/example_short_circuit_operator.py took 0.044 seconds
[2024-06-23 23:59:22,224] {scheduler_job.py:182} INFO - Started process (PID=6559) to work on /home/airflow/.local/lib/python3.6/site-packages/airflow/example_dags/example_short_circuit_operator.py
[2024-06-23 23:59:22,225] {scheduler_job.py:629} INFO - Processing file /home/airflow/.local/lib/python3.6/site-packages/airflow/example_dags/example_short_circuit_operator.py for tasks to queue
[2024-06-23 23:59:22,225] {logging_mixin.py:104} INFO - [2024-06-23 23:59:22,225] {dagbag.py:451} INFO - Filling up the DagBag from /home/airflow/.local/lib/python3.6/site-packages/airflow/example_dags/example_short_circuit_operator.py
[2024-06-23 23:59:22,233] {scheduler_job.py:639} INFO - DAG(s) dict_keys(['example_short_circuit_operator']) retrieved from /home/airflow/.local/lib/python3.6/site-packages/airflow/example_dags/example_short_circuit_operator.py
[2024-06-23 23:59:22,245] {logging_mixin.py:104} INFO - [2024-06-23 23:59:22,245] {dag.py:1824} INFO - Sync 1 DAGs
[2024-06-23 23:59:22,253] {logging_mixin.py:104} INFO - [2024-06-23 23:59:22,253] {dag.py:2280} INFO - Setting next_dagrun for example_short_circuit_operator to 2024-06-21 00:00:00+00:00
[2024-06-23 23:59:22,262] {scheduler_job.py:190} INFO - Processing /home/airflow/.local/lib/python3.6/site-packages/airflow/example_dags/example_short_circuit_operator.py took 0.039 seconds
[2024-06-23 23:59:53,020] {scheduler_job.py:182} INFO - Started process (PID=6585) to work on /home/airflow/.local/lib/python3.6/site-packages/airflow/example_dags/example_short_circuit_operator.py
[2024-06-23 23:59:53,021] {scheduler_job.py:629} INFO - Processing file /home/airflow/.local/lib/python3.6/site-packages/airflow/example_dags/example_short_circuit_operator.py for tasks to queue
[2024-06-23 23:59:53,021] {logging_mixin.py:104} INFO - [2024-06-23 23:59:53,021] {dagbag.py:451} INFO - Filling up the DagBag from /home/airflow/.local/lib/python3.6/site-packages/airflow/example_dags/example_short_circuit_operator.py
[2024-06-23 23:59:53,030] {scheduler_job.py:639} INFO - DAG(s) dict_keys(['example_short_circuit_operator']) retrieved from /home/airflow/.local/lib/python3.6/site-packages/airflow/example_dags/example_short_circuit_operator.py
[2024-06-23 23:59:53,042] {logging_mixin.py:104} INFO - [2024-06-23 23:59:53,042] {dag.py:1824} INFO - Sync 1 DAGs
[2024-06-23 23:59:53,051] {logging_mixin.py:104} INFO - [2024-06-23 23:59:53,051] {dag.py:2280} INFO - Setting next_dagrun for example_short_circuit_operator to 2024-06-21 00:00:00+00:00
[2024-06-23 23:59:53,058] {scheduler_job.py:190} INFO - Processing /home/airflow/.local/lib/python3.6/site-packages/airflow/example_dags/example_short_circuit_operator.py took 0.040 seconds
