[2024-06-23 23:41:55,671] {scheduler_job.py:182} INFO - Started process (PID=5683) to work on /home/airflow/.local/lib/python3.6/site-packages/airflow/example_dags/example_python_operator.py
[2024-06-23 23:41:55,673] {scheduler_job.py:629} INFO - Processing file /home/airflow/.local/lib/python3.6/site-packages/airflow/example_dags/example_python_operator.py for tasks to queue
[2024-06-23 23:41:55,673] {logging_mixin.py:104} INFO - [2024-06-23 23:41:55,673] {dagbag.py:451} INFO - Filling up the DagBag from /home/airflow/.local/lib/python3.6/site-packages/airflow/example_dags/example_python_operator.py
[2024-06-23 23:41:55,685] {scheduler_job.py:639} INFO - DAG(s) dict_keys(['example_python_operator']) retrieved from /home/airflow/.local/lib/python3.6/site-packages/airflow/example_dags/example_python_operator.py
[2024-06-23 23:41:55,705] {logging_mixin.py:104} INFO - [2024-06-23 23:41:55,705] {dag.py:1824} INFO - Sync 1 DAGs
[2024-06-23 23:41:55,718] {logging_mixin.py:104} INFO - [2024-06-23 23:41:55,718] {dag.py:2280} INFO - Setting next_dagrun for example_python_operator to None
[2024-06-23 23:41:55,727] {scheduler_job.py:190} INFO - Processing /home/airflow/.local/lib/python3.6/site-packages/airflow/example_dags/example_python_operator.py took 0.058 seconds
[2024-06-23 23:42:26,556] {scheduler_job.py:182} INFO - Started process (PID=5709) to work on /home/airflow/.local/lib/python3.6/site-packages/airflow/example_dags/example_python_operator.py
[2024-06-23 23:42:26,557] {scheduler_job.py:629} INFO - Processing file /home/airflow/.local/lib/python3.6/site-packages/airflow/example_dags/example_python_operator.py for tasks to queue
[2024-06-23 23:42:26,558] {logging_mixin.py:104} INFO - [2024-06-23 23:42:26,558] {dagbag.py:451} INFO - Filling up the DagBag from /home/airflow/.local/lib/python3.6/site-packages/airflow/example_dags/example_python_operator.py
[2024-06-23 23:42:26,565] {scheduler_job.py:639} INFO - DAG(s) dict_keys(['example_python_operator']) retrieved from /home/airflow/.local/lib/python3.6/site-packages/airflow/example_dags/example_python_operator.py
[2024-06-23 23:42:26,579] {logging_mixin.py:104} INFO - [2024-06-23 23:42:26,579] {dag.py:1824} INFO - Sync 1 DAGs
[2024-06-23 23:42:26,588] {logging_mixin.py:104} INFO - [2024-06-23 23:42:26,588] {dag.py:2280} INFO - Setting next_dagrun for example_python_operator to None
[2024-06-23 23:42:26,595] {scheduler_job.py:190} INFO - Processing /home/airflow/.local/lib/python3.6/site-packages/airflow/example_dags/example_python_operator.py took 0.041 seconds
[2024-06-23 23:42:56,634] {scheduler_job.py:182} INFO - Started process (PID=5735) to work on /home/airflow/.local/lib/python3.6/site-packages/airflow/example_dags/example_python_operator.py
[2024-06-23 23:42:56,635] {scheduler_job.py:629} INFO - Processing file /home/airflow/.local/lib/python3.6/site-packages/airflow/example_dags/example_python_operator.py for tasks to queue
[2024-06-23 23:42:56,636] {logging_mixin.py:104} INFO - [2024-06-23 23:42:56,636] {dagbag.py:451} INFO - Filling up the DagBag from /home/airflow/.local/lib/python3.6/site-packages/airflow/example_dags/example_python_operator.py
[2024-06-23 23:42:56,643] {scheduler_job.py:639} INFO - DAG(s) dict_keys(['example_python_operator']) retrieved from /home/airflow/.local/lib/python3.6/site-packages/airflow/example_dags/example_python_operator.py
[2024-06-23 23:42:56,656] {logging_mixin.py:104} INFO - [2024-06-23 23:42:56,656] {dag.py:1824} INFO - Sync 1 DAGs
[2024-06-23 23:42:56,665] {logging_mixin.py:104} INFO - [2024-06-23 23:42:56,665] {dag.py:2280} INFO - Setting next_dagrun for example_python_operator to None
[2024-06-23 23:42:56,673] {scheduler_job.py:190} INFO - Processing /home/airflow/.local/lib/python3.6/site-packages/airflow/example_dags/example_python_operator.py took 0.041 seconds
[2024-06-23 23:43:27,179] {scheduler_job.py:182} INFO - Started process (PID=5754) to work on /home/airflow/.local/lib/python3.6/site-packages/airflow/example_dags/example_python_operator.py
[2024-06-23 23:43:27,179] {scheduler_job.py:629} INFO - Processing file /home/airflow/.local/lib/python3.6/site-packages/airflow/example_dags/example_python_operator.py for tasks to queue
[2024-06-23 23:43:27,180] {logging_mixin.py:104} INFO - [2024-06-23 23:43:27,180] {dagbag.py:451} INFO - Filling up the DagBag from /home/airflow/.local/lib/python3.6/site-packages/airflow/example_dags/example_python_operator.py
[2024-06-23 23:43:27,187] {scheduler_job.py:639} INFO - DAG(s) dict_keys(['example_python_operator']) retrieved from /home/airflow/.local/lib/python3.6/site-packages/airflow/example_dags/example_python_operator.py
[2024-06-23 23:43:27,199] {logging_mixin.py:104} INFO - [2024-06-23 23:43:27,199] {dag.py:1824} INFO - Sync 1 DAGs
[2024-06-23 23:43:27,207] {logging_mixin.py:104} INFO - [2024-06-23 23:43:27,207] {dag.py:2280} INFO - Setting next_dagrun for example_python_operator to None
[2024-06-23 23:43:27,214] {scheduler_job.py:190} INFO - Processing /home/airflow/.local/lib/python3.6/site-packages/airflow/example_dags/example_python_operator.py took 0.037 seconds
[2024-06-23 23:43:57,967] {scheduler_job.py:182} INFO - Started process (PID=5780) to work on /home/airflow/.local/lib/python3.6/site-packages/airflow/example_dags/example_python_operator.py
[2024-06-23 23:43:57,967] {scheduler_job.py:629} INFO - Processing file /home/airflow/.local/lib/python3.6/site-packages/airflow/example_dags/example_python_operator.py for tasks to queue
[2024-06-23 23:43:57,968] {logging_mixin.py:104} INFO - [2024-06-23 23:43:57,968] {dagbag.py:451} INFO - Filling up the DagBag from /home/airflow/.local/lib/python3.6/site-packages/airflow/example_dags/example_python_operator.py
[2024-06-23 23:43:57,975] {scheduler_job.py:639} INFO - DAG(s) dict_keys(['example_python_operator']) retrieved from /home/airflow/.local/lib/python3.6/site-packages/airflow/example_dags/example_python_operator.py
[2024-06-23 23:43:57,988] {logging_mixin.py:104} INFO - [2024-06-23 23:43:57,988] {dag.py:1824} INFO - Sync 1 DAGs
[2024-06-23 23:43:57,997] {logging_mixin.py:104} INFO - [2024-06-23 23:43:57,996] {dag.py:2280} INFO - Setting next_dagrun for example_python_operator to None
[2024-06-23 23:43:58,007] {scheduler_job.py:190} INFO - Processing /home/airflow/.local/lib/python3.6/site-packages/airflow/example_dags/example_python_operator.py took 0.042 seconds
[2024-06-23 23:44:28,750] {scheduler_job.py:182} INFO - Started process (PID=5806) to work on /home/airflow/.local/lib/python3.6/site-packages/airflow/example_dags/example_python_operator.py
[2024-06-23 23:44:28,751] {scheduler_job.py:629} INFO - Processing file /home/airflow/.local/lib/python3.6/site-packages/airflow/example_dags/example_python_operator.py for tasks to queue
[2024-06-23 23:44:28,752] {logging_mixin.py:104} INFO - [2024-06-23 23:44:28,752] {dagbag.py:451} INFO - Filling up the DagBag from /home/airflow/.local/lib/python3.6/site-packages/airflow/example_dags/example_python_operator.py
[2024-06-23 23:44:28,760] {scheduler_job.py:639} INFO - DAG(s) dict_keys(['example_python_operator']) retrieved from /home/airflow/.local/lib/python3.6/site-packages/airflow/example_dags/example_python_operator.py
[2024-06-23 23:44:28,770] {logging_mixin.py:104} INFO - [2024-06-23 23:44:28,770] {dag.py:1824} INFO - Sync 1 DAGs
[2024-06-23 23:44:28,778] {logging_mixin.py:104} INFO - [2024-06-23 23:44:28,778] {dag.py:2280} INFO - Setting next_dagrun for example_python_operator to None
[2024-06-23 23:44:28,787] {scheduler_job.py:190} INFO - Processing /home/airflow/.local/lib/python3.6/site-packages/airflow/example_dags/example_python_operator.py took 0.039 seconds
[2024-06-23 23:44:59,532] {scheduler_job.py:182} INFO - Started process (PID=5832) to work on /home/airflow/.local/lib/python3.6/site-packages/airflow/example_dags/example_python_operator.py
[2024-06-23 23:44:59,533] {scheduler_job.py:629} INFO - Processing file /home/airflow/.local/lib/python3.6/site-packages/airflow/example_dags/example_python_operator.py for tasks to queue
[2024-06-23 23:44:59,533] {logging_mixin.py:104} INFO - [2024-06-23 23:44:59,533] {dagbag.py:451} INFO - Filling up the DagBag from /home/airflow/.local/lib/python3.6/site-packages/airflow/example_dags/example_python_operator.py
[2024-06-23 23:44:59,541] {scheduler_job.py:639} INFO - DAG(s) dict_keys(['example_python_operator']) retrieved from /home/airflow/.local/lib/python3.6/site-packages/airflow/example_dags/example_python_operator.py
[2024-06-23 23:44:59,553] {logging_mixin.py:104} INFO - [2024-06-23 23:44:59,553] {dag.py:1824} INFO - Sync 1 DAGs
[2024-06-23 23:44:59,561] {logging_mixin.py:104} INFO - [2024-06-23 23:44:59,561] {dag.py:2280} INFO - Setting next_dagrun for example_python_operator to None
[2024-06-23 23:44:59,568] {scheduler_job.py:190} INFO - Processing /home/airflow/.local/lib/python3.6/site-packages/airflow/example_dags/example_python_operator.py took 0.039 seconds
[2024-06-23 23:45:30,322] {scheduler_job.py:182} INFO - Started process (PID=5858) to work on /home/airflow/.local/lib/python3.6/site-packages/airflow/example_dags/example_python_operator.py
[2024-06-23 23:45:30,324] {scheduler_job.py:629} INFO - Processing file /home/airflow/.local/lib/python3.6/site-packages/airflow/example_dags/example_python_operator.py for tasks to queue
[2024-06-23 23:45:30,324] {logging_mixin.py:104} INFO - [2024-06-23 23:45:30,324] {dagbag.py:451} INFO - Filling up the DagBag from /home/airflow/.local/lib/python3.6/site-packages/airflow/example_dags/example_python_operator.py
[2024-06-23 23:45:30,331] {scheduler_job.py:639} INFO - DAG(s) dict_keys(['example_python_operator']) retrieved from /home/airflow/.local/lib/python3.6/site-packages/airflow/example_dags/example_python_operator.py
[2024-06-23 23:45:30,343] {logging_mixin.py:104} INFO - [2024-06-23 23:45:30,343] {dag.py:1824} INFO - Sync 1 DAGs
[2024-06-23 23:45:30,351] {logging_mixin.py:104} INFO - [2024-06-23 23:45:30,351] {dag.py:2280} INFO - Setting next_dagrun for example_python_operator to None
[2024-06-23 23:45:30,360] {scheduler_job.py:190} INFO - Processing /home/airflow/.local/lib/python3.6/site-packages/airflow/example_dags/example_python_operator.py took 0.039 seconds
[2024-06-23 23:46:01,132] {scheduler_job.py:182} INFO - Started process (PID=5884) to work on /home/airflow/.local/lib/python3.6/site-packages/airflow/example_dags/example_python_operator.py
[2024-06-23 23:46:01,133] {scheduler_job.py:629} INFO - Processing file /home/airflow/.local/lib/python3.6/site-packages/airflow/example_dags/example_python_operator.py for tasks to queue
[2024-06-23 23:46:01,133] {logging_mixin.py:104} INFO - [2024-06-23 23:46:01,133] {dagbag.py:451} INFO - Filling up the DagBag from /home/airflow/.local/lib/python3.6/site-packages/airflow/example_dags/example_python_operator.py
[2024-06-23 23:46:01,140] {scheduler_job.py:639} INFO - DAG(s) dict_keys(['example_python_operator']) retrieved from /home/airflow/.local/lib/python3.6/site-packages/airflow/example_dags/example_python_operator.py
[2024-06-23 23:46:01,152] {logging_mixin.py:104} INFO - [2024-06-23 23:46:01,152] {dag.py:1824} INFO - Sync 1 DAGs
[2024-06-23 23:46:01,164] {logging_mixin.py:104} INFO - [2024-06-23 23:46:01,163] {dag.py:2280} INFO - Setting next_dagrun for example_python_operator to None
[2024-06-23 23:46:01,172] {scheduler_job.py:190} INFO - Processing /home/airflow/.local/lib/python3.6/site-packages/airflow/example_dags/example_python_operator.py took 0.041 seconds
[2024-06-23 23:46:31,931] {scheduler_job.py:182} INFO - Started process (PID=5910) to work on /home/airflow/.local/lib/python3.6/site-packages/airflow/example_dags/example_python_operator.py
[2024-06-23 23:46:31,932] {scheduler_job.py:629} INFO - Processing file /home/airflow/.local/lib/python3.6/site-packages/airflow/example_dags/example_python_operator.py for tasks to queue
[2024-06-23 23:46:31,932] {logging_mixin.py:104} INFO - [2024-06-23 23:46:31,932] {dagbag.py:451} INFO - Filling up the DagBag from /home/airflow/.local/lib/python3.6/site-packages/airflow/example_dags/example_python_operator.py
[2024-06-23 23:46:31,939] {scheduler_job.py:639} INFO - DAG(s) dict_keys(['example_python_operator']) retrieved from /home/airflow/.local/lib/python3.6/site-packages/airflow/example_dags/example_python_operator.py
[2024-06-23 23:46:31,951] {logging_mixin.py:104} INFO - [2024-06-23 23:46:31,951] {dag.py:1824} INFO - Sync 1 DAGs
[2024-06-23 23:46:31,959] {logging_mixin.py:104} INFO - [2024-06-23 23:46:31,959] {dag.py:2280} INFO - Setting next_dagrun for example_python_operator to None
[2024-06-23 23:46:31,966] {scheduler_job.py:190} INFO - Processing /home/airflow/.local/lib/python3.6/site-packages/airflow/example_dags/example_python_operator.py took 0.037 seconds
[2024-06-23 23:47:02,723] {scheduler_job.py:182} INFO - Started process (PID=5936) to work on /home/airflow/.local/lib/python3.6/site-packages/airflow/example_dags/example_python_operator.py
[2024-06-23 23:47:02,724] {scheduler_job.py:629} INFO - Processing file /home/airflow/.local/lib/python3.6/site-packages/airflow/example_dags/example_python_operator.py for tasks to queue
[2024-06-23 23:47:02,724] {logging_mixin.py:104} INFO - [2024-06-23 23:47:02,724] {dagbag.py:451} INFO - Filling up the DagBag from /home/airflow/.local/lib/python3.6/site-packages/airflow/example_dags/example_python_operator.py
[2024-06-23 23:47:02,732] {scheduler_job.py:639} INFO - DAG(s) dict_keys(['example_python_operator']) retrieved from /home/airflow/.local/lib/python3.6/site-packages/airflow/example_dags/example_python_operator.py
[2024-06-23 23:47:02,744] {logging_mixin.py:104} INFO - [2024-06-23 23:47:02,744] {dag.py:1824} INFO - Sync 1 DAGs
[2024-06-23 23:47:02,752] {logging_mixin.py:104} INFO - [2024-06-23 23:47:02,752] {dag.py:2280} INFO - Setting next_dagrun for example_python_operator to None
[2024-06-23 23:47:02,761] {scheduler_job.py:190} INFO - Processing /home/airflow/.local/lib/python3.6/site-packages/airflow/example_dags/example_python_operator.py took 0.039 seconds
[2024-06-23 23:47:33,550] {scheduler_job.py:182} INFO - Started process (PID=5962) to work on /home/airflow/.local/lib/python3.6/site-packages/airflow/example_dags/example_python_operator.py
[2024-06-23 23:47:33,551] {scheduler_job.py:629} INFO - Processing file /home/airflow/.local/lib/python3.6/site-packages/airflow/example_dags/example_python_operator.py for tasks to queue
[2024-06-23 23:47:33,552] {logging_mixin.py:104} INFO - [2024-06-23 23:47:33,551] {dagbag.py:451} INFO - Filling up the DagBag from /home/airflow/.local/lib/python3.6/site-packages/airflow/example_dags/example_python_operator.py
[2024-06-23 23:47:33,558] {scheduler_job.py:639} INFO - DAG(s) dict_keys(['example_python_operator']) retrieved from /home/airflow/.local/lib/python3.6/site-packages/airflow/example_dags/example_python_operator.py
[2024-06-23 23:47:33,570] {logging_mixin.py:104} INFO - [2024-06-23 23:47:33,570] {dag.py:1824} INFO - Sync 1 DAGs
[2024-06-23 23:47:33,578] {logging_mixin.py:104} INFO - [2024-06-23 23:47:33,578] {dag.py:2280} INFO - Setting next_dagrun for example_python_operator to None
[2024-06-23 23:47:33,585] {scheduler_job.py:190} INFO - Processing /home/airflow/.local/lib/python3.6/site-packages/airflow/example_dags/example_python_operator.py took 0.037 seconds
[2024-06-23 23:48:04,361] {scheduler_job.py:182} INFO - Started process (PID=5988) to work on /home/airflow/.local/lib/python3.6/site-packages/airflow/example_dags/example_python_operator.py
[2024-06-23 23:48:04,362] {scheduler_job.py:629} INFO - Processing file /home/airflow/.local/lib/python3.6/site-packages/airflow/example_dags/example_python_operator.py for tasks to queue
[2024-06-23 23:48:04,362] {logging_mixin.py:104} INFO - [2024-06-23 23:48:04,362] {dagbag.py:451} INFO - Filling up the DagBag from /home/airflow/.local/lib/python3.6/site-packages/airflow/example_dags/example_python_operator.py
[2024-06-23 23:48:04,370] {scheduler_job.py:639} INFO - DAG(s) dict_keys(['example_python_operator']) retrieved from /home/airflow/.local/lib/python3.6/site-packages/airflow/example_dags/example_python_operator.py
[2024-06-23 23:48:04,383] {logging_mixin.py:104} INFO - [2024-06-23 23:48:04,383] {dag.py:1824} INFO - Sync 1 DAGs
[2024-06-23 23:48:04,391] {logging_mixin.py:104} INFO - [2024-06-23 23:48:04,391] {dag.py:2280} INFO - Setting next_dagrun for example_python_operator to None
[2024-06-23 23:48:04,401] {scheduler_job.py:190} INFO - Processing /home/airflow/.local/lib/python3.6/site-packages/airflow/example_dags/example_python_operator.py took 0.042 seconds
[2024-06-23 23:48:35,190] {scheduler_job.py:182} INFO - Started process (PID=6014) to work on /home/airflow/.local/lib/python3.6/site-packages/airflow/example_dags/example_python_operator.py
[2024-06-23 23:48:35,191] {scheduler_job.py:629} INFO - Processing file /home/airflow/.local/lib/python3.6/site-packages/airflow/example_dags/example_python_operator.py for tasks to queue
[2024-06-23 23:48:35,191] {logging_mixin.py:104} INFO - [2024-06-23 23:48:35,191] {dagbag.py:451} INFO - Filling up the DagBag from /home/airflow/.local/lib/python3.6/site-packages/airflow/example_dags/example_python_operator.py
[2024-06-23 23:48:35,198] {scheduler_job.py:639} INFO - DAG(s) dict_keys(['example_python_operator']) retrieved from /home/airflow/.local/lib/python3.6/site-packages/airflow/example_dags/example_python_operator.py
[2024-06-23 23:48:35,210] {logging_mixin.py:104} INFO - [2024-06-23 23:48:35,210] {dag.py:1824} INFO - Sync 1 DAGs
[2024-06-23 23:48:35,218] {logging_mixin.py:104} INFO - [2024-06-23 23:48:35,218] {dag.py:2280} INFO - Setting next_dagrun for example_python_operator to None
[2024-06-23 23:48:35,225] {scheduler_job.py:190} INFO - Processing /home/airflow/.local/lib/python3.6/site-packages/airflow/example_dags/example_python_operator.py took 0.037 seconds
[2024-06-23 23:49:05,924] {scheduler_job.py:182} INFO - Started process (PID=6040) to work on /home/airflow/.local/lib/python3.6/site-packages/airflow/example_dags/example_python_operator.py
[2024-06-23 23:49:05,925] {scheduler_job.py:629} INFO - Processing file /home/airflow/.local/lib/python3.6/site-packages/airflow/example_dags/example_python_operator.py for tasks to queue
[2024-06-23 23:49:05,925] {logging_mixin.py:104} INFO - [2024-06-23 23:49:05,925] {dagbag.py:451} INFO - Filling up the DagBag from /home/airflow/.local/lib/python3.6/site-packages/airflow/example_dags/example_python_operator.py
[2024-06-23 23:49:05,932] {scheduler_job.py:639} INFO - DAG(s) dict_keys(['example_python_operator']) retrieved from /home/airflow/.local/lib/python3.6/site-packages/airflow/example_dags/example_python_operator.py
[2024-06-23 23:49:05,945] {logging_mixin.py:104} INFO - [2024-06-23 23:49:05,945] {dag.py:1824} INFO - Sync 1 DAGs
[2024-06-23 23:49:05,954] {logging_mixin.py:104} INFO - [2024-06-23 23:49:05,954] {dag.py:2280} INFO - Setting next_dagrun for example_python_operator to None
[2024-06-23 23:49:05,961] {scheduler_job.py:190} INFO - Processing /home/airflow/.local/lib/python3.6/site-packages/airflow/example_dags/example_python_operator.py took 0.038 seconds
[2024-06-23 23:49:36,707] {scheduler_job.py:182} INFO - Started process (PID=6066) to work on /home/airflow/.local/lib/python3.6/site-packages/airflow/example_dags/example_python_operator.py
[2024-06-23 23:49:36,708] {scheduler_job.py:629} INFO - Processing file /home/airflow/.local/lib/python3.6/site-packages/airflow/example_dags/example_python_operator.py for tasks to queue
[2024-06-23 23:49:36,708] {logging_mixin.py:104} INFO - [2024-06-23 23:49:36,708] {dagbag.py:451} INFO - Filling up the DagBag from /home/airflow/.local/lib/python3.6/site-packages/airflow/example_dags/example_python_operator.py
[2024-06-23 23:49:36,716] {scheduler_job.py:639} INFO - DAG(s) dict_keys(['example_python_operator']) retrieved from /home/airflow/.local/lib/python3.6/site-packages/airflow/example_dags/example_python_operator.py
[2024-06-23 23:49:36,733] {logging_mixin.py:104} INFO - [2024-06-23 23:49:36,733] {dag.py:1824} INFO - Sync 1 DAGs
[2024-06-23 23:49:36,742] {logging_mixin.py:104} INFO - [2024-06-23 23:49:36,742] {dag.py:2280} INFO - Setting next_dagrun for example_python_operator to None
[2024-06-23 23:49:36,751] {scheduler_job.py:190} INFO - Processing /home/airflow/.local/lib/python3.6/site-packages/airflow/example_dags/example_python_operator.py took 0.046 seconds
[2024-06-23 23:50:07,519] {scheduler_job.py:182} INFO - Started process (PID=6092) to work on /home/airflow/.local/lib/python3.6/site-packages/airflow/example_dags/example_python_operator.py
[2024-06-23 23:50:07,520] {scheduler_job.py:629} INFO - Processing file /home/airflow/.local/lib/python3.6/site-packages/airflow/example_dags/example_python_operator.py for tasks to queue
[2024-06-23 23:50:07,520] {logging_mixin.py:104} INFO - [2024-06-23 23:50:07,520] {dagbag.py:451} INFO - Filling up the DagBag from /home/airflow/.local/lib/python3.6/site-packages/airflow/example_dags/example_python_operator.py
[2024-06-23 23:50:07,527] {scheduler_job.py:639} INFO - DAG(s) dict_keys(['example_python_operator']) retrieved from /home/airflow/.local/lib/python3.6/site-packages/airflow/example_dags/example_python_operator.py
[2024-06-23 23:50:07,539] {logging_mixin.py:104} INFO - [2024-06-23 23:50:07,539] {dag.py:1824} INFO - Sync 1 DAGs
[2024-06-23 23:50:07,548] {logging_mixin.py:104} INFO - [2024-06-23 23:50:07,548] {dag.py:2280} INFO - Setting next_dagrun for example_python_operator to None
[2024-06-23 23:50:07,555] {scheduler_job.py:190} INFO - Processing /home/airflow/.local/lib/python3.6/site-packages/airflow/example_dags/example_python_operator.py took 0.037 seconds
[2024-06-23 23:50:38,316] {scheduler_job.py:182} INFO - Started process (PID=6118) to work on /home/airflow/.local/lib/python3.6/site-packages/airflow/example_dags/example_python_operator.py
[2024-06-23 23:50:38,317] {scheduler_job.py:629} INFO - Processing file /home/airflow/.local/lib/python3.6/site-packages/airflow/example_dags/example_python_operator.py for tasks to queue
[2024-06-23 23:50:38,317] {logging_mixin.py:104} INFO - [2024-06-23 23:50:38,317] {dagbag.py:451} INFO - Filling up the DagBag from /home/airflow/.local/lib/python3.6/site-packages/airflow/example_dags/example_python_operator.py
[2024-06-23 23:50:38,324] {scheduler_job.py:639} INFO - DAG(s) dict_keys(['example_python_operator']) retrieved from /home/airflow/.local/lib/python3.6/site-packages/airflow/example_dags/example_python_operator.py
[2024-06-23 23:50:38,336] {logging_mixin.py:104} INFO - [2024-06-23 23:50:38,336] {dag.py:1824} INFO - Sync 1 DAGs
[2024-06-23 23:50:38,345] {logging_mixin.py:104} INFO - [2024-06-23 23:50:38,344] {dag.py:2280} INFO - Setting next_dagrun for example_python_operator to None
[2024-06-23 23:50:38,351] {scheduler_job.py:190} INFO - Processing /home/airflow/.local/lib/python3.6/site-packages/airflow/example_dags/example_python_operator.py took 0.037 seconds
[2024-06-23 23:51:09,101] {scheduler_job.py:182} INFO - Started process (PID=6144) to work on /home/airflow/.local/lib/python3.6/site-packages/airflow/example_dags/example_python_operator.py
[2024-06-23 23:51:09,102] {scheduler_job.py:629} INFO - Processing file /home/airflow/.local/lib/python3.6/site-packages/airflow/example_dags/example_python_operator.py for tasks to queue
[2024-06-23 23:51:09,102] {logging_mixin.py:104} INFO - [2024-06-23 23:51:09,102] {dagbag.py:451} INFO - Filling up the DagBag from /home/airflow/.local/lib/python3.6/site-packages/airflow/example_dags/example_python_operator.py
[2024-06-23 23:51:09,109] {scheduler_job.py:639} INFO - DAG(s) dict_keys(['example_python_operator']) retrieved from /home/airflow/.local/lib/python3.6/site-packages/airflow/example_dags/example_python_operator.py
[2024-06-23 23:51:09,121] {logging_mixin.py:104} INFO - [2024-06-23 23:51:09,121] {dag.py:1824} INFO - Sync 1 DAGs
[2024-06-23 23:51:09,130] {logging_mixin.py:104} INFO - [2024-06-23 23:51:09,130] {dag.py:2280} INFO - Setting next_dagrun for example_python_operator to None
[2024-06-23 23:51:09,138] {scheduler_job.py:190} INFO - Processing /home/airflow/.local/lib/python3.6/site-packages/airflow/example_dags/example_python_operator.py took 0.039 seconds
[2024-06-23 23:51:39,884] {scheduler_job.py:182} INFO - Started process (PID=6170) to work on /home/airflow/.local/lib/python3.6/site-packages/airflow/example_dags/example_python_operator.py
[2024-06-23 23:51:39,885] {scheduler_job.py:629} INFO - Processing file /home/airflow/.local/lib/python3.6/site-packages/airflow/example_dags/example_python_operator.py for tasks to queue
[2024-06-23 23:51:39,885] {logging_mixin.py:104} INFO - [2024-06-23 23:51:39,885] {dagbag.py:451} INFO - Filling up the DagBag from /home/airflow/.local/lib/python3.6/site-packages/airflow/example_dags/example_python_operator.py
[2024-06-23 23:51:39,893] {scheduler_job.py:639} INFO - DAG(s) dict_keys(['example_python_operator']) retrieved from /home/airflow/.local/lib/python3.6/site-packages/airflow/example_dags/example_python_operator.py
[2024-06-23 23:51:39,905] {logging_mixin.py:104} INFO - [2024-06-23 23:51:39,905] {dag.py:1824} INFO - Sync 1 DAGs
[2024-06-23 23:51:39,914] {logging_mixin.py:104} INFO - [2024-06-23 23:51:39,913] {dag.py:2280} INFO - Setting next_dagrun for example_python_operator to None
[2024-06-23 23:51:39,922] {scheduler_job.py:190} INFO - Processing /home/airflow/.local/lib/python3.6/site-packages/airflow/example_dags/example_python_operator.py took 0.040 seconds
[2024-06-23 23:52:10,689] {scheduler_job.py:182} INFO - Started process (PID=6196) to work on /home/airflow/.local/lib/python3.6/site-packages/airflow/example_dags/example_python_operator.py
[2024-06-23 23:52:10,690] {scheduler_job.py:629} INFO - Processing file /home/airflow/.local/lib/python3.6/site-packages/airflow/example_dags/example_python_operator.py for tasks to queue
[2024-06-23 23:52:10,690] {logging_mixin.py:104} INFO - [2024-06-23 23:52:10,690] {dagbag.py:451} INFO - Filling up the DagBag from /home/airflow/.local/lib/python3.6/site-packages/airflow/example_dags/example_python_operator.py
[2024-06-23 23:52:10,698] {scheduler_job.py:639} INFO - DAG(s) dict_keys(['example_python_operator']) retrieved from /home/airflow/.local/lib/python3.6/site-packages/airflow/example_dags/example_python_operator.py
[2024-06-23 23:52:10,710] {logging_mixin.py:104} INFO - [2024-06-23 23:52:10,710] {dag.py:1824} INFO - Sync 1 DAGs
[2024-06-23 23:52:10,718] {logging_mixin.py:104} INFO - [2024-06-23 23:52:10,718] {dag.py:2280} INFO - Setting next_dagrun for example_python_operator to None
[2024-06-23 23:52:10,725] {scheduler_job.py:190} INFO - Processing /home/airflow/.local/lib/python3.6/site-packages/airflow/example_dags/example_python_operator.py took 0.037 seconds
[2024-06-23 23:52:41,485] {scheduler_job.py:182} INFO - Started process (PID=6222) to work on /home/airflow/.local/lib/python3.6/site-packages/airflow/example_dags/example_python_operator.py
[2024-06-23 23:52:41,486] {scheduler_job.py:629} INFO - Processing file /home/airflow/.local/lib/python3.6/site-packages/airflow/example_dags/example_python_operator.py for tasks to queue
[2024-06-23 23:52:41,487] {logging_mixin.py:104} INFO - [2024-06-23 23:52:41,487] {dagbag.py:451} INFO - Filling up the DagBag from /home/airflow/.local/lib/python3.6/site-packages/airflow/example_dags/example_python_operator.py
[2024-06-23 23:52:41,494] {scheduler_job.py:639} INFO - DAG(s) dict_keys(['example_python_operator']) retrieved from /home/airflow/.local/lib/python3.6/site-packages/airflow/example_dags/example_python_operator.py
[2024-06-23 23:52:41,506] {logging_mixin.py:104} INFO - [2024-06-23 23:52:41,506] {dag.py:1824} INFO - Sync 1 DAGs
[2024-06-23 23:52:41,514] {logging_mixin.py:104} INFO - [2024-06-23 23:52:41,514] {dag.py:2280} INFO - Setting next_dagrun for example_python_operator to None
[2024-06-23 23:52:41,522] {scheduler_job.py:190} INFO - Processing /home/airflow/.local/lib/python3.6/site-packages/airflow/example_dags/example_python_operator.py took 0.038 seconds
[2024-06-23 23:53:12,280] {scheduler_job.py:182} INFO - Started process (PID=6248) to work on /home/airflow/.local/lib/python3.6/site-packages/airflow/example_dags/example_python_operator.py
[2024-06-23 23:53:12,280] {scheduler_job.py:629} INFO - Processing file /home/airflow/.local/lib/python3.6/site-packages/airflow/example_dags/example_python_operator.py for tasks to queue
[2024-06-23 23:53:12,281] {logging_mixin.py:104} INFO - [2024-06-23 23:53:12,281] {dagbag.py:451} INFO - Filling up the DagBag from /home/airflow/.local/lib/python3.6/site-packages/airflow/example_dags/example_python_operator.py
[2024-06-23 23:53:12,288] {scheduler_job.py:639} INFO - DAG(s) dict_keys(['example_python_operator']) retrieved from /home/airflow/.local/lib/python3.6/site-packages/airflow/example_dags/example_python_operator.py
[2024-06-23 23:53:12,301] {logging_mixin.py:104} INFO - [2024-06-23 23:53:12,301] {dag.py:1824} INFO - Sync 1 DAGs
[2024-06-23 23:53:12,309] {logging_mixin.py:104} INFO - [2024-06-23 23:53:12,309] {dag.py:2280} INFO - Setting next_dagrun for example_python_operator to None
[2024-06-23 23:53:12,316] {scheduler_job.py:190} INFO - Processing /home/airflow/.local/lib/python3.6/site-packages/airflow/example_dags/example_python_operator.py took 0.038 seconds
[2024-06-23 23:53:43,081] {scheduler_job.py:182} INFO - Started process (PID=6274) to work on /home/airflow/.local/lib/python3.6/site-packages/airflow/example_dags/example_python_operator.py
[2024-06-23 23:53:43,081] {scheduler_job.py:629} INFO - Processing file /home/airflow/.local/lib/python3.6/site-packages/airflow/example_dags/example_python_operator.py for tasks to queue
[2024-06-23 23:53:43,082] {logging_mixin.py:104} INFO - [2024-06-23 23:53:43,082] {dagbag.py:451} INFO - Filling up the DagBag from /home/airflow/.local/lib/python3.6/site-packages/airflow/example_dags/example_python_operator.py
[2024-06-23 23:53:43,089] {scheduler_job.py:639} INFO - DAG(s) dict_keys(['example_python_operator']) retrieved from /home/airflow/.local/lib/python3.6/site-packages/airflow/example_dags/example_python_operator.py
[2024-06-23 23:53:43,101] {logging_mixin.py:104} INFO - [2024-06-23 23:53:43,101] {dag.py:1824} INFO - Sync 1 DAGs
[2024-06-23 23:53:43,109] {logging_mixin.py:104} INFO - [2024-06-23 23:53:43,109] {dag.py:2280} INFO - Setting next_dagrun for example_python_operator to None
[2024-06-23 23:53:43,116] {scheduler_job.py:190} INFO - Processing /home/airflow/.local/lib/python3.6/site-packages/airflow/example_dags/example_python_operator.py took 0.037 seconds
[2024-06-23 23:54:13,878] {scheduler_job.py:182} INFO - Started process (PID=6300) to work on /home/airflow/.local/lib/python3.6/site-packages/airflow/example_dags/example_python_operator.py
[2024-06-23 23:54:13,878] {scheduler_job.py:629} INFO - Processing file /home/airflow/.local/lib/python3.6/site-packages/airflow/example_dags/example_python_operator.py for tasks to queue
[2024-06-23 23:54:13,879] {logging_mixin.py:104} INFO - [2024-06-23 23:54:13,879] {dagbag.py:451} INFO - Filling up the DagBag from /home/airflow/.local/lib/python3.6/site-packages/airflow/example_dags/example_python_operator.py
[2024-06-23 23:54:13,886] {scheduler_job.py:639} INFO - DAG(s) dict_keys(['example_python_operator']) retrieved from /home/airflow/.local/lib/python3.6/site-packages/airflow/example_dags/example_python_operator.py
[2024-06-23 23:54:13,900] {logging_mixin.py:104} INFO - [2024-06-23 23:54:13,899] {dag.py:1824} INFO - Sync 1 DAGs
[2024-06-23 23:54:13,908] {logging_mixin.py:104} INFO - [2024-06-23 23:54:13,908] {dag.py:2280} INFO - Setting next_dagrun for example_python_operator to None
[2024-06-23 23:54:13,917] {scheduler_job.py:190} INFO - Processing /home/airflow/.local/lib/python3.6/site-packages/airflow/example_dags/example_python_operator.py took 0.042 seconds
[2024-06-23 23:54:44,704] {scheduler_job.py:182} INFO - Started process (PID=6326) to work on /home/airflow/.local/lib/python3.6/site-packages/airflow/example_dags/example_python_operator.py
[2024-06-23 23:54:44,704] {scheduler_job.py:629} INFO - Processing file /home/airflow/.local/lib/python3.6/site-packages/airflow/example_dags/example_python_operator.py for tasks to queue
[2024-06-23 23:54:44,705] {logging_mixin.py:104} INFO - [2024-06-23 23:54:44,705] {dagbag.py:451} INFO - Filling up the DagBag from /home/airflow/.local/lib/python3.6/site-packages/airflow/example_dags/example_python_operator.py
[2024-06-23 23:54:44,713] {scheduler_job.py:639} INFO - DAG(s) dict_keys(['example_python_operator']) retrieved from /home/airflow/.local/lib/python3.6/site-packages/airflow/example_dags/example_python_operator.py
[2024-06-23 23:54:44,725] {logging_mixin.py:104} INFO - [2024-06-23 23:54:44,725] {dag.py:1824} INFO - Sync 1 DAGs
[2024-06-23 23:54:44,735] {logging_mixin.py:104} INFO - [2024-06-23 23:54:44,735] {dag.py:2280} INFO - Setting next_dagrun for example_python_operator to None
[2024-06-23 23:54:44,742] {scheduler_job.py:190} INFO - Processing /home/airflow/.local/lib/python3.6/site-packages/airflow/example_dags/example_python_operator.py took 0.040 seconds
[2024-06-23 23:55:15,526] {scheduler_job.py:182} INFO - Started process (PID=6352) to work on /home/airflow/.local/lib/python3.6/site-packages/airflow/example_dags/example_python_operator.py
[2024-06-23 23:55:15,527] {scheduler_job.py:629} INFO - Processing file /home/airflow/.local/lib/python3.6/site-packages/airflow/example_dags/example_python_operator.py for tasks to queue
[2024-06-23 23:55:15,527] {logging_mixin.py:104} INFO - [2024-06-23 23:55:15,527] {dagbag.py:451} INFO - Filling up the DagBag from /home/airflow/.local/lib/python3.6/site-packages/airflow/example_dags/example_python_operator.py
[2024-06-23 23:55:15,535] {scheduler_job.py:639} INFO - DAG(s) dict_keys(['example_python_operator']) retrieved from /home/airflow/.local/lib/python3.6/site-packages/airflow/example_dags/example_python_operator.py
[2024-06-23 23:55:15,548] {logging_mixin.py:104} INFO - [2024-06-23 23:55:15,548] {dag.py:1824} INFO - Sync 1 DAGs
[2024-06-23 23:55:15,558] {logging_mixin.py:104} INFO - [2024-06-23 23:55:15,558] {dag.py:2280} INFO - Setting next_dagrun for example_python_operator to None
[2024-06-23 23:55:15,564] {scheduler_job.py:190} INFO - Processing /home/airflow/.local/lib/python3.6/site-packages/airflow/example_dags/example_python_operator.py took 0.040 seconds
[2024-06-23 23:55:46,363] {scheduler_job.py:182} INFO - Started process (PID=6378) to work on /home/airflow/.local/lib/python3.6/site-packages/airflow/example_dags/example_python_operator.py
[2024-06-23 23:55:46,364] {scheduler_job.py:629} INFO - Processing file /home/airflow/.local/lib/python3.6/site-packages/airflow/example_dags/example_python_operator.py for tasks to queue
[2024-06-23 23:55:46,365] {logging_mixin.py:104} INFO - [2024-06-23 23:55:46,365] {dagbag.py:451} INFO - Filling up the DagBag from /home/airflow/.local/lib/python3.6/site-packages/airflow/example_dags/example_python_operator.py
[2024-06-23 23:55:46,372] {scheduler_job.py:639} INFO - DAG(s) dict_keys(['example_python_operator']) retrieved from /home/airflow/.local/lib/python3.6/site-packages/airflow/example_dags/example_python_operator.py
[2024-06-23 23:55:46,385] {logging_mixin.py:104} INFO - [2024-06-23 23:55:46,385] {dag.py:1824} INFO - Sync 1 DAGs
[2024-06-23 23:55:46,393] {logging_mixin.py:104} INFO - [2024-06-23 23:55:46,393] {dag.py:2280} INFO - Setting next_dagrun for example_python_operator to None
[2024-06-23 23:55:46,400] {scheduler_job.py:190} INFO - Processing /home/airflow/.local/lib/python3.6/site-packages/airflow/example_dags/example_python_operator.py took 0.039 seconds
[2024-06-23 23:56:17,172] {scheduler_job.py:182} INFO - Started process (PID=6404) to work on /home/airflow/.local/lib/python3.6/site-packages/airflow/example_dags/example_python_operator.py
[2024-06-23 23:56:17,173] {scheduler_job.py:629} INFO - Processing file /home/airflow/.local/lib/python3.6/site-packages/airflow/example_dags/example_python_operator.py for tasks to queue
[2024-06-23 23:56:17,174] {logging_mixin.py:104} INFO - [2024-06-23 23:56:17,174] {dagbag.py:451} INFO - Filling up the DagBag from /home/airflow/.local/lib/python3.6/site-packages/airflow/example_dags/example_python_operator.py
[2024-06-23 23:56:17,181] {scheduler_job.py:639} INFO - DAG(s) dict_keys(['example_python_operator']) retrieved from /home/airflow/.local/lib/python3.6/site-packages/airflow/example_dags/example_python_operator.py
[2024-06-23 23:56:17,193] {logging_mixin.py:104} INFO - [2024-06-23 23:56:17,193] {dag.py:1824} INFO - Sync 1 DAGs
[2024-06-23 23:56:17,202] {logging_mixin.py:104} INFO - [2024-06-23 23:56:17,202] {dag.py:2280} INFO - Setting next_dagrun for example_python_operator to None
[2024-06-23 23:56:17,211] {scheduler_job.py:190} INFO - Processing /home/airflow/.local/lib/python3.6/site-packages/airflow/example_dags/example_python_operator.py took 0.040 seconds
[2024-06-23 23:56:47,958] {scheduler_job.py:182} INFO - Started process (PID=6430) to work on /home/airflow/.local/lib/python3.6/site-packages/airflow/example_dags/example_python_operator.py
[2024-06-23 23:56:47,959] {scheduler_job.py:629} INFO - Processing file /home/airflow/.local/lib/python3.6/site-packages/airflow/example_dags/example_python_operator.py for tasks to queue
[2024-06-23 23:56:47,959] {logging_mixin.py:104} INFO - [2024-06-23 23:56:47,959] {dagbag.py:451} INFO - Filling up the DagBag from /home/airflow/.local/lib/python3.6/site-packages/airflow/example_dags/example_python_operator.py
[2024-06-23 23:56:47,967] {scheduler_job.py:639} INFO - DAG(s) dict_keys(['example_python_operator']) retrieved from /home/airflow/.local/lib/python3.6/site-packages/airflow/example_dags/example_python_operator.py
[2024-06-23 23:56:47,979] {logging_mixin.py:104} INFO - [2024-06-23 23:56:47,979] {dag.py:1824} INFO - Sync 1 DAGs
[2024-06-23 23:56:47,988] {logging_mixin.py:104} INFO - [2024-06-23 23:56:47,988] {dag.py:2280} INFO - Setting next_dagrun for example_python_operator to None
[2024-06-23 23:56:47,996] {scheduler_job.py:190} INFO - Processing /home/airflow/.local/lib/python3.6/site-packages/airflow/example_dags/example_python_operator.py took 0.040 seconds
[2024-06-23 23:57:18,773] {scheduler_job.py:182} INFO - Started process (PID=6456) to work on /home/airflow/.local/lib/python3.6/site-packages/airflow/example_dags/example_python_operator.py
[2024-06-23 23:57:18,773] {scheduler_job.py:629} INFO - Processing file /home/airflow/.local/lib/python3.6/site-packages/airflow/example_dags/example_python_operator.py for tasks to queue
[2024-06-23 23:57:18,774] {logging_mixin.py:104} INFO - [2024-06-23 23:57:18,774] {dagbag.py:451} INFO - Filling up the DagBag from /home/airflow/.local/lib/python3.6/site-packages/airflow/example_dags/example_python_operator.py
[2024-06-23 23:57:18,781] {scheduler_job.py:639} INFO - DAG(s) dict_keys(['example_python_operator']) retrieved from /home/airflow/.local/lib/python3.6/site-packages/airflow/example_dags/example_python_operator.py
[2024-06-23 23:57:18,794] {logging_mixin.py:104} INFO - [2024-06-23 23:57:18,794] {dag.py:1824} INFO - Sync 1 DAGs
[2024-06-23 23:57:18,802] {logging_mixin.py:104} INFO - [2024-06-23 23:57:18,802] {dag.py:2280} INFO - Setting next_dagrun for example_python_operator to None
[2024-06-23 23:57:18,811] {scheduler_job.py:190} INFO - Processing /home/airflow/.local/lib/python3.6/site-packages/airflow/example_dags/example_python_operator.py took 0.040 seconds
[2024-06-23 23:57:49,567] {scheduler_job.py:182} INFO - Started process (PID=6482) to work on /home/airflow/.local/lib/python3.6/site-packages/airflow/example_dags/example_python_operator.py
[2024-06-23 23:57:49,569] {scheduler_job.py:629} INFO - Processing file /home/airflow/.local/lib/python3.6/site-packages/airflow/example_dags/example_python_operator.py for tasks to queue
[2024-06-23 23:57:49,569] {logging_mixin.py:104} INFO - [2024-06-23 23:57:49,569] {dagbag.py:451} INFO - Filling up the DagBag from /home/airflow/.local/lib/python3.6/site-packages/airflow/example_dags/example_python_operator.py
[2024-06-23 23:57:49,576] {scheduler_job.py:639} INFO - DAG(s) dict_keys(['example_python_operator']) retrieved from /home/airflow/.local/lib/python3.6/site-packages/airflow/example_dags/example_python_operator.py
[2024-06-23 23:57:49,588] {logging_mixin.py:104} INFO - [2024-06-23 23:57:49,588] {dag.py:1824} INFO - Sync 1 DAGs
[2024-06-23 23:57:49,597] {logging_mixin.py:104} INFO - [2024-06-23 23:57:49,596] {dag.py:2280} INFO - Setting next_dagrun for example_python_operator to None
[2024-06-23 23:57:49,604] {scheduler_job.py:190} INFO - Processing /home/airflow/.local/lib/python3.6/site-packages/airflow/example_dags/example_python_operator.py took 0.038 seconds
[2024-06-23 23:58:20,541] {scheduler_job.py:182} INFO - Started process (PID=6508) to work on /home/airflow/.local/lib/python3.6/site-packages/airflow/example_dags/example_python_operator.py
[2024-06-23 23:58:20,542] {scheduler_job.py:629} INFO - Processing file /home/airflow/.local/lib/python3.6/site-packages/airflow/example_dags/example_python_operator.py for tasks to queue
[2024-06-23 23:58:20,542] {logging_mixin.py:104} INFO - [2024-06-23 23:58:20,542] {dagbag.py:451} INFO - Filling up the DagBag from /home/airflow/.local/lib/python3.6/site-packages/airflow/example_dags/example_python_operator.py
[2024-06-23 23:58:20,550] {scheduler_job.py:639} INFO - DAG(s) dict_keys(['example_python_operator']) retrieved from /home/airflow/.local/lib/python3.6/site-packages/airflow/example_dags/example_python_operator.py
[2024-06-23 23:58:20,562] {logging_mixin.py:104} INFO - [2024-06-23 23:58:20,562] {dag.py:1824} INFO - Sync 1 DAGs
[2024-06-23 23:58:20,576] {logging_mixin.py:104} INFO - [2024-06-23 23:58:20,576] {dag.py:2280} INFO - Setting next_dagrun for example_python_operator to None
[2024-06-23 23:58:20,636] {scheduler_job.py:190} INFO - Processing /home/airflow/.local/lib/python3.6/site-packages/airflow/example_dags/example_python_operator.py took 0.096 seconds
[2024-06-23 23:58:51,399] {scheduler_job.py:182} INFO - Started process (PID=6534) to work on /home/airflow/.local/lib/python3.6/site-packages/airflow/example_dags/example_python_operator.py
[2024-06-23 23:58:51,400] {scheduler_job.py:629} INFO - Processing file /home/airflow/.local/lib/python3.6/site-packages/airflow/example_dags/example_python_operator.py for tasks to queue
[2024-06-23 23:58:51,401] {logging_mixin.py:104} INFO - [2024-06-23 23:58:51,401] {dagbag.py:451} INFO - Filling up the DagBag from /home/airflow/.local/lib/python3.6/site-packages/airflow/example_dags/example_python_operator.py
[2024-06-23 23:58:51,411] {scheduler_job.py:639} INFO - DAG(s) dict_keys(['example_python_operator']) retrieved from /home/airflow/.local/lib/python3.6/site-packages/airflow/example_dags/example_python_operator.py
[2024-06-23 23:58:51,425] {logging_mixin.py:104} INFO - [2024-06-23 23:58:51,425] {dag.py:1824} INFO - Sync 1 DAGs
[2024-06-23 23:58:51,434] {logging_mixin.py:104} INFO - [2024-06-23 23:58:51,434] {dag.py:2280} INFO - Setting next_dagrun for example_python_operator to None
[2024-06-23 23:58:51,441] {scheduler_job.py:190} INFO - Processing /home/airflow/.local/lib/python3.6/site-packages/airflow/example_dags/example_python_operator.py took 0.044 seconds
[2024-06-23 23:59:22,224] {scheduler_job.py:182} INFO - Started process (PID=6560) to work on /home/airflow/.local/lib/python3.6/site-packages/airflow/example_dags/example_python_operator.py
[2024-06-23 23:59:22,225] {scheduler_job.py:629} INFO - Processing file /home/airflow/.local/lib/python3.6/site-packages/airflow/example_dags/example_python_operator.py for tasks to queue
[2024-06-23 23:59:22,225] {logging_mixin.py:104} INFO - [2024-06-23 23:59:22,225] {dagbag.py:451} INFO - Filling up the DagBag from /home/airflow/.local/lib/python3.6/site-packages/airflow/example_dags/example_python_operator.py
[2024-06-23 23:59:22,233] {scheduler_job.py:639} INFO - DAG(s) dict_keys(['example_python_operator']) retrieved from /home/airflow/.local/lib/python3.6/site-packages/airflow/example_dags/example_python_operator.py
[2024-06-23 23:59:22,245] {logging_mixin.py:104} INFO - [2024-06-23 23:59:22,245] {dag.py:1824} INFO - Sync 1 DAGs
[2024-06-23 23:59:22,253] {logging_mixin.py:104} INFO - [2024-06-23 23:59:22,253] {dag.py:2280} INFO - Setting next_dagrun for example_python_operator to None
[2024-06-23 23:59:22,260] {scheduler_job.py:190} INFO - Processing /home/airflow/.local/lib/python3.6/site-packages/airflow/example_dags/example_python_operator.py took 0.037 seconds
[2024-06-23 23:59:53,019] {scheduler_job.py:182} INFO - Started process (PID=6586) to work on /home/airflow/.local/lib/python3.6/site-packages/airflow/example_dags/example_python_operator.py
[2024-06-23 23:59:53,020] {scheduler_job.py:629} INFO - Processing file /home/airflow/.local/lib/python3.6/site-packages/airflow/example_dags/example_python_operator.py for tasks to queue
[2024-06-23 23:59:53,021] {logging_mixin.py:104} INFO - [2024-06-23 23:59:53,021] {dagbag.py:451} INFO - Filling up the DagBag from /home/airflow/.local/lib/python3.6/site-packages/airflow/example_dags/example_python_operator.py
[2024-06-23 23:59:53,028] {scheduler_job.py:639} INFO - DAG(s) dict_keys(['example_python_operator']) retrieved from /home/airflow/.local/lib/python3.6/site-packages/airflow/example_dags/example_python_operator.py
[2024-06-23 23:59:53,041] {logging_mixin.py:104} INFO - [2024-06-23 23:59:53,040] {dag.py:1824} INFO - Sync 1 DAGs
[2024-06-23 23:59:53,049] {logging_mixin.py:104} INFO - [2024-06-23 23:59:53,049] {dag.py:2280} INFO - Setting next_dagrun for example_python_operator to None
[2024-06-23 23:59:53,056] {scheduler_job.py:190} INFO - Processing /home/airflow/.local/lib/python3.6/site-packages/airflow/example_dags/example_python_operator.py took 0.038 seconds
