[2024-06-23 23:41:54,497] {scheduler_job.py:182} INFO - Started process (PID=5672) to work on /home/airflow/.local/lib/python3.6/site-packages/airflow/example_dags/tutorial_etl_dag.py
[2024-06-23 23:41:54,503] {scheduler_job.py:629} INFO - Processing file /home/airflow/.local/lib/python3.6/site-packages/airflow/example_dags/tutorial_etl_dag.py for tasks to queue
[2024-06-23 23:41:54,523] {logging_mixin.py:104} INFO - [2024-06-23 23:41:54,523] {dagbag.py:451} INFO - Filling up the DagBag from /home/airflow/.local/lib/python3.6/site-packages/airflow/example_dags/tutorial_etl_dag.py
[2024-06-23 23:41:54,544] {scheduler_job.py:639} INFO - DAG(s) dict_keys(['tutorial_etl_dag']) retrieved from /home/airflow/.local/lib/python3.6/site-packages/airflow/example_dags/tutorial_etl_dag.py
[2024-06-23 23:41:54,580] {logging_mixin.py:104} INFO - [2024-06-23 23:41:54,579] {dag.py:1824} INFO - Sync 1 DAGs
[2024-06-23 23:41:54,608] {logging_mixin.py:104} INFO - [2024-06-23 23:41:54,607] {dag.py:2280} INFO - Setting next_dagrun for tutorial_etl_dag to None
[2024-06-23 23:41:54,635] {scheduler_job.py:190} INFO - Processing /home/airflow/.local/lib/python3.6/site-packages/airflow/example_dags/tutorial_etl_dag.py took 0.140 seconds
[2024-06-23 23:42:25,111] {scheduler_job.py:182} INFO - Started process (PID=5696) to work on /home/airflow/.local/lib/python3.6/site-packages/airflow/example_dags/tutorial_etl_dag.py
[2024-06-23 23:42:25,112] {scheduler_job.py:629} INFO - Processing file /home/airflow/.local/lib/python3.6/site-packages/airflow/example_dags/tutorial_etl_dag.py for tasks to queue
[2024-06-23 23:42:25,113] {logging_mixin.py:104} INFO - [2024-06-23 23:42:25,113] {dagbag.py:451} INFO - Filling up the DagBag from /home/airflow/.local/lib/python3.6/site-packages/airflow/example_dags/tutorial_etl_dag.py
[2024-06-23 23:42:25,120] {scheduler_job.py:639} INFO - DAG(s) dict_keys(['tutorial_etl_dag']) retrieved from /home/airflow/.local/lib/python3.6/site-packages/airflow/example_dags/tutorial_etl_dag.py
[2024-06-23 23:42:25,133] {logging_mixin.py:104} INFO - [2024-06-23 23:42:25,133] {dag.py:1824} INFO - Sync 1 DAGs
[2024-06-23 23:42:25,142] {logging_mixin.py:104} INFO - [2024-06-23 23:42:25,142] {dag.py:2280} INFO - Setting next_dagrun for tutorial_etl_dag to None
[2024-06-23 23:42:25,149] {scheduler_job.py:190} INFO - Processing /home/airflow/.local/lib/python3.6/site-packages/airflow/example_dags/tutorial_etl_dag.py took 0.040 seconds
[2024-06-23 23:42:55,917] {scheduler_job.py:182} INFO - Started process (PID=5722) to work on /home/airflow/.local/lib/python3.6/site-packages/airflow/example_dags/tutorial_etl_dag.py
[2024-06-23 23:42:55,918] {scheduler_job.py:629} INFO - Processing file /home/airflow/.local/lib/python3.6/site-packages/airflow/example_dags/tutorial_etl_dag.py for tasks to queue
[2024-06-23 23:42:55,919] {logging_mixin.py:104} INFO - [2024-06-23 23:42:55,919] {dagbag.py:451} INFO - Filling up the DagBag from /home/airflow/.local/lib/python3.6/site-packages/airflow/example_dags/tutorial_etl_dag.py
[2024-06-23 23:42:55,928] {scheduler_job.py:639} INFO - DAG(s) dict_keys(['tutorial_etl_dag']) retrieved from /home/airflow/.local/lib/python3.6/site-packages/airflow/example_dags/tutorial_etl_dag.py
[2024-06-23 23:42:55,948] {logging_mixin.py:104} INFO - [2024-06-23 23:42:55,948] {dag.py:1824} INFO - Sync 1 DAGs
[2024-06-23 23:42:55,962] {logging_mixin.py:104} INFO - [2024-06-23 23:42:55,962] {dag.py:2280} INFO - Setting next_dagrun for tutorial_etl_dag to None
[2024-06-23 23:42:55,972] {scheduler_job.py:190} INFO - Processing /home/airflow/.local/lib/python3.6/site-packages/airflow/example_dags/tutorial_etl_dag.py took 0.058 seconds
[2024-06-23 23:43:26,969] {scheduler_job.py:182} INFO - Started process (PID=5748) to work on /home/airflow/.local/lib/python3.6/site-packages/airflow/example_dags/tutorial_etl_dag.py
[2024-06-23 23:43:26,969] {scheduler_job.py:629} INFO - Processing file /home/airflow/.local/lib/python3.6/site-packages/airflow/example_dags/tutorial_etl_dag.py for tasks to queue
[2024-06-23 23:43:26,970] {logging_mixin.py:104} INFO - [2024-06-23 23:43:26,970] {dagbag.py:451} INFO - Filling up the DagBag from /home/airflow/.local/lib/python3.6/site-packages/airflow/example_dags/tutorial_etl_dag.py
[2024-06-23 23:43:26,976] {scheduler_job.py:639} INFO - DAG(s) dict_keys(['tutorial_etl_dag']) retrieved from /home/airflow/.local/lib/python3.6/site-packages/airflow/example_dags/tutorial_etl_dag.py
[2024-06-23 23:43:26,989] {logging_mixin.py:104} INFO - [2024-06-23 23:43:26,989] {dag.py:1824} INFO - Sync 1 DAGs
[2024-06-23 23:43:26,997] {logging_mixin.py:104} INFO - [2024-06-23 23:43:26,997] {dag.py:2280} INFO - Setting next_dagrun for tutorial_etl_dag to None
[2024-06-23 23:43:27,004] {scheduler_job.py:190} INFO - Processing /home/airflow/.local/lib/python3.6/site-packages/airflow/example_dags/tutorial_etl_dag.py took 0.037 seconds
[2024-06-23 23:43:57,757] {scheduler_job.py:182} INFO - Started process (PID=5774) to work on /home/airflow/.local/lib/python3.6/site-packages/airflow/example_dags/tutorial_etl_dag.py
[2024-06-23 23:43:57,757] {scheduler_job.py:629} INFO - Processing file /home/airflow/.local/lib/python3.6/site-packages/airflow/example_dags/tutorial_etl_dag.py for tasks to queue
[2024-06-23 23:43:57,758] {logging_mixin.py:104} INFO - [2024-06-23 23:43:57,758] {dagbag.py:451} INFO - Filling up the DagBag from /home/airflow/.local/lib/python3.6/site-packages/airflow/example_dags/tutorial_etl_dag.py
[2024-06-23 23:43:57,764] {scheduler_job.py:639} INFO - DAG(s) dict_keys(['tutorial_etl_dag']) retrieved from /home/airflow/.local/lib/python3.6/site-packages/airflow/example_dags/tutorial_etl_dag.py
[2024-06-23 23:43:57,777] {logging_mixin.py:104} INFO - [2024-06-23 23:43:57,777] {dag.py:1824} INFO - Sync 1 DAGs
[2024-06-23 23:43:57,785] {logging_mixin.py:104} INFO - [2024-06-23 23:43:57,785] {dag.py:2280} INFO - Setting next_dagrun for tutorial_etl_dag to None
[2024-06-23 23:43:57,792] {scheduler_job.py:190} INFO - Processing /home/airflow/.local/lib/python3.6/site-packages/airflow/example_dags/tutorial_etl_dag.py took 0.037 seconds
[2024-06-23 23:44:28,540] {scheduler_job.py:182} INFO - Started process (PID=5800) to work on /home/airflow/.local/lib/python3.6/site-packages/airflow/example_dags/tutorial_etl_dag.py
[2024-06-23 23:44:28,540] {scheduler_job.py:629} INFO - Processing file /home/airflow/.local/lib/python3.6/site-packages/airflow/example_dags/tutorial_etl_dag.py for tasks to queue
[2024-06-23 23:44:28,541] {logging_mixin.py:104} INFO - [2024-06-23 23:44:28,541] {dagbag.py:451} INFO - Filling up the DagBag from /home/airflow/.local/lib/python3.6/site-packages/airflow/example_dags/tutorial_etl_dag.py
[2024-06-23 23:44:28,548] {scheduler_job.py:639} INFO - DAG(s) dict_keys(['tutorial_etl_dag']) retrieved from /home/airflow/.local/lib/python3.6/site-packages/airflow/example_dags/tutorial_etl_dag.py
[2024-06-23 23:44:28,559] {logging_mixin.py:104} INFO - [2024-06-23 23:44:28,559] {dag.py:1824} INFO - Sync 1 DAGs
[2024-06-23 23:44:28,567] {logging_mixin.py:104} INFO - [2024-06-23 23:44:28,567] {dag.py:2280} INFO - Setting next_dagrun for tutorial_etl_dag to None
[2024-06-23 23:44:28,577] {scheduler_job.py:190} INFO - Processing /home/airflow/.local/lib/python3.6/site-packages/airflow/example_dags/tutorial_etl_dag.py took 0.039 seconds
[2024-06-23 23:44:59,318] {scheduler_job.py:182} INFO - Started process (PID=5826) to work on /home/airflow/.local/lib/python3.6/site-packages/airflow/example_dags/tutorial_etl_dag.py
[2024-06-23 23:44:59,319] {scheduler_job.py:629} INFO - Processing file /home/airflow/.local/lib/python3.6/site-packages/airflow/example_dags/tutorial_etl_dag.py for tasks to queue
[2024-06-23 23:44:59,320] {logging_mixin.py:104} INFO - [2024-06-23 23:44:59,320] {dagbag.py:451} INFO - Filling up the DagBag from /home/airflow/.local/lib/python3.6/site-packages/airflow/example_dags/tutorial_etl_dag.py
[2024-06-23 23:44:59,326] {scheduler_job.py:639} INFO - DAG(s) dict_keys(['tutorial_etl_dag']) retrieved from /home/airflow/.local/lib/python3.6/site-packages/airflow/example_dags/tutorial_etl_dag.py
[2024-06-23 23:44:59,338] {logging_mixin.py:104} INFO - [2024-06-23 23:44:59,338] {dag.py:1824} INFO - Sync 1 DAGs
[2024-06-23 23:44:59,346] {logging_mixin.py:104} INFO - [2024-06-23 23:44:59,346] {dag.py:2280} INFO - Setting next_dagrun for tutorial_etl_dag to None
[2024-06-23 23:44:59,357] {scheduler_job.py:190} INFO - Processing /home/airflow/.local/lib/python3.6/site-packages/airflow/example_dags/tutorial_etl_dag.py took 0.040 seconds
[2024-06-23 23:45:30,112] {scheduler_job.py:182} INFO - Started process (PID=5852) to work on /home/airflow/.local/lib/python3.6/site-packages/airflow/example_dags/tutorial_etl_dag.py
[2024-06-23 23:45:30,113] {scheduler_job.py:629} INFO - Processing file /home/airflow/.local/lib/python3.6/site-packages/airflow/example_dags/tutorial_etl_dag.py for tasks to queue
[2024-06-23 23:45:30,113] {logging_mixin.py:104} INFO - [2024-06-23 23:45:30,113] {dagbag.py:451} INFO - Filling up the DagBag from /home/airflow/.local/lib/python3.6/site-packages/airflow/example_dags/tutorial_etl_dag.py
[2024-06-23 23:45:30,120] {scheduler_job.py:639} INFO - DAG(s) dict_keys(['tutorial_etl_dag']) retrieved from /home/airflow/.local/lib/python3.6/site-packages/airflow/example_dags/tutorial_etl_dag.py
[2024-06-23 23:45:30,132] {logging_mixin.py:104} INFO - [2024-06-23 23:45:30,131] {dag.py:1824} INFO - Sync 1 DAGs
[2024-06-23 23:45:30,140] {logging_mixin.py:104} INFO - [2024-06-23 23:45:30,140] {dag.py:2280} INFO - Setting next_dagrun for tutorial_etl_dag to None
[2024-06-23 23:45:30,149] {scheduler_job.py:190} INFO - Processing /home/airflow/.local/lib/python3.6/site-packages/airflow/example_dags/tutorial_etl_dag.py took 0.039 seconds
[2024-06-23 23:46:00,921] {scheduler_job.py:182} INFO - Started process (PID=5878) to work on /home/airflow/.local/lib/python3.6/site-packages/airflow/example_dags/tutorial_etl_dag.py
[2024-06-23 23:46:00,922] {scheduler_job.py:629} INFO - Processing file /home/airflow/.local/lib/python3.6/site-packages/airflow/example_dags/tutorial_etl_dag.py for tasks to queue
[2024-06-23 23:46:00,923] {logging_mixin.py:104} INFO - [2024-06-23 23:46:00,923] {dagbag.py:451} INFO - Filling up the DagBag from /home/airflow/.local/lib/python3.6/site-packages/airflow/example_dags/tutorial_etl_dag.py
[2024-06-23 23:46:00,929] {scheduler_job.py:639} INFO - DAG(s) dict_keys(['tutorial_etl_dag']) retrieved from /home/airflow/.local/lib/python3.6/site-packages/airflow/example_dags/tutorial_etl_dag.py
[2024-06-23 23:46:00,942] {logging_mixin.py:104} INFO - [2024-06-23 23:46:00,942] {dag.py:1824} INFO - Sync 1 DAGs
[2024-06-23 23:46:00,950] {logging_mixin.py:104} INFO - [2024-06-23 23:46:00,950] {dag.py:2280} INFO - Setting next_dagrun for tutorial_etl_dag to None
[2024-06-23 23:46:00,956] {scheduler_job.py:190} INFO - Processing /home/airflow/.local/lib/python3.6/site-packages/airflow/example_dags/tutorial_etl_dag.py took 0.037 seconds
[2024-06-23 23:46:31,712] {scheduler_job.py:182} INFO - Started process (PID=5904) to work on /home/airflow/.local/lib/python3.6/site-packages/airflow/example_dags/tutorial_etl_dag.py
[2024-06-23 23:46:31,712] {scheduler_job.py:629} INFO - Processing file /home/airflow/.local/lib/python3.6/site-packages/airflow/example_dags/tutorial_etl_dag.py for tasks to queue
[2024-06-23 23:46:31,713] {logging_mixin.py:104} INFO - [2024-06-23 23:46:31,713] {dagbag.py:451} INFO - Filling up the DagBag from /home/airflow/.local/lib/python3.6/site-packages/airflow/example_dags/tutorial_etl_dag.py
[2024-06-23 23:46:31,719] {scheduler_job.py:639} INFO - DAG(s) dict_keys(['tutorial_etl_dag']) retrieved from /home/airflow/.local/lib/python3.6/site-packages/airflow/example_dags/tutorial_etl_dag.py
[2024-06-23 23:46:31,738] {logging_mixin.py:104} INFO - [2024-06-23 23:46:31,738] {dag.py:1824} INFO - Sync 1 DAGs
[2024-06-23 23:46:31,748] {logging_mixin.py:104} INFO - [2024-06-23 23:46:31,748] {dag.py:2280} INFO - Setting next_dagrun for tutorial_etl_dag to None
[2024-06-23 23:46:31,756] {scheduler_job.py:190} INFO - Processing /home/airflow/.local/lib/python3.6/site-packages/airflow/example_dags/tutorial_etl_dag.py took 0.046 seconds
[2024-06-23 23:47:02,507] {scheduler_job.py:182} INFO - Started process (PID=5930) to work on /home/airflow/.local/lib/python3.6/site-packages/airflow/example_dags/tutorial_etl_dag.py
[2024-06-23 23:47:02,508] {scheduler_job.py:629} INFO - Processing file /home/airflow/.local/lib/python3.6/site-packages/airflow/example_dags/tutorial_etl_dag.py for tasks to queue
[2024-06-23 23:47:02,509] {logging_mixin.py:104} INFO - [2024-06-23 23:47:02,508] {dagbag.py:451} INFO - Filling up the DagBag from /home/airflow/.local/lib/python3.6/site-packages/airflow/example_dags/tutorial_etl_dag.py
[2024-06-23 23:47:02,515] {scheduler_job.py:639} INFO - DAG(s) dict_keys(['tutorial_etl_dag']) retrieved from /home/airflow/.local/lib/python3.6/site-packages/airflow/example_dags/tutorial_etl_dag.py
[2024-06-23 23:47:02,527] {logging_mixin.py:104} INFO - [2024-06-23 23:47:02,527] {dag.py:1824} INFO - Sync 1 DAGs
[2024-06-23 23:47:02,536] {logging_mixin.py:104} INFO - [2024-06-23 23:47:02,536] {dag.py:2280} INFO - Setting next_dagrun for tutorial_etl_dag to None
[2024-06-23 23:47:02,546] {scheduler_job.py:190} INFO - Processing /home/airflow/.local/lib/python3.6/site-packages/airflow/example_dags/tutorial_etl_dag.py took 0.041 seconds
[2024-06-23 23:47:33,337] {scheduler_job.py:182} INFO - Started process (PID=5956) to work on /home/airflow/.local/lib/python3.6/site-packages/airflow/example_dags/tutorial_etl_dag.py
[2024-06-23 23:47:33,338] {scheduler_job.py:629} INFO - Processing file /home/airflow/.local/lib/python3.6/site-packages/airflow/example_dags/tutorial_etl_dag.py for tasks to queue
[2024-06-23 23:47:33,338] {logging_mixin.py:104} INFO - [2024-06-23 23:47:33,338] {dagbag.py:451} INFO - Filling up the DagBag from /home/airflow/.local/lib/python3.6/site-packages/airflow/example_dags/tutorial_etl_dag.py
[2024-06-23 23:47:33,345] {scheduler_job.py:639} INFO - DAG(s) dict_keys(['tutorial_etl_dag']) retrieved from /home/airflow/.local/lib/python3.6/site-packages/airflow/example_dags/tutorial_etl_dag.py
[2024-06-23 23:47:33,357] {logging_mixin.py:104} INFO - [2024-06-23 23:47:33,357] {dag.py:1824} INFO - Sync 1 DAGs
[2024-06-23 23:47:33,365] {logging_mixin.py:104} INFO - [2024-06-23 23:47:33,365] {dag.py:2280} INFO - Setting next_dagrun for tutorial_etl_dag to None
[2024-06-23 23:47:33,372] {scheduler_job.py:190} INFO - Processing /home/airflow/.local/lib/python3.6/site-packages/airflow/example_dags/tutorial_etl_dag.py took 0.037 seconds
[2024-06-23 23:48:04,130] {scheduler_job.py:182} INFO - Started process (PID=5982) to work on /home/airflow/.local/lib/python3.6/site-packages/airflow/example_dags/tutorial_etl_dag.py
[2024-06-23 23:48:04,131] {scheduler_job.py:629} INFO - Processing file /home/airflow/.local/lib/python3.6/site-packages/airflow/example_dags/tutorial_etl_dag.py for tasks to queue
[2024-06-23 23:48:04,131] {logging_mixin.py:104} INFO - [2024-06-23 23:48:04,131] {dagbag.py:451} INFO - Filling up the DagBag from /home/airflow/.local/lib/python3.6/site-packages/airflow/example_dags/tutorial_etl_dag.py
[2024-06-23 23:48:04,138] {scheduler_job.py:639} INFO - DAG(s) dict_keys(['tutorial_etl_dag']) retrieved from /home/airflow/.local/lib/python3.6/site-packages/airflow/example_dags/tutorial_etl_dag.py
[2024-06-23 23:48:04,151] {logging_mixin.py:104} INFO - [2024-06-23 23:48:04,151] {dag.py:1824} INFO - Sync 1 DAGs
[2024-06-23 23:48:04,159] {logging_mixin.py:104} INFO - [2024-06-23 23:48:04,159] {dag.py:2280} INFO - Setting next_dagrun for tutorial_etl_dag to None
[2024-06-23 23:48:04,166] {scheduler_job.py:190} INFO - Processing /home/airflow/.local/lib/python3.6/site-packages/airflow/example_dags/tutorial_etl_dag.py took 0.038 seconds
[2024-06-23 23:48:34,972] {scheduler_job.py:182} INFO - Started process (PID=6008) to work on /home/airflow/.local/lib/python3.6/site-packages/airflow/example_dags/tutorial_etl_dag.py
[2024-06-23 23:48:34,972] {scheduler_job.py:629} INFO - Processing file /home/airflow/.local/lib/python3.6/site-packages/airflow/example_dags/tutorial_etl_dag.py for tasks to queue
[2024-06-23 23:48:34,973] {logging_mixin.py:104} INFO - [2024-06-23 23:48:34,973] {dagbag.py:451} INFO - Filling up the DagBag from /home/airflow/.local/lib/python3.6/site-packages/airflow/example_dags/tutorial_etl_dag.py
[2024-06-23 23:48:34,984] {scheduler_job.py:639} INFO - DAG(s) dict_keys(['tutorial_etl_dag']) retrieved from /home/airflow/.local/lib/python3.6/site-packages/airflow/example_dags/tutorial_etl_dag.py
[2024-06-23 23:48:34,998] {logging_mixin.py:104} INFO - [2024-06-23 23:48:34,998] {dag.py:1824} INFO - Sync 1 DAGs
[2024-06-23 23:48:35,009] {logging_mixin.py:104} INFO - [2024-06-23 23:48:35,009] {dag.py:2280} INFO - Setting next_dagrun for tutorial_etl_dag to None
[2024-06-23 23:48:35,018] {scheduler_job.py:190} INFO - Processing /home/airflow/.local/lib/python3.6/site-packages/airflow/example_dags/tutorial_etl_dag.py took 0.048 seconds
[2024-06-23 23:49:05,712] {scheduler_job.py:182} INFO - Started process (PID=6034) to work on /home/airflow/.local/lib/python3.6/site-packages/airflow/example_dags/tutorial_etl_dag.py
[2024-06-23 23:49:05,713] {scheduler_job.py:629} INFO - Processing file /home/airflow/.local/lib/python3.6/site-packages/airflow/example_dags/tutorial_etl_dag.py for tasks to queue
[2024-06-23 23:49:05,713] {logging_mixin.py:104} INFO - [2024-06-23 23:49:05,713] {dagbag.py:451} INFO - Filling up the DagBag from /home/airflow/.local/lib/python3.6/site-packages/airflow/example_dags/tutorial_etl_dag.py
[2024-06-23 23:49:05,720] {scheduler_job.py:639} INFO - DAG(s) dict_keys(['tutorial_etl_dag']) retrieved from /home/airflow/.local/lib/python3.6/site-packages/airflow/example_dags/tutorial_etl_dag.py
[2024-06-23 23:49:05,732] {logging_mixin.py:104} INFO - [2024-06-23 23:49:05,732] {dag.py:1824} INFO - Sync 1 DAGs
[2024-06-23 23:49:05,741] {logging_mixin.py:104} INFO - [2024-06-23 23:49:05,741] {dag.py:2280} INFO - Setting next_dagrun for tutorial_etl_dag to None
[2024-06-23 23:49:05,748] {scheduler_job.py:190} INFO - Processing /home/airflow/.local/lib/python3.6/site-packages/airflow/example_dags/tutorial_etl_dag.py took 0.038 seconds
[2024-06-23 23:49:36,489] {scheduler_job.py:182} INFO - Started process (PID=6060) to work on /home/airflow/.local/lib/python3.6/site-packages/airflow/example_dags/tutorial_etl_dag.py
[2024-06-23 23:49:36,490] {scheduler_job.py:629} INFO - Processing file /home/airflow/.local/lib/python3.6/site-packages/airflow/example_dags/tutorial_etl_dag.py for tasks to queue
[2024-06-23 23:49:36,491] {logging_mixin.py:104} INFO - [2024-06-23 23:49:36,491] {dagbag.py:451} INFO - Filling up the DagBag from /home/airflow/.local/lib/python3.6/site-packages/airflow/example_dags/tutorial_etl_dag.py
[2024-06-23 23:49:36,497] {scheduler_job.py:639} INFO - DAG(s) dict_keys(['tutorial_etl_dag']) retrieved from /home/airflow/.local/lib/python3.6/site-packages/airflow/example_dags/tutorial_etl_dag.py
[2024-06-23 23:49:36,510] {logging_mixin.py:104} INFO - [2024-06-23 23:49:36,510] {dag.py:1824} INFO - Sync 1 DAGs
[2024-06-23 23:49:36,519] {logging_mixin.py:104} INFO - [2024-06-23 23:49:36,519] {dag.py:2280} INFO - Setting next_dagrun for tutorial_etl_dag to None
[2024-06-23 23:49:36,525] {scheduler_job.py:190} INFO - Processing /home/airflow/.local/lib/python3.6/site-packages/airflow/example_dags/tutorial_etl_dag.py took 0.038 seconds
[2024-06-23 23:50:07,303] {scheduler_job.py:182} INFO - Started process (PID=6086) to work on /home/airflow/.local/lib/python3.6/site-packages/airflow/example_dags/tutorial_etl_dag.py
[2024-06-23 23:50:07,304] {scheduler_job.py:629} INFO - Processing file /home/airflow/.local/lib/python3.6/site-packages/airflow/example_dags/tutorial_etl_dag.py for tasks to queue
[2024-06-23 23:50:07,305] {logging_mixin.py:104} INFO - [2024-06-23 23:50:07,305] {dagbag.py:451} INFO - Filling up the DagBag from /home/airflow/.local/lib/python3.6/site-packages/airflow/example_dags/tutorial_etl_dag.py
[2024-06-23 23:50:07,312] {scheduler_job.py:639} INFO - DAG(s) dict_keys(['tutorial_etl_dag']) retrieved from /home/airflow/.local/lib/python3.6/site-packages/airflow/example_dags/tutorial_etl_dag.py
[2024-06-23 23:50:07,325] {logging_mixin.py:104} INFO - [2024-06-23 23:50:07,325] {dag.py:1824} INFO - Sync 1 DAGs
[2024-06-23 23:50:07,334] {logging_mixin.py:104} INFO - [2024-06-23 23:50:07,334] {dag.py:2280} INFO - Setting next_dagrun for tutorial_etl_dag to None
[2024-06-23 23:50:07,341] {scheduler_job.py:190} INFO - Processing /home/airflow/.local/lib/python3.6/site-packages/airflow/example_dags/tutorial_etl_dag.py took 0.039 seconds
[2024-06-23 23:50:38,106] {scheduler_job.py:182} INFO - Started process (PID=6112) to work on /home/airflow/.local/lib/python3.6/site-packages/airflow/example_dags/tutorial_etl_dag.py
[2024-06-23 23:50:38,107] {scheduler_job.py:629} INFO - Processing file /home/airflow/.local/lib/python3.6/site-packages/airflow/example_dags/tutorial_etl_dag.py for tasks to queue
[2024-06-23 23:50:38,108] {logging_mixin.py:104} INFO - [2024-06-23 23:50:38,108] {dagbag.py:451} INFO - Filling up the DagBag from /home/airflow/.local/lib/python3.6/site-packages/airflow/example_dags/tutorial_etl_dag.py
[2024-06-23 23:50:38,114] {scheduler_job.py:639} INFO - DAG(s) dict_keys(['tutorial_etl_dag']) retrieved from /home/airflow/.local/lib/python3.6/site-packages/airflow/example_dags/tutorial_etl_dag.py
[2024-06-23 23:50:38,126] {logging_mixin.py:104} INFO - [2024-06-23 23:50:38,126] {dag.py:1824} INFO - Sync 1 DAGs
[2024-06-23 23:50:38,135] {logging_mixin.py:104} INFO - [2024-06-23 23:50:38,135] {dag.py:2280} INFO - Setting next_dagrun for tutorial_etl_dag to None
[2024-06-23 23:50:38,143] {scheduler_job.py:190} INFO - Processing /home/airflow/.local/lib/python3.6/site-packages/airflow/example_dags/tutorial_etl_dag.py took 0.038 seconds
[2024-06-23 23:51:08,890] {scheduler_job.py:182} INFO - Started process (PID=6138) to work on /home/airflow/.local/lib/python3.6/site-packages/airflow/example_dags/tutorial_etl_dag.py
[2024-06-23 23:51:08,891] {scheduler_job.py:629} INFO - Processing file /home/airflow/.local/lib/python3.6/site-packages/airflow/example_dags/tutorial_etl_dag.py for tasks to queue
[2024-06-23 23:51:08,892] {logging_mixin.py:104} INFO - [2024-06-23 23:51:08,892] {dagbag.py:451} INFO - Filling up the DagBag from /home/airflow/.local/lib/python3.6/site-packages/airflow/example_dags/tutorial_etl_dag.py
[2024-06-23 23:51:08,898] {scheduler_job.py:639} INFO - DAG(s) dict_keys(['tutorial_etl_dag']) retrieved from /home/airflow/.local/lib/python3.6/site-packages/airflow/example_dags/tutorial_etl_dag.py
[2024-06-23 23:51:08,911] {logging_mixin.py:104} INFO - [2024-06-23 23:51:08,911] {dag.py:1824} INFO - Sync 1 DAGs
[2024-06-23 23:51:08,919] {logging_mixin.py:104} INFO - [2024-06-23 23:51:08,919] {dag.py:2280} INFO - Setting next_dagrun for tutorial_etl_dag to None
[2024-06-23 23:51:08,930] {scheduler_job.py:190} INFO - Processing /home/airflow/.local/lib/python3.6/site-packages/airflow/example_dags/tutorial_etl_dag.py took 0.041 seconds
[2024-06-23 23:51:39,671] {scheduler_job.py:182} INFO - Started process (PID=6164) to work on /home/airflow/.local/lib/python3.6/site-packages/airflow/example_dags/tutorial_etl_dag.py
[2024-06-23 23:51:39,672] {scheduler_job.py:629} INFO - Processing file /home/airflow/.local/lib/python3.6/site-packages/airflow/example_dags/tutorial_etl_dag.py for tasks to queue
[2024-06-23 23:51:39,673] {logging_mixin.py:104} INFO - [2024-06-23 23:51:39,673] {dagbag.py:451} INFO - Filling up the DagBag from /home/airflow/.local/lib/python3.6/site-packages/airflow/example_dags/tutorial_etl_dag.py
[2024-06-23 23:51:39,679] {scheduler_job.py:639} INFO - DAG(s) dict_keys(['tutorial_etl_dag']) retrieved from /home/airflow/.local/lib/python3.6/site-packages/airflow/example_dags/tutorial_etl_dag.py
[2024-06-23 23:51:39,691] {logging_mixin.py:104} INFO - [2024-06-23 23:51:39,691] {dag.py:1824} INFO - Sync 1 DAGs
[2024-06-23 23:51:39,700] {logging_mixin.py:104} INFO - [2024-06-23 23:51:39,700] {dag.py:2280} INFO - Setting next_dagrun for tutorial_etl_dag to None
[2024-06-23 23:51:39,707] {scheduler_job.py:190} INFO - Processing /home/airflow/.local/lib/python3.6/site-packages/airflow/example_dags/tutorial_etl_dag.py took 0.037 seconds
[2024-06-23 23:52:10,479] {scheduler_job.py:182} INFO - Started process (PID=6190) to work on /home/airflow/.local/lib/python3.6/site-packages/airflow/example_dags/tutorial_etl_dag.py
[2024-06-23 23:52:10,479] {scheduler_job.py:629} INFO - Processing file /home/airflow/.local/lib/python3.6/site-packages/airflow/example_dags/tutorial_etl_dag.py for tasks to queue
[2024-06-23 23:52:10,480] {logging_mixin.py:104} INFO - [2024-06-23 23:52:10,480] {dagbag.py:451} INFO - Filling up the DagBag from /home/airflow/.local/lib/python3.6/site-packages/airflow/example_dags/tutorial_etl_dag.py
[2024-06-23 23:52:10,486] {scheduler_job.py:639} INFO - DAG(s) dict_keys(['tutorial_etl_dag']) retrieved from /home/airflow/.local/lib/python3.6/site-packages/airflow/example_dags/tutorial_etl_dag.py
[2024-06-23 23:52:10,499] {logging_mixin.py:104} INFO - [2024-06-23 23:52:10,498] {dag.py:1824} INFO - Sync 1 DAGs
[2024-06-23 23:52:10,507] {logging_mixin.py:104} INFO - [2024-06-23 23:52:10,507] {dag.py:2280} INFO - Setting next_dagrun for tutorial_etl_dag to None
[2024-06-23 23:52:10,517] {scheduler_job.py:190} INFO - Processing /home/airflow/.local/lib/python3.6/site-packages/airflow/example_dags/tutorial_etl_dag.py took 0.040 seconds
[2024-06-23 23:52:41,274] {scheduler_job.py:182} INFO - Started process (PID=6216) to work on /home/airflow/.local/lib/python3.6/site-packages/airflow/example_dags/tutorial_etl_dag.py
[2024-06-23 23:52:41,275] {scheduler_job.py:629} INFO - Processing file /home/airflow/.local/lib/python3.6/site-packages/airflow/example_dags/tutorial_etl_dag.py for tasks to queue
[2024-06-23 23:52:41,275] {logging_mixin.py:104} INFO - [2024-06-23 23:52:41,275] {dagbag.py:451} INFO - Filling up the DagBag from /home/airflow/.local/lib/python3.6/site-packages/airflow/example_dags/tutorial_etl_dag.py
[2024-06-23 23:52:41,282] {scheduler_job.py:639} INFO - DAG(s) dict_keys(['tutorial_etl_dag']) retrieved from /home/airflow/.local/lib/python3.6/site-packages/airflow/example_dags/tutorial_etl_dag.py
[2024-06-23 23:52:41,295] {logging_mixin.py:104} INFO - [2024-06-23 23:52:41,295] {dag.py:1824} INFO - Sync 1 DAGs
[2024-06-23 23:52:41,303] {logging_mixin.py:104} INFO - [2024-06-23 23:52:41,303] {dag.py:2280} INFO - Setting next_dagrun for tutorial_etl_dag to None
[2024-06-23 23:52:41,312] {scheduler_job.py:190} INFO - Processing /home/airflow/.local/lib/python3.6/site-packages/airflow/example_dags/tutorial_etl_dag.py took 0.039 seconds
[2024-06-23 23:53:12,066] {scheduler_job.py:182} INFO - Started process (PID=6242) to work on /home/airflow/.local/lib/python3.6/site-packages/airflow/example_dags/tutorial_etl_dag.py
[2024-06-23 23:53:12,067] {scheduler_job.py:629} INFO - Processing file /home/airflow/.local/lib/python3.6/site-packages/airflow/example_dags/tutorial_etl_dag.py for tasks to queue
[2024-06-23 23:53:12,067] {logging_mixin.py:104} INFO - [2024-06-23 23:53:12,067] {dagbag.py:451} INFO - Filling up the DagBag from /home/airflow/.local/lib/python3.6/site-packages/airflow/example_dags/tutorial_etl_dag.py
[2024-06-23 23:53:12,074] {scheduler_job.py:639} INFO - DAG(s) dict_keys(['tutorial_etl_dag']) retrieved from /home/airflow/.local/lib/python3.6/site-packages/airflow/example_dags/tutorial_etl_dag.py
[2024-06-23 23:53:12,087] {logging_mixin.py:104} INFO - [2024-06-23 23:53:12,087] {dag.py:1824} INFO - Sync 1 DAGs
[2024-06-23 23:53:12,095] {logging_mixin.py:104} INFO - [2024-06-23 23:53:12,095] {dag.py:2280} INFO - Setting next_dagrun for tutorial_etl_dag to None
[2024-06-23 23:53:12,103] {scheduler_job.py:190} INFO - Processing /home/airflow/.local/lib/python3.6/site-packages/airflow/example_dags/tutorial_etl_dag.py took 0.039 seconds
[2024-06-23 23:53:42,870] {scheduler_job.py:182} INFO - Started process (PID=6268) to work on /home/airflow/.local/lib/python3.6/site-packages/airflow/example_dags/tutorial_etl_dag.py
[2024-06-23 23:53:42,871] {scheduler_job.py:629} INFO - Processing file /home/airflow/.local/lib/python3.6/site-packages/airflow/example_dags/tutorial_etl_dag.py for tasks to queue
[2024-06-23 23:53:42,871] {logging_mixin.py:104} INFO - [2024-06-23 23:53:42,871] {dagbag.py:451} INFO - Filling up the DagBag from /home/airflow/.local/lib/python3.6/site-packages/airflow/example_dags/tutorial_etl_dag.py
[2024-06-23 23:53:42,878] {scheduler_job.py:639} INFO - DAG(s) dict_keys(['tutorial_etl_dag']) retrieved from /home/airflow/.local/lib/python3.6/site-packages/airflow/example_dags/tutorial_etl_dag.py
[2024-06-23 23:53:42,890] {logging_mixin.py:104} INFO - [2024-06-23 23:53:42,890] {dag.py:1824} INFO - Sync 1 DAGs
[2024-06-23 23:53:42,899] {logging_mixin.py:104} INFO - [2024-06-23 23:53:42,899] {dag.py:2280} INFO - Setting next_dagrun for tutorial_etl_dag to None
[2024-06-23 23:53:42,906] {scheduler_job.py:190} INFO - Processing /home/airflow/.local/lib/python3.6/site-packages/airflow/example_dags/tutorial_etl_dag.py took 0.038 seconds
[2024-06-23 23:54:13,651] {scheduler_job.py:182} INFO - Started process (PID=6294) to work on /home/airflow/.local/lib/python3.6/site-packages/airflow/example_dags/tutorial_etl_dag.py
[2024-06-23 23:54:13,652] {scheduler_job.py:629} INFO - Processing file /home/airflow/.local/lib/python3.6/site-packages/airflow/example_dags/tutorial_etl_dag.py for tasks to queue
[2024-06-23 23:54:13,652] {logging_mixin.py:104} INFO - [2024-06-23 23:54:13,652] {dagbag.py:451} INFO - Filling up the DagBag from /home/airflow/.local/lib/python3.6/site-packages/airflow/example_dags/tutorial_etl_dag.py
[2024-06-23 23:54:13,659] {scheduler_job.py:639} INFO - DAG(s) dict_keys(['tutorial_etl_dag']) retrieved from /home/airflow/.local/lib/python3.6/site-packages/airflow/example_dags/tutorial_etl_dag.py
[2024-06-23 23:54:13,672] {logging_mixin.py:104} INFO - [2024-06-23 23:54:13,672] {dag.py:1824} INFO - Sync 1 DAGs
[2024-06-23 23:54:13,681] {logging_mixin.py:104} INFO - [2024-06-23 23:54:13,681] {dag.py:2280} INFO - Setting next_dagrun for tutorial_etl_dag to None
[2024-06-23 23:54:13,689] {scheduler_job.py:190} INFO - Processing /home/airflow/.local/lib/python3.6/site-packages/airflow/example_dags/tutorial_etl_dag.py took 0.040 seconds
[2024-06-23 23:54:44,475] {scheduler_job.py:182} INFO - Started process (PID=6320) to work on /home/airflow/.local/lib/python3.6/site-packages/airflow/example_dags/tutorial_etl_dag.py
[2024-06-23 23:54:44,475] {scheduler_job.py:629} INFO - Processing file /home/airflow/.local/lib/python3.6/site-packages/airflow/example_dags/tutorial_etl_dag.py for tasks to queue
[2024-06-23 23:54:44,476] {logging_mixin.py:104} INFO - [2024-06-23 23:54:44,476] {dagbag.py:451} INFO - Filling up the DagBag from /home/airflow/.local/lib/python3.6/site-packages/airflow/example_dags/tutorial_etl_dag.py
[2024-06-23 23:54:44,483] {scheduler_job.py:639} INFO - DAG(s) dict_keys(['tutorial_etl_dag']) retrieved from /home/airflow/.local/lib/python3.6/site-packages/airflow/example_dags/tutorial_etl_dag.py
[2024-06-23 23:54:44,495] {logging_mixin.py:104} INFO - [2024-06-23 23:54:44,495] {dag.py:1824} INFO - Sync 1 DAGs
[2024-06-23 23:54:44,504] {logging_mixin.py:104} INFO - [2024-06-23 23:54:44,504] {dag.py:2280} INFO - Setting next_dagrun for tutorial_etl_dag to None
[2024-06-23 23:54:44,511] {scheduler_job.py:190} INFO - Processing /home/airflow/.local/lib/python3.6/site-packages/airflow/example_dags/tutorial_etl_dag.py took 0.038 seconds
[2024-06-23 23:55:15,304] {scheduler_job.py:182} INFO - Started process (PID=6346) to work on /home/airflow/.local/lib/python3.6/site-packages/airflow/example_dags/tutorial_etl_dag.py
[2024-06-23 23:55:15,305] {scheduler_job.py:629} INFO - Processing file /home/airflow/.local/lib/python3.6/site-packages/airflow/example_dags/tutorial_etl_dag.py for tasks to queue
[2024-06-23 23:55:15,305] {logging_mixin.py:104} INFO - [2024-06-23 23:55:15,305] {dagbag.py:451} INFO - Filling up the DagBag from /home/airflow/.local/lib/python3.6/site-packages/airflow/example_dags/tutorial_etl_dag.py
[2024-06-23 23:55:15,312] {scheduler_job.py:639} INFO - DAG(s) dict_keys(['tutorial_etl_dag']) retrieved from /home/airflow/.local/lib/python3.6/site-packages/airflow/example_dags/tutorial_etl_dag.py
[2024-06-23 23:55:15,324] {logging_mixin.py:104} INFO - [2024-06-23 23:55:15,324] {dag.py:1824} INFO - Sync 1 DAGs
[2024-06-23 23:55:15,338] {logging_mixin.py:104} INFO - [2024-06-23 23:55:15,338] {dag.py:2280} INFO - Setting next_dagrun for tutorial_etl_dag to None
[2024-06-23 23:55:15,345] {scheduler_job.py:190} INFO - Processing /home/airflow/.local/lib/python3.6/site-packages/airflow/example_dags/tutorial_etl_dag.py took 0.043 seconds
[2024-06-23 23:55:46,133] {scheduler_job.py:182} INFO - Started process (PID=6372) to work on /home/airflow/.local/lib/python3.6/site-packages/airflow/example_dags/tutorial_etl_dag.py
[2024-06-23 23:55:46,134] {scheduler_job.py:629} INFO - Processing file /home/airflow/.local/lib/python3.6/site-packages/airflow/example_dags/tutorial_etl_dag.py for tasks to queue
[2024-06-23 23:55:46,134] {logging_mixin.py:104} INFO - [2024-06-23 23:55:46,134] {dagbag.py:451} INFO - Filling up the DagBag from /home/airflow/.local/lib/python3.6/site-packages/airflow/example_dags/tutorial_etl_dag.py
[2024-06-23 23:55:46,141] {scheduler_job.py:639} INFO - DAG(s) dict_keys(['tutorial_etl_dag']) retrieved from /home/airflow/.local/lib/python3.6/site-packages/airflow/example_dags/tutorial_etl_dag.py
[2024-06-23 23:55:46,156] {logging_mixin.py:104} INFO - [2024-06-23 23:55:46,156] {dag.py:1824} INFO - Sync 1 DAGs
[2024-06-23 23:55:46,164] {logging_mixin.py:104} INFO - [2024-06-23 23:55:46,164] {dag.py:2280} INFO - Setting next_dagrun for tutorial_etl_dag to None
[2024-06-23 23:55:46,171] {scheduler_job.py:190} INFO - Processing /home/airflow/.local/lib/python3.6/site-packages/airflow/example_dags/tutorial_etl_dag.py took 0.040 seconds
[2024-06-23 23:56:16,950] {scheduler_job.py:182} INFO - Started process (PID=6398) to work on /home/airflow/.local/lib/python3.6/site-packages/airflow/example_dags/tutorial_etl_dag.py
[2024-06-23 23:56:16,951] {scheduler_job.py:629} INFO - Processing file /home/airflow/.local/lib/python3.6/site-packages/airflow/example_dags/tutorial_etl_dag.py for tasks to queue
[2024-06-23 23:56:16,951] {logging_mixin.py:104} INFO - [2024-06-23 23:56:16,951] {dagbag.py:451} INFO - Filling up the DagBag from /home/airflow/.local/lib/python3.6/site-packages/airflow/example_dags/tutorial_etl_dag.py
[2024-06-23 23:56:16,958] {scheduler_job.py:639} INFO - DAG(s) dict_keys(['tutorial_etl_dag']) retrieved from /home/airflow/.local/lib/python3.6/site-packages/airflow/example_dags/tutorial_etl_dag.py
[2024-06-23 23:56:16,972] {logging_mixin.py:104} INFO - [2024-06-23 23:56:16,972] {dag.py:1824} INFO - Sync 1 DAGs
[2024-06-23 23:56:16,981] {logging_mixin.py:104} INFO - [2024-06-23 23:56:16,981] {dag.py:2280} INFO - Setting next_dagrun for tutorial_etl_dag to None
[2024-06-23 23:56:16,992] {scheduler_job.py:190} INFO - Processing /home/airflow/.local/lib/python3.6/site-packages/airflow/example_dags/tutorial_etl_dag.py took 0.043 seconds
[2024-06-23 23:56:47,747] {scheduler_job.py:182} INFO - Started process (PID=6424) to work on /home/airflow/.local/lib/python3.6/site-packages/airflow/example_dags/tutorial_etl_dag.py
[2024-06-23 23:56:47,748] {scheduler_job.py:629} INFO - Processing file /home/airflow/.local/lib/python3.6/site-packages/airflow/example_dags/tutorial_etl_dag.py for tasks to queue
[2024-06-23 23:56:47,748] {logging_mixin.py:104} INFO - [2024-06-23 23:56:47,748] {dagbag.py:451} INFO - Filling up the DagBag from /home/airflow/.local/lib/python3.6/site-packages/airflow/example_dags/tutorial_etl_dag.py
[2024-06-23 23:56:47,755] {scheduler_job.py:639} INFO - DAG(s) dict_keys(['tutorial_etl_dag']) retrieved from /home/airflow/.local/lib/python3.6/site-packages/airflow/example_dags/tutorial_etl_dag.py
[2024-06-23 23:56:47,767] {logging_mixin.py:104} INFO - [2024-06-23 23:56:47,767] {dag.py:1824} INFO - Sync 1 DAGs
[2024-06-23 23:56:47,775] {logging_mixin.py:104} INFO - [2024-06-23 23:56:47,775] {dag.py:2280} INFO - Setting next_dagrun for tutorial_etl_dag to None
[2024-06-23 23:56:47,782] {scheduler_job.py:190} INFO - Processing /home/airflow/.local/lib/python3.6/site-packages/airflow/example_dags/tutorial_etl_dag.py took 0.037 seconds
[2024-06-23 23:57:18,557] {scheduler_job.py:182} INFO - Started process (PID=6450) to work on /home/airflow/.local/lib/python3.6/site-packages/airflow/example_dags/tutorial_etl_dag.py
[2024-06-23 23:57:18,558] {scheduler_job.py:629} INFO - Processing file /home/airflow/.local/lib/python3.6/site-packages/airflow/example_dags/tutorial_etl_dag.py for tasks to queue
[2024-06-23 23:57:18,559] {logging_mixin.py:104} INFO - [2024-06-23 23:57:18,559] {dagbag.py:451} INFO - Filling up the DagBag from /home/airflow/.local/lib/python3.6/site-packages/airflow/example_dags/tutorial_etl_dag.py
[2024-06-23 23:57:18,566] {scheduler_job.py:639} INFO - DAG(s) dict_keys(['tutorial_etl_dag']) retrieved from /home/airflow/.local/lib/python3.6/site-packages/airflow/example_dags/tutorial_etl_dag.py
[2024-06-23 23:57:18,578] {logging_mixin.py:104} INFO - [2024-06-23 23:57:18,578] {dag.py:1824} INFO - Sync 1 DAGs
[2024-06-23 23:57:18,586] {logging_mixin.py:104} INFO - [2024-06-23 23:57:18,586] {dag.py:2280} INFO - Setting next_dagrun for tutorial_etl_dag to None
[2024-06-23 23:57:18,593] {scheduler_job.py:190} INFO - Processing /home/airflow/.local/lib/python3.6/site-packages/airflow/example_dags/tutorial_etl_dag.py took 0.037 seconds
[2024-06-23 23:57:49,354] {scheduler_job.py:182} INFO - Started process (PID=6476) to work on /home/airflow/.local/lib/python3.6/site-packages/airflow/example_dags/tutorial_etl_dag.py
[2024-06-23 23:57:49,355] {scheduler_job.py:629} INFO - Processing file /home/airflow/.local/lib/python3.6/site-packages/airflow/example_dags/tutorial_etl_dag.py for tasks to queue
[2024-06-23 23:57:49,356] {logging_mixin.py:104} INFO - [2024-06-23 23:57:49,356] {dagbag.py:451} INFO - Filling up the DagBag from /home/airflow/.local/lib/python3.6/site-packages/airflow/example_dags/tutorial_etl_dag.py
[2024-06-23 23:57:49,363] {scheduler_job.py:639} INFO - DAG(s) dict_keys(['tutorial_etl_dag']) retrieved from /home/airflow/.local/lib/python3.6/site-packages/airflow/example_dags/tutorial_etl_dag.py
[2024-06-23 23:57:49,375] {logging_mixin.py:104} INFO - [2024-06-23 23:57:49,375] {dag.py:1824} INFO - Sync 1 DAGs
[2024-06-23 23:57:49,383] {logging_mixin.py:104} INFO - [2024-06-23 23:57:49,383] {dag.py:2280} INFO - Setting next_dagrun for tutorial_etl_dag to None
[2024-06-23 23:57:49,390] {scheduler_job.py:190} INFO - Processing /home/airflow/.local/lib/python3.6/site-packages/airflow/example_dags/tutorial_etl_dag.py took 0.037 seconds
[2024-06-23 23:58:20,245] {scheduler_job.py:182} INFO - Started process (PID=6502) to work on /home/airflow/.local/lib/python3.6/site-packages/airflow/example_dags/tutorial_etl_dag.py
[2024-06-23 23:58:20,248] {scheduler_job.py:629} INFO - Processing file /home/airflow/.local/lib/python3.6/site-packages/airflow/example_dags/tutorial_etl_dag.py for tasks to queue
[2024-06-23 23:58:20,249] {logging_mixin.py:104} INFO - [2024-06-23 23:58:20,249] {dagbag.py:451} INFO - Filling up the DagBag from /home/airflow/.local/lib/python3.6/site-packages/airflow/example_dags/tutorial_etl_dag.py
[2024-06-23 23:58:20,256] {scheduler_job.py:639} INFO - DAG(s) dict_keys(['tutorial_etl_dag']) retrieved from /home/airflow/.local/lib/python3.6/site-packages/airflow/example_dags/tutorial_etl_dag.py
[2024-06-23 23:58:20,269] {logging_mixin.py:104} INFO - [2024-06-23 23:58:20,269] {dag.py:1824} INFO - Sync 1 DAGs
[2024-06-23 23:58:20,278] {logging_mixin.py:104} INFO - [2024-06-23 23:58:20,278] {dag.py:2280} INFO - Setting next_dagrun for tutorial_etl_dag to None
[2024-06-23 23:58:20,285] {scheduler_job.py:190} INFO - Processing /home/airflow/.local/lib/python3.6/site-packages/airflow/example_dags/tutorial_etl_dag.py took 0.041 seconds
[2024-06-23 23:58:51,170] {scheduler_job.py:182} INFO - Started process (PID=6528) to work on /home/airflow/.local/lib/python3.6/site-packages/airflow/example_dags/tutorial_etl_dag.py
[2024-06-23 23:58:51,171] {scheduler_job.py:629} INFO - Processing file /home/airflow/.local/lib/python3.6/site-packages/airflow/example_dags/tutorial_etl_dag.py for tasks to queue
[2024-06-23 23:58:51,171] {logging_mixin.py:104} INFO - [2024-06-23 23:58:51,171] {dagbag.py:451} INFO - Filling up the DagBag from /home/airflow/.local/lib/python3.6/site-packages/airflow/example_dags/tutorial_etl_dag.py
[2024-06-23 23:58:51,178] {scheduler_job.py:639} INFO - DAG(s) dict_keys(['tutorial_etl_dag']) retrieved from /home/airflow/.local/lib/python3.6/site-packages/airflow/example_dags/tutorial_etl_dag.py
[2024-06-23 23:58:51,190] {logging_mixin.py:104} INFO - [2024-06-23 23:58:51,190] {dag.py:1824} INFO - Sync 1 DAGs
[2024-06-23 23:58:51,199] {logging_mixin.py:104} INFO - [2024-06-23 23:58:51,199] {dag.py:2280} INFO - Setting next_dagrun for tutorial_etl_dag to None
[2024-06-23 23:58:51,206] {scheduler_job.py:190} INFO - Processing /home/airflow/.local/lib/python3.6/site-packages/airflow/example_dags/tutorial_etl_dag.py took 0.038 seconds
[2024-06-23 23:59:22,014] {scheduler_job.py:182} INFO - Started process (PID=6554) to work on /home/airflow/.local/lib/python3.6/site-packages/airflow/example_dags/tutorial_etl_dag.py
[2024-06-23 23:59:22,014] {scheduler_job.py:629} INFO - Processing file /home/airflow/.local/lib/python3.6/site-packages/airflow/example_dags/tutorial_etl_dag.py for tasks to queue
[2024-06-23 23:59:22,015] {logging_mixin.py:104} INFO - [2024-06-23 23:59:22,015] {dagbag.py:451} INFO - Filling up the DagBag from /home/airflow/.local/lib/python3.6/site-packages/airflow/example_dags/tutorial_etl_dag.py
[2024-06-23 23:59:22,022] {scheduler_job.py:639} INFO - DAG(s) dict_keys(['tutorial_etl_dag']) retrieved from /home/airflow/.local/lib/python3.6/site-packages/airflow/example_dags/tutorial_etl_dag.py
[2024-06-23 23:59:22,034] {logging_mixin.py:104} INFO - [2024-06-23 23:59:22,034] {dag.py:1824} INFO - Sync 1 DAGs
[2024-06-23 23:59:22,042] {logging_mixin.py:104} INFO - [2024-06-23 23:59:22,042] {dag.py:2280} INFO - Setting next_dagrun for tutorial_etl_dag to None
[2024-06-23 23:59:22,049] {scheduler_job.py:190} INFO - Processing /home/airflow/.local/lib/python3.6/site-packages/airflow/example_dags/tutorial_etl_dag.py took 0.037 seconds
[2024-06-23 23:59:52,804] {scheduler_job.py:182} INFO - Started process (PID=6580) to work on /home/airflow/.local/lib/python3.6/site-packages/airflow/example_dags/tutorial_etl_dag.py
[2024-06-23 23:59:52,805] {scheduler_job.py:629} INFO - Processing file /home/airflow/.local/lib/python3.6/site-packages/airflow/example_dags/tutorial_etl_dag.py for tasks to queue
[2024-06-23 23:59:52,805] {logging_mixin.py:104} INFO - [2024-06-23 23:59:52,805] {dagbag.py:451} INFO - Filling up the DagBag from /home/airflow/.local/lib/python3.6/site-packages/airflow/example_dags/tutorial_etl_dag.py
[2024-06-23 23:59:52,812] {scheduler_job.py:639} INFO - DAG(s) dict_keys(['tutorial_etl_dag']) retrieved from /home/airflow/.local/lib/python3.6/site-packages/airflow/example_dags/tutorial_etl_dag.py
[2024-06-23 23:59:52,824] {logging_mixin.py:104} INFO - [2024-06-23 23:59:52,824] {dag.py:1824} INFO - Sync 1 DAGs
[2024-06-23 23:59:52,833] {logging_mixin.py:104} INFO - [2024-06-23 23:59:52,833] {dag.py:2280} INFO - Setting next_dagrun for tutorial_etl_dag to None
[2024-06-23 23:59:52,841] {scheduler_job.py:190} INFO - Processing /home/airflow/.local/lib/python3.6/site-packages/airflow/example_dags/tutorial_etl_dag.py took 0.038 seconds
