[2024-06-23 23:41:54,976] {scheduler_job.py:182} INFO - Started process (PID=5674) to work on /home/airflow/.local/lib/python3.6/site-packages/airflow/example_dags/tutorial_taskflow_api_etl.py
[2024-06-23 23:41:54,978] {scheduler_job.py:629} INFO - Processing file /home/airflow/.local/lib/python3.6/site-packages/airflow/example_dags/tutorial_taskflow_api_etl.py for tasks to queue
[2024-06-23 23:41:54,980] {logging_mixin.py:104} INFO - [2024-06-23 23:41:54,980] {dagbag.py:451} INFO - Filling up the DagBag from /home/airflow/.local/lib/python3.6/site-packages/airflow/example_dags/tutorial_taskflow_api_etl.py
[2024-06-23 23:41:55,008] {scheduler_job.py:639} INFO - DAG(s) dict_keys(['tutorial_taskflow_api_etl']) retrieved from /home/airflow/.local/lib/python3.6/site-packages/airflow/example_dags/tutorial_taskflow_api_etl.py
[2024-06-23 23:41:55,035] {logging_mixin.py:104} INFO - [2024-06-23 23:41:55,035] {dag.py:1824} INFO - Sync 1 DAGs
[2024-06-23 23:41:55,070] {logging_mixin.py:104} INFO - [2024-06-23 23:41:55,069] {dag.py:2280} INFO - Setting next_dagrun for tutorial_taskflow_api_etl to None
[2024-06-23 23:41:55,087] {scheduler_job.py:190} INFO - Processing /home/airflow/.local/lib/python3.6/site-packages/airflow/example_dags/tutorial_taskflow_api_etl.py took 0.114 seconds
[2024-06-23 23:42:25,218] {scheduler_job.py:182} INFO - Started process (PID=5699) to work on /home/airflow/.local/lib/python3.6/site-packages/airflow/example_dags/tutorial_taskflow_api_etl.py
[2024-06-23 23:42:25,220] {scheduler_job.py:629} INFO - Processing file /home/airflow/.local/lib/python3.6/site-packages/airflow/example_dags/tutorial_taskflow_api_etl.py for tasks to queue
[2024-06-23 23:42:25,220] {logging_mixin.py:104} INFO - [2024-06-23 23:42:25,220] {dagbag.py:451} INFO - Filling up the DagBag from /home/airflow/.local/lib/python3.6/site-packages/airflow/example_dags/tutorial_taskflow_api_etl.py
[2024-06-23 23:42:25,227] {scheduler_job.py:639} INFO - DAG(s) dict_keys(['tutorial_taskflow_api_etl']) retrieved from /home/airflow/.local/lib/python3.6/site-packages/airflow/example_dags/tutorial_taskflow_api_etl.py
[2024-06-23 23:42:25,242] {logging_mixin.py:104} INFO - [2024-06-23 23:42:25,242] {dag.py:1824} INFO - Sync 1 DAGs
[2024-06-23 23:42:25,251] {logging_mixin.py:104} INFO - [2024-06-23 23:42:25,251] {dag.py:2280} INFO - Setting next_dagrun for tutorial_taskflow_api_etl to None
[2024-06-23 23:42:25,261] {scheduler_job.py:190} INFO - Processing /home/airflow/.local/lib/python3.6/site-packages/airflow/example_dags/tutorial_taskflow_api_etl.py took 0.044 seconds
[2024-06-23 23:42:56,076] {scheduler_job.py:182} INFO - Started process (PID=5724) to work on /home/airflow/.local/lib/python3.6/site-packages/airflow/example_dags/tutorial_taskflow_api_etl.py
[2024-06-23 23:42:56,079] {scheduler_job.py:629} INFO - Processing file /home/airflow/.local/lib/python3.6/site-packages/airflow/example_dags/tutorial_taskflow_api_etl.py for tasks to queue
[2024-06-23 23:42:56,080] {logging_mixin.py:104} INFO - [2024-06-23 23:42:56,080] {dagbag.py:451} INFO - Filling up the DagBag from /home/airflow/.local/lib/python3.6/site-packages/airflow/example_dags/tutorial_taskflow_api_etl.py
[2024-06-23 23:42:56,101] {scheduler_job.py:639} INFO - DAG(s) dict_keys(['tutorial_taskflow_api_etl']) retrieved from /home/airflow/.local/lib/python3.6/site-packages/airflow/example_dags/tutorial_taskflow_api_etl.py
[2024-06-23 23:42:56,146] {logging_mixin.py:104} INFO - [2024-06-23 23:42:56,146] {dag.py:1824} INFO - Sync 1 DAGs
[2024-06-23 23:42:56,175] {logging_mixin.py:104} INFO - [2024-06-23 23:42:56,175] {dag.py:2280} INFO - Setting next_dagrun for tutorial_taskflow_api_etl to None
[2024-06-23 23:42:56,197] {scheduler_job.py:190} INFO - Processing /home/airflow/.local/lib/python3.6/site-packages/airflow/example_dags/tutorial_taskflow_api_etl.py took 0.127 seconds
[2024-06-23 23:43:27,077] {scheduler_job.py:182} INFO - Started process (PID=5750) to work on /home/airflow/.local/lib/python3.6/site-packages/airflow/example_dags/tutorial_taskflow_api_etl.py
[2024-06-23 23:43:27,078] {scheduler_job.py:629} INFO - Processing file /home/airflow/.local/lib/python3.6/site-packages/airflow/example_dags/tutorial_taskflow_api_etl.py for tasks to queue
[2024-06-23 23:43:27,079] {logging_mixin.py:104} INFO - [2024-06-23 23:43:27,078] {dagbag.py:451} INFO - Filling up the DagBag from /home/airflow/.local/lib/python3.6/site-packages/airflow/example_dags/tutorial_taskflow_api_etl.py
[2024-06-23 23:43:27,085] {scheduler_job.py:639} INFO - DAG(s) dict_keys(['tutorial_taskflow_api_etl']) retrieved from /home/airflow/.local/lib/python3.6/site-packages/airflow/example_dags/tutorial_taskflow_api_etl.py
[2024-06-23 23:43:27,099] {logging_mixin.py:104} INFO - [2024-06-23 23:43:27,099] {dag.py:1824} INFO - Sync 1 DAGs
[2024-06-23 23:43:27,107] {logging_mixin.py:104} INFO - [2024-06-23 23:43:27,107] {dag.py:2280} INFO - Setting next_dagrun for tutorial_taskflow_api_etl to None
[2024-06-23 23:43:27,115] {scheduler_job.py:190} INFO - Processing /home/airflow/.local/lib/python3.6/site-packages/airflow/example_dags/tutorial_taskflow_api_etl.py took 0.039 seconds
[2024-06-23 23:43:57,864] {scheduler_job.py:182} INFO - Started process (PID=5776) to work on /home/airflow/.local/lib/python3.6/site-packages/airflow/example_dags/tutorial_taskflow_api_etl.py
[2024-06-23 23:43:57,865] {scheduler_job.py:629} INFO - Processing file /home/airflow/.local/lib/python3.6/site-packages/airflow/example_dags/tutorial_taskflow_api_etl.py for tasks to queue
[2024-06-23 23:43:57,866] {logging_mixin.py:104} INFO - [2024-06-23 23:43:57,865] {dagbag.py:451} INFO - Filling up the DagBag from /home/airflow/.local/lib/python3.6/site-packages/airflow/example_dags/tutorial_taskflow_api_etl.py
[2024-06-23 23:43:57,873] {scheduler_job.py:639} INFO - DAG(s) dict_keys(['tutorial_taskflow_api_etl']) retrieved from /home/airflow/.local/lib/python3.6/site-packages/airflow/example_dags/tutorial_taskflow_api_etl.py
[2024-06-23 23:43:57,886] {logging_mixin.py:104} INFO - [2024-06-23 23:43:57,886] {dag.py:1824} INFO - Sync 1 DAGs
[2024-06-23 23:43:57,893] {logging_mixin.py:104} INFO - [2024-06-23 23:43:57,893] {dag.py:2280} INFO - Setting next_dagrun for tutorial_taskflow_api_etl to None
[2024-06-23 23:43:57,902] {scheduler_job.py:190} INFO - Processing /home/airflow/.local/lib/python3.6/site-packages/airflow/example_dags/tutorial_taskflow_api_etl.py took 0.039 seconds
[2024-06-23 23:44:28,649] {scheduler_job.py:182} INFO - Started process (PID=5802) to work on /home/airflow/.local/lib/python3.6/site-packages/airflow/example_dags/tutorial_taskflow_api_etl.py
[2024-06-23 23:44:28,650] {scheduler_job.py:629} INFO - Processing file /home/airflow/.local/lib/python3.6/site-packages/airflow/example_dags/tutorial_taskflow_api_etl.py for tasks to queue
[2024-06-23 23:44:28,650] {logging_mixin.py:104} INFO - [2024-06-23 23:44:28,650] {dagbag.py:451} INFO - Filling up the DagBag from /home/airflow/.local/lib/python3.6/site-packages/airflow/example_dags/tutorial_taskflow_api_etl.py
[2024-06-23 23:44:28,657] {scheduler_job.py:639} INFO - DAG(s) dict_keys(['tutorial_taskflow_api_etl']) retrieved from /home/airflow/.local/lib/python3.6/site-packages/airflow/example_dags/tutorial_taskflow_api_etl.py
[2024-06-23 23:44:28,670] {logging_mixin.py:104} INFO - [2024-06-23 23:44:28,670] {dag.py:1824} INFO - Sync 1 DAGs
[2024-06-23 23:44:28,678] {logging_mixin.py:104} INFO - [2024-06-23 23:44:28,678] {dag.py:2280} INFO - Setting next_dagrun for tutorial_taskflow_api_etl to None
[2024-06-23 23:44:28,686] {scheduler_job.py:190} INFO - Processing /home/airflow/.local/lib/python3.6/site-packages/airflow/example_dags/tutorial_taskflow_api_etl.py took 0.039 seconds
[2024-06-23 23:44:59,429] {scheduler_job.py:182} INFO - Started process (PID=5828) to work on /home/airflow/.local/lib/python3.6/site-packages/airflow/example_dags/tutorial_taskflow_api_etl.py
[2024-06-23 23:44:59,429] {scheduler_job.py:629} INFO - Processing file /home/airflow/.local/lib/python3.6/site-packages/airflow/example_dags/tutorial_taskflow_api_etl.py for tasks to queue
[2024-06-23 23:44:59,430] {logging_mixin.py:104} INFO - [2024-06-23 23:44:59,430] {dagbag.py:451} INFO - Filling up the DagBag from /home/airflow/.local/lib/python3.6/site-packages/airflow/example_dags/tutorial_taskflow_api_etl.py
[2024-06-23 23:44:59,437] {scheduler_job.py:639} INFO - DAG(s) dict_keys(['tutorial_taskflow_api_etl']) retrieved from /home/airflow/.local/lib/python3.6/site-packages/airflow/example_dags/tutorial_taskflow_api_etl.py
[2024-06-23 23:44:59,450] {logging_mixin.py:104} INFO - [2024-06-23 23:44:59,450] {dag.py:1824} INFO - Sync 1 DAGs
[2024-06-23 23:44:59,457] {logging_mixin.py:104} INFO - [2024-06-23 23:44:59,457] {dag.py:2280} INFO - Setting next_dagrun for tutorial_taskflow_api_etl to None
[2024-06-23 23:44:59,466] {scheduler_job.py:190} INFO - Processing /home/airflow/.local/lib/python3.6/site-packages/airflow/example_dags/tutorial_taskflow_api_etl.py took 0.039 seconds
[2024-06-23 23:45:30,221] {scheduler_job.py:182} INFO - Started process (PID=5854) to work on /home/airflow/.local/lib/python3.6/site-packages/airflow/example_dags/tutorial_taskflow_api_etl.py
[2024-06-23 23:45:30,222] {scheduler_job.py:629} INFO - Processing file /home/airflow/.local/lib/python3.6/site-packages/airflow/example_dags/tutorial_taskflow_api_etl.py for tasks to queue
[2024-06-23 23:45:30,222] {logging_mixin.py:104} INFO - [2024-06-23 23:45:30,222] {dagbag.py:451} INFO - Filling up the DagBag from /home/airflow/.local/lib/python3.6/site-packages/airflow/example_dags/tutorial_taskflow_api_etl.py
[2024-06-23 23:45:30,229] {scheduler_job.py:639} INFO - DAG(s) dict_keys(['tutorial_taskflow_api_etl']) retrieved from /home/airflow/.local/lib/python3.6/site-packages/airflow/example_dags/tutorial_taskflow_api_etl.py
[2024-06-23 23:45:30,242] {logging_mixin.py:104} INFO - [2024-06-23 23:45:30,242] {dag.py:1824} INFO - Sync 1 DAGs
[2024-06-23 23:45:30,250] {logging_mixin.py:104} INFO - [2024-06-23 23:45:30,250] {dag.py:2280} INFO - Setting next_dagrun for tutorial_taskflow_api_etl to None
[2024-06-23 23:45:30,258] {scheduler_job.py:190} INFO - Processing /home/airflow/.local/lib/python3.6/site-packages/airflow/example_dags/tutorial_taskflow_api_etl.py took 0.039 seconds
[2024-06-23 23:46:01,032] {scheduler_job.py:182} INFO - Started process (PID=5880) to work on /home/airflow/.local/lib/python3.6/site-packages/airflow/example_dags/tutorial_taskflow_api_etl.py
[2024-06-23 23:46:01,032] {scheduler_job.py:629} INFO - Processing file /home/airflow/.local/lib/python3.6/site-packages/airflow/example_dags/tutorial_taskflow_api_etl.py for tasks to queue
[2024-06-23 23:46:01,033] {logging_mixin.py:104} INFO - [2024-06-23 23:46:01,033] {dagbag.py:451} INFO - Filling up the DagBag from /home/airflow/.local/lib/python3.6/site-packages/airflow/example_dags/tutorial_taskflow_api_etl.py
[2024-06-23 23:46:01,041] {scheduler_job.py:639} INFO - DAG(s) dict_keys(['tutorial_taskflow_api_etl']) retrieved from /home/airflow/.local/lib/python3.6/site-packages/airflow/example_dags/tutorial_taskflow_api_etl.py
[2024-06-23 23:46:01,054] {logging_mixin.py:104} INFO - [2024-06-23 23:46:01,054] {dag.py:1824} INFO - Sync 1 DAGs
[2024-06-23 23:46:01,061] {logging_mixin.py:104} INFO - [2024-06-23 23:46:01,061] {dag.py:2280} INFO - Setting next_dagrun for tutorial_taskflow_api_etl to None
[2024-06-23 23:46:01,069] {scheduler_job.py:190} INFO - Processing /home/airflow/.local/lib/python3.6/site-packages/airflow/example_dags/tutorial_taskflow_api_etl.py took 0.039 seconds
[2024-06-23 23:46:31,830] {scheduler_job.py:182} INFO - Started process (PID=5906) to work on /home/airflow/.local/lib/python3.6/site-packages/airflow/example_dags/tutorial_taskflow_api_etl.py
[2024-06-23 23:46:31,831] {scheduler_job.py:629} INFO - Processing file /home/airflow/.local/lib/python3.6/site-packages/airflow/example_dags/tutorial_taskflow_api_etl.py for tasks to queue
[2024-06-23 23:46:31,832] {logging_mixin.py:104} INFO - [2024-06-23 23:46:31,832] {dagbag.py:451} INFO - Filling up the DagBag from /home/airflow/.local/lib/python3.6/site-packages/airflow/example_dags/tutorial_taskflow_api_etl.py
[2024-06-23 23:46:31,839] {scheduler_job.py:639} INFO - DAG(s) dict_keys(['tutorial_taskflow_api_etl']) retrieved from /home/airflow/.local/lib/python3.6/site-packages/airflow/example_dags/tutorial_taskflow_api_etl.py
[2024-06-23 23:46:31,852] {logging_mixin.py:104} INFO - [2024-06-23 23:46:31,852] {dag.py:1824} INFO - Sync 1 DAGs
[2024-06-23 23:46:31,859] {logging_mixin.py:104} INFO - [2024-06-23 23:46:31,859] {dag.py:2280} INFO - Setting next_dagrun for tutorial_taskflow_api_etl to None
[2024-06-23 23:46:31,868] {scheduler_job.py:190} INFO - Processing /home/airflow/.local/lib/python3.6/site-packages/airflow/example_dags/tutorial_taskflow_api_etl.py took 0.039 seconds
[2024-06-23 23:47:02,621] {scheduler_job.py:182} INFO - Started process (PID=5932) to work on /home/airflow/.local/lib/python3.6/site-packages/airflow/example_dags/tutorial_taskflow_api_etl.py
[2024-06-23 23:47:02,621] {scheduler_job.py:629} INFO - Processing file /home/airflow/.local/lib/python3.6/site-packages/airflow/example_dags/tutorial_taskflow_api_etl.py for tasks to queue
[2024-06-23 23:47:02,622] {logging_mixin.py:104} INFO - [2024-06-23 23:47:02,622] {dagbag.py:451} INFO - Filling up the DagBag from /home/airflow/.local/lib/python3.6/site-packages/airflow/example_dags/tutorial_taskflow_api_etl.py
[2024-06-23 23:47:02,629] {scheduler_job.py:639} INFO - DAG(s) dict_keys(['tutorial_taskflow_api_etl']) retrieved from /home/airflow/.local/lib/python3.6/site-packages/airflow/example_dags/tutorial_taskflow_api_etl.py
[2024-06-23 23:47:02,644] {logging_mixin.py:104} INFO - [2024-06-23 23:47:02,644] {dag.py:1824} INFO - Sync 1 DAGs
[2024-06-23 23:47:02,652] {logging_mixin.py:104} INFO - [2024-06-23 23:47:02,652] {dag.py:2280} INFO - Setting next_dagrun for tutorial_taskflow_api_etl to None
[2024-06-23 23:47:02,660] {scheduler_job.py:190} INFO - Processing /home/airflow/.local/lib/python3.6/site-packages/airflow/example_dags/tutorial_taskflow_api_etl.py took 0.041 seconds
[2024-06-23 23:47:33,449] {scheduler_job.py:182} INFO - Started process (PID=5958) to work on /home/airflow/.local/lib/python3.6/site-packages/airflow/example_dags/tutorial_taskflow_api_etl.py
[2024-06-23 23:47:33,450] {scheduler_job.py:629} INFO - Processing file /home/airflow/.local/lib/python3.6/site-packages/airflow/example_dags/tutorial_taskflow_api_etl.py for tasks to queue
[2024-06-23 23:47:33,450] {logging_mixin.py:104} INFO - [2024-06-23 23:47:33,450] {dagbag.py:451} INFO - Filling up the DagBag from /home/airflow/.local/lib/python3.6/site-packages/airflow/example_dags/tutorial_taskflow_api_etl.py
[2024-06-23 23:47:33,457] {scheduler_job.py:639} INFO - DAG(s) dict_keys(['tutorial_taskflow_api_etl']) retrieved from /home/airflow/.local/lib/python3.6/site-packages/airflow/example_dags/tutorial_taskflow_api_etl.py
[2024-06-23 23:47:33,470] {logging_mixin.py:104} INFO - [2024-06-23 23:47:33,470] {dag.py:1824} INFO - Sync 1 DAGs
[2024-06-23 23:47:33,478] {logging_mixin.py:104} INFO - [2024-06-23 23:47:33,478] {dag.py:2280} INFO - Setting next_dagrun for tutorial_taskflow_api_etl to None
[2024-06-23 23:47:33,487] {scheduler_job.py:190} INFO - Processing /home/airflow/.local/lib/python3.6/site-packages/airflow/example_dags/tutorial_taskflow_api_etl.py took 0.040 seconds
[2024-06-23 23:48:04,249] {scheduler_job.py:182} INFO - Started process (PID=5984) to work on /home/airflow/.local/lib/python3.6/site-packages/airflow/example_dags/tutorial_taskflow_api_etl.py
[2024-06-23 23:48:04,250] {scheduler_job.py:629} INFO - Processing file /home/airflow/.local/lib/python3.6/site-packages/airflow/example_dags/tutorial_taskflow_api_etl.py for tasks to queue
[2024-06-23 23:48:04,251] {logging_mixin.py:104} INFO - [2024-06-23 23:48:04,250] {dagbag.py:451} INFO - Filling up the DagBag from /home/airflow/.local/lib/python3.6/site-packages/airflow/example_dags/tutorial_taskflow_api_etl.py
[2024-06-23 23:48:04,259] {scheduler_job.py:639} INFO - DAG(s) dict_keys(['tutorial_taskflow_api_etl']) retrieved from /home/airflow/.local/lib/python3.6/site-packages/airflow/example_dags/tutorial_taskflow_api_etl.py
[2024-06-23 23:48:04,274] {logging_mixin.py:104} INFO - [2024-06-23 23:48:04,274] {dag.py:1824} INFO - Sync 1 DAGs
[2024-06-23 23:48:04,284] {logging_mixin.py:104} INFO - [2024-06-23 23:48:04,284] {dag.py:2280} INFO - Setting next_dagrun for tutorial_taskflow_api_etl to None
[2024-06-23 23:48:04,293] {scheduler_job.py:190} INFO - Processing /home/airflow/.local/lib/python3.6/site-packages/airflow/example_dags/tutorial_taskflow_api_etl.py took 0.045 seconds
[2024-06-23 23:48:35,034] {scheduler_job.py:182} INFO - Started process (PID=6010) to work on /home/airflow/.local/lib/python3.6/site-packages/airflow/example_dags/tutorial_taskflow_api_etl.py
[2024-06-23 23:48:35,035] {scheduler_job.py:629} INFO - Processing file /home/airflow/.local/lib/python3.6/site-packages/airflow/example_dags/tutorial_taskflow_api_etl.py for tasks to queue
[2024-06-23 23:48:35,035] {logging_mixin.py:104} INFO - [2024-06-23 23:48:35,035] {dagbag.py:451} INFO - Filling up the DagBag from /home/airflow/.local/lib/python3.6/site-packages/airflow/example_dags/tutorial_taskflow_api_etl.py
[2024-06-23 23:48:35,042] {scheduler_job.py:639} INFO - DAG(s) dict_keys(['tutorial_taskflow_api_etl']) retrieved from /home/airflow/.local/lib/python3.6/site-packages/airflow/example_dags/tutorial_taskflow_api_etl.py
[2024-06-23 23:48:35,055] {logging_mixin.py:104} INFO - [2024-06-23 23:48:35,055] {dag.py:1824} INFO - Sync 1 DAGs
[2024-06-23 23:48:35,064] {logging_mixin.py:104} INFO - [2024-06-23 23:48:35,064] {dag.py:2280} INFO - Setting next_dagrun for tutorial_taskflow_api_etl to None
[2024-06-23 23:48:35,071] {scheduler_job.py:190} INFO - Processing /home/airflow/.local/lib/python3.6/site-packages/airflow/example_dags/tutorial_taskflow_api_etl.py took 0.039 seconds
[2024-06-23 23:49:05,821] {scheduler_job.py:182} INFO - Started process (PID=6036) to work on /home/airflow/.local/lib/python3.6/site-packages/airflow/example_dags/tutorial_taskflow_api_etl.py
[2024-06-23 23:49:05,821] {scheduler_job.py:629} INFO - Processing file /home/airflow/.local/lib/python3.6/site-packages/airflow/example_dags/tutorial_taskflow_api_etl.py for tasks to queue
[2024-06-23 23:49:05,822] {logging_mixin.py:104} INFO - [2024-06-23 23:49:05,822] {dagbag.py:451} INFO - Filling up the DagBag from /home/airflow/.local/lib/python3.6/site-packages/airflow/example_dags/tutorial_taskflow_api_etl.py
[2024-06-23 23:49:05,829] {scheduler_job.py:639} INFO - DAG(s) dict_keys(['tutorial_taskflow_api_etl']) retrieved from /home/airflow/.local/lib/python3.6/site-packages/airflow/example_dags/tutorial_taskflow_api_etl.py
[2024-06-23 23:49:05,843] {logging_mixin.py:104} INFO - [2024-06-23 23:49:05,842] {dag.py:1824} INFO - Sync 1 DAGs
[2024-06-23 23:49:05,850] {logging_mixin.py:104} INFO - [2024-06-23 23:49:05,850] {dag.py:2280} INFO - Setting next_dagrun for tutorial_taskflow_api_etl to None
[2024-06-23 23:49:05,859] {scheduler_job.py:190} INFO - Processing /home/airflow/.local/lib/python3.6/site-packages/airflow/example_dags/tutorial_taskflow_api_etl.py took 0.040 seconds
[2024-06-23 23:49:36,599] {scheduler_job.py:182} INFO - Started process (PID=6062) to work on /home/airflow/.local/lib/python3.6/site-packages/airflow/example_dags/tutorial_taskflow_api_etl.py
[2024-06-23 23:49:36,600] {scheduler_job.py:629} INFO - Processing file /home/airflow/.local/lib/python3.6/site-packages/airflow/example_dags/tutorial_taskflow_api_etl.py for tasks to queue
[2024-06-23 23:49:36,601] {logging_mixin.py:104} INFO - [2024-06-23 23:49:36,601] {dagbag.py:451} INFO - Filling up the DagBag from /home/airflow/.local/lib/python3.6/site-packages/airflow/example_dags/tutorial_taskflow_api_etl.py
[2024-06-23 23:49:36,608] {scheduler_job.py:639} INFO - DAG(s) dict_keys(['tutorial_taskflow_api_etl']) retrieved from /home/airflow/.local/lib/python3.6/site-packages/airflow/example_dags/tutorial_taskflow_api_etl.py
[2024-06-23 23:49:36,621] {logging_mixin.py:104} INFO - [2024-06-23 23:49:36,621] {dag.py:1824} INFO - Sync 1 DAGs
[2024-06-23 23:49:36,628] {logging_mixin.py:104} INFO - [2024-06-23 23:49:36,628] {dag.py:2280} INFO - Setting next_dagrun for tutorial_taskflow_api_etl to None
[2024-06-23 23:49:36,637] {scheduler_job.py:190} INFO - Processing /home/airflow/.local/lib/python3.6/site-packages/airflow/example_dags/tutorial_taskflow_api_etl.py took 0.040 seconds
[2024-06-23 23:50:07,413] {scheduler_job.py:182} INFO - Started process (PID=6088) to work on /home/airflow/.local/lib/python3.6/site-packages/airflow/example_dags/tutorial_taskflow_api_etl.py
[2024-06-23 23:50:07,414] {scheduler_job.py:629} INFO - Processing file /home/airflow/.local/lib/python3.6/site-packages/airflow/example_dags/tutorial_taskflow_api_etl.py for tasks to queue
[2024-06-23 23:50:07,414] {logging_mixin.py:104} INFO - [2024-06-23 23:50:07,414] {dagbag.py:451} INFO - Filling up the DagBag from /home/airflow/.local/lib/python3.6/site-packages/airflow/example_dags/tutorial_taskflow_api_etl.py
[2024-06-23 23:50:07,421] {scheduler_job.py:639} INFO - DAG(s) dict_keys(['tutorial_taskflow_api_etl']) retrieved from /home/airflow/.local/lib/python3.6/site-packages/airflow/example_dags/tutorial_taskflow_api_etl.py
[2024-06-23 23:50:07,434] {logging_mixin.py:104} INFO - [2024-06-23 23:50:07,434] {dag.py:1824} INFO - Sync 1 DAGs
[2024-06-23 23:50:07,442] {logging_mixin.py:104} INFO - [2024-06-23 23:50:07,442] {dag.py:2280} INFO - Setting next_dagrun for tutorial_taskflow_api_etl to None
[2024-06-23 23:50:07,451] {scheduler_job.py:190} INFO - Processing /home/airflow/.local/lib/python3.6/site-packages/airflow/example_dags/tutorial_taskflow_api_etl.py took 0.040 seconds
[2024-06-23 23:50:38,215] {scheduler_job.py:182} INFO - Started process (PID=6114) to work on /home/airflow/.local/lib/python3.6/site-packages/airflow/example_dags/tutorial_taskflow_api_etl.py
[2024-06-23 23:50:38,216] {scheduler_job.py:629} INFO - Processing file /home/airflow/.local/lib/python3.6/site-packages/airflow/example_dags/tutorial_taskflow_api_etl.py for tasks to queue
[2024-06-23 23:50:38,216] {logging_mixin.py:104} INFO - [2024-06-23 23:50:38,216] {dagbag.py:451} INFO - Filling up the DagBag from /home/airflow/.local/lib/python3.6/site-packages/airflow/example_dags/tutorial_taskflow_api_etl.py
[2024-06-23 23:50:38,223] {scheduler_job.py:639} INFO - DAG(s) dict_keys(['tutorial_taskflow_api_etl']) retrieved from /home/airflow/.local/lib/python3.6/site-packages/airflow/example_dags/tutorial_taskflow_api_etl.py
[2024-06-23 23:50:38,236] {logging_mixin.py:104} INFO - [2024-06-23 23:50:38,236] {dag.py:1824} INFO - Sync 1 DAGs
[2024-06-23 23:50:38,244] {logging_mixin.py:104} INFO - [2024-06-23 23:50:38,244] {dag.py:2280} INFO - Setting next_dagrun for tutorial_taskflow_api_etl to None
[2024-06-23 23:50:38,252] {scheduler_job.py:190} INFO - Processing /home/airflow/.local/lib/python3.6/site-packages/airflow/example_dags/tutorial_taskflow_api_etl.py took 0.039 seconds
[2024-06-23 23:51:09,000] {scheduler_job.py:182} INFO - Started process (PID=6140) to work on /home/airflow/.local/lib/python3.6/site-packages/airflow/example_dags/tutorial_taskflow_api_etl.py
[2024-06-23 23:51:09,001] {scheduler_job.py:629} INFO - Processing file /home/airflow/.local/lib/python3.6/site-packages/airflow/example_dags/tutorial_taskflow_api_etl.py for tasks to queue
[2024-06-23 23:51:09,002] {logging_mixin.py:104} INFO - [2024-06-23 23:51:09,002] {dagbag.py:451} INFO - Filling up the DagBag from /home/airflow/.local/lib/python3.6/site-packages/airflow/example_dags/tutorial_taskflow_api_etl.py
[2024-06-23 23:51:09,008] {scheduler_job.py:639} INFO - DAG(s) dict_keys(['tutorial_taskflow_api_etl']) retrieved from /home/airflow/.local/lib/python3.6/site-packages/airflow/example_dags/tutorial_taskflow_api_etl.py
[2024-06-23 23:51:09,022] {logging_mixin.py:104} INFO - [2024-06-23 23:51:09,022] {dag.py:1824} INFO - Sync 1 DAGs
[2024-06-23 23:51:09,030] {logging_mixin.py:104} INFO - [2024-06-23 23:51:09,030] {dag.py:2280} INFO - Setting next_dagrun for tutorial_taskflow_api_etl to None
[2024-06-23 23:51:09,038] {scheduler_job.py:190} INFO - Processing /home/airflow/.local/lib/python3.6/site-packages/airflow/example_dags/tutorial_taskflow_api_etl.py took 0.039 seconds
[2024-06-23 23:51:39,779] {scheduler_job.py:182} INFO - Started process (PID=6166) to work on /home/airflow/.local/lib/python3.6/site-packages/airflow/example_dags/tutorial_taskflow_api_etl.py
[2024-06-23 23:51:39,779] {scheduler_job.py:629} INFO - Processing file /home/airflow/.local/lib/python3.6/site-packages/airflow/example_dags/tutorial_taskflow_api_etl.py for tasks to queue
[2024-06-23 23:51:39,780] {logging_mixin.py:104} INFO - [2024-06-23 23:51:39,780] {dagbag.py:451} INFO - Filling up the DagBag from /home/airflow/.local/lib/python3.6/site-packages/airflow/example_dags/tutorial_taskflow_api_etl.py
[2024-06-23 23:51:39,787] {scheduler_job.py:639} INFO - DAG(s) dict_keys(['tutorial_taskflow_api_etl']) retrieved from /home/airflow/.local/lib/python3.6/site-packages/airflow/example_dags/tutorial_taskflow_api_etl.py
[2024-06-23 23:51:39,800] {logging_mixin.py:104} INFO - [2024-06-23 23:51:39,800] {dag.py:1824} INFO - Sync 1 DAGs
[2024-06-23 23:51:39,808] {logging_mixin.py:104} INFO - [2024-06-23 23:51:39,808] {dag.py:2280} INFO - Setting next_dagrun for tutorial_taskflow_api_etl to None
[2024-06-23 23:51:39,816] {scheduler_job.py:190} INFO - Processing /home/airflow/.local/lib/python3.6/site-packages/airflow/example_dags/tutorial_taskflow_api_etl.py took 0.039 seconds
[2024-06-23 23:52:10,589] {scheduler_job.py:182} INFO - Started process (PID=6192) to work on /home/airflow/.local/lib/python3.6/site-packages/airflow/example_dags/tutorial_taskflow_api_etl.py
[2024-06-23 23:52:10,589] {scheduler_job.py:629} INFO - Processing file /home/airflow/.local/lib/python3.6/site-packages/airflow/example_dags/tutorial_taskflow_api_etl.py for tasks to queue
[2024-06-23 23:52:10,590] {logging_mixin.py:104} INFO - [2024-06-23 23:52:10,590] {dagbag.py:451} INFO - Filling up the DagBag from /home/airflow/.local/lib/python3.6/site-packages/airflow/example_dags/tutorial_taskflow_api_etl.py
[2024-06-23 23:52:10,597] {scheduler_job.py:639} INFO - DAG(s) dict_keys(['tutorial_taskflow_api_etl']) retrieved from /home/airflow/.local/lib/python3.6/site-packages/airflow/example_dags/tutorial_taskflow_api_etl.py
[2024-06-23 23:52:10,610] {logging_mixin.py:104} INFO - [2024-06-23 23:52:10,610] {dag.py:1824} INFO - Sync 1 DAGs
[2024-06-23 23:52:10,618] {logging_mixin.py:104} INFO - [2024-06-23 23:52:10,618] {dag.py:2280} INFO - Setting next_dagrun for tutorial_taskflow_api_etl to None
[2024-06-23 23:52:10,626] {scheduler_job.py:190} INFO - Processing /home/airflow/.local/lib/python3.6/site-packages/airflow/example_dags/tutorial_taskflow_api_etl.py took 0.039 seconds
[2024-06-23 23:52:41,384] {scheduler_job.py:182} INFO - Started process (PID=6218) to work on /home/airflow/.local/lib/python3.6/site-packages/airflow/example_dags/tutorial_taskflow_api_etl.py
[2024-06-23 23:52:41,385] {scheduler_job.py:629} INFO - Processing file /home/airflow/.local/lib/python3.6/site-packages/airflow/example_dags/tutorial_taskflow_api_etl.py for tasks to queue
[2024-06-23 23:52:41,385] {logging_mixin.py:104} INFO - [2024-06-23 23:52:41,385] {dagbag.py:451} INFO - Filling up the DagBag from /home/airflow/.local/lib/python3.6/site-packages/airflow/example_dags/tutorial_taskflow_api_etl.py
[2024-06-23 23:52:41,392] {scheduler_job.py:639} INFO - DAG(s) dict_keys(['tutorial_taskflow_api_etl']) retrieved from /home/airflow/.local/lib/python3.6/site-packages/airflow/example_dags/tutorial_taskflow_api_etl.py
[2024-06-23 23:52:41,406] {logging_mixin.py:104} INFO - [2024-06-23 23:52:41,406] {dag.py:1824} INFO - Sync 1 DAGs
[2024-06-23 23:52:41,413] {logging_mixin.py:104} INFO - [2024-06-23 23:52:41,413] {dag.py:2280} INFO - Setting next_dagrun for tutorial_taskflow_api_etl to None
[2024-06-23 23:52:41,422] {scheduler_job.py:190} INFO - Processing /home/airflow/.local/lib/python3.6/site-packages/airflow/example_dags/tutorial_taskflow_api_etl.py took 0.040 seconds
[2024-06-23 23:53:12,176] {scheduler_job.py:182} INFO - Started process (PID=6244) to work on /home/airflow/.local/lib/python3.6/site-packages/airflow/example_dags/tutorial_taskflow_api_etl.py
[2024-06-23 23:53:12,177] {scheduler_job.py:629} INFO - Processing file /home/airflow/.local/lib/python3.6/site-packages/airflow/example_dags/tutorial_taskflow_api_etl.py for tasks to queue
[2024-06-23 23:53:12,177] {logging_mixin.py:104} INFO - [2024-06-23 23:53:12,177] {dagbag.py:451} INFO - Filling up the DagBag from /home/airflow/.local/lib/python3.6/site-packages/airflow/example_dags/tutorial_taskflow_api_etl.py
[2024-06-23 23:53:12,184] {scheduler_job.py:639} INFO - DAG(s) dict_keys(['tutorial_taskflow_api_etl']) retrieved from /home/airflow/.local/lib/python3.6/site-packages/airflow/example_dags/tutorial_taskflow_api_etl.py
[2024-06-23 23:53:12,198] {logging_mixin.py:104} INFO - [2024-06-23 23:53:12,198] {dag.py:1824} INFO - Sync 1 DAGs
[2024-06-23 23:53:12,206] {logging_mixin.py:104} INFO - [2024-06-23 23:53:12,205] {dag.py:2280} INFO - Setting next_dagrun for tutorial_taskflow_api_etl to None
[2024-06-23 23:53:12,214] {scheduler_job.py:190} INFO - Processing /home/airflow/.local/lib/python3.6/site-packages/airflow/example_dags/tutorial_taskflow_api_etl.py took 0.040 seconds
[2024-06-23 23:53:42,978] {scheduler_job.py:182} INFO - Started process (PID=6270) to work on /home/airflow/.local/lib/python3.6/site-packages/airflow/example_dags/tutorial_taskflow_api_etl.py
[2024-06-23 23:53:42,979] {scheduler_job.py:629} INFO - Processing file /home/airflow/.local/lib/python3.6/site-packages/airflow/example_dags/tutorial_taskflow_api_etl.py for tasks to queue
[2024-06-23 23:53:42,979] {logging_mixin.py:104} INFO - [2024-06-23 23:53:42,979] {dagbag.py:451} INFO - Filling up the DagBag from /home/airflow/.local/lib/python3.6/site-packages/airflow/example_dags/tutorial_taskflow_api_etl.py
[2024-06-23 23:53:42,986] {scheduler_job.py:639} INFO - DAG(s) dict_keys(['tutorial_taskflow_api_etl']) retrieved from /home/airflow/.local/lib/python3.6/site-packages/airflow/example_dags/tutorial_taskflow_api_etl.py
[2024-06-23 23:53:43,000] {logging_mixin.py:104} INFO - [2024-06-23 23:53:43,000] {dag.py:1824} INFO - Sync 1 DAGs
[2024-06-23 23:53:43,009] {logging_mixin.py:104} INFO - [2024-06-23 23:53:43,009] {dag.py:2280} INFO - Setting next_dagrun for tutorial_taskflow_api_etl to None
[2024-06-23 23:53:43,017] {scheduler_job.py:190} INFO - Processing /home/airflow/.local/lib/python3.6/site-packages/airflow/example_dags/tutorial_taskflow_api_etl.py took 0.040 seconds
[2024-06-23 23:54:13,768] {scheduler_job.py:182} INFO - Started process (PID=6296) to work on /home/airflow/.local/lib/python3.6/site-packages/airflow/example_dags/tutorial_taskflow_api_etl.py
[2024-06-23 23:54:13,768] {scheduler_job.py:629} INFO - Processing file /home/airflow/.local/lib/python3.6/site-packages/airflow/example_dags/tutorial_taskflow_api_etl.py for tasks to queue
[2024-06-23 23:54:13,769] {logging_mixin.py:104} INFO - [2024-06-23 23:54:13,769] {dagbag.py:451} INFO - Filling up the DagBag from /home/airflow/.local/lib/python3.6/site-packages/airflow/example_dags/tutorial_taskflow_api_etl.py
[2024-06-23 23:54:13,776] {scheduler_job.py:639} INFO - DAG(s) dict_keys(['tutorial_taskflow_api_etl']) retrieved from /home/airflow/.local/lib/python3.6/site-packages/airflow/example_dags/tutorial_taskflow_api_etl.py
[2024-06-23 23:54:13,791] {logging_mixin.py:104} INFO - [2024-06-23 23:54:13,790] {dag.py:1824} INFO - Sync 1 DAGs
[2024-06-23 23:54:13,800] {logging_mixin.py:104} INFO - [2024-06-23 23:54:13,800] {dag.py:2280} INFO - Setting next_dagrun for tutorial_taskflow_api_etl to None
[2024-06-23 23:54:13,808] {scheduler_job.py:190} INFO - Processing /home/airflow/.local/lib/python3.6/site-packages/airflow/example_dags/tutorial_taskflow_api_etl.py took 0.042 seconds
[2024-06-23 23:54:44,587] {scheduler_job.py:182} INFO - Started process (PID=6322) to work on /home/airflow/.local/lib/python3.6/site-packages/airflow/example_dags/tutorial_taskflow_api_etl.py
[2024-06-23 23:54:44,587] {scheduler_job.py:629} INFO - Processing file /home/airflow/.local/lib/python3.6/site-packages/airflow/example_dags/tutorial_taskflow_api_etl.py for tasks to queue
[2024-06-23 23:54:44,588] {logging_mixin.py:104} INFO - [2024-06-23 23:54:44,588] {dagbag.py:451} INFO - Filling up the DagBag from /home/airflow/.local/lib/python3.6/site-packages/airflow/example_dags/tutorial_taskflow_api_etl.py
[2024-06-23 23:54:44,595] {scheduler_job.py:639} INFO - DAG(s) dict_keys(['tutorial_taskflow_api_etl']) retrieved from /home/airflow/.local/lib/python3.6/site-packages/airflow/example_dags/tutorial_taskflow_api_etl.py
[2024-06-23 23:54:44,610] {logging_mixin.py:104} INFO - [2024-06-23 23:54:44,610] {dag.py:1824} INFO - Sync 1 DAGs
[2024-06-23 23:54:44,618] {logging_mixin.py:104} INFO - [2024-06-23 23:54:44,618] {dag.py:2280} INFO - Setting next_dagrun for tutorial_taskflow_api_etl to None
[2024-06-23 23:54:44,626] {scheduler_job.py:190} INFO - Processing /home/airflow/.local/lib/python3.6/site-packages/airflow/example_dags/tutorial_taskflow_api_etl.py took 0.042 seconds
[2024-06-23 23:55:15,421] {scheduler_job.py:182} INFO - Started process (PID=6348) to work on /home/airflow/.local/lib/python3.6/site-packages/airflow/example_dags/tutorial_taskflow_api_etl.py
[2024-06-23 23:55:15,421] {scheduler_job.py:629} INFO - Processing file /home/airflow/.local/lib/python3.6/site-packages/airflow/example_dags/tutorial_taskflow_api_etl.py for tasks to queue
[2024-06-23 23:55:15,422] {logging_mixin.py:104} INFO - [2024-06-23 23:55:15,422] {dagbag.py:451} INFO - Filling up the DagBag from /home/airflow/.local/lib/python3.6/site-packages/airflow/example_dags/tutorial_taskflow_api_etl.py
[2024-06-23 23:55:15,429] {scheduler_job.py:639} INFO - DAG(s) dict_keys(['tutorial_taskflow_api_etl']) retrieved from /home/airflow/.local/lib/python3.6/site-packages/airflow/example_dags/tutorial_taskflow_api_etl.py
[2024-06-23 23:55:15,443] {logging_mixin.py:104} INFO - [2024-06-23 23:55:15,443] {dag.py:1824} INFO - Sync 1 DAGs
[2024-06-23 23:55:15,451] {logging_mixin.py:104} INFO - [2024-06-23 23:55:15,451] {dag.py:2280} INFO - Setting next_dagrun for tutorial_taskflow_api_etl to None
[2024-06-23 23:55:15,460] {scheduler_job.py:190} INFO - Processing /home/airflow/.local/lib/python3.6/site-packages/airflow/example_dags/tutorial_taskflow_api_etl.py took 0.041 seconds
[2024-06-23 23:55:46,189] {scheduler_job.py:182} INFO - Started process (PID=6374) to work on /home/airflow/.local/lib/python3.6/site-packages/airflow/example_dags/tutorial_taskflow_api_etl.py
[2024-06-23 23:55:46,190] {scheduler_job.py:629} INFO - Processing file /home/airflow/.local/lib/python3.6/site-packages/airflow/example_dags/tutorial_taskflow_api_etl.py for tasks to queue
[2024-06-23 23:55:46,190] {logging_mixin.py:104} INFO - [2024-06-23 23:55:46,190] {dagbag.py:451} INFO - Filling up the DagBag from /home/airflow/.local/lib/python3.6/site-packages/airflow/example_dags/tutorial_taskflow_api_etl.py
[2024-06-23 23:55:46,197] {scheduler_job.py:639} INFO - DAG(s) dict_keys(['tutorial_taskflow_api_etl']) retrieved from /home/airflow/.local/lib/python3.6/site-packages/airflow/example_dags/tutorial_taskflow_api_etl.py
[2024-06-23 23:55:46,210] {logging_mixin.py:104} INFO - [2024-06-23 23:55:46,210] {dag.py:1824} INFO - Sync 1 DAGs
[2024-06-23 23:55:46,217] {logging_mixin.py:104} INFO - [2024-06-23 23:55:46,217] {dag.py:2280} INFO - Setting next_dagrun for tutorial_taskflow_api_etl to None
[2024-06-23 23:55:46,225] {scheduler_job.py:190} INFO - Processing /home/airflow/.local/lib/python3.6/site-packages/airflow/example_dags/tutorial_taskflow_api_etl.py took 0.038 seconds
[2024-06-23 23:56:17,066] {scheduler_job.py:182} INFO - Started process (PID=6400) to work on /home/airflow/.local/lib/python3.6/site-packages/airflow/example_dags/tutorial_taskflow_api_etl.py
[2024-06-23 23:56:17,067] {scheduler_job.py:629} INFO - Processing file /home/airflow/.local/lib/python3.6/site-packages/airflow/example_dags/tutorial_taskflow_api_etl.py for tasks to queue
[2024-06-23 23:56:17,067] {logging_mixin.py:104} INFO - [2024-06-23 23:56:17,067] {dagbag.py:451} INFO - Filling up the DagBag from /home/airflow/.local/lib/python3.6/site-packages/airflow/example_dags/tutorial_taskflow_api_etl.py
[2024-06-23 23:56:17,075] {scheduler_job.py:639} INFO - DAG(s) dict_keys(['tutorial_taskflow_api_etl']) retrieved from /home/airflow/.local/lib/python3.6/site-packages/airflow/example_dags/tutorial_taskflow_api_etl.py
[2024-06-23 23:56:17,088] {logging_mixin.py:104} INFO - [2024-06-23 23:56:17,088] {dag.py:1824} INFO - Sync 1 DAGs
[2024-06-23 23:56:17,096] {logging_mixin.py:104} INFO - [2024-06-23 23:56:17,096] {dag.py:2280} INFO - Setting next_dagrun for tutorial_taskflow_api_etl to None
[2024-06-23 23:56:17,105] {scheduler_job.py:190} INFO - Processing /home/airflow/.local/lib/python3.6/site-packages/airflow/example_dags/tutorial_taskflow_api_etl.py took 0.041 seconds
[2024-06-23 23:56:47,856] {scheduler_job.py:182} INFO - Started process (PID=6426) to work on /home/airflow/.local/lib/python3.6/site-packages/airflow/example_dags/tutorial_taskflow_api_etl.py
[2024-06-23 23:56:47,857] {scheduler_job.py:629} INFO - Processing file /home/airflow/.local/lib/python3.6/site-packages/airflow/example_dags/tutorial_taskflow_api_etl.py for tasks to queue
[2024-06-23 23:56:47,857] {logging_mixin.py:104} INFO - [2024-06-23 23:56:47,857] {dagbag.py:451} INFO - Filling up the DagBag from /home/airflow/.local/lib/python3.6/site-packages/airflow/example_dags/tutorial_taskflow_api_etl.py
[2024-06-23 23:56:47,864] {scheduler_job.py:639} INFO - DAG(s) dict_keys(['tutorial_taskflow_api_etl']) retrieved from /home/airflow/.local/lib/python3.6/site-packages/airflow/example_dags/tutorial_taskflow_api_etl.py
[2024-06-23 23:56:47,878] {logging_mixin.py:104} INFO - [2024-06-23 23:56:47,877] {dag.py:1824} INFO - Sync 1 DAGs
[2024-06-23 23:56:47,885] {logging_mixin.py:104} INFO - [2024-06-23 23:56:47,885] {dag.py:2280} INFO - Setting next_dagrun for tutorial_taskflow_api_etl to None
[2024-06-23 23:56:47,894] {scheduler_job.py:190} INFO - Processing /home/airflow/.local/lib/python3.6/site-packages/airflow/example_dags/tutorial_taskflow_api_etl.py took 0.040 seconds
[2024-06-23 23:57:18,668] {scheduler_job.py:182} INFO - Started process (PID=6452) to work on /home/airflow/.local/lib/python3.6/site-packages/airflow/example_dags/tutorial_taskflow_api_etl.py
[2024-06-23 23:57:18,669] {scheduler_job.py:629} INFO - Processing file /home/airflow/.local/lib/python3.6/site-packages/airflow/example_dags/tutorial_taskflow_api_etl.py for tasks to queue
[2024-06-23 23:57:18,670] {logging_mixin.py:104} INFO - [2024-06-23 23:57:18,670] {dagbag.py:451} INFO - Filling up the DagBag from /home/airflow/.local/lib/python3.6/site-packages/airflow/example_dags/tutorial_taskflow_api_etl.py
[2024-06-23 23:57:18,677] {scheduler_job.py:639} INFO - DAG(s) dict_keys(['tutorial_taskflow_api_etl']) retrieved from /home/airflow/.local/lib/python3.6/site-packages/airflow/example_dags/tutorial_taskflow_api_etl.py
[2024-06-23 23:57:18,690] {logging_mixin.py:104} INFO - [2024-06-23 23:57:18,690] {dag.py:1824} INFO - Sync 1 DAGs
[2024-06-23 23:57:18,698] {logging_mixin.py:104} INFO - [2024-06-23 23:57:18,698] {dag.py:2280} INFO - Setting next_dagrun for tutorial_taskflow_api_etl to None
[2024-06-23 23:57:18,707] {scheduler_job.py:190} INFO - Processing /home/airflow/.local/lib/python3.6/site-packages/airflow/example_dags/tutorial_taskflow_api_etl.py took 0.040 seconds
[2024-06-23 23:57:49,463] {scheduler_job.py:182} INFO - Started process (PID=6478) to work on /home/airflow/.local/lib/python3.6/site-packages/airflow/example_dags/tutorial_taskflow_api_etl.py
[2024-06-23 23:57:49,464] {scheduler_job.py:629} INFO - Processing file /home/airflow/.local/lib/python3.6/site-packages/airflow/example_dags/tutorial_taskflow_api_etl.py for tasks to queue
[2024-06-23 23:57:49,465] {logging_mixin.py:104} INFO - [2024-06-23 23:57:49,465] {dagbag.py:451} INFO - Filling up the DagBag from /home/airflow/.local/lib/python3.6/site-packages/airflow/example_dags/tutorial_taskflow_api_etl.py
[2024-06-23 23:57:49,472] {scheduler_job.py:639} INFO - DAG(s) dict_keys(['tutorial_taskflow_api_etl']) retrieved from /home/airflow/.local/lib/python3.6/site-packages/airflow/example_dags/tutorial_taskflow_api_etl.py
[2024-06-23 23:57:49,486] {logging_mixin.py:104} INFO - [2024-06-23 23:57:49,486] {dag.py:1824} INFO - Sync 1 DAGs
[2024-06-23 23:57:49,494] {logging_mixin.py:104} INFO - [2024-06-23 23:57:49,494] {dag.py:2280} INFO - Setting next_dagrun for tutorial_taskflow_api_etl to None
[2024-06-23 23:57:49,502] {scheduler_job.py:190} INFO - Processing /home/airflow/.local/lib/python3.6/site-packages/airflow/example_dags/tutorial_taskflow_api_etl.py took 0.041 seconds
[2024-06-23 23:58:20,403] {scheduler_job.py:182} INFO - Started process (PID=6504) to work on /home/airflow/.local/lib/python3.6/site-packages/airflow/example_dags/tutorial_taskflow_api_etl.py
[2024-06-23 23:58:20,404] {scheduler_job.py:629} INFO - Processing file /home/airflow/.local/lib/python3.6/site-packages/airflow/example_dags/tutorial_taskflow_api_etl.py for tasks to queue
[2024-06-23 23:58:20,405] {logging_mixin.py:104} INFO - [2024-06-23 23:58:20,404] {dagbag.py:451} INFO - Filling up the DagBag from /home/airflow/.local/lib/python3.6/site-packages/airflow/example_dags/tutorial_taskflow_api_etl.py
[2024-06-23 23:58:20,412] {scheduler_job.py:639} INFO - DAG(s) dict_keys(['tutorial_taskflow_api_etl']) retrieved from /home/airflow/.local/lib/python3.6/site-packages/airflow/example_dags/tutorial_taskflow_api_etl.py
[2024-06-23 23:58:20,425] {logging_mixin.py:104} INFO - [2024-06-23 23:58:20,425] {dag.py:1824} INFO - Sync 1 DAGs
[2024-06-23 23:58:20,434] {logging_mixin.py:104} INFO - [2024-06-23 23:58:20,434] {dag.py:2280} INFO - Setting next_dagrun for tutorial_taskflow_api_etl to None
[2024-06-23 23:58:20,447] {scheduler_job.py:190} INFO - Processing /home/airflow/.local/lib/python3.6/site-packages/airflow/example_dags/tutorial_taskflow_api_etl.py took 0.046 seconds
[2024-06-23 23:58:51,279] {scheduler_job.py:182} INFO - Started process (PID=6530) to work on /home/airflow/.local/lib/python3.6/site-packages/airflow/example_dags/tutorial_taskflow_api_etl.py
[2024-06-23 23:58:51,280] {scheduler_job.py:629} INFO - Processing file /home/airflow/.local/lib/python3.6/site-packages/airflow/example_dags/tutorial_taskflow_api_etl.py for tasks to queue
[2024-06-23 23:58:51,281] {logging_mixin.py:104} INFO - [2024-06-23 23:58:51,281] {dagbag.py:451} INFO - Filling up the DagBag from /home/airflow/.local/lib/python3.6/site-packages/airflow/example_dags/tutorial_taskflow_api_etl.py
[2024-06-23 23:58:51,288] {scheduler_job.py:639} INFO - DAG(s) dict_keys(['tutorial_taskflow_api_etl']) retrieved from /home/airflow/.local/lib/python3.6/site-packages/airflow/example_dags/tutorial_taskflow_api_etl.py
[2024-06-23 23:58:51,306] {logging_mixin.py:104} INFO - [2024-06-23 23:58:51,306] {dag.py:1824} INFO - Sync 1 DAGs
[2024-06-23 23:58:51,316] {logging_mixin.py:104} INFO - [2024-06-23 23:58:51,316] {dag.py:2280} INFO - Setting next_dagrun for tutorial_taskflow_api_etl to None
[2024-06-23 23:58:51,327] {scheduler_job.py:190} INFO - Processing /home/airflow/.local/lib/python3.6/site-packages/airflow/example_dags/tutorial_taskflow_api_etl.py took 0.049 seconds
[2024-06-23 23:59:22,120] {scheduler_job.py:182} INFO - Started process (PID=6556) to work on /home/airflow/.local/lib/python3.6/site-packages/airflow/example_dags/tutorial_taskflow_api_etl.py
[2024-06-23 23:59:22,121] {scheduler_job.py:629} INFO - Processing file /home/airflow/.local/lib/python3.6/site-packages/airflow/example_dags/tutorial_taskflow_api_etl.py for tasks to queue
[2024-06-23 23:59:22,122] {logging_mixin.py:104} INFO - [2024-06-23 23:59:22,122] {dagbag.py:451} INFO - Filling up the DagBag from /home/airflow/.local/lib/python3.6/site-packages/airflow/example_dags/tutorial_taskflow_api_etl.py
[2024-06-23 23:59:22,129] {scheduler_job.py:639} INFO - DAG(s) dict_keys(['tutorial_taskflow_api_etl']) retrieved from /home/airflow/.local/lib/python3.6/site-packages/airflow/example_dags/tutorial_taskflow_api_etl.py
[2024-06-23 23:59:22,142] {logging_mixin.py:104} INFO - [2024-06-23 23:59:22,142] {dag.py:1824} INFO - Sync 1 DAGs
[2024-06-23 23:59:22,150] {logging_mixin.py:104} INFO - [2024-06-23 23:59:22,149] {dag.py:2280} INFO - Setting next_dagrun for tutorial_taskflow_api_etl to None
[2024-06-23 23:59:22,158] {scheduler_job.py:190} INFO - Processing /home/airflow/.local/lib/python3.6/site-packages/airflow/example_dags/tutorial_taskflow_api_etl.py took 0.039 seconds
[2024-06-23 23:59:52,916] {scheduler_job.py:182} INFO - Started process (PID=6582) to work on /home/airflow/.local/lib/python3.6/site-packages/airflow/example_dags/tutorial_taskflow_api_etl.py
[2024-06-23 23:59:52,917] {scheduler_job.py:629} INFO - Processing file /home/airflow/.local/lib/python3.6/site-packages/airflow/example_dags/tutorial_taskflow_api_etl.py for tasks to queue
[2024-06-23 23:59:52,918] {logging_mixin.py:104} INFO - [2024-06-23 23:59:52,918] {dagbag.py:451} INFO - Filling up the DagBag from /home/airflow/.local/lib/python3.6/site-packages/airflow/example_dags/tutorial_taskflow_api_etl.py
[2024-06-23 23:59:52,925] {scheduler_job.py:639} INFO - DAG(s) dict_keys(['tutorial_taskflow_api_etl']) retrieved from /home/airflow/.local/lib/python3.6/site-packages/airflow/example_dags/tutorial_taskflow_api_etl.py
[2024-06-23 23:59:52,938] {logging_mixin.py:104} INFO - [2024-06-23 23:59:52,938] {dag.py:1824} INFO - Sync 1 DAGs
[2024-06-23 23:59:52,946] {logging_mixin.py:104} INFO - [2024-06-23 23:59:52,946] {dag.py:2280} INFO - Setting next_dagrun for tutorial_taskflow_api_etl to None
[2024-06-23 23:59:52,955] {scheduler_job.py:190} INFO - Processing /home/airflow/.local/lib/python3.6/site-packages/airflow/example_dags/tutorial_taskflow_api_etl.py took 0.040 seconds
