[2024-06-22 00:00:19,978] {scheduler_job.py:182} INFO - Started process (PID=4271) to work on /home/airflow/.local/lib/python3.6/site-packages/airflow/example_dags/example_trigger_target_dag.py
[2024-06-22 00:00:19,979] {scheduler_job.py:629} INFO - Processing file /home/airflow/.local/lib/python3.6/site-packages/airflow/example_dags/example_trigger_target_dag.py for tasks to queue
[2024-06-22 00:00:19,980] {logging_mixin.py:104} INFO - [2024-06-22 00:00:19,980] {dagbag.py:451} INFO - Filling up the DagBag from /home/airflow/.local/lib/python3.6/site-packages/airflow/example_dags/example_trigger_target_dag.py
[2024-06-22 00:00:19,987] {scheduler_job.py:639} INFO - DAG(s) dict_keys(['example_trigger_target_dag']) retrieved from /home/airflow/.local/lib/python3.6/site-packages/airflow/example_dags/example_trigger_target_dag.py
[2024-06-22 00:00:20,000] {logging_mixin.py:104} INFO - [2024-06-22 00:00:20,000] {dag.py:1824} INFO - Sync 1 DAGs
[2024-06-22 00:00:20,008] {logging_mixin.py:104} INFO - [2024-06-22 00:00:20,008] {dag.py:2280} INFO - Setting next_dagrun for example_trigger_target_dag to None
[2024-06-22 00:00:20,015] {scheduler_job.py:190} INFO - Processing /home/airflow/.local/lib/python3.6/site-packages/airflow/example_dags/example_trigger_target_dag.py took 0.038 seconds
[2024-06-22 00:00:50,781] {scheduler_job.py:182} INFO - Started process (PID=4297) to work on /home/airflow/.local/lib/python3.6/site-packages/airflow/example_dags/example_trigger_target_dag.py
[2024-06-22 00:00:50,781] {scheduler_job.py:629} INFO - Processing file /home/airflow/.local/lib/python3.6/site-packages/airflow/example_dags/example_trigger_target_dag.py for tasks to queue
[2024-06-22 00:00:50,782] {logging_mixin.py:104} INFO - [2024-06-22 00:00:50,782] {dagbag.py:451} INFO - Filling up the DagBag from /home/airflow/.local/lib/python3.6/site-packages/airflow/example_dags/example_trigger_target_dag.py
[2024-06-22 00:00:50,788] {scheduler_job.py:639} INFO - DAG(s) dict_keys(['example_trigger_target_dag']) retrieved from /home/airflow/.local/lib/python3.6/site-packages/airflow/example_dags/example_trigger_target_dag.py
[2024-06-22 00:00:50,800] {logging_mixin.py:104} INFO - [2024-06-22 00:00:50,800] {dag.py:1824} INFO - Sync 1 DAGs
[2024-06-22 00:00:50,809] {logging_mixin.py:104} INFO - [2024-06-22 00:00:50,808] {dag.py:2280} INFO - Setting next_dagrun for example_trigger_target_dag to None
[2024-06-22 00:00:50,814] {scheduler_job.py:190} INFO - Processing /home/airflow/.local/lib/python3.6/site-packages/airflow/example_dags/example_trigger_target_dag.py took 0.035 seconds
[2024-06-22 00:01:21,525] {scheduler_job.py:182} INFO - Started process (PID=4323) to work on /home/airflow/.local/lib/python3.6/site-packages/airflow/example_dags/example_trigger_target_dag.py
[2024-06-22 00:01:21,526] {scheduler_job.py:629} INFO - Processing file /home/airflow/.local/lib/python3.6/site-packages/airflow/example_dags/example_trigger_target_dag.py for tasks to queue
[2024-06-22 00:01:21,527] {logging_mixin.py:104} INFO - [2024-06-22 00:01:21,526] {dagbag.py:451} INFO - Filling up the DagBag from /home/airflow/.local/lib/python3.6/site-packages/airflow/example_dags/example_trigger_target_dag.py
[2024-06-22 00:01:21,532] {scheduler_job.py:639} INFO - DAG(s) dict_keys(['example_trigger_target_dag']) retrieved from /home/airflow/.local/lib/python3.6/site-packages/airflow/example_dags/example_trigger_target_dag.py
[2024-06-22 00:01:21,543] {logging_mixin.py:104} INFO - [2024-06-22 00:01:21,543] {dag.py:1824} INFO - Sync 1 DAGs
[2024-06-22 00:01:21,552] {logging_mixin.py:104} INFO - [2024-06-22 00:01:21,552] {dag.py:2280} INFO - Setting next_dagrun for example_trigger_target_dag to None
[2024-06-22 00:01:21,558] {scheduler_job.py:190} INFO - Processing /home/airflow/.local/lib/python3.6/site-packages/airflow/example_dags/example_trigger_target_dag.py took 0.034 seconds
[2024-06-22 00:01:52,339] {scheduler_job.py:182} INFO - Started process (PID=4349) to work on /home/airflow/.local/lib/python3.6/site-packages/airflow/example_dags/example_trigger_target_dag.py
[2024-06-22 00:01:52,340] {scheduler_job.py:629} INFO - Processing file /home/airflow/.local/lib/python3.6/site-packages/airflow/example_dags/example_trigger_target_dag.py for tasks to queue
[2024-06-22 00:01:52,340] {logging_mixin.py:104} INFO - [2024-06-22 00:01:52,340] {dagbag.py:451} INFO - Filling up the DagBag from /home/airflow/.local/lib/python3.6/site-packages/airflow/example_dags/example_trigger_target_dag.py
[2024-06-22 00:01:52,347] {scheduler_job.py:639} INFO - DAG(s) dict_keys(['example_trigger_target_dag']) retrieved from /home/airflow/.local/lib/python3.6/site-packages/airflow/example_dags/example_trigger_target_dag.py
[2024-06-22 00:01:52,359] {logging_mixin.py:104} INFO - [2024-06-22 00:01:52,359] {dag.py:1824} INFO - Sync 1 DAGs
[2024-06-22 00:01:52,367] {logging_mixin.py:104} INFO - [2024-06-22 00:01:52,367] {dag.py:2280} INFO - Setting next_dagrun for example_trigger_target_dag to None
[2024-06-22 00:01:52,372] {scheduler_job.py:190} INFO - Processing /home/airflow/.local/lib/python3.6/site-packages/airflow/example_dags/example_trigger_target_dag.py took 0.035 seconds
[2024-06-22 00:02:23,084] {scheduler_job.py:182} INFO - Started process (PID=4375) to work on /home/airflow/.local/lib/python3.6/site-packages/airflow/example_dags/example_trigger_target_dag.py
[2024-06-22 00:02:23,085] {scheduler_job.py:629} INFO - Processing file /home/airflow/.local/lib/python3.6/site-packages/airflow/example_dags/example_trigger_target_dag.py for tasks to queue
[2024-06-22 00:02:23,085] {logging_mixin.py:104} INFO - [2024-06-22 00:02:23,085] {dagbag.py:451} INFO - Filling up the DagBag from /home/airflow/.local/lib/python3.6/site-packages/airflow/example_dags/example_trigger_target_dag.py
[2024-06-22 00:02:23,092] {scheduler_job.py:639} INFO - DAG(s) dict_keys(['example_trigger_target_dag']) retrieved from /home/airflow/.local/lib/python3.6/site-packages/airflow/example_dags/example_trigger_target_dag.py
[2024-06-22 00:02:23,104] {logging_mixin.py:104} INFO - [2024-06-22 00:02:23,104] {dag.py:1824} INFO - Sync 1 DAGs
[2024-06-22 00:02:23,112] {logging_mixin.py:104} INFO - [2024-06-22 00:02:23,112] {dag.py:2280} INFO - Setting next_dagrun for example_trigger_target_dag to None
[2024-06-22 00:02:23,117] {scheduler_job.py:190} INFO - Processing /home/airflow/.local/lib/python3.6/site-packages/airflow/example_dags/example_trigger_target_dag.py took 0.035 seconds
[2024-06-22 00:02:53,833] {scheduler_job.py:182} INFO - Started process (PID=4401) to work on /home/airflow/.local/lib/python3.6/site-packages/airflow/example_dags/example_trigger_target_dag.py
[2024-06-22 00:02:53,834] {scheduler_job.py:629} INFO - Processing file /home/airflow/.local/lib/python3.6/site-packages/airflow/example_dags/example_trigger_target_dag.py for tasks to queue
[2024-06-22 00:02:53,834] {logging_mixin.py:104} INFO - [2024-06-22 00:02:53,834] {dagbag.py:451} INFO - Filling up the DagBag from /home/airflow/.local/lib/python3.6/site-packages/airflow/example_dags/example_trigger_target_dag.py
[2024-06-22 00:02:53,841] {scheduler_job.py:639} INFO - DAG(s) dict_keys(['example_trigger_target_dag']) retrieved from /home/airflow/.local/lib/python3.6/site-packages/airflow/example_dags/example_trigger_target_dag.py
[2024-06-22 00:02:53,853] {logging_mixin.py:104} INFO - [2024-06-22 00:02:53,853] {dag.py:1824} INFO - Sync 1 DAGs
[2024-06-22 00:02:53,862] {logging_mixin.py:104} INFO - [2024-06-22 00:02:53,862] {dag.py:2280} INFO - Setting next_dagrun for example_trigger_target_dag to None
[2024-06-22 00:02:53,867] {scheduler_job.py:190} INFO - Processing /home/airflow/.local/lib/python3.6/site-packages/airflow/example_dags/example_trigger_target_dag.py took 0.035 seconds
[2024-06-22 00:03:24,516] {scheduler_job.py:182} INFO - Started process (PID=4427) to work on /home/airflow/.local/lib/python3.6/site-packages/airflow/example_dags/example_trigger_target_dag.py
[2024-06-22 00:03:24,517] {scheduler_job.py:629} INFO - Processing file /home/airflow/.local/lib/python3.6/site-packages/airflow/example_dags/example_trigger_target_dag.py for tasks to queue
[2024-06-22 00:03:24,518] {logging_mixin.py:104} INFO - [2024-06-22 00:03:24,518] {dagbag.py:451} INFO - Filling up the DagBag from /home/airflow/.local/lib/python3.6/site-packages/airflow/example_dags/example_trigger_target_dag.py
[2024-06-22 00:03:24,524] {scheduler_job.py:639} INFO - DAG(s) dict_keys(['example_trigger_target_dag']) retrieved from /home/airflow/.local/lib/python3.6/site-packages/airflow/example_dags/example_trigger_target_dag.py
[2024-06-22 00:03:24,536] {logging_mixin.py:104} INFO - [2024-06-22 00:03:24,536] {dag.py:1824} INFO - Sync 1 DAGs
[2024-06-22 00:03:24,544] {logging_mixin.py:104} INFO - [2024-06-22 00:03:24,544] {dag.py:2280} INFO - Setting next_dagrun for example_trigger_target_dag to None
[2024-06-22 00:03:24,550] {scheduler_job.py:190} INFO - Processing /home/airflow/.local/lib/python3.6/site-packages/airflow/example_dags/example_trigger_target_dag.py took 0.035 seconds
[2024-06-22 00:03:55,213] {scheduler_job.py:182} INFO - Started process (PID=4453) to work on /home/airflow/.local/lib/python3.6/site-packages/airflow/example_dags/example_trigger_target_dag.py
[2024-06-22 00:03:55,214] {scheduler_job.py:629} INFO - Processing file /home/airflow/.local/lib/python3.6/site-packages/airflow/example_dags/example_trigger_target_dag.py for tasks to queue
[2024-06-22 00:03:55,214] {logging_mixin.py:104} INFO - [2024-06-22 00:03:55,214] {dagbag.py:451} INFO - Filling up the DagBag from /home/airflow/.local/lib/python3.6/site-packages/airflow/example_dags/example_trigger_target_dag.py
[2024-06-22 00:03:55,222] {scheduler_job.py:639} INFO - DAG(s) dict_keys(['example_trigger_target_dag']) retrieved from /home/airflow/.local/lib/python3.6/site-packages/airflow/example_dags/example_trigger_target_dag.py
[2024-06-22 00:03:55,234] {logging_mixin.py:104} INFO - [2024-06-22 00:03:55,234] {dag.py:1824} INFO - Sync 1 DAGs
[2024-06-22 00:03:55,242] {logging_mixin.py:104} INFO - [2024-06-22 00:03:55,242] {dag.py:2280} INFO - Setting next_dagrun for example_trigger_target_dag to None
[2024-06-22 00:03:55,247] {scheduler_job.py:190} INFO - Processing /home/airflow/.local/lib/python3.6/site-packages/airflow/example_dags/example_trigger_target_dag.py took 0.036 seconds
[2024-06-22 00:04:25,934] {scheduler_job.py:182} INFO - Started process (PID=4479) to work on /home/airflow/.local/lib/python3.6/site-packages/airflow/example_dags/example_trigger_target_dag.py
[2024-06-22 00:04:25,935] {scheduler_job.py:629} INFO - Processing file /home/airflow/.local/lib/python3.6/site-packages/airflow/example_dags/example_trigger_target_dag.py for tasks to queue
[2024-06-22 00:04:25,935] {logging_mixin.py:104} INFO - [2024-06-22 00:04:25,935] {dagbag.py:451} INFO - Filling up the DagBag from /home/airflow/.local/lib/python3.6/site-packages/airflow/example_dags/example_trigger_target_dag.py
[2024-06-22 00:04:25,941] {scheduler_job.py:639} INFO - DAG(s) dict_keys(['example_trigger_target_dag']) retrieved from /home/airflow/.local/lib/python3.6/site-packages/airflow/example_dags/example_trigger_target_dag.py
[2024-06-22 00:04:25,954] {logging_mixin.py:104} INFO - [2024-06-22 00:04:25,954] {dag.py:1824} INFO - Sync 1 DAGs
[2024-06-22 00:04:25,962] {logging_mixin.py:104} INFO - [2024-06-22 00:04:25,962] {dag.py:2280} INFO - Setting next_dagrun for example_trigger_target_dag to None
[2024-06-22 00:04:25,967] {scheduler_job.py:190} INFO - Processing /home/airflow/.local/lib/python3.6/site-packages/airflow/example_dags/example_trigger_target_dag.py took 0.035 seconds
[2024-06-22 00:04:56,698] {scheduler_job.py:182} INFO - Started process (PID=4505) to work on /home/airflow/.local/lib/python3.6/site-packages/airflow/example_dags/example_trigger_target_dag.py
[2024-06-22 00:04:56,699] {scheduler_job.py:629} INFO - Processing file /home/airflow/.local/lib/python3.6/site-packages/airflow/example_dags/example_trigger_target_dag.py for tasks to queue
[2024-06-22 00:04:56,699] {logging_mixin.py:104} INFO - [2024-06-22 00:04:56,699] {dagbag.py:451} INFO - Filling up the DagBag from /home/airflow/.local/lib/python3.6/site-packages/airflow/example_dags/example_trigger_target_dag.py
[2024-06-22 00:04:56,706] {scheduler_job.py:639} INFO - DAG(s) dict_keys(['example_trigger_target_dag']) retrieved from /home/airflow/.local/lib/python3.6/site-packages/airflow/example_dags/example_trigger_target_dag.py
[2024-06-22 00:04:56,719] {logging_mixin.py:104} INFO - [2024-06-22 00:04:56,719] {dag.py:1824} INFO - Sync 1 DAGs
[2024-06-22 00:04:56,727] {logging_mixin.py:104} INFO - [2024-06-22 00:04:56,727] {dag.py:2280} INFO - Setting next_dagrun for example_trigger_target_dag to None
[2024-06-22 00:04:56,733] {scheduler_job.py:190} INFO - Processing /home/airflow/.local/lib/python3.6/site-packages/airflow/example_dags/example_trigger_target_dag.py took 0.037 seconds
[2024-06-22 00:05:27,465] {scheduler_job.py:182} INFO - Started process (PID=4531) to work on /home/airflow/.local/lib/python3.6/site-packages/airflow/example_dags/example_trigger_target_dag.py
[2024-06-22 00:05:27,466] {scheduler_job.py:629} INFO - Processing file /home/airflow/.local/lib/python3.6/site-packages/airflow/example_dags/example_trigger_target_dag.py for tasks to queue
[2024-06-22 00:05:27,466] {logging_mixin.py:104} INFO - [2024-06-22 00:05:27,466] {dagbag.py:451} INFO - Filling up the DagBag from /home/airflow/.local/lib/python3.6/site-packages/airflow/example_dags/example_trigger_target_dag.py
[2024-06-22 00:05:27,473] {scheduler_job.py:639} INFO - DAG(s) dict_keys(['example_trigger_target_dag']) retrieved from /home/airflow/.local/lib/python3.6/site-packages/airflow/example_dags/example_trigger_target_dag.py
[2024-06-22 00:05:27,485] {logging_mixin.py:104} INFO - [2024-06-22 00:05:27,485] {dag.py:1824} INFO - Sync 1 DAGs
[2024-06-22 00:05:27,494] {logging_mixin.py:104} INFO - [2024-06-22 00:05:27,494] {dag.py:2280} INFO - Setting next_dagrun for example_trigger_target_dag to None
[2024-06-22 00:05:27,499] {scheduler_job.py:190} INFO - Processing /home/airflow/.local/lib/python3.6/site-packages/airflow/example_dags/example_trigger_target_dag.py took 0.036 seconds
[2024-06-22 00:05:58,211] {scheduler_job.py:182} INFO - Started process (PID=4557) to work on /home/airflow/.local/lib/python3.6/site-packages/airflow/example_dags/example_trigger_target_dag.py
[2024-06-22 00:05:58,212] {scheduler_job.py:629} INFO - Processing file /home/airflow/.local/lib/python3.6/site-packages/airflow/example_dags/example_trigger_target_dag.py for tasks to queue
[2024-06-22 00:05:58,212] {logging_mixin.py:104} INFO - [2024-06-22 00:05:58,212] {dagbag.py:451} INFO - Filling up the DagBag from /home/airflow/.local/lib/python3.6/site-packages/airflow/example_dags/example_trigger_target_dag.py
[2024-06-22 00:05:58,219] {scheduler_job.py:639} INFO - DAG(s) dict_keys(['example_trigger_target_dag']) retrieved from /home/airflow/.local/lib/python3.6/site-packages/airflow/example_dags/example_trigger_target_dag.py
[2024-06-22 00:05:58,231] {logging_mixin.py:104} INFO - [2024-06-22 00:05:58,231] {dag.py:1824} INFO - Sync 1 DAGs
[2024-06-22 00:05:58,239] {logging_mixin.py:104} INFO - [2024-06-22 00:05:58,239] {dag.py:2280} INFO - Setting next_dagrun for example_trigger_target_dag to None
[2024-06-22 00:05:58,244] {scheduler_job.py:190} INFO - Processing /home/airflow/.local/lib/python3.6/site-packages/airflow/example_dags/example_trigger_target_dag.py took 0.035 seconds
[2024-06-22 00:06:28,900] {scheduler_job.py:182} INFO - Started process (PID=4583) to work on /home/airflow/.local/lib/python3.6/site-packages/airflow/example_dags/example_trigger_target_dag.py
[2024-06-22 00:06:28,901] {scheduler_job.py:629} INFO - Processing file /home/airflow/.local/lib/python3.6/site-packages/airflow/example_dags/example_trigger_target_dag.py for tasks to queue
[2024-06-22 00:06:28,902] {logging_mixin.py:104} INFO - [2024-06-22 00:06:28,902] {dagbag.py:451} INFO - Filling up the DagBag from /home/airflow/.local/lib/python3.6/site-packages/airflow/example_dags/example_trigger_target_dag.py
[2024-06-22 00:06:28,908] {scheduler_job.py:639} INFO - DAG(s) dict_keys(['example_trigger_target_dag']) retrieved from /home/airflow/.local/lib/python3.6/site-packages/airflow/example_dags/example_trigger_target_dag.py
[2024-06-22 00:06:28,921] {logging_mixin.py:104} INFO - [2024-06-22 00:06:28,921] {dag.py:1824} INFO - Sync 1 DAGs
[2024-06-22 00:06:28,929] {logging_mixin.py:104} INFO - [2024-06-22 00:06:28,929] {dag.py:2280} INFO - Setting next_dagrun for example_trigger_target_dag to None
[2024-06-22 00:06:28,934] {scheduler_job.py:190} INFO - Processing /home/airflow/.local/lib/python3.6/site-packages/airflow/example_dags/example_trigger_target_dag.py took 0.036 seconds
[2024-06-22 00:06:59,571] {scheduler_job.py:182} INFO - Started process (PID=4609) to work on /home/airflow/.local/lib/python3.6/site-packages/airflow/example_dags/example_trigger_target_dag.py
[2024-06-22 00:06:59,572] {scheduler_job.py:629} INFO - Processing file /home/airflow/.local/lib/python3.6/site-packages/airflow/example_dags/example_trigger_target_dag.py for tasks to queue
[2024-06-22 00:06:59,572] {logging_mixin.py:104} INFO - [2024-06-22 00:06:59,572] {dagbag.py:451} INFO - Filling up the DagBag from /home/airflow/.local/lib/python3.6/site-packages/airflow/example_dags/example_trigger_target_dag.py
[2024-06-22 00:06:59,580] {scheduler_job.py:639} INFO - DAG(s) dict_keys(['example_trigger_target_dag']) retrieved from /home/airflow/.local/lib/python3.6/site-packages/airflow/example_dags/example_trigger_target_dag.py
[2024-06-22 00:06:59,592] {logging_mixin.py:104} INFO - [2024-06-22 00:06:59,592] {dag.py:1824} INFO - Sync 1 DAGs
[2024-06-22 00:06:59,601] {logging_mixin.py:104} INFO - [2024-06-22 00:06:59,601] {dag.py:2280} INFO - Setting next_dagrun for example_trigger_target_dag to None
[2024-06-22 00:06:59,606] {scheduler_job.py:190} INFO - Processing /home/airflow/.local/lib/python3.6/site-packages/airflow/example_dags/example_trigger_target_dag.py took 0.036 seconds
[2024-06-22 00:07:30,257] {scheduler_job.py:182} INFO - Started process (PID=4635) to work on /home/airflow/.local/lib/python3.6/site-packages/airflow/example_dags/example_trigger_target_dag.py
[2024-06-22 00:07:30,258] {scheduler_job.py:629} INFO - Processing file /home/airflow/.local/lib/python3.6/site-packages/airflow/example_dags/example_trigger_target_dag.py for tasks to queue
[2024-06-22 00:07:30,258] {logging_mixin.py:104} INFO - [2024-06-22 00:07:30,258] {dagbag.py:451} INFO - Filling up the DagBag from /home/airflow/.local/lib/python3.6/site-packages/airflow/example_dags/example_trigger_target_dag.py
[2024-06-22 00:07:30,265] {scheduler_job.py:639} INFO - DAG(s) dict_keys(['example_trigger_target_dag']) retrieved from /home/airflow/.local/lib/python3.6/site-packages/airflow/example_dags/example_trigger_target_dag.py
[2024-06-22 00:07:30,277] {logging_mixin.py:104} INFO - [2024-06-22 00:07:30,277] {dag.py:1824} INFO - Sync 1 DAGs
[2024-06-22 00:07:30,286] {logging_mixin.py:104} INFO - [2024-06-22 00:07:30,286] {dag.py:2280} INFO - Setting next_dagrun for example_trigger_target_dag to None
[2024-06-22 00:07:30,292] {scheduler_job.py:190} INFO - Processing /home/airflow/.local/lib/python3.6/site-packages/airflow/example_dags/example_trigger_target_dag.py took 0.036 seconds
[2024-06-22 00:08:00,964] {scheduler_job.py:182} INFO - Started process (PID=4661) to work on /home/airflow/.local/lib/python3.6/site-packages/airflow/example_dags/example_trigger_target_dag.py
[2024-06-22 00:08:00,965] {scheduler_job.py:629} INFO - Processing file /home/airflow/.local/lib/python3.6/site-packages/airflow/example_dags/example_trigger_target_dag.py for tasks to queue
[2024-06-22 00:08:00,965] {logging_mixin.py:104} INFO - [2024-06-22 00:08:00,965] {dagbag.py:451} INFO - Filling up the DagBag from /home/airflow/.local/lib/python3.6/site-packages/airflow/example_dags/example_trigger_target_dag.py
[2024-06-22 00:08:00,972] {scheduler_job.py:639} INFO - DAG(s) dict_keys(['example_trigger_target_dag']) retrieved from /home/airflow/.local/lib/python3.6/site-packages/airflow/example_dags/example_trigger_target_dag.py
[2024-06-22 00:08:00,985] {logging_mixin.py:104} INFO - [2024-06-22 00:08:00,984] {dag.py:1824} INFO - Sync 1 DAGs
[2024-06-22 00:08:00,993] {logging_mixin.py:104} INFO - [2024-06-22 00:08:00,993] {dag.py:2280} INFO - Setting next_dagrun for example_trigger_target_dag to None
[2024-06-22 00:08:00,999] {scheduler_job.py:190} INFO - Processing /home/airflow/.local/lib/python3.6/site-packages/airflow/example_dags/example_trigger_target_dag.py took 0.036 seconds
[2024-06-22 00:08:31,730] {scheduler_job.py:182} INFO - Started process (PID=4687) to work on /home/airflow/.local/lib/python3.6/site-packages/airflow/example_dags/example_trigger_target_dag.py
[2024-06-22 00:08:31,731] {scheduler_job.py:629} INFO - Processing file /home/airflow/.local/lib/python3.6/site-packages/airflow/example_dags/example_trigger_target_dag.py for tasks to queue
[2024-06-22 00:08:31,731] {logging_mixin.py:104} INFO - [2024-06-22 00:08:31,731] {dagbag.py:451} INFO - Filling up the DagBag from /home/airflow/.local/lib/python3.6/site-packages/airflow/example_dags/example_trigger_target_dag.py
[2024-06-22 00:08:31,738] {scheduler_job.py:639} INFO - DAG(s) dict_keys(['example_trigger_target_dag']) retrieved from /home/airflow/.local/lib/python3.6/site-packages/airflow/example_dags/example_trigger_target_dag.py
[2024-06-22 00:08:31,751] {logging_mixin.py:104} INFO - [2024-06-22 00:08:31,751] {dag.py:1824} INFO - Sync 1 DAGs
[2024-06-22 00:08:31,760] {logging_mixin.py:104} INFO - [2024-06-22 00:08:31,760] {dag.py:2280} INFO - Setting next_dagrun for example_trigger_target_dag to None
[2024-06-22 00:08:31,765] {scheduler_job.py:190} INFO - Processing /home/airflow/.local/lib/python3.6/site-packages/airflow/example_dags/example_trigger_target_dag.py took 0.037 seconds
[2024-06-22 00:09:02,500] {scheduler_job.py:182} INFO - Started process (PID=4713) to work on /home/airflow/.local/lib/python3.6/site-packages/airflow/example_dags/example_trigger_target_dag.py
[2024-06-22 00:09:02,500] {scheduler_job.py:629} INFO - Processing file /home/airflow/.local/lib/python3.6/site-packages/airflow/example_dags/example_trigger_target_dag.py for tasks to queue
[2024-06-22 00:09:02,501] {logging_mixin.py:104} INFO - [2024-06-22 00:09:02,501] {dagbag.py:451} INFO - Filling up the DagBag from /home/airflow/.local/lib/python3.6/site-packages/airflow/example_dags/example_trigger_target_dag.py
[2024-06-22 00:09:02,507] {scheduler_job.py:639} INFO - DAG(s) dict_keys(['example_trigger_target_dag']) retrieved from /home/airflow/.local/lib/python3.6/site-packages/airflow/example_dags/example_trigger_target_dag.py
[2024-06-22 00:09:02,520] {logging_mixin.py:104} INFO - [2024-06-22 00:09:02,520] {dag.py:1824} INFO - Sync 1 DAGs
[2024-06-22 00:09:02,529] {logging_mixin.py:104} INFO - [2024-06-22 00:09:02,529] {dag.py:2280} INFO - Setting next_dagrun for example_trigger_target_dag to None
[2024-06-22 00:09:02,534] {scheduler_job.py:190} INFO - Processing /home/airflow/.local/lib/python3.6/site-packages/airflow/example_dags/example_trigger_target_dag.py took 0.037 seconds
[2024-06-22 00:09:33,238] {scheduler_job.py:182} INFO - Started process (PID=4739) to work on /home/airflow/.local/lib/python3.6/site-packages/airflow/example_dags/example_trigger_target_dag.py
[2024-06-22 00:09:33,239] {scheduler_job.py:629} INFO - Processing file /home/airflow/.local/lib/python3.6/site-packages/airflow/example_dags/example_trigger_target_dag.py for tasks to queue
[2024-06-22 00:09:33,239] {logging_mixin.py:104} INFO - [2024-06-22 00:09:33,239] {dagbag.py:451} INFO - Filling up the DagBag from /home/airflow/.local/lib/python3.6/site-packages/airflow/example_dags/example_trigger_target_dag.py
[2024-06-22 00:09:33,247] {scheduler_job.py:639} INFO - DAG(s) dict_keys(['example_trigger_target_dag']) retrieved from /home/airflow/.local/lib/python3.6/site-packages/airflow/example_dags/example_trigger_target_dag.py
[2024-06-22 00:09:33,259] {logging_mixin.py:104} INFO - [2024-06-22 00:09:33,259] {dag.py:1824} INFO - Sync 1 DAGs
[2024-06-22 00:09:33,268] {logging_mixin.py:104} INFO - [2024-06-22 00:09:33,268] {dag.py:2280} INFO - Setting next_dagrun for example_trigger_target_dag to None
[2024-06-22 00:09:33,273] {scheduler_job.py:190} INFO - Processing /home/airflow/.local/lib/python3.6/site-packages/airflow/example_dags/example_trigger_target_dag.py took 0.037 seconds
[2024-06-22 00:10:03,945] {scheduler_job.py:182} INFO - Started process (PID=4765) to work on /home/airflow/.local/lib/python3.6/site-packages/airflow/example_dags/example_trigger_target_dag.py
[2024-06-22 00:10:03,945] {scheduler_job.py:629} INFO - Processing file /home/airflow/.local/lib/python3.6/site-packages/airflow/example_dags/example_trigger_target_dag.py for tasks to queue
[2024-06-22 00:10:03,946] {logging_mixin.py:104} INFO - [2024-06-22 00:10:03,946] {dagbag.py:451} INFO - Filling up the DagBag from /home/airflow/.local/lib/python3.6/site-packages/airflow/example_dags/example_trigger_target_dag.py
[2024-06-22 00:10:03,952] {scheduler_job.py:639} INFO - DAG(s) dict_keys(['example_trigger_target_dag']) retrieved from /home/airflow/.local/lib/python3.6/site-packages/airflow/example_dags/example_trigger_target_dag.py
[2024-06-22 00:10:03,964] {logging_mixin.py:104} INFO - [2024-06-22 00:10:03,964] {dag.py:1824} INFO - Sync 1 DAGs
[2024-06-22 00:10:03,972] {logging_mixin.py:104} INFO - [2024-06-22 00:10:03,972] {dag.py:2280} INFO - Setting next_dagrun for example_trigger_target_dag to None
[2024-06-22 00:10:03,978] {scheduler_job.py:190} INFO - Processing /home/airflow/.local/lib/python3.6/site-packages/airflow/example_dags/example_trigger_target_dag.py took 0.035 seconds
[2024-06-22 00:10:34,764] {scheduler_job.py:182} INFO - Started process (PID=4791) to work on /home/airflow/.local/lib/python3.6/site-packages/airflow/example_dags/example_trigger_target_dag.py
[2024-06-22 00:10:34,764] {scheduler_job.py:629} INFO - Processing file /home/airflow/.local/lib/python3.6/site-packages/airflow/example_dags/example_trigger_target_dag.py for tasks to queue
[2024-06-22 00:10:34,765] {logging_mixin.py:104} INFO - [2024-06-22 00:10:34,765] {dagbag.py:451} INFO - Filling up the DagBag from /home/airflow/.local/lib/python3.6/site-packages/airflow/example_dags/example_trigger_target_dag.py
[2024-06-22 00:10:34,772] {scheduler_job.py:639} INFO - DAG(s) dict_keys(['example_trigger_target_dag']) retrieved from /home/airflow/.local/lib/python3.6/site-packages/airflow/example_dags/example_trigger_target_dag.py
[2024-06-22 00:10:34,784] {logging_mixin.py:104} INFO - [2024-06-22 00:10:34,784] {dag.py:1824} INFO - Sync 1 DAGs
[2024-06-22 00:10:34,793] {logging_mixin.py:104} INFO - [2024-06-22 00:10:34,793] {dag.py:2280} INFO - Setting next_dagrun for example_trigger_target_dag to None
[2024-06-22 00:10:34,798] {scheduler_job.py:190} INFO - Processing /home/airflow/.local/lib/python3.6/site-packages/airflow/example_dags/example_trigger_target_dag.py took 0.036 seconds
[2024-06-22 00:11:05,537] {scheduler_job.py:182} INFO - Started process (PID=4817) to work on /home/airflow/.local/lib/python3.6/site-packages/airflow/example_dags/example_trigger_target_dag.py
[2024-06-22 00:11:05,538] {scheduler_job.py:629} INFO - Processing file /home/airflow/.local/lib/python3.6/site-packages/airflow/example_dags/example_trigger_target_dag.py for tasks to queue
[2024-06-22 00:11:05,539] {logging_mixin.py:104} INFO - [2024-06-22 00:11:05,538] {dagbag.py:451} INFO - Filling up the DagBag from /home/airflow/.local/lib/python3.6/site-packages/airflow/example_dags/example_trigger_target_dag.py
[2024-06-22 00:11:05,545] {scheduler_job.py:639} INFO - DAG(s) dict_keys(['example_trigger_target_dag']) retrieved from /home/airflow/.local/lib/python3.6/site-packages/airflow/example_dags/example_trigger_target_dag.py
[2024-06-22 00:11:05,558] {logging_mixin.py:104} INFO - [2024-06-22 00:11:05,558] {dag.py:1824} INFO - Sync 1 DAGs
[2024-06-22 00:11:05,567] {logging_mixin.py:104} INFO - [2024-06-22 00:11:05,567] {dag.py:2280} INFO - Setting next_dagrun for example_trigger_target_dag to None
[2024-06-22 00:11:05,572] {scheduler_job.py:190} INFO - Processing /home/airflow/.local/lib/python3.6/site-packages/airflow/example_dags/example_trigger_target_dag.py took 0.036 seconds
[2024-06-22 00:11:36,323] {scheduler_job.py:182} INFO - Started process (PID=4843) to work on /home/airflow/.local/lib/python3.6/site-packages/airflow/example_dags/example_trigger_target_dag.py
[2024-06-22 00:11:36,324] {scheduler_job.py:629} INFO - Processing file /home/airflow/.local/lib/python3.6/site-packages/airflow/example_dags/example_trigger_target_dag.py for tasks to queue
[2024-06-22 00:11:36,325] {logging_mixin.py:104} INFO - [2024-06-22 00:11:36,325] {dagbag.py:451} INFO - Filling up the DagBag from /home/airflow/.local/lib/python3.6/site-packages/airflow/example_dags/example_trigger_target_dag.py
[2024-06-22 00:11:36,331] {scheduler_job.py:639} INFO - DAG(s) dict_keys(['example_trigger_target_dag']) retrieved from /home/airflow/.local/lib/python3.6/site-packages/airflow/example_dags/example_trigger_target_dag.py
[2024-06-22 00:11:36,344] {logging_mixin.py:104} INFO - [2024-06-22 00:11:36,344] {dag.py:1824} INFO - Sync 1 DAGs
[2024-06-22 00:11:36,353] {logging_mixin.py:104} INFO - [2024-06-22 00:11:36,353] {dag.py:2280} INFO - Setting next_dagrun for example_trigger_target_dag to None
[2024-06-22 00:11:36,359] {scheduler_job.py:190} INFO - Processing /home/airflow/.local/lib/python3.6/site-packages/airflow/example_dags/example_trigger_target_dag.py took 0.037 seconds
[2024-06-22 00:12:07,010] {scheduler_job.py:182} INFO - Started process (PID=4869) to work on /home/airflow/.local/lib/python3.6/site-packages/airflow/example_dags/example_trigger_target_dag.py
[2024-06-22 00:12:07,011] {scheduler_job.py:629} INFO - Processing file /home/airflow/.local/lib/python3.6/site-packages/airflow/example_dags/example_trigger_target_dag.py for tasks to queue
[2024-06-22 00:12:07,012] {logging_mixin.py:104} INFO - [2024-06-22 00:12:07,012] {dagbag.py:451} INFO - Filling up the DagBag from /home/airflow/.local/lib/python3.6/site-packages/airflow/example_dags/example_trigger_target_dag.py
[2024-06-22 00:12:07,018] {scheduler_job.py:639} INFO - DAG(s) dict_keys(['example_trigger_target_dag']) retrieved from /home/airflow/.local/lib/python3.6/site-packages/airflow/example_dags/example_trigger_target_dag.py
[2024-06-22 00:12:07,031] {logging_mixin.py:104} INFO - [2024-06-22 00:12:07,030] {dag.py:1824} INFO - Sync 1 DAGs
[2024-06-22 00:12:07,039] {logging_mixin.py:104} INFO - [2024-06-22 00:12:07,039] {dag.py:2280} INFO - Setting next_dagrun for example_trigger_target_dag to None
[2024-06-22 00:12:07,044] {scheduler_job.py:190} INFO - Processing /home/airflow/.local/lib/python3.6/site-packages/airflow/example_dags/example_trigger_target_dag.py took 0.036 seconds
[2024-06-22 00:12:37,801] {scheduler_job.py:182} INFO - Started process (PID=4895) to work on /home/airflow/.local/lib/python3.6/site-packages/airflow/example_dags/example_trigger_target_dag.py
[2024-06-22 00:12:37,801] {scheduler_job.py:629} INFO - Processing file /home/airflow/.local/lib/python3.6/site-packages/airflow/example_dags/example_trigger_target_dag.py for tasks to queue
[2024-06-22 00:12:37,802] {logging_mixin.py:104} INFO - [2024-06-22 00:12:37,802] {dagbag.py:451} INFO - Filling up the DagBag from /home/airflow/.local/lib/python3.6/site-packages/airflow/example_dags/example_trigger_target_dag.py
[2024-06-22 00:12:37,808] {scheduler_job.py:639} INFO - DAG(s) dict_keys(['example_trigger_target_dag']) retrieved from /home/airflow/.local/lib/python3.6/site-packages/airflow/example_dags/example_trigger_target_dag.py
[2024-06-22 00:12:37,819] {logging_mixin.py:104} INFO - [2024-06-22 00:12:37,819] {dag.py:1824} INFO - Sync 1 DAGs
[2024-06-22 00:12:37,827] {logging_mixin.py:104} INFO - [2024-06-22 00:12:37,827] {dag.py:2280} INFO - Setting next_dagrun for example_trigger_target_dag to None
[2024-06-22 00:12:37,832] {scheduler_job.py:190} INFO - Processing /home/airflow/.local/lib/python3.6/site-packages/airflow/example_dags/example_trigger_target_dag.py took 0.033 seconds
[2024-06-22 00:13:08,612] {scheduler_job.py:182} INFO - Started process (PID=4921) to work on /home/airflow/.local/lib/python3.6/site-packages/airflow/example_dags/example_trigger_target_dag.py
[2024-06-22 00:13:08,613] {scheduler_job.py:629} INFO - Processing file /home/airflow/.local/lib/python3.6/site-packages/airflow/example_dags/example_trigger_target_dag.py for tasks to queue
[2024-06-22 00:13:08,614] {logging_mixin.py:104} INFO - [2024-06-22 00:13:08,614] {dagbag.py:451} INFO - Filling up the DagBag from /home/airflow/.local/lib/python3.6/site-packages/airflow/example_dags/example_trigger_target_dag.py
[2024-06-22 00:13:08,620] {scheduler_job.py:639} INFO - DAG(s) dict_keys(['example_trigger_target_dag']) retrieved from /home/airflow/.local/lib/python3.6/site-packages/airflow/example_dags/example_trigger_target_dag.py
[2024-06-22 00:13:08,632] {logging_mixin.py:104} INFO - [2024-06-22 00:13:08,632] {dag.py:1824} INFO - Sync 1 DAGs
[2024-06-22 00:13:08,640] {logging_mixin.py:104} INFO - [2024-06-22 00:13:08,640] {dag.py:2280} INFO - Setting next_dagrun for example_trigger_target_dag to None
[2024-06-22 00:13:08,646] {scheduler_job.py:190} INFO - Processing /home/airflow/.local/lib/python3.6/site-packages/airflow/example_dags/example_trigger_target_dag.py took 0.035 seconds
[2024-06-22 00:13:39,292] {scheduler_job.py:182} INFO - Started process (PID=4947) to work on /home/airflow/.local/lib/python3.6/site-packages/airflow/example_dags/example_trigger_target_dag.py
[2024-06-22 00:13:39,293] {scheduler_job.py:629} INFO - Processing file /home/airflow/.local/lib/python3.6/site-packages/airflow/example_dags/example_trigger_target_dag.py for tasks to queue
[2024-06-22 00:13:39,293] {logging_mixin.py:104} INFO - [2024-06-22 00:13:39,293] {dagbag.py:451} INFO - Filling up the DagBag from /home/airflow/.local/lib/python3.6/site-packages/airflow/example_dags/example_trigger_target_dag.py
[2024-06-22 00:13:39,300] {scheduler_job.py:639} INFO - DAG(s) dict_keys(['example_trigger_target_dag']) retrieved from /home/airflow/.local/lib/python3.6/site-packages/airflow/example_dags/example_trigger_target_dag.py
[2024-06-22 00:13:39,312] {logging_mixin.py:104} INFO - [2024-06-22 00:13:39,312] {dag.py:1824} INFO - Sync 1 DAGs
[2024-06-22 00:13:39,321] {logging_mixin.py:104} INFO - [2024-06-22 00:13:39,321] {dag.py:2280} INFO - Setting next_dagrun for example_trigger_target_dag to None
[2024-06-22 00:13:39,326] {scheduler_job.py:190} INFO - Processing /home/airflow/.local/lib/python3.6/site-packages/airflow/example_dags/example_trigger_target_dag.py took 0.036 seconds
[2024-06-22 00:14:10,062] {scheduler_job.py:182} INFO - Started process (PID=4973) to work on /home/airflow/.local/lib/python3.6/site-packages/airflow/example_dags/example_trigger_target_dag.py
[2024-06-22 00:14:10,063] {scheduler_job.py:629} INFO - Processing file /home/airflow/.local/lib/python3.6/site-packages/airflow/example_dags/example_trigger_target_dag.py for tasks to queue
[2024-06-22 00:14:10,063] {logging_mixin.py:104} INFO - [2024-06-22 00:14:10,063] {dagbag.py:451} INFO - Filling up the DagBag from /home/airflow/.local/lib/python3.6/site-packages/airflow/example_dags/example_trigger_target_dag.py
[2024-06-22 00:14:10,071] {scheduler_job.py:639} INFO - DAG(s) dict_keys(['example_trigger_target_dag']) retrieved from /home/airflow/.local/lib/python3.6/site-packages/airflow/example_dags/example_trigger_target_dag.py
[2024-06-22 00:14:10,085] {logging_mixin.py:104} INFO - [2024-06-22 00:14:10,085] {dag.py:1824} INFO - Sync 1 DAGs
[2024-06-22 00:14:10,096] {logging_mixin.py:104} INFO - [2024-06-22 00:14:10,096] {dag.py:2280} INFO - Setting next_dagrun for example_trigger_target_dag to None
[2024-06-22 00:14:10,102] {scheduler_job.py:190} INFO - Processing /home/airflow/.local/lib/python3.6/site-packages/airflow/example_dags/example_trigger_target_dag.py took 0.042 seconds
[2024-06-22 00:14:40,860] {scheduler_job.py:182} INFO - Started process (PID=4999) to work on /home/airflow/.local/lib/python3.6/site-packages/airflow/example_dags/example_trigger_target_dag.py
[2024-06-22 00:14:40,860] {scheduler_job.py:629} INFO - Processing file /home/airflow/.local/lib/python3.6/site-packages/airflow/example_dags/example_trigger_target_dag.py for tasks to queue
[2024-06-22 00:14:40,861] {logging_mixin.py:104} INFO - [2024-06-22 00:14:40,861] {dagbag.py:451} INFO - Filling up the DagBag from /home/airflow/.local/lib/python3.6/site-packages/airflow/example_dags/example_trigger_target_dag.py
[2024-06-22 00:14:40,867] {scheduler_job.py:639} INFO - DAG(s) dict_keys(['example_trigger_target_dag']) retrieved from /home/airflow/.local/lib/python3.6/site-packages/airflow/example_dags/example_trigger_target_dag.py
[2024-06-22 00:14:40,878] {logging_mixin.py:104} INFO - [2024-06-22 00:14:40,878] {dag.py:1824} INFO - Sync 1 DAGs
[2024-06-22 00:14:40,886] {logging_mixin.py:104} INFO - [2024-06-22 00:14:40,886] {dag.py:2280} INFO - Setting next_dagrun for example_trigger_target_dag to None
[2024-06-22 00:14:40,891] {scheduler_job.py:190} INFO - Processing /home/airflow/.local/lib/python3.6/site-packages/airflow/example_dags/example_trigger_target_dag.py took 0.033 seconds
[2024-06-22 00:15:11,601] {scheduler_job.py:182} INFO - Started process (PID=5025) to work on /home/airflow/.local/lib/python3.6/site-packages/airflow/example_dags/example_trigger_target_dag.py
[2024-06-22 00:15:11,602] {scheduler_job.py:629} INFO - Processing file /home/airflow/.local/lib/python3.6/site-packages/airflow/example_dags/example_trigger_target_dag.py for tasks to queue
[2024-06-22 00:15:11,602] {logging_mixin.py:104} INFO - [2024-06-22 00:15:11,602] {dagbag.py:451} INFO - Filling up the DagBag from /home/airflow/.local/lib/python3.6/site-packages/airflow/example_dags/example_trigger_target_dag.py
[2024-06-22 00:15:11,609] {scheduler_job.py:639} INFO - DAG(s) dict_keys(['example_trigger_target_dag']) retrieved from /home/airflow/.local/lib/python3.6/site-packages/airflow/example_dags/example_trigger_target_dag.py
[2024-06-22 00:15:11,622] {logging_mixin.py:104} INFO - [2024-06-22 00:15:11,621] {dag.py:1824} INFO - Sync 1 DAGs
[2024-06-22 00:15:11,630] {logging_mixin.py:104} INFO - [2024-06-22 00:15:11,630] {dag.py:2280} INFO - Setting next_dagrun for example_trigger_target_dag to None
[2024-06-22 00:15:11,635] {scheduler_job.py:190} INFO - Processing /home/airflow/.local/lib/python3.6/site-packages/airflow/example_dags/example_trigger_target_dag.py took 0.036 seconds
[2024-06-22 00:15:42,394] {scheduler_job.py:182} INFO - Started process (PID=5051) to work on /home/airflow/.local/lib/python3.6/site-packages/airflow/example_dags/example_trigger_target_dag.py
[2024-06-22 00:15:42,395] {scheduler_job.py:629} INFO - Processing file /home/airflow/.local/lib/python3.6/site-packages/airflow/example_dags/example_trigger_target_dag.py for tasks to queue
[2024-06-22 00:15:42,395] {logging_mixin.py:104} INFO - [2024-06-22 00:15:42,395] {dagbag.py:451} INFO - Filling up the DagBag from /home/airflow/.local/lib/python3.6/site-packages/airflow/example_dags/example_trigger_target_dag.py
[2024-06-22 00:15:42,402] {scheduler_job.py:639} INFO - DAG(s) dict_keys(['example_trigger_target_dag']) retrieved from /home/airflow/.local/lib/python3.6/site-packages/airflow/example_dags/example_trigger_target_dag.py
[2024-06-22 00:15:42,413] {logging_mixin.py:104} INFO - [2024-06-22 00:15:42,413] {dag.py:1824} INFO - Sync 1 DAGs
[2024-06-22 00:15:42,421] {logging_mixin.py:104} INFO - [2024-06-22 00:15:42,421] {dag.py:2280} INFO - Setting next_dagrun for example_trigger_target_dag to None
[2024-06-22 00:15:42,426] {scheduler_job.py:190} INFO - Processing /home/airflow/.local/lib/python3.6/site-packages/airflow/example_dags/example_trigger_target_dag.py took 0.034 seconds
[2024-06-22 00:16:13,151] {scheduler_job.py:182} INFO - Started process (PID=5077) to work on /home/airflow/.local/lib/python3.6/site-packages/airflow/example_dags/example_trigger_target_dag.py
[2024-06-22 00:16:13,152] {scheduler_job.py:629} INFO - Processing file /home/airflow/.local/lib/python3.6/site-packages/airflow/example_dags/example_trigger_target_dag.py for tasks to queue
[2024-06-22 00:16:13,153] {logging_mixin.py:104} INFO - [2024-06-22 00:16:13,153] {dagbag.py:451} INFO - Filling up the DagBag from /home/airflow/.local/lib/python3.6/site-packages/airflow/example_dags/example_trigger_target_dag.py
[2024-06-22 00:16:13,159] {scheduler_job.py:639} INFO - DAG(s) dict_keys(['example_trigger_target_dag']) retrieved from /home/airflow/.local/lib/python3.6/site-packages/airflow/example_dags/example_trigger_target_dag.py
[2024-06-22 00:16:13,171] {logging_mixin.py:104} INFO - [2024-06-22 00:16:13,171] {dag.py:1824} INFO - Sync 1 DAGs
[2024-06-22 00:16:13,179] {logging_mixin.py:104} INFO - [2024-06-22 00:16:13,179] {dag.py:2280} INFO - Setting next_dagrun for example_trigger_target_dag to None
[2024-06-22 00:16:13,184] {scheduler_job.py:190} INFO - Processing /home/airflow/.local/lib/python3.6/site-packages/airflow/example_dags/example_trigger_target_dag.py took 0.035 seconds
[2024-06-22 00:16:43,913] {scheduler_job.py:182} INFO - Started process (PID=5103) to work on /home/airflow/.local/lib/python3.6/site-packages/airflow/example_dags/example_trigger_target_dag.py
[2024-06-22 00:16:43,914] {scheduler_job.py:629} INFO - Processing file /home/airflow/.local/lib/python3.6/site-packages/airflow/example_dags/example_trigger_target_dag.py for tasks to queue
[2024-06-22 00:16:43,914] {logging_mixin.py:104} INFO - [2024-06-22 00:16:43,914] {dagbag.py:451} INFO - Filling up the DagBag from /home/airflow/.local/lib/python3.6/site-packages/airflow/example_dags/example_trigger_target_dag.py
[2024-06-22 00:16:43,922] {scheduler_job.py:639} INFO - DAG(s) dict_keys(['example_trigger_target_dag']) retrieved from /home/airflow/.local/lib/python3.6/site-packages/airflow/example_dags/example_trigger_target_dag.py
[2024-06-22 00:16:43,934] {logging_mixin.py:104} INFO - [2024-06-22 00:16:43,934] {dag.py:1824} INFO - Sync 1 DAGs
[2024-06-22 00:16:43,943] {logging_mixin.py:104} INFO - [2024-06-22 00:16:43,943] {dag.py:2280} INFO - Setting next_dagrun for example_trigger_target_dag to None
[2024-06-22 00:16:43,949] {scheduler_job.py:190} INFO - Processing /home/airflow/.local/lib/python3.6/site-packages/airflow/example_dags/example_trigger_target_dag.py took 0.037 seconds
[2024-06-22 00:17:14,685] {scheduler_job.py:182} INFO - Started process (PID=5129) to work on /home/airflow/.local/lib/python3.6/site-packages/airflow/example_dags/example_trigger_target_dag.py
[2024-06-22 00:17:14,686] {scheduler_job.py:629} INFO - Processing file /home/airflow/.local/lib/python3.6/site-packages/airflow/example_dags/example_trigger_target_dag.py for tasks to queue
[2024-06-22 00:17:14,686] {logging_mixin.py:104} INFO - [2024-06-22 00:17:14,686] {dagbag.py:451} INFO - Filling up the DagBag from /home/airflow/.local/lib/python3.6/site-packages/airflow/example_dags/example_trigger_target_dag.py
[2024-06-22 00:17:14,693] {scheduler_job.py:639} INFO - DAG(s) dict_keys(['example_trigger_target_dag']) retrieved from /home/airflow/.local/lib/python3.6/site-packages/airflow/example_dags/example_trigger_target_dag.py
[2024-06-22 00:17:14,705] {logging_mixin.py:104} INFO - [2024-06-22 00:17:14,705] {dag.py:1824} INFO - Sync 1 DAGs
[2024-06-22 00:17:14,718] {logging_mixin.py:104} INFO - [2024-06-22 00:17:14,718] {dag.py:2280} INFO - Setting next_dagrun for example_trigger_target_dag to None
[2024-06-22 00:17:14,724] {scheduler_job.py:190} INFO - Processing /home/airflow/.local/lib/python3.6/site-packages/airflow/example_dags/example_trigger_target_dag.py took 0.041 seconds
[2024-06-22 00:17:45,466] {scheduler_job.py:182} INFO - Started process (PID=5155) to work on /home/airflow/.local/lib/python3.6/site-packages/airflow/example_dags/example_trigger_target_dag.py
[2024-06-22 00:17:45,467] {scheduler_job.py:629} INFO - Processing file /home/airflow/.local/lib/python3.6/site-packages/airflow/example_dags/example_trigger_target_dag.py for tasks to queue
[2024-06-22 00:17:45,468] {logging_mixin.py:104} INFO - [2024-06-22 00:17:45,467] {dagbag.py:451} INFO - Filling up the DagBag from /home/airflow/.local/lib/python3.6/site-packages/airflow/example_dags/example_trigger_target_dag.py
[2024-06-22 00:17:45,474] {scheduler_job.py:639} INFO - DAG(s) dict_keys(['example_trigger_target_dag']) retrieved from /home/airflow/.local/lib/python3.6/site-packages/airflow/example_dags/example_trigger_target_dag.py
[2024-06-22 00:17:45,487] {logging_mixin.py:104} INFO - [2024-06-22 00:17:45,487] {dag.py:1824} INFO - Sync 1 DAGs
[2024-06-22 00:17:45,496] {logging_mixin.py:104} INFO - [2024-06-22 00:17:45,496] {dag.py:2280} INFO - Setting next_dagrun for example_trigger_target_dag to None
[2024-06-22 00:17:45,501] {scheduler_job.py:190} INFO - Processing /home/airflow/.local/lib/python3.6/site-packages/airflow/example_dags/example_trigger_target_dag.py took 0.037 seconds
[2024-06-22 00:18:16,228] {scheduler_job.py:182} INFO - Started process (PID=5181) to work on /home/airflow/.local/lib/python3.6/site-packages/airflow/example_dags/example_trigger_target_dag.py
[2024-06-22 00:18:16,229] {scheduler_job.py:629} INFO - Processing file /home/airflow/.local/lib/python3.6/site-packages/airflow/example_dags/example_trigger_target_dag.py for tasks to queue
[2024-06-22 00:18:16,230] {logging_mixin.py:104} INFO - [2024-06-22 00:18:16,230] {dagbag.py:451} INFO - Filling up the DagBag from /home/airflow/.local/lib/python3.6/site-packages/airflow/example_dags/example_trigger_target_dag.py
[2024-06-22 00:18:16,236] {scheduler_job.py:639} INFO - DAG(s) dict_keys(['example_trigger_target_dag']) retrieved from /home/airflow/.local/lib/python3.6/site-packages/airflow/example_dags/example_trigger_target_dag.py
[2024-06-22 00:18:16,249] {logging_mixin.py:104} INFO - [2024-06-22 00:18:16,249] {dag.py:1824} INFO - Sync 1 DAGs
[2024-06-22 00:18:16,257] {logging_mixin.py:104} INFO - [2024-06-22 00:18:16,257] {dag.py:2280} INFO - Setting next_dagrun for example_trigger_target_dag to None
[2024-06-22 00:18:16,262] {scheduler_job.py:190} INFO - Processing /home/airflow/.local/lib/python3.6/site-packages/airflow/example_dags/example_trigger_target_dag.py took 0.035 seconds
[2024-06-22 00:18:46,985] {scheduler_job.py:182} INFO - Started process (PID=5207) to work on /home/airflow/.local/lib/python3.6/site-packages/airflow/example_dags/example_trigger_target_dag.py
[2024-06-22 00:18:46,986] {scheduler_job.py:629} INFO - Processing file /home/airflow/.local/lib/python3.6/site-packages/airflow/example_dags/example_trigger_target_dag.py for tasks to queue
[2024-06-22 00:18:46,987] {logging_mixin.py:104} INFO - [2024-06-22 00:18:46,987] {dagbag.py:451} INFO - Filling up the DagBag from /home/airflow/.local/lib/python3.6/site-packages/airflow/example_dags/example_trigger_target_dag.py
[2024-06-22 00:18:46,993] {scheduler_job.py:639} INFO - DAG(s) dict_keys(['example_trigger_target_dag']) retrieved from /home/airflow/.local/lib/python3.6/site-packages/airflow/example_dags/example_trigger_target_dag.py
[2024-06-22 00:18:47,005] {logging_mixin.py:104} INFO - [2024-06-22 00:18:47,005] {dag.py:1824} INFO - Sync 1 DAGs
[2024-06-22 00:18:47,014] {logging_mixin.py:104} INFO - [2024-06-22 00:18:47,014] {dag.py:2280} INFO - Setting next_dagrun for example_trigger_target_dag to None
[2024-06-22 00:18:47,019] {scheduler_job.py:190} INFO - Processing /home/airflow/.local/lib/python3.6/site-packages/airflow/example_dags/example_trigger_target_dag.py took 0.036 seconds
[2024-06-22 00:19:17,756] {scheduler_job.py:182} INFO - Started process (PID=5233) to work on /home/airflow/.local/lib/python3.6/site-packages/airflow/example_dags/example_trigger_target_dag.py
[2024-06-22 00:19:17,757] {scheduler_job.py:629} INFO - Processing file /home/airflow/.local/lib/python3.6/site-packages/airflow/example_dags/example_trigger_target_dag.py for tasks to queue
[2024-06-22 00:19:17,758] {logging_mixin.py:104} INFO - [2024-06-22 00:19:17,758] {dagbag.py:451} INFO - Filling up the DagBag from /home/airflow/.local/lib/python3.6/site-packages/airflow/example_dags/example_trigger_target_dag.py
[2024-06-22 00:19:17,764] {scheduler_job.py:639} INFO - DAG(s) dict_keys(['example_trigger_target_dag']) retrieved from /home/airflow/.local/lib/python3.6/site-packages/airflow/example_dags/example_trigger_target_dag.py
[2024-06-22 00:19:17,777] {logging_mixin.py:104} INFO - [2024-06-22 00:19:17,776] {dag.py:1824} INFO - Sync 1 DAGs
[2024-06-22 00:19:17,785] {logging_mixin.py:104} INFO - [2024-06-22 00:19:17,785] {dag.py:2280} INFO - Setting next_dagrun for example_trigger_target_dag to None
[2024-06-22 00:19:17,790] {scheduler_job.py:190} INFO - Processing /home/airflow/.local/lib/python3.6/site-packages/airflow/example_dags/example_trigger_target_dag.py took 0.035 seconds
[2024-06-22 00:19:48,525] {scheduler_job.py:182} INFO - Started process (PID=5259) to work on /home/airflow/.local/lib/python3.6/site-packages/airflow/example_dags/example_trigger_target_dag.py
[2024-06-22 00:19:48,526] {scheduler_job.py:629} INFO - Processing file /home/airflow/.local/lib/python3.6/site-packages/airflow/example_dags/example_trigger_target_dag.py for tasks to queue
[2024-06-22 00:19:48,526] {logging_mixin.py:104} INFO - [2024-06-22 00:19:48,526] {dagbag.py:451} INFO - Filling up the DagBag from /home/airflow/.local/lib/python3.6/site-packages/airflow/example_dags/example_trigger_target_dag.py
[2024-06-22 00:19:48,533] {scheduler_job.py:639} INFO - DAG(s) dict_keys(['example_trigger_target_dag']) retrieved from /home/airflow/.local/lib/python3.6/site-packages/airflow/example_dags/example_trigger_target_dag.py
[2024-06-22 00:19:48,546] {logging_mixin.py:104} INFO - [2024-06-22 00:19:48,546] {dag.py:1824} INFO - Sync 1 DAGs
[2024-06-22 00:19:48,554] {logging_mixin.py:104} INFO - [2024-06-22 00:19:48,554] {dag.py:2280} INFO - Setting next_dagrun for example_trigger_target_dag to None
[2024-06-22 00:19:48,560] {scheduler_job.py:190} INFO - Processing /home/airflow/.local/lib/python3.6/site-packages/airflow/example_dags/example_trigger_target_dag.py took 0.036 seconds
[2024-06-22 00:20:19,185] {scheduler_job.py:182} INFO - Started process (PID=5285) to work on /home/airflow/.local/lib/python3.6/site-packages/airflow/example_dags/example_trigger_target_dag.py
[2024-06-22 00:20:19,186] {scheduler_job.py:629} INFO - Processing file /home/airflow/.local/lib/python3.6/site-packages/airflow/example_dags/example_trigger_target_dag.py for tasks to queue
[2024-06-22 00:20:19,186] {logging_mixin.py:104} INFO - [2024-06-22 00:20:19,186] {dagbag.py:451} INFO - Filling up the DagBag from /home/airflow/.local/lib/python3.6/site-packages/airflow/example_dags/example_trigger_target_dag.py
[2024-06-22 00:20:19,193] {scheduler_job.py:639} INFO - DAG(s) dict_keys(['example_trigger_target_dag']) retrieved from /home/airflow/.local/lib/python3.6/site-packages/airflow/example_dags/example_trigger_target_dag.py
[2024-06-22 00:20:19,205] {logging_mixin.py:104} INFO - [2024-06-22 00:20:19,204] {dag.py:1824} INFO - Sync 1 DAGs
[2024-06-22 00:20:19,213] {logging_mixin.py:104} INFO - [2024-06-22 00:20:19,213] {dag.py:2280} INFO - Setting next_dagrun for example_trigger_target_dag to None
[2024-06-22 00:20:19,219] {scheduler_job.py:190} INFO - Processing /home/airflow/.local/lib/python3.6/site-packages/airflow/example_dags/example_trigger_target_dag.py took 0.036 seconds
[2024-06-22 00:20:49,954] {scheduler_job.py:182} INFO - Started process (PID=5311) to work on /home/airflow/.local/lib/python3.6/site-packages/airflow/example_dags/example_trigger_target_dag.py
[2024-06-22 00:20:49,955] {scheduler_job.py:629} INFO - Processing file /home/airflow/.local/lib/python3.6/site-packages/airflow/example_dags/example_trigger_target_dag.py for tasks to queue
[2024-06-22 00:20:49,955] {logging_mixin.py:104} INFO - [2024-06-22 00:20:49,955] {dagbag.py:451} INFO - Filling up the DagBag from /home/airflow/.local/lib/python3.6/site-packages/airflow/example_dags/example_trigger_target_dag.py
[2024-06-22 00:20:49,962] {scheduler_job.py:639} INFO - DAG(s) dict_keys(['example_trigger_target_dag']) retrieved from /home/airflow/.local/lib/python3.6/site-packages/airflow/example_dags/example_trigger_target_dag.py
[2024-06-22 00:20:49,974] {logging_mixin.py:104} INFO - [2024-06-22 00:20:49,974] {dag.py:1824} INFO - Sync 1 DAGs
[2024-06-22 00:20:49,983] {logging_mixin.py:104} INFO - [2024-06-22 00:20:49,983] {dag.py:2280} INFO - Setting next_dagrun for example_trigger_target_dag to None
[2024-06-22 00:20:49,988] {scheduler_job.py:190} INFO - Processing /home/airflow/.local/lib/python3.6/site-packages/airflow/example_dags/example_trigger_target_dag.py took 0.036 seconds
[2024-06-22 00:21:20,642] {scheduler_job.py:182} INFO - Started process (PID=5337) to work on /home/airflow/.local/lib/python3.6/site-packages/airflow/example_dags/example_trigger_target_dag.py
[2024-06-22 00:21:20,643] {scheduler_job.py:629} INFO - Processing file /home/airflow/.local/lib/python3.6/site-packages/airflow/example_dags/example_trigger_target_dag.py for tasks to queue
[2024-06-22 00:21:20,644] {logging_mixin.py:104} INFO - [2024-06-22 00:21:20,644] {dagbag.py:451} INFO - Filling up the DagBag from /home/airflow/.local/lib/python3.6/site-packages/airflow/example_dags/example_trigger_target_dag.py
[2024-06-22 00:21:20,651] {scheduler_job.py:639} INFO - DAG(s) dict_keys(['example_trigger_target_dag']) retrieved from /home/airflow/.local/lib/python3.6/site-packages/airflow/example_dags/example_trigger_target_dag.py
[2024-06-22 00:21:20,663] {logging_mixin.py:104} INFO - [2024-06-22 00:21:20,663] {dag.py:1824} INFO - Sync 1 DAGs
[2024-06-22 00:21:20,671] {logging_mixin.py:104} INFO - [2024-06-22 00:21:20,671] {dag.py:2280} INFO - Setting next_dagrun for example_trigger_target_dag to None
[2024-06-22 00:21:20,677] {scheduler_job.py:190} INFO - Processing /home/airflow/.local/lib/python3.6/site-packages/airflow/example_dags/example_trigger_target_dag.py took 0.038 seconds
[2024-06-22 00:21:51,406] {scheduler_job.py:182} INFO - Started process (PID=5363) to work on /home/airflow/.local/lib/python3.6/site-packages/airflow/example_dags/example_trigger_target_dag.py
[2024-06-22 00:21:51,407] {scheduler_job.py:629} INFO - Processing file /home/airflow/.local/lib/python3.6/site-packages/airflow/example_dags/example_trigger_target_dag.py for tasks to queue
[2024-06-22 00:21:51,407] {logging_mixin.py:104} INFO - [2024-06-22 00:21:51,407] {dagbag.py:451} INFO - Filling up the DagBag from /home/airflow/.local/lib/python3.6/site-packages/airflow/example_dags/example_trigger_target_dag.py
[2024-06-22 00:21:51,414] {scheduler_job.py:639} INFO - DAG(s) dict_keys(['example_trigger_target_dag']) retrieved from /home/airflow/.local/lib/python3.6/site-packages/airflow/example_dags/example_trigger_target_dag.py
[2024-06-22 00:21:51,427] {logging_mixin.py:104} INFO - [2024-06-22 00:21:51,427] {dag.py:1824} INFO - Sync 1 DAGs
[2024-06-22 00:21:51,436] {logging_mixin.py:104} INFO - [2024-06-22 00:21:51,436] {dag.py:2280} INFO - Setting next_dagrun for example_trigger_target_dag to None
[2024-06-22 00:21:51,441] {scheduler_job.py:190} INFO - Processing /home/airflow/.local/lib/python3.6/site-packages/airflow/example_dags/example_trigger_target_dag.py took 0.038 seconds
[2024-06-22 00:22:22,101] {scheduler_job.py:182} INFO - Started process (PID=5389) to work on /home/airflow/.local/lib/python3.6/site-packages/airflow/example_dags/example_trigger_target_dag.py
[2024-06-22 00:22:22,102] {scheduler_job.py:629} INFO - Processing file /home/airflow/.local/lib/python3.6/site-packages/airflow/example_dags/example_trigger_target_dag.py for tasks to queue
[2024-06-22 00:22:22,102] {logging_mixin.py:104} INFO - [2024-06-22 00:22:22,102] {dagbag.py:451} INFO - Filling up the DagBag from /home/airflow/.local/lib/python3.6/site-packages/airflow/example_dags/example_trigger_target_dag.py
[2024-06-22 00:22:22,109] {scheduler_job.py:639} INFO - DAG(s) dict_keys(['example_trigger_target_dag']) retrieved from /home/airflow/.local/lib/python3.6/site-packages/airflow/example_dags/example_trigger_target_dag.py
[2024-06-22 00:22:22,122] {logging_mixin.py:104} INFO - [2024-06-22 00:22:22,122] {dag.py:1824} INFO - Sync 1 DAGs
[2024-06-22 00:22:22,130] {logging_mixin.py:104} INFO - [2024-06-22 00:22:22,130] {dag.py:2280} INFO - Setting next_dagrun for example_trigger_target_dag to None
[2024-06-22 00:22:22,135] {scheduler_job.py:190} INFO - Processing /home/airflow/.local/lib/python3.6/site-packages/airflow/example_dags/example_trigger_target_dag.py took 0.036 seconds
[2024-06-22 00:22:52,869] {scheduler_job.py:182} INFO - Started process (PID=5415) to work on /home/airflow/.local/lib/python3.6/site-packages/airflow/example_dags/example_trigger_target_dag.py
[2024-06-22 00:22:52,869] {scheduler_job.py:629} INFO - Processing file /home/airflow/.local/lib/python3.6/site-packages/airflow/example_dags/example_trigger_target_dag.py for tasks to queue
[2024-06-22 00:22:52,870] {logging_mixin.py:104} INFO - [2024-06-22 00:22:52,870] {dagbag.py:451} INFO - Filling up the DagBag from /home/airflow/.local/lib/python3.6/site-packages/airflow/example_dags/example_trigger_target_dag.py
[2024-06-22 00:22:52,876] {scheduler_job.py:639} INFO - DAG(s) dict_keys(['example_trigger_target_dag']) retrieved from /home/airflow/.local/lib/python3.6/site-packages/airflow/example_dags/example_trigger_target_dag.py
[2024-06-22 00:22:52,888] {logging_mixin.py:104} INFO - [2024-06-22 00:22:52,888] {dag.py:1824} INFO - Sync 1 DAGs
[2024-06-22 00:22:52,896] {logging_mixin.py:104} INFO - [2024-06-22 00:22:52,896] {dag.py:2280} INFO - Setting next_dagrun for example_trigger_target_dag to None
[2024-06-22 00:22:52,901] {scheduler_job.py:190} INFO - Processing /home/airflow/.local/lib/python3.6/site-packages/airflow/example_dags/example_trigger_target_dag.py took 0.034 seconds
[2024-06-22 00:23:23,618] {scheduler_job.py:182} INFO - Started process (PID=5441) to work on /home/airflow/.local/lib/python3.6/site-packages/airflow/example_dags/example_trigger_target_dag.py
[2024-06-22 00:23:23,619] {scheduler_job.py:629} INFO - Processing file /home/airflow/.local/lib/python3.6/site-packages/airflow/example_dags/example_trigger_target_dag.py for tasks to queue
[2024-06-22 00:23:23,619] {logging_mixin.py:104} INFO - [2024-06-22 00:23:23,619] {dagbag.py:451} INFO - Filling up the DagBag from /home/airflow/.local/lib/python3.6/site-packages/airflow/example_dags/example_trigger_target_dag.py
[2024-06-22 00:23:23,625] {scheduler_job.py:639} INFO - DAG(s) dict_keys(['example_trigger_target_dag']) retrieved from /home/airflow/.local/lib/python3.6/site-packages/airflow/example_dags/example_trigger_target_dag.py
[2024-06-22 00:23:23,636] {logging_mixin.py:104} INFO - [2024-06-22 00:23:23,636] {dag.py:1824} INFO - Sync 1 DAGs
[2024-06-22 00:23:23,644] {logging_mixin.py:104} INFO - [2024-06-22 00:23:23,644] {dag.py:2280} INFO - Setting next_dagrun for example_trigger_target_dag to None
[2024-06-22 00:23:23,649] {scheduler_job.py:190} INFO - Processing /home/airflow/.local/lib/python3.6/site-packages/airflow/example_dags/example_trigger_target_dag.py took 0.033 seconds
[2024-06-22 00:23:54,395] {scheduler_job.py:182} INFO - Started process (PID=5467) to work on /home/airflow/.local/lib/python3.6/site-packages/airflow/example_dags/example_trigger_target_dag.py
[2024-06-22 00:23:54,395] {scheduler_job.py:629} INFO - Processing file /home/airflow/.local/lib/python3.6/site-packages/airflow/example_dags/example_trigger_target_dag.py for tasks to queue
[2024-06-22 00:23:54,396] {logging_mixin.py:104} INFO - [2024-06-22 00:23:54,396] {dagbag.py:451} INFO - Filling up the DagBag from /home/airflow/.local/lib/python3.6/site-packages/airflow/example_dags/example_trigger_target_dag.py
[2024-06-22 00:23:54,402] {scheduler_job.py:639} INFO - DAG(s) dict_keys(['example_trigger_target_dag']) retrieved from /home/airflow/.local/lib/python3.6/site-packages/airflow/example_dags/example_trigger_target_dag.py
[2024-06-22 00:23:54,414] {logging_mixin.py:104} INFO - [2024-06-22 00:23:54,414] {dag.py:1824} INFO - Sync 1 DAGs
[2024-06-22 00:23:54,422] {logging_mixin.py:104} INFO - [2024-06-22 00:23:54,422] {dag.py:2280} INFO - Setting next_dagrun for example_trigger_target_dag to None
[2024-06-22 00:23:54,427] {scheduler_job.py:190} INFO - Processing /home/airflow/.local/lib/python3.6/site-packages/airflow/example_dags/example_trigger_target_dag.py took 0.034 seconds
[2024-06-22 00:24:25,235] {scheduler_job.py:182} INFO - Started process (PID=5493) to work on /home/airflow/.local/lib/python3.6/site-packages/airflow/example_dags/example_trigger_target_dag.py
[2024-06-22 00:24:25,236] {scheduler_job.py:629} INFO - Processing file /home/airflow/.local/lib/python3.6/site-packages/airflow/example_dags/example_trigger_target_dag.py for tasks to queue
[2024-06-22 00:24:25,236] {logging_mixin.py:104} INFO - [2024-06-22 00:24:25,236] {dagbag.py:451} INFO - Filling up the DagBag from /home/airflow/.local/lib/python3.6/site-packages/airflow/example_dags/example_trigger_target_dag.py
[2024-06-22 00:24:25,243] {scheduler_job.py:639} INFO - DAG(s) dict_keys(['example_trigger_target_dag']) retrieved from /home/airflow/.local/lib/python3.6/site-packages/airflow/example_dags/example_trigger_target_dag.py
[2024-06-22 00:24:25,255] {logging_mixin.py:104} INFO - [2024-06-22 00:24:25,255] {dag.py:1824} INFO - Sync 1 DAGs
[2024-06-22 00:24:25,263] {logging_mixin.py:104} INFO - [2024-06-22 00:24:25,263] {dag.py:2280} INFO - Setting next_dagrun for example_trigger_target_dag to None
[2024-06-22 00:24:25,268] {scheduler_job.py:190} INFO - Processing /home/airflow/.local/lib/python3.6/site-packages/airflow/example_dags/example_trigger_target_dag.py took 0.035 seconds
[2024-06-22 00:24:56,005] {scheduler_job.py:182} INFO - Started process (PID=5519) to work on /home/airflow/.local/lib/python3.6/site-packages/airflow/example_dags/example_trigger_target_dag.py
[2024-06-22 00:24:56,006] {scheduler_job.py:629} INFO - Processing file /home/airflow/.local/lib/python3.6/site-packages/airflow/example_dags/example_trigger_target_dag.py for tasks to queue
[2024-06-22 00:24:56,006] {logging_mixin.py:104} INFO - [2024-06-22 00:24:56,006] {dagbag.py:451} INFO - Filling up the DagBag from /home/airflow/.local/lib/python3.6/site-packages/airflow/example_dags/example_trigger_target_dag.py
[2024-06-22 00:24:56,013] {scheduler_job.py:639} INFO - DAG(s) dict_keys(['example_trigger_target_dag']) retrieved from /home/airflow/.local/lib/python3.6/site-packages/airflow/example_dags/example_trigger_target_dag.py
[2024-06-22 00:24:56,023] {logging_mixin.py:104} INFO - [2024-06-22 00:24:56,023] {dag.py:1824} INFO - Sync 1 DAGs
[2024-06-22 00:24:56,031] {logging_mixin.py:104} INFO - [2024-06-22 00:24:56,031] {dag.py:2280} INFO - Setting next_dagrun for example_trigger_target_dag to None
[2024-06-22 00:24:56,036] {scheduler_job.py:190} INFO - Processing /home/airflow/.local/lib/python3.6/site-packages/airflow/example_dags/example_trigger_target_dag.py took 0.034 seconds
[2024-06-22 23:26:22,431] {scheduler_job.py:182} INFO - Started process (PID=5545) to work on /home/airflow/.local/lib/python3.6/site-packages/airflow/example_dags/example_trigger_target_dag.py
[2024-06-22 23:26:22,433] {scheduler_job.py:629} INFO - Processing file /home/airflow/.local/lib/python3.6/site-packages/airflow/example_dags/example_trigger_target_dag.py for tasks to queue
[2024-06-22 23:26:22,434] {logging_mixin.py:104} INFO - [2024-06-22 23:26:22,434] {dagbag.py:451} INFO - Filling up the DagBag from /home/airflow/.local/lib/python3.6/site-packages/airflow/example_dags/example_trigger_target_dag.py
[2024-06-22 23:26:22,457] {scheduler_job.py:639} INFO - DAG(s) dict_keys(['example_trigger_target_dag']) retrieved from /home/airflow/.local/lib/python3.6/site-packages/airflow/example_dags/example_trigger_target_dag.py
[2024-06-22 23:26:22,495] {logging_mixin.py:104} INFO - [2024-06-22 23:26:22,495] {dag.py:1824} INFO - Sync 1 DAGs
[2024-06-22 23:26:22,521] {logging_mixin.py:104} INFO - [2024-06-22 23:26:22,521] {dag.py:2280} INFO - Setting next_dagrun for example_trigger_target_dag to None
[2024-06-22 23:26:22,546] {scheduler_job.py:190} INFO - Processing /home/airflow/.local/lib/python3.6/site-packages/airflow/example_dags/example_trigger_target_dag.py took 0.118 seconds
[2024-06-22 23:26:52,849] {scheduler_job.py:182} INFO - Started process (PID=5573) to work on /home/airflow/.local/lib/python3.6/site-packages/airflow/example_dags/example_trigger_target_dag.py
[2024-06-22 23:26:52,851] {scheduler_job.py:629} INFO - Processing file /home/airflow/.local/lib/python3.6/site-packages/airflow/example_dags/example_trigger_target_dag.py for tasks to queue
[2024-06-22 23:26:52,851] {logging_mixin.py:104} INFO - [2024-06-22 23:26:52,851] {dagbag.py:451} INFO - Filling up the DagBag from /home/airflow/.local/lib/python3.6/site-packages/airflow/example_dags/example_trigger_target_dag.py
[2024-06-22 23:26:52,857] {scheduler_job.py:639} INFO - DAG(s) dict_keys(['example_trigger_target_dag']) retrieved from /home/airflow/.local/lib/python3.6/site-packages/airflow/example_dags/example_trigger_target_dag.py
[2024-06-22 23:26:52,870] {logging_mixin.py:104} INFO - [2024-06-22 23:26:52,870] {dag.py:1824} INFO - Sync 1 DAGs
[2024-06-22 23:26:52,878] {logging_mixin.py:104} INFO - [2024-06-22 23:26:52,878] {dag.py:2280} INFO - Setting next_dagrun for example_trigger_target_dag to None
[2024-06-22 23:26:52,884] {scheduler_job.py:190} INFO - Processing /home/airflow/.local/lib/python3.6/site-packages/airflow/example_dags/example_trigger_target_dag.py took 0.036 seconds
[2024-06-22 23:27:23,533] {scheduler_job.py:182} INFO - Started process (PID=5593) to work on /home/airflow/.local/lib/python3.6/site-packages/airflow/example_dags/example_trigger_target_dag.py
[2024-06-22 23:27:23,534] {scheduler_job.py:629} INFO - Processing file /home/airflow/.local/lib/python3.6/site-packages/airflow/example_dags/example_trigger_target_dag.py for tasks to queue
[2024-06-22 23:27:23,534] {logging_mixin.py:104} INFO - [2024-06-22 23:27:23,534] {dagbag.py:451} INFO - Filling up the DagBag from /home/airflow/.local/lib/python3.6/site-packages/airflow/example_dags/example_trigger_target_dag.py
[2024-06-22 23:27:23,540] {scheduler_job.py:639} INFO - DAG(s) dict_keys(['example_trigger_target_dag']) retrieved from /home/airflow/.local/lib/python3.6/site-packages/airflow/example_dags/example_trigger_target_dag.py
[2024-06-22 23:27:23,551] {logging_mixin.py:104} INFO - [2024-06-22 23:27:23,551] {dag.py:1824} INFO - Sync 1 DAGs
[2024-06-22 23:27:23,559] {logging_mixin.py:104} INFO - [2024-06-22 23:27:23,559] {dag.py:2280} INFO - Setting next_dagrun for example_trigger_target_dag to None
[2024-06-22 23:27:23,566] {scheduler_job.py:190} INFO - Processing /home/airflow/.local/lib/python3.6/site-packages/airflow/example_dags/example_trigger_target_dag.py took 0.035 seconds
[2024-06-22 23:27:54,315] {scheduler_job.py:182} INFO - Started process (PID=5619) to work on /home/airflow/.local/lib/python3.6/site-packages/airflow/example_dags/example_trigger_target_dag.py
[2024-06-22 23:27:54,316] {scheduler_job.py:629} INFO - Processing file /home/airflow/.local/lib/python3.6/site-packages/airflow/example_dags/example_trigger_target_dag.py for tasks to queue
[2024-06-22 23:27:54,317] {logging_mixin.py:104} INFO - [2024-06-22 23:27:54,317] {dagbag.py:451} INFO - Filling up the DagBag from /home/airflow/.local/lib/python3.6/site-packages/airflow/example_dags/example_trigger_target_dag.py
[2024-06-22 23:27:54,323] {scheduler_job.py:639} INFO - DAG(s) dict_keys(['example_trigger_target_dag']) retrieved from /home/airflow/.local/lib/python3.6/site-packages/airflow/example_dags/example_trigger_target_dag.py
[2024-06-22 23:27:54,334] {logging_mixin.py:104} INFO - [2024-06-22 23:27:54,334] {dag.py:1824} INFO - Sync 1 DAGs
[2024-06-22 23:27:54,342] {logging_mixin.py:104} INFO - [2024-06-22 23:27:54,342] {dag.py:2280} INFO - Setting next_dagrun for example_trigger_target_dag to None
[2024-06-22 23:27:54,349] {scheduler_job.py:190} INFO - Processing /home/airflow/.local/lib/python3.6/site-packages/airflow/example_dags/example_trigger_target_dag.py took 0.035 seconds
[2024-06-22 23:28:25,084] {scheduler_job.py:182} INFO - Started process (PID=5645) to work on /home/airflow/.local/lib/python3.6/site-packages/airflow/example_dags/example_trigger_target_dag.py
[2024-06-22 23:28:25,085] {scheduler_job.py:629} INFO - Processing file /home/airflow/.local/lib/python3.6/site-packages/airflow/example_dags/example_trigger_target_dag.py for tasks to queue
[2024-06-22 23:28:25,085] {logging_mixin.py:104} INFO - [2024-06-22 23:28:25,085] {dagbag.py:451} INFO - Filling up the DagBag from /home/airflow/.local/lib/python3.6/site-packages/airflow/example_dags/example_trigger_target_dag.py
[2024-06-22 23:28:25,092] {scheduler_job.py:639} INFO - DAG(s) dict_keys(['example_trigger_target_dag']) retrieved from /home/airflow/.local/lib/python3.6/site-packages/airflow/example_dags/example_trigger_target_dag.py
[2024-06-22 23:28:25,102] {logging_mixin.py:104} INFO - [2024-06-22 23:28:25,102] {dag.py:1824} INFO - Sync 1 DAGs
[2024-06-22 23:28:25,110] {logging_mixin.py:104} INFO - [2024-06-22 23:28:25,110] {dag.py:2280} INFO - Setting next_dagrun for example_trigger_target_dag to None
[2024-06-22 23:28:25,117] {scheduler_job.py:190} INFO - Processing /home/airflow/.local/lib/python3.6/site-packages/airflow/example_dags/example_trigger_target_dag.py took 0.034 seconds
