[2024-06-22 00:00:21,145] {scheduler_job.py:182} INFO - Started process (PID=4278) to work on /home/airflow/.local/lib/python3.6/site-packages/airflow/example_dags/example_kubernetes_executor.py
[2024-06-22 00:00:21,145] {scheduler_job.py:629} INFO - Processing file /home/airflow/.local/lib/python3.6/site-packages/airflow/example_dags/example_kubernetes_executor.py for tasks to queue
[2024-06-22 00:00:21,146] {logging_mixin.py:104} INFO - [2024-06-22 00:00:21,146] {dagbag.py:451} INFO - Filling up the DagBag from /home/airflow/.local/lib/python3.6/site-packages/airflow/example_dags/example_kubernetes_executor.py
[2024-06-22 00:00:21,153] {scheduler_job.py:639} INFO - DAG(s) dict_keys(['example_kubernetes_executor']) retrieved from /home/airflow/.local/lib/python3.6/site-packages/airflow/example_dags/example_kubernetes_executor.py
[2024-06-22 00:00:21,166] {logging_mixin.py:104} INFO - [2024-06-22 00:00:21,166] {dag.py:1824} INFO - Sync 1 DAGs
[2024-06-22 00:00:21,174] {logging_mixin.py:104} INFO - [2024-06-22 00:00:21,174] {dag.py:2280} INFO - Setting next_dagrun for example_kubernetes_executor to None
[2024-06-22 00:00:21,181] {scheduler_job.py:190} INFO - Processing /home/airflow/.local/lib/python3.6/site-packages/airflow/example_dags/example_kubernetes_executor.py took 0.038 seconds
[2024-06-22 00:00:51,984] {scheduler_job.py:182} INFO - Started process (PID=4304) to work on /home/airflow/.local/lib/python3.6/site-packages/airflow/example_dags/example_kubernetes_executor.py
[2024-06-22 00:00:51,985] {scheduler_job.py:629} INFO - Processing file /home/airflow/.local/lib/python3.6/site-packages/airflow/example_dags/example_kubernetes_executor.py for tasks to queue
[2024-06-22 00:00:51,985] {logging_mixin.py:104} INFO - [2024-06-22 00:00:51,985] {dagbag.py:451} INFO - Filling up the DagBag from /home/airflow/.local/lib/python3.6/site-packages/airflow/example_dags/example_kubernetes_executor.py
[2024-06-22 00:00:51,992] {scheduler_job.py:639} INFO - DAG(s) dict_keys(['example_kubernetes_executor']) retrieved from /home/airflow/.local/lib/python3.6/site-packages/airflow/example_dags/example_kubernetes_executor.py
[2024-06-22 00:00:52,003] {logging_mixin.py:104} INFO - [2024-06-22 00:00:52,003] {dag.py:1824} INFO - Sync 1 DAGs
[2024-06-22 00:00:52,011] {logging_mixin.py:104} INFO - [2024-06-22 00:00:52,011] {dag.py:2280} INFO - Setting next_dagrun for example_kubernetes_executor to None
[2024-06-22 00:00:52,017] {scheduler_job.py:190} INFO - Processing /home/airflow/.local/lib/python3.6/site-packages/airflow/example_dags/example_kubernetes_executor.py took 0.034 seconds
[2024-06-22 00:01:22,786] {scheduler_job.py:182} INFO - Started process (PID=4330) to work on /home/airflow/.local/lib/python3.6/site-packages/airflow/example_dags/example_kubernetes_executor.py
[2024-06-22 00:01:22,787] {scheduler_job.py:629} INFO - Processing file /home/airflow/.local/lib/python3.6/site-packages/airflow/example_dags/example_kubernetes_executor.py for tasks to queue
[2024-06-22 00:01:22,788] {logging_mixin.py:104} INFO - [2024-06-22 00:01:22,788] {dagbag.py:451} INFO - Filling up the DagBag from /home/airflow/.local/lib/python3.6/site-packages/airflow/example_dags/example_kubernetes_executor.py
[2024-06-22 00:01:22,794] {scheduler_job.py:639} INFO - DAG(s) dict_keys(['example_kubernetes_executor']) retrieved from /home/airflow/.local/lib/python3.6/site-packages/airflow/example_dags/example_kubernetes_executor.py
[2024-06-22 00:01:22,807] {logging_mixin.py:104} INFO - [2024-06-22 00:01:22,806] {dag.py:1824} INFO - Sync 1 DAGs
[2024-06-22 00:01:22,815] {logging_mixin.py:104} INFO - [2024-06-22 00:01:22,815] {dag.py:2280} INFO - Setting next_dagrun for example_kubernetes_executor to None
[2024-06-22 00:01:22,821] {scheduler_job.py:190} INFO - Processing /home/airflow/.local/lib/python3.6/site-packages/airflow/example_dags/example_kubernetes_executor.py took 0.036 seconds
[2024-06-22 00:01:53,488] {scheduler_job.py:182} INFO - Started process (PID=4356) to work on /home/airflow/.local/lib/python3.6/site-packages/airflow/example_dags/example_kubernetes_executor.py
[2024-06-22 00:01:53,488] {scheduler_job.py:629} INFO - Processing file /home/airflow/.local/lib/python3.6/site-packages/airflow/example_dags/example_kubernetes_executor.py for tasks to queue
[2024-06-22 00:01:53,489] {logging_mixin.py:104} INFO - [2024-06-22 00:01:53,489] {dagbag.py:451} INFO - Filling up the DagBag from /home/airflow/.local/lib/python3.6/site-packages/airflow/example_dags/example_kubernetes_executor.py
[2024-06-22 00:01:53,495] {scheduler_job.py:639} INFO - DAG(s) dict_keys(['example_kubernetes_executor']) retrieved from /home/airflow/.local/lib/python3.6/site-packages/airflow/example_dags/example_kubernetes_executor.py
[2024-06-22 00:01:53,507] {logging_mixin.py:104} INFO - [2024-06-22 00:01:53,507] {dag.py:1824} INFO - Sync 1 DAGs
[2024-06-22 00:01:53,515] {logging_mixin.py:104} INFO - [2024-06-22 00:01:53,515] {dag.py:2280} INFO - Setting next_dagrun for example_kubernetes_executor to None
[2024-06-22 00:01:53,520] {scheduler_job.py:190} INFO - Processing /home/airflow/.local/lib/python3.6/site-packages/airflow/example_dags/example_kubernetes_executor.py took 0.034 seconds
[2024-06-22 00:02:24,232] {scheduler_job.py:182} INFO - Started process (PID=4382) to work on /home/airflow/.local/lib/python3.6/site-packages/airflow/example_dags/example_kubernetes_executor.py
[2024-06-22 00:02:24,233] {scheduler_job.py:629} INFO - Processing file /home/airflow/.local/lib/python3.6/site-packages/airflow/example_dags/example_kubernetes_executor.py for tasks to queue
[2024-06-22 00:02:24,233] {logging_mixin.py:104} INFO - [2024-06-22 00:02:24,233] {dagbag.py:451} INFO - Filling up the DagBag from /home/airflow/.local/lib/python3.6/site-packages/airflow/example_dags/example_kubernetes_executor.py
[2024-06-22 00:02:24,240] {scheduler_job.py:639} INFO - DAG(s) dict_keys(['example_kubernetes_executor']) retrieved from /home/airflow/.local/lib/python3.6/site-packages/airflow/example_dags/example_kubernetes_executor.py
[2024-06-22 00:02:24,251] {logging_mixin.py:104} INFO - [2024-06-22 00:02:24,251] {dag.py:1824} INFO - Sync 1 DAGs
[2024-06-22 00:02:24,259] {logging_mixin.py:104} INFO - [2024-06-22 00:02:24,259] {dag.py:2280} INFO - Setting next_dagrun for example_kubernetes_executor to None
[2024-06-22 00:02:24,264] {scheduler_job.py:190} INFO - Processing /home/airflow/.local/lib/python3.6/site-packages/airflow/example_dags/example_kubernetes_executor.py took 0.034 seconds
[2024-06-22 00:02:54,985] {scheduler_job.py:182} INFO - Started process (PID=4408) to work on /home/airflow/.local/lib/python3.6/site-packages/airflow/example_dags/example_kubernetes_executor.py
[2024-06-22 00:02:54,985] {scheduler_job.py:629} INFO - Processing file /home/airflow/.local/lib/python3.6/site-packages/airflow/example_dags/example_kubernetes_executor.py for tasks to queue
[2024-06-22 00:02:54,986] {logging_mixin.py:104} INFO - [2024-06-22 00:02:54,986] {dagbag.py:451} INFO - Filling up the DagBag from /home/airflow/.local/lib/python3.6/site-packages/airflow/example_dags/example_kubernetes_executor.py
[2024-06-22 00:02:54,993] {scheduler_job.py:639} INFO - DAG(s) dict_keys(['example_kubernetes_executor']) retrieved from /home/airflow/.local/lib/python3.6/site-packages/airflow/example_dags/example_kubernetes_executor.py
[2024-06-22 00:02:55,004] {logging_mixin.py:104} INFO - [2024-06-22 00:02:55,004] {dag.py:1824} INFO - Sync 1 DAGs
[2024-06-22 00:02:55,012] {logging_mixin.py:104} INFO - [2024-06-22 00:02:55,012] {dag.py:2280} INFO - Setting next_dagrun for example_kubernetes_executor to None
[2024-06-22 00:02:55,018] {scheduler_job.py:190} INFO - Processing /home/airflow/.local/lib/python3.6/site-packages/airflow/example_dags/example_kubernetes_executor.py took 0.035 seconds
[2024-06-22 00:03:25,664] {scheduler_job.py:182} INFO - Started process (PID=4434) to work on /home/airflow/.local/lib/python3.6/site-packages/airflow/example_dags/example_kubernetes_executor.py
[2024-06-22 00:03:25,665] {scheduler_job.py:629} INFO - Processing file /home/airflow/.local/lib/python3.6/site-packages/airflow/example_dags/example_kubernetes_executor.py for tasks to queue
[2024-06-22 00:03:25,665] {logging_mixin.py:104} INFO - [2024-06-22 00:03:25,665] {dagbag.py:451} INFO - Filling up the DagBag from /home/airflow/.local/lib/python3.6/site-packages/airflow/example_dags/example_kubernetes_executor.py
[2024-06-22 00:03:25,672] {scheduler_job.py:639} INFO - DAG(s) dict_keys(['example_kubernetes_executor']) retrieved from /home/airflow/.local/lib/python3.6/site-packages/airflow/example_dags/example_kubernetes_executor.py
[2024-06-22 00:03:25,683] {logging_mixin.py:104} INFO - [2024-06-22 00:03:25,683] {dag.py:1824} INFO - Sync 1 DAGs
[2024-06-22 00:03:25,692] {logging_mixin.py:104} INFO - [2024-06-22 00:03:25,692] {dag.py:2280} INFO - Setting next_dagrun for example_kubernetes_executor to None
[2024-06-22 00:03:25,697] {scheduler_job.py:190} INFO - Processing /home/airflow/.local/lib/python3.6/site-packages/airflow/example_dags/example_kubernetes_executor.py took 0.035 seconds
[2024-06-22 00:03:56,365] {scheduler_job.py:182} INFO - Started process (PID=4460) to work on /home/airflow/.local/lib/python3.6/site-packages/airflow/example_dags/example_kubernetes_executor.py
[2024-06-22 00:03:56,366] {scheduler_job.py:629} INFO - Processing file /home/airflow/.local/lib/python3.6/site-packages/airflow/example_dags/example_kubernetes_executor.py for tasks to queue
[2024-06-22 00:03:56,366] {logging_mixin.py:104} INFO - [2024-06-22 00:03:56,366] {dagbag.py:451} INFO - Filling up the DagBag from /home/airflow/.local/lib/python3.6/site-packages/airflow/example_dags/example_kubernetes_executor.py
[2024-06-22 00:03:56,373] {scheduler_job.py:639} INFO - DAG(s) dict_keys(['example_kubernetes_executor']) retrieved from /home/airflow/.local/lib/python3.6/site-packages/airflow/example_dags/example_kubernetes_executor.py
[2024-06-22 00:03:56,389] {logging_mixin.py:104} INFO - [2024-06-22 00:03:56,389] {dag.py:1824} INFO - Sync 1 DAGs
[2024-06-22 00:03:56,402] {logging_mixin.py:104} INFO - [2024-06-22 00:03:56,401] {dag.py:2280} INFO - Setting next_dagrun for example_kubernetes_executor to None
[2024-06-22 00:03:56,407] {scheduler_job.py:190} INFO - Processing /home/airflow/.local/lib/python3.6/site-packages/airflow/example_dags/example_kubernetes_executor.py took 0.044 seconds
[2024-06-22 00:04:27,195] {scheduler_job.py:182} INFO - Started process (PID=4486) to work on /home/airflow/.local/lib/python3.6/site-packages/airflow/example_dags/example_kubernetes_executor.py
[2024-06-22 00:04:27,196] {scheduler_job.py:629} INFO - Processing file /home/airflow/.local/lib/python3.6/site-packages/airflow/example_dags/example_kubernetes_executor.py for tasks to queue
[2024-06-22 00:04:27,196] {logging_mixin.py:104} INFO - [2024-06-22 00:04:27,196] {dagbag.py:451} INFO - Filling up the DagBag from /home/airflow/.local/lib/python3.6/site-packages/airflow/example_dags/example_kubernetes_executor.py
[2024-06-22 00:04:27,203] {scheduler_job.py:639} INFO - DAG(s) dict_keys(['example_kubernetes_executor']) retrieved from /home/airflow/.local/lib/python3.6/site-packages/airflow/example_dags/example_kubernetes_executor.py
[2024-06-22 00:04:27,215] {logging_mixin.py:104} INFO - [2024-06-22 00:04:27,215] {dag.py:1824} INFO - Sync 1 DAGs
[2024-06-22 00:04:27,223] {logging_mixin.py:104} INFO - [2024-06-22 00:04:27,223] {dag.py:2280} INFO - Setting next_dagrun for example_kubernetes_executor to None
[2024-06-22 00:04:27,229] {scheduler_job.py:190} INFO - Processing /home/airflow/.local/lib/python3.6/site-packages/airflow/example_dags/example_kubernetes_executor.py took 0.036 seconds
[2024-06-22 00:04:57,850] {scheduler_job.py:182} INFO - Started process (PID=4512) to work on /home/airflow/.local/lib/python3.6/site-packages/airflow/example_dags/example_kubernetes_executor.py
[2024-06-22 00:04:57,851] {scheduler_job.py:629} INFO - Processing file /home/airflow/.local/lib/python3.6/site-packages/airflow/example_dags/example_kubernetes_executor.py for tasks to queue
[2024-06-22 00:04:57,851] {logging_mixin.py:104} INFO - [2024-06-22 00:04:57,851] {dagbag.py:451} INFO - Filling up the DagBag from /home/airflow/.local/lib/python3.6/site-packages/airflow/example_dags/example_kubernetes_executor.py
[2024-06-22 00:04:57,858] {scheduler_job.py:639} INFO - DAG(s) dict_keys(['example_kubernetes_executor']) retrieved from /home/airflow/.local/lib/python3.6/site-packages/airflow/example_dags/example_kubernetes_executor.py
[2024-06-22 00:04:57,869] {logging_mixin.py:104} INFO - [2024-06-22 00:04:57,869] {dag.py:1824} INFO - Sync 1 DAGs
[2024-06-22 00:04:57,877] {logging_mixin.py:104} INFO - [2024-06-22 00:04:57,877] {dag.py:2280} INFO - Setting next_dagrun for example_kubernetes_executor to None
[2024-06-22 00:04:57,883] {scheduler_job.py:190} INFO - Processing /home/airflow/.local/lib/python3.6/site-packages/airflow/example_dags/example_kubernetes_executor.py took 0.035 seconds
[2024-06-22 00:05:28,615] {scheduler_job.py:182} INFO - Started process (PID=4538) to work on /home/airflow/.local/lib/python3.6/site-packages/airflow/example_dags/example_kubernetes_executor.py
[2024-06-22 00:05:28,615] {scheduler_job.py:629} INFO - Processing file /home/airflow/.local/lib/python3.6/site-packages/airflow/example_dags/example_kubernetes_executor.py for tasks to queue
[2024-06-22 00:05:28,616] {logging_mixin.py:104} INFO - [2024-06-22 00:05:28,616] {dagbag.py:451} INFO - Filling up the DagBag from /home/airflow/.local/lib/python3.6/site-packages/airflow/example_dags/example_kubernetes_executor.py
[2024-06-22 00:05:28,624] {scheduler_job.py:639} INFO - DAG(s) dict_keys(['example_kubernetes_executor']) retrieved from /home/airflow/.local/lib/python3.6/site-packages/airflow/example_dags/example_kubernetes_executor.py
[2024-06-22 00:05:28,635] {logging_mixin.py:104} INFO - [2024-06-22 00:05:28,635] {dag.py:1824} INFO - Sync 1 DAGs
[2024-06-22 00:05:28,643] {logging_mixin.py:104} INFO - [2024-06-22 00:05:28,643] {dag.py:2280} INFO - Setting next_dagrun for example_kubernetes_executor to None
[2024-06-22 00:05:28,648] {scheduler_job.py:190} INFO - Processing /home/airflow/.local/lib/python3.6/site-packages/airflow/example_dags/example_kubernetes_executor.py took 0.035 seconds
[2024-06-22 00:05:59,423] {scheduler_job.py:182} INFO - Started process (PID=4564) to work on /home/airflow/.local/lib/python3.6/site-packages/airflow/example_dags/example_kubernetes_executor.py
[2024-06-22 00:05:59,424] {scheduler_job.py:629} INFO - Processing file /home/airflow/.local/lib/python3.6/site-packages/airflow/example_dags/example_kubernetes_executor.py for tasks to queue
[2024-06-22 00:05:59,424] {logging_mixin.py:104} INFO - [2024-06-22 00:05:59,424] {dagbag.py:451} INFO - Filling up the DagBag from /home/airflow/.local/lib/python3.6/site-packages/airflow/example_dags/example_kubernetes_executor.py
[2024-06-22 00:05:59,431] {scheduler_job.py:639} INFO - DAG(s) dict_keys(['example_kubernetes_executor']) retrieved from /home/airflow/.local/lib/python3.6/site-packages/airflow/example_dags/example_kubernetes_executor.py
[2024-06-22 00:05:59,443] {logging_mixin.py:104} INFO - [2024-06-22 00:05:59,443] {dag.py:1824} INFO - Sync 1 DAGs
[2024-06-22 00:05:59,452] {logging_mixin.py:104} INFO - [2024-06-22 00:05:59,452] {dag.py:2280} INFO - Setting next_dagrun for example_kubernetes_executor to None
[2024-06-22 00:05:59,458] {scheduler_job.py:190} INFO - Processing /home/airflow/.local/lib/python3.6/site-packages/airflow/example_dags/example_kubernetes_executor.py took 0.036 seconds
[2024-06-22 00:06:30,054] {scheduler_job.py:182} INFO - Started process (PID=4590) to work on /home/airflow/.local/lib/python3.6/site-packages/airflow/example_dags/example_kubernetes_executor.py
[2024-06-22 00:06:30,055] {scheduler_job.py:629} INFO - Processing file /home/airflow/.local/lib/python3.6/site-packages/airflow/example_dags/example_kubernetes_executor.py for tasks to queue
[2024-06-22 00:06:30,055] {logging_mixin.py:104} INFO - [2024-06-22 00:06:30,055] {dagbag.py:451} INFO - Filling up the DagBag from /home/airflow/.local/lib/python3.6/site-packages/airflow/example_dags/example_kubernetes_executor.py
[2024-06-22 00:06:30,062] {scheduler_job.py:639} INFO - DAG(s) dict_keys(['example_kubernetes_executor']) retrieved from /home/airflow/.local/lib/python3.6/site-packages/airflow/example_dags/example_kubernetes_executor.py
[2024-06-22 00:06:30,073] {logging_mixin.py:104} INFO - [2024-06-22 00:06:30,073] {dag.py:1824} INFO - Sync 1 DAGs
[2024-06-22 00:06:30,081] {logging_mixin.py:104} INFO - [2024-06-22 00:06:30,081] {dag.py:2280} INFO - Setting next_dagrun for example_kubernetes_executor to None
[2024-06-22 00:06:30,086] {scheduler_job.py:190} INFO - Processing /home/airflow/.local/lib/python3.6/site-packages/airflow/example_dags/example_kubernetes_executor.py took 0.034 seconds
[2024-06-22 00:07:00,725] {scheduler_job.py:182} INFO - Started process (PID=4616) to work on /home/airflow/.local/lib/python3.6/site-packages/airflow/example_dags/example_kubernetes_executor.py
[2024-06-22 00:07:00,726] {scheduler_job.py:629} INFO - Processing file /home/airflow/.local/lib/python3.6/site-packages/airflow/example_dags/example_kubernetes_executor.py for tasks to queue
[2024-06-22 00:07:00,726] {logging_mixin.py:104} INFO - [2024-06-22 00:07:00,726] {dagbag.py:451} INFO - Filling up the DagBag from /home/airflow/.local/lib/python3.6/site-packages/airflow/example_dags/example_kubernetes_executor.py
[2024-06-22 00:07:00,733] {scheduler_job.py:639} INFO - DAG(s) dict_keys(['example_kubernetes_executor']) retrieved from /home/airflow/.local/lib/python3.6/site-packages/airflow/example_dags/example_kubernetes_executor.py
[2024-06-22 00:07:00,744] {logging_mixin.py:104} INFO - [2024-06-22 00:07:00,744] {dag.py:1824} INFO - Sync 1 DAGs
[2024-06-22 00:07:00,753] {logging_mixin.py:104} INFO - [2024-06-22 00:07:00,753] {dag.py:2280} INFO - Setting next_dagrun for example_kubernetes_executor to None
[2024-06-22 00:07:00,758] {scheduler_job.py:190} INFO - Processing /home/airflow/.local/lib/python3.6/site-packages/airflow/example_dags/example_kubernetes_executor.py took 0.035 seconds
[2024-06-22 00:07:31,411] {scheduler_job.py:182} INFO - Started process (PID=4642) to work on /home/airflow/.local/lib/python3.6/site-packages/airflow/example_dags/example_kubernetes_executor.py
[2024-06-22 00:07:31,411] {scheduler_job.py:629} INFO - Processing file /home/airflow/.local/lib/python3.6/site-packages/airflow/example_dags/example_kubernetes_executor.py for tasks to queue
[2024-06-22 00:07:31,412] {logging_mixin.py:104} INFO - [2024-06-22 00:07:31,412] {dagbag.py:451} INFO - Filling up the DagBag from /home/airflow/.local/lib/python3.6/site-packages/airflow/example_dags/example_kubernetes_executor.py
[2024-06-22 00:07:31,419] {scheduler_job.py:639} INFO - DAG(s) dict_keys(['example_kubernetes_executor']) retrieved from /home/airflow/.local/lib/python3.6/site-packages/airflow/example_dags/example_kubernetes_executor.py
[2024-06-22 00:07:31,430] {logging_mixin.py:104} INFO - [2024-06-22 00:07:31,430] {dag.py:1824} INFO - Sync 1 DAGs
[2024-06-22 00:07:31,438] {logging_mixin.py:104} INFO - [2024-06-22 00:07:31,438] {dag.py:2280} INFO - Setting next_dagrun for example_kubernetes_executor to None
[2024-06-22 00:07:31,444] {scheduler_job.py:190} INFO - Processing /home/airflow/.local/lib/python3.6/site-packages/airflow/example_dags/example_kubernetes_executor.py took 0.035 seconds
[2024-06-22 00:08:02,180] {scheduler_job.py:182} INFO - Started process (PID=4668) to work on /home/airflow/.local/lib/python3.6/site-packages/airflow/example_dags/example_kubernetes_executor.py
[2024-06-22 00:08:02,181] {scheduler_job.py:629} INFO - Processing file /home/airflow/.local/lib/python3.6/site-packages/airflow/example_dags/example_kubernetes_executor.py for tasks to queue
[2024-06-22 00:08:02,181] {logging_mixin.py:104} INFO - [2024-06-22 00:08:02,181] {dagbag.py:451} INFO - Filling up the DagBag from /home/airflow/.local/lib/python3.6/site-packages/airflow/example_dags/example_kubernetes_executor.py
[2024-06-22 00:08:02,188] {scheduler_job.py:639} INFO - DAG(s) dict_keys(['example_kubernetes_executor']) retrieved from /home/airflow/.local/lib/python3.6/site-packages/airflow/example_dags/example_kubernetes_executor.py
[2024-06-22 00:08:02,200] {logging_mixin.py:104} INFO - [2024-06-22 00:08:02,200] {dag.py:1824} INFO - Sync 1 DAGs
[2024-06-22 00:08:02,208] {logging_mixin.py:104} INFO - [2024-06-22 00:08:02,208] {dag.py:2280} INFO - Setting next_dagrun for example_kubernetes_executor to None
[2024-06-22 00:08:02,214] {scheduler_job.py:190} INFO - Processing /home/airflow/.local/lib/python3.6/site-packages/airflow/example_dags/example_kubernetes_executor.py took 0.036 seconds
[2024-06-22 00:08:32,886] {scheduler_job.py:182} INFO - Started process (PID=4694) to work on /home/airflow/.local/lib/python3.6/site-packages/airflow/example_dags/example_kubernetes_executor.py
[2024-06-22 00:08:32,887] {scheduler_job.py:629} INFO - Processing file /home/airflow/.local/lib/python3.6/site-packages/airflow/example_dags/example_kubernetes_executor.py for tasks to queue
[2024-06-22 00:08:32,887] {logging_mixin.py:104} INFO - [2024-06-22 00:08:32,887] {dagbag.py:451} INFO - Filling up the DagBag from /home/airflow/.local/lib/python3.6/site-packages/airflow/example_dags/example_kubernetes_executor.py
[2024-06-22 00:08:32,894] {scheduler_job.py:639} INFO - DAG(s) dict_keys(['example_kubernetes_executor']) retrieved from /home/airflow/.local/lib/python3.6/site-packages/airflow/example_dags/example_kubernetes_executor.py
[2024-06-22 00:08:32,905] {logging_mixin.py:104} INFO - [2024-06-22 00:08:32,905] {dag.py:1824} INFO - Sync 1 DAGs
[2024-06-22 00:08:32,914] {logging_mixin.py:104} INFO - [2024-06-22 00:08:32,914] {dag.py:2280} INFO - Setting next_dagrun for example_kubernetes_executor to None
[2024-06-22 00:08:32,919] {scheduler_job.py:190} INFO - Processing /home/airflow/.local/lib/python3.6/site-packages/airflow/example_dags/example_kubernetes_executor.py took 0.035 seconds
[2024-06-22 00:09:03,717] {scheduler_job.py:182} INFO - Started process (PID=4720) to work on /home/airflow/.local/lib/python3.6/site-packages/airflow/example_dags/example_kubernetes_executor.py
[2024-06-22 00:09:03,718] {scheduler_job.py:629} INFO - Processing file /home/airflow/.local/lib/python3.6/site-packages/airflow/example_dags/example_kubernetes_executor.py for tasks to queue
[2024-06-22 00:09:03,718] {logging_mixin.py:104} INFO - [2024-06-22 00:09:03,718] {dagbag.py:451} INFO - Filling up the DagBag from /home/airflow/.local/lib/python3.6/site-packages/airflow/example_dags/example_kubernetes_executor.py
[2024-06-22 00:09:03,725] {scheduler_job.py:639} INFO - DAG(s) dict_keys(['example_kubernetes_executor']) retrieved from /home/airflow/.local/lib/python3.6/site-packages/airflow/example_dags/example_kubernetes_executor.py
[2024-06-22 00:09:03,737] {logging_mixin.py:104} INFO - [2024-06-22 00:09:03,737] {dag.py:1824} INFO - Sync 1 DAGs
[2024-06-22 00:09:03,746] {logging_mixin.py:104} INFO - [2024-06-22 00:09:03,746] {dag.py:2280} INFO - Setting next_dagrun for example_kubernetes_executor to None
[2024-06-22 00:09:03,752] {scheduler_job.py:190} INFO - Processing /home/airflow/.local/lib/python3.6/site-packages/airflow/example_dags/example_kubernetes_executor.py took 0.036 seconds
[2024-06-22 00:09:34,391] {scheduler_job.py:182} INFO - Started process (PID=4746) to work on /home/airflow/.local/lib/python3.6/site-packages/airflow/example_dags/example_kubernetes_executor.py
[2024-06-22 00:09:34,391] {scheduler_job.py:629} INFO - Processing file /home/airflow/.local/lib/python3.6/site-packages/airflow/example_dags/example_kubernetes_executor.py for tasks to queue
[2024-06-22 00:09:34,392] {logging_mixin.py:104} INFO - [2024-06-22 00:09:34,392] {dagbag.py:451} INFO - Filling up the DagBag from /home/airflow/.local/lib/python3.6/site-packages/airflow/example_dags/example_kubernetes_executor.py
[2024-06-22 00:09:34,399] {scheduler_job.py:639} INFO - DAG(s) dict_keys(['example_kubernetes_executor']) retrieved from /home/airflow/.local/lib/python3.6/site-packages/airflow/example_dags/example_kubernetes_executor.py
[2024-06-22 00:09:34,410] {logging_mixin.py:104} INFO - [2024-06-22 00:09:34,410] {dag.py:1824} INFO - Sync 1 DAGs
[2024-06-22 00:09:34,418] {logging_mixin.py:104} INFO - [2024-06-22 00:09:34,418] {dag.py:2280} INFO - Setting next_dagrun for example_kubernetes_executor to None
[2024-06-22 00:09:34,424] {scheduler_job.py:190} INFO - Processing /home/airflow/.local/lib/python3.6/site-packages/airflow/example_dags/example_kubernetes_executor.py took 0.035 seconds
[2024-06-22 00:10:05,147] {scheduler_job.py:182} INFO - Started process (PID=4772) to work on /home/airflow/.local/lib/python3.6/site-packages/airflow/example_dags/example_kubernetes_executor.py
[2024-06-22 00:10:05,148] {scheduler_job.py:629} INFO - Processing file /home/airflow/.local/lib/python3.6/site-packages/airflow/example_dags/example_kubernetes_executor.py for tasks to queue
[2024-06-22 00:10:05,149] {logging_mixin.py:104} INFO - [2024-06-22 00:10:05,149] {dagbag.py:451} INFO - Filling up the DagBag from /home/airflow/.local/lib/python3.6/site-packages/airflow/example_dags/example_kubernetes_executor.py
[2024-06-22 00:10:05,156] {scheduler_job.py:639} INFO - DAG(s) dict_keys(['example_kubernetes_executor']) retrieved from /home/airflow/.local/lib/python3.6/site-packages/airflow/example_dags/example_kubernetes_executor.py
[2024-06-22 00:10:05,167] {logging_mixin.py:104} INFO - [2024-06-22 00:10:05,167] {dag.py:1824} INFO - Sync 1 DAGs
[2024-06-22 00:10:05,175] {logging_mixin.py:104} INFO - [2024-06-22 00:10:05,175] {dag.py:2280} INFO - Setting next_dagrun for example_kubernetes_executor to None
[2024-06-22 00:10:05,181] {scheduler_job.py:190} INFO - Processing /home/airflow/.local/lib/python3.6/site-packages/airflow/example_dags/example_kubernetes_executor.py took 0.036 seconds
[2024-06-22 00:10:35,974] {scheduler_job.py:182} INFO - Started process (PID=4798) to work on /home/airflow/.local/lib/python3.6/site-packages/airflow/example_dags/example_kubernetes_executor.py
[2024-06-22 00:10:35,975] {scheduler_job.py:629} INFO - Processing file /home/airflow/.local/lib/python3.6/site-packages/airflow/example_dags/example_kubernetes_executor.py for tasks to queue
[2024-06-22 00:10:35,976] {logging_mixin.py:104} INFO - [2024-06-22 00:10:35,976] {dagbag.py:451} INFO - Filling up the DagBag from /home/airflow/.local/lib/python3.6/site-packages/airflow/example_dags/example_kubernetes_executor.py
[2024-06-22 00:10:35,983] {scheduler_job.py:639} INFO - DAG(s) dict_keys(['example_kubernetes_executor']) retrieved from /home/airflow/.local/lib/python3.6/site-packages/airflow/example_dags/example_kubernetes_executor.py
[2024-06-22 00:10:35,995] {logging_mixin.py:104} INFO - [2024-06-22 00:10:35,995] {dag.py:1824} INFO - Sync 1 DAGs
[2024-06-22 00:10:36,003] {logging_mixin.py:104} INFO - [2024-06-22 00:10:36,003] {dag.py:2280} INFO - Setting next_dagrun for example_kubernetes_executor to None
[2024-06-22 00:10:36,009] {scheduler_job.py:190} INFO - Processing /home/airflow/.local/lib/python3.6/site-packages/airflow/example_dags/example_kubernetes_executor.py took 0.036 seconds
[2024-06-22 00:11:06,690] {scheduler_job.py:182} INFO - Started process (PID=4824) to work on /home/airflow/.local/lib/python3.6/site-packages/airflow/example_dags/example_kubernetes_executor.py
[2024-06-22 00:11:06,691] {scheduler_job.py:629} INFO - Processing file /home/airflow/.local/lib/python3.6/site-packages/airflow/example_dags/example_kubernetes_executor.py for tasks to queue
[2024-06-22 00:11:06,691] {logging_mixin.py:104} INFO - [2024-06-22 00:11:06,691] {dagbag.py:451} INFO - Filling up the DagBag from /home/airflow/.local/lib/python3.6/site-packages/airflow/example_dags/example_kubernetes_executor.py
[2024-06-22 00:11:06,698] {scheduler_job.py:639} INFO - DAG(s) dict_keys(['example_kubernetes_executor']) retrieved from /home/airflow/.local/lib/python3.6/site-packages/airflow/example_dags/example_kubernetes_executor.py
[2024-06-22 00:11:06,709] {logging_mixin.py:104} INFO - [2024-06-22 00:11:06,709] {dag.py:1824} INFO - Sync 1 DAGs
[2024-06-22 00:11:06,718] {logging_mixin.py:104} INFO - [2024-06-22 00:11:06,718] {dag.py:2280} INFO - Setting next_dagrun for example_kubernetes_executor to None
[2024-06-22 00:11:06,724] {scheduler_job.py:190} INFO - Processing /home/airflow/.local/lib/python3.6/site-packages/airflow/example_dags/example_kubernetes_executor.py took 0.035 seconds
[2024-06-22 00:11:37,478] {scheduler_job.py:182} INFO - Started process (PID=4850) to work on /home/airflow/.local/lib/python3.6/site-packages/airflow/example_dags/example_kubernetes_executor.py
[2024-06-22 00:11:37,479] {scheduler_job.py:629} INFO - Processing file /home/airflow/.local/lib/python3.6/site-packages/airflow/example_dags/example_kubernetes_executor.py for tasks to queue
[2024-06-22 00:11:37,479] {logging_mixin.py:104} INFO - [2024-06-22 00:11:37,479] {dagbag.py:451} INFO - Filling up the DagBag from /home/airflow/.local/lib/python3.6/site-packages/airflow/example_dags/example_kubernetes_executor.py
[2024-06-22 00:11:37,486] {scheduler_job.py:639} INFO - DAG(s) dict_keys(['example_kubernetes_executor']) retrieved from /home/airflow/.local/lib/python3.6/site-packages/airflow/example_dags/example_kubernetes_executor.py
[2024-06-22 00:11:37,497] {logging_mixin.py:104} INFO - [2024-06-22 00:11:37,497] {dag.py:1824} INFO - Sync 1 DAGs
[2024-06-22 00:11:37,505] {logging_mixin.py:104} INFO - [2024-06-22 00:11:37,505] {dag.py:2280} INFO - Setting next_dagrun for example_kubernetes_executor to None
[2024-06-22 00:11:37,511] {scheduler_job.py:190} INFO - Processing /home/airflow/.local/lib/python3.6/site-packages/airflow/example_dags/example_kubernetes_executor.py took 0.035 seconds
[2024-06-22 00:12:08,230] {scheduler_job.py:182} INFO - Started process (PID=4876) to work on /home/airflow/.local/lib/python3.6/site-packages/airflow/example_dags/example_kubernetes_executor.py
[2024-06-22 00:12:08,231] {scheduler_job.py:629} INFO - Processing file /home/airflow/.local/lib/python3.6/site-packages/airflow/example_dags/example_kubernetes_executor.py for tasks to queue
[2024-06-22 00:12:08,231] {logging_mixin.py:104} INFO - [2024-06-22 00:12:08,231] {dagbag.py:451} INFO - Filling up the DagBag from /home/airflow/.local/lib/python3.6/site-packages/airflow/example_dags/example_kubernetes_executor.py
[2024-06-22 00:12:08,238] {scheduler_job.py:639} INFO - DAG(s) dict_keys(['example_kubernetes_executor']) retrieved from /home/airflow/.local/lib/python3.6/site-packages/airflow/example_dags/example_kubernetes_executor.py
[2024-06-22 00:12:08,250] {logging_mixin.py:104} INFO - [2024-06-22 00:12:08,250] {dag.py:1824} INFO - Sync 1 DAGs
[2024-06-22 00:12:08,259] {logging_mixin.py:104} INFO - [2024-06-22 00:12:08,259] {dag.py:2280} INFO - Setting next_dagrun for example_kubernetes_executor to None
[2024-06-22 00:12:08,265] {scheduler_job.py:190} INFO - Processing /home/airflow/.local/lib/python3.6/site-packages/airflow/example_dags/example_kubernetes_executor.py took 0.037 seconds
[2024-06-22 00:12:39,000] {scheduler_job.py:182} INFO - Started process (PID=4902) to work on /home/airflow/.local/lib/python3.6/site-packages/airflow/example_dags/example_kubernetes_executor.py
[2024-06-22 00:12:39,001] {scheduler_job.py:629} INFO - Processing file /home/airflow/.local/lib/python3.6/site-packages/airflow/example_dags/example_kubernetes_executor.py for tasks to queue
[2024-06-22 00:12:39,002] {logging_mixin.py:104} INFO - [2024-06-22 00:12:39,002] {dagbag.py:451} INFO - Filling up the DagBag from /home/airflow/.local/lib/python3.6/site-packages/airflow/example_dags/example_kubernetes_executor.py
[2024-06-22 00:12:39,008] {scheduler_job.py:639} INFO - DAG(s) dict_keys(['example_kubernetes_executor']) retrieved from /home/airflow/.local/lib/python3.6/site-packages/airflow/example_dags/example_kubernetes_executor.py
[2024-06-22 00:12:39,020] {logging_mixin.py:104} INFO - [2024-06-22 00:12:39,020] {dag.py:1824} INFO - Sync 1 DAGs
[2024-06-22 00:12:39,029] {logging_mixin.py:104} INFO - [2024-06-22 00:12:39,029] {dag.py:2280} INFO - Setting next_dagrun for example_kubernetes_executor to None
[2024-06-22 00:12:39,034] {scheduler_job.py:190} INFO - Processing /home/airflow/.local/lib/python3.6/site-packages/airflow/example_dags/example_kubernetes_executor.py took 0.035 seconds
[2024-06-22 00:13:09,767] {scheduler_job.py:182} INFO - Started process (PID=4928) to work on /home/airflow/.local/lib/python3.6/site-packages/airflow/example_dags/example_kubernetes_executor.py
[2024-06-22 00:13:09,768] {scheduler_job.py:629} INFO - Processing file /home/airflow/.local/lib/python3.6/site-packages/airflow/example_dags/example_kubernetes_executor.py for tasks to queue
[2024-06-22 00:13:09,768] {logging_mixin.py:104} INFO - [2024-06-22 00:13:09,768] {dagbag.py:451} INFO - Filling up the DagBag from /home/airflow/.local/lib/python3.6/site-packages/airflow/example_dags/example_kubernetes_executor.py
[2024-06-22 00:13:09,775] {scheduler_job.py:639} INFO - DAG(s) dict_keys(['example_kubernetes_executor']) retrieved from /home/airflow/.local/lib/python3.6/site-packages/airflow/example_dags/example_kubernetes_executor.py
[2024-06-22 00:13:09,788] {logging_mixin.py:104} INFO - [2024-06-22 00:13:09,788] {dag.py:1824} INFO - Sync 1 DAGs
[2024-06-22 00:13:09,796] {logging_mixin.py:104} INFO - [2024-06-22 00:13:09,796] {dag.py:2280} INFO - Setting next_dagrun for example_kubernetes_executor to None
[2024-06-22 00:13:09,801] {scheduler_job.py:190} INFO - Processing /home/airflow/.local/lib/python3.6/site-packages/airflow/example_dags/example_kubernetes_executor.py took 0.035 seconds
[2024-06-22 00:13:40,506] {scheduler_job.py:182} INFO - Started process (PID=4954) to work on /home/airflow/.local/lib/python3.6/site-packages/airflow/example_dags/example_kubernetes_executor.py
[2024-06-22 00:13:40,507] {scheduler_job.py:629} INFO - Processing file /home/airflow/.local/lib/python3.6/site-packages/airflow/example_dags/example_kubernetes_executor.py for tasks to queue
[2024-06-22 00:13:40,508] {logging_mixin.py:104} INFO - [2024-06-22 00:13:40,508] {dagbag.py:451} INFO - Filling up the DagBag from /home/airflow/.local/lib/python3.6/site-packages/airflow/example_dags/example_kubernetes_executor.py
[2024-06-22 00:13:40,515] {scheduler_job.py:639} INFO - DAG(s) dict_keys(['example_kubernetes_executor']) retrieved from /home/airflow/.local/lib/python3.6/site-packages/airflow/example_dags/example_kubernetes_executor.py
[2024-06-22 00:13:40,527] {logging_mixin.py:104} INFO - [2024-06-22 00:13:40,527] {dag.py:1824} INFO - Sync 1 DAGs
[2024-06-22 00:13:40,535] {logging_mixin.py:104} INFO - [2024-06-22 00:13:40,535] {dag.py:2280} INFO - Setting next_dagrun for example_kubernetes_executor to None
[2024-06-22 00:13:40,541] {scheduler_job.py:190} INFO - Processing /home/airflow/.local/lib/python3.6/site-packages/airflow/example_dags/example_kubernetes_executor.py took 0.036 seconds
[2024-06-22 00:14:11,228] {scheduler_job.py:182} INFO - Started process (PID=4980) to work on /home/airflow/.local/lib/python3.6/site-packages/airflow/example_dags/example_kubernetes_executor.py
[2024-06-22 00:14:11,228] {scheduler_job.py:629} INFO - Processing file /home/airflow/.local/lib/python3.6/site-packages/airflow/example_dags/example_kubernetes_executor.py for tasks to queue
[2024-06-22 00:14:11,229] {logging_mixin.py:104} INFO - [2024-06-22 00:14:11,229] {dagbag.py:451} INFO - Filling up the DagBag from /home/airflow/.local/lib/python3.6/site-packages/airflow/example_dags/example_kubernetes_executor.py
[2024-06-22 00:14:11,236] {scheduler_job.py:639} INFO - DAG(s) dict_keys(['example_kubernetes_executor']) retrieved from /home/airflow/.local/lib/python3.6/site-packages/airflow/example_dags/example_kubernetes_executor.py
[2024-06-22 00:14:11,248] {logging_mixin.py:104} INFO - [2024-06-22 00:14:11,248] {dag.py:1824} INFO - Sync 1 DAGs
[2024-06-22 00:14:11,256] {logging_mixin.py:104} INFO - [2024-06-22 00:14:11,256] {dag.py:2280} INFO - Setting next_dagrun for example_kubernetes_executor to None
[2024-06-22 00:14:11,261] {scheduler_job.py:190} INFO - Processing /home/airflow/.local/lib/python3.6/site-packages/airflow/example_dags/example_kubernetes_executor.py took 0.035 seconds
[2024-06-22 00:14:42,059] {scheduler_job.py:182} INFO - Started process (PID=5006) to work on /home/airflow/.local/lib/python3.6/site-packages/airflow/example_dags/example_kubernetes_executor.py
[2024-06-22 00:14:42,060] {scheduler_job.py:629} INFO - Processing file /home/airflow/.local/lib/python3.6/site-packages/airflow/example_dags/example_kubernetes_executor.py for tasks to queue
[2024-06-22 00:14:42,061] {logging_mixin.py:104} INFO - [2024-06-22 00:14:42,061] {dagbag.py:451} INFO - Filling up the DagBag from /home/airflow/.local/lib/python3.6/site-packages/airflow/example_dags/example_kubernetes_executor.py
[2024-06-22 00:14:42,068] {scheduler_job.py:639} INFO - DAG(s) dict_keys(['example_kubernetes_executor']) retrieved from /home/airflow/.local/lib/python3.6/site-packages/airflow/example_dags/example_kubernetes_executor.py
[2024-06-22 00:14:42,079] {logging_mixin.py:104} INFO - [2024-06-22 00:14:42,079] {dag.py:1824} INFO - Sync 1 DAGs
[2024-06-22 00:14:42,088] {logging_mixin.py:104} INFO - [2024-06-22 00:14:42,088] {dag.py:2280} INFO - Setting next_dagrun for example_kubernetes_executor to None
[2024-06-22 00:14:42,093] {scheduler_job.py:190} INFO - Processing /home/airflow/.local/lib/python3.6/site-packages/airflow/example_dags/example_kubernetes_executor.py took 0.035 seconds
[2024-06-22 00:15:12,815] {scheduler_job.py:182} INFO - Started process (PID=5032) to work on /home/airflow/.local/lib/python3.6/site-packages/airflow/example_dags/example_kubernetes_executor.py
[2024-06-22 00:15:12,815] {scheduler_job.py:629} INFO - Processing file /home/airflow/.local/lib/python3.6/site-packages/airflow/example_dags/example_kubernetes_executor.py for tasks to queue
[2024-06-22 00:15:12,816] {logging_mixin.py:104} INFO - [2024-06-22 00:15:12,816] {dagbag.py:451} INFO - Filling up the DagBag from /home/airflow/.local/lib/python3.6/site-packages/airflow/example_dags/example_kubernetes_executor.py
[2024-06-22 00:15:12,823] {scheduler_job.py:639} INFO - DAG(s) dict_keys(['example_kubernetes_executor']) retrieved from /home/airflow/.local/lib/python3.6/site-packages/airflow/example_dags/example_kubernetes_executor.py
[2024-06-22 00:15:12,835] {logging_mixin.py:104} INFO - [2024-06-22 00:15:12,835] {dag.py:1824} INFO - Sync 1 DAGs
[2024-06-22 00:15:12,844] {logging_mixin.py:104} INFO - [2024-06-22 00:15:12,844] {dag.py:2280} INFO - Setting next_dagrun for example_kubernetes_executor to None
[2024-06-22 00:15:12,850] {scheduler_job.py:190} INFO - Processing /home/airflow/.local/lib/python3.6/site-packages/airflow/example_dags/example_kubernetes_executor.py took 0.037 seconds
[2024-06-22 00:15:43,655] {scheduler_job.py:182} INFO - Started process (PID=5058) to work on /home/airflow/.local/lib/python3.6/site-packages/airflow/example_dags/example_kubernetes_executor.py
[2024-06-22 00:15:43,656] {scheduler_job.py:629} INFO - Processing file /home/airflow/.local/lib/python3.6/site-packages/airflow/example_dags/example_kubernetes_executor.py for tasks to queue
[2024-06-22 00:15:43,657] {logging_mixin.py:104} INFO - [2024-06-22 00:15:43,657] {dagbag.py:451} INFO - Filling up the DagBag from /home/airflow/.local/lib/python3.6/site-packages/airflow/example_dags/example_kubernetes_executor.py
[2024-06-22 00:15:43,664] {scheduler_job.py:639} INFO - DAG(s) dict_keys(['example_kubernetes_executor']) retrieved from /home/airflow/.local/lib/python3.6/site-packages/airflow/example_dags/example_kubernetes_executor.py
[2024-06-22 00:15:43,676] {logging_mixin.py:104} INFO - [2024-06-22 00:15:43,676] {dag.py:1824} INFO - Sync 1 DAGs
[2024-06-22 00:15:43,685] {logging_mixin.py:104} INFO - [2024-06-22 00:15:43,685] {dag.py:2280} INFO - Setting next_dagrun for example_kubernetes_executor to None
[2024-06-22 00:15:43,691] {scheduler_job.py:190} INFO - Processing /home/airflow/.local/lib/python3.6/site-packages/airflow/example_dags/example_kubernetes_executor.py took 0.037 seconds
[2024-06-22 00:16:14,303] {scheduler_job.py:182} INFO - Started process (PID=5084) to work on /home/airflow/.local/lib/python3.6/site-packages/airflow/example_dags/example_kubernetes_executor.py
[2024-06-22 00:16:14,304] {scheduler_job.py:629} INFO - Processing file /home/airflow/.local/lib/python3.6/site-packages/airflow/example_dags/example_kubernetes_executor.py for tasks to queue
[2024-06-22 00:16:14,305] {logging_mixin.py:104} INFO - [2024-06-22 00:16:14,305] {dagbag.py:451} INFO - Filling up the DagBag from /home/airflow/.local/lib/python3.6/site-packages/airflow/example_dags/example_kubernetes_executor.py
[2024-06-22 00:16:14,312] {scheduler_job.py:639} INFO - DAG(s) dict_keys(['example_kubernetes_executor']) retrieved from /home/airflow/.local/lib/python3.6/site-packages/airflow/example_dags/example_kubernetes_executor.py
[2024-06-22 00:16:14,324] {logging_mixin.py:104} INFO - [2024-06-22 00:16:14,324] {dag.py:1824} INFO - Sync 1 DAGs
[2024-06-22 00:16:14,332] {logging_mixin.py:104} INFO - [2024-06-22 00:16:14,332] {dag.py:2280} INFO - Setting next_dagrun for example_kubernetes_executor to None
[2024-06-22 00:16:14,338] {scheduler_job.py:190} INFO - Processing /home/airflow/.local/lib/python3.6/site-packages/airflow/example_dags/example_kubernetes_executor.py took 0.036 seconds
[2024-06-22 00:16:45,064] {scheduler_job.py:182} INFO - Started process (PID=5110) to work on /home/airflow/.local/lib/python3.6/site-packages/airflow/example_dags/example_kubernetes_executor.py
[2024-06-22 00:16:45,065] {scheduler_job.py:629} INFO - Processing file /home/airflow/.local/lib/python3.6/site-packages/airflow/example_dags/example_kubernetes_executor.py for tasks to queue
[2024-06-22 00:16:45,065] {logging_mixin.py:104} INFO - [2024-06-22 00:16:45,065] {dagbag.py:451} INFO - Filling up the DagBag from /home/airflow/.local/lib/python3.6/site-packages/airflow/example_dags/example_kubernetes_executor.py
[2024-06-22 00:16:45,072] {scheduler_job.py:639} INFO - DAG(s) dict_keys(['example_kubernetes_executor']) retrieved from /home/airflow/.local/lib/python3.6/site-packages/airflow/example_dags/example_kubernetes_executor.py
[2024-06-22 00:16:45,084] {logging_mixin.py:104} INFO - [2024-06-22 00:16:45,083] {dag.py:1824} INFO - Sync 1 DAGs
[2024-06-22 00:16:45,091] {logging_mixin.py:104} INFO - [2024-06-22 00:16:45,091] {dag.py:2280} INFO - Setting next_dagrun for example_kubernetes_executor to None
[2024-06-22 00:16:45,097] {scheduler_job.py:190} INFO - Processing /home/airflow/.local/lib/python3.6/site-packages/airflow/example_dags/example_kubernetes_executor.py took 0.035 seconds
[2024-06-22 00:17:15,904] {scheduler_job.py:182} INFO - Started process (PID=5136) to work on /home/airflow/.local/lib/python3.6/site-packages/airflow/example_dags/example_kubernetes_executor.py
[2024-06-22 00:17:15,905] {scheduler_job.py:629} INFO - Processing file /home/airflow/.local/lib/python3.6/site-packages/airflow/example_dags/example_kubernetes_executor.py for tasks to queue
[2024-06-22 00:17:15,905] {logging_mixin.py:104} INFO - [2024-06-22 00:17:15,905] {dagbag.py:451} INFO - Filling up the DagBag from /home/airflow/.local/lib/python3.6/site-packages/airflow/example_dags/example_kubernetes_executor.py
[2024-06-22 00:17:15,912] {scheduler_job.py:639} INFO - DAG(s) dict_keys(['example_kubernetes_executor']) retrieved from /home/airflow/.local/lib/python3.6/site-packages/airflow/example_dags/example_kubernetes_executor.py
[2024-06-22 00:17:15,925] {logging_mixin.py:104} INFO - [2024-06-22 00:17:15,925] {dag.py:1824} INFO - Sync 1 DAGs
[2024-06-22 00:17:15,933] {logging_mixin.py:104} INFO - [2024-06-22 00:17:15,933] {dag.py:2280} INFO - Setting next_dagrun for example_kubernetes_executor to None
[2024-06-22 00:17:15,939] {scheduler_job.py:190} INFO - Processing /home/airflow/.local/lib/python3.6/site-packages/airflow/example_dags/example_kubernetes_executor.py took 0.036 seconds
[2024-06-22 00:17:46,680] {scheduler_job.py:182} INFO - Started process (PID=5162) to work on /home/airflow/.local/lib/python3.6/site-packages/airflow/example_dags/example_kubernetes_executor.py
[2024-06-22 00:17:46,681] {scheduler_job.py:629} INFO - Processing file /home/airflow/.local/lib/python3.6/site-packages/airflow/example_dags/example_kubernetes_executor.py for tasks to queue
[2024-06-22 00:17:46,681] {logging_mixin.py:104} INFO - [2024-06-22 00:17:46,681] {dagbag.py:451} INFO - Filling up the DagBag from /home/airflow/.local/lib/python3.6/site-packages/airflow/example_dags/example_kubernetes_executor.py
[2024-06-22 00:17:46,688] {scheduler_job.py:639} INFO - DAG(s) dict_keys(['example_kubernetes_executor']) retrieved from /home/airflow/.local/lib/python3.6/site-packages/airflow/example_dags/example_kubernetes_executor.py
[2024-06-22 00:17:46,700] {logging_mixin.py:104} INFO - [2024-06-22 00:17:46,700] {dag.py:1824} INFO - Sync 1 DAGs
[2024-06-22 00:17:46,708] {logging_mixin.py:104} INFO - [2024-06-22 00:17:46,708] {dag.py:2280} INFO - Setting next_dagrun for example_kubernetes_executor to None
[2024-06-22 00:17:46,714] {scheduler_job.py:190} INFO - Processing /home/airflow/.local/lib/python3.6/site-packages/airflow/example_dags/example_kubernetes_executor.py took 0.036 seconds
[2024-06-22 00:18:17,378] {scheduler_job.py:182} INFO - Started process (PID=5188) to work on /home/airflow/.local/lib/python3.6/site-packages/airflow/example_dags/example_kubernetes_executor.py
[2024-06-22 00:18:17,379] {scheduler_job.py:629} INFO - Processing file /home/airflow/.local/lib/python3.6/site-packages/airflow/example_dags/example_kubernetes_executor.py for tasks to queue
[2024-06-22 00:18:17,380] {logging_mixin.py:104} INFO - [2024-06-22 00:18:17,380] {dagbag.py:451} INFO - Filling up the DagBag from /home/airflow/.local/lib/python3.6/site-packages/airflow/example_dags/example_kubernetes_executor.py
[2024-06-22 00:18:17,386] {scheduler_job.py:639} INFO - DAG(s) dict_keys(['example_kubernetes_executor']) retrieved from /home/airflow/.local/lib/python3.6/site-packages/airflow/example_dags/example_kubernetes_executor.py
[2024-06-22 00:18:17,397] {logging_mixin.py:104} INFO - [2024-06-22 00:18:17,397] {dag.py:1824} INFO - Sync 1 DAGs
[2024-06-22 00:18:17,405] {logging_mixin.py:104} INFO - [2024-06-22 00:18:17,405] {dag.py:2280} INFO - Setting next_dagrun for example_kubernetes_executor to None
[2024-06-22 00:18:17,411] {scheduler_job.py:190} INFO - Processing /home/airflow/.local/lib/python3.6/site-packages/airflow/example_dags/example_kubernetes_executor.py took 0.034 seconds
[2024-06-22 00:18:48,194] {scheduler_job.py:182} INFO - Started process (PID=5214) to work on /home/airflow/.local/lib/python3.6/site-packages/airflow/example_dags/example_kubernetes_executor.py
[2024-06-22 00:18:48,195] {scheduler_job.py:629} INFO - Processing file /home/airflow/.local/lib/python3.6/site-packages/airflow/example_dags/example_kubernetes_executor.py for tasks to queue
[2024-06-22 00:18:48,195] {logging_mixin.py:104} INFO - [2024-06-22 00:18:48,195] {dagbag.py:451} INFO - Filling up the DagBag from /home/airflow/.local/lib/python3.6/site-packages/airflow/example_dags/example_kubernetes_executor.py
[2024-06-22 00:18:48,202] {scheduler_job.py:639} INFO - DAG(s) dict_keys(['example_kubernetes_executor']) retrieved from /home/airflow/.local/lib/python3.6/site-packages/airflow/example_dags/example_kubernetes_executor.py
[2024-06-22 00:18:48,214] {logging_mixin.py:104} INFO - [2024-06-22 00:18:48,214] {dag.py:1824} INFO - Sync 1 DAGs
[2024-06-22 00:18:48,222] {logging_mixin.py:104} INFO - [2024-06-22 00:18:48,222] {dag.py:2280} INFO - Setting next_dagrun for example_kubernetes_executor to None
[2024-06-22 00:18:48,228] {scheduler_job.py:190} INFO - Processing /home/airflow/.local/lib/python3.6/site-packages/airflow/example_dags/example_kubernetes_executor.py took 0.036 seconds
[2024-06-22 00:19:18,967] {scheduler_job.py:182} INFO - Started process (PID=5240) to work on /home/airflow/.local/lib/python3.6/site-packages/airflow/example_dags/example_kubernetes_executor.py
[2024-06-22 00:19:18,968] {scheduler_job.py:629} INFO - Processing file /home/airflow/.local/lib/python3.6/site-packages/airflow/example_dags/example_kubernetes_executor.py for tasks to queue
[2024-06-22 00:19:18,968] {logging_mixin.py:104} INFO - [2024-06-22 00:19:18,968] {dagbag.py:451} INFO - Filling up the DagBag from /home/airflow/.local/lib/python3.6/site-packages/airflow/example_dags/example_kubernetes_executor.py
[2024-06-22 00:19:18,975] {scheduler_job.py:639} INFO - DAG(s) dict_keys(['example_kubernetes_executor']) retrieved from /home/airflow/.local/lib/python3.6/site-packages/airflow/example_dags/example_kubernetes_executor.py
[2024-06-22 00:19:18,987] {logging_mixin.py:104} INFO - [2024-06-22 00:19:18,987] {dag.py:1824} INFO - Sync 1 DAGs
[2024-06-22 00:19:18,995] {logging_mixin.py:104} INFO - [2024-06-22 00:19:18,995] {dag.py:2280} INFO - Setting next_dagrun for example_kubernetes_executor to None
[2024-06-22 00:19:19,001] {scheduler_job.py:190} INFO - Processing /home/airflow/.local/lib/python3.6/site-packages/airflow/example_dags/example_kubernetes_executor.py took 0.035 seconds
[2024-06-22 00:19:49,676] {scheduler_job.py:182} INFO - Started process (PID=5266) to work on /home/airflow/.local/lib/python3.6/site-packages/airflow/example_dags/example_kubernetes_executor.py
[2024-06-22 00:19:49,677] {scheduler_job.py:629} INFO - Processing file /home/airflow/.local/lib/python3.6/site-packages/airflow/example_dags/example_kubernetes_executor.py for tasks to queue
[2024-06-22 00:19:49,678] {logging_mixin.py:104} INFO - [2024-06-22 00:19:49,678] {dagbag.py:451} INFO - Filling up the DagBag from /home/airflow/.local/lib/python3.6/site-packages/airflow/example_dags/example_kubernetes_executor.py
[2024-06-22 00:19:49,684] {scheduler_job.py:639} INFO - DAG(s) dict_keys(['example_kubernetes_executor']) retrieved from /home/airflow/.local/lib/python3.6/site-packages/airflow/example_dags/example_kubernetes_executor.py
[2024-06-22 00:19:49,695] {logging_mixin.py:104} INFO - [2024-06-22 00:19:49,695] {dag.py:1824} INFO - Sync 1 DAGs
[2024-06-22 00:19:49,703] {logging_mixin.py:104} INFO - [2024-06-22 00:19:49,703] {dag.py:2280} INFO - Setting next_dagrun for example_kubernetes_executor to None
[2024-06-22 00:19:49,709] {scheduler_job.py:190} INFO - Processing /home/airflow/.local/lib/python3.6/site-packages/airflow/example_dags/example_kubernetes_executor.py took 0.035 seconds
[2024-06-22 00:20:20,406] {scheduler_job.py:182} INFO - Started process (PID=5292) to work on /home/airflow/.local/lib/python3.6/site-packages/airflow/example_dags/example_kubernetes_executor.py
[2024-06-22 00:20:20,407] {scheduler_job.py:629} INFO - Processing file /home/airflow/.local/lib/python3.6/site-packages/airflow/example_dags/example_kubernetes_executor.py for tasks to queue
[2024-06-22 00:20:20,407] {logging_mixin.py:104} INFO - [2024-06-22 00:20:20,407] {dagbag.py:451} INFO - Filling up the DagBag from /home/airflow/.local/lib/python3.6/site-packages/airflow/example_dags/example_kubernetes_executor.py
[2024-06-22 00:20:20,414] {scheduler_job.py:639} INFO - DAG(s) dict_keys(['example_kubernetes_executor']) retrieved from /home/airflow/.local/lib/python3.6/site-packages/airflow/example_dags/example_kubernetes_executor.py
[2024-06-22 00:20:20,426] {logging_mixin.py:104} INFO - [2024-06-22 00:20:20,426] {dag.py:1824} INFO - Sync 1 DAGs
[2024-06-22 00:20:20,434] {logging_mixin.py:104} INFO - [2024-06-22 00:20:20,434] {dag.py:2280} INFO - Setting next_dagrun for example_kubernetes_executor to None
[2024-06-22 00:20:20,440] {scheduler_job.py:190} INFO - Processing /home/airflow/.local/lib/python3.6/site-packages/airflow/example_dags/example_kubernetes_executor.py took 0.036 seconds
[2024-06-22 00:20:51,107] {scheduler_job.py:182} INFO - Started process (PID=5318) to work on /home/airflow/.local/lib/python3.6/site-packages/airflow/example_dags/example_kubernetes_executor.py
[2024-06-22 00:20:51,108] {scheduler_job.py:629} INFO - Processing file /home/airflow/.local/lib/python3.6/site-packages/airflow/example_dags/example_kubernetes_executor.py for tasks to queue
[2024-06-22 00:20:51,108] {logging_mixin.py:104} INFO - [2024-06-22 00:20:51,108] {dagbag.py:451} INFO - Filling up the DagBag from /home/airflow/.local/lib/python3.6/site-packages/airflow/example_dags/example_kubernetes_executor.py
[2024-06-22 00:20:51,115] {scheduler_job.py:639} INFO - DAG(s) dict_keys(['example_kubernetes_executor']) retrieved from /home/airflow/.local/lib/python3.6/site-packages/airflow/example_dags/example_kubernetes_executor.py
[2024-06-22 00:20:51,126] {logging_mixin.py:104} INFO - [2024-06-22 00:20:51,126] {dag.py:1824} INFO - Sync 1 DAGs
[2024-06-22 00:20:51,134] {logging_mixin.py:104} INFO - [2024-06-22 00:20:51,134] {dag.py:2280} INFO - Setting next_dagrun for example_kubernetes_executor to None
[2024-06-22 00:20:51,140] {scheduler_job.py:190} INFO - Processing /home/airflow/.local/lib/python3.6/site-packages/airflow/example_dags/example_kubernetes_executor.py took 0.035 seconds
[2024-06-22 00:21:21,796] {scheduler_job.py:182} INFO - Started process (PID=5344) to work on /home/airflow/.local/lib/python3.6/site-packages/airflow/example_dags/example_kubernetes_executor.py
[2024-06-22 00:21:21,796] {scheduler_job.py:629} INFO - Processing file /home/airflow/.local/lib/python3.6/site-packages/airflow/example_dags/example_kubernetes_executor.py for tasks to queue
[2024-06-22 00:21:21,797] {logging_mixin.py:104} INFO - [2024-06-22 00:21:21,797] {dagbag.py:451} INFO - Filling up the DagBag from /home/airflow/.local/lib/python3.6/site-packages/airflow/example_dags/example_kubernetes_executor.py
[2024-06-22 00:21:21,804] {scheduler_job.py:639} INFO - DAG(s) dict_keys(['example_kubernetes_executor']) retrieved from /home/airflow/.local/lib/python3.6/site-packages/airflow/example_dags/example_kubernetes_executor.py
[2024-06-22 00:21:21,815] {logging_mixin.py:104} INFO - [2024-06-22 00:21:21,815] {dag.py:1824} INFO - Sync 1 DAGs
[2024-06-22 00:21:21,824] {logging_mixin.py:104} INFO - [2024-06-22 00:21:21,823] {dag.py:2280} INFO - Setting next_dagrun for example_kubernetes_executor to None
[2024-06-22 00:21:21,829] {scheduler_job.py:190} INFO - Processing /home/airflow/.local/lib/python3.6/site-packages/airflow/example_dags/example_kubernetes_executor.py took 0.035 seconds
[2024-06-22 00:21:52,557] {scheduler_job.py:182} INFO - Started process (PID=5370) to work on /home/airflow/.local/lib/python3.6/site-packages/airflow/example_dags/example_kubernetes_executor.py
[2024-06-22 00:21:52,558] {scheduler_job.py:629} INFO - Processing file /home/airflow/.local/lib/python3.6/site-packages/airflow/example_dags/example_kubernetes_executor.py for tasks to queue
[2024-06-22 00:21:52,558] {logging_mixin.py:104} INFO - [2024-06-22 00:21:52,558] {dagbag.py:451} INFO - Filling up the DagBag from /home/airflow/.local/lib/python3.6/site-packages/airflow/example_dags/example_kubernetes_executor.py
[2024-06-22 00:21:52,565] {scheduler_job.py:639} INFO - DAG(s) dict_keys(['example_kubernetes_executor']) retrieved from /home/airflow/.local/lib/python3.6/site-packages/airflow/example_dags/example_kubernetes_executor.py
[2024-06-22 00:21:52,576] {logging_mixin.py:104} INFO - [2024-06-22 00:21:52,576] {dag.py:1824} INFO - Sync 1 DAGs
[2024-06-22 00:21:52,585] {logging_mixin.py:104} INFO - [2024-06-22 00:21:52,585] {dag.py:2280} INFO - Setting next_dagrun for example_kubernetes_executor to None
[2024-06-22 00:21:52,590] {scheduler_job.py:190} INFO - Processing /home/airflow/.local/lib/python3.6/site-packages/airflow/example_dags/example_kubernetes_executor.py took 0.035 seconds
[2024-06-22 00:22:23,253] {scheduler_job.py:182} INFO - Started process (PID=5396) to work on /home/airflow/.local/lib/python3.6/site-packages/airflow/example_dags/example_kubernetes_executor.py
[2024-06-22 00:22:23,254] {scheduler_job.py:629} INFO - Processing file /home/airflow/.local/lib/python3.6/site-packages/airflow/example_dags/example_kubernetes_executor.py for tasks to queue
[2024-06-22 00:22:23,254] {logging_mixin.py:104} INFO - [2024-06-22 00:22:23,254] {dagbag.py:451} INFO - Filling up the DagBag from /home/airflow/.local/lib/python3.6/site-packages/airflow/example_dags/example_kubernetes_executor.py
[2024-06-22 00:22:23,261] {scheduler_job.py:639} INFO - DAG(s) dict_keys(['example_kubernetes_executor']) retrieved from /home/airflow/.local/lib/python3.6/site-packages/airflow/example_dags/example_kubernetes_executor.py
[2024-06-22 00:22:23,272] {logging_mixin.py:104} INFO - [2024-06-22 00:22:23,272] {dag.py:1824} INFO - Sync 1 DAGs
[2024-06-22 00:22:23,280] {logging_mixin.py:104} INFO - [2024-06-22 00:22:23,280] {dag.py:2280} INFO - Setting next_dagrun for example_kubernetes_executor to None
[2024-06-22 00:22:23,286] {scheduler_job.py:190} INFO - Processing /home/airflow/.local/lib/python3.6/site-packages/airflow/example_dags/example_kubernetes_executor.py took 0.034 seconds
[2024-06-22 00:22:54,129] {scheduler_job.py:182} INFO - Started process (PID=5422) to work on /home/airflow/.local/lib/python3.6/site-packages/airflow/example_dags/example_kubernetes_executor.py
[2024-06-22 00:22:54,130] {scheduler_job.py:629} INFO - Processing file /home/airflow/.local/lib/python3.6/site-packages/airflow/example_dags/example_kubernetes_executor.py for tasks to queue
[2024-06-22 00:22:54,130] {logging_mixin.py:104} INFO - [2024-06-22 00:22:54,130] {dagbag.py:451} INFO - Filling up the DagBag from /home/airflow/.local/lib/python3.6/site-packages/airflow/example_dags/example_kubernetes_executor.py
[2024-06-22 00:22:54,137] {scheduler_job.py:639} INFO - DAG(s) dict_keys(['example_kubernetes_executor']) retrieved from /home/airflow/.local/lib/python3.6/site-packages/airflow/example_dags/example_kubernetes_executor.py
[2024-06-22 00:22:54,149] {logging_mixin.py:104} INFO - [2024-06-22 00:22:54,149] {dag.py:1824} INFO - Sync 1 DAGs
[2024-06-22 00:22:54,157] {logging_mixin.py:104} INFO - [2024-06-22 00:22:54,157] {dag.py:2280} INFO - Setting next_dagrun for example_kubernetes_executor to None
[2024-06-22 00:22:54,163] {scheduler_job.py:190} INFO - Processing /home/airflow/.local/lib/python3.6/site-packages/airflow/example_dags/example_kubernetes_executor.py took 0.036 seconds
[2024-06-22 00:23:24,825] {scheduler_job.py:182} INFO - Started process (PID=5448) to work on /home/airflow/.local/lib/python3.6/site-packages/airflow/example_dags/example_kubernetes_executor.py
[2024-06-22 00:23:24,826] {scheduler_job.py:629} INFO - Processing file /home/airflow/.local/lib/python3.6/site-packages/airflow/example_dags/example_kubernetes_executor.py for tasks to queue
[2024-06-22 00:23:24,826] {logging_mixin.py:104} INFO - [2024-06-22 00:23:24,826] {dagbag.py:451} INFO - Filling up the DagBag from /home/airflow/.local/lib/python3.6/site-packages/airflow/example_dags/example_kubernetes_executor.py
[2024-06-22 00:23:24,833] {scheduler_job.py:639} INFO - DAG(s) dict_keys(['example_kubernetes_executor']) retrieved from /home/airflow/.local/lib/python3.6/site-packages/airflow/example_dags/example_kubernetes_executor.py
[2024-06-22 00:23:24,845] {logging_mixin.py:104} INFO - [2024-06-22 00:23:24,845] {dag.py:1824} INFO - Sync 1 DAGs
[2024-06-22 00:23:24,853] {logging_mixin.py:104} INFO - [2024-06-22 00:23:24,853] {dag.py:2280} INFO - Setting next_dagrun for example_kubernetes_executor to None
[2024-06-22 00:23:24,859] {scheduler_job.py:190} INFO - Processing /home/airflow/.local/lib/python3.6/site-packages/airflow/example_dags/example_kubernetes_executor.py took 0.035 seconds
[2024-06-22 00:23:55,654] {scheduler_job.py:182} INFO - Started process (PID=5474) to work on /home/airflow/.local/lib/python3.6/site-packages/airflow/example_dags/example_kubernetes_executor.py
[2024-06-22 00:23:55,654] {scheduler_job.py:629} INFO - Processing file /home/airflow/.local/lib/python3.6/site-packages/airflow/example_dags/example_kubernetes_executor.py for tasks to queue
[2024-06-22 00:23:55,655] {logging_mixin.py:104} INFO - [2024-06-22 00:23:55,655] {dagbag.py:451} INFO - Filling up the DagBag from /home/airflow/.local/lib/python3.6/site-packages/airflow/example_dags/example_kubernetes_executor.py
[2024-06-22 00:23:55,662] {scheduler_job.py:639} INFO - DAG(s) dict_keys(['example_kubernetes_executor']) retrieved from /home/airflow/.local/lib/python3.6/site-packages/airflow/example_dags/example_kubernetes_executor.py
[2024-06-22 00:23:55,674] {logging_mixin.py:104} INFO - [2024-06-22 00:23:55,674] {dag.py:1824} INFO - Sync 1 DAGs
[2024-06-22 00:23:55,682] {logging_mixin.py:104} INFO - [2024-06-22 00:23:55,682] {dag.py:2280} INFO - Setting next_dagrun for example_kubernetes_executor to None
[2024-06-22 00:23:55,688] {scheduler_job.py:190} INFO - Processing /home/airflow/.local/lib/python3.6/site-packages/airflow/example_dags/example_kubernetes_executor.py took 0.036 seconds
[2024-06-22 00:24:26,449] {scheduler_job.py:182} INFO - Started process (PID=5500) to work on /home/airflow/.local/lib/python3.6/site-packages/airflow/example_dags/example_kubernetes_executor.py
[2024-06-22 00:24:26,450] {scheduler_job.py:629} INFO - Processing file /home/airflow/.local/lib/python3.6/site-packages/airflow/example_dags/example_kubernetes_executor.py for tasks to queue
[2024-06-22 00:24:26,450] {logging_mixin.py:104} INFO - [2024-06-22 00:24:26,450] {dagbag.py:451} INFO - Filling up the DagBag from /home/airflow/.local/lib/python3.6/site-packages/airflow/example_dags/example_kubernetes_executor.py
[2024-06-22 00:24:26,457] {scheduler_job.py:639} INFO - DAG(s) dict_keys(['example_kubernetes_executor']) retrieved from /home/airflow/.local/lib/python3.6/site-packages/airflow/example_dags/example_kubernetes_executor.py
[2024-06-22 00:24:26,468] {logging_mixin.py:104} INFO - [2024-06-22 00:24:26,468] {dag.py:1824} INFO - Sync 1 DAGs
[2024-06-22 00:24:26,478] {logging_mixin.py:104} INFO - [2024-06-22 00:24:26,478] {dag.py:2280} INFO - Setting next_dagrun for example_kubernetes_executor to None
[2024-06-22 00:24:26,483] {scheduler_job.py:190} INFO - Processing /home/airflow/.local/lib/python3.6/site-packages/airflow/example_dags/example_kubernetes_executor.py took 0.036 seconds
[2024-06-22 00:24:57,189] {scheduler_job.py:182} INFO - Started process (PID=5526) to work on /home/airflow/.local/lib/python3.6/site-packages/airflow/example_dags/example_kubernetes_executor.py
[2024-06-22 00:24:57,190] {scheduler_job.py:629} INFO - Processing file /home/airflow/.local/lib/python3.6/site-packages/airflow/example_dags/example_kubernetes_executor.py for tasks to queue
[2024-06-22 00:24:57,190] {logging_mixin.py:104} INFO - [2024-06-22 00:24:57,190] {dagbag.py:451} INFO - Filling up the DagBag from /home/airflow/.local/lib/python3.6/site-packages/airflow/example_dags/example_kubernetes_executor.py
[2024-06-22 00:24:57,201] {scheduler_job.py:639} INFO - DAG(s) dict_keys(['example_kubernetes_executor']) retrieved from /home/airflow/.local/lib/python3.6/site-packages/airflow/example_dags/example_kubernetes_executor.py
[2024-06-22 00:24:57,219] {logging_mixin.py:104} INFO - [2024-06-22 00:24:57,219] {dag.py:1824} INFO - Sync 1 DAGs
[2024-06-22 00:24:57,233] {logging_mixin.py:104} INFO - [2024-06-22 00:24:57,233] {dag.py:2280} INFO - Setting next_dagrun for example_kubernetes_executor to None
[2024-06-22 00:24:57,242] {scheduler_job.py:190} INFO - Processing /home/airflow/.local/lib/python3.6/site-packages/airflow/example_dags/example_kubernetes_executor.py took 0.056 seconds
[2024-06-22 23:26:23,092] {scheduler_job.py:182} INFO - Started process (PID=5552) to work on /home/airflow/.local/lib/python3.6/site-packages/airflow/example_dags/example_kubernetes_executor.py
[2024-06-22 23:26:23,093] {scheduler_job.py:629} INFO - Processing file /home/airflow/.local/lib/python3.6/site-packages/airflow/example_dags/example_kubernetes_executor.py for tasks to queue
[2024-06-22 23:26:23,093] {logging_mixin.py:104} INFO - [2024-06-22 23:26:23,093] {dagbag.py:451} INFO - Filling up the DagBag from /home/airflow/.local/lib/python3.6/site-packages/airflow/example_dags/example_kubernetes_executor.py
[2024-06-22 23:26:23,104] {scheduler_job.py:639} INFO - DAG(s) dict_keys(['example_kubernetes_executor']) retrieved from /home/airflow/.local/lib/python3.6/site-packages/airflow/example_dags/example_kubernetes_executor.py
[2024-06-22 23:26:23,122] {logging_mixin.py:104} INFO - [2024-06-22 23:26:23,122] {dag.py:1824} INFO - Sync 1 DAGs
[2024-06-22 23:26:23,134] {logging_mixin.py:104} INFO - [2024-06-22 23:26:23,134] {dag.py:2280} INFO - Setting next_dagrun for example_kubernetes_executor to None
[2024-06-22 23:26:23,143] {scheduler_job.py:190} INFO - Processing /home/airflow/.local/lib/python3.6/site-packages/airflow/example_dags/example_kubernetes_executor.py took 0.054 seconds
[2024-06-22 23:26:54,024] {scheduler_job.py:182} INFO - Started process (PID=5578) to work on /home/airflow/.local/lib/python3.6/site-packages/airflow/example_dags/example_kubernetes_executor.py
[2024-06-22 23:26:54,025] {scheduler_job.py:629} INFO - Processing file /home/airflow/.local/lib/python3.6/site-packages/airflow/example_dags/example_kubernetes_executor.py for tasks to queue
[2024-06-22 23:26:54,026] {logging_mixin.py:104} INFO - [2024-06-22 23:26:54,026] {dagbag.py:451} INFO - Filling up the DagBag from /home/airflow/.local/lib/python3.6/site-packages/airflow/example_dags/example_kubernetes_executor.py
[2024-06-22 23:26:54,034] {scheduler_job.py:639} INFO - DAG(s) dict_keys(['example_kubernetes_executor']) retrieved from /home/airflow/.local/lib/python3.6/site-packages/airflow/example_dags/example_kubernetes_executor.py
[2024-06-22 23:26:54,056] {logging_mixin.py:104} INFO - [2024-06-22 23:26:54,056] {dag.py:1824} INFO - Sync 1 DAGs
[2024-06-22 23:26:54,071] {logging_mixin.py:104} INFO - [2024-06-22 23:26:54,071] {dag.py:2280} INFO - Setting next_dagrun for example_kubernetes_executor to None
[2024-06-22 23:26:54,079] {scheduler_job.py:190} INFO - Processing /home/airflow/.local/lib/python3.6/site-packages/airflow/example_dags/example_kubernetes_executor.py took 0.057 seconds
[2024-06-22 23:27:24,848] {scheduler_job.py:182} INFO - Started process (PID=5604) to work on /home/airflow/.local/lib/python3.6/site-packages/airflow/example_dags/example_kubernetes_executor.py
[2024-06-22 23:27:24,848] {scheduler_job.py:629} INFO - Processing file /home/airflow/.local/lib/python3.6/site-packages/airflow/example_dags/example_kubernetes_executor.py for tasks to queue
[2024-06-22 23:27:24,849] {logging_mixin.py:104} INFO - [2024-06-22 23:27:24,849] {dagbag.py:451} INFO - Filling up the DagBag from /home/airflow/.local/lib/python3.6/site-packages/airflow/example_dags/example_kubernetes_executor.py
[2024-06-22 23:27:24,856] {scheduler_job.py:639} INFO - DAG(s) dict_keys(['example_kubernetes_executor']) retrieved from /home/airflow/.local/lib/python3.6/site-packages/airflow/example_dags/example_kubernetes_executor.py
[2024-06-22 23:27:24,868] {logging_mixin.py:104} INFO - [2024-06-22 23:27:24,868] {dag.py:1824} INFO - Sync 1 DAGs
[2024-06-22 23:27:24,876] {logging_mixin.py:104} INFO - [2024-06-22 23:27:24,876] {dag.py:2280} INFO - Setting next_dagrun for example_kubernetes_executor to None
[2024-06-22 23:27:24,883] {scheduler_job.py:190} INFO - Processing /home/airflow/.local/lib/python3.6/site-packages/airflow/example_dags/example_kubernetes_executor.py took 0.037 seconds
[2024-06-22 23:27:55,647] {scheduler_job.py:182} INFO - Started process (PID=5630) to work on /home/airflow/.local/lib/python3.6/site-packages/airflow/example_dags/example_kubernetes_executor.py
[2024-06-22 23:27:55,648] {scheduler_job.py:629} INFO - Processing file /home/airflow/.local/lib/python3.6/site-packages/airflow/example_dags/example_kubernetes_executor.py for tasks to queue
[2024-06-22 23:27:55,648] {logging_mixin.py:104} INFO - [2024-06-22 23:27:55,648] {dagbag.py:451} INFO - Filling up the DagBag from /home/airflow/.local/lib/python3.6/site-packages/airflow/example_dags/example_kubernetes_executor.py
[2024-06-22 23:27:55,656] {scheduler_job.py:639} INFO - DAG(s) dict_keys(['example_kubernetes_executor']) retrieved from /home/airflow/.local/lib/python3.6/site-packages/airflow/example_dags/example_kubernetes_executor.py
[2024-06-22 23:27:55,669] {logging_mixin.py:104} INFO - [2024-06-22 23:27:55,669] {dag.py:1824} INFO - Sync 1 DAGs
[2024-06-22 23:27:55,678] {logging_mixin.py:104} INFO - [2024-06-22 23:27:55,678] {dag.py:2280} INFO - Setting next_dagrun for example_kubernetes_executor to None
[2024-06-22 23:27:55,686] {scheduler_job.py:190} INFO - Processing /home/airflow/.local/lib/python3.6/site-packages/airflow/example_dags/example_kubernetes_executor.py took 0.041 seconds
[2024-06-22 23:28:26,394] {scheduler_job.py:182} INFO - Started process (PID=5656) to work on /home/airflow/.local/lib/python3.6/site-packages/airflow/example_dags/example_kubernetes_executor.py
[2024-06-22 23:28:26,395] {scheduler_job.py:629} INFO - Processing file /home/airflow/.local/lib/python3.6/site-packages/airflow/example_dags/example_kubernetes_executor.py for tasks to queue
[2024-06-22 23:28:26,396] {logging_mixin.py:104} INFO - [2024-06-22 23:28:26,396] {dagbag.py:451} INFO - Filling up the DagBag from /home/airflow/.local/lib/python3.6/site-packages/airflow/example_dags/example_kubernetes_executor.py
[2024-06-22 23:28:26,402] {scheduler_job.py:639} INFO - DAG(s) dict_keys(['example_kubernetes_executor']) retrieved from /home/airflow/.local/lib/python3.6/site-packages/airflow/example_dags/example_kubernetes_executor.py
[2024-06-22 23:28:26,415] {logging_mixin.py:104} INFO - [2024-06-22 23:28:26,415] {dag.py:1824} INFO - Sync 1 DAGs
[2024-06-22 23:28:26,423] {logging_mixin.py:104} INFO - [2024-06-22 23:28:26,423] {dag.py:2280} INFO - Setting next_dagrun for example_kubernetes_executor to None
[2024-06-22 23:28:26,430] {scheduler_job.py:190} INFO - Processing /home/airflow/.local/lib/python3.6/site-packages/airflow/example_dags/example_kubernetes_executor.py took 0.038 seconds
