[2024-06-22 00:00:19,765] {scheduler_job.py:182} INFO - Started process (PID=4263) to work on /home/airflow/.local/lib/python3.6/site-packages/airflow/example_dags/example_trigger_controller_dag.py
[2024-06-22 00:00:19,766] {scheduler_job.py:629} INFO - Processing file /home/airflow/.local/lib/python3.6/site-packages/airflow/example_dags/example_trigger_controller_dag.py for tasks to queue
[2024-06-22 00:00:19,766] {logging_mixin.py:104} INFO - [2024-06-22 00:00:19,766] {dagbag.py:451} INFO - Filling up the DagBag from /home/airflow/.local/lib/python3.6/site-packages/airflow/example_dags/example_trigger_controller_dag.py
[2024-06-22 00:00:19,772] {scheduler_job.py:639} INFO - DAG(s) dict_keys(['example_trigger_controller_dag']) retrieved from /home/airflow/.local/lib/python3.6/site-packages/airflow/example_dags/example_trigger_controller_dag.py
[2024-06-22 00:00:19,786] {logging_mixin.py:104} INFO - [2024-06-22 00:00:19,786] {dag.py:1824} INFO - Sync 1 DAGs
[2024-06-22 00:00:19,794] {logging_mixin.py:104} INFO - [2024-06-22 00:00:19,794] {dag.py:2280} INFO - Setting next_dagrun for example_trigger_controller_dag to 2024-06-20 00:00:00+00:00
[2024-06-22 00:00:19,801] {scheduler_job.py:190} INFO - Processing /home/airflow/.local/lib/python3.6/site-packages/airflow/example_dags/example_trigger_controller_dag.py took 0.037 seconds
[2024-06-22 00:00:50,546] {scheduler_job.py:182} INFO - Started process (PID=4289) to work on /home/airflow/.local/lib/python3.6/site-packages/airflow/example_dags/example_trigger_controller_dag.py
[2024-06-22 00:00:50,547] {scheduler_job.py:629} INFO - Processing file /home/airflow/.local/lib/python3.6/site-packages/airflow/example_dags/example_trigger_controller_dag.py for tasks to queue
[2024-06-22 00:00:50,547] {logging_mixin.py:104} INFO - [2024-06-22 00:00:50,547] {dagbag.py:451} INFO - Filling up the DagBag from /home/airflow/.local/lib/python3.6/site-packages/airflow/example_dags/example_trigger_controller_dag.py
[2024-06-22 00:00:50,553] {scheduler_job.py:639} INFO - DAG(s) dict_keys(['example_trigger_controller_dag']) retrieved from /home/airflow/.local/lib/python3.6/site-packages/airflow/example_dags/example_trigger_controller_dag.py
[2024-06-22 00:00:50,565] {logging_mixin.py:104} INFO - [2024-06-22 00:00:50,565] {dag.py:1824} INFO - Sync 1 DAGs
[2024-06-22 00:00:50,573] {logging_mixin.py:104} INFO - [2024-06-22 00:00:50,573] {dag.py:2280} INFO - Setting next_dagrun for example_trigger_controller_dag to 2024-06-20 00:00:00+00:00
[2024-06-22 00:00:50,579] {scheduler_job.py:190} INFO - Processing /home/airflow/.local/lib/python3.6/site-packages/airflow/example_dags/example_trigger_controller_dag.py took 0.035 seconds
[2024-06-22 00:01:21,306] {scheduler_job.py:182} INFO - Started process (PID=4315) to work on /home/airflow/.local/lib/python3.6/site-packages/airflow/example_dags/example_trigger_controller_dag.py
[2024-06-22 00:01:21,308] {scheduler_job.py:629} INFO - Processing file /home/airflow/.local/lib/python3.6/site-packages/airflow/example_dags/example_trigger_controller_dag.py for tasks to queue
[2024-06-22 00:01:21,308] {logging_mixin.py:104} INFO - [2024-06-22 00:01:21,308] {dagbag.py:451} INFO - Filling up the DagBag from /home/airflow/.local/lib/python3.6/site-packages/airflow/example_dags/example_trigger_controller_dag.py
[2024-06-22 00:01:21,313] {scheduler_job.py:639} INFO - DAG(s) dict_keys(['example_trigger_controller_dag']) retrieved from /home/airflow/.local/lib/python3.6/site-packages/airflow/example_dags/example_trigger_controller_dag.py
[2024-06-22 00:01:21,324] {logging_mixin.py:104} INFO - [2024-06-22 00:01:21,324] {dag.py:1824} INFO - Sync 1 DAGs
[2024-06-22 00:01:21,332] {logging_mixin.py:104} INFO - [2024-06-22 00:01:21,332] {dag.py:2280} INFO - Setting next_dagrun for example_trigger_controller_dag to 2024-06-20 00:00:00+00:00
[2024-06-22 00:01:21,337] {scheduler_job.py:190} INFO - Processing /home/airflow/.local/lib/python3.6/site-packages/airflow/example_dags/example_trigger_controller_dag.py took 0.032 seconds
[2024-06-22 00:01:52,161] {scheduler_job.py:182} INFO - Started process (PID=4341) to work on /home/airflow/.local/lib/python3.6/site-packages/airflow/example_dags/example_trigger_controller_dag.py
[2024-06-22 00:01:52,161] {scheduler_job.py:629} INFO - Processing file /home/airflow/.local/lib/python3.6/site-packages/airflow/example_dags/example_trigger_controller_dag.py for tasks to queue
[2024-06-22 00:01:52,162] {logging_mixin.py:104} INFO - [2024-06-22 00:01:52,162] {dagbag.py:451} INFO - Filling up the DagBag from /home/airflow/.local/lib/python3.6/site-packages/airflow/example_dags/example_trigger_controller_dag.py
[2024-06-22 00:01:52,167] {scheduler_job.py:639} INFO - DAG(s) dict_keys(['example_trigger_controller_dag']) retrieved from /home/airflow/.local/lib/python3.6/site-packages/airflow/example_dags/example_trigger_controller_dag.py
[2024-06-22 00:01:52,179] {logging_mixin.py:104} INFO - [2024-06-22 00:01:52,178] {dag.py:1824} INFO - Sync 1 DAGs
[2024-06-22 00:01:52,187] {logging_mixin.py:104} INFO - [2024-06-22 00:01:52,187] {dag.py:2280} INFO - Setting next_dagrun for example_trigger_controller_dag to 2024-06-20 00:00:00+00:00
[2024-06-22 00:01:52,192] {scheduler_job.py:190} INFO - Processing /home/airflow/.local/lib/python3.6/site-packages/airflow/example_dags/example_trigger_controller_dag.py took 0.034 seconds
[2024-06-22 00:02:22,912] {scheduler_job.py:182} INFO - Started process (PID=4367) to work on /home/airflow/.local/lib/python3.6/site-packages/airflow/example_dags/example_trigger_controller_dag.py
[2024-06-22 00:02:22,913] {scheduler_job.py:629} INFO - Processing file /home/airflow/.local/lib/python3.6/site-packages/airflow/example_dags/example_trigger_controller_dag.py for tasks to queue
[2024-06-22 00:02:22,913] {logging_mixin.py:104} INFO - [2024-06-22 00:02:22,913] {dagbag.py:451} INFO - Filling up the DagBag from /home/airflow/.local/lib/python3.6/site-packages/airflow/example_dags/example_trigger_controller_dag.py
[2024-06-22 00:02:22,919] {scheduler_job.py:639} INFO - DAG(s) dict_keys(['example_trigger_controller_dag']) retrieved from /home/airflow/.local/lib/python3.6/site-packages/airflow/example_dags/example_trigger_controller_dag.py
[2024-06-22 00:02:22,931] {logging_mixin.py:104} INFO - [2024-06-22 00:02:22,930] {dag.py:1824} INFO - Sync 1 DAGs
[2024-06-22 00:02:22,939] {logging_mixin.py:104} INFO - [2024-06-22 00:02:22,939] {dag.py:2280} INFO - Setting next_dagrun for example_trigger_controller_dag to 2024-06-20 00:00:00+00:00
[2024-06-22 00:02:22,944] {scheduler_job.py:190} INFO - Processing /home/airflow/.local/lib/python3.6/site-packages/airflow/example_dags/example_trigger_controller_dag.py took 0.034 seconds
[2024-06-22 00:02:53,663] {scheduler_job.py:182} INFO - Started process (PID=4393) to work on /home/airflow/.local/lib/python3.6/site-packages/airflow/example_dags/example_trigger_controller_dag.py
[2024-06-22 00:02:53,663] {scheduler_job.py:629} INFO - Processing file /home/airflow/.local/lib/python3.6/site-packages/airflow/example_dags/example_trigger_controller_dag.py for tasks to queue
[2024-06-22 00:02:53,664] {logging_mixin.py:104} INFO - [2024-06-22 00:02:53,664] {dagbag.py:451} INFO - Filling up the DagBag from /home/airflow/.local/lib/python3.6/site-packages/airflow/example_dags/example_trigger_controller_dag.py
[2024-06-22 00:02:53,670] {scheduler_job.py:639} INFO - DAG(s) dict_keys(['example_trigger_controller_dag']) retrieved from /home/airflow/.local/lib/python3.6/site-packages/airflow/example_dags/example_trigger_controller_dag.py
[2024-06-22 00:02:53,681] {logging_mixin.py:104} INFO - [2024-06-22 00:02:53,681] {dag.py:1824} INFO - Sync 1 DAGs
[2024-06-22 00:02:53,690] {logging_mixin.py:104} INFO - [2024-06-22 00:02:53,690] {dag.py:2280} INFO - Setting next_dagrun for example_trigger_controller_dag to 2024-06-20 00:00:00+00:00
[2024-06-22 00:02:53,695] {scheduler_job.py:190} INFO - Processing /home/airflow/.local/lib/python3.6/site-packages/airflow/example_dags/example_trigger_controller_dag.py took 0.034 seconds
[2024-06-22 00:03:24,321] {scheduler_job.py:182} INFO - Started process (PID=4419) to work on /home/airflow/.local/lib/python3.6/site-packages/airflow/example_dags/example_trigger_controller_dag.py
[2024-06-22 00:03:24,322] {scheduler_job.py:629} INFO - Processing file /home/airflow/.local/lib/python3.6/site-packages/airflow/example_dags/example_trigger_controller_dag.py for tasks to queue
[2024-06-22 00:03:24,322] {logging_mixin.py:104} INFO - [2024-06-22 00:03:24,322] {dagbag.py:451} INFO - Filling up the DagBag from /home/airflow/.local/lib/python3.6/site-packages/airflow/example_dags/example_trigger_controller_dag.py
[2024-06-22 00:03:24,328] {scheduler_job.py:639} INFO - DAG(s) dict_keys(['example_trigger_controller_dag']) retrieved from /home/airflow/.local/lib/python3.6/site-packages/airflow/example_dags/example_trigger_controller_dag.py
[2024-06-22 00:03:24,339] {logging_mixin.py:104} INFO - [2024-06-22 00:03:24,339] {dag.py:1824} INFO - Sync 1 DAGs
[2024-06-22 00:03:24,347] {logging_mixin.py:104} INFO - [2024-06-22 00:03:24,347] {dag.py:2280} INFO - Setting next_dagrun for example_trigger_controller_dag to 2024-06-20 00:00:00+00:00
[2024-06-22 00:03:24,352] {scheduler_job.py:190} INFO - Processing /home/airflow/.local/lib/python3.6/site-packages/airflow/example_dags/example_trigger_controller_dag.py took 0.033 seconds
[2024-06-22 00:03:55,041] {scheduler_job.py:182} INFO - Started process (PID=4445) to work on /home/airflow/.local/lib/python3.6/site-packages/airflow/example_dags/example_trigger_controller_dag.py
[2024-06-22 00:03:55,042] {scheduler_job.py:629} INFO - Processing file /home/airflow/.local/lib/python3.6/site-packages/airflow/example_dags/example_trigger_controller_dag.py for tasks to queue
[2024-06-22 00:03:55,042] {logging_mixin.py:104} INFO - [2024-06-22 00:03:55,042] {dagbag.py:451} INFO - Filling up the DagBag from /home/airflow/.local/lib/python3.6/site-packages/airflow/example_dags/example_trigger_controller_dag.py
[2024-06-22 00:03:55,048] {scheduler_job.py:639} INFO - DAG(s) dict_keys(['example_trigger_controller_dag']) retrieved from /home/airflow/.local/lib/python3.6/site-packages/airflow/example_dags/example_trigger_controller_dag.py
[2024-06-22 00:03:55,060] {logging_mixin.py:104} INFO - [2024-06-22 00:03:55,060] {dag.py:1824} INFO - Sync 1 DAGs
[2024-06-22 00:03:55,068] {logging_mixin.py:104} INFO - [2024-06-22 00:03:55,068] {dag.py:2280} INFO - Setting next_dagrun for example_trigger_controller_dag to 2024-06-20 00:00:00+00:00
[2024-06-22 00:03:55,073] {scheduler_job.py:190} INFO - Processing /home/airflow/.local/lib/python3.6/site-packages/airflow/example_dags/example_trigger_controller_dag.py took 0.034 seconds
[2024-06-22 00:04:25,714] {scheduler_job.py:182} INFO - Started process (PID=4471) to work on /home/airflow/.local/lib/python3.6/site-packages/airflow/example_dags/example_trigger_controller_dag.py
[2024-06-22 00:04:25,715] {scheduler_job.py:629} INFO - Processing file /home/airflow/.local/lib/python3.6/site-packages/airflow/example_dags/example_trigger_controller_dag.py for tasks to queue
[2024-06-22 00:04:25,715] {logging_mixin.py:104} INFO - [2024-06-22 00:04:25,715] {dagbag.py:451} INFO - Filling up the DagBag from /home/airflow/.local/lib/python3.6/site-packages/airflow/example_dags/example_trigger_controller_dag.py
[2024-06-22 00:04:25,721] {scheduler_job.py:639} INFO - DAG(s) dict_keys(['example_trigger_controller_dag']) retrieved from /home/airflow/.local/lib/python3.6/site-packages/airflow/example_dags/example_trigger_controller_dag.py
[2024-06-22 00:04:25,731] {logging_mixin.py:104} INFO - [2024-06-22 00:04:25,731] {dag.py:1824} INFO - Sync 1 DAGs
[2024-06-22 00:04:25,739] {logging_mixin.py:104} INFO - [2024-06-22 00:04:25,739] {dag.py:2280} INFO - Setting next_dagrun for example_trigger_controller_dag to 2024-06-20 00:00:00+00:00
[2024-06-22 00:04:25,744] {scheduler_job.py:190} INFO - Processing /home/airflow/.local/lib/python3.6/site-packages/airflow/example_dags/example_trigger_controller_dag.py took 0.032 seconds
[2024-06-22 00:04:56,515] {scheduler_job.py:182} INFO - Started process (PID=4497) to work on /home/airflow/.local/lib/python3.6/site-packages/airflow/example_dags/example_trigger_controller_dag.py
[2024-06-22 00:04:56,516] {scheduler_job.py:629} INFO - Processing file /home/airflow/.local/lib/python3.6/site-packages/airflow/example_dags/example_trigger_controller_dag.py for tasks to queue
[2024-06-22 00:04:56,516] {logging_mixin.py:104} INFO - [2024-06-22 00:04:56,516] {dagbag.py:451} INFO - Filling up the DagBag from /home/airflow/.local/lib/python3.6/site-packages/airflow/example_dags/example_trigger_controller_dag.py
[2024-06-22 00:04:56,522] {scheduler_job.py:639} INFO - DAG(s) dict_keys(['example_trigger_controller_dag']) retrieved from /home/airflow/.local/lib/python3.6/site-packages/airflow/example_dags/example_trigger_controller_dag.py
[2024-06-22 00:04:56,533] {logging_mixin.py:104} INFO - [2024-06-22 00:04:56,533] {dag.py:1824} INFO - Sync 1 DAGs
[2024-06-22 00:04:56,542] {logging_mixin.py:104} INFO - [2024-06-22 00:04:56,542] {dag.py:2280} INFO - Setting next_dagrun for example_trigger_controller_dag to 2024-06-20 00:00:00+00:00
[2024-06-22 00:04:56,547] {scheduler_job.py:190} INFO - Processing /home/airflow/.local/lib/python3.6/site-packages/airflow/example_dags/example_trigger_controller_dag.py took 0.034 seconds
[2024-06-22 00:05:27,291] {scheduler_job.py:182} INFO - Started process (PID=4523) to work on /home/airflow/.local/lib/python3.6/site-packages/airflow/example_dags/example_trigger_controller_dag.py
[2024-06-22 00:05:27,292] {scheduler_job.py:629} INFO - Processing file /home/airflow/.local/lib/python3.6/site-packages/airflow/example_dags/example_trigger_controller_dag.py for tasks to queue
[2024-06-22 00:05:27,292] {logging_mixin.py:104} INFO - [2024-06-22 00:05:27,292] {dagbag.py:451} INFO - Filling up the DagBag from /home/airflow/.local/lib/python3.6/site-packages/airflow/example_dags/example_trigger_controller_dag.py
[2024-06-22 00:05:27,298] {scheduler_job.py:639} INFO - DAG(s) dict_keys(['example_trigger_controller_dag']) retrieved from /home/airflow/.local/lib/python3.6/site-packages/airflow/example_dags/example_trigger_controller_dag.py
[2024-06-22 00:05:27,309] {logging_mixin.py:104} INFO - [2024-06-22 00:05:27,309] {dag.py:1824} INFO - Sync 1 DAGs
[2024-06-22 00:05:27,318] {logging_mixin.py:104} INFO - [2024-06-22 00:05:27,318] {dag.py:2280} INFO - Setting next_dagrun for example_trigger_controller_dag to 2024-06-20 00:00:00+00:00
[2024-06-22 00:05:27,323] {scheduler_job.py:190} INFO - Processing /home/airflow/.local/lib/python3.6/site-packages/airflow/example_dags/example_trigger_controller_dag.py took 0.034 seconds
[2024-06-22 00:05:58,040] {scheduler_job.py:182} INFO - Started process (PID=4549) to work on /home/airflow/.local/lib/python3.6/site-packages/airflow/example_dags/example_trigger_controller_dag.py
[2024-06-22 00:05:58,040] {scheduler_job.py:629} INFO - Processing file /home/airflow/.local/lib/python3.6/site-packages/airflow/example_dags/example_trigger_controller_dag.py for tasks to queue
[2024-06-22 00:05:58,041] {logging_mixin.py:104} INFO - [2024-06-22 00:05:58,041] {dagbag.py:451} INFO - Filling up the DagBag from /home/airflow/.local/lib/python3.6/site-packages/airflow/example_dags/example_trigger_controller_dag.py
[2024-06-22 00:05:58,047] {scheduler_job.py:639} INFO - DAG(s) dict_keys(['example_trigger_controller_dag']) retrieved from /home/airflow/.local/lib/python3.6/site-packages/airflow/example_dags/example_trigger_controller_dag.py
[2024-06-22 00:05:58,058] {logging_mixin.py:104} INFO - [2024-06-22 00:05:58,058] {dag.py:1824} INFO - Sync 1 DAGs
[2024-06-22 00:05:58,066] {logging_mixin.py:104} INFO - [2024-06-22 00:05:58,066] {dag.py:2280} INFO - Setting next_dagrun for example_trigger_controller_dag to 2024-06-20 00:00:00+00:00
[2024-06-22 00:05:58,072] {scheduler_job.py:190} INFO - Processing /home/airflow/.local/lib/python3.6/site-packages/airflow/example_dags/example_trigger_controller_dag.py took 0.034 seconds
[2024-06-22 00:06:28,697] {scheduler_job.py:182} INFO - Started process (PID=4575) to work on /home/airflow/.local/lib/python3.6/site-packages/airflow/example_dags/example_trigger_controller_dag.py
[2024-06-22 00:06:28,698] {scheduler_job.py:629} INFO - Processing file /home/airflow/.local/lib/python3.6/site-packages/airflow/example_dags/example_trigger_controller_dag.py for tasks to queue
[2024-06-22 00:06:28,699] {logging_mixin.py:104} INFO - [2024-06-22 00:06:28,699] {dagbag.py:451} INFO - Filling up the DagBag from /home/airflow/.local/lib/python3.6/site-packages/airflow/example_dags/example_trigger_controller_dag.py
[2024-06-22 00:06:28,704] {scheduler_job.py:639} INFO - DAG(s) dict_keys(['example_trigger_controller_dag']) retrieved from /home/airflow/.local/lib/python3.6/site-packages/airflow/example_dags/example_trigger_controller_dag.py
[2024-06-22 00:06:28,716] {logging_mixin.py:104} INFO - [2024-06-22 00:06:28,715] {dag.py:1824} INFO - Sync 1 DAGs
[2024-06-22 00:06:28,724] {logging_mixin.py:104} INFO - [2024-06-22 00:06:28,724] {dag.py:2280} INFO - Setting next_dagrun for example_trigger_controller_dag to 2024-06-20 00:00:00+00:00
[2024-06-22 00:06:28,730] {scheduler_job.py:190} INFO - Processing /home/airflow/.local/lib/python3.6/site-packages/airflow/example_dags/example_trigger_controller_dag.py took 0.034 seconds
[2024-06-22 00:06:59,380] {scheduler_job.py:182} INFO - Started process (PID=4601) to work on /home/airflow/.local/lib/python3.6/site-packages/airflow/example_dags/example_trigger_controller_dag.py
[2024-06-22 00:06:59,381] {scheduler_job.py:629} INFO - Processing file /home/airflow/.local/lib/python3.6/site-packages/airflow/example_dags/example_trigger_controller_dag.py for tasks to queue
[2024-06-22 00:06:59,381] {logging_mixin.py:104} INFO - [2024-06-22 00:06:59,381] {dagbag.py:451} INFO - Filling up the DagBag from /home/airflow/.local/lib/python3.6/site-packages/airflow/example_dags/example_trigger_controller_dag.py
[2024-06-22 00:06:59,387] {scheduler_job.py:639} INFO - DAG(s) dict_keys(['example_trigger_controller_dag']) retrieved from /home/airflow/.local/lib/python3.6/site-packages/airflow/example_dags/example_trigger_controller_dag.py
[2024-06-22 00:06:59,397] {logging_mixin.py:104} INFO - [2024-06-22 00:06:59,397] {dag.py:1824} INFO - Sync 1 DAGs
[2024-06-22 00:06:59,405] {logging_mixin.py:104} INFO - [2024-06-22 00:06:59,405] {dag.py:2280} INFO - Setting next_dagrun for example_trigger_controller_dag to 2024-06-20 00:00:00+00:00
[2024-06-22 00:06:59,410] {scheduler_job.py:190} INFO - Processing /home/airflow/.local/lib/python3.6/site-packages/airflow/example_dags/example_trigger_controller_dag.py took 0.032 seconds
[2024-06-22 00:07:30,058] {scheduler_job.py:182} INFO - Started process (PID=4627) to work on /home/airflow/.local/lib/python3.6/site-packages/airflow/example_dags/example_trigger_controller_dag.py
[2024-06-22 00:07:30,059] {scheduler_job.py:629} INFO - Processing file /home/airflow/.local/lib/python3.6/site-packages/airflow/example_dags/example_trigger_controller_dag.py for tasks to queue
[2024-06-22 00:07:30,060] {logging_mixin.py:104} INFO - [2024-06-22 00:07:30,059] {dagbag.py:451} INFO - Filling up the DagBag from /home/airflow/.local/lib/python3.6/site-packages/airflow/example_dags/example_trigger_controller_dag.py
[2024-06-22 00:07:30,065] {scheduler_job.py:639} INFO - DAG(s) dict_keys(['example_trigger_controller_dag']) retrieved from /home/airflow/.local/lib/python3.6/site-packages/airflow/example_dags/example_trigger_controller_dag.py
[2024-06-22 00:07:30,077] {logging_mixin.py:104} INFO - [2024-06-22 00:07:30,077] {dag.py:1824} INFO - Sync 1 DAGs
[2024-06-22 00:07:30,086] {logging_mixin.py:104} INFO - [2024-06-22 00:07:30,086] {dag.py:2280} INFO - Setting next_dagrun for example_trigger_controller_dag to 2024-06-20 00:00:00+00:00
[2024-06-22 00:07:30,091] {scheduler_job.py:190} INFO - Processing /home/airflow/.local/lib/python3.6/site-packages/airflow/example_dags/example_trigger_controller_dag.py took 0.034 seconds
[2024-06-22 00:08:00,746] {scheduler_job.py:182} INFO - Started process (PID=4653) to work on /home/airflow/.local/lib/python3.6/site-packages/airflow/example_dags/example_trigger_controller_dag.py
[2024-06-22 00:08:00,747] {scheduler_job.py:629} INFO - Processing file /home/airflow/.local/lib/python3.6/site-packages/airflow/example_dags/example_trigger_controller_dag.py for tasks to queue
[2024-06-22 00:08:00,747] {logging_mixin.py:104} INFO - [2024-06-22 00:08:00,747] {dagbag.py:451} INFO - Filling up the DagBag from /home/airflow/.local/lib/python3.6/site-packages/airflow/example_dags/example_trigger_controller_dag.py
[2024-06-22 00:08:00,753] {scheduler_job.py:639} INFO - DAG(s) dict_keys(['example_trigger_controller_dag']) retrieved from /home/airflow/.local/lib/python3.6/site-packages/airflow/example_dags/example_trigger_controller_dag.py
[2024-06-22 00:08:00,763] {logging_mixin.py:104} INFO - [2024-06-22 00:08:00,763] {dag.py:1824} INFO - Sync 1 DAGs
[2024-06-22 00:08:00,771] {logging_mixin.py:104} INFO - [2024-06-22 00:08:00,771] {dag.py:2280} INFO - Setting next_dagrun for example_trigger_controller_dag to 2024-06-20 00:00:00+00:00
[2024-06-22 00:08:00,777] {scheduler_job.py:190} INFO - Processing /home/airflow/.local/lib/python3.6/site-packages/airflow/example_dags/example_trigger_controller_dag.py took 0.032 seconds
[2024-06-22 00:08:31,557] {scheduler_job.py:182} INFO - Started process (PID=4679) to work on /home/airflow/.local/lib/python3.6/site-packages/airflow/example_dags/example_trigger_controller_dag.py
[2024-06-22 00:08:31,558] {scheduler_job.py:629} INFO - Processing file /home/airflow/.local/lib/python3.6/site-packages/airflow/example_dags/example_trigger_controller_dag.py for tasks to queue
[2024-06-22 00:08:31,558] {logging_mixin.py:104} INFO - [2024-06-22 00:08:31,558] {dagbag.py:451} INFO - Filling up the DagBag from /home/airflow/.local/lib/python3.6/site-packages/airflow/example_dags/example_trigger_controller_dag.py
[2024-06-22 00:08:31,564] {scheduler_job.py:639} INFO - DAG(s) dict_keys(['example_trigger_controller_dag']) retrieved from /home/airflow/.local/lib/python3.6/site-packages/airflow/example_dags/example_trigger_controller_dag.py
[2024-06-22 00:08:31,575] {logging_mixin.py:104} INFO - [2024-06-22 00:08:31,575] {dag.py:1824} INFO - Sync 1 DAGs
[2024-06-22 00:08:31,585] {logging_mixin.py:104} INFO - [2024-06-22 00:08:31,585] {dag.py:2280} INFO - Setting next_dagrun for example_trigger_controller_dag to 2024-06-20 00:00:00+00:00
[2024-06-22 00:08:31,591] {scheduler_job.py:190} INFO - Processing /home/airflow/.local/lib/python3.6/site-packages/airflow/example_dags/example_trigger_controller_dag.py took 0.035 seconds
[2024-06-22 00:09:02,322] {scheduler_job.py:182} INFO - Started process (PID=4705) to work on /home/airflow/.local/lib/python3.6/site-packages/airflow/example_dags/example_trigger_controller_dag.py
[2024-06-22 00:09:02,323] {scheduler_job.py:629} INFO - Processing file /home/airflow/.local/lib/python3.6/site-packages/airflow/example_dags/example_trigger_controller_dag.py for tasks to queue
[2024-06-22 00:09:02,323] {logging_mixin.py:104} INFO - [2024-06-22 00:09:02,323] {dagbag.py:451} INFO - Filling up the DagBag from /home/airflow/.local/lib/python3.6/site-packages/airflow/example_dags/example_trigger_controller_dag.py
[2024-06-22 00:09:02,329] {scheduler_job.py:639} INFO - DAG(s) dict_keys(['example_trigger_controller_dag']) retrieved from /home/airflow/.local/lib/python3.6/site-packages/airflow/example_dags/example_trigger_controller_dag.py
[2024-06-22 00:09:02,340] {logging_mixin.py:104} INFO - [2024-06-22 00:09:02,340] {dag.py:1824} INFO - Sync 1 DAGs
[2024-06-22 00:09:02,350] {logging_mixin.py:104} INFO - [2024-06-22 00:09:02,350] {dag.py:2280} INFO - Setting next_dagrun for example_trigger_controller_dag to 2024-06-20 00:00:00+00:00
[2024-06-22 00:09:02,355] {scheduler_job.py:190} INFO - Processing /home/airflow/.local/lib/python3.6/site-packages/airflow/example_dags/example_trigger_controller_dag.py took 0.035 seconds
[2024-06-22 00:09:33,063] {scheduler_job.py:182} INFO - Started process (PID=4731) to work on /home/airflow/.local/lib/python3.6/site-packages/airflow/example_dags/example_trigger_controller_dag.py
[2024-06-22 00:09:33,064] {scheduler_job.py:629} INFO - Processing file /home/airflow/.local/lib/python3.6/site-packages/airflow/example_dags/example_trigger_controller_dag.py for tasks to queue
[2024-06-22 00:09:33,064] {logging_mixin.py:104} INFO - [2024-06-22 00:09:33,064] {dagbag.py:451} INFO - Filling up the DagBag from /home/airflow/.local/lib/python3.6/site-packages/airflow/example_dags/example_trigger_controller_dag.py
[2024-06-22 00:09:33,070] {scheduler_job.py:639} INFO - DAG(s) dict_keys(['example_trigger_controller_dag']) retrieved from /home/airflow/.local/lib/python3.6/site-packages/airflow/example_dags/example_trigger_controller_dag.py
[2024-06-22 00:09:33,082] {logging_mixin.py:104} INFO - [2024-06-22 00:09:33,082] {dag.py:1824} INFO - Sync 1 DAGs
[2024-06-22 00:09:33,091] {logging_mixin.py:104} INFO - [2024-06-22 00:09:33,091] {dag.py:2280} INFO - Setting next_dagrun for example_trigger_controller_dag to 2024-06-20 00:00:00+00:00
[2024-06-22 00:09:33,096] {scheduler_job.py:190} INFO - Processing /home/airflow/.local/lib/python3.6/site-packages/airflow/example_dags/example_trigger_controller_dag.py took 0.035 seconds
[2024-06-22 00:10:03,720] {scheduler_job.py:182} INFO - Started process (PID=4757) to work on /home/airflow/.local/lib/python3.6/site-packages/airflow/example_dags/example_trigger_controller_dag.py
[2024-06-22 00:10:03,720] {scheduler_job.py:629} INFO - Processing file /home/airflow/.local/lib/python3.6/site-packages/airflow/example_dags/example_trigger_controller_dag.py for tasks to queue
[2024-06-22 00:10:03,721] {logging_mixin.py:104} INFO - [2024-06-22 00:10:03,721] {dagbag.py:451} INFO - Filling up the DagBag from /home/airflow/.local/lib/python3.6/site-packages/airflow/example_dags/example_trigger_controller_dag.py
[2024-06-22 00:10:03,726] {scheduler_job.py:639} INFO - DAG(s) dict_keys(['example_trigger_controller_dag']) retrieved from /home/airflow/.local/lib/python3.6/site-packages/airflow/example_dags/example_trigger_controller_dag.py
[2024-06-22 00:10:03,738] {logging_mixin.py:104} INFO - [2024-06-22 00:10:03,738] {dag.py:1824} INFO - Sync 1 DAGs
[2024-06-22 00:10:03,746] {logging_mixin.py:104} INFO - [2024-06-22 00:10:03,746] {dag.py:2280} INFO - Setting next_dagrun for example_trigger_controller_dag to 2024-06-20 00:00:00+00:00
[2024-06-22 00:10:03,752] {scheduler_job.py:190} INFO - Processing /home/airflow/.local/lib/python3.6/site-packages/airflow/example_dags/example_trigger_controller_dag.py took 0.034 seconds
[2024-06-22 00:10:34,585] {scheduler_job.py:182} INFO - Started process (PID=4783) to work on /home/airflow/.local/lib/python3.6/site-packages/airflow/example_dags/example_trigger_controller_dag.py
[2024-06-22 00:10:34,586] {scheduler_job.py:629} INFO - Processing file /home/airflow/.local/lib/python3.6/site-packages/airflow/example_dags/example_trigger_controller_dag.py for tasks to queue
[2024-06-22 00:10:34,586] {logging_mixin.py:104} INFO - [2024-06-22 00:10:34,586] {dagbag.py:451} INFO - Filling up the DagBag from /home/airflow/.local/lib/python3.6/site-packages/airflow/example_dags/example_trigger_controller_dag.py
[2024-06-22 00:10:34,592] {scheduler_job.py:639} INFO - DAG(s) dict_keys(['example_trigger_controller_dag']) retrieved from /home/airflow/.local/lib/python3.6/site-packages/airflow/example_dags/example_trigger_controller_dag.py
[2024-06-22 00:10:34,604] {logging_mixin.py:104} INFO - [2024-06-22 00:10:34,604] {dag.py:1824} INFO - Sync 1 DAGs
[2024-06-22 00:10:34,614] {logging_mixin.py:104} INFO - [2024-06-22 00:10:34,614] {dag.py:2280} INFO - Setting next_dagrun for example_trigger_controller_dag to 2024-06-20 00:00:00+00:00
[2024-06-22 00:10:34,620] {scheduler_job.py:190} INFO - Processing /home/airflow/.local/lib/python3.6/site-packages/airflow/example_dags/example_trigger_controller_dag.py took 0.036 seconds
[2024-06-22 00:11:05,361] {scheduler_job.py:182} INFO - Started process (PID=4809) to work on /home/airflow/.local/lib/python3.6/site-packages/airflow/example_dags/example_trigger_controller_dag.py
[2024-06-22 00:11:05,362] {scheduler_job.py:629} INFO - Processing file /home/airflow/.local/lib/python3.6/site-packages/airflow/example_dags/example_trigger_controller_dag.py for tasks to queue
[2024-06-22 00:11:05,362] {logging_mixin.py:104} INFO - [2024-06-22 00:11:05,362] {dagbag.py:451} INFO - Filling up the DagBag from /home/airflow/.local/lib/python3.6/site-packages/airflow/example_dags/example_trigger_controller_dag.py
[2024-06-22 00:11:05,368] {scheduler_job.py:639} INFO - DAG(s) dict_keys(['example_trigger_controller_dag']) retrieved from /home/airflow/.local/lib/python3.6/site-packages/airflow/example_dags/example_trigger_controller_dag.py
[2024-06-22 00:11:05,382] {logging_mixin.py:104} INFO - [2024-06-22 00:11:05,382] {dag.py:1824} INFO - Sync 1 DAGs
[2024-06-22 00:11:05,391] {logging_mixin.py:104} INFO - [2024-06-22 00:11:05,391] {dag.py:2280} INFO - Setting next_dagrun for example_trigger_controller_dag to 2024-06-20 00:00:00+00:00
[2024-06-22 00:11:05,396] {scheduler_job.py:190} INFO - Processing /home/airflow/.local/lib/python3.6/site-packages/airflow/example_dags/example_trigger_controller_dag.py took 0.037 seconds
[2024-06-22 00:11:36,138] {scheduler_job.py:182} INFO - Started process (PID=4835) to work on /home/airflow/.local/lib/python3.6/site-packages/airflow/example_dags/example_trigger_controller_dag.py
[2024-06-22 00:11:36,139] {scheduler_job.py:629} INFO - Processing file /home/airflow/.local/lib/python3.6/site-packages/airflow/example_dags/example_trigger_controller_dag.py for tasks to queue
[2024-06-22 00:11:36,139] {logging_mixin.py:104} INFO - [2024-06-22 00:11:36,139] {dagbag.py:451} INFO - Filling up the DagBag from /home/airflow/.local/lib/python3.6/site-packages/airflow/example_dags/example_trigger_controller_dag.py
[2024-06-22 00:11:36,145] {scheduler_job.py:639} INFO - DAG(s) dict_keys(['example_trigger_controller_dag']) retrieved from /home/airflow/.local/lib/python3.6/site-packages/airflow/example_dags/example_trigger_controller_dag.py
[2024-06-22 00:11:36,158] {logging_mixin.py:104} INFO - [2024-06-22 00:11:36,158] {dag.py:1824} INFO - Sync 1 DAGs
[2024-06-22 00:11:36,167] {logging_mixin.py:104} INFO - [2024-06-22 00:11:36,167] {dag.py:2280} INFO - Setting next_dagrun for example_trigger_controller_dag to 2024-06-20 00:00:00+00:00
[2024-06-22 00:11:36,173] {scheduler_job.py:190} INFO - Processing /home/airflow/.local/lib/python3.6/site-packages/airflow/example_dags/example_trigger_controller_dag.py took 0.037 seconds
[2024-06-22 00:12:06,810] {scheduler_job.py:182} INFO - Started process (PID=4861) to work on /home/airflow/.local/lib/python3.6/site-packages/airflow/example_dags/example_trigger_controller_dag.py
[2024-06-22 00:12:06,811] {scheduler_job.py:629} INFO - Processing file /home/airflow/.local/lib/python3.6/site-packages/airflow/example_dags/example_trigger_controller_dag.py for tasks to queue
[2024-06-22 00:12:06,811] {logging_mixin.py:104} INFO - [2024-06-22 00:12:06,811] {dagbag.py:451} INFO - Filling up the DagBag from /home/airflow/.local/lib/python3.6/site-packages/airflow/example_dags/example_trigger_controller_dag.py
[2024-06-22 00:12:06,817] {scheduler_job.py:639} INFO - DAG(s) dict_keys(['example_trigger_controller_dag']) retrieved from /home/airflow/.local/lib/python3.6/site-packages/airflow/example_dags/example_trigger_controller_dag.py
[2024-06-22 00:12:06,828] {logging_mixin.py:104} INFO - [2024-06-22 00:12:06,828] {dag.py:1824} INFO - Sync 1 DAGs
[2024-06-22 00:12:06,836] {logging_mixin.py:104} INFO - [2024-06-22 00:12:06,836] {dag.py:2280} INFO - Setting next_dagrun for example_trigger_controller_dag to 2024-06-20 00:00:00+00:00
[2024-06-22 00:12:06,842] {scheduler_job.py:190} INFO - Processing /home/airflow/.local/lib/python3.6/site-packages/airflow/example_dags/example_trigger_controller_dag.py took 0.034 seconds
[2024-06-22 00:12:37,574] {scheduler_job.py:182} INFO - Started process (PID=4887) to work on /home/airflow/.local/lib/python3.6/site-packages/airflow/example_dags/example_trigger_controller_dag.py
[2024-06-22 00:12:37,575] {scheduler_job.py:629} INFO - Processing file /home/airflow/.local/lib/python3.6/site-packages/airflow/example_dags/example_trigger_controller_dag.py for tasks to queue
[2024-06-22 00:12:37,576] {logging_mixin.py:104} INFO - [2024-06-22 00:12:37,575] {dagbag.py:451} INFO - Filling up the DagBag from /home/airflow/.local/lib/python3.6/site-packages/airflow/example_dags/example_trigger_controller_dag.py
[2024-06-22 00:12:37,582] {scheduler_job.py:639} INFO - DAG(s) dict_keys(['example_trigger_controller_dag']) retrieved from /home/airflow/.local/lib/python3.6/site-packages/airflow/example_dags/example_trigger_controller_dag.py
[2024-06-22 00:12:37,593] {logging_mixin.py:104} INFO - [2024-06-22 00:12:37,593] {dag.py:1824} INFO - Sync 1 DAGs
[2024-06-22 00:12:37,601] {logging_mixin.py:104} INFO - [2024-06-22 00:12:37,601] {dag.py:2280} INFO - Setting next_dagrun for example_trigger_controller_dag to 2024-06-20 00:00:00+00:00
[2024-06-22 00:12:37,607] {scheduler_job.py:190} INFO - Processing /home/airflow/.local/lib/python3.6/site-packages/airflow/example_dags/example_trigger_controller_dag.py took 0.034 seconds
[2024-06-22 00:13:08,437] {scheduler_job.py:182} INFO - Started process (PID=4913) to work on /home/airflow/.local/lib/python3.6/site-packages/airflow/example_dags/example_trigger_controller_dag.py
[2024-06-22 00:13:08,438] {scheduler_job.py:629} INFO - Processing file /home/airflow/.local/lib/python3.6/site-packages/airflow/example_dags/example_trigger_controller_dag.py for tasks to queue
[2024-06-22 00:13:08,438] {logging_mixin.py:104} INFO - [2024-06-22 00:13:08,438] {dagbag.py:451} INFO - Filling up the DagBag from /home/airflow/.local/lib/python3.6/site-packages/airflow/example_dags/example_trigger_controller_dag.py
[2024-06-22 00:13:08,445] {scheduler_job.py:639} INFO - DAG(s) dict_keys(['example_trigger_controller_dag']) retrieved from /home/airflow/.local/lib/python3.6/site-packages/airflow/example_dags/example_trigger_controller_dag.py
[2024-06-22 00:13:08,456] {logging_mixin.py:104} INFO - [2024-06-22 00:13:08,456] {dag.py:1824} INFO - Sync 1 DAGs
[2024-06-22 00:13:08,465] {logging_mixin.py:104} INFO - [2024-06-22 00:13:08,465] {dag.py:2280} INFO - Setting next_dagrun for example_trigger_controller_dag to 2024-06-20 00:00:00+00:00
[2024-06-22 00:13:08,470] {scheduler_job.py:190} INFO - Processing /home/airflow/.local/lib/python3.6/site-packages/airflow/example_dags/example_trigger_controller_dag.py took 0.035 seconds
[2024-06-22 00:13:39,099] {scheduler_job.py:182} INFO - Started process (PID=4939) to work on /home/airflow/.local/lib/python3.6/site-packages/airflow/example_dags/example_trigger_controller_dag.py
[2024-06-22 00:13:39,100] {scheduler_job.py:629} INFO - Processing file /home/airflow/.local/lib/python3.6/site-packages/airflow/example_dags/example_trigger_controller_dag.py for tasks to queue
[2024-06-22 00:13:39,100] {logging_mixin.py:104} INFO - [2024-06-22 00:13:39,100] {dagbag.py:451} INFO - Filling up the DagBag from /home/airflow/.local/lib/python3.6/site-packages/airflow/example_dags/example_trigger_controller_dag.py
[2024-06-22 00:13:39,106] {scheduler_job.py:639} INFO - DAG(s) dict_keys(['example_trigger_controller_dag']) retrieved from /home/airflow/.local/lib/python3.6/site-packages/airflow/example_dags/example_trigger_controller_dag.py
[2024-06-22 00:13:39,117] {logging_mixin.py:104} INFO - [2024-06-22 00:13:39,117] {dag.py:1824} INFO - Sync 1 DAGs
[2024-06-22 00:13:39,126] {logging_mixin.py:104} INFO - [2024-06-22 00:13:39,125] {dag.py:2280} INFO - Setting next_dagrun for example_trigger_controller_dag to 2024-06-20 00:00:00+00:00
[2024-06-22 00:13:39,130] {scheduler_job.py:190} INFO - Processing /home/airflow/.local/lib/python3.6/site-packages/airflow/example_dags/example_trigger_controller_dag.py took 0.033 seconds
[2024-06-22 00:14:09,887] {scheduler_job.py:182} INFO - Started process (PID=4965) to work on /home/airflow/.local/lib/python3.6/site-packages/airflow/example_dags/example_trigger_controller_dag.py
[2024-06-22 00:14:09,888] {scheduler_job.py:629} INFO - Processing file /home/airflow/.local/lib/python3.6/site-packages/airflow/example_dags/example_trigger_controller_dag.py for tasks to queue
[2024-06-22 00:14:09,888] {logging_mixin.py:104} INFO - [2024-06-22 00:14:09,888] {dagbag.py:451} INFO - Filling up the DagBag from /home/airflow/.local/lib/python3.6/site-packages/airflow/example_dags/example_trigger_controller_dag.py
[2024-06-22 00:14:09,894] {scheduler_job.py:639} INFO - DAG(s) dict_keys(['example_trigger_controller_dag']) retrieved from /home/airflow/.local/lib/python3.6/site-packages/airflow/example_dags/example_trigger_controller_dag.py
[2024-06-22 00:14:09,905] {logging_mixin.py:104} INFO - [2024-06-22 00:14:09,905] {dag.py:1824} INFO - Sync 1 DAGs
[2024-06-22 00:14:09,914] {logging_mixin.py:104} INFO - [2024-06-22 00:14:09,914] {dag.py:2280} INFO - Setting next_dagrun for example_trigger_controller_dag to 2024-06-20 00:00:00+00:00
[2024-06-22 00:14:09,919] {scheduler_job.py:190} INFO - Processing /home/airflow/.local/lib/python3.6/site-packages/airflow/example_dags/example_trigger_controller_dag.py took 0.034 seconds
[2024-06-22 00:14:40,633] {scheduler_job.py:182} INFO - Started process (PID=4991) to work on /home/airflow/.local/lib/python3.6/site-packages/airflow/example_dags/example_trigger_controller_dag.py
[2024-06-22 00:14:40,633] {scheduler_job.py:629} INFO - Processing file /home/airflow/.local/lib/python3.6/site-packages/airflow/example_dags/example_trigger_controller_dag.py for tasks to queue
[2024-06-22 00:14:40,634] {logging_mixin.py:104} INFO - [2024-06-22 00:14:40,634] {dagbag.py:451} INFO - Filling up the DagBag from /home/airflow/.local/lib/python3.6/site-packages/airflow/example_dags/example_trigger_controller_dag.py
[2024-06-22 00:14:40,639] {scheduler_job.py:639} INFO - DAG(s) dict_keys(['example_trigger_controller_dag']) retrieved from /home/airflow/.local/lib/python3.6/site-packages/airflow/example_dags/example_trigger_controller_dag.py
[2024-06-22 00:14:40,652] {logging_mixin.py:104} INFO - [2024-06-22 00:14:40,652] {dag.py:1824} INFO - Sync 1 DAGs
[2024-06-22 00:14:40,660] {logging_mixin.py:104} INFO - [2024-06-22 00:14:40,660] {dag.py:2280} INFO - Setting next_dagrun for example_trigger_controller_dag to 2024-06-20 00:00:00+00:00
[2024-06-22 00:14:40,665] {scheduler_job.py:190} INFO - Processing /home/airflow/.local/lib/python3.6/site-packages/airflow/example_dags/example_trigger_controller_dag.py took 0.034 seconds
[2024-06-22 00:15:11,404] {scheduler_job.py:182} INFO - Started process (PID=5017) to work on /home/airflow/.local/lib/python3.6/site-packages/airflow/example_dags/example_trigger_controller_dag.py
[2024-06-22 00:15:11,404] {scheduler_job.py:629} INFO - Processing file /home/airflow/.local/lib/python3.6/site-packages/airflow/example_dags/example_trigger_controller_dag.py for tasks to queue
[2024-06-22 00:15:11,405] {logging_mixin.py:104} INFO - [2024-06-22 00:15:11,405] {dagbag.py:451} INFO - Filling up the DagBag from /home/airflow/.local/lib/python3.6/site-packages/airflow/example_dags/example_trigger_controller_dag.py
[2024-06-22 00:15:11,411] {scheduler_job.py:639} INFO - DAG(s) dict_keys(['example_trigger_controller_dag']) retrieved from /home/airflow/.local/lib/python3.6/site-packages/airflow/example_dags/example_trigger_controller_dag.py
[2024-06-22 00:15:11,422] {logging_mixin.py:104} INFO - [2024-06-22 00:15:11,422] {dag.py:1824} INFO - Sync 1 DAGs
[2024-06-22 00:15:11,430] {logging_mixin.py:104} INFO - [2024-06-22 00:15:11,430] {dag.py:2280} INFO - Setting next_dagrun for example_trigger_controller_dag to 2024-06-20 00:00:00+00:00
[2024-06-22 00:15:11,435] {scheduler_job.py:190} INFO - Processing /home/airflow/.local/lib/python3.6/site-packages/airflow/example_dags/example_trigger_controller_dag.py took 0.033 seconds
[2024-06-22 00:15:42,141] {scheduler_job.py:182} INFO - Started process (PID=5043) to work on /home/airflow/.local/lib/python3.6/site-packages/airflow/example_dags/example_trigger_controller_dag.py
[2024-06-22 00:15:42,142] {scheduler_job.py:629} INFO - Processing file /home/airflow/.local/lib/python3.6/site-packages/airflow/example_dags/example_trigger_controller_dag.py for tasks to queue
[2024-06-22 00:15:42,143] {logging_mixin.py:104} INFO - [2024-06-22 00:15:42,143] {dagbag.py:451} INFO - Filling up the DagBag from /home/airflow/.local/lib/python3.6/site-packages/airflow/example_dags/example_trigger_controller_dag.py
[2024-06-22 00:15:42,149] {scheduler_job.py:639} INFO - DAG(s) dict_keys(['example_trigger_controller_dag']) retrieved from /home/airflow/.local/lib/python3.6/site-packages/airflow/example_dags/example_trigger_controller_dag.py
[2024-06-22 00:15:42,161] {logging_mixin.py:104} INFO - [2024-06-22 00:15:42,161] {dag.py:1824} INFO - Sync 1 DAGs
[2024-06-22 00:15:42,169] {logging_mixin.py:104} INFO - [2024-06-22 00:15:42,169] {dag.py:2280} INFO - Setting next_dagrun for example_trigger_controller_dag to 2024-06-20 00:00:00+00:00
[2024-06-22 00:15:42,175] {scheduler_job.py:190} INFO - Processing /home/airflow/.local/lib/python3.6/site-packages/airflow/example_dags/example_trigger_controller_dag.py took 0.035 seconds
[2024-06-22 00:16:12,974] {scheduler_job.py:182} INFO - Started process (PID=5069) to work on /home/airflow/.local/lib/python3.6/site-packages/airflow/example_dags/example_trigger_controller_dag.py
[2024-06-22 00:16:12,975] {scheduler_job.py:629} INFO - Processing file /home/airflow/.local/lib/python3.6/site-packages/airflow/example_dags/example_trigger_controller_dag.py for tasks to queue
[2024-06-22 00:16:12,976] {logging_mixin.py:104} INFO - [2024-06-22 00:16:12,976] {dagbag.py:451} INFO - Filling up the DagBag from /home/airflow/.local/lib/python3.6/site-packages/airflow/example_dags/example_trigger_controller_dag.py
[2024-06-22 00:16:12,982] {scheduler_job.py:639} INFO - DAG(s) dict_keys(['example_trigger_controller_dag']) retrieved from /home/airflow/.local/lib/python3.6/site-packages/airflow/example_dags/example_trigger_controller_dag.py
[2024-06-22 00:16:12,992] {logging_mixin.py:104} INFO - [2024-06-22 00:16:12,992] {dag.py:1824} INFO - Sync 1 DAGs
[2024-06-22 00:16:13,001] {logging_mixin.py:104} INFO - [2024-06-22 00:16:13,001] {dag.py:2280} INFO - Setting next_dagrun for example_trigger_controller_dag to 2024-06-20 00:00:00+00:00
[2024-06-22 00:16:13,006] {scheduler_job.py:190} INFO - Processing /home/airflow/.local/lib/python3.6/site-packages/airflow/example_dags/example_trigger_controller_dag.py took 0.034 seconds
[2024-06-22 00:16:43,740] {scheduler_job.py:182} INFO - Started process (PID=5095) to work on /home/airflow/.local/lib/python3.6/site-packages/airflow/example_dags/example_trigger_controller_dag.py
[2024-06-22 00:16:43,740] {scheduler_job.py:629} INFO - Processing file /home/airflow/.local/lib/python3.6/site-packages/airflow/example_dags/example_trigger_controller_dag.py for tasks to queue
[2024-06-22 00:16:43,741] {logging_mixin.py:104} INFO - [2024-06-22 00:16:43,741] {dagbag.py:451} INFO - Filling up the DagBag from /home/airflow/.local/lib/python3.6/site-packages/airflow/example_dags/example_trigger_controller_dag.py
[2024-06-22 00:16:43,747] {scheduler_job.py:639} INFO - DAG(s) dict_keys(['example_trigger_controller_dag']) retrieved from /home/airflow/.local/lib/python3.6/site-packages/airflow/example_dags/example_trigger_controller_dag.py
[2024-06-22 00:16:43,758] {logging_mixin.py:104} INFO - [2024-06-22 00:16:43,758] {dag.py:1824} INFO - Sync 1 DAGs
[2024-06-22 00:16:43,767] {logging_mixin.py:104} INFO - [2024-06-22 00:16:43,767] {dag.py:2280} INFO - Setting next_dagrun for example_trigger_controller_dag to 2024-06-20 00:00:00+00:00
[2024-06-22 00:16:43,772] {scheduler_job.py:190} INFO - Processing /home/airflow/.local/lib/python3.6/site-packages/airflow/example_dags/example_trigger_controller_dag.py took 0.034 seconds
[2024-06-22 00:17:14,500] {scheduler_job.py:182} INFO - Started process (PID=5121) to work on /home/airflow/.local/lib/python3.6/site-packages/airflow/example_dags/example_trigger_controller_dag.py
[2024-06-22 00:17:14,501] {scheduler_job.py:629} INFO - Processing file /home/airflow/.local/lib/python3.6/site-packages/airflow/example_dags/example_trigger_controller_dag.py for tasks to queue
[2024-06-22 00:17:14,501] {logging_mixin.py:104} INFO - [2024-06-22 00:17:14,501] {dagbag.py:451} INFO - Filling up the DagBag from /home/airflow/.local/lib/python3.6/site-packages/airflow/example_dags/example_trigger_controller_dag.py
[2024-06-22 00:17:14,507] {scheduler_job.py:639} INFO - DAG(s) dict_keys(['example_trigger_controller_dag']) retrieved from /home/airflow/.local/lib/python3.6/site-packages/airflow/example_dags/example_trigger_controller_dag.py
[2024-06-22 00:17:14,519] {logging_mixin.py:104} INFO - [2024-06-22 00:17:14,519] {dag.py:1824} INFO - Sync 1 DAGs
[2024-06-22 00:17:14,527] {logging_mixin.py:104} INFO - [2024-06-22 00:17:14,527] {dag.py:2280} INFO - Setting next_dagrun for example_trigger_controller_dag to 2024-06-20 00:00:00+00:00
[2024-06-22 00:17:14,532] {scheduler_job.py:190} INFO - Processing /home/airflow/.local/lib/python3.6/site-packages/airflow/example_dags/example_trigger_controller_dag.py took 0.034 seconds
[2024-06-22 00:17:45,291] {scheduler_job.py:182} INFO - Started process (PID=5147) to work on /home/airflow/.local/lib/python3.6/site-packages/airflow/example_dags/example_trigger_controller_dag.py
[2024-06-22 00:17:45,292] {scheduler_job.py:629} INFO - Processing file /home/airflow/.local/lib/python3.6/site-packages/airflow/example_dags/example_trigger_controller_dag.py for tasks to queue
[2024-06-22 00:17:45,292] {logging_mixin.py:104} INFO - [2024-06-22 00:17:45,292] {dagbag.py:451} INFO - Filling up the DagBag from /home/airflow/.local/lib/python3.6/site-packages/airflow/example_dags/example_trigger_controller_dag.py
[2024-06-22 00:17:45,298] {scheduler_job.py:639} INFO - DAG(s) dict_keys(['example_trigger_controller_dag']) retrieved from /home/airflow/.local/lib/python3.6/site-packages/airflow/example_dags/example_trigger_controller_dag.py
[2024-06-22 00:17:45,309] {logging_mixin.py:104} INFO - [2024-06-22 00:17:45,309] {dag.py:1824} INFO - Sync 1 DAGs
[2024-06-22 00:17:45,318] {logging_mixin.py:104} INFO - [2024-06-22 00:17:45,318] {dag.py:2280} INFO - Setting next_dagrun for example_trigger_controller_dag to 2024-06-20 00:00:00+00:00
[2024-06-22 00:17:45,323] {scheduler_job.py:190} INFO - Processing /home/airflow/.local/lib/python3.6/site-packages/airflow/example_dags/example_trigger_controller_dag.py took 0.034 seconds
[2024-06-22 00:18:16,055] {scheduler_job.py:182} INFO - Started process (PID=5173) to work on /home/airflow/.local/lib/python3.6/site-packages/airflow/example_dags/example_trigger_controller_dag.py
[2024-06-22 00:18:16,056] {scheduler_job.py:629} INFO - Processing file /home/airflow/.local/lib/python3.6/site-packages/airflow/example_dags/example_trigger_controller_dag.py for tasks to queue
[2024-06-22 00:18:16,056] {logging_mixin.py:104} INFO - [2024-06-22 00:18:16,056] {dagbag.py:451} INFO - Filling up the DagBag from /home/airflow/.local/lib/python3.6/site-packages/airflow/example_dags/example_trigger_controller_dag.py
[2024-06-22 00:18:16,062] {scheduler_job.py:639} INFO - DAG(s) dict_keys(['example_trigger_controller_dag']) retrieved from /home/airflow/.local/lib/python3.6/site-packages/airflow/example_dags/example_trigger_controller_dag.py
[2024-06-22 00:18:16,073] {logging_mixin.py:104} INFO - [2024-06-22 00:18:16,073] {dag.py:1824} INFO - Sync 1 DAGs
[2024-06-22 00:18:16,082] {logging_mixin.py:104} INFO - [2024-06-22 00:18:16,082] {dag.py:2280} INFO - Setting next_dagrun for example_trigger_controller_dag to 2024-06-20 00:00:00+00:00
[2024-06-22 00:18:16,087] {scheduler_job.py:190} INFO - Processing /home/airflow/.local/lib/python3.6/site-packages/airflow/example_dags/example_trigger_controller_dag.py took 0.034 seconds
[2024-06-22 00:18:46,812] {scheduler_job.py:182} INFO - Started process (PID=5199) to work on /home/airflow/.local/lib/python3.6/site-packages/airflow/example_dags/example_trigger_controller_dag.py
[2024-06-22 00:18:46,812] {scheduler_job.py:629} INFO - Processing file /home/airflow/.local/lib/python3.6/site-packages/airflow/example_dags/example_trigger_controller_dag.py for tasks to queue
[2024-06-22 00:18:46,813] {logging_mixin.py:104} INFO - [2024-06-22 00:18:46,813] {dagbag.py:451} INFO - Filling up the DagBag from /home/airflow/.local/lib/python3.6/site-packages/airflow/example_dags/example_trigger_controller_dag.py
[2024-06-22 00:18:46,819] {scheduler_job.py:639} INFO - DAG(s) dict_keys(['example_trigger_controller_dag']) retrieved from /home/airflow/.local/lib/python3.6/site-packages/airflow/example_dags/example_trigger_controller_dag.py
[2024-06-22 00:18:46,830] {logging_mixin.py:104} INFO - [2024-06-22 00:18:46,830] {dag.py:1824} INFO - Sync 1 DAGs
[2024-06-22 00:18:46,838] {logging_mixin.py:104} INFO - [2024-06-22 00:18:46,838] {dag.py:2280} INFO - Setting next_dagrun for example_trigger_controller_dag to 2024-06-20 00:00:00+00:00
[2024-06-22 00:18:46,844] {scheduler_job.py:190} INFO - Processing /home/airflow/.local/lib/python3.6/site-packages/airflow/example_dags/example_trigger_controller_dag.py took 0.034 seconds
[2024-06-22 00:19:17,586] {scheduler_job.py:182} INFO - Started process (PID=5225) to work on /home/airflow/.local/lib/python3.6/site-packages/airflow/example_dags/example_trigger_controller_dag.py
[2024-06-22 00:19:17,587] {scheduler_job.py:629} INFO - Processing file /home/airflow/.local/lib/python3.6/site-packages/airflow/example_dags/example_trigger_controller_dag.py for tasks to queue
[2024-06-22 00:19:17,587] {logging_mixin.py:104} INFO - [2024-06-22 00:19:17,587] {dagbag.py:451} INFO - Filling up the DagBag from /home/airflow/.local/lib/python3.6/site-packages/airflow/example_dags/example_trigger_controller_dag.py
[2024-06-22 00:19:17,593] {scheduler_job.py:639} INFO - DAG(s) dict_keys(['example_trigger_controller_dag']) retrieved from /home/airflow/.local/lib/python3.6/site-packages/airflow/example_dags/example_trigger_controller_dag.py
[2024-06-22 00:19:17,604] {logging_mixin.py:104} INFO - [2024-06-22 00:19:17,604] {dag.py:1824} INFO - Sync 1 DAGs
[2024-06-22 00:19:17,613] {logging_mixin.py:104} INFO - [2024-06-22 00:19:17,613] {dag.py:2280} INFO - Setting next_dagrun for example_trigger_controller_dag to 2024-06-20 00:00:00+00:00
[2024-06-22 00:19:17,618] {scheduler_job.py:190} INFO - Processing /home/airflow/.local/lib/python3.6/site-packages/airflow/example_dags/example_trigger_controller_dag.py took 0.033 seconds
[2024-06-22 00:19:48,354] {scheduler_job.py:182} INFO - Started process (PID=5251) to work on /home/airflow/.local/lib/python3.6/site-packages/airflow/example_dags/example_trigger_controller_dag.py
[2024-06-22 00:19:48,355] {scheduler_job.py:629} INFO - Processing file /home/airflow/.local/lib/python3.6/site-packages/airflow/example_dags/example_trigger_controller_dag.py for tasks to queue
[2024-06-22 00:19:48,355] {logging_mixin.py:104} INFO - [2024-06-22 00:19:48,355] {dagbag.py:451} INFO - Filling up the DagBag from /home/airflow/.local/lib/python3.6/site-packages/airflow/example_dags/example_trigger_controller_dag.py
[2024-06-22 00:19:48,361] {scheduler_job.py:639} INFO - DAG(s) dict_keys(['example_trigger_controller_dag']) retrieved from /home/airflow/.local/lib/python3.6/site-packages/airflow/example_dags/example_trigger_controller_dag.py
[2024-06-22 00:19:48,372] {logging_mixin.py:104} INFO - [2024-06-22 00:19:48,372] {dag.py:1824} INFO - Sync 1 DAGs
[2024-06-22 00:19:48,381] {logging_mixin.py:104} INFO - [2024-06-22 00:19:48,381] {dag.py:2280} INFO - Setting next_dagrun for example_trigger_controller_dag to 2024-06-20 00:00:00+00:00
[2024-06-22 00:19:48,386] {scheduler_job.py:190} INFO - Processing /home/airflow/.local/lib/python3.6/site-packages/airflow/example_dags/example_trigger_controller_dag.py took 0.034 seconds
[2024-06-22 00:20:18,995] {scheduler_job.py:182} INFO - Started process (PID=5277) to work on /home/airflow/.local/lib/python3.6/site-packages/airflow/example_dags/example_trigger_controller_dag.py
[2024-06-22 00:20:18,995] {scheduler_job.py:629} INFO - Processing file /home/airflow/.local/lib/python3.6/site-packages/airflow/example_dags/example_trigger_controller_dag.py for tasks to queue
[2024-06-22 00:20:18,996] {logging_mixin.py:104} INFO - [2024-06-22 00:20:18,996] {dagbag.py:451} INFO - Filling up the DagBag from /home/airflow/.local/lib/python3.6/site-packages/airflow/example_dags/example_trigger_controller_dag.py
[2024-06-22 00:20:19,001] {scheduler_job.py:639} INFO - DAG(s) dict_keys(['example_trigger_controller_dag']) retrieved from /home/airflow/.local/lib/python3.6/site-packages/airflow/example_dags/example_trigger_controller_dag.py
[2024-06-22 00:20:19,012] {logging_mixin.py:104} INFO - [2024-06-22 00:20:19,012] {dag.py:1824} INFO - Sync 1 DAGs
[2024-06-22 00:20:19,020] {logging_mixin.py:104} INFO - [2024-06-22 00:20:19,020] {dag.py:2280} INFO - Setting next_dagrun for example_trigger_controller_dag to 2024-06-20 00:00:00+00:00
[2024-06-22 00:20:19,025] {scheduler_job.py:190} INFO - Processing /home/airflow/.local/lib/python3.6/site-packages/airflow/example_dags/example_trigger_controller_dag.py took 0.032 seconds
[2024-06-22 00:20:49,780] {scheduler_job.py:182} INFO - Started process (PID=5303) to work on /home/airflow/.local/lib/python3.6/site-packages/airflow/example_dags/example_trigger_controller_dag.py
[2024-06-22 00:20:49,781] {scheduler_job.py:629} INFO - Processing file /home/airflow/.local/lib/python3.6/site-packages/airflow/example_dags/example_trigger_controller_dag.py for tasks to queue
[2024-06-22 00:20:49,781] {logging_mixin.py:104} INFO - [2024-06-22 00:20:49,781] {dagbag.py:451} INFO - Filling up the DagBag from /home/airflow/.local/lib/python3.6/site-packages/airflow/example_dags/example_trigger_controller_dag.py
[2024-06-22 00:20:49,787] {scheduler_job.py:639} INFO - DAG(s) dict_keys(['example_trigger_controller_dag']) retrieved from /home/airflow/.local/lib/python3.6/site-packages/airflow/example_dags/example_trigger_controller_dag.py
[2024-06-22 00:20:49,798] {logging_mixin.py:104} INFO - [2024-06-22 00:20:49,798] {dag.py:1824} INFO - Sync 1 DAGs
[2024-06-22 00:20:49,807] {logging_mixin.py:104} INFO - [2024-06-22 00:20:49,807] {dag.py:2280} INFO - Setting next_dagrun for example_trigger_controller_dag to 2024-06-20 00:00:00+00:00
[2024-06-22 00:20:49,812] {scheduler_job.py:190} INFO - Processing /home/airflow/.local/lib/python3.6/site-packages/airflow/example_dags/example_trigger_controller_dag.py took 0.034 seconds
[2024-06-22 00:21:20,437] {scheduler_job.py:182} INFO - Started process (PID=5329) to work on /home/airflow/.local/lib/python3.6/site-packages/airflow/example_dags/example_trigger_controller_dag.py
[2024-06-22 00:21:20,437] {scheduler_job.py:629} INFO - Processing file /home/airflow/.local/lib/python3.6/site-packages/airflow/example_dags/example_trigger_controller_dag.py for tasks to queue
[2024-06-22 00:21:20,438] {logging_mixin.py:104} INFO - [2024-06-22 00:21:20,438] {dagbag.py:451} INFO - Filling up the DagBag from /home/airflow/.local/lib/python3.6/site-packages/airflow/example_dags/example_trigger_controller_dag.py
[2024-06-22 00:21:20,444] {scheduler_job.py:639} INFO - DAG(s) dict_keys(['example_trigger_controller_dag']) retrieved from /home/airflow/.local/lib/python3.6/site-packages/airflow/example_dags/example_trigger_controller_dag.py
[2024-06-22 00:21:20,455] {logging_mixin.py:104} INFO - [2024-06-22 00:21:20,455] {dag.py:1824} INFO - Sync 1 DAGs
[2024-06-22 00:21:20,466] {logging_mixin.py:104} INFO - [2024-06-22 00:21:20,466] {dag.py:2280} INFO - Setting next_dagrun for example_trigger_controller_dag to 2024-06-20 00:00:00+00:00
[2024-06-22 00:21:20,471] {scheduler_job.py:190} INFO - Processing /home/airflow/.local/lib/python3.6/site-packages/airflow/example_dags/example_trigger_controller_dag.py took 0.036 seconds
[2024-06-22 00:21:51,232] {scheduler_job.py:182} INFO - Started process (PID=5355) to work on /home/airflow/.local/lib/python3.6/site-packages/airflow/example_dags/example_trigger_controller_dag.py
[2024-06-22 00:21:51,233] {scheduler_job.py:629} INFO - Processing file /home/airflow/.local/lib/python3.6/site-packages/airflow/example_dags/example_trigger_controller_dag.py for tasks to queue
[2024-06-22 00:21:51,234] {logging_mixin.py:104} INFO - [2024-06-22 00:21:51,234] {dagbag.py:451} INFO - Filling up the DagBag from /home/airflow/.local/lib/python3.6/site-packages/airflow/example_dags/example_trigger_controller_dag.py
[2024-06-22 00:21:51,239] {scheduler_job.py:639} INFO - DAG(s) dict_keys(['example_trigger_controller_dag']) retrieved from /home/airflow/.local/lib/python3.6/site-packages/airflow/example_dags/example_trigger_controller_dag.py
[2024-06-22 00:21:51,251] {logging_mixin.py:104} INFO - [2024-06-22 00:21:51,251] {dag.py:1824} INFO - Sync 1 DAGs
[2024-06-22 00:21:51,259] {logging_mixin.py:104} INFO - [2024-06-22 00:21:51,259] {dag.py:2280} INFO - Setting next_dagrun for example_trigger_controller_dag to 2024-06-20 00:00:00+00:00
[2024-06-22 00:21:51,265] {scheduler_job.py:190} INFO - Processing /home/airflow/.local/lib/python3.6/site-packages/airflow/example_dags/example_trigger_controller_dag.py took 0.034 seconds
[2024-06-22 00:22:21,928] {scheduler_job.py:182} INFO - Started process (PID=5381) to work on /home/airflow/.local/lib/python3.6/site-packages/airflow/example_dags/example_trigger_controller_dag.py
[2024-06-22 00:22:21,929] {scheduler_job.py:629} INFO - Processing file /home/airflow/.local/lib/python3.6/site-packages/airflow/example_dags/example_trigger_controller_dag.py for tasks to queue
[2024-06-22 00:22:21,929] {logging_mixin.py:104} INFO - [2024-06-22 00:22:21,929] {dagbag.py:451} INFO - Filling up the DagBag from /home/airflow/.local/lib/python3.6/site-packages/airflow/example_dags/example_trigger_controller_dag.py
[2024-06-22 00:22:21,935] {scheduler_job.py:639} INFO - DAG(s) dict_keys(['example_trigger_controller_dag']) retrieved from /home/airflow/.local/lib/python3.6/site-packages/airflow/example_dags/example_trigger_controller_dag.py
[2024-06-22 00:22:21,946] {logging_mixin.py:104} INFO - [2024-06-22 00:22:21,946] {dag.py:1824} INFO - Sync 1 DAGs
[2024-06-22 00:22:21,955] {logging_mixin.py:104} INFO - [2024-06-22 00:22:21,955] {dag.py:2280} INFO - Setting next_dagrun for example_trigger_controller_dag to 2024-06-20 00:00:00+00:00
[2024-06-22 00:22:21,960] {scheduler_job.py:190} INFO - Processing /home/airflow/.local/lib/python3.6/site-packages/airflow/example_dags/example_trigger_controller_dag.py took 0.033 seconds
[2024-06-22 00:22:52,646] {scheduler_job.py:182} INFO - Started process (PID=5407) to work on /home/airflow/.local/lib/python3.6/site-packages/airflow/example_dags/example_trigger_controller_dag.py
[2024-06-22 00:22:52,647] {scheduler_job.py:629} INFO - Processing file /home/airflow/.local/lib/python3.6/site-packages/airflow/example_dags/example_trigger_controller_dag.py for tasks to queue
[2024-06-22 00:22:52,648] {logging_mixin.py:104} INFO - [2024-06-22 00:22:52,648] {dagbag.py:451} INFO - Filling up the DagBag from /home/airflow/.local/lib/python3.6/site-packages/airflow/example_dags/example_trigger_controller_dag.py
[2024-06-22 00:22:52,653] {scheduler_job.py:639} INFO - DAG(s) dict_keys(['example_trigger_controller_dag']) retrieved from /home/airflow/.local/lib/python3.6/site-packages/airflow/example_dags/example_trigger_controller_dag.py
[2024-06-22 00:22:52,665] {logging_mixin.py:104} INFO - [2024-06-22 00:22:52,665] {dag.py:1824} INFO - Sync 1 DAGs
[2024-06-22 00:22:52,673] {logging_mixin.py:104} INFO - [2024-06-22 00:22:52,673] {dag.py:2280} INFO - Setting next_dagrun for example_trigger_controller_dag to 2024-06-20 00:00:00+00:00
[2024-06-22 00:22:52,678] {scheduler_job.py:190} INFO - Processing /home/airflow/.local/lib/python3.6/site-packages/airflow/example_dags/example_trigger_controller_dag.py took 0.033 seconds
[2024-06-22 00:23:23,398] {scheduler_job.py:182} INFO - Started process (PID=5433) to work on /home/airflow/.local/lib/python3.6/site-packages/airflow/example_dags/example_trigger_controller_dag.py
[2024-06-22 00:23:23,398] {scheduler_job.py:629} INFO - Processing file /home/airflow/.local/lib/python3.6/site-packages/airflow/example_dags/example_trigger_controller_dag.py for tasks to queue
[2024-06-22 00:23:23,399] {logging_mixin.py:104} INFO - [2024-06-22 00:23:23,399] {dagbag.py:451} INFO - Filling up the DagBag from /home/airflow/.local/lib/python3.6/site-packages/airflow/example_dags/example_trigger_controller_dag.py
[2024-06-22 00:23:23,404] {scheduler_job.py:639} INFO - DAG(s) dict_keys(['example_trigger_controller_dag']) retrieved from /home/airflow/.local/lib/python3.6/site-packages/airflow/example_dags/example_trigger_controller_dag.py
[2024-06-22 00:23:23,415] {logging_mixin.py:104} INFO - [2024-06-22 00:23:23,415] {dag.py:1824} INFO - Sync 1 DAGs
[2024-06-22 00:23:23,422] {logging_mixin.py:104} INFO - [2024-06-22 00:23:23,422] {dag.py:2280} INFO - Setting next_dagrun for example_trigger_controller_dag to 2024-06-20 00:00:00+00:00
[2024-06-22 00:23:23,427] {scheduler_job.py:190} INFO - Processing /home/airflow/.local/lib/python3.6/site-packages/airflow/example_dags/example_trigger_controller_dag.py took 0.031 seconds
[2024-06-22 00:23:54,171] {scheduler_job.py:182} INFO - Started process (PID=5459) to work on /home/airflow/.local/lib/python3.6/site-packages/airflow/example_dags/example_trigger_controller_dag.py
[2024-06-22 00:23:54,171] {scheduler_job.py:629} INFO - Processing file /home/airflow/.local/lib/python3.6/site-packages/airflow/example_dags/example_trigger_controller_dag.py for tasks to queue
[2024-06-22 00:23:54,172] {logging_mixin.py:104} INFO - [2024-06-22 00:23:54,172] {dagbag.py:451} INFO - Filling up the DagBag from /home/airflow/.local/lib/python3.6/site-packages/airflow/example_dags/example_trigger_controller_dag.py
[2024-06-22 00:23:54,177] {scheduler_job.py:639} INFO - DAG(s) dict_keys(['example_trigger_controller_dag']) retrieved from /home/airflow/.local/lib/python3.6/site-packages/airflow/example_dags/example_trigger_controller_dag.py
[2024-06-22 00:23:54,189] {logging_mixin.py:104} INFO - [2024-06-22 00:23:54,189] {dag.py:1824} INFO - Sync 1 DAGs
[2024-06-22 00:23:54,197] {logging_mixin.py:104} INFO - [2024-06-22 00:23:54,197] {dag.py:2280} INFO - Setting next_dagrun for example_trigger_controller_dag to 2024-06-20 00:00:00+00:00
[2024-06-22 00:23:54,203] {scheduler_job.py:190} INFO - Processing /home/airflow/.local/lib/python3.6/site-packages/airflow/example_dags/example_trigger_controller_dag.py took 0.034 seconds
[2024-06-22 00:24:25,006] {scheduler_job.py:182} INFO - Started process (PID=5485) to work on /home/airflow/.local/lib/python3.6/site-packages/airflow/example_dags/example_trigger_controller_dag.py
[2024-06-22 00:24:25,007] {scheduler_job.py:629} INFO - Processing file /home/airflow/.local/lib/python3.6/site-packages/airflow/example_dags/example_trigger_controller_dag.py for tasks to queue
[2024-06-22 00:24:25,008] {logging_mixin.py:104} INFO - [2024-06-22 00:24:25,007] {dagbag.py:451} INFO - Filling up the DagBag from /home/airflow/.local/lib/python3.6/site-packages/airflow/example_dags/example_trigger_controller_dag.py
[2024-06-22 00:24:25,013] {scheduler_job.py:639} INFO - DAG(s) dict_keys(['example_trigger_controller_dag']) retrieved from /home/airflow/.local/lib/python3.6/site-packages/airflow/example_dags/example_trigger_controller_dag.py
[2024-06-22 00:24:25,025] {logging_mixin.py:104} INFO - [2024-06-22 00:24:25,025] {dag.py:1824} INFO - Sync 1 DAGs
[2024-06-22 00:24:25,033] {logging_mixin.py:104} INFO - [2024-06-22 00:24:25,033] {dag.py:2280} INFO - Setting next_dagrun for example_trigger_controller_dag to 2024-06-20 00:00:00+00:00
[2024-06-22 00:24:25,039] {scheduler_job.py:190} INFO - Processing /home/airflow/.local/lib/python3.6/site-packages/airflow/example_dags/example_trigger_controller_dag.py took 0.034 seconds
[2024-06-22 00:24:55,779] {scheduler_job.py:182} INFO - Started process (PID=5511) to work on /home/airflow/.local/lib/python3.6/site-packages/airflow/example_dags/example_trigger_controller_dag.py
[2024-06-22 00:24:55,780] {scheduler_job.py:629} INFO - Processing file /home/airflow/.local/lib/python3.6/site-packages/airflow/example_dags/example_trigger_controller_dag.py for tasks to queue
[2024-06-22 00:24:55,780] {logging_mixin.py:104} INFO - [2024-06-22 00:24:55,780] {dagbag.py:451} INFO - Filling up the DagBag from /home/airflow/.local/lib/python3.6/site-packages/airflow/example_dags/example_trigger_controller_dag.py
[2024-06-22 00:24:55,786] {scheduler_job.py:639} INFO - DAG(s) dict_keys(['example_trigger_controller_dag']) retrieved from /home/airflow/.local/lib/python3.6/site-packages/airflow/example_dags/example_trigger_controller_dag.py
[2024-06-22 00:24:55,796] {logging_mixin.py:104} INFO - [2024-06-22 00:24:55,796] {dag.py:1824} INFO - Sync 1 DAGs
[2024-06-22 00:24:55,804] {logging_mixin.py:104} INFO - [2024-06-22 00:24:55,804] {dag.py:2280} INFO - Setting next_dagrun for example_trigger_controller_dag to 2024-06-20 00:00:00+00:00
[2024-06-22 00:24:55,809] {scheduler_job.py:190} INFO - Processing /home/airflow/.local/lib/python3.6/site-packages/airflow/example_dags/example_trigger_controller_dag.py took 0.032 seconds
[2024-06-22 23:26:21,617] {scheduler_job.py:182} INFO - Started process (PID=5537) to work on /home/airflow/.local/lib/python3.6/site-packages/airflow/example_dags/example_trigger_controller_dag.py
[2024-06-22 23:26:21,619] {scheduler_job.py:629} INFO - Processing file /home/airflow/.local/lib/python3.6/site-packages/airflow/example_dags/example_trigger_controller_dag.py for tasks to queue
[2024-06-22 23:26:21,620] {logging_mixin.py:104} INFO - [2024-06-22 23:26:21,620] {dagbag.py:451} INFO - Filling up the DagBag from /home/airflow/.local/lib/python3.6/site-packages/airflow/example_dags/example_trigger_controller_dag.py
[2024-06-22 23:26:21,650] {scheduler_job.py:639} INFO - DAG(s) dict_keys(['example_trigger_controller_dag']) retrieved from /home/airflow/.local/lib/python3.6/site-packages/airflow/example_dags/example_trigger_controller_dag.py
[2024-06-22 23:26:21,740] {logging_mixin.py:104} INFO - [2024-06-22 23:26:21,739] {dag.py:1824} INFO - Sync 1 DAGs
[2024-06-22 23:26:21,791] {logging_mixin.py:104} INFO - [2024-06-22 23:26:21,791] {dag.py:2280} INFO - Setting next_dagrun for example_trigger_controller_dag to 2024-06-20 00:00:00+00:00
[2024-06-22 23:26:21,813] {scheduler_job.py:190} INFO - Processing /home/airflow/.local/lib/python3.6/site-packages/airflow/example_dags/example_trigger_controller_dag.py took 0.199 seconds
[2024-06-22 23:26:52,667] {scheduler_job.py:182} INFO - Started process (PID=5567) to work on /home/airflow/.local/lib/python3.6/site-packages/airflow/example_dags/example_trigger_controller_dag.py
[2024-06-22 23:26:52,668] {scheduler_job.py:629} INFO - Processing file /home/airflow/.local/lib/python3.6/site-packages/airflow/example_dags/example_trigger_controller_dag.py for tasks to queue
[2024-06-22 23:26:52,669] {logging_mixin.py:104} INFO - [2024-06-22 23:26:52,669] {dagbag.py:451} INFO - Filling up the DagBag from /home/airflow/.local/lib/python3.6/site-packages/airflow/example_dags/example_trigger_controller_dag.py
[2024-06-22 23:26:52,675] {scheduler_job.py:639} INFO - DAG(s) dict_keys(['example_trigger_controller_dag']) retrieved from /home/airflow/.local/lib/python3.6/site-packages/airflow/example_dags/example_trigger_controller_dag.py
[2024-06-22 23:26:52,687] {logging_mixin.py:104} INFO - [2024-06-22 23:26:52,686] {dag.py:1824} INFO - Sync 1 DAGs
[2024-06-22 23:26:52,696] {logging_mixin.py:104} INFO - [2024-06-22 23:26:52,696] {dag.py:2280} INFO - Setting next_dagrun for example_trigger_controller_dag to 2024-06-20 00:00:00+00:00
[2024-06-22 23:26:52,702] {scheduler_job.py:190} INFO - Processing /home/airflow/.local/lib/python3.6/site-packages/airflow/example_dags/example_trigger_controller_dag.py took 0.036 seconds
[2024-06-22 23:27:23,633] {scheduler_job.py:182} INFO - Started process (PID=5595) to work on /home/airflow/.local/lib/python3.6/site-packages/airflow/example_dags/example_trigger_controller_dag.py
[2024-06-22 23:27:23,634] {scheduler_job.py:629} INFO - Processing file /home/airflow/.local/lib/python3.6/site-packages/airflow/example_dags/example_trigger_controller_dag.py for tasks to queue
[2024-06-22 23:27:23,634] {logging_mixin.py:104} INFO - [2024-06-22 23:27:23,634] {dagbag.py:451} INFO - Filling up the DagBag from /home/airflow/.local/lib/python3.6/site-packages/airflow/example_dags/example_trigger_controller_dag.py
[2024-06-22 23:27:23,640] {scheduler_job.py:639} INFO - DAG(s) dict_keys(['example_trigger_controller_dag']) retrieved from /home/airflow/.local/lib/python3.6/site-packages/airflow/example_dags/example_trigger_controller_dag.py
[2024-06-22 23:27:23,652] {logging_mixin.py:104} INFO - [2024-06-22 23:27:23,652] {dag.py:1824} INFO - Sync 1 DAGs
[2024-06-22 23:27:23,661] {logging_mixin.py:104} INFO - [2024-06-22 23:27:23,661] {dag.py:2280} INFO - Setting next_dagrun for example_trigger_controller_dag to 2024-06-20 00:00:00+00:00
[2024-06-22 23:27:23,668] {scheduler_job.py:190} INFO - Processing /home/airflow/.local/lib/python3.6/site-packages/airflow/example_dags/example_trigger_controller_dag.py took 0.036 seconds
[2024-06-22 23:27:54,416] {scheduler_job.py:182} INFO - Started process (PID=5621) to work on /home/airflow/.local/lib/python3.6/site-packages/airflow/example_dags/example_trigger_controller_dag.py
[2024-06-22 23:27:54,417] {scheduler_job.py:629} INFO - Processing file /home/airflow/.local/lib/python3.6/site-packages/airflow/example_dags/example_trigger_controller_dag.py for tasks to queue
[2024-06-22 23:27:54,417] {logging_mixin.py:104} INFO - [2024-06-22 23:27:54,417] {dagbag.py:451} INFO - Filling up the DagBag from /home/airflow/.local/lib/python3.6/site-packages/airflow/example_dags/example_trigger_controller_dag.py
[2024-06-22 23:27:54,423] {scheduler_job.py:639} INFO - DAG(s) dict_keys(['example_trigger_controller_dag']) retrieved from /home/airflow/.local/lib/python3.6/site-packages/airflow/example_dags/example_trigger_controller_dag.py
[2024-06-22 23:27:54,434] {logging_mixin.py:104} INFO - [2024-06-22 23:27:54,434] {dag.py:1824} INFO - Sync 1 DAGs
[2024-06-22 23:27:54,447] {logging_mixin.py:104} INFO - [2024-06-22 23:27:54,446] {dag.py:2280} INFO - Setting next_dagrun for example_trigger_controller_dag to 2024-06-20 00:00:00+00:00
[2024-06-22 23:27:54,456] {scheduler_job.py:190} INFO - Processing /home/airflow/.local/lib/python3.6/site-packages/airflow/example_dags/example_trigger_controller_dag.py took 0.042 seconds
[2024-06-22 23:28:25,182] {scheduler_job.py:182} INFO - Started process (PID=5647) to work on /home/airflow/.local/lib/python3.6/site-packages/airflow/example_dags/example_trigger_controller_dag.py
[2024-06-22 23:28:25,183] {scheduler_job.py:629} INFO - Processing file /home/airflow/.local/lib/python3.6/site-packages/airflow/example_dags/example_trigger_controller_dag.py for tasks to queue
[2024-06-22 23:28:25,183] {logging_mixin.py:104} INFO - [2024-06-22 23:28:25,183] {dagbag.py:451} INFO - Filling up the DagBag from /home/airflow/.local/lib/python3.6/site-packages/airflow/example_dags/example_trigger_controller_dag.py
[2024-06-22 23:28:25,189] {scheduler_job.py:639} INFO - DAG(s) dict_keys(['example_trigger_controller_dag']) retrieved from /home/airflow/.local/lib/python3.6/site-packages/airflow/example_dags/example_trigger_controller_dag.py
[2024-06-22 23:28:25,200] {logging_mixin.py:104} INFO - [2024-06-22 23:28:25,200] {dag.py:1824} INFO - Sync 1 DAGs
[2024-06-22 23:28:25,208] {logging_mixin.py:104} INFO - [2024-06-22 23:28:25,208] {dag.py:2280} INFO - Setting next_dagrun for example_trigger_controller_dag to 2024-06-20 00:00:00+00:00
[2024-06-22 23:28:25,215] {scheduler_job.py:190} INFO - Processing /home/airflow/.local/lib/python3.6/site-packages/airflow/example_dags/example_trigger_controller_dag.py took 0.035 seconds
