[2024-06-22 00:00:20,032] {scheduler_job.py:182} INFO - Started process (PID=4273) to work on /home/airflow/.local/lib/python3.6/site-packages/airflow/example_dags/example_external_task_marker_dag.py
[2024-06-22 00:00:20,033] {scheduler_job.py:629} INFO - Processing file /home/airflow/.local/lib/python3.6/site-packages/airflow/example_dags/example_external_task_marker_dag.py for tasks to queue
[2024-06-22 00:00:20,034] {logging_mixin.py:104} INFO - [2024-06-22 00:00:20,034] {dagbag.py:451} INFO - Filling up the DagBag from /home/airflow/.local/lib/python3.6/site-packages/airflow/example_dags/example_external_task_marker_dag.py
[2024-06-22 00:00:20,040] {scheduler_job.py:639} INFO - DAG(s) dict_keys(['example_external_task_marker_parent', 'example_external_task_marker_child']) retrieved from /home/airflow/.local/lib/python3.6/site-packages/airflow/example_dags/example_external_task_marker_dag.py
[2024-06-22 00:00:20,056] {logging_mixin.py:104} INFO - [2024-06-22 00:00:20,056] {dag.py:1824} INFO - Sync 2 DAGs
[2024-06-22 00:00:20,064] {logging_mixin.py:104} INFO - [2024-06-22 00:00:20,064] {dag.py:2280} INFO - Setting next_dagrun for example_external_task_marker_child to None
[2024-06-22 00:00:20,065] {logging_mixin.py:104} INFO - [2024-06-22 00:00:20,065] {dag.py:2280} INFO - Setting next_dagrun for example_external_task_marker_parent to None
[2024-06-22 00:00:20,071] {scheduler_job.py:190} INFO - Processing /home/airflow/.local/lib/python3.6/site-packages/airflow/example_dags/example_external_task_marker_dag.py took 0.040 seconds
[2024-06-22 00:00:50,881] {scheduler_job.py:182} INFO - Started process (PID=4299) to work on /home/airflow/.local/lib/python3.6/site-packages/airflow/example_dags/example_external_task_marker_dag.py
[2024-06-22 00:00:50,882] {scheduler_job.py:629} INFO - Processing file /home/airflow/.local/lib/python3.6/site-packages/airflow/example_dags/example_external_task_marker_dag.py for tasks to queue
[2024-06-22 00:00:50,882] {logging_mixin.py:104} INFO - [2024-06-22 00:00:50,882] {dagbag.py:451} INFO - Filling up the DagBag from /home/airflow/.local/lib/python3.6/site-packages/airflow/example_dags/example_external_task_marker_dag.py
[2024-06-22 00:00:50,888] {scheduler_job.py:639} INFO - DAG(s) dict_keys(['example_external_task_marker_parent', 'example_external_task_marker_child']) retrieved from /home/airflow/.local/lib/python3.6/site-packages/airflow/example_dags/example_external_task_marker_dag.py
[2024-06-22 00:00:50,904] {logging_mixin.py:104} INFO - [2024-06-22 00:00:50,904] {dag.py:1824} INFO - Sync 2 DAGs
[2024-06-22 00:00:50,912] {logging_mixin.py:104} INFO - [2024-06-22 00:00:50,911] {dag.py:2280} INFO - Setting next_dagrun for example_external_task_marker_child to None
[2024-06-22 00:00:50,912] {logging_mixin.py:104} INFO - [2024-06-22 00:00:50,912] {dag.py:2280} INFO - Setting next_dagrun for example_external_task_marker_parent to None
[2024-06-22 00:00:50,919] {scheduler_job.py:190} INFO - Processing /home/airflow/.local/lib/python3.6/site-packages/airflow/example_dags/example_external_task_marker_dag.py took 0.040 seconds
[2024-06-22 00:01:21,623] {scheduler_job.py:182} INFO - Started process (PID=4325) to work on /home/airflow/.local/lib/python3.6/site-packages/airflow/example_dags/example_external_task_marker_dag.py
[2024-06-22 00:01:21,624] {scheduler_job.py:629} INFO - Processing file /home/airflow/.local/lib/python3.6/site-packages/airflow/example_dags/example_external_task_marker_dag.py for tasks to queue
[2024-06-22 00:01:21,624] {logging_mixin.py:104} INFO - [2024-06-22 00:01:21,624] {dagbag.py:451} INFO - Filling up the DagBag from /home/airflow/.local/lib/python3.6/site-packages/airflow/example_dags/example_external_task_marker_dag.py
[2024-06-22 00:01:21,630] {scheduler_job.py:639} INFO - DAG(s) dict_keys(['example_external_task_marker_parent', 'example_external_task_marker_child']) retrieved from /home/airflow/.local/lib/python3.6/site-packages/airflow/example_dags/example_external_task_marker_dag.py
[2024-06-22 00:01:21,644] {logging_mixin.py:104} INFO - [2024-06-22 00:01:21,644] {dag.py:1824} INFO - Sync 2 DAGs
[2024-06-22 00:01:21,652] {logging_mixin.py:104} INFO - [2024-06-22 00:01:21,652] {dag.py:2280} INFO - Setting next_dagrun for example_external_task_marker_child to None
[2024-06-22 00:01:21,653] {logging_mixin.py:104} INFO - [2024-06-22 00:01:21,653] {dag.py:2280} INFO - Setting next_dagrun for example_external_task_marker_parent to None
[2024-06-22 00:01:21,658] {scheduler_job.py:190} INFO - Processing /home/airflow/.local/lib/python3.6/site-packages/airflow/example_dags/example_external_task_marker_dag.py took 0.037 seconds
[2024-06-22 00:01:52,385] {scheduler_job.py:182} INFO - Started process (PID=4351) to work on /home/airflow/.local/lib/python3.6/site-packages/airflow/example_dags/example_external_task_marker_dag.py
[2024-06-22 00:01:52,385] {scheduler_job.py:629} INFO - Processing file /home/airflow/.local/lib/python3.6/site-packages/airflow/example_dags/example_external_task_marker_dag.py for tasks to queue
[2024-06-22 00:01:52,386] {logging_mixin.py:104} INFO - [2024-06-22 00:01:52,386] {dagbag.py:451} INFO - Filling up the DagBag from /home/airflow/.local/lib/python3.6/site-packages/airflow/example_dags/example_external_task_marker_dag.py
[2024-06-22 00:01:52,392] {scheduler_job.py:639} INFO - DAG(s) dict_keys(['example_external_task_marker_parent', 'example_external_task_marker_child']) retrieved from /home/airflow/.local/lib/python3.6/site-packages/airflow/example_dags/example_external_task_marker_dag.py
[2024-06-22 00:01:52,408] {logging_mixin.py:104} INFO - [2024-06-22 00:01:52,407] {dag.py:1824} INFO - Sync 2 DAGs
[2024-06-22 00:01:52,416] {logging_mixin.py:104} INFO - [2024-06-22 00:01:52,416] {dag.py:2280} INFO - Setting next_dagrun for example_external_task_marker_child to None
[2024-06-22 00:01:52,416] {logging_mixin.py:104} INFO - [2024-06-22 00:01:52,416] {dag.py:2280} INFO - Setting next_dagrun for example_external_task_marker_parent to None
[2024-06-22 00:01:52,423] {scheduler_job.py:190} INFO - Processing /home/airflow/.local/lib/python3.6/site-packages/airflow/example_dags/example_external_task_marker_dag.py took 0.040 seconds
[2024-06-22 00:02:23,130] {scheduler_job.py:182} INFO - Started process (PID=4377) to work on /home/airflow/.local/lib/python3.6/site-packages/airflow/example_dags/example_external_task_marker_dag.py
[2024-06-22 00:02:23,130] {scheduler_job.py:629} INFO - Processing file /home/airflow/.local/lib/python3.6/site-packages/airflow/example_dags/example_external_task_marker_dag.py for tasks to queue
[2024-06-22 00:02:23,131] {logging_mixin.py:104} INFO - [2024-06-22 00:02:23,131] {dagbag.py:451} INFO - Filling up the DagBag from /home/airflow/.local/lib/python3.6/site-packages/airflow/example_dags/example_external_task_marker_dag.py
[2024-06-22 00:02:23,137] {scheduler_job.py:639} INFO - DAG(s) dict_keys(['example_external_task_marker_parent', 'example_external_task_marker_child']) retrieved from /home/airflow/.local/lib/python3.6/site-packages/airflow/example_dags/example_external_task_marker_dag.py
[2024-06-22 00:02:23,152] {logging_mixin.py:104} INFO - [2024-06-22 00:02:23,152] {dag.py:1824} INFO - Sync 2 DAGs
[2024-06-22 00:02:23,160] {logging_mixin.py:104} INFO - [2024-06-22 00:02:23,160] {dag.py:2280} INFO - Setting next_dagrun for example_external_task_marker_child to None
[2024-06-22 00:02:23,161] {logging_mixin.py:104} INFO - [2024-06-22 00:02:23,161] {dag.py:2280} INFO - Setting next_dagrun for example_external_task_marker_parent to None
[2024-06-22 00:02:23,167] {scheduler_job.py:190} INFO - Processing /home/airflow/.local/lib/python3.6/site-packages/airflow/example_dags/example_external_task_marker_dag.py took 0.039 seconds
[2024-06-22 00:02:53,879] {scheduler_job.py:182} INFO - Started process (PID=4403) to work on /home/airflow/.local/lib/python3.6/site-packages/airflow/example_dags/example_external_task_marker_dag.py
[2024-06-22 00:02:53,879] {scheduler_job.py:629} INFO - Processing file /home/airflow/.local/lib/python3.6/site-packages/airflow/example_dags/example_external_task_marker_dag.py for tasks to queue
[2024-06-22 00:02:53,880] {logging_mixin.py:104} INFO - [2024-06-22 00:02:53,880] {dagbag.py:451} INFO - Filling up the DagBag from /home/airflow/.local/lib/python3.6/site-packages/airflow/example_dags/example_external_task_marker_dag.py
[2024-06-22 00:02:53,887] {scheduler_job.py:639} INFO - DAG(s) dict_keys(['example_external_task_marker_parent', 'example_external_task_marker_child']) retrieved from /home/airflow/.local/lib/python3.6/site-packages/airflow/example_dags/example_external_task_marker_dag.py
[2024-06-22 00:02:53,903] {logging_mixin.py:104} INFO - [2024-06-22 00:02:53,903] {dag.py:1824} INFO - Sync 2 DAGs
[2024-06-22 00:02:53,911] {logging_mixin.py:104} INFO - [2024-06-22 00:02:53,911] {dag.py:2280} INFO - Setting next_dagrun for example_external_task_marker_child to None
[2024-06-22 00:02:53,912] {logging_mixin.py:104} INFO - [2024-06-22 00:02:53,912] {dag.py:2280} INFO - Setting next_dagrun for example_external_task_marker_parent to None
[2024-06-22 00:02:53,918] {scheduler_job.py:190} INFO - Processing /home/airflow/.local/lib/python3.6/site-packages/airflow/example_dags/example_external_task_marker_dag.py took 0.041 seconds
[2024-06-22 00:03:24,561] {scheduler_job.py:182} INFO - Started process (PID=4429) to work on /home/airflow/.local/lib/python3.6/site-packages/airflow/example_dags/example_external_task_marker_dag.py
[2024-06-22 00:03:24,562] {scheduler_job.py:629} INFO - Processing file /home/airflow/.local/lib/python3.6/site-packages/airflow/example_dags/example_external_task_marker_dag.py for tasks to queue
[2024-06-22 00:03:24,562] {logging_mixin.py:104} INFO - [2024-06-22 00:03:24,562] {dagbag.py:451} INFO - Filling up the DagBag from /home/airflow/.local/lib/python3.6/site-packages/airflow/example_dags/example_external_task_marker_dag.py
[2024-06-22 00:03:24,569] {scheduler_job.py:639} INFO - DAG(s) dict_keys(['example_external_task_marker_parent', 'example_external_task_marker_child']) retrieved from /home/airflow/.local/lib/python3.6/site-packages/airflow/example_dags/example_external_task_marker_dag.py
[2024-06-22 00:03:24,583] {logging_mixin.py:104} INFO - [2024-06-22 00:03:24,583] {dag.py:1824} INFO - Sync 2 DAGs
[2024-06-22 00:03:24,591] {logging_mixin.py:104} INFO - [2024-06-22 00:03:24,591] {dag.py:2280} INFO - Setting next_dagrun for example_external_task_marker_child to None
[2024-06-22 00:03:24,592] {logging_mixin.py:104} INFO - [2024-06-22 00:03:24,592] {dag.py:2280} INFO - Setting next_dagrun for example_external_task_marker_parent to None
[2024-06-22 00:03:24,597] {scheduler_job.py:190} INFO - Processing /home/airflow/.local/lib/python3.6/site-packages/airflow/example_dags/example_external_task_marker_dag.py took 0.038 seconds
[2024-06-22 00:03:55,259] {scheduler_job.py:182} INFO - Started process (PID=4455) to work on /home/airflow/.local/lib/python3.6/site-packages/airflow/example_dags/example_external_task_marker_dag.py
[2024-06-22 00:03:55,260] {scheduler_job.py:629} INFO - Processing file /home/airflow/.local/lib/python3.6/site-packages/airflow/example_dags/example_external_task_marker_dag.py for tasks to queue
[2024-06-22 00:03:55,261] {logging_mixin.py:104} INFO - [2024-06-22 00:03:55,260] {dagbag.py:451} INFO - Filling up the DagBag from /home/airflow/.local/lib/python3.6/site-packages/airflow/example_dags/example_external_task_marker_dag.py
[2024-06-22 00:03:55,267] {scheduler_job.py:639} INFO - DAG(s) dict_keys(['example_external_task_marker_parent', 'example_external_task_marker_child']) retrieved from /home/airflow/.local/lib/python3.6/site-packages/airflow/example_dags/example_external_task_marker_dag.py
[2024-06-22 00:03:55,283] {logging_mixin.py:104} INFO - [2024-06-22 00:03:55,283] {dag.py:1824} INFO - Sync 2 DAGs
[2024-06-22 00:03:55,292] {logging_mixin.py:104} INFO - [2024-06-22 00:03:55,292] {dag.py:2280} INFO - Setting next_dagrun for example_external_task_marker_child to None
[2024-06-22 00:03:55,292] {logging_mixin.py:104} INFO - [2024-06-22 00:03:55,292] {dag.py:2280} INFO - Setting next_dagrun for example_external_task_marker_parent to None
[2024-06-22 00:03:55,299] {scheduler_job.py:190} INFO - Processing /home/airflow/.local/lib/python3.6/site-packages/airflow/example_dags/example_external_task_marker_dag.py took 0.041 seconds
[2024-06-22 00:04:26,032] {scheduler_job.py:182} INFO - Started process (PID=4481) to work on /home/airflow/.local/lib/python3.6/site-packages/airflow/example_dags/example_external_task_marker_dag.py
[2024-06-22 00:04:26,033] {scheduler_job.py:629} INFO - Processing file /home/airflow/.local/lib/python3.6/site-packages/airflow/example_dags/example_external_task_marker_dag.py for tasks to queue
[2024-06-22 00:04:26,034] {logging_mixin.py:104} INFO - [2024-06-22 00:04:26,034] {dagbag.py:451} INFO - Filling up the DagBag from /home/airflow/.local/lib/python3.6/site-packages/airflow/example_dags/example_external_task_marker_dag.py
[2024-06-22 00:04:26,040] {scheduler_job.py:639} INFO - DAG(s) dict_keys(['example_external_task_marker_parent', 'example_external_task_marker_child']) retrieved from /home/airflow/.local/lib/python3.6/site-packages/airflow/example_dags/example_external_task_marker_dag.py
[2024-06-22 00:04:26,054] {logging_mixin.py:104} INFO - [2024-06-22 00:04:26,054] {dag.py:1824} INFO - Sync 2 DAGs
[2024-06-22 00:04:26,062] {logging_mixin.py:104} INFO - [2024-06-22 00:04:26,062] {dag.py:2280} INFO - Setting next_dagrun for example_external_task_marker_child to None
[2024-06-22 00:04:26,062] {logging_mixin.py:104} INFO - [2024-06-22 00:04:26,062] {dag.py:2280} INFO - Setting next_dagrun for example_external_task_marker_parent to None
[2024-06-22 00:04:26,068] {scheduler_job.py:190} INFO - Processing /home/airflow/.local/lib/python3.6/site-packages/airflow/example_dags/example_external_task_marker_dag.py took 0.037 seconds
[2024-06-22 00:04:56,746] {scheduler_job.py:182} INFO - Started process (PID=4507) to work on /home/airflow/.local/lib/python3.6/site-packages/airflow/example_dags/example_external_task_marker_dag.py
[2024-06-22 00:04:56,747] {scheduler_job.py:629} INFO - Processing file /home/airflow/.local/lib/python3.6/site-packages/airflow/example_dags/example_external_task_marker_dag.py for tasks to queue
[2024-06-22 00:04:56,747] {logging_mixin.py:104} INFO - [2024-06-22 00:04:56,747] {dagbag.py:451} INFO - Filling up the DagBag from /home/airflow/.local/lib/python3.6/site-packages/airflow/example_dags/example_external_task_marker_dag.py
[2024-06-22 00:04:56,754] {scheduler_job.py:639} INFO - DAG(s) dict_keys(['example_external_task_marker_parent', 'example_external_task_marker_child']) retrieved from /home/airflow/.local/lib/python3.6/site-packages/airflow/example_dags/example_external_task_marker_dag.py
[2024-06-22 00:04:56,768] {logging_mixin.py:104} INFO - [2024-06-22 00:04:56,768] {dag.py:1824} INFO - Sync 2 DAGs
[2024-06-22 00:04:56,777] {logging_mixin.py:104} INFO - [2024-06-22 00:04:56,777] {dag.py:2280} INFO - Setting next_dagrun for example_external_task_marker_child to None
[2024-06-22 00:04:56,778] {logging_mixin.py:104} INFO - [2024-06-22 00:04:56,778] {dag.py:2280} INFO - Setting next_dagrun for example_external_task_marker_parent to None
[2024-06-22 00:04:56,784] {scheduler_job.py:190} INFO - Processing /home/airflow/.local/lib/python3.6/site-packages/airflow/example_dags/example_external_task_marker_dag.py took 0.040 seconds
[2024-06-22 00:05:27,511] {scheduler_job.py:182} INFO - Started process (PID=4533) to work on /home/airflow/.local/lib/python3.6/site-packages/airflow/example_dags/example_external_task_marker_dag.py
[2024-06-22 00:05:27,512] {scheduler_job.py:629} INFO - Processing file /home/airflow/.local/lib/python3.6/site-packages/airflow/example_dags/example_external_task_marker_dag.py for tasks to queue
[2024-06-22 00:05:27,513] {logging_mixin.py:104} INFO - [2024-06-22 00:05:27,513] {dagbag.py:451} INFO - Filling up the DagBag from /home/airflow/.local/lib/python3.6/site-packages/airflow/example_dags/example_external_task_marker_dag.py
[2024-06-22 00:05:27,520] {scheduler_job.py:639} INFO - DAG(s) dict_keys(['example_external_task_marker_parent', 'example_external_task_marker_child']) retrieved from /home/airflow/.local/lib/python3.6/site-packages/airflow/example_dags/example_external_task_marker_dag.py
[2024-06-22 00:05:27,534] {logging_mixin.py:104} INFO - [2024-06-22 00:05:27,534] {dag.py:1824} INFO - Sync 2 DAGs
[2024-06-22 00:05:27,542] {logging_mixin.py:104} INFO - [2024-06-22 00:05:27,542] {dag.py:2280} INFO - Setting next_dagrun for example_external_task_marker_child to None
[2024-06-22 00:05:27,543] {logging_mixin.py:104} INFO - [2024-06-22 00:05:27,543] {dag.py:2280} INFO - Setting next_dagrun for example_external_task_marker_parent to None
[2024-06-22 00:05:27,549] {scheduler_job.py:190} INFO - Processing /home/airflow/.local/lib/python3.6/site-packages/airflow/example_dags/example_external_task_marker_dag.py took 0.039 seconds
[2024-06-22 00:05:58,258] {scheduler_job.py:182} INFO - Started process (PID=4559) to work on /home/airflow/.local/lib/python3.6/site-packages/airflow/example_dags/example_external_task_marker_dag.py
[2024-06-22 00:05:58,259] {scheduler_job.py:629} INFO - Processing file /home/airflow/.local/lib/python3.6/site-packages/airflow/example_dags/example_external_task_marker_dag.py for tasks to queue
[2024-06-22 00:05:58,259] {logging_mixin.py:104} INFO - [2024-06-22 00:05:58,259] {dagbag.py:451} INFO - Filling up the DagBag from /home/airflow/.local/lib/python3.6/site-packages/airflow/example_dags/example_external_task_marker_dag.py
[2024-06-22 00:05:58,267] {scheduler_job.py:639} INFO - DAG(s) dict_keys(['example_external_task_marker_parent', 'example_external_task_marker_child']) retrieved from /home/airflow/.local/lib/python3.6/site-packages/airflow/example_dags/example_external_task_marker_dag.py
[2024-06-22 00:05:58,283] {logging_mixin.py:104} INFO - [2024-06-22 00:05:58,283] {dag.py:1824} INFO - Sync 2 DAGs
[2024-06-22 00:05:58,292] {logging_mixin.py:104} INFO - [2024-06-22 00:05:58,292] {dag.py:2280} INFO - Setting next_dagrun for example_external_task_marker_child to None
[2024-06-22 00:05:58,292] {logging_mixin.py:104} INFO - [2024-06-22 00:05:58,292] {dag.py:2280} INFO - Setting next_dagrun for example_external_task_marker_parent to None
[2024-06-22 00:05:58,298] {scheduler_job.py:190} INFO - Processing /home/airflow/.local/lib/python3.6/site-packages/airflow/example_dags/example_external_task_marker_dag.py took 0.043 seconds
[2024-06-22 00:06:28,950] {scheduler_job.py:182} INFO - Started process (PID=4585) to work on /home/airflow/.local/lib/python3.6/site-packages/airflow/example_dags/example_external_task_marker_dag.py
[2024-06-22 00:06:28,951] {scheduler_job.py:629} INFO - Processing file /home/airflow/.local/lib/python3.6/site-packages/airflow/example_dags/example_external_task_marker_dag.py for tasks to queue
[2024-06-22 00:06:28,951] {logging_mixin.py:104} INFO - [2024-06-22 00:06:28,951] {dagbag.py:451} INFO - Filling up the DagBag from /home/airflow/.local/lib/python3.6/site-packages/airflow/example_dags/example_external_task_marker_dag.py
[2024-06-22 00:06:28,957] {scheduler_job.py:639} INFO - DAG(s) dict_keys(['example_external_task_marker_parent', 'example_external_task_marker_child']) retrieved from /home/airflow/.local/lib/python3.6/site-packages/airflow/example_dags/example_external_task_marker_dag.py
[2024-06-22 00:06:28,973] {logging_mixin.py:104} INFO - [2024-06-22 00:06:28,973] {dag.py:1824} INFO - Sync 2 DAGs
[2024-06-22 00:06:28,981] {logging_mixin.py:104} INFO - [2024-06-22 00:06:28,981] {dag.py:2280} INFO - Setting next_dagrun for example_external_task_marker_child to None
[2024-06-22 00:06:28,982] {logging_mixin.py:104} INFO - [2024-06-22 00:06:28,982] {dag.py:2280} INFO - Setting next_dagrun for example_external_task_marker_parent to None
[2024-06-22 00:06:28,988] {scheduler_job.py:190} INFO - Processing /home/airflow/.local/lib/python3.6/site-packages/airflow/example_dags/example_external_task_marker_dag.py took 0.040 seconds
[2024-06-22 00:06:59,619] {scheduler_job.py:182} INFO - Started process (PID=4611) to work on /home/airflow/.local/lib/python3.6/site-packages/airflow/example_dags/example_external_task_marker_dag.py
[2024-06-22 00:06:59,619] {scheduler_job.py:629} INFO - Processing file /home/airflow/.local/lib/python3.6/site-packages/airflow/example_dags/example_external_task_marker_dag.py for tasks to queue
[2024-06-22 00:06:59,620] {logging_mixin.py:104} INFO - [2024-06-22 00:06:59,620] {dagbag.py:451} INFO - Filling up the DagBag from /home/airflow/.local/lib/python3.6/site-packages/airflow/example_dags/example_external_task_marker_dag.py
[2024-06-22 00:06:59,626] {scheduler_job.py:639} INFO - DAG(s) dict_keys(['example_external_task_marker_parent', 'example_external_task_marker_child']) retrieved from /home/airflow/.local/lib/python3.6/site-packages/airflow/example_dags/example_external_task_marker_dag.py
[2024-06-22 00:06:59,641] {logging_mixin.py:104} INFO - [2024-06-22 00:06:59,641] {dag.py:1824} INFO - Sync 2 DAGs
[2024-06-22 00:06:59,650] {logging_mixin.py:104} INFO - [2024-06-22 00:06:59,650] {dag.py:2280} INFO - Setting next_dagrun for example_external_task_marker_child to None
[2024-06-22 00:06:59,651] {logging_mixin.py:104} INFO - [2024-06-22 00:06:59,651] {dag.py:2280} INFO - Setting next_dagrun for example_external_task_marker_parent to None
[2024-06-22 00:06:59,657] {scheduler_job.py:190} INFO - Processing /home/airflow/.local/lib/python3.6/site-packages/airflow/example_dags/example_external_task_marker_dag.py took 0.040 seconds
[2024-06-22 00:07:30,304] {scheduler_job.py:182} INFO - Started process (PID=4637) to work on /home/airflow/.local/lib/python3.6/site-packages/airflow/example_dags/example_external_task_marker_dag.py
[2024-06-22 00:07:30,304] {scheduler_job.py:629} INFO - Processing file /home/airflow/.local/lib/python3.6/site-packages/airflow/example_dags/example_external_task_marker_dag.py for tasks to queue
[2024-06-22 00:07:30,305] {logging_mixin.py:104} INFO - [2024-06-22 00:07:30,305] {dagbag.py:451} INFO - Filling up the DagBag from /home/airflow/.local/lib/python3.6/site-packages/airflow/example_dags/example_external_task_marker_dag.py
[2024-06-22 00:07:30,311] {scheduler_job.py:639} INFO - DAG(s) dict_keys(['example_external_task_marker_parent', 'example_external_task_marker_child']) retrieved from /home/airflow/.local/lib/python3.6/site-packages/airflow/example_dags/example_external_task_marker_dag.py
[2024-06-22 00:07:30,327] {logging_mixin.py:104} INFO - [2024-06-22 00:07:30,326] {dag.py:1824} INFO - Sync 2 DAGs
[2024-06-22 00:07:30,336] {logging_mixin.py:104} INFO - [2024-06-22 00:07:30,335] {dag.py:2280} INFO - Setting next_dagrun for example_external_task_marker_child to None
[2024-06-22 00:07:30,336] {logging_mixin.py:104} INFO - [2024-06-22 00:07:30,336] {dag.py:2280} INFO - Setting next_dagrun for example_external_task_marker_parent to None
[2024-06-22 00:07:30,343] {scheduler_job.py:190} INFO - Processing /home/airflow/.local/lib/python3.6/site-packages/airflow/example_dags/example_external_task_marker_dag.py took 0.041 seconds
[2024-06-22 00:08:01,011] {scheduler_job.py:182} INFO - Started process (PID=4663) to work on /home/airflow/.local/lib/python3.6/site-packages/airflow/example_dags/example_external_task_marker_dag.py
[2024-06-22 00:08:01,012] {scheduler_job.py:629} INFO - Processing file /home/airflow/.local/lib/python3.6/site-packages/airflow/example_dags/example_external_task_marker_dag.py for tasks to queue
[2024-06-22 00:08:01,012] {logging_mixin.py:104} INFO - [2024-06-22 00:08:01,012] {dagbag.py:451} INFO - Filling up the DagBag from /home/airflow/.local/lib/python3.6/site-packages/airflow/example_dags/example_external_task_marker_dag.py
[2024-06-22 00:08:01,019] {scheduler_job.py:639} INFO - DAG(s) dict_keys(['example_external_task_marker_parent', 'example_external_task_marker_child']) retrieved from /home/airflow/.local/lib/python3.6/site-packages/airflow/example_dags/example_external_task_marker_dag.py
[2024-06-22 00:08:01,034] {logging_mixin.py:104} INFO - [2024-06-22 00:08:01,034] {dag.py:1824} INFO - Sync 2 DAGs
[2024-06-22 00:08:01,042] {logging_mixin.py:104} INFO - [2024-06-22 00:08:01,042] {dag.py:2280} INFO - Setting next_dagrun for example_external_task_marker_child to None
[2024-06-22 00:08:01,043] {logging_mixin.py:104} INFO - [2024-06-22 00:08:01,043] {dag.py:2280} INFO - Setting next_dagrun for example_external_task_marker_parent to None
[2024-06-22 00:08:01,050] {scheduler_job.py:190} INFO - Processing /home/airflow/.local/lib/python3.6/site-packages/airflow/example_dags/example_external_task_marker_dag.py took 0.041 seconds
[2024-06-22 00:08:31,777] {scheduler_job.py:182} INFO - Started process (PID=4689) to work on /home/airflow/.local/lib/python3.6/site-packages/airflow/example_dags/example_external_task_marker_dag.py
[2024-06-22 00:08:31,778] {scheduler_job.py:629} INFO - Processing file /home/airflow/.local/lib/python3.6/site-packages/airflow/example_dags/example_external_task_marker_dag.py for tasks to queue
[2024-06-22 00:08:31,778] {logging_mixin.py:104} INFO - [2024-06-22 00:08:31,778] {dagbag.py:451} INFO - Filling up the DagBag from /home/airflow/.local/lib/python3.6/site-packages/airflow/example_dags/example_external_task_marker_dag.py
[2024-06-22 00:08:31,785] {scheduler_job.py:639} INFO - DAG(s) dict_keys(['example_external_task_marker_parent', 'example_external_task_marker_child']) retrieved from /home/airflow/.local/lib/python3.6/site-packages/airflow/example_dags/example_external_task_marker_dag.py
[2024-06-22 00:08:31,801] {logging_mixin.py:104} INFO - [2024-06-22 00:08:31,801] {dag.py:1824} INFO - Sync 2 DAGs
[2024-06-22 00:08:31,810] {logging_mixin.py:104} INFO - [2024-06-22 00:08:31,810] {dag.py:2280} INFO - Setting next_dagrun for example_external_task_marker_child to None
[2024-06-22 00:08:31,811] {logging_mixin.py:104} INFO - [2024-06-22 00:08:31,811] {dag.py:2280} INFO - Setting next_dagrun for example_external_task_marker_parent to None
[2024-06-22 00:08:31,819] {scheduler_job.py:190} INFO - Processing /home/airflow/.local/lib/python3.6/site-packages/airflow/example_dags/example_external_task_marker_dag.py took 0.044 seconds
[2024-06-22 00:09:02,548] {scheduler_job.py:182} INFO - Started process (PID=4715) to work on /home/airflow/.local/lib/python3.6/site-packages/airflow/example_dags/example_external_task_marker_dag.py
[2024-06-22 00:09:02,548] {scheduler_job.py:629} INFO - Processing file /home/airflow/.local/lib/python3.6/site-packages/airflow/example_dags/example_external_task_marker_dag.py for tasks to queue
[2024-06-22 00:09:02,549] {logging_mixin.py:104} INFO - [2024-06-22 00:09:02,549] {dagbag.py:451} INFO - Filling up the DagBag from /home/airflow/.local/lib/python3.6/site-packages/airflow/example_dags/example_external_task_marker_dag.py
[2024-06-22 00:09:02,555] {scheduler_job.py:639} INFO - DAG(s) dict_keys(['example_external_task_marker_parent', 'example_external_task_marker_child']) retrieved from /home/airflow/.local/lib/python3.6/site-packages/airflow/example_dags/example_external_task_marker_dag.py
[2024-06-22 00:09:02,572] {logging_mixin.py:104} INFO - [2024-06-22 00:09:02,571] {dag.py:1824} INFO - Sync 2 DAGs
[2024-06-22 00:09:02,580] {logging_mixin.py:104} INFO - [2024-06-22 00:09:02,580] {dag.py:2280} INFO - Setting next_dagrun for example_external_task_marker_child to None
[2024-06-22 00:09:02,581] {logging_mixin.py:104} INFO - [2024-06-22 00:09:02,581] {dag.py:2280} INFO - Setting next_dagrun for example_external_task_marker_parent to None
[2024-06-22 00:09:02,587] {scheduler_job.py:190} INFO - Processing /home/airflow/.local/lib/python3.6/site-packages/airflow/example_dags/example_external_task_marker_dag.py took 0.041 seconds
[2024-06-22 00:09:33,286] {scheduler_job.py:182} INFO - Started process (PID=4741) to work on /home/airflow/.local/lib/python3.6/site-packages/airflow/example_dags/example_external_task_marker_dag.py
[2024-06-22 00:09:33,287] {scheduler_job.py:629} INFO - Processing file /home/airflow/.local/lib/python3.6/site-packages/airflow/example_dags/example_external_task_marker_dag.py for tasks to queue
[2024-06-22 00:09:33,287] {logging_mixin.py:104} INFO - [2024-06-22 00:09:33,287] {dagbag.py:451} INFO - Filling up the DagBag from /home/airflow/.local/lib/python3.6/site-packages/airflow/example_dags/example_external_task_marker_dag.py
[2024-06-22 00:09:33,294] {scheduler_job.py:639} INFO - DAG(s) dict_keys(['example_external_task_marker_parent', 'example_external_task_marker_child']) retrieved from /home/airflow/.local/lib/python3.6/site-packages/airflow/example_dags/example_external_task_marker_dag.py
[2024-06-22 00:09:33,309] {logging_mixin.py:104} INFO - [2024-06-22 00:09:33,309] {dag.py:1824} INFO - Sync 2 DAGs
[2024-06-22 00:09:33,318] {logging_mixin.py:104} INFO - [2024-06-22 00:09:33,318] {dag.py:2280} INFO - Setting next_dagrun for example_external_task_marker_child to None
[2024-06-22 00:09:33,319] {logging_mixin.py:104} INFO - [2024-06-22 00:09:33,319] {dag.py:2280} INFO - Setting next_dagrun for example_external_task_marker_parent to None
[2024-06-22 00:09:33,325] {scheduler_job.py:190} INFO - Processing /home/airflow/.local/lib/python3.6/site-packages/airflow/example_dags/example_external_task_marker_dag.py took 0.040 seconds
[2024-06-22 00:10:04,043] {scheduler_job.py:182} INFO - Started process (PID=4767) to work on /home/airflow/.local/lib/python3.6/site-packages/airflow/example_dags/example_external_task_marker_dag.py
[2024-06-22 00:10:04,044] {scheduler_job.py:629} INFO - Processing file /home/airflow/.local/lib/python3.6/site-packages/airflow/example_dags/example_external_task_marker_dag.py for tasks to queue
[2024-06-22 00:10:04,045] {logging_mixin.py:104} INFO - [2024-06-22 00:10:04,045] {dagbag.py:451} INFO - Filling up the DagBag from /home/airflow/.local/lib/python3.6/site-packages/airflow/example_dags/example_external_task_marker_dag.py
[2024-06-22 00:10:04,051] {scheduler_job.py:639} INFO - DAG(s) dict_keys(['example_external_task_marker_parent', 'example_external_task_marker_child']) retrieved from /home/airflow/.local/lib/python3.6/site-packages/airflow/example_dags/example_external_task_marker_dag.py
[2024-06-22 00:10:04,066] {logging_mixin.py:104} INFO - [2024-06-22 00:10:04,066] {dag.py:1824} INFO - Sync 2 DAGs
[2024-06-22 00:10:04,074] {logging_mixin.py:104} INFO - [2024-06-22 00:10:04,074] {dag.py:2280} INFO - Setting next_dagrun for example_external_task_marker_child to None
[2024-06-22 00:10:04,075] {logging_mixin.py:104} INFO - [2024-06-22 00:10:04,075] {dag.py:2280} INFO - Setting next_dagrun for example_external_task_marker_parent to None
[2024-06-22 00:10:04,082] {scheduler_job.py:190} INFO - Processing /home/airflow/.local/lib/python3.6/site-packages/airflow/example_dags/example_external_task_marker_dag.py took 0.040 seconds
[2024-06-22 00:10:34,811] {scheduler_job.py:182} INFO - Started process (PID=4793) to work on /home/airflow/.local/lib/python3.6/site-packages/airflow/example_dags/example_external_task_marker_dag.py
[2024-06-22 00:10:34,812] {scheduler_job.py:629} INFO - Processing file /home/airflow/.local/lib/python3.6/site-packages/airflow/example_dags/example_external_task_marker_dag.py for tasks to queue
[2024-06-22 00:10:34,812] {logging_mixin.py:104} INFO - [2024-06-22 00:10:34,812] {dagbag.py:451} INFO - Filling up the DagBag from /home/airflow/.local/lib/python3.6/site-packages/airflow/example_dags/example_external_task_marker_dag.py
[2024-06-22 00:10:34,819] {scheduler_job.py:639} INFO - DAG(s) dict_keys(['example_external_task_marker_parent', 'example_external_task_marker_child']) retrieved from /home/airflow/.local/lib/python3.6/site-packages/airflow/example_dags/example_external_task_marker_dag.py
[2024-06-22 00:10:34,832] {logging_mixin.py:104} INFO - [2024-06-22 00:10:34,832] {dag.py:1824} INFO - Sync 2 DAGs
[2024-06-22 00:10:34,841] {logging_mixin.py:104} INFO - [2024-06-22 00:10:34,841] {dag.py:2280} INFO - Setting next_dagrun for example_external_task_marker_child to None
[2024-06-22 00:10:34,841] {logging_mixin.py:104} INFO - [2024-06-22 00:10:34,841] {dag.py:2280} INFO - Setting next_dagrun for example_external_task_marker_parent to None
[2024-06-22 00:10:34,847] {scheduler_job.py:190} INFO - Processing /home/airflow/.local/lib/python3.6/site-packages/airflow/example_dags/example_external_task_marker_dag.py took 0.039 seconds
[2024-06-22 00:11:05,585] {scheduler_job.py:182} INFO - Started process (PID=4819) to work on /home/airflow/.local/lib/python3.6/site-packages/airflow/example_dags/example_external_task_marker_dag.py
[2024-06-22 00:11:05,586] {scheduler_job.py:629} INFO - Processing file /home/airflow/.local/lib/python3.6/site-packages/airflow/example_dags/example_external_task_marker_dag.py for tasks to queue
[2024-06-22 00:11:05,586] {logging_mixin.py:104} INFO - [2024-06-22 00:11:05,586] {dagbag.py:451} INFO - Filling up the DagBag from /home/airflow/.local/lib/python3.6/site-packages/airflow/example_dags/example_external_task_marker_dag.py
[2024-06-22 00:11:05,593] {scheduler_job.py:639} INFO - DAG(s) dict_keys(['example_external_task_marker_parent', 'example_external_task_marker_child']) retrieved from /home/airflow/.local/lib/python3.6/site-packages/airflow/example_dags/example_external_task_marker_dag.py
[2024-06-22 00:11:05,608] {logging_mixin.py:104} INFO - [2024-06-22 00:11:05,608] {dag.py:1824} INFO - Sync 2 DAGs
[2024-06-22 00:11:05,617] {logging_mixin.py:104} INFO - [2024-06-22 00:11:05,617] {dag.py:2280} INFO - Setting next_dagrun for example_external_task_marker_child to None
[2024-06-22 00:11:05,618] {logging_mixin.py:104} INFO - [2024-06-22 00:11:05,618] {dag.py:2280} INFO - Setting next_dagrun for example_external_task_marker_parent to None
[2024-06-22 00:11:05,624] {scheduler_job.py:190} INFO - Processing /home/airflow/.local/lib/python3.6/site-packages/airflow/example_dags/example_external_task_marker_dag.py took 0.041 seconds
[2024-06-22 00:11:36,371] {scheduler_job.py:182} INFO - Started process (PID=4845) to work on /home/airflow/.local/lib/python3.6/site-packages/airflow/example_dags/example_external_task_marker_dag.py
[2024-06-22 00:11:36,373] {scheduler_job.py:629} INFO - Processing file /home/airflow/.local/lib/python3.6/site-packages/airflow/example_dags/example_external_task_marker_dag.py for tasks to queue
[2024-06-22 00:11:36,373] {logging_mixin.py:104} INFO - [2024-06-22 00:11:36,373] {dagbag.py:451} INFO - Filling up the DagBag from /home/airflow/.local/lib/python3.6/site-packages/airflow/example_dags/example_external_task_marker_dag.py
[2024-06-22 00:11:36,380] {scheduler_job.py:639} INFO - DAG(s) dict_keys(['example_external_task_marker_parent', 'example_external_task_marker_child']) retrieved from /home/airflow/.local/lib/python3.6/site-packages/airflow/example_dags/example_external_task_marker_dag.py
[2024-06-22 00:11:36,394] {logging_mixin.py:104} INFO - [2024-06-22 00:11:36,394] {dag.py:1824} INFO - Sync 2 DAGs
[2024-06-22 00:11:36,403] {logging_mixin.py:104} INFO - [2024-06-22 00:11:36,403] {dag.py:2280} INFO - Setting next_dagrun for example_external_task_marker_child to None
[2024-06-22 00:11:36,404] {logging_mixin.py:104} INFO - [2024-06-22 00:11:36,404] {dag.py:2280} INFO - Setting next_dagrun for example_external_task_marker_parent to None
[2024-06-22 00:11:36,409] {scheduler_job.py:190} INFO - Processing /home/airflow/.local/lib/python3.6/site-packages/airflow/example_dags/example_external_task_marker_dag.py took 0.039 seconds
[2024-06-22 00:12:07,061] {scheduler_job.py:182} INFO - Started process (PID=4871) to work on /home/airflow/.local/lib/python3.6/site-packages/airflow/example_dags/example_external_task_marker_dag.py
[2024-06-22 00:12:07,062] {scheduler_job.py:629} INFO - Processing file /home/airflow/.local/lib/python3.6/site-packages/airflow/example_dags/example_external_task_marker_dag.py for tasks to queue
[2024-06-22 00:12:07,062] {logging_mixin.py:104} INFO - [2024-06-22 00:12:07,062] {dagbag.py:451} INFO - Filling up the DagBag from /home/airflow/.local/lib/python3.6/site-packages/airflow/example_dags/example_external_task_marker_dag.py
[2024-06-22 00:12:07,069] {scheduler_job.py:639} INFO - DAG(s) dict_keys(['example_external_task_marker_parent', 'example_external_task_marker_child']) retrieved from /home/airflow/.local/lib/python3.6/site-packages/airflow/example_dags/example_external_task_marker_dag.py
[2024-06-22 00:12:07,084] {logging_mixin.py:104} INFO - [2024-06-22 00:12:07,084] {dag.py:1824} INFO - Sync 2 DAGs
[2024-06-22 00:12:07,093] {logging_mixin.py:104} INFO - [2024-06-22 00:12:07,093] {dag.py:2280} INFO - Setting next_dagrun for example_external_task_marker_child to None
[2024-06-22 00:12:07,093] {logging_mixin.py:104} INFO - [2024-06-22 00:12:07,093] {dag.py:2280} INFO - Setting next_dagrun for example_external_task_marker_parent to None
[2024-06-22 00:12:07,100] {scheduler_job.py:190} INFO - Processing /home/airflow/.local/lib/python3.6/site-packages/airflow/example_dags/example_external_task_marker_dag.py took 0.040 seconds
[2024-06-22 00:12:37,898] {scheduler_job.py:182} INFO - Started process (PID=4897) to work on /home/airflow/.local/lib/python3.6/site-packages/airflow/example_dags/example_external_task_marker_dag.py
[2024-06-22 00:12:37,898] {scheduler_job.py:629} INFO - Processing file /home/airflow/.local/lib/python3.6/site-packages/airflow/example_dags/example_external_task_marker_dag.py for tasks to queue
[2024-06-22 00:12:37,899] {logging_mixin.py:104} INFO - [2024-06-22 00:12:37,899] {dagbag.py:451} INFO - Filling up the DagBag from /home/airflow/.local/lib/python3.6/site-packages/airflow/example_dags/example_external_task_marker_dag.py
[2024-06-22 00:12:37,905] {scheduler_job.py:639} INFO - DAG(s) dict_keys(['example_external_task_marker_parent', 'example_external_task_marker_child']) retrieved from /home/airflow/.local/lib/python3.6/site-packages/airflow/example_dags/example_external_task_marker_dag.py
[2024-06-22 00:12:37,920] {logging_mixin.py:104} INFO - [2024-06-22 00:12:37,920] {dag.py:1824} INFO - Sync 2 DAGs
[2024-06-22 00:12:37,928] {logging_mixin.py:104} INFO - [2024-06-22 00:12:37,928] {dag.py:2280} INFO - Setting next_dagrun for example_external_task_marker_child to None
[2024-06-22 00:12:37,928] {logging_mixin.py:104} INFO - [2024-06-22 00:12:37,928] {dag.py:2280} INFO - Setting next_dagrun for example_external_task_marker_parent to None
[2024-06-22 00:12:37,934] {scheduler_job.py:190} INFO - Processing /home/airflow/.local/lib/python3.6/site-packages/airflow/example_dags/example_external_task_marker_dag.py took 0.037 seconds
[2024-06-22 00:13:08,662] {scheduler_job.py:182} INFO - Started process (PID=4923) to work on /home/airflow/.local/lib/python3.6/site-packages/airflow/example_dags/example_external_task_marker_dag.py
[2024-06-22 00:13:08,663] {scheduler_job.py:629} INFO - Processing file /home/airflow/.local/lib/python3.6/site-packages/airflow/example_dags/example_external_task_marker_dag.py for tasks to queue
[2024-06-22 00:13:08,663] {logging_mixin.py:104} INFO - [2024-06-22 00:13:08,663] {dagbag.py:451} INFO - Filling up the DagBag from /home/airflow/.local/lib/python3.6/site-packages/airflow/example_dags/example_external_task_marker_dag.py
[2024-06-22 00:13:08,672] {scheduler_job.py:639} INFO - DAG(s) dict_keys(['example_external_task_marker_parent', 'example_external_task_marker_child']) retrieved from /home/airflow/.local/lib/python3.6/site-packages/airflow/example_dags/example_external_task_marker_dag.py
[2024-06-22 00:13:08,687] {logging_mixin.py:104} INFO - [2024-06-22 00:13:08,687] {dag.py:1824} INFO - Sync 2 DAGs
[2024-06-22 00:13:08,695] {logging_mixin.py:104} INFO - [2024-06-22 00:13:08,695] {dag.py:2280} INFO - Setting next_dagrun for example_external_task_marker_child to None
[2024-06-22 00:13:08,696] {logging_mixin.py:104} INFO - [2024-06-22 00:13:08,696] {dag.py:2280} INFO - Setting next_dagrun for example_external_task_marker_parent to None
[2024-06-22 00:13:08,701] {scheduler_job.py:190} INFO - Processing /home/airflow/.local/lib/python3.6/site-packages/airflow/example_dags/example_external_task_marker_dag.py took 0.041 seconds
[2024-06-22 00:13:39,339] {scheduler_job.py:182} INFO - Started process (PID=4949) to work on /home/airflow/.local/lib/python3.6/site-packages/airflow/example_dags/example_external_task_marker_dag.py
[2024-06-22 00:13:39,339] {scheduler_job.py:629} INFO - Processing file /home/airflow/.local/lib/python3.6/site-packages/airflow/example_dags/example_external_task_marker_dag.py for tasks to queue
[2024-06-22 00:13:39,340] {logging_mixin.py:104} INFO - [2024-06-22 00:13:39,340] {dagbag.py:451} INFO - Filling up the DagBag from /home/airflow/.local/lib/python3.6/site-packages/airflow/example_dags/example_external_task_marker_dag.py
[2024-06-22 00:13:39,347] {scheduler_job.py:639} INFO - DAG(s) dict_keys(['example_external_task_marker_parent', 'example_external_task_marker_child']) retrieved from /home/airflow/.local/lib/python3.6/site-packages/airflow/example_dags/example_external_task_marker_dag.py
[2024-06-22 00:13:39,362] {logging_mixin.py:104} INFO - [2024-06-22 00:13:39,362] {dag.py:1824} INFO - Sync 2 DAGs
[2024-06-22 00:13:39,371] {logging_mixin.py:104} INFO - [2024-06-22 00:13:39,370] {dag.py:2280} INFO - Setting next_dagrun for example_external_task_marker_child to None
[2024-06-22 00:13:39,371] {logging_mixin.py:104} INFO - [2024-06-22 00:13:39,371] {dag.py:2280} INFO - Setting next_dagrun for example_external_task_marker_parent to None
[2024-06-22 00:13:39,378] {scheduler_job.py:190} INFO - Processing /home/airflow/.local/lib/python3.6/site-packages/airflow/example_dags/example_external_task_marker_dag.py took 0.041 seconds
[2024-06-22 00:14:10,117] {scheduler_job.py:182} INFO - Started process (PID=4975) to work on /home/airflow/.local/lib/python3.6/site-packages/airflow/example_dags/example_external_task_marker_dag.py
[2024-06-22 00:14:10,118] {scheduler_job.py:629} INFO - Processing file /home/airflow/.local/lib/python3.6/site-packages/airflow/example_dags/example_external_task_marker_dag.py for tasks to queue
[2024-06-22 00:14:10,118] {logging_mixin.py:104} INFO - [2024-06-22 00:14:10,118] {dagbag.py:451} INFO - Filling up the DagBag from /home/airflow/.local/lib/python3.6/site-packages/airflow/example_dags/example_external_task_marker_dag.py
[2024-06-22 00:14:10,125] {scheduler_job.py:639} INFO - DAG(s) dict_keys(['example_external_task_marker_parent', 'example_external_task_marker_child']) retrieved from /home/airflow/.local/lib/python3.6/site-packages/airflow/example_dags/example_external_task_marker_dag.py
[2024-06-22 00:14:10,142] {logging_mixin.py:104} INFO - [2024-06-22 00:14:10,142] {dag.py:1824} INFO - Sync 2 DAGs
[2024-06-22 00:14:10,152] {logging_mixin.py:104} INFO - [2024-06-22 00:14:10,152] {dag.py:2280} INFO - Setting next_dagrun for example_external_task_marker_child to None
[2024-06-22 00:14:10,153] {logging_mixin.py:104} INFO - [2024-06-22 00:14:10,153] {dag.py:2280} INFO - Setting next_dagrun for example_external_task_marker_parent to None
[2024-06-22 00:14:10,160] {scheduler_job.py:190} INFO - Processing /home/airflow/.local/lib/python3.6/site-packages/airflow/example_dags/example_external_task_marker_dag.py took 0.046 seconds
[2024-06-22 00:14:40,956] {scheduler_job.py:182} INFO - Started process (PID=5001) to work on /home/airflow/.local/lib/python3.6/site-packages/airflow/example_dags/example_external_task_marker_dag.py
[2024-06-22 00:14:40,957] {scheduler_job.py:629} INFO - Processing file /home/airflow/.local/lib/python3.6/site-packages/airflow/example_dags/example_external_task_marker_dag.py for tasks to queue
[2024-06-22 00:14:40,957] {logging_mixin.py:104} INFO - [2024-06-22 00:14:40,957] {dagbag.py:451} INFO - Filling up the DagBag from /home/airflow/.local/lib/python3.6/site-packages/airflow/example_dags/example_external_task_marker_dag.py
[2024-06-22 00:14:40,964] {scheduler_job.py:639} INFO - DAG(s) dict_keys(['example_external_task_marker_parent', 'example_external_task_marker_child']) retrieved from /home/airflow/.local/lib/python3.6/site-packages/airflow/example_dags/example_external_task_marker_dag.py
[2024-06-22 00:14:40,978] {logging_mixin.py:104} INFO - [2024-06-22 00:14:40,978] {dag.py:1824} INFO - Sync 2 DAGs
[2024-06-22 00:14:40,986] {logging_mixin.py:104} INFO - [2024-06-22 00:14:40,986] {dag.py:2280} INFO - Setting next_dagrun for example_external_task_marker_child to None
[2024-06-22 00:14:40,987] {logging_mixin.py:104} INFO - [2024-06-22 00:14:40,987] {dag.py:2280} INFO - Setting next_dagrun for example_external_task_marker_parent to None
[2024-06-22 00:14:40,992] {scheduler_job.py:190} INFO - Processing /home/airflow/.local/lib/python3.6/site-packages/airflow/example_dags/example_external_task_marker_dag.py took 0.038 seconds
[2024-06-22 00:15:11,648] {scheduler_job.py:182} INFO - Started process (PID=5027) to work on /home/airflow/.local/lib/python3.6/site-packages/airflow/example_dags/example_external_task_marker_dag.py
[2024-06-22 00:15:11,649] {scheduler_job.py:629} INFO - Processing file /home/airflow/.local/lib/python3.6/site-packages/airflow/example_dags/example_external_task_marker_dag.py for tasks to queue
[2024-06-22 00:15:11,649] {logging_mixin.py:104} INFO - [2024-06-22 00:15:11,649] {dagbag.py:451} INFO - Filling up the DagBag from /home/airflow/.local/lib/python3.6/site-packages/airflow/example_dags/example_external_task_marker_dag.py
[2024-06-22 00:15:11,656] {scheduler_job.py:639} INFO - DAG(s) dict_keys(['example_external_task_marker_parent', 'example_external_task_marker_child']) retrieved from /home/airflow/.local/lib/python3.6/site-packages/airflow/example_dags/example_external_task_marker_dag.py
[2024-06-22 00:15:11,671] {logging_mixin.py:104} INFO - [2024-06-22 00:15:11,671] {dag.py:1824} INFO - Sync 2 DAGs
[2024-06-22 00:15:11,680] {logging_mixin.py:104} INFO - [2024-06-22 00:15:11,680] {dag.py:2280} INFO - Setting next_dagrun for example_external_task_marker_child to None
[2024-06-22 00:15:11,680] {logging_mixin.py:104} INFO - [2024-06-22 00:15:11,680] {dag.py:2280} INFO - Setting next_dagrun for example_external_task_marker_parent to None
[2024-06-22 00:15:11,686] {scheduler_job.py:190} INFO - Processing /home/airflow/.local/lib/python3.6/site-packages/airflow/example_dags/example_external_task_marker_dag.py took 0.040 seconds
[2024-06-22 00:15:42,490] {scheduler_job.py:182} INFO - Started process (PID=5053) to work on /home/airflow/.local/lib/python3.6/site-packages/airflow/example_dags/example_external_task_marker_dag.py
[2024-06-22 00:15:42,491] {scheduler_job.py:629} INFO - Processing file /home/airflow/.local/lib/python3.6/site-packages/airflow/example_dags/example_external_task_marker_dag.py for tasks to queue
[2024-06-22 00:15:42,492] {logging_mixin.py:104} INFO - [2024-06-22 00:15:42,492] {dagbag.py:451} INFO - Filling up the DagBag from /home/airflow/.local/lib/python3.6/site-packages/airflow/example_dags/example_external_task_marker_dag.py
[2024-06-22 00:15:42,498] {scheduler_job.py:639} INFO - DAG(s) dict_keys(['example_external_task_marker_parent', 'example_external_task_marker_child']) retrieved from /home/airflow/.local/lib/python3.6/site-packages/airflow/example_dags/example_external_task_marker_dag.py
[2024-06-22 00:15:42,515] {logging_mixin.py:104} INFO - [2024-06-22 00:15:42,514] {dag.py:1824} INFO - Sync 2 DAGs
[2024-06-22 00:15:42,523] {logging_mixin.py:104} INFO - [2024-06-22 00:15:42,523] {dag.py:2280} INFO - Setting next_dagrun for example_external_task_marker_child to None
[2024-06-22 00:15:42,523] {logging_mixin.py:104} INFO - [2024-06-22 00:15:42,523] {dag.py:2280} INFO - Setting next_dagrun for example_external_task_marker_parent to None
[2024-06-22 00:15:42,529] {scheduler_job.py:190} INFO - Processing /home/airflow/.local/lib/python3.6/site-packages/airflow/example_dags/example_external_task_marker_dag.py took 0.041 seconds
[2024-06-22 00:16:13,197] {scheduler_job.py:182} INFO - Started process (PID=5079) to work on /home/airflow/.local/lib/python3.6/site-packages/airflow/example_dags/example_external_task_marker_dag.py
[2024-06-22 00:16:13,198] {scheduler_job.py:629} INFO - Processing file /home/airflow/.local/lib/python3.6/site-packages/airflow/example_dags/example_external_task_marker_dag.py for tasks to queue
[2024-06-22 00:16:13,198] {logging_mixin.py:104} INFO - [2024-06-22 00:16:13,198] {dagbag.py:451} INFO - Filling up the DagBag from /home/airflow/.local/lib/python3.6/site-packages/airflow/example_dags/example_external_task_marker_dag.py
[2024-06-22 00:16:13,204] {scheduler_job.py:639} INFO - DAG(s) dict_keys(['example_external_task_marker_parent', 'example_external_task_marker_child']) retrieved from /home/airflow/.local/lib/python3.6/site-packages/airflow/example_dags/example_external_task_marker_dag.py
[2024-06-22 00:16:13,220] {logging_mixin.py:104} INFO - [2024-06-22 00:16:13,220] {dag.py:1824} INFO - Sync 2 DAGs
[2024-06-22 00:16:13,228] {logging_mixin.py:104} INFO - [2024-06-22 00:16:13,228] {dag.py:2280} INFO - Setting next_dagrun for example_external_task_marker_child to None
[2024-06-22 00:16:13,229] {logging_mixin.py:104} INFO - [2024-06-22 00:16:13,229] {dag.py:2280} INFO - Setting next_dagrun for example_external_task_marker_parent to None
[2024-06-22 00:16:13,235] {scheduler_job.py:190} INFO - Processing /home/airflow/.local/lib/python3.6/site-packages/airflow/example_dags/example_external_task_marker_dag.py took 0.041 seconds
[2024-06-22 00:16:43,961] {scheduler_job.py:182} INFO - Started process (PID=5105) to work on /home/airflow/.local/lib/python3.6/site-packages/airflow/example_dags/example_external_task_marker_dag.py
[2024-06-22 00:16:43,961] {scheduler_job.py:629} INFO - Processing file /home/airflow/.local/lib/python3.6/site-packages/airflow/example_dags/example_external_task_marker_dag.py for tasks to queue
[2024-06-22 00:16:43,962] {logging_mixin.py:104} INFO - [2024-06-22 00:16:43,962] {dagbag.py:451} INFO - Filling up the DagBag from /home/airflow/.local/lib/python3.6/site-packages/airflow/example_dags/example_external_task_marker_dag.py
[2024-06-22 00:16:43,968] {scheduler_job.py:639} INFO - DAG(s) dict_keys(['example_external_task_marker_parent', 'example_external_task_marker_child']) retrieved from /home/airflow/.local/lib/python3.6/site-packages/airflow/example_dags/example_external_task_marker_dag.py
[2024-06-22 00:16:43,984] {logging_mixin.py:104} INFO - [2024-06-22 00:16:43,984] {dag.py:1824} INFO - Sync 2 DAGs
[2024-06-22 00:16:43,993] {logging_mixin.py:104} INFO - [2024-06-22 00:16:43,993] {dag.py:2280} INFO - Setting next_dagrun for example_external_task_marker_child to None
[2024-06-22 00:16:43,993] {logging_mixin.py:104} INFO - [2024-06-22 00:16:43,993] {dag.py:2280} INFO - Setting next_dagrun for example_external_task_marker_parent to None
[2024-06-22 00:16:44,000] {scheduler_job.py:190} INFO - Processing /home/airflow/.local/lib/python3.6/site-packages/airflow/example_dags/example_external_task_marker_dag.py took 0.041 seconds
[2024-06-22 00:17:14,736] {scheduler_job.py:182} INFO - Started process (PID=5131) to work on /home/airflow/.local/lib/python3.6/site-packages/airflow/example_dags/example_external_task_marker_dag.py
[2024-06-22 00:17:14,737] {scheduler_job.py:629} INFO - Processing file /home/airflow/.local/lib/python3.6/site-packages/airflow/example_dags/example_external_task_marker_dag.py for tasks to queue
[2024-06-22 00:17:14,738] {logging_mixin.py:104} INFO - [2024-06-22 00:17:14,737] {dagbag.py:451} INFO - Filling up the DagBag from /home/airflow/.local/lib/python3.6/site-packages/airflow/example_dags/example_external_task_marker_dag.py
[2024-06-22 00:17:14,744] {scheduler_job.py:639} INFO - DAG(s) dict_keys(['example_external_task_marker_parent', 'example_external_task_marker_child']) retrieved from /home/airflow/.local/lib/python3.6/site-packages/airflow/example_dags/example_external_task_marker_dag.py
[2024-06-22 00:17:14,762] {logging_mixin.py:104} INFO - [2024-06-22 00:17:14,762] {dag.py:1824} INFO - Sync 2 DAGs
[2024-06-22 00:17:14,770] {logging_mixin.py:104} INFO - [2024-06-22 00:17:14,770] {dag.py:2280} INFO - Setting next_dagrun for example_external_task_marker_child to None
[2024-06-22 00:17:14,770] {logging_mixin.py:104} INFO - [2024-06-22 00:17:14,770] {dag.py:2280} INFO - Setting next_dagrun for example_external_task_marker_parent to None
[2024-06-22 00:17:14,777] {scheduler_job.py:190} INFO - Processing /home/airflow/.local/lib/python3.6/site-packages/airflow/example_dags/example_external_task_marker_dag.py took 0.043 seconds
[2024-06-22 00:17:45,514] {scheduler_job.py:182} INFO - Started process (PID=5157) to work on /home/airflow/.local/lib/python3.6/site-packages/airflow/example_dags/example_external_task_marker_dag.py
[2024-06-22 00:17:45,514] {scheduler_job.py:629} INFO - Processing file /home/airflow/.local/lib/python3.6/site-packages/airflow/example_dags/example_external_task_marker_dag.py for tasks to queue
[2024-06-22 00:17:45,515] {logging_mixin.py:104} INFO - [2024-06-22 00:17:45,515] {dagbag.py:451} INFO - Filling up the DagBag from /home/airflow/.local/lib/python3.6/site-packages/airflow/example_dags/example_external_task_marker_dag.py
[2024-06-22 00:17:45,522] {scheduler_job.py:639} INFO - DAG(s) dict_keys(['example_external_task_marker_parent', 'example_external_task_marker_child']) retrieved from /home/airflow/.local/lib/python3.6/site-packages/airflow/example_dags/example_external_task_marker_dag.py
[2024-06-22 00:17:45,537] {logging_mixin.py:104} INFO - [2024-06-22 00:17:45,537] {dag.py:1824} INFO - Sync 2 DAGs
[2024-06-22 00:17:45,545] {logging_mixin.py:104} INFO - [2024-06-22 00:17:45,545] {dag.py:2280} INFO - Setting next_dagrun for example_external_task_marker_child to None
[2024-06-22 00:17:45,546] {logging_mixin.py:104} INFO - [2024-06-22 00:17:45,546] {dag.py:2280} INFO - Setting next_dagrun for example_external_task_marker_parent to None
[2024-06-22 00:17:45,552] {scheduler_job.py:190} INFO - Processing /home/airflow/.local/lib/python3.6/site-packages/airflow/example_dags/example_external_task_marker_dag.py took 0.040 seconds
[2024-06-22 00:18:16,274] {scheduler_job.py:182} INFO - Started process (PID=5183) to work on /home/airflow/.local/lib/python3.6/site-packages/airflow/example_dags/example_external_task_marker_dag.py
[2024-06-22 00:18:16,275] {scheduler_job.py:629} INFO - Processing file /home/airflow/.local/lib/python3.6/site-packages/airflow/example_dags/example_external_task_marker_dag.py for tasks to queue
[2024-06-22 00:18:16,275] {logging_mixin.py:104} INFO - [2024-06-22 00:18:16,275] {dagbag.py:451} INFO - Filling up the DagBag from /home/airflow/.local/lib/python3.6/site-packages/airflow/example_dags/example_external_task_marker_dag.py
[2024-06-22 00:18:16,282] {scheduler_job.py:639} INFO - DAG(s) dict_keys(['example_external_task_marker_parent', 'example_external_task_marker_child']) retrieved from /home/airflow/.local/lib/python3.6/site-packages/airflow/example_dags/example_external_task_marker_dag.py
[2024-06-22 00:18:16,297] {logging_mixin.py:104} INFO - [2024-06-22 00:18:16,297] {dag.py:1824} INFO - Sync 2 DAGs
[2024-06-22 00:18:16,306] {logging_mixin.py:104} INFO - [2024-06-22 00:18:16,306] {dag.py:2280} INFO - Setting next_dagrun for example_external_task_marker_child to None
[2024-06-22 00:18:16,306] {logging_mixin.py:104} INFO - [2024-06-22 00:18:16,306] {dag.py:2280} INFO - Setting next_dagrun for example_external_task_marker_parent to None
[2024-06-22 00:18:16,313] {scheduler_job.py:190} INFO - Processing /home/airflow/.local/lib/python3.6/site-packages/airflow/example_dags/example_external_task_marker_dag.py took 0.040 seconds
[2024-06-22 00:18:47,031] {scheduler_job.py:182} INFO - Started process (PID=5209) to work on /home/airflow/.local/lib/python3.6/site-packages/airflow/example_dags/example_external_task_marker_dag.py
[2024-06-22 00:18:47,032] {scheduler_job.py:629} INFO - Processing file /home/airflow/.local/lib/python3.6/site-packages/airflow/example_dags/example_external_task_marker_dag.py for tasks to queue
[2024-06-22 00:18:47,032] {logging_mixin.py:104} INFO - [2024-06-22 00:18:47,032] {dagbag.py:451} INFO - Filling up the DagBag from /home/airflow/.local/lib/python3.6/site-packages/airflow/example_dags/example_external_task_marker_dag.py
[2024-06-22 00:18:47,039] {scheduler_job.py:639} INFO - DAG(s) dict_keys(['example_external_task_marker_parent', 'example_external_task_marker_child']) retrieved from /home/airflow/.local/lib/python3.6/site-packages/airflow/example_dags/example_external_task_marker_dag.py
[2024-06-22 00:18:47,053] {logging_mixin.py:104} INFO - [2024-06-22 00:18:47,053] {dag.py:1824} INFO - Sync 2 DAGs
[2024-06-22 00:18:47,062] {logging_mixin.py:104} INFO - [2024-06-22 00:18:47,062] {dag.py:2280} INFO - Setting next_dagrun for example_external_task_marker_child to None
[2024-06-22 00:18:47,062] {logging_mixin.py:104} INFO - [2024-06-22 00:18:47,062] {dag.py:2280} INFO - Setting next_dagrun for example_external_task_marker_parent to None
[2024-06-22 00:18:47,068] {scheduler_job.py:190} INFO - Processing /home/airflow/.local/lib/python3.6/site-packages/airflow/example_dags/example_external_task_marker_dag.py took 0.039 seconds
[2024-06-22 00:19:17,803] {scheduler_job.py:182} INFO - Started process (PID=5235) to work on /home/airflow/.local/lib/python3.6/site-packages/airflow/example_dags/example_external_task_marker_dag.py
[2024-06-22 00:19:17,804] {scheduler_job.py:629} INFO - Processing file /home/airflow/.local/lib/python3.6/site-packages/airflow/example_dags/example_external_task_marker_dag.py for tasks to queue
[2024-06-22 00:19:17,804] {logging_mixin.py:104} INFO - [2024-06-22 00:19:17,804] {dagbag.py:451} INFO - Filling up the DagBag from /home/airflow/.local/lib/python3.6/site-packages/airflow/example_dags/example_external_task_marker_dag.py
[2024-06-22 00:19:17,811] {scheduler_job.py:639} INFO - DAG(s) dict_keys(['example_external_task_marker_parent', 'example_external_task_marker_child']) retrieved from /home/airflow/.local/lib/python3.6/site-packages/airflow/example_dags/example_external_task_marker_dag.py
[2024-06-22 00:19:17,825] {logging_mixin.py:104} INFO - [2024-06-22 00:19:17,825] {dag.py:1824} INFO - Sync 2 DAGs
[2024-06-22 00:19:17,833] {logging_mixin.py:104} INFO - [2024-06-22 00:19:17,833] {dag.py:2280} INFO - Setting next_dagrun for example_external_task_marker_child to None
[2024-06-22 00:19:17,834] {logging_mixin.py:104} INFO - [2024-06-22 00:19:17,834] {dag.py:2280} INFO - Setting next_dagrun for example_external_task_marker_parent to None
[2024-06-22 00:19:17,839] {scheduler_job.py:190} INFO - Processing /home/airflow/.local/lib/python3.6/site-packages/airflow/example_dags/example_external_task_marker_dag.py took 0.038 seconds
[2024-06-22 00:19:48,572] {scheduler_job.py:182} INFO - Started process (PID=5261) to work on /home/airflow/.local/lib/python3.6/site-packages/airflow/example_dags/example_external_task_marker_dag.py
[2024-06-22 00:19:48,573] {scheduler_job.py:629} INFO - Processing file /home/airflow/.local/lib/python3.6/site-packages/airflow/example_dags/example_external_task_marker_dag.py for tasks to queue
[2024-06-22 00:19:48,574] {logging_mixin.py:104} INFO - [2024-06-22 00:19:48,574] {dagbag.py:451} INFO - Filling up the DagBag from /home/airflow/.local/lib/python3.6/site-packages/airflow/example_dags/example_external_task_marker_dag.py
[2024-06-22 00:19:48,581] {scheduler_job.py:639} INFO - DAG(s) dict_keys(['example_external_task_marker_parent', 'example_external_task_marker_child']) retrieved from /home/airflow/.local/lib/python3.6/site-packages/airflow/example_dags/example_external_task_marker_dag.py
[2024-06-22 00:19:48,595] {logging_mixin.py:104} INFO - [2024-06-22 00:19:48,594] {dag.py:1824} INFO - Sync 2 DAGs
[2024-06-22 00:19:48,603] {logging_mixin.py:104} INFO - [2024-06-22 00:19:48,603] {dag.py:2280} INFO - Setting next_dagrun for example_external_task_marker_child to None
[2024-06-22 00:19:48,604] {logging_mixin.py:104} INFO - [2024-06-22 00:19:48,604] {dag.py:2280} INFO - Setting next_dagrun for example_external_task_marker_parent to None
[2024-06-22 00:19:48,609] {scheduler_job.py:190} INFO - Processing /home/airflow/.local/lib/python3.6/site-packages/airflow/example_dags/example_external_task_marker_dag.py took 0.039 seconds
[2024-06-22 00:20:19,231] {scheduler_job.py:182} INFO - Started process (PID=5287) to work on /home/airflow/.local/lib/python3.6/site-packages/airflow/example_dags/example_external_task_marker_dag.py
[2024-06-22 00:20:19,232] {scheduler_job.py:629} INFO - Processing file /home/airflow/.local/lib/python3.6/site-packages/airflow/example_dags/example_external_task_marker_dag.py for tasks to queue
[2024-06-22 00:20:19,232] {logging_mixin.py:104} INFO - [2024-06-22 00:20:19,232] {dagbag.py:451} INFO - Filling up the DagBag from /home/airflow/.local/lib/python3.6/site-packages/airflow/example_dags/example_external_task_marker_dag.py
[2024-06-22 00:20:19,239] {scheduler_job.py:639} INFO - DAG(s) dict_keys(['example_external_task_marker_parent', 'example_external_task_marker_child']) retrieved from /home/airflow/.local/lib/python3.6/site-packages/airflow/example_dags/example_external_task_marker_dag.py
[2024-06-22 00:20:19,254] {logging_mixin.py:104} INFO - [2024-06-22 00:20:19,254] {dag.py:1824} INFO - Sync 2 DAGs
[2024-06-22 00:20:19,263] {logging_mixin.py:104} INFO - [2024-06-22 00:20:19,263] {dag.py:2280} INFO - Setting next_dagrun for example_external_task_marker_child to None
[2024-06-22 00:20:19,263] {logging_mixin.py:104} INFO - [2024-06-22 00:20:19,263] {dag.py:2280} INFO - Setting next_dagrun for example_external_task_marker_parent to None
[2024-06-22 00:20:19,269] {scheduler_job.py:190} INFO - Processing /home/airflow/.local/lib/python3.6/site-packages/airflow/example_dags/example_external_task_marker_dag.py took 0.040 seconds
[2024-06-22 00:20:50,000] {scheduler_job.py:182} INFO - Started process (PID=5313) to work on /home/airflow/.local/lib/python3.6/site-packages/airflow/example_dags/example_external_task_marker_dag.py
[2024-06-22 00:20:50,001] {scheduler_job.py:629} INFO - Processing file /home/airflow/.local/lib/python3.6/site-packages/airflow/example_dags/example_external_task_marker_dag.py for tasks to queue
[2024-06-22 00:20:50,001] {logging_mixin.py:104} INFO - [2024-06-22 00:20:50,001] {dagbag.py:451} INFO - Filling up the DagBag from /home/airflow/.local/lib/python3.6/site-packages/airflow/example_dags/example_external_task_marker_dag.py
[2024-06-22 00:20:50,008] {scheduler_job.py:639} INFO - DAG(s) dict_keys(['example_external_task_marker_parent', 'example_external_task_marker_child']) retrieved from /home/airflow/.local/lib/python3.6/site-packages/airflow/example_dags/example_external_task_marker_dag.py
[2024-06-22 00:20:50,023] {logging_mixin.py:104} INFO - [2024-06-22 00:20:50,023] {dag.py:1824} INFO - Sync 2 DAGs
[2024-06-22 00:20:50,031] {logging_mixin.py:104} INFO - [2024-06-22 00:20:50,031] {dag.py:2280} INFO - Setting next_dagrun for example_external_task_marker_child to None
[2024-06-22 00:20:50,032] {logging_mixin.py:104} INFO - [2024-06-22 00:20:50,032] {dag.py:2280} INFO - Setting next_dagrun for example_external_task_marker_parent to None
[2024-06-22 00:20:50,038] {scheduler_job.py:190} INFO - Processing /home/airflow/.local/lib/python3.6/site-packages/airflow/example_dags/example_external_task_marker_dag.py took 0.039 seconds
[2024-06-22 00:21:20,689] {scheduler_job.py:182} INFO - Started process (PID=5339) to work on /home/airflow/.local/lib/python3.6/site-packages/airflow/example_dags/example_external_task_marker_dag.py
[2024-06-22 00:21:20,690] {scheduler_job.py:629} INFO - Processing file /home/airflow/.local/lib/python3.6/site-packages/airflow/example_dags/example_external_task_marker_dag.py for tasks to queue
[2024-06-22 00:21:20,690] {logging_mixin.py:104} INFO - [2024-06-22 00:21:20,690] {dagbag.py:451} INFO - Filling up the DagBag from /home/airflow/.local/lib/python3.6/site-packages/airflow/example_dags/example_external_task_marker_dag.py
[2024-06-22 00:21:20,697] {scheduler_job.py:639} INFO - DAG(s) dict_keys(['example_external_task_marker_parent', 'example_external_task_marker_child']) retrieved from /home/airflow/.local/lib/python3.6/site-packages/airflow/example_dags/example_external_task_marker_dag.py
[2024-06-22 00:21:20,712] {logging_mixin.py:104} INFO - [2024-06-22 00:21:20,712] {dag.py:1824} INFO - Sync 2 DAGs
[2024-06-22 00:21:20,721] {logging_mixin.py:104} INFO - [2024-06-22 00:21:20,721] {dag.py:2280} INFO - Setting next_dagrun for example_external_task_marker_child to None
[2024-06-22 00:21:20,721] {logging_mixin.py:104} INFO - [2024-06-22 00:21:20,721] {dag.py:2280} INFO - Setting next_dagrun for example_external_task_marker_parent to None
[2024-06-22 00:21:20,728] {scheduler_job.py:190} INFO - Processing /home/airflow/.local/lib/python3.6/site-packages/airflow/example_dags/example_external_task_marker_dag.py took 0.041 seconds
[2024-06-22 00:21:51,454] {scheduler_job.py:182} INFO - Started process (PID=5365) to work on /home/airflow/.local/lib/python3.6/site-packages/airflow/example_dags/example_external_task_marker_dag.py
[2024-06-22 00:21:51,455] {scheduler_job.py:629} INFO - Processing file /home/airflow/.local/lib/python3.6/site-packages/airflow/example_dags/example_external_task_marker_dag.py for tasks to queue
[2024-06-22 00:21:51,455] {logging_mixin.py:104} INFO - [2024-06-22 00:21:51,455] {dagbag.py:451} INFO - Filling up the DagBag from /home/airflow/.local/lib/python3.6/site-packages/airflow/example_dags/example_external_task_marker_dag.py
[2024-06-22 00:21:51,461] {scheduler_job.py:639} INFO - DAG(s) dict_keys(['example_external_task_marker_parent', 'example_external_task_marker_child']) retrieved from /home/airflow/.local/lib/python3.6/site-packages/airflow/example_dags/example_external_task_marker_dag.py
[2024-06-22 00:21:51,476] {logging_mixin.py:104} INFO - [2024-06-22 00:21:51,476] {dag.py:1824} INFO - Sync 2 DAGs
[2024-06-22 00:21:51,485] {logging_mixin.py:104} INFO - [2024-06-22 00:21:51,485] {dag.py:2280} INFO - Setting next_dagrun for example_external_task_marker_child to None
[2024-06-22 00:21:51,485] {logging_mixin.py:104} INFO - [2024-06-22 00:21:51,485] {dag.py:2280} INFO - Setting next_dagrun for example_external_task_marker_parent to None
[2024-06-22 00:21:51,490] {scheduler_job.py:190} INFO - Processing /home/airflow/.local/lib/python3.6/site-packages/airflow/example_dags/example_external_task_marker_dag.py took 0.039 seconds
[2024-06-22 00:22:22,148] {scheduler_job.py:182} INFO - Started process (PID=5391) to work on /home/airflow/.local/lib/python3.6/site-packages/airflow/example_dags/example_external_task_marker_dag.py
[2024-06-22 00:22:22,149] {scheduler_job.py:629} INFO - Processing file /home/airflow/.local/lib/python3.6/site-packages/airflow/example_dags/example_external_task_marker_dag.py for tasks to queue
[2024-06-22 00:22:22,149] {logging_mixin.py:104} INFO - [2024-06-22 00:22:22,149] {dagbag.py:451} INFO - Filling up the DagBag from /home/airflow/.local/lib/python3.6/site-packages/airflow/example_dags/example_external_task_marker_dag.py
[2024-06-22 00:22:22,156] {scheduler_job.py:639} INFO - DAG(s) dict_keys(['example_external_task_marker_parent', 'example_external_task_marker_child']) retrieved from /home/airflow/.local/lib/python3.6/site-packages/airflow/example_dags/example_external_task_marker_dag.py
[2024-06-22 00:22:22,169] {logging_mixin.py:104} INFO - [2024-06-22 00:22:22,169] {dag.py:1824} INFO - Sync 2 DAGs
[2024-06-22 00:22:22,178] {logging_mixin.py:104} INFO - [2024-06-22 00:22:22,178] {dag.py:2280} INFO - Setting next_dagrun for example_external_task_marker_child to None
[2024-06-22 00:22:22,178] {logging_mixin.py:104} INFO - [2024-06-22 00:22:22,178] {dag.py:2280} INFO - Setting next_dagrun for example_external_task_marker_parent to None
[2024-06-22 00:22:22,186] {scheduler_job.py:190} INFO - Processing /home/airflow/.local/lib/python3.6/site-packages/airflow/example_dags/example_external_task_marker_dag.py took 0.040 seconds
[2024-06-22 00:22:52,966] {scheduler_job.py:182} INFO - Started process (PID=5417) to work on /home/airflow/.local/lib/python3.6/site-packages/airflow/example_dags/example_external_task_marker_dag.py
[2024-06-22 00:22:52,967] {scheduler_job.py:629} INFO - Processing file /home/airflow/.local/lib/python3.6/site-packages/airflow/example_dags/example_external_task_marker_dag.py for tasks to queue
[2024-06-22 00:22:52,967] {logging_mixin.py:104} INFO - [2024-06-22 00:22:52,967] {dagbag.py:451} INFO - Filling up the DagBag from /home/airflow/.local/lib/python3.6/site-packages/airflow/example_dags/example_external_task_marker_dag.py
[2024-06-22 00:22:52,974] {scheduler_job.py:639} INFO - DAG(s) dict_keys(['example_external_task_marker_parent', 'example_external_task_marker_child']) retrieved from /home/airflow/.local/lib/python3.6/site-packages/airflow/example_dags/example_external_task_marker_dag.py
[2024-06-22 00:22:52,987] {logging_mixin.py:104} INFO - [2024-06-22 00:22:52,987] {dag.py:1824} INFO - Sync 2 DAGs
[2024-06-22 00:22:52,995] {logging_mixin.py:104} INFO - [2024-06-22 00:22:52,995] {dag.py:2280} INFO - Setting next_dagrun for example_external_task_marker_child to None
[2024-06-22 00:22:52,996] {logging_mixin.py:104} INFO - [2024-06-22 00:22:52,996] {dag.py:2280} INFO - Setting next_dagrun for example_external_task_marker_parent to None
[2024-06-22 00:22:53,001] {scheduler_job.py:190} INFO - Processing /home/airflow/.local/lib/python3.6/site-packages/airflow/example_dags/example_external_task_marker_dag.py took 0.037 seconds
[2024-06-22 00:23:23,663] {scheduler_job.py:182} INFO - Started process (PID=5443) to work on /home/airflow/.local/lib/python3.6/site-packages/airflow/example_dags/example_external_task_marker_dag.py
[2024-06-22 00:23:23,663] {scheduler_job.py:629} INFO - Processing file /home/airflow/.local/lib/python3.6/site-packages/airflow/example_dags/example_external_task_marker_dag.py for tasks to queue
[2024-06-22 00:23:23,664] {logging_mixin.py:104} INFO - [2024-06-22 00:23:23,664] {dagbag.py:451} INFO - Filling up the DagBag from /home/airflow/.local/lib/python3.6/site-packages/airflow/example_dags/example_external_task_marker_dag.py
[2024-06-22 00:23:23,670] {scheduler_job.py:639} INFO - DAG(s) dict_keys(['example_external_task_marker_parent', 'example_external_task_marker_child']) retrieved from /home/airflow/.local/lib/python3.6/site-packages/airflow/example_dags/example_external_task_marker_dag.py
[2024-06-22 00:23:23,683] {logging_mixin.py:104} INFO - [2024-06-22 00:23:23,683] {dag.py:1824} INFO - Sync 2 DAGs
[2024-06-22 00:23:23,691] {logging_mixin.py:104} INFO - [2024-06-22 00:23:23,691] {dag.py:2280} INFO - Setting next_dagrun for example_external_task_marker_child to None
[2024-06-22 00:23:23,692] {logging_mixin.py:104} INFO - [2024-06-22 00:23:23,692] {dag.py:2280} INFO - Setting next_dagrun for example_external_task_marker_parent to None
[2024-06-22 00:23:23,697] {scheduler_job.py:190} INFO - Processing /home/airflow/.local/lib/python3.6/site-packages/airflow/example_dags/example_external_task_marker_dag.py took 0.036 seconds
[2024-06-22 00:23:54,492] {scheduler_job.py:182} INFO - Started process (PID=5469) to work on /home/airflow/.local/lib/python3.6/site-packages/airflow/example_dags/example_external_task_marker_dag.py
[2024-06-22 00:23:54,492] {scheduler_job.py:629} INFO - Processing file /home/airflow/.local/lib/python3.6/site-packages/airflow/example_dags/example_external_task_marker_dag.py for tasks to queue
[2024-06-22 00:23:54,493] {logging_mixin.py:104} INFO - [2024-06-22 00:23:54,493] {dagbag.py:451} INFO - Filling up the DagBag from /home/airflow/.local/lib/python3.6/site-packages/airflow/example_dags/example_external_task_marker_dag.py
[2024-06-22 00:23:54,499] {scheduler_job.py:639} INFO - DAG(s) dict_keys(['example_external_task_marker_parent', 'example_external_task_marker_child']) retrieved from /home/airflow/.local/lib/python3.6/site-packages/airflow/example_dags/example_external_task_marker_dag.py
[2024-06-22 00:23:54,514] {logging_mixin.py:104} INFO - [2024-06-22 00:23:54,514] {dag.py:1824} INFO - Sync 2 DAGs
[2024-06-22 00:23:54,521] {logging_mixin.py:104} INFO - [2024-06-22 00:23:54,521] {dag.py:2280} INFO - Setting next_dagrun for example_external_task_marker_child to None
[2024-06-22 00:23:54,522] {logging_mixin.py:104} INFO - [2024-06-22 00:23:54,522] {dag.py:2280} INFO - Setting next_dagrun for example_external_task_marker_parent to None
[2024-06-22 00:23:54,528] {scheduler_job.py:190} INFO - Processing /home/airflow/.local/lib/python3.6/site-packages/airflow/example_dags/example_external_task_marker_dag.py took 0.038 seconds
[2024-06-22 00:24:25,334] {scheduler_job.py:182} INFO - Started process (PID=5495) to work on /home/airflow/.local/lib/python3.6/site-packages/airflow/example_dags/example_external_task_marker_dag.py
[2024-06-22 00:24:25,334] {scheduler_job.py:629} INFO - Processing file /home/airflow/.local/lib/python3.6/site-packages/airflow/example_dags/example_external_task_marker_dag.py for tasks to queue
[2024-06-22 00:24:25,335] {logging_mixin.py:104} INFO - [2024-06-22 00:24:25,335] {dagbag.py:451} INFO - Filling up the DagBag from /home/airflow/.local/lib/python3.6/site-packages/airflow/example_dags/example_external_task_marker_dag.py
[2024-06-22 00:24:25,342] {scheduler_job.py:639} INFO - DAG(s) dict_keys(['example_external_task_marker_parent', 'example_external_task_marker_child']) retrieved from /home/airflow/.local/lib/python3.6/site-packages/airflow/example_dags/example_external_task_marker_dag.py
[2024-06-22 00:24:25,357] {logging_mixin.py:104} INFO - [2024-06-22 00:24:25,357] {dag.py:1824} INFO - Sync 2 DAGs
[2024-06-22 00:24:25,365] {logging_mixin.py:104} INFO - [2024-06-22 00:24:25,365] {dag.py:2280} INFO - Setting next_dagrun for example_external_task_marker_child to None
[2024-06-22 00:24:25,365] {logging_mixin.py:104} INFO - [2024-06-22 00:24:25,365] {dag.py:2280} INFO - Setting next_dagrun for example_external_task_marker_parent to None
[2024-06-22 00:24:25,372] {scheduler_job.py:190} INFO - Processing /home/airflow/.local/lib/python3.6/site-packages/airflow/example_dags/example_external_task_marker_dag.py took 0.040 seconds
[2024-06-22 00:24:56,051] {scheduler_job.py:182} INFO - Started process (PID=5521) to work on /home/airflow/.local/lib/python3.6/site-packages/airflow/example_dags/example_external_task_marker_dag.py
[2024-06-22 00:24:56,052] {scheduler_job.py:629} INFO - Processing file /home/airflow/.local/lib/python3.6/site-packages/airflow/example_dags/example_external_task_marker_dag.py for tasks to queue
[2024-06-22 00:24:56,053] {logging_mixin.py:104} INFO - [2024-06-22 00:24:56,053] {dagbag.py:451} INFO - Filling up the DagBag from /home/airflow/.local/lib/python3.6/site-packages/airflow/example_dags/example_external_task_marker_dag.py
[2024-06-22 00:24:56,059] {scheduler_job.py:639} INFO - DAG(s) dict_keys(['example_external_task_marker_parent', 'example_external_task_marker_child']) retrieved from /home/airflow/.local/lib/python3.6/site-packages/airflow/example_dags/example_external_task_marker_dag.py
[2024-06-22 00:24:56,074] {logging_mixin.py:104} INFO - [2024-06-22 00:24:56,073] {dag.py:1824} INFO - Sync 2 DAGs
[2024-06-22 00:24:56,081] {logging_mixin.py:104} INFO - [2024-06-22 00:24:56,081] {dag.py:2280} INFO - Setting next_dagrun for example_external_task_marker_child to None
[2024-06-22 00:24:56,082] {logging_mixin.py:104} INFO - [2024-06-22 00:24:56,082] {dag.py:2280} INFO - Setting next_dagrun for example_external_task_marker_parent to None
[2024-06-22 00:24:56,088] {scheduler_job.py:190} INFO - Processing /home/airflow/.local/lib/python3.6/site-packages/airflow/example_dags/example_external_task_marker_dag.py took 0.038 seconds
[2024-06-22 23:26:22,775] {scheduler_job.py:182} INFO - Started process (PID=5548) to work on /home/airflow/.local/lib/python3.6/site-packages/airflow/example_dags/example_external_task_marker_dag.py
[2024-06-22 23:26:22,777] {scheduler_job.py:629} INFO - Processing file /home/airflow/.local/lib/python3.6/site-packages/airflow/example_dags/example_external_task_marker_dag.py for tasks to queue
[2024-06-22 23:26:22,788] {logging_mixin.py:104} INFO - [2024-06-22 23:26:22,788] {dagbag.py:451} INFO - Filling up the DagBag from /home/airflow/.local/lib/python3.6/site-packages/airflow/example_dags/example_external_task_marker_dag.py
[2024-06-22 23:26:22,823] {scheduler_job.py:639} INFO - DAG(s) dict_keys(['example_external_task_marker_parent', 'example_external_task_marker_child']) retrieved from /home/airflow/.local/lib/python3.6/site-packages/airflow/example_dags/example_external_task_marker_dag.py
[2024-06-22 23:26:22,887] {logging_mixin.py:104} INFO - [2024-06-22 23:26:22,887] {dag.py:1824} INFO - Sync 2 DAGs
[2024-06-22 23:26:22,909] {logging_mixin.py:104} INFO - [2024-06-22 23:26:22,909] {dag.py:2280} INFO - Setting next_dagrun for example_external_task_marker_child to None
[2024-06-22 23:26:22,919] {logging_mixin.py:104} INFO - [2024-06-22 23:26:22,918] {dag.py:2280} INFO - Setting next_dagrun for example_external_task_marker_parent to None
[2024-06-22 23:26:22,964] {scheduler_job.py:190} INFO - Processing /home/airflow/.local/lib/python3.6/site-packages/airflow/example_dags/example_external_task_marker_dag.py took 0.195 seconds
[2024-06-22 23:26:53,902] {scheduler_job.py:182} INFO - Started process (PID=5574) to work on /home/airflow/.local/lib/python3.6/site-packages/airflow/example_dags/example_external_task_marker_dag.py
[2024-06-22 23:26:53,903] {scheduler_job.py:629} INFO - Processing file /home/airflow/.local/lib/python3.6/site-packages/airflow/example_dags/example_external_task_marker_dag.py for tasks to queue
[2024-06-22 23:26:53,904] {logging_mixin.py:104} INFO - [2024-06-22 23:26:53,904] {dagbag.py:451} INFO - Filling up the DagBag from /home/airflow/.local/lib/python3.6/site-packages/airflow/example_dags/example_external_task_marker_dag.py
[2024-06-22 23:26:53,910] {scheduler_job.py:639} INFO - DAG(s) dict_keys(['example_external_task_marker_parent', 'example_external_task_marker_child']) retrieved from /home/airflow/.local/lib/python3.6/site-packages/airflow/example_dags/example_external_task_marker_dag.py
[2024-06-22 23:26:53,928] {logging_mixin.py:104} INFO - [2024-06-22 23:26:53,928] {dag.py:1824} INFO - Sync 2 DAGs
[2024-06-22 23:26:53,939] {logging_mixin.py:104} INFO - [2024-06-22 23:26:53,939] {dag.py:2280} INFO - Setting next_dagrun for example_external_task_marker_child to None
[2024-06-22 23:26:53,940] {logging_mixin.py:104} INFO - [2024-06-22 23:26:53,940] {dag.py:2280} INFO - Setting next_dagrun for example_external_task_marker_parent to None
[2024-06-22 23:26:53,947] {scheduler_job.py:190} INFO - Processing /home/airflow/.local/lib/python3.6/site-packages/airflow/example_dags/example_external_task_marker_dag.py took 0.048 seconds
[2024-06-22 23:27:24,744] {scheduler_job.py:182} INFO - Started process (PID=5600) to work on /home/airflow/.local/lib/python3.6/site-packages/airflow/example_dags/example_external_task_marker_dag.py
[2024-06-22 23:27:24,745] {scheduler_job.py:629} INFO - Processing file /home/airflow/.local/lib/python3.6/site-packages/airflow/example_dags/example_external_task_marker_dag.py for tasks to queue
[2024-06-22 23:27:24,745] {logging_mixin.py:104} INFO - [2024-06-22 23:27:24,745] {dagbag.py:451} INFO - Filling up the DagBag from /home/airflow/.local/lib/python3.6/site-packages/airflow/example_dags/example_external_task_marker_dag.py
[2024-06-22 23:27:24,752] {scheduler_job.py:639} INFO - DAG(s) dict_keys(['example_external_task_marker_parent', 'example_external_task_marker_child']) retrieved from /home/airflow/.local/lib/python3.6/site-packages/airflow/example_dags/example_external_task_marker_dag.py
[2024-06-22 23:27:24,766] {logging_mixin.py:104} INFO - [2024-06-22 23:27:24,766] {dag.py:1824} INFO - Sync 2 DAGs
[2024-06-22 23:27:24,774] {logging_mixin.py:104} INFO - [2024-06-22 23:27:24,774] {dag.py:2280} INFO - Setting next_dagrun for example_external_task_marker_child to None
[2024-06-22 23:27:24,775] {logging_mixin.py:104} INFO - [2024-06-22 23:27:24,775] {dag.py:2280} INFO - Setting next_dagrun for example_external_task_marker_parent to None
[2024-06-22 23:27:24,782] {scheduler_job.py:190} INFO - Processing /home/airflow/.local/lib/python3.6/site-packages/airflow/example_dags/example_external_task_marker_dag.py took 0.040 seconds
[2024-06-22 23:27:55,536] {scheduler_job.py:182} INFO - Started process (PID=5626) to work on /home/airflow/.local/lib/python3.6/site-packages/airflow/example_dags/example_external_task_marker_dag.py
[2024-06-22 23:27:55,537] {scheduler_job.py:629} INFO - Processing file /home/airflow/.local/lib/python3.6/site-packages/airflow/example_dags/example_external_task_marker_dag.py for tasks to queue
[2024-06-22 23:27:55,537] {logging_mixin.py:104} INFO - [2024-06-22 23:27:55,537] {dagbag.py:451} INFO - Filling up the DagBag from /home/airflow/.local/lib/python3.6/site-packages/airflow/example_dags/example_external_task_marker_dag.py
[2024-06-22 23:27:55,544] {scheduler_job.py:639} INFO - DAG(s) dict_keys(['example_external_task_marker_parent', 'example_external_task_marker_child']) retrieved from /home/airflow/.local/lib/python3.6/site-packages/airflow/example_dags/example_external_task_marker_dag.py
[2024-06-22 23:27:55,558] {logging_mixin.py:104} INFO - [2024-06-22 23:27:55,558] {dag.py:1824} INFO - Sync 2 DAGs
[2024-06-22 23:27:55,567] {logging_mixin.py:104} INFO - [2024-06-22 23:27:55,567] {dag.py:2280} INFO - Setting next_dagrun for example_external_task_marker_child to None
[2024-06-22 23:27:55,567] {logging_mixin.py:104} INFO - [2024-06-22 23:27:55,567] {dag.py:2280} INFO - Setting next_dagrun for example_external_task_marker_parent to None
[2024-06-22 23:27:55,581] {scheduler_job.py:190} INFO - Processing /home/airflow/.local/lib/python3.6/site-packages/airflow/example_dags/example_external_task_marker_dag.py took 0.046 seconds
[2024-06-22 23:28:26,289] {scheduler_job.py:182} INFO - Started process (PID=5652) to work on /home/airflow/.local/lib/python3.6/site-packages/airflow/example_dags/example_external_task_marker_dag.py
[2024-06-22 23:28:26,290] {scheduler_job.py:629} INFO - Processing file /home/airflow/.local/lib/python3.6/site-packages/airflow/example_dags/example_external_task_marker_dag.py for tasks to queue
[2024-06-22 23:28:26,291] {logging_mixin.py:104} INFO - [2024-06-22 23:28:26,291] {dagbag.py:451} INFO - Filling up the DagBag from /home/airflow/.local/lib/python3.6/site-packages/airflow/example_dags/example_external_task_marker_dag.py
[2024-06-22 23:28:26,297] {scheduler_job.py:639} INFO - DAG(s) dict_keys(['example_external_task_marker_parent', 'example_external_task_marker_child']) retrieved from /home/airflow/.local/lib/python3.6/site-packages/airflow/example_dags/example_external_task_marker_dag.py
[2024-06-22 23:28:26,312] {logging_mixin.py:104} INFO - [2024-06-22 23:28:26,312] {dag.py:1824} INFO - Sync 2 DAGs
[2024-06-22 23:28:26,321] {logging_mixin.py:104} INFO - [2024-06-22 23:28:26,321] {dag.py:2280} INFO - Setting next_dagrun for example_external_task_marker_child to None
[2024-06-22 23:28:26,321] {logging_mixin.py:104} INFO - [2024-06-22 23:28:26,321] {dag.py:2280} INFO - Setting next_dagrun for example_external_task_marker_parent to None
[2024-06-22 23:28:26,331] {scheduler_job.py:190} INFO - Processing /home/airflow/.local/lib/python3.6/site-packages/airflow/example_dags/example_external_task_marker_dag.py took 0.043 seconds
