[2024-06-22 00:00:19,545] {scheduler_job.py:182} INFO - Started process (PID=4255) to work on /home/airflow/.local/lib/python3.6/site-packages/airflow/example_dags/example_xcomargs.py
[2024-06-22 00:00:19,546] {scheduler_job.py:629} INFO - Processing file /home/airflow/.local/lib/python3.6/site-packages/airflow/example_dags/example_xcomargs.py for tasks to queue
[2024-06-22 00:00:19,546] {logging_mixin.py:104} INFO - [2024-06-22 00:00:19,546] {dagbag.py:451} INFO - Filling up the DagBag from /home/airflow/.local/lib/python3.6/site-packages/airflow/example_dags/example_xcomargs.py
[2024-06-22 00:00:19,555] {scheduler_job.py:639} INFO - DAG(s) dict_keys(['example_xcom_args', 'example_xcom_args_with_operators']) retrieved from /home/airflow/.local/lib/python3.6/site-packages/airflow/example_dags/example_xcomargs.py
[2024-06-22 00:00:19,570] {logging_mixin.py:104} INFO - [2024-06-22 00:00:19,570] {dag.py:1824} INFO - Sync 2 DAGs
[2024-06-22 00:00:19,579] {logging_mixin.py:104} INFO - [2024-06-22 00:00:19,579] {dag.py:2280} INFO - Setting next_dagrun for example_xcom_args to None
[2024-06-22 00:00:19,579] {logging_mixin.py:104} INFO - [2024-06-22 00:00:19,579] {dag.py:2280} INFO - Setting next_dagrun for example_xcom_args_with_operators to None
[2024-06-22 00:00:19,587] {scheduler_job.py:190} INFO - Processing /home/airflow/.local/lib/python3.6/site-packages/airflow/example_dags/example_xcomargs.py took 0.044 seconds
[2024-06-22 00:00:50,274] {scheduler_job.py:182} INFO - Started process (PID=4281) to work on /home/airflow/.local/lib/python3.6/site-packages/airflow/example_dags/example_xcomargs.py
[2024-06-22 00:00:50,275] {scheduler_job.py:629} INFO - Processing file /home/airflow/.local/lib/python3.6/site-packages/airflow/example_dags/example_xcomargs.py for tasks to queue
[2024-06-22 00:00:50,275] {logging_mixin.py:104} INFO - [2024-06-22 00:00:50,275] {dagbag.py:451} INFO - Filling up the DagBag from /home/airflow/.local/lib/python3.6/site-packages/airflow/example_dags/example_xcomargs.py
[2024-06-22 00:00:50,284] {scheduler_job.py:639} INFO - DAG(s) dict_keys(['example_xcom_args', 'example_xcom_args_with_operators']) retrieved from /home/airflow/.local/lib/python3.6/site-packages/airflow/example_dags/example_xcomargs.py
[2024-06-22 00:00:50,299] {logging_mixin.py:104} INFO - [2024-06-22 00:00:50,299] {dag.py:1824} INFO - Sync 2 DAGs
[2024-06-22 00:00:50,308] {logging_mixin.py:104} INFO - [2024-06-22 00:00:50,308] {dag.py:2280} INFO - Setting next_dagrun for example_xcom_args to None
[2024-06-22 00:00:50,308] {logging_mixin.py:104} INFO - [2024-06-22 00:00:50,308] {dag.py:2280} INFO - Setting next_dagrun for example_xcom_args_with_operators to None
[2024-06-22 00:00:50,316] {scheduler_job.py:190} INFO - Processing /home/airflow/.local/lib/python3.6/site-packages/airflow/example_dags/example_xcomargs.py took 0.043 seconds
[2024-06-22 00:01:21,110] {scheduler_job.py:182} INFO - Started process (PID=4307) to work on /home/airflow/.local/lib/python3.6/site-packages/airflow/example_dags/example_xcomargs.py
[2024-06-22 00:01:21,111] {scheduler_job.py:629} INFO - Processing file /home/airflow/.local/lib/python3.6/site-packages/airflow/example_dags/example_xcomargs.py for tasks to queue
[2024-06-22 00:01:21,111] {logging_mixin.py:104} INFO - [2024-06-22 00:01:21,111] {dagbag.py:451} INFO - Filling up the DagBag from /home/airflow/.local/lib/python3.6/site-packages/airflow/example_dags/example_xcomargs.py
[2024-06-22 00:01:21,119] {scheduler_job.py:639} INFO - DAG(s) dict_keys(['example_xcom_args', 'example_xcom_args_with_operators']) retrieved from /home/airflow/.local/lib/python3.6/site-packages/airflow/example_dags/example_xcomargs.py
[2024-06-22 00:01:21,133] {logging_mixin.py:104} INFO - [2024-06-22 00:01:21,133] {dag.py:1824} INFO - Sync 2 DAGs
[2024-06-22 00:01:21,141] {logging_mixin.py:104} INFO - [2024-06-22 00:01:21,141] {dag.py:2280} INFO - Setting next_dagrun for example_xcom_args to None
[2024-06-22 00:01:21,142] {logging_mixin.py:104} INFO - [2024-06-22 00:01:21,142] {dag.py:2280} INFO - Setting next_dagrun for example_xcom_args_with_operators to None
[2024-06-22 00:01:21,149] {scheduler_job.py:190} INFO - Processing /home/airflow/.local/lib/python3.6/site-packages/airflow/example_dags/example_xcomargs.py took 0.041 seconds
[2024-06-22 00:01:51,858] {scheduler_job.py:182} INFO - Started process (PID=4333) to work on /home/airflow/.local/lib/python3.6/site-packages/airflow/example_dags/example_xcomargs.py
[2024-06-22 00:01:51,859] {scheduler_job.py:629} INFO - Processing file /home/airflow/.local/lib/python3.6/site-packages/airflow/example_dags/example_xcomargs.py for tasks to queue
[2024-06-22 00:01:51,859] {logging_mixin.py:104} INFO - [2024-06-22 00:01:51,859] {dagbag.py:451} INFO - Filling up the DagBag from /home/airflow/.local/lib/python3.6/site-packages/airflow/example_dags/example_xcomargs.py
[2024-06-22 00:01:51,867] {scheduler_job.py:639} INFO - DAG(s) dict_keys(['example_xcom_args', 'example_xcom_args_with_operators']) retrieved from /home/airflow/.local/lib/python3.6/site-packages/airflow/example_dags/example_xcomargs.py
[2024-06-22 00:01:51,883] {logging_mixin.py:104} INFO - [2024-06-22 00:01:51,882] {dag.py:1824} INFO - Sync 2 DAGs
[2024-06-22 00:01:51,890] {logging_mixin.py:104} INFO - [2024-06-22 00:01:51,890] {dag.py:2280} INFO - Setting next_dagrun for example_xcom_args to None
[2024-06-22 00:01:51,891] {logging_mixin.py:104} INFO - [2024-06-22 00:01:51,891] {dag.py:2280} INFO - Setting next_dagrun for example_xcom_args_with_operators to None
[2024-06-22 00:01:51,898] {scheduler_job.py:190} INFO - Processing /home/airflow/.local/lib/python3.6/site-packages/airflow/example_dags/example_xcomargs.py took 0.042 seconds
[2024-06-22 00:02:22,612] {scheduler_job.py:182} INFO - Started process (PID=4359) to work on /home/airflow/.local/lib/python3.6/site-packages/airflow/example_dags/example_xcomargs.py
[2024-06-22 00:02:22,613] {scheduler_job.py:629} INFO - Processing file /home/airflow/.local/lib/python3.6/site-packages/airflow/example_dags/example_xcomargs.py for tasks to queue
[2024-06-22 00:02:22,613] {logging_mixin.py:104} INFO - [2024-06-22 00:02:22,613] {dagbag.py:451} INFO - Filling up the DagBag from /home/airflow/.local/lib/python3.6/site-packages/airflow/example_dags/example_xcomargs.py
[2024-06-22 00:02:22,621] {scheduler_job.py:639} INFO - DAG(s) dict_keys(['example_xcom_args', 'example_xcom_args_with_operators']) retrieved from /home/airflow/.local/lib/python3.6/site-packages/airflow/example_dags/example_xcomargs.py
[2024-06-22 00:02:22,636] {logging_mixin.py:104} INFO - [2024-06-22 00:02:22,636] {dag.py:1824} INFO - Sync 2 DAGs
[2024-06-22 00:02:22,644] {logging_mixin.py:104} INFO - [2024-06-22 00:02:22,644] {dag.py:2280} INFO - Setting next_dagrun for example_xcom_args to None
[2024-06-22 00:02:22,644] {logging_mixin.py:104} INFO - [2024-06-22 00:02:22,644] {dag.py:2280} INFO - Setting next_dagrun for example_xcom_args_with_operators to None
[2024-06-22 00:02:22,651] {scheduler_job.py:190} INFO - Processing /home/airflow/.local/lib/python3.6/site-packages/airflow/example_dags/example_xcomargs.py took 0.041 seconds
[2024-06-22 00:02:53,359] {scheduler_job.py:182} INFO - Started process (PID=4385) to work on /home/airflow/.local/lib/python3.6/site-packages/airflow/example_dags/example_xcomargs.py
[2024-06-22 00:02:53,359] {scheduler_job.py:629} INFO - Processing file /home/airflow/.local/lib/python3.6/site-packages/airflow/example_dags/example_xcomargs.py for tasks to queue
[2024-06-22 00:02:53,360] {logging_mixin.py:104} INFO - [2024-06-22 00:02:53,360] {dagbag.py:451} INFO - Filling up the DagBag from /home/airflow/.local/lib/python3.6/site-packages/airflow/example_dags/example_xcomargs.py
[2024-06-22 00:02:53,368] {scheduler_job.py:639} INFO - DAG(s) dict_keys(['example_xcom_args', 'example_xcom_args_with_operators']) retrieved from /home/airflow/.local/lib/python3.6/site-packages/airflow/example_dags/example_xcomargs.py
[2024-06-22 00:02:53,384] {logging_mixin.py:104} INFO - [2024-06-22 00:02:53,384] {dag.py:1824} INFO - Sync 2 DAGs
[2024-06-22 00:02:53,392] {logging_mixin.py:104} INFO - [2024-06-22 00:02:53,392] {dag.py:2280} INFO - Setting next_dagrun for example_xcom_args to None
[2024-06-22 00:02:53,392] {logging_mixin.py:104} INFO - [2024-06-22 00:02:53,392] {dag.py:2280} INFO - Setting next_dagrun for example_xcom_args_with_operators to None
[2024-06-22 00:02:53,400] {scheduler_job.py:190} INFO - Processing /home/airflow/.local/lib/python3.6/site-packages/airflow/example_dags/example_xcomargs.py took 0.043 seconds
[2024-06-22 00:03:24,113] {scheduler_job.py:182} INFO - Started process (PID=4411) to work on /home/airflow/.local/lib/python3.6/site-packages/airflow/example_dags/example_xcomargs.py
[2024-06-22 00:03:24,114] {scheduler_job.py:629} INFO - Processing file /home/airflow/.local/lib/python3.6/site-packages/airflow/example_dags/example_xcomargs.py for tasks to queue
[2024-06-22 00:03:24,115] {logging_mixin.py:104} INFO - [2024-06-22 00:03:24,115] {dagbag.py:451} INFO - Filling up the DagBag from /home/airflow/.local/lib/python3.6/site-packages/airflow/example_dags/example_xcomargs.py
[2024-06-22 00:03:24,123] {scheduler_job.py:639} INFO - DAG(s) dict_keys(['example_xcom_args', 'example_xcom_args_with_operators']) retrieved from /home/airflow/.local/lib/python3.6/site-packages/airflow/example_dags/example_xcomargs.py
[2024-06-22 00:03:24,139] {logging_mixin.py:104} INFO - [2024-06-22 00:03:24,139] {dag.py:1824} INFO - Sync 2 DAGs
[2024-06-22 00:03:24,147] {logging_mixin.py:104} INFO - [2024-06-22 00:03:24,147] {dag.py:2280} INFO - Setting next_dagrun for example_xcom_args to None
[2024-06-22 00:03:24,148] {logging_mixin.py:104} INFO - [2024-06-22 00:03:24,148] {dag.py:2280} INFO - Setting next_dagrun for example_xcom_args_with_operators to None
[2024-06-22 00:03:24,155] {scheduler_job.py:190} INFO - Processing /home/airflow/.local/lib/python3.6/site-packages/airflow/example_dags/example_xcomargs.py took 0.044 seconds
[2024-06-22 00:03:54,789] {scheduler_job.py:182} INFO - Started process (PID=4437) to work on /home/airflow/.local/lib/python3.6/site-packages/airflow/example_dags/example_xcomargs.py
[2024-06-22 00:03:54,789] {scheduler_job.py:629} INFO - Processing file /home/airflow/.local/lib/python3.6/site-packages/airflow/example_dags/example_xcomargs.py for tasks to queue
[2024-06-22 00:03:54,790] {logging_mixin.py:104} INFO - [2024-06-22 00:03:54,790] {dagbag.py:451} INFO - Filling up the DagBag from /home/airflow/.local/lib/python3.6/site-packages/airflow/example_dags/example_xcomargs.py
[2024-06-22 00:03:54,798] {scheduler_job.py:639} INFO - DAG(s) dict_keys(['example_xcom_args', 'example_xcom_args_with_operators']) retrieved from /home/airflow/.local/lib/python3.6/site-packages/airflow/example_dags/example_xcomargs.py
[2024-06-22 00:03:54,813] {logging_mixin.py:104} INFO - [2024-06-22 00:03:54,813] {dag.py:1824} INFO - Sync 2 DAGs
[2024-06-22 00:03:54,821] {logging_mixin.py:104} INFO - [2024-06-22 00:03:54,821] {dag.py:2280} INFO - Setting next_dagrun for example_xcom_args to None
[2024-06-22 00:03:54,822] {logging_mixin.py:104} INFO - [2024-06-22 00:03:54,822] {dag.py:2280} INFO - Setting next_dagrun for example_xcom_args_with_operators to None
[2024-06-22 00:03:54,828] {scheduler_job.py:190} INFO - Processing /home/airflow/.local/lib/python3.6/site-packages/airflow/example_dags/example_xcomargs.py took 0.041 seconds
[2024-06-22 00:04:25,513] {scheduler_job.py:182} INFO - Started process (PID=4463) to work on /home/airflow/.local/lib/python3.6/site-packages/airflow/example_dags/example_xcomargs.py
[2024-06-22 00:04:25,513] {scheduler_job.py:629} INFO - Processing file /home/airflow/.local/lib/python3.6/site-packages/airflow/example_dags/example_xcomargs.py for tasks to queue
[2024-06-22 00:04:25,514] {logging_mixin.py:104} INFO - [2024-06-22 00:04:25,514] {dagbag.py:451} INFO - Filling up the DagBag from /home/airflow/.local/lib/python3.6/site-packages/airflow/example_dags/example_xcomargs.py
[2024-06-22 00:04:25,521] {scheduler_job.py:639} INFO - DAG(s) dict_keys(['example_xcom_args', 'example_xcom_args_with_operators']) retrieved from /home/airflow/.local/lib/python3.6/site-packages/airflow/example_dags/example_xcomargs.py
[2024-06-22 00:04:25,537] {logging_mixin.py:104} INFO - [2024-06-22 00:04:25,537] {dag.py:1824} INFO - Sync 2 DAGs
[2024-06-22 00:04:25,545] {logging_mixin.py:104} INFO - [2024-06-22 00:04:25,545] {dag.py:2280} INFO - Setting next_dagrun for example_xcom_args to None
[2024-06-22 00:04:25,545] {logging_mixin.py:104} INFO - [2024-06-22 00:04:25,545] {dag.py:2280} INFO - Setting next_dagrun for example_xcom_args_with_operators to None
[2024-06-22 00:04:25,553] {scheduler_job.py:190} INFO - Processing /home/airflow/.local/lib/python3.6/site-packages/airflow/example_dags/example_xcomargs.py took 0.042 seconds
[2024-06-22 00:04:56,266] {scheduler_job.py:182} INFO - Started process (PID=4489) to work on /home/airflow/.local/lib/python3.6/site-packages/airflow/example_dags/example_xcomargs.py
[2024-06-22 00:04:56,267] {scheduler_job.py:629} INFO - Processing file /home/airflow/.local/lib/python3.6/site-packages/airflow/example_dags/example_xcomargs.py for tasks to queue
[2024-06-22 00:04:56,267] {logging_mixin.py:104} INFO - [2024-06-22 00:04:56,267] {dagbag.py:451} INFO - Filling up the DagBag from /home/airflow/.local/lib/python3.6/site-packages/airflow/example_dags/example_xcomargs.py
[2024-06-22 00:04:56,275] {scheduler_job.py:639} INFO - DAG(s) dict_keys(['example_xcom_args', 'example_xcom_args_with_operators']) retrieved from /home/airflow/.local/lib/python3.6/site-packages/airflow/example_dags/example_xcomargs.py
[2024-06-22 00:04:56,291] {logging_mixin.py:104} INFO - [2024-06-22 00:04:56,291] {dag.py:1824} INFO - Sync 2 DAGs
[2024-06-22 00:04:56,299] {logging_mixin.py:104} INFO - [2024-06-22 00:04:56,299] {dag.py:2280} INFO - Setting next_dagrun for example_xcom_args to None
[2024-06-22 00:04:56,299] {logging_mixin.py:104} INFO - [2024-06-22 00:04:56,299] {dag.py:2280} INFO - Setting next_dagrun for example_xcom_args_with_operators to None
[2024-06-22 00:04:56,305] {scheduler_job.py:190} INFO - Processing /home/airflow/.local/lib/python3.6/site-packages/airflow/example_dags/example_xcomargs.py took 0.041 seconds
[2024-06-22 00:05:26,975] {scheduler_job.py:182} INFO - Started process (PID=4515) to work on /home/airflow/.local/lib/python3.6/site-packages/airflow/example_dags/example_xcomargs.py
[2024-06-22 00:05:26,976] {scheduler_job.py:629} INFO - Processing file /home/airflow/.local/lib/python3.6/site-packages/airflow/example_dags/example_xcomargs.py for tasks to queue
[2024-06-22 00:05:26,976] {logging_mixin.py:104} INFO - [2024-06-22 00:05:26,976] {dagbag.py:451} INFO - Filling up the DagBag from /home/airflow/.local/lib/python3.6/site-packages/airflow/example_dags/example_xcomargs.py
[2024-06-22 00:05:26,985] {scheduler_job.py:639} INFO - DAG(s) dict_keys(['example_xcom_args', 'example_xcom_args_with_operators']) retrieved from /home/airflow/.local/lib/python3.6/site-packages/airflow/example_dags/example_xcomargs.py
[2024-06-22 00:05:27,001] {logging_mixin.py:104} INFO - [2024-06-22 00:05:27,001] {dag.py:1824} INFO - Sync 2 DAGs
[2024-06-22 00:05:27,009] {logging_mixin.py:104} INFO - [2024-06-22 00:05:27,009] {dag.py:2280} INFO - Setting next_dagrun for example_xcom_args to None
[2024-06-22 00:05:27,009] {logging_mixin.py:104} INFO - [2024-06-22 00:05:27,009] {dag.py:2280} INFO - Setting next_dagrun for example_xcom_args_with_operators to None
[2024-06-22 00:05:27,017] {scheduler_job.py:190} INFO - Processing /home/airflow/.local/lib/python3.6/site-packages/airflow/example_dags/example_xcomargs.py took 0.044 seconds
[2024-06-22 00:05:57,735] {scheduler_job.py:182} INFO - Started process (PID=4541) to work on /home/airflow/.local/lib/python3.6/site-packages/airflow/example_dags/example_xcomargs.py
[2024-06-22 00:05:57,736] {scheduler_job.py:629} INFO - Processing file /home/airflow/.local/lib/python3.6/site-packages/airflow/example_dags/example_xcomargs.py for tasks to queue
[2024-06-22 00:05:57,736] {logging_mixin.py:104} INFO - [2024-06-22 00:05:57,736] {dagbag.py:451} INFO - Filling up the DagBag from /home/airflow/.local/lib/python3.6/site-packages/airflow/example_dags/example_xcomargs.py
[2024-06-22 00:05:57,744] {scheduler_job.py:639} INFO - DAG(s) dict_keys(['example_xcom_args', 'example_xcom_args_with_operators']) retrieved from /home/airflow/.local/lib/python3.6/site-packages/airflow/example_dags/example_xcomargs.py
[2024-06-22 00:05:57,759] {logging_mixin.py:104} INFO - [2024-06-22 00:05:57,759] {dag.py:1824} INFO - Sync 2 DAGs
[2024-06-22 00:05:57,767] {logging_mixin.py:104} INFO - [2024-06-22 00:05:57,767] {dag.py:2280} INFO - Setting next_dagrun for example_xcom_args to None
[2024-06-22 00:05:57,768] {logging_mixin.py:104} INFO - [2024-06-22 00:05:57,768] {dag.py:2280} INFO - Setting next_dagrun for example_xcom_args_with_operators to None
[2024-06-22 00:05:57,775] {scheduler_job.py:190} INFO - Processing /home/airflow/.local/lib/python3.6/site-packages/airflow/example_dags/example_xcomargs.py took 0.042 seconds
[2024-06-22 00:06:28,497] {scheduler_job.py:182} INFO - Started process (PID=4567) to work on /home/airflow/.local/lib/python3.6/site-packages/airflow/example_dags/example_xcomargs.py
[2024-06-22 00:06:28,498] {scheduler_job.py:629} INFO - Processing file /home/airflow/.local/lib/python3.6/site-packages/airflow/example_dags/example_xcomargs.py for tasks to queue
[2024-06-22 00:06:28,499] {logging_mixin.py:104} INFO - [2024-06-22 00:06:28,499] {dagbag.py:451} INFO - Filling up the DagBag from /home/airflow/.local/lib/python3.6/site-packages/airflow/example_dags/example_xcomargs.py
[2024-06-22 00:06:28,506] {scheduler_job.py:639} INFO - DAG(s) dict_keys(['example_xcom_args', 'example_xcom_args_with_operators']) retrieved from /home/airflow/.local/lib/python3.6/site-packages/airflow/example_dags/example_xcomargs.py
[2024-06-22 00:06:28,522] {logging_mixin.py:104} INFO - [2024-06-22 00:06:28,522] {dag.py:1824} INFO - Sync 2 DAGs
[2024-06-22 00:06:28,530] {logging_mixin.py:104} INFO - [2024-06-22 00:06:28,530] {dag.py:2280} INFO - Setting next_dagrun for example_xcom_args to None
[2024-06-22 00:06:28,531] {logging_mixin.py:104} INFO - [2024-06-22 00:06:28,530] {dag.py:2280} INFO - Setting next_dagrun for example_xcom_args_with_operators to None
[2024-06-22 00:06:28,537] {scheduler_job.py:190} INFO - Processing /home/airflow/.local/lib/python3.6/site-packages/airflow/example_dags/example_xcomargs.py took 0.041 seconds
[2024-06-22 00:06:59,182] {scheduler_job.py:182} INFO - Started process (PID=4593) to work on /home/airflow/.local/lib/python3.6/site-packages/airflow/example_dags/example_xcomargs.py
[2024-06-22 00:06:59,183] {scheduler_job.py:629} INFO - Processing file /home/airflow/.local/lib/python3.6/site-packages/airflow/example_dags/example_xcomargs.py for tasks to queue
[2024-06-22 00:06:59,183] {logging_mixin.py:104} INFO - [2024-06-22 00:06:59,183] {dagbag.py:451} INFO - Filling up the DagBag from /home/airflow/.local/lib/python3.6/site-packages/airflow/example_dags/example_xcomargs.py
[2024-06-22 00:06:59,191] {scheduler_job.py:639} INFO - DAG(s) dict_keys(['example_xcom_args', 'example_xcom_args_with_operators']) retrieved from /home/airflow/.local/lib/python3.6/site-packages/airflow/example_dags/example_xcomargs.py
[2024-06-22 00:06:59,206] {logging_mixin.py:104} INFO - [2024-06-22 00:06:59,206] {dag.py:1824} INFO - Sync 2 DAGs
[2024-06-22 00:06:59,214] {logging_mixin.py:104} INFO - [2024-06-22 00:06:59,214] {dag.py:2280} INFO - Setting next_dagrun for example_xcom_args to None
[2024-06-22 00:06:59,215] {logging_mixin.py:104} INFO - [2024-06-22 00:06:59,215] {dag.py:2280} INFO - Setting next_dagrun for example_xcom_args_with_operators to None
[2024-06-22 00:06:59,221] {scheduler_job.py:190} INFO - Processing /home/airflow/.local/lib/python3.6/site-packages/airflow/example_dags/example_xcomargs.py took 0.041 seconds
[2024-06-22 00:07:29,850] {scheduler_job.py:182} INFO - Started process (PID=4619) to work on /home/airflow/.local/lib/python3.6/site-packages/airflow/example_dags/example_xcomargs.py
[2024-06-22 00:07:29,851] {scheduler_job.py:629} INFO - Processing file /home/airflow/.local/lib/python3.6/site-packages/airflow/example_dags/example_xcomargs.py for tasks to queue
[2024-06-22 00:07:29,851] {logging_mixin.py:104} INFO - [2024-06-22 00:07:29,851] {dagbag.py:451} INFO - Filling up the DagBag from /home/airflow/.local/lib/python3.6/site-packages/airflow/example_dags/example_xcomargs.py
[2024-06-22 00:07:29,859] {scheduler_job.py:639} INFO - DAG(s) dict_keys(['example_xcom_args', 'example_xcom_args_with_operators']) retrieved from /home/airflow/.local/lib/python3.6/site-packages/airflow/example_dags/example_xcomargs.py
[2024-06-22 00:07:29,875] {logging_mixin.py:104} INFO - [2024-06-22 00:07:29,875] {dag.py:1824} INFO - Sync 2 DAGs
[2024-06-22 00:07:29,883] {logging_mixin.py:104} INFO - [2024-06-22 00:07:29,883] {dag.py:2280} INFO - Setting next_dagrun for example_xcom_args to None
[2024-06-22 00:07:29,883] {logging_mixin.py:104} INFO - [2024-06-22 00:07:29,883] {dag.py:2280} INFO - Setting next_dagrun for example_xcom_args_with_operators to None
[2024-06-22 00:07:29,891] {scheduler_job.py:190} INFO - Processing /home/airflow/.local/lib/python3.6/site-packages/airflow/example_dags/example_xcomargs.py took 0.042 seconds
[2024-06-22 00:08:00,539] {scheduler_job.py:182} INFO - Started process (PID=4645) to work on /home/airflow/.local/lib/python3.6/site-packages/airflow/example_dags/example_xcomargs.py
[2024-06-22 00:08:00,540] {scheduler_job.py:629} INFO - Processing file /home/airflow/.local/lib/python3.6/site-packages/airflow/example_dags/example_xcomargs.py for tasks to queue
[2024-06-22 00:08:00,540] {logging_mixin.py:104} INFO - [2024-06-22 00:08:00,540] {dagbag.py:451} INFO - Filling up the DagBag from /home/airflow/.local/lib/python3.6/site-packages/airflow/example_dags/example_xcomargs.py
[2024-06-22 00:08:00,549] {scheduler_job.py:639} INFO - DAG(s) dict_keys(['example_xcom_args', 'example_xcom_args_with_operators']) retrieved from /home/airflow/.local/lib/python3.6/site-packages/airflow/example_dags/example_xcomargs.py
[2024-06-22 00:08:00,565] {logging_mixin.py:104} INFO - [2024-06-22 00:08:00,564] {dag.py:1824} INFO - Sync 2 DAGs
[2024-06-22 00:08:00,572] {logging_mixin.py:104} INFO - [2024-06-22 00:08:00,572] {dag.py:2280} INFO - Setting next_dagrun for example_xcom_args to None
[2024-06-22 00:08:00,573] {logging_mixin.py:104} INFO - [2024-06-22 00:08:00,573] {dag.py:2280} INFO - Setting next_dagrun for example_xcom_args_with_operators to None
[2024-06-22 00:08:00,580] {scheduler_job.py:190} INFO - Processing /home/airflow/.local/lib/python3.6/site-packages/airflow/example_dags/example_xcomargs.py took 0.042 seconds
[2024-06-22 00:08:31,251] {scheduler_job.py:182} INFO - Started process (PID=4671) to work on /home/airflow/.local/lib/python3.6/site-packages/airflow/example_dags/example_xcomargs.py
[2024-06-22 00:08:31,251] {scheduler_job.py:629} INFO - Processing file /home/airflow/.local/lib/python3.6/site-packages/airflow/example_dags/example_xcomargs.py for tasks to queue
[2024-06-22 00:08:31,252] {logging_mixin.py:104} INFO - [2024-06-22 00:08:31,252] {dagbag.py:451} INFO - Filling up the DagBag from /home/airflow/.local/lib/python3.6/site-packages/airflow/example_dags/example_xcomargs.py
[2024-06-22 00:08:31,260] {scheduler_job.py:639} INFO - DAG(s) dict_keys(['example_xcom_args', 'example_xcom_args_with_operators']) retrieved from /home/airflow/.local/lib/python3.6/site-packages/airflow/example_dags/example_xcomargs.py
[2024-06-22 00:08:31,275] {logging_mixin.py:104} INFO - [2024-06-22 00:08:31,275] {dag.py:1824} INFO - Sync 2 DAGs
[2024-06-22 00:08:31,284] {logging_mixin.py:104} INFO - [2024-06-22 00:08:31,283] {dag.py:2280} INFO - Setting next_dagrun for example_xcom_args to None
[2024-06-22 00:08:31,284] {logging_mixin.py:104} INFO - [2024-06-22 00:08:31,284] {dag.py:2280} INFO - Setting next_dagrun for example_xcom_args_with_operators to None
[2024-06-22 00:08:31,292] {scheduler_job.py:190} INFO - Processing /home/airflow/.local/lib/python3.6/site-packages/airflow/example_dags/example_xcomargs.py took 0.043 seconds
[2024-06-22 00:09:02,013] {scheduler_job.py:182} INFO - Started process (PID=4697) to work on /home/airflow/.local/lib/python3.6/site-packages/airflow/example_dags/example_xcomargs.py
[2024-06-22 00:09:02,013] {scheduler_job.py:629} INFO - Processing file /home/airflow/.local/lib/python3.6/site-packages/airflow/example_dags/example_xcomargs.py for tasks to queue
[2024-06-22 00:09:02,014] {logging_mixin.py:104} INFO - [2024-06-22 00:09:02,014] {dagbag.py:451} INFO - Filling up the DagBag from /home/airflow/.local/lib/python3.6/site-packages/airflow/example_dags/example_xcomargs.py
[2024-06-22 00:09:02,022] {scheduler_job.py:639} INFO - DAG(s) dict_keys(['example_xcom_args', 'example_xcom_args_with_operators']) retrieved from /home/airflow/.local/lib/python3.6/site-packages/airflow/example_dags/example_xcomargs.py
[2024-06-22 00:09:02,038] {logging_mixin.py:104} INFO - [2024-06-22 00:09:02,038] {dag.py:1824} INFO - Sync 2 DAGs
[2024-06-22 00:09:02,046] {logging_mixin.py:104} INFO - [2024-06-22 00:09:02,046] {dag.py:2280} INFO - Setting next_dagrun for example_xcom_args to None
[2024-06-22 00:09:02,047] {logging_mixin.py:104} INFO - [2024-06-22 00:09:02,047] {dag.py:2280} INFO - Setting next_dagrun for example_xcom_args_with_operators to None
[2024-06-22 00:09:02,055] {scheduler_job.py:190} INFO - Processing /home/airflow/.local/lib/python3.6/site-packages/airflow/example_dags/example_xcomargs.py took 0.044 seconds
[2024-06-22 00:09:32,804] {scheduler_job.py:182} INFO - Started process (PID=4723) to work on /home/airflow/.local/lib/python3.6/site-packages/airflow/example_dags/example_xcomargs.py
[2024-06-22 00:09:32,805] {scheduler_job.py:629} INFO - Processing file /home/airflow/.local/lib/python3.6/site-packages/airflow/example_dags/example_xcomargs.py for tasks to queue
[2024-06-22 00:09:32,805] {logging_mixin.py:104} INFO - [2024-06-22 00:09:32,805] {dagbag.py:451} INFO - Filling up the DagBag from /home/airflow/.local/lib/python3.6/site-packages/airflow/example_dags/example_xcomargs.py
[2024-06-22 00:09:32,816] {scheduler_job.py:639} INFO - DAG(s) dict_keys(['example_xcom_args', 'example_xcom_args_with_operators']) retrieved from /home/airflow/.local/lib/python3.6/site-packages/airflow/example_dags/example_xcomargs.py
[2024-06-22 00:09:32,833] {logging_mixin.py:104} INFO - [2024-06-22 00:09:32,833] {dag.py:1824} INFO - Sync 2 DAGs
[2024-06-22 00:09:32,841] {logging_mixin.py:104} INFO - [2024-06-22 00:09:32,841] {dag.py:2280} INFO - Setting next_dagrun for example_xcom_args to None
[2024-06-22 00:09:32,841] {logging_mixin.py:104} INFO - [2024-06-22 00:09:32,841] {dag.py:2280} INFO - Setting next_dagrun for example_xcom_args_with_operators to None
[2024-06-22 00:09:32,848] {scheduler_job.py:190} INFO - Processing /home/airflow/.local/lib/python3.6/site-packages/airflow/example_dags/example_xcomargs.py took 0.047 seconds
[2024-06-22 00:10:03,519] {scheduler_job.py:182} INFO - Started process (PID=4749) to work on /home/airflow/.local/lib/python3.6/site-packages/airflow/example_dags/example_xcomargs.py
[2024-06-22 00:10:03,519] {scheduler_job.py:629} INFO - Processing file /home/airflow/.local/lib/python3.6/site-packages/airflow/example_dags/example_xcomargs.py for tasks to queue
[2024-06-22 00:10:03,520] {logging_mixin.py:104} INFO - [2024-06-22 00:10:03,520] {dagbag.py:451} INFO - Filling up the DagBag from /home/airflow/.local/lib/python3.6/site-packages/airflow/example_dags/example_xcomargs.py
[2024-06-22 00:10:03,528] {scheduler_job.py:639} INFO - DAG(s) dict_keys(['example_xcom_args', 'example_xcom_args_with_operators']) retrieved from /home/airflow/.local/lib/python3.6/site-packages/airflow/example_dags/example_xcomargs.py
[2024-06-22 00:10:03,545] {logging_mixin.py:104} INFO - [2024-06-22 00:10:03,545] {dag.py:1824} INFO - Sync 2 DAGs
[2024-06-22 00:10:03,552] {logging_mixin.py:104} INFO - [2024-06-22 00:10:03,552] {dag.py:2280} INFO - Setting next_dagrun for example_xcom_args to None
[2024-06-22 00:10:03,553] {logging_mixin.py:104} INFO - [2024-06-22 00:10:03,553] {dag.py:2280} INFO - Setting next_dagrun for example_xcom_args_with_operators to None
[2024-06-22 00:10:03,560] {scheduler_job.py:190} INFO - Processing /home/airflow/.local/lib/python3.6/site-packages/airflow/example_dags/example_xcomargs.py took 0.043 seconds
[2024-06-22 00:10:34,276] {scheduler_job.py:182} INFO - Started process (PID=4775) to work on /home/airflow/.local/lib/python3.6/site-packages/airflow/example_dags/example_xcomargs.py
[2024-06-22 00:10:34,277] {scheduler_job.py:629} INFO - Processing file /home/airflow/.local/lib/python3.6/site-packages/airflow/example_dags/example_xcomargs.py for tasks to queue
[2024-06-22 00:10:34,277] {logging_mixin.py:104} INFO - [2024-06-22 00:10:34,277] {dagbag.py:451} INFO - Filling up the DagBag from /home/airflow/.local/lib/python3.6/site-packages/airflow/example_dags/example_xcomargs.py
[2024-06-22 00:10:34,286] {scheduler_job.py:639} INFO - DAG(s) dict_keys(['example_xcom_args', 'example_xcom_args_with_operators']) retrieved from /home/airflow/.local/lib/python3.6/site-packages/airflow/example_dags/example_xcomargs.py
[2024-06-22 00:10:34,301] {logging_mixin.py:104} INFO - [2024-06-22 00:10:34,301] {dag.py:1824} INFO - Sync 2 DAGs
[2024-06-22 00:10:34,309] {logging_mixin.py:104} INFO - [2024-06-22 00:10:34,309] {dag.py:2280} INFO - Setting next_dagrun for example_xcom_args to None
[2024-06-22 00:10:34,310] {logging_mixin.py:104} INFO - [2024-06-22 00:10:34,310] {dag.py:2280} INFO - Setting next_dagrun for example_xcom_args_with_operators to None
[2024-06-22 00:10:34,317] {scheduler_job.py:190} INFO - Processing /home/airflow/.local/lib/python3.6/site-packages/airflow/example_dags/example_xcomargs.py took 0.042 seconds
[2024-06-22 00:11:05,051] {scheduler_job.py:182} INFO - Started process (PID=4801) to work on /home/airflow/.local/lib/python3.6/site-packages/airflow/example_dags/example_xcomargs.py
[2024-06-22 00:11:05,051] {scheduler_job.py:629} INFO - Processing file /home/airflow/.local/lib/python3.6/site-packages/airflow/example_dags/example_xcomargs.py for tasks to queue
[2024-06-22 00:11:05,052] {logging_mixin.py:104} INFO - [2024-06-22 00:11:05,052] {dagbag.py:451} INFO - Filling up the DagBag from /home/airflow/.local/lib/python3.6/site-packages/airflow/example_dags/example_xcomargs.py
[2024-06-22 00:11:05,061] {scheduler_job.py:639} INFO - DAG(s) dict_keys(['example_xcom_args', 'example_xcom_args_with_operators']) retrieved from /home/airflow/.local/lib/python3.6/site-packages/airflow/example_dags/example_xcomargs.py
[2024-06-22 00:11:05,077] {logging_mixin.py:104} INFO - [2024-06-22 00:11:05,077] {dag.py:1824} INFO - Sync 2 DAGs
[2024-06-22 00:11:05,086] {logging_mixin.py:104} INFO - [2024-06-22 00:11:05,086] {dag.py:2280} INFO - Setting next_dagrun for example_xcom_args to None
[2024-06-22 00:11:05,087] {logging_mixin.py:104} INFO - [2024-06-22 00:11:05,087] {dag.py:2280} INFO - Setting next_dagrun for example_xcom_args_with_operators to None
[2024-06-22 00:11:05,094] {scheduler_job.py:190} INFO - Processing /home/airflow/.local/lib/python3.6/site-packages/airflow/example_dags/example_xcomargs.py took 0.045 seconds
[2024-06-22 00:11:35,816] {scheduler_job.py:182} INFO - Started process (PID=4827) to work on /home/airflow/.local/lib/python3.6/site-packages/airflow/example_dags/example_xcomargs.py
[2024-06-22 00:11:35,817] {scheduler_job.py:629} INFO - Processing file /home/airflow/.local/lib/python3.6/site-packages/airflow/example_dags/example_xcomargs.py for tasks to queue
[2024-06-22 00:11:35,818] {logging_mixin.py:104} INFO - [2024-06-22 00:11:35,818] {dagbag.py:451} INFO - Filling up the DagBag from /home/airflow/.local/lib/python3.6/site-packages/airflow/example_dags/example_xcomargs.py
[2024-06-22 00:11:35,826] {scheduler_job.py:639} INFO - DAG(s) dict_keys(['example_xcom_args', 'example_xcom_args_with_operators']) retrieved from /home/airflow/.local/lib/python3.6/site-packages/airflow/example_dags/example_xcomargs.py
[2024-06-22 00:11:35,841] {logging_mixin.py:104} INFO - [2024-06-22 00:11:35,841] {dag.py:1824} INFO - Sync 2 DAGs
[2024-06-22 00:11:35,851] {logging_mixin.py:104} INFO - [2024-06-22 00:11:35,851] {dag.py:2280} INFO - Setting next_dagrun for example_xcom_args to None
[2024-06-22 00:11:35,851] {logging_mixin.py:104} INFO - [2024-06-22 00:11:35,851] {dag.py:2280} INFO - Setting next_dagrun for example_xcom_args_with_operators to None
[2024-06-22 00:11:35,858] {scheduler_job.py:190} INFO - Processing /home/airflow/.local/lib/python3.6/site-packages/airflow/example_dags/example_xcomargs.py took 0.043 seconds
[2024-06-22 00:12:06,606] {scheduler_job.py:182} INFO - Started process (PID=4853) to work on /home/airflow/.local/lib/python3.6/site-packages/airflow/example_dags/example_xcomargs.py
[2024-06-22 00:12:06,607] {scheduler_job.py:629} INFO - Processing file /home/airflow/.local/lib/python3.6/site-packages/airflow/example_dags/example_xcomargs.py for tasks to queue
[2024-06-22 00:12:06,607] {logging_mixin.py:104} INFO - [2024-06-22 00:12:06,607] {dagbag.py:451} INFO - Filling up the DagBag from /home/airflow/.local/lib/python3.6/site-packages/airflow/example_dags/example_xcomargs.py
[2024-06-22 00:12:06,617] {scheduler_job.py:639} INFO - DAG(s) dict_keys(['example_xcom_args', 'example_xcom_args_with_operators']) retrieved from /home/airflow/.local/lib/python3.6/site-packages/airflow/example_dags/example_xcomargs.py
[2024-06-22 00:12:06,632] {logging_mixin.py:104} INFO - [2024-06-22 00:12:06,632] {dag.py:1824} INFO - Sync 2 DAGs
[2024-06-22 00:12:06,640] {logging_mixin.py:104} INFO - [2024-06-22 00:12:06,640] {dag.py:2280} INFO - Setting next_dagrun for example_xcom_args to None
[2024-06-22 00:12:06,641] {logging_mixin.py:104} INFO - [2024-06-22 00:12:06,641] {dag.py:2280} INFO - Setting next_dagrun for example_xcom_args_with_operators to None
[2024-06-22 00:12:06,647] {scheduler_job.py:190} INFO - Processing /home/airflow/.local/lib/python3.6/site-packages/airflow/example_dags/example_xcomargs.py took 0.043 seconds
[2024-06-22 00:12:37,304] {scheduler_job.py:182} INFO - Started process (PID=4879) to work on /home/airflow/.local/lib/python3.6/site-packages/airflow/example_dags/example_xcomargs.py
[2024-06-22 00:12:37,305] {scheduler_job.py:629} INFO - Processing file /home/airflow/.local/lib/python3.6/site-packages/airflow/example_dags/example_xcomargs.py for tasks to queue
[2024-06-22 00:12:37,306] {logging_mixin.py:104} INFO - [2024-06-22 00:12:37,306] {dagbag.py:451} INFO - Filling up the DagBag from /home/airflow/.local/lib/python3.6/site-packages/airflow/example_dags/example_xcomargs.py
[2024-06-22 00:12:37,314] {scheduler_job.py:639} INFO - DAG(s) dict_keys(['example_xcom_args', 'example_xcom_args_with_operators']) retrieved from /home/airflow/.local/lib/python3.6/site-packages/airflow/example_dags/example_xcomargs.py
[2024-06-22 00:12:37,331] {logging_mixin.py:104} INFO - [2024-06-22 00:12:37,331] {dag.py:1824} INFO - Sync 2 DAGs
[2024-06-22 00:12:37,339] {logging_mixin.py:104} INFO - [2024-06-22 00:12:37,339] {dag.py:2280} INFO - Setting next_dagrun for example_xcom_args to None
[2024-06-22 00:12:37,340] {logging_mixin.py:104} INFO - [2024-06-22 00:12:37,340] {dag.py:2280} INFO - Setting next_dagrun for example_xcom_args_with_operators to None
[2024-06-22 00:12:37,349] {scheduler_job.py:190} INFO - Processing /home/airflow/.local/lib/python3.6/site-packages/airflow/example_dags/example_xcomargs.py took 0.046 seconds
[2024-06-22 00:13:08,128] {scheduler_job.py:182} INFO - Started process (PID=4905) to work on /home/airflow/.local/lib/python3.6/site-packages/airflow/example_dags/example_xcomargs.py
[2024-06-22 00:13:08,129] {scheduler_job.py:629} INFO - Processing file /home/airflow/.local/lib/python3.6/site-packages/airflow/example_dags/example_xcomargs.py for tasks to queue
[2024-06-22 00:13:08,129] {logging_mixin.py:104} INFO - [2024-06-22 00:13:08,129] {dagbag.py:451} INFO - Filling up the DagBag from /home/airflow/.local/lib/python3.6/site-packages/airflow/example_dags/example_xcomargs.py
[2024-06-22 00:13:08,137] {scheduler_job.py:639} INFO - DAG(s) dict_keys(['example_xcom_args', 'example_xcom_args_with_operators']) retrieved from /home/airflow/.local/lib/python3.6/site-packages/airflow/example_dags/example_xcomargs.py
[2024-06-22 00:13:08,153] {logging_mixin.py:104} INFO - [2024-06-22 00:13:08,153] {dag.py:1824} INFO - Sync 2 DAGs
[2024-06-22 00:13:08,161] {logging_mixin.py:104} INFO - [2024-06-22 00:13:08,161] {dag.py:2280} INFO - Setting next_dagrun for example_xcom_args to None
[2024-06-22 00:13:08,162] {logging_mixin.py:104} INFO - [2024-06-22 00:13:08,162] {dag.py:2280} INFO - Setting next_dagrun for example_xcom_args_with_operators to None
[2024-06-22 00:13:08,170] {scheduler_job.py:190} INFO - Processing /home/airflow/.local/lib/python3.6/site-packages/airflow/example_dags/example_xcomargs.py took 0.043 seconds
[2024-06-22 00:13:38,895] {scheduler_job.py:182} INFO - Started process (PID=4931) to work on /home/airflow/.local/lib/python3.6/site-packages/airflow/example_dags/example_xcomargs.py
[2024-06-22 00:13:38,895] {scheduler_job.py:629} INFO - Processing file /home/airflow/.local/lib/python3.6/site-packages/airflow/example_dags/example_xcomargs.py for tasks to queue
[2024-06-22 00:13:38,896] {logging_mixin.py:104} INFO - [2024-06-22 00:13:38,896] {dagbag.py:451} INFO - Filling up the DagBag from /home/airflow/.local/lib/python3.6/site-packages/airflow/example_dags/example_xcomargs.py
[2024-06-22 00:13:38,904] {scheduler_job.py:639} INFO - DAG(s) dict_keys(['example_xcom_args', 'example_xcom_args_with_operators']) retrieved from /home/airflow/.local/lib/python3.6/site-packages/airflow/example_dags/example_xcomargs.py
[2024-06-22 00:13:38,920] {logging_mixin.py:104} INFO - [2024-06-22 00:13:38,920] {dag.py:1824} INFO - Sync 2 DAGs
[2024-06-22 00:13:38,928] {logging_mixin.py:104} INFO - [2024-06-22 00:13:38,928] {dag.py:2280} INFO - Setting next_dagrun for example_xcom_args to None
[2024-06-22 00:13:38,929] {logging_mixin.py:104} INFO - [2024-06-22 00:13:38,928] {dag.py:2280} INFO - Setting next_dagrun for example_xcom_args_with_operators to None
[2024-06-22 00:13:38,935] {scheduler_job.py:190} INFO - Processing /home/airflow/.local/lib/python3.6/site-packages/airflow/example_dags/example_xcomargs.py took 0.042 seconds
[2024-06-22 00:14:09,579] {scheduler_job.py:182} INFO - Started process (PID=4957) to work on /home/airflow/.local/lib/python3.6/site-packages/airflow/example_dags/example_xcomargs.py
[2024-06-22 00:14:09,579] {scheduler_job.py:629} INFO - Processing file /home/airflow/.local/lib/python3.6/site-packages/airflow/example_dags/example_xcomargs.py for tasks to queue
[2024-06-22 00:14:09,580] {logging_mixin.py:104} INFO - [2024-06-22 00:14:09,580] {dagbag.py:451} INFO - Filling up the DagBag from /home/airflow/.local/lib/python3.6/site-packages/airflow/example_dags/example_xcomargs.py
[2024-06-22 00:14:09,588] {scheduler_job.py:639} INFO - DAG(s) dict_keys(['example_xcom_args', 'example_xcom_args_with_operators']) retrieved from /home/airflow/.local/lib/python3.6/site-packages/airflow/example_dags/example_xcomargs.py
[2024-06-22 00:14:09,603] {logging_mixin.py:104} INFO - [2024-06-22 00:14:09,603] {dag.py:1824} INFO - Sync 2 DAGs
[2024-06-22 00:14:09,611] {logging_mixin.py:104} INFO - [2024-06-22 00:14:09,611] {dag.py:2280} INFO - Setting next_dagrun for example_xcom_args to None
[2024-06-22 00:14:09,612] {logging_mixin.py:104} INFO - [2024-06-22 00:14:09,612] {dag.py:2280} INFO - Setting next_dagrun for example_xcom_args_with_operators to None
[2024-06-22 00:14:09,618] {scheduler_job.py:190} INFO - Processing /home/airflow/.local/lib/python3.6/site-packages/airflow/example_dags/example_xcomargs.py took 0.041 seconds
[2024-06-22 00:14:40,372] {scheduler_job.py:182} INFO - Started process (PID=4983) to work on /home/airflow/.local/lib/python3.6/site-packages/airflow/example_dags/example_xcomargs.py
[2024-06-22 00:14:40,372] {scheduler_job.py:629} INFO - Processing file /home/airflow/.local/lib/python3.6/site-packages/airflow/example_dags/example_xcomargs.py for tasks to queue
[2024-06-22 00:14:40,373] {logging_mixin.py:104} INFO - [2024-06-22 00:14:40,373] {dagbag.py:451} INFO - Filling up the DagBag from /home/airflow/.local/lib/python3.6/site-packages/airflow/example_dags/example_xcomargs.py
[2024-06-22 00:14:40,382] {scheduler_job.py:639} INFO - DAG(s) dict_keys(['example_xcom_args', 'example_xcom_args_with_operators']) retrieved from /home/airflow/.local/lib/python3.6/site-packages/airflow/example_dags/example_xcomargs.py
[2024-06-22 00:14:40,397] {logging_mixin.py:104} INFO - [2024-06-22 00:14:40,397] {dag.py:1824} INFO - Sync 2 DAGs
[2024-06-22 00:14:40,405] {logging_mixin.py:104} INFO - [2024-06-22 00:14:40,405] {dag.py:2280} INFO - Setting next_dagrun for example_xcom_args to None
[2024-06-22 00:14:40,405] {logging_mixin.py:104} INFO - [2024-06-22 00:14:40,405] {dag.py:2280} INFO - Setting next_dagrun for example_xcom_args_with_operators to None
[2024-06-22 00:14:40,413] {scheduler_job.py:190} INFO - Processing /home/airflow/.local/lib/python3.6/site-packages/airflow/example_dags/example_xcomargs.py took 0.043 seconds
[2024-06-22 00:15:11,202] {scheduler_job.py:182} INFO - Started process (PID=5009) to work on /home/airflow/.local/lib/python3.6/site-packages/airflow/example_dags/example_xcomargs.py
[2024-06-22 00:15:11,202] {scheduler_job.py:629} INFO - Processing file /home/airflow/.local/lib/python3.6/site-packages/airflow/example_dags/example_xcomargs.py for tasks to queue
[2024-06-22 00:15:11,203] {logging_mixin.py:104} INFO - [2024-06-22 00:15:11,203] {dagbag.py:451} INFO - Filling up the DagBag from /home/airflow/.local/lib/python3.6/site-packages/airflow/example_dags/example_xcomargs.py
[2024-06-22 00:15:11,211] {scheduler_job.py:639} INFO - DAG(s) dict_keys(['example_xcom_args', 'example_xcom_args_with_operators']) retrieved from /home/airflow/.local/lib/python3.6/site-packages/airflow/example_dags/example_xcomargs.py
[2024-06-22 00:15:11,226] {logging_mixin.py:104} INFO - [2024-06-22 00:15:11,226] {dag.py:1824} INFO - Sync 2 DAGs
[2024-06-22 00:15:11,234] {logging_mixin.py:104} INFO - [2024-06-22 00:15:11,234] {dag.py:2280} INFO - Setting next_dagrun for example_xcom_args to None
[2024-06-22 00:15:11,235] {logging_mixin.py:104} INFO - [2024-06-22 00:15:11,235] {dag.py:2280} INFO - Setting next_dagrun for example_xcom_args_with_operators to None
[2024-06-22 00:15:11,241] {scheduler_job.py:190} INFO - Processing /home/airflow/.local/lib/python3.6/site-packages/airflow/example_dags/example_xcomargs.py took 0.041 seconds
[2024-06-22 00:15:41,885] {scheduler_job.py:182} INFO - Started process (PID=5035) to work on /home/airflow/.local/lib/python3.6/site-packages/airflow/example_dags/example_xcomargs.py
[2024-06-22 00:15:41,886] {scheduler_job.py:629} INFO - Processing file /home/airflow/.local/lib/python3.6/site-packages/airflow/example_dags/example_xcomargs.py for tasks to queue
[2024-06-22 00:15:41,886] {logging_mixin.py:104} INFO - [2024-06-22 00:15:41,886] {dagbag.py:451} INFO - Filling up the DagBag from /home/airflow/.local/lib/python3.6/site-packages/airflow/example_dags/example_xcomargs.py
[2024-06-22 00:15:41,894] {scheduler_job.py:639} INFO - DAG(s) dict_keys(['example_xcom_args', 'example_xcom_args_with_operators']) retrieved from /home/airflow/.local/lib/python3.6/site-packages/airflow/example_dags/example_xcomargs.py
[2024-06-22 00:15:41,909] {logging_mixin.py:104} INFO - [2024-06-22 00:15:41,909] {dag.py:1824} INFO - Sync 2 DAGs
[2024-06-22 00:15:41,918] {logging_mixin.py:104} INFO - [2024-06-22 00:15:41,917] {dag.py:2280} INFO - Setting next_dagrun for example_xcom_args to None
[2024-06-22 00:15:41,918] {logging_mixin.py:104} INFO - [2024-06-22 00:15:41,918] {dag.py:2280} INFO - Setting next_dagrun for example_xcom_args_with_operators to None
[2024-06-22 00:15:41,926] {scheduler_job.py:190} INFO - Processing /home/airflow/.local/lib/python3.6/site-packages/airflow/example_dags/example_xcomargs.py took 0.043 seconds
[2024-06-22 00:16:12,726] {scheduler_job.py:182} INFO - Started process (PID=5061) to work on /home/airflow/.local/lib/python3.6/site-packages/airflow/example_dags/example_xcomargs.py
[2024-06-22 00:16:12,727] {scheduler_job.py:629} INFO - Processing file /home/airflow/.local/lib/python3.6/site-packages/airflow/example_dags/example_xcomargs.py for tasks to queue
[2024-06-22 00:16:12,728] {logging_mixin.py:104} INFO - [2024-06-22 00:16:12,727] {dagbag.py:451} INFO - Filling up the DagBag from /home/airflow/.local/lib/python3.6/site-packages/airflow/example_dags/example_xcomargs.py
[2024-06-22 00:16:12,736] {scheduler_job.py:639} INFO - DAG(s) dict_keys(['example_xcom_args', 'example_xcom_args_with_operators']) retrieved from /home/airflow/.local/lib/python3.6/site-packages/airflow/example_dags/example_xcomargs.py
[2024-06-22 00:16:12,750] {logging_mixin.py:104} INFO - [2024-06-22 00:16:12,750] {dag.py:1824} INFO - Sync 2 DAGs
[2024-06-22 00:16:12,758] {logging_mixin.py:104} INFO - [2024-06-22 00:16:12,758] {dag.py:2280} INFO - Setting next_dagrun for example_xcom_args to None
[2024-06-22 00:16:12,759] {logging_mixin.py:104} INFO - [2024-06-22 00:16:12,759] {dag.py:2280} INFO - Setting next_dagrun for example_xcom_args_with_operators to None
[2024-06-22 00:16:12,765] {scheduler_job.py:190} INFO - Processing /home/airflow/.local/lib/python3.6/site-packages/airflow/example_dags/example_xcomargs.py took 0.041 seconds
[2024-06-22 00:16:43,431] {scheduler_job.py:182} INFO - Started process (PID=5087) to work on /home/airflow/.local/lib/python3.6/site-packages/airflow/example_dags/example_xcomargs.py
[2024-06-22 00:16:43,432] {scheduler_job.py:629} INFO - Processing file /home/airflow/.local/lib/python3.6/site-packages/airflow/example_dags/example_xcomargs.py for tasks to queue
[2024-06-22 00:16:43,432] {logging_mixin.py:104} INFO - [2024-06-22 00:16:43,432] {dagbag.py:451} INFO - Filling up the DagBag from /home/airflow/.local/lib/python3.6/site-packages/airflow/example_dags/example_xcomargs.py
[2024-06-22 00:16:43,440] {scheduler_job.py:639} INFO - DAG(s) dict_keys(['example_xcom_args', 'example_xcom_args_with_operators']) retrieved from /home/airflow/.local/lib/python3.6/site-packages/airflow/example_dags/example_xcomargs.py
[2024-06-22 00:16:43,457] {logging_mixin.py:104} INFO - [2024-06-22 00:16:43,457] {dag.py:1824} INFO - Sync 2 DAGs
[2024-06-22 00:16:43,465] {logging_mixin.py:104} INFO - [2024-06-22 00:16:43,465] {dag.py:2280} INFO - Setting next_dagrun for example_xcom_args to None
[2024-06-22 00:16:43,466] {logging_mixin.py:104} INFO - [2024-06-22 00:16:43,466] {dag.py:2280} INFO - Setting next_dagrun for example_xcom_args_with_operators to None
[2024-06-22 00:16:43,473] {scheduler_job.py:190} INFO - Processing /home/airflow/.local/lib/python3.6/site-packages/airflow/example_dags/example_xcomargs.py took 0.044 seconds
[2024-06-22 00:17:14,192] {scheduler_job.py:182} INFO - Started process (PID=5113) to work on /home/airflow/.local/lib/python3.6/site-packages/airflow/example_dags/example_xcomargs.py
[2024-06-22 00:17:14,193] {scheduler_job.py:629} INFO - Processing file /home/airflow/.local/lib/python3.6/site-packages/airflow/example_dags/example_xcomargs.py for tasks to queue
[2024-06-22 00:17:14,193] {logging_mixin.py:104} INFO - [2024-06-22 00:17:14,193] {dagbag.py:451} INFO - Filling up the DagBag from /home/airflow/.local/lib/python3.6/site-packages/airflow/example_dags/example_xcomargs.py
[2024-06-22 00:17:14,201] {scheduler_job.py:639} INFO - DAG(s) dict_keys(['example_xcom_args', 'example_xcom_args_with_operators']) retrieved from /home/airflow/.local/lib/python3.6/site-packages/airflow/example_dags/example_xcomargs.py
[2024-06-22 00:17:14,217] {logging_mixin.py:104} INFO - [2024-06-22 00:17:14,217] {dag.py:1824} INFO - Sync 2 DAGs
[2024-06-22 00:17:14,225] {logging_mixin.py:104} INFO - [2024-06-22 00:17:14,225] {dag.py:2280} INFO - Setting next_dagrun for example_xcom_args to None
[2024-06-22 00:17:14,226] {logging_mixin.py:104} INFO - [2024-06-22 00:17:14,226] {dag.py:2280} INFO - Setting next_dagrun for example_xcom_args_with_operators to None
[2024-06-22 00:17:14,234] {scheduler_job.py:190} INFO - Processing /home/airflow/.local/lib/python3.6/site-packages/airflow/example_dags/example_xcomargs.py took 0.043 seconds
[2024-06-22 00:17:44,980] {scheduler_job.py:182} INFO - Started process (PID=5139) to work on /home/airflow/.local/lib/python3.6/site-packages/airflow/example_dags/example_xcomargs.py
[2024-06-22 00:17:44,981] {scheduler_job.py:629} INFO - Processing file /home/airflow/.local/lib/python3.6/site-packages/airflow/example_dags/example_xcomargs.py for tasks to queue
[2024-06-22 00:17:44,981] {logging_mixin.py:104} INFO - [2024-06-22 00:17:44,981] {dagbag.py:451} INFO - Filling up the DagBag from /home/airflow/.local/lib/python3.6/site-packages/airflow/example_dags/example_xcomargs.py
[2024-06-22 00:17:44,992] {scheduler_job.py:639} INFO - DAG(s) dict_keys(['example_xcom_args', 'example_xcom_args_with_operators']) retrieved from /home/airflow/.local/lib/python3.6/site-packages/airflow/example_dags/example_xcomargs.py
[2024-06-22 00:17:45,006] {logging_mixin.py:104} INFO - [2024-06-22 00:17:45,006] {dag.py:1824} INFO - Sync 2 DAGs
[2024-06-22 00:17:45,018] {logging_mixin.py:104} INFO - [2024-06-22 00:17:45,018] {dag.py:2280} INFO - Setting next_dagrun for example_xcom_args to None
[2024-06-22 00:17:45,018] {logging_mixin.py:104} INFO - [2024-06-22 00:17:45,018] {dag.py:2280} INFO - Setting next_dagrun for example_xcom_args_with_operators to None
[2024-06-22 00:17:45,025] {scheduler_job.py:190} INFO - Processing /home/airflow/.local/lib/python3.6/site-packages/airflow/example_dags/example_xcomargs.py took 0.047 seconds
[2024-06-22 00:18:15,750] {scheduler_job.py:182} INFO - Started process (PID=5165) to work on /home/airflow/.local/lib/python3.6/site-packages/airflow/example_dags/example_xcomargs.py
[2024-06-22 00:18:15,751] {scheduler_job.py:629} INFO - Processing file /home/airflow/.local/lib/python3.6/site-packages/airflow/example_dags/example_xcomargs.py for tasks to queue
[2024-06-22 00:18:15,751] {logging_mixin.py:104} INFO - [2024-06-22 00:18:15,751] {dagbag.py:451} INFO - Filling up the DagBag from /home/airflow/.local/lib/python3.6/site-packages/airflow/example_dags/example_xcomargs.py
[2024-06-22 00:18:15,759] {scheduler_job.py:639} INFO - DAG(s) dict_keys(['example_xcom_args', 'example_xcom_args_with_operators']) retrieved from /home/airflow/.local/lib/python3.6/site-packages/airflow/example_dags/example_xcomargs.py
[2024-06-22 00:18:15,774] {logging_mixin.py:104} INFO - [2024-06-22 00:18:15,774] {dag.py:1824} INFO - Sync 2 DAGs
[2024-06-22 00:18:15,783] {logging_mixin.py:104} INFO - [2024-06-22 00:18:15,783] {dag.py:2280} INFO - Setting next_dagrun for example_xcom_args to None
[2024-06-22 00:18:15,783] {logging_mixin.py:104} INFO - [2024-06-22 00:18:15,783] {dag.py:2280} INFO - Setting next_dagrun for example_xcom_args_with_operators to None
[2024-06-22 00:18:15,791] {scheduler_job.py:190} INFO - Processing /home/airflow/.local/lib/python3.6/site-packages/airflow/example_dags/example_xcomargs.py took 0.042 seconds
[2024-06-22 00:18:46,506] {scheduler_job.py:182} INFO - Started process (PID=5191) to work on /home/airflow/.local/lib/python3.6/site-packages/airflow/example_dags/example_xcomargs.py
[2024-06-22 00:18:46,506] {scheduler_job.py:629} INFO - Processing file /home/airflow/.local/lib/python3.6/site-packages/airflow/example_dags/example_xcomargs.py for tasks to queue
[2024-06-22 00:18:46,507] {logging_mixin.py:104} INFO - [2024-06-22 00:18:46,507] {dagbag.py:451} INFO - Filling up the DagBag from /home/airflow/.local/lib/python3.6/site-packages/airflow/example_dags/example_xcomargs.py
[2024-06-22 00:18:46,515] {scheduler_job.py:639} INFO - DAG(s) dict_keys(['example_xcom_args', 'example_xcom_args_with_operators']) retrieved from /home/airflow/.local/lib/python3.6/site-packages/airflow/example_dags/example_xcomargs.py
[2024-06-22 00:18:46,531] {logging_mixin.py:104} INFO - [2024-06-22 00:18:46,531] {dag.py:1824} INFO - Sync 2 DAGs
[2024-06-22 00:18:46,539] {logging_mixin.py:104} INFO - [2024-06-22 00:18:46,539] {dag.py:2280} INFO - Setting next_dagrun for example_xcom_args to None
[2024-06-22 00:18:46,540] {logging_mixin.py:104} INFO - [2024-06-22 00:18:46,539] {dag.py:2280} INFO - Setting next_dagrun for example_xcom_args_with_operators to None
[2024-06-22 00:18:46,547] {scheduler_job.py:190} INFO - Processing /home/airflow/.local/lib/python3.6/site-packages/airflow/example_dags/example_xcomargs.py took 0.043 seconds
[2024-06-22 00:19:17,265] {scheduler_job.py:182} INFO - Started process (PID=5217) to work on /home/airflow/.local/lib/python3.6/site-packages/airflow/example_dags/example_xcomargs.py
[2024-06-22 00:19:17,266] {scheduler_job.py:629} INFO - Processing file /home/airflow/.local/lib/python3.6/site-packages/airflow/example_dags/example_xcomargs.py for tasks to queue
[2024-06-22 00:19:17,267] {logging_mixin.py:104} INFO - [2024-06-22 00:19:17,267] {dagbag.py:451} INFO - Filling up the DagBag from /home/airflow/.local/lib/python3.6/site-packages/airflow/example_dags/example_xcomargs.py
[2024-06-22 00:19:17,275] {scheduler_job.py:639} INFO - DAG(s) dict_keys(['example_xcom_args', 'example_xcom_args_with_operators']) retrieved from /home/airflow/.local/lib/python3.6/site-packages/airflow/example_dags/example_xcomargs.py
[2024-06-22 00:19:17,289] {logging_mixin.py:104} INFO - [2024-06-22 00:19:17,289] {dag.py:1824} INFO - Sync 2 DAGs
[2024-06-22 00:19:17,297] {logging_mixin.py:104} INFO - [2024-06-22 00:19:17,297] {dag.py:2280} INFO - Setting next_dagrun for example_xcom_args to None
[2024-06-22 00:19:17,298] {logging_mixin.py:104} INFO - [2024-06-22 00:19:17,298] {dag.py:2280} INFO - Setting next_dagrun for example_xcom_args_with_operators to None
[2024-06-22 00:19:17,305] {scheduler_job.py:190} INFO - Processing /home/airflow/.local/lib/python3.6/site-packages/airflow/example_dags/example_xcomargs.py took 0.041 seconds
[2024-06-22 00:19:48,039] {scheduler_job.py:182} INFO - Started process (PID=5243) to work on /home/airflow/.local/lib/python3.6/site-packages/airflow/example_dags/example_xcomargs.py
[2024-06-22 00:19:48,040] {scheduler_job.py:629} INFO - Processing file /home/airflow/.local/lib/python3.6/site-packages/airflow/example_dags/example_xcomargs.py for tasks to queue
[2024-06-22 00:19:48,040] {logging_mixin.py:104} INFO - [2024-06-22 00:19:48,040] {dagbag.py:451} INFO - Filling up the DagBag from /home/airflow/.local/lib/python3.6/site-packages/airflow/example_dags/example_xcomargs.py
[2024-06-22 00:19:48,048] {scheduler_job.py:639} INFO - DAG(s) dict_keys(['example_xcom_args', 'example_xcom_args_with_operators']) retrieved from /home/airflow/.local/lib/python3.6/site-packages/airflow/example_dags/example_xcomargs.py
[2024-06-22 00:19:48,063] {logging_mixin.py:104} INFO - [2024-06-22 00:19:48,063] {dag.py:1824} INFO - Sync 2 DAGs
[2024-06-22 00:19:48,072] {logging_mixin.py:104} INFO - [2024-06-22 00:19:48,072] {dag.py:2280} INFO - Setting next_dagrun for example_xcom_args to None
[2024-06-22 00:19:48,072] {logging_mixin.py:104} INFO - [2024-06-22 00:19:48,072] {dag.py:2280} INFO - Setting next_dagrun for example_xcom_args_with_operators to None
[2024-06-22 00:19:48,080] {scheduler_job.py:190} INFO - Processing /home/airflow/.local/lib/python3.6/site-packages/airflow/example_dags/example_xcomargs.py took 0.043 seconds
[2024-06-22 00:20:18,797] {scheduler_job.py:182} INFO - Started process (PID=5269) to work on /home/airflow/.local/lib/python3.6/site-packages/airflow/example_dags/example_xcomargs.py
[2024-06-22 00:20:18,798] {scheduler_job.py:629} INFO - Processing file /home/airflow/.local/lib/python3.6/site-packages/airflow/example_dags/example_xcomargs.py for tasks to queue
[2024-06-22 00:20:18,799] {logging_mixin.py:104} INFO - [2024-06-22 00:20:18,798] {dagbag.py:451} INFO - Filling up the DagBag from /home/airflow/.local/lib/python3.6/site-packages/airflow/example_dags/example_xcomargs.py
[2024-06-22 00:20:18,806] {scheduler_job.py:639} INFO - DAG(s) dict_keys(['example_xcom_args', 'example_xcom_args_with_operators']) retrieved from /home/airflow/.local/lib/python3.6/site-packages/airflow/example_dags/example_xcomargs.py
[2024-06-22 00:20:18,822] {logging_mixin.py:104} INFO - [2024-06-22 00:20:18,822] {dag.py:1824} INFO - Sync 2 DAGs
[2024-06-22 00:20:18,829] {logging_mixin.py:104} INFO - [2024-06-22 00:20:18,829] {dag.py:2280} INFO - Setting next_dagrun for example_xcom_args to None
[2024-06-22 00:20:18,830] {logging_mixin.py:104} INFO - [2024-06-22 00:20:18,830] {dag.py:2280} INFO - Setting next_dagrun for example_xcom_args_with_operators to None
[2024-06-22 00:20:18,836] {scheduler_job.py:190} INFO - Processing /home/airflow/.local/lib/python3.6/site-packages/airflow/example_dags/example_xcomargs.py took 0.040 seconds
[2024-06-22 00:20:49,477] {scheduler_job.py:182} INFO - Started process (PID=5295) to work on /home/airflow/.local/lib/python3.6/site-packages/airflow/example_dags/example_xcomargs.py
[2024-06-22 00:20:49,478] {scheduler_job.py:629} INFO - Processing file /home/airflow/.local/lib/python3.6/site-packages/airflow/example_dags/example_xcomargs.py for tasks to queue
[2024-06-22 00:20:49,478] {logging_mixin.py:104} INFO - [2024-06-22 00:20:49,478] {dagbag.py:451} INFO - Filling up the DagBag from /home/airflow/.local/lib/python3.6/site-packages/airflow/example_dags/example_xcomargs.py
[2024-06-22 00:20:49,486] {scheduler_job.py:639} INFO - DAG(s) dict_keys(['example_xcom_args', 'example_xcom_args_with_operators']) retrieved from /home/airflow/.local/lib/python3.6/site-packages/airflow/example_dags/example_xcomargs.py
[2024-06-22 00:20:49,501] {logging_mixin.py:104} INFO - [2024-06-22 00:20:49,501] {dag.py:1824} INFO - Sync 2 DAGs
[2024-06-22 00:20:49,509] {logging_mixin.py:104} INFO - [2024-06-22 00:20:49,509] {dag.py:2280} INFO - Setting next_dagrun for example_xcom_args to None
[2024-06-22 00:20:49,510] {logging_mixin.py:104} INFO - [2024-06-22 00:20:49,510] {dag.py:2280} INFO - Setting next_dagrun for example_xcom_args_with_operators to None
[2024-06-22 00:20:49,517] {scheduler_job.py:190} INFO - Processing /home/airflow/.local/lib/python3.6/site-packages/airflow/example_dags/example_xcomargs.py took 0.042 seconds
[2024-06-22 00:21:20,234] {scheduler_job.py:182} INFO - Started process (PID=5321) to work on /home/airflow/.local/lib/python3.6/site-packages/airflow/example_dags/example_xcomargs.py
[2024-06-22 00:21:20,235] {scheduler_job.py:629} INFO - Processing file /home/airflow/.local/lib/python3.6/site-packages/airflow/example_dags/example_xcomargs.py for tasks to queue
[2024-06-22 00:21:20,235] {logging_mixin.py:104} INFO - [2024-06-22 00:21:20,235] {dagbag.py:451} INFO - Filling up the DagBag from /home/airflow/.local/lib/python3.6/site-packages/airflow/example_dags/example_xcomargs.py
[2024-06-22 00:21:20,244] {scheduler_job.py:639} INFO - DAG(s) dict_keys(['example_xcom_args', 'example_xcom_args_with_operators']) retrieved from /home/airflow/.local/lib/python3.6/site-packages/airflow/example_dags/example_xcomargs.py
[2024-06-22 00:21:20,260] {logging_mixin.py:104} INFO - [2024-06-22 00:21:20,260] {dag.py:1824} INFO - Sync 2 DAGs
[2024-06-22 00:21:20,268] {logging_mixin.py:104} INFO - [2024-06-22 00:21:20,268] {dag.py:2280} INFO - Setting next_dagrun for example_xcom_args to None
[2024-06-22 00:21:20,269] {logging_mixin.py:104} INFO - [2024-06-22 00:21:20,269] {dag.py:2280} INFO - Setting next_dagrun for example_xcom_args_with_operators to None
[2024-06-22 00:21:20,275] {scheduler_job.py:190} INFO - Processing /home/airflow/.local/lib/python3.6/site-packages/airflow/example_dags/example_xcomargs.py took 0.042 seconds
[2024-06-22 00:21:50,924] {scheduler_job.py:182} INFO - Started process (PID=5347) to work on /home/airflow/.local/lib/python3.6/site-packages/airflow/example_dags/example_xcomargs.py
[2024-06-22 00:21:50,925] {scheduler_job.py:629} INFO - Processing file /home/airflow/.local/lib/python3.6/site-packages/airflow/example_dags/example_xcomargs.py for tasks to queue
[2024-06-22 00:21:50,925] {logging_mixin.py:104} INFO - [2024-06-22 00:21:50,925] {dagbag.py:451} INFO - Filling up the DagBag from /home/airflow/.local/lib/python3.6/site-packages/airflow/example_dags/example_xcomargs.py
[2024-06-22 00:21:50,933] {scheduler_job.py:639} INFO - DAG(s) dict_keys(['example_xcom_args', 'example_xcom_args_with_operators']) retrieved from /home/airflow/.local/lib/python3.6/site-packages/airflow/example_dags/example_xcomargs.py
[2024-06-22 00:21:50,950] {logging_mixin.py:104} INFO - [2024-06-22 00:21:50,950] {dag.py:1824} INFO - Sync 2 DAGs
[2024-06-22 00:21:50,958] {logging_mixin.py:104} INFO - [2024-06-22 00:21:50,957] {dag.py:2280} INFO - Setting next_dagrun for example_xcom_args to None
[2024-06-22 00:21:50,958] {logging_mixin.py:104} INFO - [2024-06-22 00:21:50,958] {dag.py:2280} INFO - Setting next_dagrun for example_xcom_args_with_operators to None
[2024-06-22 00:21:50,966] {scheduler_job.py:190} INFO - Processing /home/airflow/.local/lib/python3.6/site-packages/airflow/example_dags/example_xcomargs.py took 0.044 seconds
[2024-06-22 00:22:21,684] {scheduler_job.py:182} INFO - Started process (PID=5373) to work on /home/airflow/.local/lib/python3.6/site-packages/airflow/example_dags/example_xcomargs.py
[2024-06-22 00:22:21,684] {scheduler_job.py:629} INFO - Processing file /home/airflow/.local/lib/python3.6/site-packages/airflow/example_dags/example_xcomargs.py for tasks to queue
[2024-06-22 00:22:21,685] {logging_mixin.py:104} INFO - [2024-06-22 00:22:21,685] {dagbag.py:451} INFO - Filling up the DagBag from /home/airflow/.local/lib/python3.6/site-packages/airflow/example_dags/example_xcomargs.py
[2024-06-22 00:22:21,692] {scheduler_job.py:639} INFO - DAG(s) dict_keys(['example_xcom_args', 'example_xcom_args_with_operators']) retrieved from /home/airflow/.local/lib/python3.6/site-packages/airflow/example_dags/example_xcomargs.py
[2024-06-22 00:22:21,708] {logging_mixin.py:104} INFO - [2024-06-22 00:22:21,708] {dag.py:1824} INFO - Sync 2 DAGs
[2024-06-22 00:22:21,716] {logging_mixin.py:104} INFO - [2024-06-22 00:22:21,716] {dag.py:2280} INFO - Setting next_dagrun for example_xcom_args to None
[2024-06-22 00:22:21,716] {logging_mixin.py:104} INFO - [2024-06-22 00:22:21,716] {dag.py:2280} INFO - Setting next_dagrun for example_xcom_args_with_operators to None
[2024-06-22 00:22:21,723] {scheduler_job.py:190} INFO - Processing /home/airflow/.local/lib/python3.6/site-packages/airflow/example_dags/example_xcomargs.py took 0.041 seconds
[2024-06-22 00:22:52,381] {scheduler_job.py:182} INFO - Started process (PID=5399) to work on /home/airflow/.local/lib/python3.6/site-packages/airflow/example_dags/example_xcomargs.py
[2024-06-22 00:22:52,382] {scheduler_job.py:629} INFO - Processing file /home/airflow/.local/lib/python3.6/site-packages/airflow/example_dags/example_xcomargs.py for tasks to queue
[2024-06-22 00:22:52,382] {logging_mixin.py:104} INFO - [2024-06-22 00:22:52,382] {dagbag.py:451} INFO - Filling up the DagBag from /home/airflow/.local/lib/python3.6/site-packages/airflow/example_dags/example_xcomargs.py
[2024-06-22 00:22:52,390] {scheduler_job.py:639} INFO - DAG(s) dict_keys(['example_xcom_args', 'example_xcom_args_with_operators']) retrieved from /home/airflow/.local/lib/python3.6/site-packages/airflow/example_dags/example_xcomargs.py
[2024-06-22 00:22:52,405] {logging_mixin.py:104} INFO - [2024-06-22 00:22:52,405] {dag.py:1824} INFO - Sync 2 DAGs
[2024-06-22 00:22:52,413] {logging_mixin.py:104} INFO - [2024-06-22 00:22:52,413] {dag.py:2280} INFO - Setting next_dagrun for example_xcom_args to None
[2024-06-22 00:22:52,414] {logging_mixin.py:104} INFO - [2024-06-22 00:22:52,414] {dag.py:2280} INFO - Setting next_dagrun for example_xcom_args_with_operators to None
[2024-06-22 00:22:52,421] {scheduler_job.py:190} INFO - Processing /home/airflow/.local/lib/python3.6/site-packages/airflow/example_dags/example_xcomargs.py took 0.041 seconds
[2024-06-22 00:23:23,198] {scheduler_job.py:182} INFO - Started process (PID=5425) to work on /home/airflow/.local/lib/python3.6/site-packages/airflow/example_dags/example_xcomargs.py
[2024-06-22 00:23:23,199] {scheduler_job.py:629} INFO - Processing file /home/airflow/.local/lib/python3.6/site-packages/airflow/example_dags/example_xcomargs.py for tasks to queue
[2024-06-22 00:23:23,199] {logging_mixin.py:104} INFO - [2024-06-22 00:23:23,199] {dagbag.py:451} INFO - Filling up the DagBag from /home/airflow/.local/lib/python3.6/site-packages/airflow/example_dags/example_xcomargs.py
[2024-06-22 00:23:23,207] {scheduler_job.py:639} INFO - DAG(s) dict_keys(['example_xcom_args', 'example_xcom_args_with_operators']) retrieved from /home/airflow/.local/lib/python3.6/site-packages/airflow/example_dags/example_xcomargs.py
[2024-06-22 00:23:23,222] {logging_mixin.py:104} INFO - [2024-06-22 00:23:23,222] {dag.py:1824} INFO - Sync 2 DAGs
[2024-06-22 00:23:23,230] {logging_mixin.py:104} INFO - [2024-06-22 00:23:23,230] {dag.py:2280} INFO - Setting next_dagrun for example_xcom_args to None
[2024-06-22 00:23:23,230] {logging_mixin.py:104} INFO - [2024-06-22 00:23:23,230] {dag.py:2280} INFO - Setting next_dagrun for example_xcom_args_with_operators to None
[2024-06-22 00:23:23,237] {scheduler_job.py:190} INFO - Processing /home/airflow/.local/lib/python3.6/site-packages/airflow/example_dags/example_xcomargs.py took 0.040 seconds
[2024-06-22 00:23:53,894] {scheduler_job.py:182} INFO - Started process (PID=5451) to work on /home/airflow/.local/lib/python3.6/site-packages/airflow/example_dags/example_xcomargs.py
[2024-06-22 00:23:53,895] {scheduler_job.py:629} INFO - Processing file /home/airflow/.local/lib/python3.6/site-packages/airflow/example_dags/example_xcomargs.py for tasks to queue
[2024-06-22 00:23:53,896] {logging_mixin.py:104} INFO - [2024-06-22 00:23:53,895] {dagbag.py:451} INFO - Filling up the DagBag from /home/airflow/.local/lib/python3.6/site-packages/airflow/example_dags/example_xcomargs.py
[2024-06-22 00:23:53,903] {scheduler_job.py:639} INFO - DAG(s) dict_keys(['example_xcom_args', 'example_xcom_args_with_operators']) retrieved from /home/airflow/.local/lib/python3.6/site-packages/airflow/example_dags/example_xcomargs.py
[2024-06-22 00:23:53,918] {logging_mixin.py:104} INFO - [2024-06-22 00:23:53,918] {dag.py:1824} INFO - Sync 2 DAGs
[2024-06-22 00:23:53,933] {logging_mixin.py:104} INFO - [2024-06-22 00:23:53,933] {dag.py:2280} INFO - Setting next_dagrun for example_xcom_args to None
[2024-06-22 00:23:53,935] {logging_mixin.py:104} INFO - [2024-06-22 00:23:53,935] {dag.py:2280} INFO - Setting next_dagrun for example_xcom_args_with_operators to None
[2024-06-22 00:23:53,950] {scheduler_job.py:190} INFO - Processing /home/airflow/.local/lib/python3.6/site-packages/airflow/example_dags/example_xcomargs.py took 0.058 seconds
[2024-06-22 00:24:24,744] {scheduler_job.py:182} INFO - Started process (PID=5477) to work on /home/airflow/.local/lib/python3.6/site-packages/airflow/example_dags/example_xcomargs.py
[2024-06-22 00:24:24,745] {scheduler_job.py:629} INFO - Processing file /home/airflow/.local/lib/python3.6/site-packages/airflow/example_dags/example_xcomargs.py for tasks to queue
[2024-06-22 00:24:24,745] {logging_mixin.py:104} INFO - [2024-06-22 00:24:24,745] {dagbag.py:451} INFO - Filling up the DagBag from /home/airflow/.local/lib/python3.6/site-packages/airflow/example_dags/example_xcomargs.py
[2024-06-22 00:24:24,754] {scheduler_job.py:639} INFO - DAG(s) dict_keys(['example_xcom_args', 'example_xcom_args_with_operators']) retrieved from /home/airflow/.local/lib/python3.6/site-packages/airflow/example_dags/example_xcomargs.py
[2024-06-22 00:24:24,770] {logging_mixin.py:104} INFO - [2024-06-22 00:24:24,770] {dag.py:1824} INFO - Sync 2 DAGs
[2024-06-22 00:24:24,778] {logging_mixin.py:104} INFO - [2024-06-22 00:24:24,778] {dag.py:2280} INFO - Setting next_dagrun for example_xcom_args to None
[2024-06-22 00:24:24,779] {logging_mixin.py:104} INFO - [2024-06-22 00:24:24,779] {dag.py:2280} INFO - Setting next_dagrun for example_xcom_args_with_operators to None
[2024-06-22 00:24:24,786] {scheduler_job.py:190} INFO - Processing /home/airflow/.local/lib/python3.6/site-packages/airflow/example_dags/example_xcomargs.py took 0.043 seconds
[2024-06-22 00:24:55,573] {scheduler_job.py:182} INFO - Started process (PID=5503) to work on /home/airflow/.local/lib/python3.6/site-packages/airflow/example_dags/example_xcomargs.py
[2024-06-22 00:24:55,574] {scheduler_job.py:629} INFO - Processing file /home/airflow/.local/lib/python3.6/site-packages/airflow/example_dags/example_xcomargs.py for tasks to queue
[2024-06-22 00:24:55,574] {logging_mixin.py:104} INFO - [2024-06-22 00:24:55,574] {dagbag.py:451} INFO - Filling up the DagBag from /home/airflow/.local/lib/python3.6/site-packages/airflow/example_dags/example_xcomargs.py
[2024-06-22 00:24:55,583] {scheduler_job.py:639} INFO - DAG(s) dict_keys(['example_xcom_args', 'example_xcom_args_with_operators']) retrieved from /home/airflow/.local/lib/python3.6/site-packages/airflow/example_dags/example_xcomargs.py
[2024-06-22 00:24:55,598] {logging_mixin.py:104} INFO - [2024-06-22 00:24:55,598] {dag.py:1824} INFO - Sync 2 DAGs
[2024-06-22 00:24:55,607] {logging_mixin.py:104} INFO - [2024-06-22 00:24:55,607] {dag.py:2280} INFO - Setting next_dagrun for example_xcom_args to None
[2024-06-22 00:24:55,607] {logging_mixin.py:104} INFO - [2024-06-22 00:24:55,607] {dag.py:2280} INFO - Setting next_dagrun for example_xcom_args_with_operators to None
[2024-06-22 00:24:55,614] {scheduler_job.py:190} INFO - Processing /home/airflow/.local/lib/python3.6/site-packages/airflow/example_dags/example_xcomargs.py took 0.043 seconds
[2024-06-22 23:26:19,521] {scheduler_job.py:182} INFO - Started process (PID=5529) to work on /home/airflow/.local/lib/python3.6/site-packages/airflow/example_dags/example_xcomargs.py
[2024-06-22 23:26:19,550] {scheduler_job.py:629} INFO - Processing file /home/airflow/.local/lib/python3.6/site-packages/airflow/example_dags/example_xcomargs.py for tasks to queue
[2024-06-22 23:26:19,558] {logging_mixin.py:104} INFO - [2024-06-22 23:26:19,558] {dagbag.py:451} INFO - Filling up the DagBag from /home/airflow/.local/lib/python3.6/site-packages/airflow/example_dags/example_xcomargs.py
[2024-06-22 23:26:19,988] {scheduler_job.py:639} INFO - DAG(s) dict_keys(['example_xcom_args', 'example_xcom_args_with_operators']) retrieved from /home/airflow/.local/lib/python3.6/site-packages/airflow/example_dags/example_xcomargs.py
[2024-06-22 23:26:20,067] {logging_mixin.py:104} INFO - [2024-06-22 23:26:20,067] {dag.py:1824} INFO - Sync 2 DAGs
[2024-06-22 23:26:20,141] {logging_mixin.py:104} INFO - [2024-06-22 23:26:20,141] {dag.py:2280} INFO - Setting next_dagrun for example_xcom_args to None
[2024-06-22 23:26:20,162] {logging_mixin.py:104} INFO - [2024-06-22 23:26:20,161] {dag.py:2280} INFO - Setting next_dagrun for example_xcom_args_with_operators to None
[2024-06-22 23:26:20,228] {scheduler_job.py:190} INFO - Processing /home/airflow/.local/lib/python3.6/site-packages/airflow/example_dags/example_xcomargs.py took 0.716 seconds
[2024-06-22 23:26:50,337] {scheduler_job.py:182} INFO - Started process (PID=5555) to work on /home/airflow/.local/lib/python3.6/site-packages/airflow/example_dags/example_xcomargs.py
[2024-06-22 23:26:50,338] {scheduler_job.py:629} INFO - Processing file /home/airflow/.local/lib/python3.6/site-packages/airflow/example_dags/example_xcomargs.py for tasks to queue
[2024-06-22 23:26:50,339] {logging_mixin.py:104} INFO - [2024-06-22 23:26:50,338] {dagbag.py:451} INFO - Filling up the DagBag from /home/airflow/.local/lib/python3.6/site-packages/airflow/example_dags/example_xcomargs.py
[2024-06-22 23:26:50,347] {scheduler_job.py:639} INFO - DAG(s) dict_keys(['example_xcom_args', 'example_xcom_args_with_operators']) retrieved from /home/airflow/.local/lib/python3.6/site-packages/airflow/example_dags/example_xcomargs.py
[2024-06-22 23:26:50,364] {logging_mixin.py:104} INFO - [2024-06-22 23:26:50,364] {dag.py:1824} INFO - Sync 2 DAGs
[2024-06-22 23:26:50,373] {logging_mixin.py:104} INFO - [2024-06-22 23:26:50,373] {dag.py:2280} INFO - Setting next_dagrun for example_xcom_args to None
[2024-06-22 23:26:50,374] {logging_mixin.py:104} INFO - [2024-06-22 23:26:50,374] {dag.py:2280} INFO - Setting next_dagrun for example_xcom_args_with_operators to None
[2024-06-22 23:26:50,380] {scheduler_job.py:190} INFO - Processing /home/airflow/.local/lib/python3.6/site-packages/airflow/example_dags/example_xcomargs.py took 0.046 seconds
[2024-06-22 23:27:21,194] {scheduler_job.py:182} INFO - Started process (PID=5581) to work on /home/airflow/.local/lib/python3.6/site-packages/airflow/example_dags/example_xcomargs.py
[2024-06-22 23:27:21,195] {scheduler_job.py:629} INFO - Processing file /home/airflow/.local/lib/python3.6/site-packages/airflow/example_dags/example_xcomargs.py for tasks to queue
[2024-06-22 23:27:21,195] {logging_mixin.py:104} INFO - [2024-06-22 23:27:21,195] {dagbag.py:451} INFO - Filling up the DagBag from /home/airflow/.local/lib/python3.6/site-packages/airflow/example_dags/example_xcomargs.py
[2024-06-22 23:27:21,204] {scheduler_job.py:639} INFO - DAG(s) dict_keys(['example_xcom_args', 'example_xcom_args_with_operators']) retrieved from /home/airflow/.local/lib/python3.6/site-packages/airflow/example_dags/example_xcomargs.py
[2024-06-22 23:27:21,223] {logging_mixin.py:104} INFO - [2024-06-22 23:27:21,223] {dag.py:1824} INFO - Sync 2 DAGs
[2024-06-22 23:27:21,232] {logging_mixin.py:104} INFO - [2024-06-22 23:27:21,232] {dag.py:2280} INFO - Setting next_dagrun for example_xcom_args to None
[2024-06-22 23:27:21,233] {logging_mixin.py:104} INFO - [2024-06-22 23:27:21,233] {dag.py:2280} INFO - Setting next_dagrun for example_xcom_args_with_operators to None
[2024-06-22 23:27:21,241] {scheduler_job.py:190} INFO - Processing /home/airflow/.local/lib/python3.6/site-packages/airflow/example_dags/example_xcomargs.py took 0.049 seconds
[2024-06-22 23:27:51,979] {scheduler_job.py:182} INFO - Started process (PID=5607) to work on /home/airflow/.local/lib/python3.6/site-packages/airflow/example_dags/example_xcomargs.py
[2024-06-22 23:27:51,980] {scheduler_job.py:629} INFO - Processing file /home/airflow/.local/lib/python3.6/site-packages/airflow/example_dags/example_xcomargs.py for tasks to queue
[2024-06-22 23:27:51,981] {logging_mixin.py:104} INFO - [2024-06-22 23:27:51,981] {dagbag.py:451} INFO - Filling up the DagBag from /home/airflow/.local/lib/python3.6/site-packages/airflow/example_dags/example_xcomargs.py
[2024-06-22 23:27:51,995] {scheduler_job.py:639} INFO - DAG(s) dict_keys(['example_xcom_args', 'example_xcom_args_with_operators']) retrieved from /home/airflow/.local/lib/python3.6/site-packages/airflow/example_dags/example_xcomargs.py
[2024-06-22 23:27:52,015] {logging_mixin.py:104} INFO - [2024-06-22 23:27:52,015] {dag.py:1824} INFO - Sync 2 DAGs
[2024-06-22 23:27:52,023] {logging_mixin.py:104} INFO - [2024-06-22 23:27:52,023] {dag.py:2280} INFO - Setting next_dagrun for example_xcom_args to None
[2024-06-22 23:27:52,024] {logging_mixin.py:104} INFO - [2024-06-22 23:27:52,024] {dag.py:2280} INFO - Setting next_dagrun for example_xcom_args_with_operators to None
[2024-06-22 23:27:52,032] {scheduler_job.py:190} INFO - Processing /home/airflow/.local/lib/python3.6/site-packages/airflow/example_dags/example_xcomargs.py took 0.054 seconds
[2024-06-22 23:28:22,764] {scheduler_job.py:182} INFO - Started process (PID=5633) to work on /home/airflow/.local/lib/python3.6/site-packages/airflow/example_dags/example_xcomargs.py
[2024-06-22 23:28:22,765] {scheduler_job.py:629} INFO - Processing file /home/airflow/.local/lib/python3.6/site-packages/airflow/example_dags/example_xcomargs.py for tasks to queue
[2024-06-22 23:28:22,765] {logging_mixin.py:104} INFO - [2024-06-22 23:28:22,765] {dagbag.py:451} INFO - Filling up the DagBag from /home/airflow/.local/lib/python3.6/site-packages/airflow/example_dags/example_xcomargs.py
[2024-06-22 23:28:22,773] {scheduler_job.py:639} INFO - DAG(s) dict_keys(['example_xcom_args', 'example_xcom_args_with_operators']) retrieved from /home/airflow/.local/lib/python3.6/site-packages/airflow/example_dags/example_xcomargs.py
[2024-06-22 23:28:22,788] {logging_mixin.py:104} INFO - [2024-06-22 23:28:22,788] {dag.py:1824} INFO - Sync 2 DAGs
[2024-06-22 23:28:22,796] {logging_mixin.py:104} INFO - [2024-06-22 23:28:22,796] {dag.py:2280} INFO - Setting next_dagrun for example_xcom_args to None
[2024-06-22 23:28:22,797] {logging_mixin.py:104} INFO - [2024-06-22 23:28:22,797] {dag.py:2280} INFO - Setting next_dagrun for example_xcom_args_with_operators to None
[2024-06-22 23:28:22,804] {scheduler_job.py:190} INFO - Processing /home/airflow/.local/lib/python3.6/site-packages/airflow/example_dags/example_xcomargs.py took 0.042 seconds
