[2024-06-22 00:00:21,194] {scheduler_job.py:182} INFO - Started process (PID=4279) to work on /home/airflow/.local/lib/python3.6/site-packages/airflow/example_dags/example_python_operator.py
[2024-06-22 00:00:21,195] {scheduler_job.py:629} INFO - Processing file /home/airflow/.local/lib/python3.6/site-packages/airflow/example_dags/example_python_operator.py for tasks to queue
[2024-06-22 00:00:21,195] {logging_mixin.py:104} INFO - [2024-06-22 00:00:21,195] {dagbag.py:451} INFO - Filling up the DagBag from /home/airflow/.local/lib/python3.6/site-packages/airflow/example_dags/example_python_operator.py
[2024-06-22 00:00:21,203] {scheduler_job.py:639} INFO - DAG(s) dict_keys(['example_python_operator']) retrieved from /home/airflow/.local/lib/python3.6/site-packages/airflow/example_dags/example_python_operator.py
[2024-06-22 00:00:21,216] {logging_mixin.py:104} INFO - [2024-06-22 00:00:21,216] {dag.py:1824} INFO - Sync 1 DAGs
[2024-06-22 00:00:21,224] {logging_mixin.py:104} INFO - [2024-06-22 00:00:21,224] {dag.py:2280} INFO - Setting next_dagrun for example_python_operator to None
[2024-06-22 00:00:21,230] {scheduler_job.py:190} INFO - Processing /home/airflow/.local/lib/python3.6/site-packages/airflow/example_dags/example_python_operator.py took 0.038 seconds
[2024-06-22 00:00:52,029] {scheduler_job.py:182} INFO - Started process (PID=4305) to work on /home/airflow/.local/lib/python3.6/site-packages/airflow/example_dags/example_python_operator.py
[2024-06-22 00:00:52,030] {scheduler_job.py:629} INFO - Processing file /home/airflow/.local/lib/python3.6/site-packages/airflow/example_dags/example_python_operator.py for tasks to queue
[2024-06-22 00:00:52,030] {logging_mixin.py:104} INFO - [2024-06-22 00:00:52,030] {dagbag.py:451} INFO - Filling up the DagBag from /home/airflow/.local/lib/python3.6/site-packages/airflow/example_dags/example_python_operator.py
[2024-06-22 00:00:52,037] {scheduler_job.py:639} INFO - DAG(s) dict_keys(['example_python_operator']) retrieved from /home/airflow/.local/lib/python3.6/site-packages/airflow/example_dags/example_python_operator.py
[2024-06-22 00:00:52,049] {logging_mixin.py:104} INFO - [2024-06-22 00:00:52,049] {dag.py:1824} INFO - Sync 1 DAGs
[2024-06-22 00:00:52,058] {logging_mixin.py:104} INFO - [2024-06-22 00:00:52,058] {dag.py:2280} INFO - Setting next_dagrun for example_python_operator to None
[2024-06-22 00:00:52,063] {scheduler_job.py:190} INFO - Processing /home/airflow/.local/lib/python3.6/site-packages/airflow/example_dags/example_python_operator.py took 0.036 seconds
[2024-06-22 00:01:22,786] {scheduler_job.py:182} INFO - Started process (PID=4331) to work on /home/airflow/.local/lib/python3.6/site-packages/airflow/example_dags/example_python_operator.py
[2024-06-22 00:01:22,787] {scheduler_job.py:629} INFO - Processing file /home/airflow/.local/lib/python3.6/site-packages/airflow/example_dags/example_python_operator.py for tasks to queue
[2024-06-22 00:01:22,788] {logging_mixin.py:104} INFO - [2024-06-22 00:01:22,788] {dagbag.py:451} INFO - Filling up the DagBag from /home/airflow/.local/lib/python3.6/site-packages/airflow/example_dags/example_python_operator.py
[2024-06-22 00:01:22,795] {scheduler_job.py:639} INFO - DAG(s) dict_keys(['example_python_operator']) retrieved from /home/airflow/.local/lib/python3.6/site-packages/airflow/example_dags/example_python_operator.py
[2024-06-22 00:01:22,806] {logging_mixin.py:104} INFO - [2024-06-22 00:01:22,806] {dag.py:1824} INFO - Sync 1 DAGs
[2024-06-22 00:01:22,815] {logging_mixin.py:104} INFO - [2024-06-22 00:01:22,815] {dag.py:2280} INFO - Setting next_dagrun for example_python_operator to None
[2024-06-22 00:01:22,820] {scheduler_job.py:190} INFO - Processing /home/airflow/.local/lib/python3.6/site-packages/airflow/example_dags/example_python_operator.py took 0.036 seconds
[2024-06-22 00:01:53,532] {scheduler_job.py:182} INFO - Started process (PID=4357) to work on /home/airflow/.local/lib/python3.6/site-packages/airflow/example_dags/example_python_operator.py
[2024-06-22 00:01:53,533] {scheduler_job.py:629} INFO - Processing file /home/airflow/.local/lib/python3.6/site-packages/airflow/example_dags/example_python_operator.py for tasks to queue
[2024-06-22 00:01:53,533] {logging_mixin.py:104} INFO - [2024-06-22 00:01:53,533] {dagbag.py:451} INFO - Filling up the DagBag from /home/airflow/.local/lib/python3.6/site-packages/airflow/example_dags/example_python_operator.py
[2024-06-22 00:01:53,540] {scheduler_job.py:639} INFO - DAG(s) dict_keys(['example_python_operator']) retrieved from /home/airflow/.local/lib/python3.6/site-packages/airflow/example_dags/example_python_operator.py
[2024-06-22 00:01:53,552] {logging_mixin.py:104} INFO - [2024-06-22 00:01:53,552] {dag.py:1824} INFO - Sync 1 DAGs
[2024-06-22 00:01:53,561] {logging_mixin.py:104} INFO - [2024-06-22 00:01:53,561] {dag.py:2280} INFO - Setting next_dagrun for example_python_operator to None
[2024-06-22 00:01:53,566] {scheduler_job.py:190} INFO - Processing /home/airflow/.local/lib/python3.6/site-packages/airflow/example_dags/example_python_operator.py took 0.036 seconds
[2024-06-22 00:02:24,276] {scheduler_job.py:182} INFO - Started process (PID=4383) to work on /home/airflow/.local/lib/python3.6/site-packages/airflow/example_dags/example_python_operator.py
[2024-06-22 00:02:24,277] {scheduler_job.py:629} INFO - Processing file /home/airflow/.local/lib/python3.6/site-packages/airflow/example_dags/example_python_operator.py for tasks to queue
[2024-06-22 00:02:24,277] {logging_mixin.py:104} INFO - [2024-06-22 00:02:24,277] {dagbag.py:451} INFO - Filling up the DagBag from /home/airflow/.local/lib/python3.6/site-packages/airflow/example_dags/example_python_operator.py
[2024-06-22 00:02:24,285] {scheduler_job.py:639} INFO - DAG(s) dict_keys(['example_python_operator']) retrieved from /home/airflow/.local/lib/python3.6/site-packages/airflow/example_dags/example_python_operator.py
[2024-06-22 00:02:24,296] {logging_mixin.py:104} INFO - [2024-06-22 00:02:24,296] {dag.py:1824} INFO - Sync 1 DAGs
[2024-06-22 00:02:24,304] {logging_mixin.py:104} INFO - [2024-06-22 00:02:24,304] {dag.py:2280} INFO - Setting next_dagrun for example_python_operator to None
[2024-06-22 00:02:24,309] {scheduler_job.py:190} INFO - Processing /home/airflow/.local/lib/python3.6/site-packages/airflow/example_dags/example_python_operator.py took 0.035 seconds
[2024-06-22 00:02:55,030] {scheduler_job.py:182} INFO - Started process (PID=4409) to work on /home/airflow/.local/lib/python3.6/site-packages/airflow/example_dags/example_python_operator.py
[2024-06-22 00:02:55,030] {scheduler_job.py:629} INFO - Processing file /home/airflow/.local/lib/python3.6/site-packages/airflow/example_dags/example_python_operator.py for tasks to queue
[2024-06-22 00:02:55,031] {logging_mixin.py:104} INFO - [2024-06-22 00:02:55,031] {dagbag.py:451} INFO - Filling up the DagBag from /home/airflow/.local/lib/python3.6/site-packages/airflow/example_dags/example_python_operator.py
[2024-06-22 00:02:55,038] {scheduler_job.py:639} INFO - DAG(s) dict_keys(['example_python_operator']) retrieved from /home/airflow/.local/lib/python3.6/site-packages/airflow/example_dags/example_python_operator.py
[2024-06-22 00:02:55,051] {logging_mixin.py:104} INFO - [2024-06-22 00:02:55,051] {dag.py:1824} INFO - Sync 1 DAGs
[2024-06-22 00:02:55,059] {logging_mixin.py:104} INFO - [2024-06-22 00:02:55,059] {dag.py:2280} INFO - Setting next_dagrun for example_python_operator to None
[2024-06-22 00:02:55,064] {scheduler_job.py:190} INFO - Processing /home/airflow/.local/lib/python3.6/site-packages/airflow/example_dags/example_python_operator.py took 0.037 seconds
[2024-06-22 00:03:25,709] {scheduler_job.py:182} INFO - Started process (PID=4435) to work on /home/airflow/.local/lib/python3.6/site-packages/airflow/example_dags/example_python_operator.py
[2024-06-22 00:03:25,710] {scheduler_job.py:629} INFO - Processing file /home/airflow/.local/lib/python3.6/site-packages/airflow/example_dags/example_python_operator.py for tasks to queue
[2024-06-22 00:03:25,710] {logging_mixin.py:104} INFO - [2024-06-22 00:03:25,710] {dagbag.py:451} INFO - Filling up the DagBag from /home/airflow/.local/lib/python3.6/site-packages/airflow/example_dags/example_python_operator.py
[2024-06-22 00:03:25,718] {scheduler_job.py:639} INFO - DAG(s) dict_keys(['example_python_operator']) retrieved from /home/airflow/.local/lib/python3.6/site-packages/airflow/example_dags/example_python_operator.py
[2024-06-22 00:03:25,730] {logging_mixin.py:104} INFO - [2024-06-22 00:03:25,729] {dag.py:1824} INFO - Sync 1 DAGs
[2024-06-22 00:03:25,738] {logging_mixin.py:104} INFO - [2024-06-22 00:03:25,738] {dag.py:2280} INFO - Setting next_dagrun for example_python_operator to None
[2024-06-22 00:03:25,743] {scheduler_job.py:190} INFO - Processing /home/airflow/.local/lib/python3.6/site-packages/airflow/example_dags/example_python_operator.py took 0.036 seconds
[2024-06-22 00:03:56,420] {scheduler_job.py:182} INFO - Started process (PID=4461) to work on /home/airflow/.local/lib/python3.6/site-packages/airflow/example_dags/example_python_operator.py
[2024-06-22 00:03:56,421] {scheduler_job.py:629} INFO - Processing file /home/airflow/.local/lib/python3.6/site-packages/airflow/example_dags/example_python_operator.py for tasks to queue
[2024-06-22 00:03:56,422] {logging_mixin.py:104} INFO - [2024-06-22 00:03:56,422] {dagbag.py:451} INFO - Filling up the DagBag from /home/airflow/.local/lib/python3.6/site-packages/airflow/example_dags/example_python_operator.py
[2024-06-22 00:03:56,429] {scheduler_job.py:639} INFO - DAG(s) dict_keys(['example_python_operator']) retrieved from /home/airflow/.local/lib/python3.6/site-packages/airflow/example_dags/example_python_operator.py
[2024-06-22 00:03:56,441] {logging_mixin.py:104} INFO - [2024-06-22 00:03:56,441] {dag.py:1824} INFO - Sync 1 DAGs
[2024-06-22 00:03:56,450] {logging_mixin.py:104} INFO - [2024-06-22 00:03:56,450] {dag.py:2280} INFO - Setting next_dagrun for example_python_operator to None
[2024-06-22 00:03:56,455] {scheduler_job.py:190} INFO - Processing /home/airflow/.local/lib/python3.6/site-packages/airflow/example_dags/example_python_operator.py took 0.036 seconds
[2024-06-22 00:04:27,195] {scheduler_job.py:182} INFO - Started process (PID=4487) to work on /home/airflow/.local/lib/python3.6/site-packages/airflow/example_dags/example_python_operator.py
[2024-06-22 00:04:27,196] {scheduler_job.py:629} INFO - Processing file /home/airflow/.local/lib/python3.6/site-packages/airflow/example_dags/example_python_operator.py for tasks to queue
[2024-06-22 00:04:27,196] {logging_mixin.py:104} INFO - [2024-06-22 00:04:27,196] {dagbag.py:451} INFO - Filling up the DagBag from /home/airflow/.local/lib/python3.6/site-packages/airflow/example_dags/example_python_operator.py
[2024-06-22 00:04:27,203] {scheduler_job.py:639} INFO - DAG(s) dict_keys(['example_python_operator']) retrieved from /home/airflow/.local/lib/python3.6/site-packages/airflow/example_dags/example_python_operator.py
[2024-06-22 00:04:27,215] {logging_mixin.py:104} INFO - [2024-06-22 00:04:27,215] {dag.py:1824} INFO - Sync 1 DAGs
[2024-06-22 00:04:27,223] {logging_mixin.py:104} INFO - [2024-06-22 00:04:27,223] {dag.py:2280} INFO - Setting next_dagrun for example_python_operator to None
[2024-06-22 00:04:27,229] {scheduler_job.py:190} INFO - Processing /home/airflow/.local/lib/python3.6/site-packages/airflow/example_dags/example_python_operator.py took 0.036 seconds
[2024-06-22 00:04:57,895] {scheduler_job.py:182} INFO - Started process (PID=4513) to work on /home/airflow/.local/lib/python3.6/site-packages/airflow/example_dags/example_python_operator.py
[2024-06-22 00:04:57,896] {scheduler_job.py:629} INFO - Processing file /home/airflow/.local/lib/python3.6/site-packages/airflow/example_dags/example_python_operator.py for tasks to queue
[2024-06-22 00:04:57,896] {logging_mixin.py:104} INFO - [2024-06-22 00:04:57,896] {dagbag.py:451} INFO - Filling up the DagBag from /home/airflow/.local/lib/python3.6/site-packages/airflow/example_dags/example_python_operator.py
[2024-06-22 00:04:57,904] {scheduler_job.py:639} INFO - DAG(s) dict_keys(['example_python_operator']) retrieved from /home/airflow/.local/lib/python3.6/site-packages/airflow/example_dags/example_python_operator.py
[2024-06-22 00:04:57,916] {logging_mixin.py:104} INFO - [2024-06-22 00:04:57,916] {dag.py:1824} INFO - Sync 1 DAGs
[2024-06-22 00:04:57,924] {logging_mixin.py:104} INFO - [2024-06-22 00:04:57,924] {dag.py:2280} INFO - Setting next_dagrun for example_python_operator to None
[2024-06-22 00:04:57,930] {scheduler_job.py:190} INFO - Processing /home/airflow/.local/lib/python3.6/site-packages/airflow/example_dags/example_python_operator.py took 0.036 seconds
[2024-06-22 00:05:28,660] {scheduler_job.py:182} INFO - Started process (PID=4539) to work on /home/airflow/.local/lib/python3.6/site-packages/airflow/example_dags/example_python_operator.py
[2024-06-22 00:05:28,661] {scheduler_job.py:629} INFO - Processing file /home/airflow/.local/lib/python3.6/site-packages/airflow/example_dags/example_python_operator.py for tasks to queue
[2024-06-22 00:05:28,661] {logging_mixin.py:104} INFO - [2024-06-22 00:05:28,661] {dagbag.py:451} INFO - Filling up the DagBag from /home/airflow/.local/lib/python3.6/site-packages/airflow/example_dags/example_python_operator.py
[2024-06-22 00:05:28,669] {scheduler_job.py:639} INFO - DAG(s) dict_keys(['example_python_operator']) retrieved from /home/airflow/.local/lib/python3.6/site-packages/airflow/example_dags/example_python_operator.py
[2024-06-22 00:05:28,681] {logging_mixin.py:104} INFO - [2024-06-22 00:05:28,681] {dag.py:1824} INFO - Sync 1 DAGs
[2024-06-22 00:05:28,689] {logging_mixin.py:104} INFO - [2024-06-22 00:05:28,689] {dag.py:2280} INFO - Setting next_dagrun for example_python_operator to None
[2024-06-22 00:05:28,694] {scheduler_job.py:190} INFO - Processing /home/airflow/.local/lib/python3.6/site-packages/airflow/example_dags/example_python_operator.py took 0.036 seconds
[2024-06-22 00:05:59,423] {scheduler_job.py:182} INFO - Started process (PID=4565) to work on /home/airflow/.local/lib/python3.6/site-packages/airflow/example_dags/example_python_operator.py
[2024-06-22 00:05:59,424] {scheduler_job.py:629} INFO - Processing file /home/airflow/.local/lib/python3.6/site-packages/airflow/example_dags/example_python_operator.py for tasks to queue
[2024-06-22 00:05:59,424] {logging_mixin.py:104} INFO - [2024-06-22 00:05:59,424] {dagbag.py:451} INFO - Filling up the DagBag from /home/airflow/.local/lib/python3.6/site-packages/airflow/example_dags/example_python_operator.py
[2024-06-22 00:05:59,431] {scheduler_job.py:639} INFO - DAG(s) dict_keys(['example_python_operator']) retrieved from /home/airflow/.local/lib/python3.6/site-packages/airflow/example_dags/example_python_operator.py
[2024-06-22 00:05:59,443] {logging_mixin.py:104} INFO - [2024-06-22 00:05:59,443] {dag.py:1824} INFO - Sync 1 DAGs
[2024-06-22 00:05:59,452] {logging_mixin.py:104} INFO - [2024-06-22 00:05:59,452] {dag.py:2280} INFO - Setting next_dagrun for example_python_operator to None
[2024-06-22 00:05:59,457] {scheduler_job.py:190} INFO - Processing /home/airflow/.local/lib/python3.6/site-packages/airflow/example_dags/example_python_operator.py took 0.036 seconds
[2024-06-22 00:06:30,098] {scheduler_job.py:182} INFO - Started process (PID=4591) to work on /home/airflow/.local/lib/python3.6/site-packages/airflow/example_dags/example_python_operator.py
[2024-06-22 00:06:30,099] {scheduler_job.py:629} INFO - Processing file /home/airflow/.local/lib/python3.6/site-packages/airflow/example_dags/example_python_operator.py for tasks to queue
[2024-06-22 00:06:30,099] {logging_mixin.py:104} INFO - [2024-06-22 00:06:30,099] {dagbag.py:451} INFO - Filling up the DagBag from /home/airflow/.local/lib/python3.6/site-packages/airflow/example_dags/example_python_operator.py
[2024-06-22 00:06:30,106] {scheduler_job.py:639} INFO - DAG(s) dict_keys(['example_python_operator']) retrieved from /home/airflow/.local/lib/python3.6/site-packages/airflow/example_dags/example_python_operator.py
[2024-06-22 00:06:30,119] {logging_mixin.py:104} INFO - [2024-06-22 00:06:30,119] {dag.py:1824} INFO - Sync 1 DAGs
[2024-06-22 00:06:30,128] {logging_mixin.py:104} INFO - [2024-06-22 00:06:30,128] {dag.py:2280} INFO - Setting next_dagrun for example_python_operator to None
[2024-06-22 00:06:30,133] {scheduler_job.py:190} INFO - Processing /home/airflow/.local/lib/python3.6/site-packages/airflow/example_dags/example_python_operator.py took 0.037 seconds
[2024-06-22 00:07:00,770] {scheduler_job.py:182} INFO - Started process (PID=4617) to work on /home/airflow/.local/lib/python3.6/site-packages/airflow/example_dags/example_python_operator.py
[2024-06-22 00:07:00,771] {scheduler_job.py:629} INFO - Processing file /home/airflow/.local/lib/python3.6/site-packages/airflow/example_dags/example_python_operator.py for tasks to queue
[2024-06-22 00:07:00,771] {logging_mixin.py:104} INFO - [2024-06-22 00:07:00,771] {dagbag.py:451} INFO - Filling up the DagBag from /home/airflow/.local/lib/python3.6/site-packages/airflow/example_dags/example_python_operator.py
[2024-06-22 00:07:00,778] {scheduler_job.py:639} INFO - DAG(s) dict_keys(['example_python_operator']) retrieved from /home/airflow/.local/lib/python3.6/site-packages/airflow/example_dags/example_python_operator.py
[2024-06-22 00:07:00,791] {logging_mixin.py:104} INFO - [2024-06-22 00:07:00,791] {dag.py:1824} INFO - Sync 1 DAGs
[2024-06-22 00:07:00,799] {logging_mixin.py:104} INFO - [2024-06-22 00:07:00,799] {dag.py:2280} INFO - Setting next_dagrun for example_python_operator to None
[2024-06-22 00:07:00,804] {scheduler_job.py:190} INFO - Processing /home/airflow/.local/lib/python3.6/site-packages/airflow/example_dags/example_python_operator.py took 0.036 seconds
[2024-06-22 00:07:31,456] {scheduler_job.py:182} INFO - Started process (PID=4643) to work on /home/airflow/.local/lib/python3.6/site-packages/airflow/example_dags/example_python_operator.py
[2024-06-22 00:07:31,457] {scheduler_job.py:629} INFO - Processing file /home/airflow/.local/lib/python3.6/site-packages/airflow/example_dags/example_python_operator.py for tasks to queue
[2024-06-22 00:07:31,457] {logging_mixin.py:104} INFO - [2024-06-22 00:07:31,457] {dagbag.py:451} INFO - Filling up the DagBag from /home/airflow/.local/lib/python3.6/site-packages/airflow/example_dags/example_python_operator.py
[2024-06-22 00:07:31,465] {scheduler_job.py:639} INFO - DAG(s) dict_keys(['example_python_operator']) retrieved from /home/airflow/.local/lib/python3.6/site-packages/airflow/example_dags/example_python_operator.py
[2024-06-22 00:07:31,476] {logging_mixin.py:104} INFO - [2024-06-22 00:07:31,476] {dag.py:1824} INFO - Sync 1 DAGs
[2024-06-22 00:07:31,485] {logging_mixin.py:104} INFO - [2024-06-22 00:07:31,485] {dag.py:2280} INFO - Setting next_dagrun for example_python_operator to None
[2024-06-22 00:07:31,490] {scheduler_job.py:190} INFO - Processing /home/airflow/.local/lib/python3.6/site-packages/airflow/example_dags/example_python_operator.py took 0.036 seconds
[2024-06-22 00:08:02,180] {scheduler_job.py:182} INFO - Started process (PID=4669) to work on /home/airflow/.local/lib/python3.6/site-packages/airflow/example_dags/example_python_operator.py
[2024-06-22 00:08:02,181] {scheduler_job.py:629} INFO - Processing file /home/airflow/.local/lib/python3.6/site-packages/airflow/example_dags/example_python_operator.py for tasks to queue
[2024-06-22 00:08:02,181] {logging_mixin.py:104} INFO - [2024-06-22 00:08:02,181] {dagbag.py:451} INFO - Filling up the DagBag from /home/airflow/.local/lib/python3.6/site-packages/airflow/example_dags/example_python_operator.py
[2024-06-22 00:08:02,188] {scheduler_job.py:639} INFO - DAG(s) dict_keys(['example_python_operator']) retrieved from /home/airflow/.local/lib/python3.6/site-packages/airflow/example_dags/example_python_operator.py
[2024-06-22 00:08:02,200] {logging_mixin.py:104} INFO - [2024-06-22 00:08:02,200] {dag.py:1824} INFO - Sync 1 DAGs
[2024-06-22 00:08:02,208] {logging_mixin.py:104} INFO - [2024-06-22 00:08:02,208] {dag.py:2280} INFO - Setting next_dagrun for example_python_operator to None
[2024-06-22 00:08:02,214] {scheduler_job.py:190} INFO - Processing /home/airflow/.local/lib/python3.6/site-packages/airflow/example_dags/example_python_operator.py took 0.036 seconds
[2024-06-22 00:08:32,931] {scheduler_job.py:182} INFO - Started process (PID=4695) to work on /home/airflow/.local/lib/python3.6/site-packages/airflow/example_dags/example_python_operator.py
[2024-06-22 00:08:32,932] {scheduler_job.py:629} INFO - Processing file /home/airflow/.local/lib/python3.6/site-packages/airflow/example_dags/example_python_operator.py for tasks to queue
[2024-06-22 00:08:32,933] {logging_mixin.py:104} INFO - [2024-06-22 00:08:32,933] {dagbag.py:451} INFO - Filling up the DagBag from /home/airflow/.local/lib/python3.6/site-packages/airflow/example_dags/example_python_operator.py
[2024-06-22 00:08:32,940] {scheduler_job.py:639} INFO - DAG(s) dict_keys(['example_python_operator']) retrieved from /home/airflow/.local/lib/python3.6/site-packages/airflow/example_dags/example_python_operator.py
[2024-06-22 00:08:32,952] {logging_mixin.py:104} INFO - [2024-06-22 00:08:32,952] {dag.py:1824} INFO - Sync 1 DAGs
[2024-06-22 00:08:32,961] {logging_mixin.py:104} INFO - [2024-06-22 00:08:32,961] {dag.py:2280} INFO - Setting next_dagrun for example_python_operator to None
[2024-06-22 00:08:32,966] {scheduler_job.py:190} INFO - Processing /home/airflow/.local/lib/python3.6/site-packages/airflow/example_dags/example_python_operator.py took 0.036 seconds
[2024-06-22 00:09:03,717] {scheduler_job.py:182} INFO - Started process (PID=4721) to work on /home/airflow/.local/lib/python3.6/site-packages/airflow/example_dags/example_python_operator.py
[2024-06-22 00:09:03,718] {scheduler_job.py:629} INFO - Processing file /home/airflow/.local/lib/python3.6/site-packages/airflow/example_dags/example_python_operator.py for tasks to queue
[2024-06-22 00:09:03,718] {logging_mixin.py:104} INFO - [2024-06-22 00:09:03,718] {dagbag.py:451} INFO - Filling up the DagBag from /home/airflow/.local/lib/python3.6/site-packages/airflow/example_dags/example_python_operator.py
[2024-06-22 00:09:03,726] {scheduler_job.py:639} INFO - DAG(s) dict_keys(['example_python_operator']) retrieved from /home/airflow/.local/lib/python3.6/site-packages/airflow/example_dags/example_python_operator.py
[2024-06-22 00:09:03,737] {logging_mixin.py:104} INFO - [2024-06-22 00:09:03,737] {dag.py:1824} INFO - Sync 1 DAGs
[2024-06-22 00:09:03,746] {logging_mixin.py:104} INFO - [2024-06-22 00:09:03,746] {dag.py:2280} INFO - Setting next_dagrun for example_python_operator to None
[2024-06-22 00:09:03,751] {scheduler_job.py:190} INFO - Processing /home/airflow/.local/lib/python3.6/site-packages/airflow/example_dags/example_python_operator.py took 0.036 seconds
[2024-06-22 00:09:34,436] {scheduler_job.py:182} INFO - Started process (PID=4747) to work on /home/airflow/.local/lib/python3.6/site-packages/airflow/example_dags/example_python_operator.py
[2024-06-22 00:09:34,437] {scheduler_job.py:629} INFO - Processing file /home/airflow/.local/lib/python3.6/site-packages/airflow/example_dags/example_python_operator.py for tasks to queue
[2024-06-22 00:09:34,438] {logging_mixin.py:104} INFO - [2024-06-22 00:09:34,438] {dagbag.py:451} INFO - Filling up the DagBag from /home/airflow/.local/lib/python3.6/site-packages/airflow/example_dags/example_python_operator.py
[2024-06-22 00:09:34,445] {scheduler_job.py:639} INFO - DAG(s) dict_keys(['example_python_operator']) retrieved from /home/airflow/.local/lib/python3.6/site-packages/airflow/example_dags/example_python_operator.py
[2024-06-22 00:09:34,457] {logging_mixin.py:104} INFO - [2024-06-22 00:09:34,457] {dag.py:1824} INFO - Sync 1 DAGs
[2024-06-22 00:09:34,466] {logging_mixin.py:104} INFO - [2024-06-22 00:09:34,466] {dag.py:2280} INFO - Setting next_dagrun for example_python_operator to None
[2024-06-22 00:09:34,471] {scheduler_job.py:190} INFO - Processing /home/airflow/.local/lib/python3.6/site-packages/airflow/example_dags/example_python_operator.py took 0.036 seconds
[2024-06-22 00:10:05,193] {scheduler_job.py:182} INFO - Started process (PID=4773) to work on /home/airflow/.local/lib/python3.6/site-packages/airflow/example_dags/example_python_operator.py
[2024-06-22 00:10:05,194] {scheduler_job.py:629} INFO - Processing file /home/airflow/.local/lib/python3.6/site-packages/airflow/example_dags/example_python_operator.py for tasks to queue
[2024-06-22 00:10:05,195] {logging_mixin.py:104} INFO - [2024-06-22 00:10:05,195] {dagbag.py:451} INFO - Filling up the DagBag from /home/airflow/.local/lib/python3.6/site-packages/airflow/example_dags/example_python_operator.py
[2024-06-22 00:10:05,202] {scheduler_job.py:639} INFO - DAG(s) dict_keys(['example_python_operator']) retrieved from /home/airflow/.local/lib/python3.6/site-packages/airflow/example_dags/example_python_operator.py
[2024-06-22 00:10:05,214] {logging_mixin.py:104} INFO - [2024-06-22 00:10:05,214] {dag.py:1824} INFO - Sync 1 DAGs
[2024-06-22 00:10:05,223] {logging_mixin.py:104} INFO - [2024-06-22 00:10:05,223] {dag.py:2280} INFO - Setting next_dagrun for example_python_operator to None
[2024-06-22 00:10:05,228] {scheduler_job.py:190} INFO - Processing /home/airflow/.local/lib/python3.6/site-packages/airflow/example_dags/example_python_operator.py took 0.036 seconds
[2024-06-22 00:10:35,974] {scheduler_job.py:182} INFO - Started process (PID=4799) to work on /home/airflow/.local/lib/python3.6/site-packages/airflow/example_dags/example_python_operator.py
[2024-06-22 00:10:35,975] {scheduler_job.py:629} INFO - Processing file /home/airflow/.local/lib/python3.6/site-packages/airflow/example_dags/example_python_operator.py for tasks to queue
[2024-06-22 00:10:35,976] {logging_mixin.py:104} INFO - [2024-06-22 00:10:35,976] {dagbag.py:451} INFO - Filling up the DagBag from /home/airflow/.local/lib/python3.6/site-packages/airflow/example_dags/example_python_operator.py
[2024-06-22 00:10:35,984] {scheduler_job.py:639} INFO - DAG(s) dict_keys(['example_python_operator']) retrieved from /home/airflow/.local/lib/python3.6/site-packages/airflow/example_dags/example_python_operator.py
[2024-06-22 00:10:35,995] {logging_mixin.py:104} INFO - [2024-06-22 00:10:35,995] {dag.py:1824} INFO - Sync 1 DAGs
[2024-06-22 00:10:36,003] {logging_mixin.py:104} INFO - [2024-06-22 00:10:36,003] {dag.py:2280} INFO - Setting next_dagrun for example_python_operator to None
[2024-06-22 00:10:36,009] {scheduler_job.py:190} INFO - Processing /home/airflow/.local/lib/python3.6/site-packages/airflow/example_dags/example_python_operator.py took 0.036 seconds
[2024-06-22 00:11:06,735] {scheduler_job.py:182} INFO - Started process (PID=4825) to work on /home/airflow/.local/lib/python3.6/site-packages/airflow/example_dags/example_python_operator.py
[2024-06-22 00:11:06,736] {scheduler_job.py:629} INFO - Processing file /home/airflow/.local/lib/python3.6/site-packages/airflow/example_dags/example_python_operator.py for tasks to queue
[2024-06-22 00:11:06,737] {logging_mixin.py:104} INFO - [2024-06-22 00:11:06,737] {dagbag.py:451} INFO - Filling up the DagBag from /home/airflow/.local/lib/python3.6/site-packages/airflow/example_dags/example_python_operator.py
[2024-06-22 00:11:06,747] {scheduler_job.py:639} INFO - DAG(s) dict_keys(['example_python_operator']) retrieved from /home/airflow/.local/lib/python3.6/site-packages/airflow/example_dags/example_python_operator.py
[2024-06-22 00:11:06,762] {logging_mixin.py:104} INFO - [2024-06-22 00:11:06,762] {dag.py:1824} INFO - Sync 1 DAGs
[2024-06-22 00:11:06,770] {logging_mixin.py:104} INFO - [2024-06-22 00:11:06,770] {dag.py:2280} INFO - Setting next_dagrun for example_python_operator to None
[2024-06-22 00:11:06,775] {scheduler_job.py:190} INFO - Processing /home/airflow/.local/lib/python3.6/site-packages/airflow/example_dags/example_python_operator.py took 0.041 seconds
[2024-06-22 00:11:37,523] {scheduler_job.py:182} INFO - Started process (PID=4851) to work on /home/airflow/.local/lib/python3.6/site-packages/airflow/example_dags/example_python_operator.py
[2024-06-22 00:11:37,524] {scheduler_job.py:629} INFO - Processing file /home/airflow/.local/lib/python3.6/site-packages/airflow/example_dags/example_python_operator.py for tasks to queue
[2024-06-22 00:11:37,524] {logging_mixin.py:104} INFO - [2024-06-22 00:11:37,524] {dagbag.py:451} INFO - Filling up the DagBag from /home/airflow/.local/lib/python3.6/site-packages/airflow/example_dags/example_python_operator.py
[2024-06-22 00:11:37,531] {scheduler_job.py:639} INFO - DAG(s) dict_keys(['example_python_operator']) retrieved from /home/airflow/.local/lib/python3.6/site-packages/airflow/example_dags/example_python_operator.py
[2024-06-22 00:11:37,544] {logging_mixin.py:104} INFO - [2024-06-22 00:11:37,544] {dag.py:1824} INFO - Sync 1 DAGs
[2024-06-22 00:11:37,553] {logging_mixin.py:104} INFO - [2024-06-22 00:11:37,553] {dag.py:2280} INFO - Setting next_dagrun for example_python_operator to None
[2024-06-22 00:11:37,558] {scheduler_job.py:190} INFO - Processing /home/airflow/.local/lib/python3.6/site-packages/airflow/example_dags/example_python_operator.py took 0.037 seconds
[2024-06-22 00:12:08,230] {scheduler_job.py:182} INFO - Started process (PID=4877) to work on /home/airflow/.local/lib/python3.6/site-packages/airflow/example_dags/example_python_operator.py
[2024-06-22 00:12:08,231] {scheduler_job.py:629} INFO - Processing file /home/airflow/.local/lib/python3.6/site-packages/airflow/example_dags/example_python_operator.py for tasks to queue
[2024-06-22 00:12:08,231] {logging_mixin.py:104} INFO - [2024-06-22 00:12:08,231] {dagbag.py:451} INFO - Filling up the DagBag from /home/airflow/.local/lib/python3.6/site-packages/airflow/example_dags/example_python_operator.py
[2024-06-22 00:12:08,238] {scheduler_job.py:639} INFO - DAG(s) dict_keys(['example_python_operator']) retrieved from /home/airflow/.local/lib/python3.6/site-packages/airflow/example_dags/example_python_operator.py
[2024-06-22 00:12:08,251] {logging_mixin.py:104} INFO - [2024-06-22 00:12:08,250] {dag.py:1824} INFO - Sync 1 DAGs
[2024-06-22 00:12:08,259] {logging_mixin.py:104} INFO - [2024-06-22 00:12:08,259] {dag.py:2280} INFO - Setting next_dagrun for example_python_operator to None
[2024-06-22 00:12:08,264] {scheduler_job.py:190} INFO - Processing /home/airflow/.local/lib/python3.6/site-packages/airflow/example_dags/example_python_operator.py took 0.036 seconds
[2024-06-22 00:12:39,047] {scheduler_job.py:182} INFO - Started process (PID=4903) to work on /home/airflow/.local/lib/python3.6/site-packages/airflow/example_dags/example_python_operator.py
[2024-06-22 00:12:39,047] {scheduler_job.py:629} INFO - Processing file /home/airflow/.local/lib/python3.6/site-packages/airflow/example_dags/example_python_operator.py for tasks to queue
[2024-06-22 00:12:39,048] {logging_mixin.py:104} INFO - [2024-06-22 00:12:39,048] {dagbag.py:451} INFO - Filling up the DagBag from /home/airflow/.local/lib/python3.6/site-packages/airflow/example_dags/example_python_operator.py
[2024-06-22 00:12:39,055] {scheduler_job.py:639} INFO - DAG(s) dict_keys(['example_python_operator']) retrieved from /home/airflow/.local/lib/python3.6/site-packages/airflow/example_dags/example_python_operator.py
[2024-06-22 00:12:39,067] {logging_mixin.py:104} INFO - [2024-06-22 00:12:39,067] {dag.py:1824} INFO - Sync 1 DAGs
[2024-06-22 00:12:39,075] {logging_mixin.py:104} INFO - [2024-06-22 00:12:39,075] {dag.py:2280} INFO - Setting next_dagrun for example_python_operator to None
[2024-06-22 00:12:39,081] {scheduler_job.py:190} INFO - Processing /home/airflow/.local/lib/python3.6/site-packages/airflow/example_dags/example_python_operator.py took 0.036 seconds
[2024-06-22 00:13:09,813] {scheduler_job.py:182} INFO - Started process (PID=4929) to work on /home/airflow/.local/lib/python3.6/site-packages/airflow/example_dags/example_python_operator.py
[2024-06-22 00:13:09,814] {scheduler_job.py:629} INFO - Processing file /home/airflow/.local/lib/python3.6/site-packages/airflow/example_dags/example_python_operator.py for tasks to queue
[2024-06-22 00:13:09,814] {logging_mixin.py:104} INFO - [2024-06-22 00:13:09,814] {dagbag.py:451} INFO - Filling up the DagBag from /home/airflow/.local/lib/python3.6/site-packages/airflow/example_dags/example_python_operator.py
[2024-06-22 00:13:09,823] {scheduler_job.py:639} INFO - DAG(s) dict_keys(['example_python_operator']) retrieved from /home/airflow/.local/lib/python3.6/site-packages/airflow/example_dags/example_python_operator.py
[2024-06-22 00:13:09,835] {logging_mixin.py:104} INFO - [2024-06-22 00:13:09,835] {dag.py:1824} INFO - Sync 1 DAGs
[2024-06-22 00:13:09,843] {logging_mixin.py:104} INFO - [2024-06-22 00:13:09,843] {dag.py:2280} INFO - Setting next_dagrun for example_python_operator to None
[2024-06-22 00:13:09,849] {scheduler_job.py:190} INFO - Processing /home/airflow/.local/lib/python3.6/site-packages/airflow/example_dags/example_python_operator.py took 0.037 seconds
[2024-06-22 00:13:40,506] {scheduler_job.py:182} INFO - Started process (PID=4955) to work on /home/airflow/.local/lib/python3.6/site-packages/airflow/example_dags/example_python_operator.py
[2024-06-22 00:13:40,507] {scheduler_job.py:629} INFO - Processing file /home/airflow/.local/lib/python3.6/site-packages/airflow/example_dags/example_python_operator.py for tasks to queue
[2024-06-22 00:13:40,508] {logging_mixin.py:104} INFO - [2024-06-22 00:13:40,508] {dagbag.py:451} INFO - Filling up the DagBag from /home/airflow/.local/lib/python3.6/site-packages/airflow/example_dags/example_python_operator.py
[2024-06-22 00:13:40,515] {scheduler_job.py:639} INFO - DAG(s) dict_keys(['example_python_operator']) retrieved from /home/airflow/.local/lib/python3.6/site-packages/airflow/example_dags/example_python_operator.py
[2024-06-22 00:13:40,527] {logging_mixin.py:104} INFO - [2024-06-22 00:13:40,527] {dag.py:1824} INFO - Sync 1 DAGs
[2024-06-22 00:13:40,535] {logging_mixin.py:104} INFO - [2024-06-22 00:13:40,535] {dag.py:2280} INFO - Setting next_dagrun for example_python_operator to None
[2024-06-22 00:13:40,540] {scheduler_job.py:190} INFO - Processing /home/airflow/.local/lib/python3.6/site-packages/airflow/example_dags/example_python_operator.py took 0.036 seconds
[2024-06-22 00:14:11,273] {scheduler_job.py:182} INFO - Started process (PID=4981) to work on /home/airflow/.local/lib/python3.6/site-packages/airflow/example_dags/example_python_operator.py
[2024-06-22 00:14:11,274] {scheduler_job.py:629} INFO - Processing file /home/airflow/.local/lib/python3.6/site-packages/airflow/example_dags/example_python_operator.py for tasks to queue
[2024-06-22 00:14:11,274] {logging_mixin.py:104} INFO - [2024-06-22 00:14:11,274] {dagbag.py:451} INFO - Filling up the DagBag from /home/airflow/.local/lib/python3.6/site-packages/airflow/example_dags/example_python_operator.py
[2024-06-22 00:14:11,282] {scheduler_job.py:639} INFO - DAG(s) dict_keys(['example_python_operator']) retrieved from /home/airflow/.local/lib/python3.6/site-packages/airflow/example_dags/example_python_operator.py
[2024-06-22 00:14:11,294] {logging_mixin.py:104} INFO - [2024-06-22 00:14:11,294] {dag.py:1824} INFO - Sync 1 DAGs
[2024-06-22 00:14:11,303] {logging_mixin.py:104} INFO - [2024-06-22 00:14:11,303] {dag.py:2280} INFO - Setting next_dagrun for example_python_operator to None
[2024-06-22 00:14:11,308] {scheduler_job.py:190} INFO - Processing /home/airflow/.local/lib/python3.6/site-packages/airflow/example_dags/example_python_operator.py took 0.037 seconds
[2024-06-22 00:14:42,112] {scheduler_job.py:182} INFO - Started process (PID=5007) to work on /home/airflow/.local/lib/python3.6/site-packages/airflow/example_dags/example_python_operator.py
[2024-06-22 00:14:42,113] {scheduler_job.py:629} INFO - Processing file /home/airflow/.local/lib/python3.6/site-packages/airflow/example_dags/example_python_operator.py for tasks to queue
[2024-06-22 00:14:42,114] {logging_mixin.py:104} INFO - [2024-06-22 00:14:42,114] {dagbag.py:451} INFO - Filling up the DagBag from /home/airflow/.local/lib/python3.6/site-packages/airflow/example_dags/example_python_operator.py
[2024-06-22 00:14:42,126] {scheduler_job.py:639} INFO - DAG(s) dict_keys(['example_python_operator']) retrieved from /home/airflow/.local/lib/python3.6/site-packages/airflow/example_dags/example_python_operator.py
[2024-06-22 00:14:42,144] {logging_mixin.py:104} INFO - [2024-06-22 00:14:42,144] {dag.py:1824} INFO - Sync 1 DAGs
[2024-06-22 00:14:42,153] {logging_mixin.py:104} INFO - [2024-06-22 00:14:42,153] {dag.py:2280} INFO - Setting next_dagrun for example_python_operator to None
[2024-06-22 00:14:42,158] {scheduler_job.py:190} INFO - Processing /home/airflow/.local/lib/python3.6/site-packages/airflow/example_dags/example_python_operator.py took 0.050 seconds
[2024-06-22 00:15:12,815] {scheduler_job.py:182} INFO - Started process (PID=5033) to work on /home/airflow/.local/lib/python3.6/site-packages/airflow/example_dags/example_python_operator.py
[2024-06-22 00:15:12,815] {scheduler_job.py:629} INFO - Processing file /home/airflow/.local/lib/python3.6/site-packages/airflow/example_dags/example_python_operator.py for tasks to queue
[2024-06-22 00:15:12,816] {logging_mixin.py:104} INFO - [2024-06-22 00:15:12,816] {dagbag.py:451} INFO - Filling up the DagBag from /home/airflow/.local/lib/python3.6/site-packages/airflow/example_dags/example_python_operator.py
[2024-06-22 00:15:12,823] {scheduler_job.py:639} INFO - DAG(s) dict_keys(['example_python_operator']) retrieved from /home/airflow/.local/lib/python3.6/site-packages/airflow/example_dags/example_python_operator.py
[2024-06-22 00:15:12,835] {logging_mixin.py:104} INFO - [2024-06-22 00:15:12,835] {dag.py:1824} INFO - Sync 1 DAGs
[2024-06-22 00:15:12,844] {logging_mixin.py:104} INFO - [2024-06-22 00:15:12,843] {dag.py:2280} INFO - Setting next_dagrun for example_python_operator to None
[2024-06-22 00:15:12,849] {scheduler_job.py:190} INFO - Processing /home/airflow/.local/lib/python3.6/site-packages/airflow/example_dags/example_python_operator.py took 0.036 seconds
[2024-06-22 00:15:43,655] {scheduler_job.py:182} INFO - Started process (PID=5059) to work on /home/airflow/.local/lib/python3.6/site-packages/airflow/example_dags/example_python_operator.py
[2024-06-22 00:15:43,656] {scheduler_job.py:629} INFO - Processing file /home/airflow/.local/lib/python3.6/site-packages/airflow/example_dags/example_python_operator.py for tasks to queue
[2024-06-22 00:15:43,657] {logging_mixin.py:104} INFO - [2024-06-22 00:15:43,657] {dagbag.py:451} INFO - Filling up the DagBag from /home/airflow/.local/lib/python3.6/site-packages/airflow/example_dags/example_python_operator.py
[2024-06-22 00:15:43,664] {scheduler_job.py:639} INFO - DAG(s) dict_keys(['example_python_operator']) retrieved from /home/airflow/.local/lib/python3.6/site-packages/airflow/example_dags/example_python_operator.py
[2024-06-22 00:15:43,676] {logging_mixin.py:104} INFO - [2024-06-22 00:15:43,676] {dag.py:1824} INFO - Sync 1 DAGs
[2024-06-22 00:15:43,685] {logging_mixin.py:104} INFO - [2024-06-22 00:15:43,685] {dag.py:2280} INFO - Setting next_dagrun for example_python_operator to None
[2024-06-22 00:15:43,690] {scheduler_job.py:190} INFO - Processing /home/airflow/.local/lib/python3.6/site-packages/airflow/example_dags/example_python_operator.py took 0.036 seconds
[2024-06-22 00:16:14,350] {scheduler_job.py:182} INFO - Started process (PID=5085) to work on /home/airflow/.local/lib/python3.6/site-packages/airflow/example_dags/example_python_operator.py
[2024-06-22 00:16:14,351] {scheduler_job.py:629} INFO - Processing file /home/airflow/.local/lib/python3.6/site-packages/airflow/example_dags/example_python_operator.py for tasks to queue
[2024-06-22 00:16:14,352] {logging_mixin.py:104} INFO - [2024-06-22 00:16:14,352] {dagbag.py:451} INFO - Filling up the DagBag from /home/airflow/.local/lib/python3.6/site-packages/airflow/example_dags/example_python_operator.py
[2024-06-22 00:16:14,359] {scheduler_job.py:639} INFO - DAG(s) dict_keys(['example_python_operator']) retrieved from /home/airflow/.local/lib/python3.6/site-packages/airflow/example_dags/example_python_operator.py
[2024-06-22 00:16:14,371] {logging_mixin.py:104} INFO - [2024-06-22 00:16:14,371] {dag.py:1824} INFO - Sync 1 DAGs
[2024-06-22 00:16:14,379] {logging_mixin.py:104} INFO - [2024-06-22 00:16:14,379] {dag.py:2280} INFO - Setting next_dagrun for example_python_operator to None
[2024-06-22 00:16:14,385] {scheduler_job.py:190} INFO - Processing /home/airflow/.local/lib/python3.6/site-packages/airflow/example_dags/example_python_operator.py took 0.036 seconds
[2024-06-22 00:16:45,109] {scheduler_job.py:182} INFO - Started process (PID=5111) to work on /home/airflow/.local/lib/python3.6/site-packages/airflow/example_dags/example_python_operator.py
[2024-06-22 00:16:45,110] {scheduler_job.py:629} INFO - Processing file /home/airflow/.local/lib/python3.6/site-packages/airflow/example_dags/example_python_operator.py for tasks to queue
[2024-06-22 00:16:45,110] {logging_mixin.py:104} INFO - [2024-06-22 00:16:45,110] {dagbag.py:451} INFO - Filling up the DagBag from /home/airflow/.local/lib/python3.6/site-packages/airflow/example_dags/example_python_operator.py
[2024-06-22 00:16:45,118] {scheduler_job.py:639} INFO - DAG(s) dict_keys(['example_python_operator']) retrieved from /home/airflow/.local/lib/python3.6/site-packages/airflow/example_dags/example_python_operator.py
[2024-06-22 00:16:45,130] {logging_mixin.py:104} INFO - [2024-06-22 00:16:45,130] {dag.py:1824} INFO - Sync 1 DAGs
[2024-06-22 00:16:45,138] {logging_mixin.py:104} INFO - [2024-06-22 00:16:45,138] {dag.py:2280} INFO - Setting next_dagrun for example_python_operator to None
[2024-06-22 00:16:45,143] {scheduler_job.py:190} INFO - Processing /home/airflow/.local/lib/python3.6/site-packages/airflow/example_dags/example_python_operator.py took 0.036 seconds
[2024-06-22 00:17:15,904] {scheduler_job.py:182} INFO - Started process (PID=5137) to work on /home/airflow/.local/lib/python3.6/site-packages/airflow/example_dags/example_python_operator.py
[2024-06-22 00:17:15,905] {scheduler_job.py:629} INFO - Processing file /home/airflow/.local/lib/python3.6/site-packages/airflow/example_dags/example_python_operator.py for tasks to queue
[2024-06-22 00:17:15,905] {logging_mixin.py:104} INFO - [2024-06-22 00:17:15,905] {dagbag.py:451} INFO - Filling up the DagBag from /home/airflow/.local/lib/python3.6/site-packages/airflow/example_dags/example_python_operator.py
[2024-06-22 00:17:15,913] {scheduler_job.py:639} INFO - DAG(s) dict_keys(['example_python_operator']) retrieved from /home/airflow/.local/lib/python3.6/site-packages/airflow/example_dags/example_python_operator.py
[2024-06-22 00:17:15,925] {logging_mixin.py:104} INFO - [2024-06-22 00:17:15,925] {dag.py:1824} INFO - Sync 1 DAGs
[2024-06-22 00:17:15,933] {logging_mixin.py:104} INFO - [2024-06-22 00:17:15,933] {dag.py:2280} INFO - Setting next_dagrun for example_python_operator to None
[2024-06-22 00:17:15,938] {scheduler_job.py:190} INFO - Processing /home/airflow/.local/lib/python3.6/site-packages/airflow/example_dags/example_python_operator.py took 0.036 seconds
[2024-06-22 00:17:46,680] {scheduler_job.py:182} INFO - Started process (PID=5163) to work on /home/airflow/.local/lib/python3.6/site-packages/airflow/example_dags/example_python_operator.py
[2024-06-22 00:17:46,681] {scheduler_job.py:629} INFO - Processing file /home/airflow/.local/lib/python3.6/site-packages/airflow/example_dags/example_python_operator.py for tasks to queue
[2024-06-22 00:17:46,681] {logging_mixin.py:104} INFO - [2024-06-22 00:17:46,681] {dagbag.py:451} INFO - Filling up the DagBag from /home/airflow/.local/lib/python3.6/site-packages/airflow/example_dags/example_python_operator.py
[2024-06-22 00:17:46,688] {scheduler_job.py:639} INFO - DAG(s) dict_keys(['example_python_operator']) retrieved from /home/airflow/.local/lib/python3.6/site-packages/airflow/example_dags/example_python_operator.py
[2024-06-22 00:17:46,700] {logging_mixin.py:104} INFO - [2024-06-22 00:17:46,700] {dag.py:1824} INFO - Sync 1 DAGs
[2024-06-22 00:17:46,708] {logging_mixin.py:104} INFO - [2024-06-22 00:17:46,708] {dag.py:2280} INFO - Setting next_dagrun for example_python_operator to None
[2024-06-22 00:17:46,713] {scheduler_job.py:190} INFO - Processing /home/airflow/.local/lib/python3.6/site-packages/airflow/example_dags/example_python_operator.py took 0.035 seconds
[2024-06-22 00:18:17,423] {scheduler_job.py:182} INFO - Started process (PID=5189) to work on /home/airflow/.local/lib/python3.6/site-packages/airflow/example_dags/example_python_operator.py
[2024-06-22 00:18:17,424] {scheduler_job.py:629} INFO - Processing file /home/airflow/.local/lib/python3.6/site-packages/airflow/example_dags/example_python_operator.py for tasks to queue
[2024-06-22 00:18:17,424] {logging_mixin.py:104} INFO - [2024-06-22 00:18:17,424] {dagbag.py:451} INFO - Filling up the DagBag from /home/airflow/.local/lib/python3.6/site-packages/airflow/example_dags/example_python_operator.py
[2024-06-22 00:18:17,431] {scheduler_job.py:639} INFO - DAG(s) dict_keys(['example_python_operator']) retrieved from /home/airflow/.local/lib/python3.6/site-packages/airflow/example_dags/example_python_operator.py
[2024-06-22 00:18:17,443] {logging_mixin.py:104} INFO - [2024-06-22 00:18:17,443] {dag.py:1824} INFO - Sync 1 DAGs
[2024-06-22 00:18:17,451] {logging_mixin.py:104} INFO - [2024-06-22 00:18:17,451] {dag.py:2280} INFO - Setting next_dagrun for example_python_operator to None
[2024-06-22 00:18:17,457] {scheduler_job.py:190} INFO - Processing /home/airflow/.local/lib/python3.6/site-packages/airflow/example_dags/example_python_operator.py took 0.036 seconds
[2024-06-22 00:18:48,194] {scheduler_job.py:182} INFO - Started process (PID=5215) to work on /home/airflow/.local/lib/python3.6/site-packages/airflow/example_dags/example_python_operator.py
[2024-06-22 00:18:48,195] {scheduler_job.py:629} INFO - Processing file /home/airflow/.local/lib/python3.6/site-packages/airflow/example_dags/example_python_operator.py for tasks to queue
[2024-06-22 00:18:48,195] {logging_mixin.py:104} INFO - [2024-06-22 00:18:48,195] {dagbag.py:451} INFO - Filling up the DagBag from /home/airflow/.local/lib/python3.6/site-packages/airflow/example_dags/example_python_operator.py
[2024-06-22 00:18:48,202] {scheduler_job.py:639} INFO - DAG(s) dict_keys(['example_python_operator']) retrieved from /home/airflow/.local/lib/python3.6/site-packages/airflow/example_dags/example_python_operator.py
[2024-06-22 00:18:48,214] {logging_mixin.py:104} INFO - [2024-06-22 00:18:48,214] {dag.py:1824} INFO - Sync 1 DAGs
[2024-06-22 00:18:48,222] {logging_mixin.py:104} INFO - [2024-06-22 00:18:48,222] {dag.py:2280} INFO - Setting next_dagrun for example_python_operator to None
[2024-06-22 00:18:48,227] {scheduler_job.py:190} INFO - Processing /home/airflow/.local/lib/python3.6/site-packages/airflow/example_dags/example_python_operator.py took 0.035 seconds
[2024-06-22 00:19:18,967] {scheduler_job.py:182} INFO - Started process (PID=5241) to work on /home/airflow/.local/lib/python3.6/site-packages/airflow/example_dags/example_python_operator.py
[2024-06-22 00:19:18,968] {scheduler_job.py:629} INFO - Processing file /home/airflow/.local/lib/python3.6/site-packages/airflow/example_dags/example_python_operator.py for tasks to queue
[2024-06-22 00:19:18,968] {logging_mixin.py:104} INFO - [2024-06-22 00:19:18,968] {dagbag.py:451} INFO - Filling up the DagBag from /home/airflow/.local/lib/python3.6/site-packages/airflow/example_dags/example_python_operator.py
[2024-06-22 00:19:18,975] {scheduler_job.py:639} INFO - DAG(s) dict_keys(['example_python_operator']) retrieved from /home/airflow/.local/lib/python3.6/site-packages/airflow/example_dags/example_python_operator.py
[2024-06-22 00:19:18,987] {logging_mixin.py:104} INFO - [2024-06-22 00:19:18,987] {dag.py:1824} INFO - Sync 1 DAGs
[2024-06-22 00:19:18,995] {logging_mixin.py:104} INFO - [2024-06-22 00:19:18,995] {dag.py:2280} INFO - Setting next_dagrun for example_python_operator to None
[2024-06-22 00:19:19,001] {scheduler_job.py:190} INFO - Processing /home/airflow/.local/lib/python3.6/site-packages/airflow/example_dags/example_python_operator.py took 0.035 seconds
[2024-06-22 00:19:49,721] {scheduler_job.py:182} INFO - Started process (PID=5267) to work on /home/airflow/.local/lib/python3.6/site-packages/airflow/example_dags/example_python_operator.py
[2024-06-22 00:19:49,722] {scheduler_job.py:629} INFO - Processing file /home/airflow/.local/lib/python3.6/site-packages/airflow/example_dags/example_python_operator.py for tasks to queue
[2024-06-22 00:19:49,722] {logging_mixin.py:104} INFO - [2024-06-22 00:19:49,722] {dagbag.py:451} INFO - Filling up the DagBag from /home/airflow/.local/lib/python3.6/site-packages/airflow/example_dags/example_python_operator.py
[2024-06-22 00:19:49,729] {scheduler_job.py:639} INFO - DAG(s) dict_keys(['example_python_operator']) retrieved from /home/airflow/.local/lib/python3.6/site-packages/airflow/example_dags/example_python_operator.py
[2024-06-22 00:19:49,742] {logging_mixin.py:104} INFO - [2024-06-22 00:19:49,742] {dag.py:1824} INFO - Sync 1 DAGs
[2024-06-22 00:19:49,750] {logging_mixin.py:104} INFO - [2024-06-22 00:19:49,750] {dag.py:2280} INFO - Setting next_dagrun for example_python_operator to None
[2024-06-22 00:19:49,756] {scheduler_job.py:190} INFO - Processing /home/airflow/.local/lib/python3.6/site-packages/airflow/example_dags/example_python_operator.py took 0.036 seconds
[2024-06-22 00:20:20,406] {scheduler_job.py:182} INFO - Started process (PID=5293) to work on /home/airflow/.local/lib/python3.6/site-packages/airflow/example_dags/example_python_operator.py
[2024-06-22 00:20:20,407] {scheduler_job.py:629} INFO - Processing file /home/airflow/.local/lib/python3.6/site-packages/airflow/example_dags/example_python_operator.py for tasks to queue
[2024-06-22 00:20:20,407] {logging_mixin.py:104} INFO - [2024-06-22 00:20:20,407] {dagbag.py:451} INFO - Filling up the DagBag from /home/airflow/.local/lib/python3.6/site-packages/airflow/example_dags/example_python_operator.py
[2024-06-22 00:20:20,414] {scheduler_job.py:639} INFO - DAG(s) dict_keys(['example_python_operator']) retrieved from /home/airflow/.local/lib/python3.6/site-packages/airflow/example_dags/example_python_operator.py
[2024-06-22 00:20:20,426] {logging_mixin.py:104} INFO - [2024-06-22 00:20:20,426] {dag.py:1824} INFO - Sync 1 DAGs
[2024-06-22 00:20:20,434] {logging_mixin.py:104} INFO - [2024-06-22 00:20:20,434] {dag.py:2280} INFO - Setting next_dagrun for example_python_operator to None
[2024-06-22 00:20:20,439] {scheduler_job.py:190} INFO - Processing /home/airflow/.local/lib/python3.6/site-packages/airflow/example_dags/example_python_operator.py took 0.035 seconds
[2024-06-22 00:20:51,152] {scheduler_job.py:182} INFO - Started process (PID=5319) to work on /home/airflow/.local/lib/python3.6/site-packages/airflow/example_dags/example_python_operator.py
[2024-06-22 00:20:51,153] {scheduler_job.py:629} INFO - Processing file /home/airflow/.local/lib/python3.6/site-packages/airflow/example_dags/example_python_operator.py for tasks to queue
[2024-06-22 00:20:51,153] {logging_mixin.py:104} INFO - [2024-06-22 00:20:51,153] {dagbag.py:451} INFO - Filling up the DagBag from /home/airflow/.local/lib/python3.6/site-packages/airflow/example_dags/example_python_operator.py
[2024-06-22 00:20:51,160] {scheduler_job.py:639} INFO - DAG(s) dict_keys(['example_python_operator']) retrieved from /home/airflow/.local/lib/python3.6/site-packages/airflow/example_dags/example_python_operator.py
[2024-06-22 00:20:51,172] {logging_mixin.py:104} INFO - [2024-06-22 00:20:51,172] {dag.py:1824} INFO - Sync 1 DAGs
[2024-06-22 00:20:51,181] {logging_mixin.py:104} INFO - [2024-06-22 00:20:51,181] {dag.py:2280} INFO - Setting next_dagrun for example_python_operator to None
[2024-06-22 00:20:51,186] {scheduler_job.py:190} INFO - Processing /home/airflow/.local/lib/python3.6/site-packages/airflow/example_dags/example_python_operator.py took 0.036 seconds
[2024-06-22 00:21:21,841] {scheduler_job.py:182} INFO - Started process (PID=5345) to work on /home/airflow/.local/lib/python3.6/site-packages/airflow/example_dags/example_python_operator.py
[2024-06-22 00:21:21,842] {scheduler_job.py:629} INFO - Processing file /home/airflow/.local/lib/python3.6/site-packages/airflow/example_dags/example_python_operator.py for tasks to queue
[2024-06-22 00:21:21,842] {logging_mixin.py:104} INFO - [2024-06-22 00:21:21,842] {dagbag.py:451} INFO - Filling up the DagBag from /home/airflow/.local/lib/python3.6/site-packages/airflow/example_dags/example_python_operator.py
[2024-06-22 00:21:21,850] {scheduler_job.py:639} INFO - DAG(s) dict_keys(['example_python_operator']) retrieved from /home/airflow/.local/lib/python3.6/site-packages/airflow/example_dags/example_python_operator.py
[2024-06-22 00:21:21,862] {logging_mixin.py:104} INFO - [2024-06-22 00:21:21,862] {dag.py:1824} INFO - Sync 1 DAGs
[2024-06-22 00:21:21,870] {logging_mixin.py:104} INFO - [2024-06-22 00:21:21,870] {dag.py:2280} INFO - Setting next_dagrun for example_python_operator to None
[2024-06-22 00:21:21,875] {scheduler_job.py:190} INFO - Processing /home/airflow/.local/lib/python3.6/site-packages/airflow/example_dags/example_python_operator.py took 0.036 seconds
[2024-06-22 00:21:52,602] {scheduler_job.py:182} INFO - Started process (PID=5371) to work on /home/airflow/.local/lib/python3.6/site-packages/airflow/example_dags/example_python_operator.py
[2024-06-22 00:21:52,603] {scheduler_job.py:629} INFO - Processing file /home/airflow/.local/lib/python3.6/site-packages/airflow/example_dags/example_python_operator.py for tasks to queue
[2024-06-22 00:21:52,604] {logging_mixin.py:104} INFO - [2024-06-22 00:21:52,604] {dagbag.py:451} INFO - Filling up the DagBag from /home/airflow/.local/lib/python3.6/site-packages/airflow/example_dags/example_python_operator.py
[2024-06-22 00:21:52,611] {scheduler_job.py:639} INFO - DAG(s) dict_keys(['example_python_operator']) retrieved from /home/airflow/.local/lib/python3.6/site-packages/airflow/example_dags/example_python_operator.py
[2024-06-22 00:21:52,623] {logging_mixin.py:104} INFO - [2024-06-22 00:21:52,623] {dag.py:1824} INFO - Sync 1 DAGs
[2024-06-22 00:21:52,631] {logging_mixin.py:104} INFO - [2024-06-22 00:21:52,631] {dag.py:2280} INFO - Setting next_dagrun for example_python_operator to None
[2024-06-22 00:21:52,637] {scheduler_job.py:190} INFO - Processing /home/airflow/.local/lib/python3.6/site-packages/airflow/example_dags/example_python_operator.py took 0.036 seconds
[2024-06-22 00:22:23,298] {scheduler_job.py:182} INFO - Started process (PID=5397) to work on /home/airflow/.local/lib/python3.6/site-packages/airflow/example_dags/example_python_operator.py
[2024-06-22 00:22:23,298] {scheduler_job.py:629} INFO - Processing file /home/airflow/.local/lib/python3.6/site-packages/airflow/example_dags/example_python_operator.py for tasks to queue
[2024-06-22 00:22:23,299] {logging_mixin.py:104} INFO - [2024-06-22 00:22:23,299] {dagbag.py:451} INFO - Filling up the DagBag from /home/airflow/.local/lib/python3.6/site-packages/airflow/example_dags/example_python_operator.py
[2024-06-22 00:22:23,306] {scheduler_job.py:639} INFO - DAG(s) dict_keys(['example_python_operator']) retrieved from /home/airflow/.local/lib/python3.6/site-packages/airflow/example_dags/example_python_operator.py
[2024-06-22 00:22:23,318] {logging_mixin.py:104} INFO - [2024-06-22 00:22:23,318] {dag.py:1824} INFO - Sync 1 DAGs
[2024-06-22 00:22:23,327] {logging_mixin.py:104} INFO - [2024-06-22 00:22:23,327] {dag.py:2280} INFO - Setting next_dagrun for example_python_operator to None
[2024-06-22 00:22:23,332] {scheduler_job.py:190} INFO - Processing /home/airflow/.local/lib/python3.6/site-packages/airflow/example_dags/example_python_operator.py took 0.036 seconds
[2024-06-22 00:22:54,129] {scheduler_job.py:182} INFO - Started process (PID=5423) to work on /home/airflow/.local/lib/python3.6/site-packages/airflow/example_dags/example_python_operator.py
[2024-06-22 00:22:54,130] {scheduler_job.py:629} INFO - Processing file /home/airflow/.local/lib/python3.6/site-packages/airflow/example_dags/example_python_operator.py for tasks to queue
[2024-06-22 00:22:54,130] {logging_mixin.py:104} INFO - [2024-06-22 00:22:54,130] {dagbag.py:451} INFO - Filling up the DagBag from /home/airflow/.local/lib/python3.6/site-packages/airflow/example_dags/example_python_operator.py
[2024-06-22 00:22:54,138] {scheduler_job.py:639} INFO - DAG(s) dict_keys(['example_python_operator']) retrieved from /home/airflow/.local/lib/python3.6/site-packages/airflow/example_dags/example_python_operator.py
[2024-06-22 00:22:54,149] {logging_mixin.py:104} INFO - [2024-06-22 00:22:54,149] {dag.py:1824} INFO - Sync 1 DAGs
[2024-06-22 00:22:54,157] {logging_mixin.py:104} INFO - [2024-06-22 00:22:54,157] {dag.py:2280} INFO - Setting next_dagrun for example_python_operator to None
[2024-06-22 00:22:54,163] {scheduler_job.py:190} INFO - Processing /home/airflow/.local/lib/python3.6/site-packages/airflow/example_dags/example_python_operator.py took 0.035 seconds
[2024-06-22 00:23:24,825] {scheduler_job.py:182} INFO - Started process (PID=5449) to work on /home/airflow/.local/lib/python3.6/site-packages/airflow/example_dags/example_python_operator.py
[2024-06-22 00:23:24,826] {scheduler_job.py:629} INFO - Processing file /home/airflow/.local/lib/python3.6/site-packages/airflow/example_dags/example_python_operator.py for tasks to queue
[2024-06-22 00:23:24,826] {logging_mixin.py:104} INFO - [2024-06-22 00:23:24,826] {dagbag.py:451} INFO - Filling up the DagBag from /home/airflow/.local/lib/python3.6/site-packages/airflow/example_dags/example_python_operator.py
[2024-06-22 00:23:24,833] {scheduler_job.py:639} INFO - DAG(s) dict_keys(['example_python_operator']) retrieved from /home/airflow/.local/lib/python3.6/site-packages/airflow/example_dags/example_python_operator.py
[2024-06-22 00:23:24,845] {logging_mixin.py:104} INFO - [2024-06-22 00:23:24,845] {dag.py:1824} INFO - Sync 1 DAGs
[2024-06-22 00:23:24,853] {logging_mixin.py:104} INFO - [2024-06-22 00:23:24,853] {dag.py:2280} INFO - Setting next_dagrun for example_python_operator to None
[2024-06-22 00:23:24,858] {scheduler_job.py:190} INFO - Processing /home/airflow/.local/lib/python3.6/site-packages/airflow/example_dags/example_python_operator.py took 0.035 seconds
[2024-06-22 00:23:55,654] {scheduler_job.py:182} INFO - Started process (PID=5475) to work on /home/airflow/.local/lib/python3.6/site-packages/airflow/example_dags/example_python_operator.py
[2024-06-22 00:23:55,654] {scheduler_job.py:629} INFO - Processing file /home/airflow/.local/lib/python3.6/site-packages/airflow/example_dags/example_python_operator.py for tasks to queue
[2024-06-22 00:23:55,655] {logging_mixin.py:104} INFO - [2024-06-22 00:23:55,655] {dagbag.py:451} INFO - Filling up the DagBag from /home/airflow/.local/lib/python3.6/site-packages/airflow/example_dags/example_python_operator.py
[2024-06-22 00:23:55,662] {scheduler_job.py:639} INFO - DAG(s) dict_keys(['example_python_operator']) retrieved from /home/airflow/.local/lib/python3.6/site-packages/airflow/example_dags/example_python_operator.py
[2024-06-22 00:23:55,674] {logging_mixin.py:104} INFO - [2024-06-22 00:23:55,674] {dag.py:1824} INFO - Sync 1 DAGs
[2024-06-22 00:23:55,683] {logging_mixin.py:104} INFO - [2024-06-22 00:23:55,682] {dag.py:2280} INFO - Setting next_dagrun for example_python_operator to None
[2024-06-22 00:23:55,688] {scheduler_job.py:190} INFO - Processing /home/airflow/.local/lib/python3.6/site-packages/airflow/example_dags/example_python_operator.py took 0.036 seconds
[2024-06-22 00:24:26,495] {scheduler_job.py:182} INFO - Started process (PID=5501) to work on /home/airflow/.local/lib/python3.6/site-packages/airflow/example_dags/example_python_operator.py
[2024-06-22 00:24:26,496] {scheduler_job.py:629} INFO - Processing file /home/airflow/.local/lib/python3.6/site-packages/airflow/example_dags/example_python_operator.py for tasks to queue
[2024-06-22 00:24:26,496] {logging_mixin.py:104} INFO - [2024-06-22 00:24:26,496] {dagbag.py:451} INFO - Filling up the DagBag from /home/airflow/.local/lib/python3.6/site-packages/airflow/example_dags/example_python_operator.py
[2024-06-22 00:24:26,503] {scheduler_job.py:639} INFO - DAG(s) dict_keys(['example_python_operator']) retrieved from /home/airflow/.local/lib/python3.6/site-packages/airflow/example_dags/example_python_operator.py
[2024-06-22 00:24:26,516] {logging_mixin.py:104} INFO - [2024-06-22 00:24:26,516] {dag.py:1824} INFO - Sync 1 DAGs
[2024-06-22 00:24:26,524] {logging_mixin.py:104} INFO - [2024-06-22 00:24:26,524] {dag.py:2280} INFO - Setting next_dagrun for example_python_operator to None
[2024-06-22 00:24:26,529] {scheduler_job.py:190} INFO - Processing /home/airflow/.local/lib/python3.6/site-packages/airflow/example_dags/example_python_operator.py took 0.036 seconds
[2024-06-22 00:24:57,262] {scheduler_job.py:182} INFO - Started process (PID=5527) to work on /home/airflow/.local/lib/python3.6/site-packages/airflow/example_dags/example_python_operator.py
[2024-06-22 00:24:57,263] {scheduler_job.py:629} INFO - Processing file /home/airflow/.local/lib/python3.6/site-packages/airflow/example_dags/example_python_operator.py for tasks to queue
[2024-06-22 00:24:57,263] {logging_mixin.py:104} INFO - [2024-06-22 00:24:57,263] {dagbag.py:451} INFO - Filling up the DagBag from /home/airflow/.local/lib/python3.6/site-packages/airflow/example_dags/example_python_operator.py
[2024-06-22 00:24:57,274] {scheduler_job.py:639} INFO - DAG(s) dict_keys(['example_python_operator']) retrieved from /home/airflow/.local/lib/python3.6/site-packages/airflow/example_dags/example_python_operator.py
[2024-06-22 00:24:57,292] {logging_mixin.py:104} INFO - [2024-06-22 00:24:57,292] {dag.py:1824} INFO - Sync 1 DAGs
[2024-06-22 00:24:57,303] {logging_mixin.py:104} INFO - [2024-06-22 00:24:57,303] {dag.py:2280} INFO - Setting next_dagrun for example_python_operator to None
[2024-06-22 00:24:57,310] {scheduler_job.py:190} INFO - Processing /home/airflow/.local/lib/python3.6/site-packages/airflow/example_dags/example_python_operator.py took 0.051 seconds
[2024-06-22 23:26:23,191] {scheduler_job.py:182} INFO - Started process (PID=5553) to work on /home/airflow/.local/lib/python3.6/site-packages/airflow/example_dags/example_python_operator.py
[2024-06-22 23:26:23,192] {scheduler_job.py:629} INFO - Processing file /home/airflow/.local/lib/python3.6/site-packages/airflow/example_dags/example_python_operator.py for tasks to queue
[2024-06-22 23:26:23,193] {logging_mixin.py:104} INFO - [2024-06-22 23:26:23,193] {dagbag.py:451} INFO - Filling up the DagBag from /home/airflow/.local/lib/python3.6/site-packages/airflow/example_dags/example_python_operator.py
[2024-06-22 23:26:23,214] {scheduler_job.py:639} INFO - DAG(s) dict_keys(['example_python_operator']) retrieved from /home/airflow/.local/lib/python3.6/site-packages/airflow/example_dags/example_python_operator.py
[2024-06-22 23:26:23,251] {logging_mixin.py:104} INFO - [2024-06-22 23:26:23,251] {dag.py:1824} INFO - Sync 1 DAGs
[2024-06-22 23:26:23,277] {logging_mixin.py:104} INFO - [2024-06-22 23:26:23,277] {dag.py:2280} INFO - Setting next_dagrun for example_python_operator to None
[2024-06-22 23:26:23,305] {scheduler_job.py:190} INFO - Processing /home/airflow/.local/lib/python3.6/site-packages/airflow/example_dags/example_python_operator.py took 0.117 seconds
[2024-06-22 23:26:54,099] {scheduler_job.py:182} INFO - Started process (PID=5579) to work on /home/airflow/.local/lib/python3.6/site-packages/airflow/example_dags/example_python_operator.py
[2024-06-22 23:26:54,100] {scheduler_job.py:629} INFO - Processing file /home/airflow/.local/lib/python3.6/site-packages/airflow/example_dags/example_python_operator.py for tasks to queue
[2024-06-22 23:26:54,100] {logging_mixin.py:104} INFO - [2024-06-22 23:26:54,100] {dagbag.py:451} INFO - Filling up the DagBag from /home/airflow/.local/lib/python3.6/site-packages/airflow/example_dags/example_python_operator.py
[2024-06-22 23:26:54,109] {scheduler_job.py:639} INFO - DAG(s) dict_keys(['example_python_operator']) retrieved from /home/airflow/.local/lib/python3.6/site-packages/airflow/example_dags/example_python_operator.py
[2024-06-22 23:26:54,124] {logging_mixin.py:104} INFO - [2024-06-22 23:26:54,124] {dag.py:1824} INFO - Sync 1 DAGs
[2024-06-22 23:26:54,134] {logging_mixin.py:104} INFO - [2024-06-22 23:26:54,134] {dag.py:2280} INFO - Setting next_dagrun for example_python_operator to None
[2024-06-22 23:26:54,140] {scheduler_job.py:190} INFO - Processing /home/airflow/.local/lib/python3.6/site-packages/airflow/example_dags/example_python_operator.py took 0.044 seconds
[2024-06-22 23:27:24,896] {scheduler_job.py:182} INFO - Started process (PID=5605) to work on /home/airflow/.local/lib/python3.6/site-packages/airflow/example_dags/example_python_operator.py
[2024-06-22 23:27:24,897] {scheduler_job.py:629} INFO - Processing file /home/airflow/.local/lib/python3.6/site-packages/airflow/example_dags/example_python_operator.py for tasks to queue
[2024-06-22 23:27:24,897] {logging_mixin.py:104} INFO - [2024-06-22 23:27:24,897] {dagbag.py:451} INFO - Filling up the DagBag from /home/airflow/.local/lib/python3.6/site-packages/airflow/example_dags/example_python_operator.py
[2024-06-22 23:27:24,905] {scheduler_job.py:639} INFO - DAG(s) dict_keys(['example_python_operator']) retrieved from /home/airflow/.local/lib/python3.6/site-packages/airflow/example_dags/example_python_operator.py
[2024-06-22 23:27:24,918] {logging_mixin.py:104} INFO - [2024-06-22 23:27:24,918] {dag.py:1824} INFO - Sync 1 DAGs
[2024-06-22 23:27:24,926] {logging_mixin.py:104} INFO - [2024-06-22 23:27:24,926] {dag.py:2280} INFO - Setting next_dagrun for example_python_operator to None
[2024-06-22 23:27:24,933] {scheduler_job.py:190} INFO - Processing /home/airflow/.local/lib/python3.6/site-packages/airflow/example_dags/example_python_operator.py took 0.039 seconds
[2024-06-22 23:27:55,662] {scheduler_job.py:182} INFO - Started process (PID=5631) to work on /home/airflow/.local/lib/python3.6/site-packages/airflow/example_dags/example_python_operator.py
[2024-06-22 23:27:55,663] {scheduler_job.py:629} INFO - Processing file /home/airflow/.local/lib/python3.6/site-packages/airflow/example_dags/example_python_operator.py for tasks to queue
[2024-06-22 23:27:55,664] {logging_mixin.py:104} INFO - [2024-06-22 23:27:55,664] {dagbag.py:451} INFO - Filling up the DagBag from /home/airflow/.local/lib/python3.6/site-packages/airflow/example_dags/example_python_operator.py
[2024-06-22 23:27:55,671] {scheduler_job.py:639} INFO - DAG(s) dict_keys(['example_python_operator']) retrieved from /home/airflow/.local/lib/python3.6/site-packages/airflow/example_dags/example_python_operator.py
[2024-06-22 23:27:55,684] {logging_mixin.py:104} INFO - [2024-06-22 23:27:55,684] {dag.py:1824} INFO - Sync 1 DAGs
[2024-06-22 23:27:55,693] {logging_mixin.py:104} INFO - [2024-06-22 23:27:55,693] {dag.py:2280} INFO - Setting next_dagrun for example_python_operator to None
[2024-06-22 23:27:55,700] {scheduler_job.py:190} INFO - Processing /home/airflow/.local/lib/python3.6/site-packages/airflow/example_dags/example_python_operator.py took 0.040 seconds
[2024-06-22 23:28:26,442] {scheduler_job.py:182} INFO - Started process (PID=5657) to work on /home/airflow/.local/lib/python3.6/site-packages/airflow/example_dags/example_python_operator.py
[2024-06-22 23:28:26,443] {scheduler_job.py:629} INFO - Processing file /home/airflow/.local/lib/python3.6/site-packages/airflow/example_dags/example_python_operator.py for tasks to queue
[2024-06-22 23:28:26,443] {logging_mixin.py:104} INFO - [2024-06-22 23:28:26,443] {dagbag.py:451} INFO - Filling up the DagBag from /home/airflow/.local/lib/python3.6/site-packages/airflow/example_dags/example_python_operator.py
[2024-06-22 23:28:26,451] {scheduler_job.py:639} INFO - DAG(s) dict_keys(['example_python_operator']) retrieved from /home/airflow/.local/lib/python3.6/site-packages/airflow/example_dags/example_python_operator.py
[2024-06-22 23:28:26,462] {logging_mixin.py:104} INFO - [2024-06-22 23:28:26,462] {dag.py:1824} INFO - Sync 1 DAGs
[2024-06-22 23:28:26,470] {logging_mixin.py:104} INFO - [2024-06-22 23:28:26,470] {dag.py:2280} INFO - Setting next_dagrun for example_python_operator to None
[2024-06-22 23:28:26,477] {scheduler_job.py:190} INFO - Processing /home/airflow/.local/lib/python3.6/site-packages/airflow/example_dags/example_python_operator.py took 0.037 seconds
