[2024-06-22 00:00:19,659] {scheduler_job.py:182} INFO - Started process (PID=4258) to work on /home/airflow/.local/lib/python3.6/site-packages/airflow/example_dags/example_complex.py
[2024-06-22 00:00:19,660] {scheduler_job.py:629} INFO - Processing file /home/airflow/.local/lib/python3.6/site-packages/airflow/example_dags/example_complex.py for tasks to queue
[2024-06-22 00:00:19,660] {logging_mixin.py:104} INFO - [2024-06-22 00:00:19,660] {dagbag.py:451} INFO - Filling up the DagBag from /home/airflow/.local/lib/python3.6/site-packages/airflow/example_dags/example_complex.py
[2024-06-22 00:00:19,671] {scheduler_job.py:639} INFO - DAG(s) dict_keys(['example_complex']) retrieved from /home/airflow/.local/lib/python3.6/site-packages/airflow/example_dags/example_complex.py
[2024-06-22 00:00:19,687] {logging_mixin.py:104} INFO - [2024-06-22 00:00:19,687] {dag.py:1824} INFO - Sync 1 DAGs
[2024-06-22 00:00:19,695] {logging_mixin.py:104} INFO - [2024-06-22 00:00:19,695] {dag.py:2280} INFO - Setting next_dagrun for example_complex to None
[2024-06-22 00:00:19,704] {scheduler_job.py:190} INFO - Processing /home/airflow/.local/lib/python3.6/site-packages/airflow/example_dags/example_complex.py took 0.047 seconds
[2024-06-22 00:00:50,394] {scheduler_job.py:182} INFO - Started process (PID=4284) to work on /home/airflow/.local/lib/python3.6/site-packages/airflow/example_dags/example_complex.py
[2024-06-22 00:00:50,395] {scheduler_job.py:629} INFO - Processing file /home/airflow/.local/lib/python3.6/site-packages/airflow/example_dags/example_complex.py for tasks to queue
[2024-06-22 00:00:50,395] {logging_mixin.py:104} INFO - [2024-06-22 00:00:50,395] {dagbag.py:451} INFO - Filling up the DagBag from /home/airflow/.local/lib/python3.6/site-packages/airflow/example_dags/example_complex.py
[2024-06-22 00:00:50,405] {scheduler_job.py:639} INFO - DAG(s) dict_keys(['example_complex']) retrieved from /home/airflow/.local/lib/python3.6/site-packages/airflow/example_dags/example_complex.py
[2024-06-22 00:00:50,420] {logging_mixin.py:104} INFO - [2024-06-22 00:00:50,420] {dag.py:1824} INFO - Sync 1 DAGs
[2024-06-22 00:00:50,428] {logging_mixin.py:104} INFO - [2024-06-22 00:00:50,428] {dag.py:2280} INFO - Setting next_dagrun for example_complex to None
[2024-06-22 00:00:50,434] {scheduler_job.py:190} INFO - Processing /home/airflow/.local/lib/python3.6/site-packages/airflow/example_dags/example_complex.py took 0.041 seconds
[2024-06-22 00:01:21,212] {scheduler_job.py:182} INFO - Started process (PID=4310) to work on /home/airflow/.local/lib/python3.6/site-packages/airflow/example_dags/example_complex.py
[2024-06-22 00:01:21,213] {scheduler_job.py:629} INFO - Processing file /home/airflow/.local/lib/python3.6/site-packages/airflow/example_dags/example_complex.py for tasks to queue
[2024-06-22 00:01:21,214] {logging_mixin.py:104} INFO - [2024-06-22 00:01:21,214] {dagbag.py:451} INFO - Filling up the DagBag from /home/airflow/.local/lib/python3.6/site-packages/airflow/example_dags/example_complex.py
[2024-06-22 00:01:21,224] {scheduler_job.py:639} INFO - DAG(s) dict_keys(['example_complex']) retrieved from /home/airflow/.local/lib/python3.6/site-packages/airflow/example_dags/example_complex.py
[2024-06-22 00:01:21,238] {logging_mixin.py:104} INFO - [2024-06-22 00:01:21,238] {dag.py:1824} INFO - Sync 1 DAGs
[2024-06-22 00:01:21,246] {logging_mixin.py:104} INFO - [2024-06-22 00:01:21,246] {dag.py:2280} INFO - Setting next_dagrun for example_complex to None
[2024-06-22 00:01:21,252] {scheduler_job.py:190} INFO - Processing /home/airflow/.local/lib/python3.6/site-packages/airflow/example_dags/example_complex.py took 0.042 seconds
[2024-06-22 00:01:51,964] {scheduler_job.py:182} INFO - Started process (PID=4336) to work on /home/airflow/.local/lib/python3.6/site-packages/airflow/example_dags/example_complex.py
[2024-06-22 00:01:51,965] {scheduler_job.py:629} INFO - Processing file /home/airflow/.local/lib/python3.6/site-packages/airflow/example_dags/example_complex.py for tasks to queue
[2024-06-22 00:01:51,965] {logging_mixin.py:104} INFO - [2024-06-22 00:01:51,965] {dagbag.py:451} INFO - Filling up the DagBag from /home/airflow/.local/lib/python3.6/site-packages/airflow/example_dags/example_complex.py
[2024-06-22 00:01:51,975] {scheduler_job.py:639} INFO - DAG(s) dict_keys(['example_complex']) retrieved from /home/airflow/.local/lib/python3.6/site-packages/airflow/example_dags/example_complex.py
[2024-06-22 00:01:51,990] {logging_mixin.py:104} INFO - [2024-06-22 00:01:51,990] {dag.py:1824} INFO - Sync 1 DAGs
[2024-06-22 00:01:51,997] {logging_mixin.py:104} INFO - [2024-06-22 00:01:51,997] {dag.py:2280} INFO - Setting next_dagrun for example_complex to None
[2024-06-22 00:01:52,003] {scheduler_job.py:190} INFO - Processing /home/airflow/.local/lib/python3.6/site-packages/airflow/example_dags/example_complex.py took 0.040 seconds
[2024-06-22 00:02:22,716] {scheduler_job.py:182} INFO - Started process (PID=4362) to work on /home/airflow/.local/lib/python3.6/site-packages/airflow/example_dags/example_complex.py
[2024-06-22 00:02:22,717] {scheduler_job.py:629} INFO - Processing file /home/airflow/.local/lib/python3.6/site-packages/airflow/example_dags/example_complex.py for tasks to queue
[2024-06-22 00:02:22,717] {logging_mixin.py:104} INFO - [2024-06-22 00:02:22,717] {dagbag.py:451} INFO - Filling up the DagBag from /home/airflow/.local/lib/python3.6/site-packages/airflow/example_dags/example_complex.py
[2024-06-22 00:02:22,727] {scheduler_job.py:639} INFO - DAG(s) dict_keys(['example_complex']) retrieved from /home/airflow/.local/lib/python3.6/site-packages/airflow/example_dags/example_complex.py
[2024-06-22 00:02:22,741] {logging_mixin.py:104} INFO - [2024-06-22 00:02:22,741] {dag.py:1824} INFO - Sync 1 DAGs
[2024-06-22 00:02:22,749] {logging_mixin.py:104} INFO - [2024-06-22 00:02:22,749] {dag.py:2280} INFO - Setting next_dagrun for example_complex to None
[2024-06-22 00:02:22,755] {scheduler_job.py:190} INFO - Processing /home/airflow/.local/lib/python3.6/site-packages/airflow/example_dags/example_complex.py took 0.040 seconds
[2024-06-22 00:02:53,467] {scheduler_job.py:182} INFO - Started process (PID=4388) to work on /home/airflow/.local/lib/python3.6/site-packages/airflow/example_dags/example_complex.py
[2024-06-22 00:02:53,468] {scheduler_job.py:629} INFO - Processing file /home/airflow/.local/lib/python3.6/site-packages/airflow/example_dags/example_complex.py for tasks to queue
[2024-06-22 00:02:53,468] {logging_mixin.py:104} INFO - [2024-06-22 00:02:53,468] {dagbag.py:451} INFO - Filling up the DagBag from /home/airflow/.local/lib/python3.6/site-packages/airflow/example_dags/example_complex.py
[2024-06-22 00:02:53,478] {scheduler_job.py:639} INFO - DAG(s) dict_keys(['example_complex']) retrieved from /home/airflow/.local/lib/python3.6/site-packages/airflow/example_dags/example_complex.py
[2024-06-22 00:02:53,493] {logging_mixin.py:104} INFO - [2024-06-22 00:02:53,493] {dag.py:1824} INFO - Sync 1 DAGs
[2024-06-22 00:02:53,501] {logging_mixin.py:104} INFO - [2024-06-22 00:02:53,501] {dag.py:2280} INFO - Setting next_dagrun for example_complex to None
[2024-06-22 00:02:53,507] {scheduler_job.py:190} INFO - Processing /home/airflow/.local/lib/python3.6/site-packages/airflow/example_dags/example_complex.py took 0.041 seconds
[2024-06-22 00:03:24,224] {scheduler_job.py:182} INFO - Started process (PID=4414) to work on /home/airflow/.local/lib/python3.6/site-packages/airflow/example_dags/example_complex.py
[2024-06-22 00:03:24,225] {scheduler_job.py:629} INFO - Processing file /home/airflow/.local/lib/python3.6/site-packages/airflow/example_dags/example_complex.py for tasks to queue
[2024-06-22 00:03:24,225] {logging_mixin.py:104} INFO - [2024-06-22 00:03:24,225] {dagbag.py:451} INFO - Filling up the DagBag from /home/airflow/.local/lib/python3.6/site-packages/airflow/example_dags/example_complex.py
[2024-06-22 00:03:24,235] {scheduler_job.py:639} INFO - DAG(s) dict_keys(['example_complex']) retrieved from /home/airflow/.local/lib/python3.6/site-packages/airflow/example_dags/example_complex.py
[2024-06-22 00:03:24,250] {logging_mixin.py:104} INFO - [2024-06-22 00:03:24,250] {dag.py:1824} INFO - Sync 1 DAGs
[2024-06-22 00:03:24,259] {logging_mixin.py:104} INFO - [2024-06-22 00:03:24,259] {dag.py:2280} INFO - Setting next_dagrun for example_complex to None
[2024-06-22 00:03:24,265] {scheduler_job.py:190} INFO - Processing /home/airflow/.local/lib/python3.6/site-packages/airflow/example_dags/example_complex.py took 0.043 seconds
[2024-06-22 00:03:54,894] {scheduler_job.py:182} INFO - Started process (PID=4440) to work on /home/airflow/.local/lib/python3.6/site-packages/airflow/example_dags/example_complex.py
[2024-06-22 00:03:54,895] {scheduler_job.py:629} INFO - Processing file /home/airflow/.local/lib/python3.6/site-packages/airflow/example_dags/example_complex.py for tasks to queue
[2024-06-22 00:03:54,895] {logging_mixin.py:104} INFO - [2024-06-22 00:03:54,895] {dagbag.py:451} INFO - Filling up the DagBag from /home/airflow/.local/lib/python3.6/site-packages/airflow/example_dags/example_complex.py
[2024-06-22 00:03:54,905] {scheduler_job.py:639} INFO - DAG(s) dict_keys(['example_complex']) retrieved from /home/airflow/.local/lib/python3.6/site-packages/airflow/example_dags/example_complex.py
[2024-06-22 00:03:54,921] {logging_mixin.py:104} INFO - [2024-06-22 00:03:54,921] {dag.py:1824} INFO - Sync 1 DAGs
[2024-06-22 00:03:54,929] {logging_mixin.py:104} INFO - [2024-06-22 00:03:54,929] {dag.py:2280} INFO - Setting next_dagrun for example_complex to None
[2024-06-22 00:03:54,935] {scheduler_job.py:190} INFO - Processing /home/airflow/.local/lib/python3.6/site-packages/airflow/example_dags/example_complex.py took 0.042 seconds
[2024-06-22 00:04:25,619] {scheduler_job.py:182} INFO - Started process (PID=4466) to work on /home/airflow/.local/lib/python3.6/site-packages/airflow/example_dags/example_complex.py
[2024-06-22 00:04:25,619] {scheduler_job.py:629} INFO - Processing file /home/airflow/.local/lib/python3.6/site-packages/airflow/example_dags/example_complex.py for tasks to queue
[2024-06-22 00:04:25,620] {logging_mixin.py:104} INFO - [2024-06-22 00:04:25,620] {dagbag.py:451} INFO - Filling up the DagBag from /home/airflow/.local/lib/python3.6/site-packages/airflow/example_dags/example_complex.py
[2024-06-22 00:04:25,630] {scheduler_job.py:639} INFO - DAG(s) dict_keys(['example_complex']) retrieved from /home/airflow/.local/lib/python3.6/site-packages/airflow/example_dags/example_complex.py
[2024-06-22 00:04:25,644] {logging_mixin.py:104} INFO - [2024-06-22 00:04:25,644] {dag.py:1824} INFO - Sync 1 DAGs
[2024-06-22 00:04:25,653] {logging_mixin.py:104} INFO - [2024-06-22 00:04:25,653] {dag.py:2280} INFO - Setting next_dagrun for example_complex to None
[2024-06-22 00:04:25,659] {scheduler_job.py:190} INFO - Processing /home/airflow/.local/lib/python3.6/site-packages/airflow/example_dags/example_complex.py took 0.042 seconds
[2024-06-22 00:04:56,366] {scheduler_job.py:182} INFO - Started process (PID=4492) to work on /home/airflow/.local/lib/python3.6/site-packages/airflow/example_dags/example_complex.py
[2024-06-22 00:04:56,366] {scheduler_job.py:629} INFO - Processing file /home/airflow/.local/lib/python3.6/site-packages/airflow/example_dags/example_complex.py for tasks to queue
[2024-06-22 00:04:56,367] {logging_mixin.py:104} INFO - [2024-06-22 00:04:56,367] {dagbag.py:451} INFO - Filling up the DagBag from /home/airflow/.local/lib/python3.6/site-packages/airflow/example_dags/example_complex.py
[2024-06-22 00:04:56,377] {scheduler_job.py:639} INFO - DAG(s) dict_keys(['example_complex']) retrieved from /home/airflow/.local/lib/python3.6/site-packages/airflow/example_dags/example_complex.py
[2024-06-22 00:04:56,392] {logging_mixin.py:104} INFO - [2024-06-22 00:04:56,392] {dag.py:1824} INFO - Sync 1 DAGs
[2024-06-22 00:04:56,400] {logging_mixin.py:104} INFO - [2024-06-22 00:04:56,400] {dag.py:2280} INFO - Setting next_dagrun for example_complex to None
[2024-06-22 00:04:56,405] {scheduler_job.py:190} INFO - Processing /home/airflow/.local/lib/python3.6/site-packages/airflow/example_dags/example_complex.py took 0.041 seconds
[2024-06-22 00:05:27,083] {scheduler_job.py:182} INFO - Started process (PID=4518) to work on /home/airflow/.local/lib/python3.6/site-packages/airflow/example_dags/example_complex.py
[2024-06-22 00:05:27,084] {scheduler_job.py:629} INFO - Processing file /home/airflow/.local/lib/python3.6/site-packages/airflow/example_dags/example_complex.py for tasks to queue
[2024-06-22 00:05:27,084] {logging_mixin.py:104} INFO - [2024-06-22 00:05:27,084] {dagbag.py:451} INFO - Filling up the DagBag from /home/airflow/.local/lib/python3.6/site-packages/airflow/example_dags/example_complex.py
[2024-06-22 00:05:27,094] {scheduler_job.py:639} INFO - DAG(s) dict_keys(['example_complex']) retrieved from /home/airflow/.local/lib/python3.6/site-packages/airflow/example_dags/example_complex.py
[2024-06-22 00:05:27,108] {logging_mixin.py:104} INFO - [2024-06-22 00:05:27,108] {dag.py:1824} INFO - Sync 1 DAGs
[2024-06-22 00:05:27,117] {logging_mixin.py:104} INFO - [2024-06-22 00:05:27,117] {dag.py:2280} INFO - Setting next_dagrun for example_complex to None
[2024-06-22 00:05:27,124] {scheduler_job.py:190} INFO - Processing /home/airflow/.local/lib/python3.6/site-packages/airflow/example_dags/example_complex.py took 0.042 seconds
[2024-06-22 00:05:57,840] {scheduler_job.py:182} INFO - Started process (PID=4544) to work on /home/airflow/.local/lib/python3.6/site-packages/airflow/example_dags/example_complex.py
[2024-06-22 00:05:57,841] {scheduler_job.py:629} INFO - Processing file /home/airflow/.local/lib/python3.6/site-packages/airflow/example_dags/example_complex.py for tasks to queue
[2024-06-22 00:05:57,841] {logging_mixin.py:104} INFO - [2024-06-22 00:05:57,841] {dagbag.py:451} INFO - Filling up the DagBag from /home/airflow/.local/lib/python3.6/site-packages/airflow/example_dags/example_complex.py
[2024-06-22 00:05:57,854] {scheduler_job.py:639} INFO - DAG(s) dict_keys(['example_complex']) retrieved from /home/airflow/.local/lib/python3.6/site-packages/airflow/example_dags/example_complex.py
[2024-06-22 00:05:57,868] {logging_mixin.py:104} INFO - [2024-06-22 00:05:57,868] {dag.py:1824} INFO - Sync 1 DAGs
[2024-06-22 00:05:57,876] {logging_mixin.py:104} INFO - [2024-06-22 00:05:57,876] {dag.py:2280} INFO - Setting next_dagrun for example_complex to None
[2024-06-22 00:05:57,882] {scheduler_job.py:190} INFO - Processing /home/airflow/.local/lib/python3.6/site-packages/airflow/example_dags/example_complex.py took 0.044 seconds
[2024-06-22 00:06:28,601] {scheduler_job.py:182} INFO - Started process (PID=4570) to work on /home/airflow/.local/lib/python3.6/site-packages/airflow/example_dags/example_complex.py
[2024-06-22 00:06:28,602] {scheduler_job.py:629} INFO - Processing file /home/airflow/.local/lib/python3.6/site-packages/airflow/example_dags/example_complex.py for tasks to queue
[2024-06-22 00:06:28,603] {logging_mixin.py:104} INFO - [2024-06-22 00:06:28,603] {dagbag.py:451} INFO - Filling up the DagBag from /home/airflow/.local/lib/python3.6/site-packages/airflow/example_dags/example_complex.py
[2024-06-22 00:06:28,613] {scheduler_job.py:639} INFO - DAG(s) dict_keys(['example_complex']) retrieved from /home/airflow/.local/lib/python3.6/site-packages/airflow/example_dags/example_complex.py
[2024-06-22 00:06:28,627] {logging_mixin.py:104} INFO - [2024-06-22 00:06:28,627] {dag.py:1824} INFO - Sync 1 DAGs
[2024-06-22 00:06:28,635] {logging_mixin.py:104} INFO - [2024-06-22 00:06:28,635] {dag.py:2280} INFO - Setting next_dagrun for example_complex to None
[2024-06-22 00:06:28,641] {scheduler_job.py:190} INFO - Processing /home/airflow/.local/lib/python3.6/site-packages/airflow/example_dags/example_complex.py took 0.042 seconds
[2024-06-22 00:06:59,284] {scheduler_job.py:182} INFO - Started process (PID=4596) to work on /home/airflow/.local/lib/python3.6/site-packages/airflow/example_dags/example_complex.py
[2024-06-22 00:06:59,284] {scheduler_job.py:629} INFO - Processing file /home/airflow/.local/lib/python3.6/site-packages/airflow/example_dags/example_complex.py for tasks to queue
[2024-06-22 00:06:59,285] {logging_mixin.py:104} INFO - [2024-06-22 00:06:59,285] {dagbag.py:451} INFO - Filling up the DagBag from /home/airflow/.local/lib/python3.6/site-packages/airflow/example_dags/example_complex.py
[2024-06-22 00:06:59,295] {scheduler_job.py:639} INFO - DAG(s) dict_keys(['example_complex']) retrieved from /home/airflow/.local/lib/python3.6/site-packages/airflow/example_dags/example_complex.py
[2024-06-22 00:06:59,309] {logging_mixin.py:104} INFO - [2024-06-22 00:06:59,309] {dag.py:1824} INFO - Sync 1 DAGs
[2024-06-22 00:06:59,318] {logging_mixin.py:104} INFO - [2024-06-22 00:06:59,318] {dag.py:2280} INFO - Setting next_dagrun for example_complex to None
[2024-06-22 00:06:59,324] {scheduler_job.py:190} INFO - Processing /home/airflow/.local/lib/python3.6/site-packages/airflow/example_dags/example_complex.py took 0.042 seconds
[2024-06-22 00:07:29,957] {scheduler_job.py:182} INFO - Started process (PID=4622) to work on /home/airflow/.local/lib/python3.6/site-packages/airflow/example_dags/example_complex.py
[2024-06-22 00:07:29,958] {scheduler_job.py:629} INFO - Processing file /home/airflow/.local/lib/python3.6/site-packages/airflow/example_dags/example_complex.py for tasks to queue
[2024-06-22 00:07:29,958] {logging_mixin.py:104} INFO - [2024-06-22 00:07:29,958] {dagbag.py:451} INFO - Filling up the DagBag from /home/airflow/.local/lib/python3.6/site-packages/airflow/example_dags/example_complex.py
[2024-06-22 00:07:29,969] {scheduler_job.py:639} INFO - DAG(s) dict_keys(['example_complex']) retrieved from /home/airflow/.local/lib/python3.6/site-packages/airflow/example_dags/example_complex.py
[2024-06-22 00:07:29,986] {logging_mixin.py:104} INFO - [2024-06-22 00:07:29,986] {dag.py:1824} INFO - Sync 1 DAGs
[2024-06-22 00:07:29,996] {logging_mixin.py:104} INFO - [2024-06-22 00:07:29,996] {dag.py:2280} INFO - Setting next_dagrun for example_complex to None
[2024-06-22 00:07:30,002] {scheduler_job.py:190} INFO - Processing /home/airflow/.local/lib/python3.6/site-packages/airflow/example_dags/example_complex.py took 0.047 seconds
[2024-06-22 00:08:00,647] {scheduler_job.py:182} INFO - Started process (PID=4648) to work on /home/airflow/.local/lib/python3.6/site-packages/airflow/example_dags/example_complex.py
[2024-06-22 00:08:00,648] {scheduler_job.py:629} INFO - Processing file /home/airflow/.local/lib/python3.6/site-packages/airflow/example_dags/example_complex.py for tasks to queue
[2024-06-22 00:08:00,649] {logging_mixin.py:104} INFO - [2024-06-22 00:08:00,648] {dagbag.py:451} INFO - Filling up the DagBag from /home/airflow/.local/lib/python3.6/site-packages/airflow/example_dags/example_complex.py
[2024-06-22 00:08:00,659] {scheduler_job.py:639} INFO - DAG(s) dict_keys(['example_complex']) retrieved from /home/airflow/.local/lib/python3.6/site-packages/airflow/example_dags/example_complex.py
[2024-06-22 00:08:00,674] {logging_mixin.py:104} INFO - [2024-06-22 00:08:00,674] {dag.py:1824} INFO - Sync 1 DAGs
[2024-06-22 00:08:00,682] {logging_mixin.py:104} INFO - [2024-06-22 00:08:00,682] {dag.py:2280} INFO - Setting next_dagrun for example_complex to None
[2024-06-22 00:08:00,689] {scheduler_job.py:190} INFO - Processing /home/airflow/.local/lib/python3.6/site-packages/airflow/example_dags/example_complex.py took 0.044 seconds
[2024-06-22 00:08:31,357] {scheduler_job.py:182} INFO - Started process (PID=4674) to work on /home/airflow/.local/lib/python3.6/site-packages/airflow/example_dags/example_complex.py
[2024-06-22 00:08:31,358] {scheduler_job.py:629} INFO - Processing file /home/airflow/.local/lib/python3.6/site-packages/airflow/example_dags/example_complex.py for tasks to queue
[2024-06-22 00:08:31,358] {logging_mixin.py:104} INFO - [2024-06-22 00:08:31,358] {dagbag.py:451} INFO - Filling up the DagBag from /home/airflow/.local/lib/python3.6/site-packages/airflow/example_dags/example_complex.py
[2024-06-22 00:08:31,368] {scheduler_job.py:639} INFO - DAG(s) dict_keys(['example_complex']) retrieved from /home/airflow/.local/lib/python3.6/site-packages/airflow/example_dags/example_complex.py
[2024-06-22 00:08:31,383] {logging_mixin.py:104} INFO - [2024-06-22 00:08:31,383] {dag.py:1824} INFO - Sync 1 DAGs
[2024-06-22 00:08:31,391] {logging_mixin.py:104} INFO - [2024-06-22 00:08:31,391] {dag.py:2280} INFO - Setting next_dagrun for example_complex to None
[2024-06-22 00:08:31,396] {scheduler_job.py:190} INFO - Processing /home/airflow/.local/lib/python3.6/site-packages/airflow/example_dags/example_complex.py took 0.041 seconds
[2024-06-22 00:09:02,121] {scheduler_job.py:182} INFO - Started process (PID=4700) to work on /home/airflow/.local/lib/python3.6/site-packages/airflow/example_dags/example_complex.py
[2024-06-22 00:09:02,122] {scheduler_job.py:629} INFO - Processing file /home/airflow/.local/lib/python3.6/site-packages/airflow/example_dags/example_complex.py for tasks to queue
[2024-06-22 00:09:02,123] {logging_mixin.py:104} INFO - [2024-06-22 00:09:02,122] {dagbag.py:451} INFO - Filling up the DagBag from /home/airflow/.local/lib/python3.6/site-packages/airflow/example_dags/example_complex.py
[2024-06-22 00:09:02,133] {scheduler_job.py:639} INFO - DAG(s) dict_keys(['example_complex']) retrieved from /home/airflow/.local/lib/python3.6/site-packages/airflow/example_dags/example_complex.py
[2024-06-22 00:09:02,147] {logging_mixin.py:104} INFO - [2024-06-22 00:09:02,147] {dag.py:1824} INFO - Sync 1 DAGs
[2024-06-22 00:09:02,156] {logging_mixin.py:104} INFO - [2024-06-22 00:09:02,156] {dag.py:2280} INFO - Setting next_dagrun for example_complex to None
[2024-06-22 00:09:02,161] {scheduler_job.py:190} INFO - Processing /home/airflow/.local/lib/python3.6/site-packages/airflow/example_dags/example_complex.py took 0.042 seconds
[2024-06-22 00:09:32,908] {scheduler_job.py:182} INFO - Started process (PID=4726) to work on /home/airflow/.local/lib/python3.6/site-packages/airflow/example_dags/example_complex.py
[2024-06-22 00:09:32,908] {scheduler_job.py:629} INFO - Processing file /home/airflow/.local/lib/python3.6/site-packages/airflow/example_dags/example_complex.py for tasks to queue
[2024-06-22 00:09:32,909] {logging_mixin.py:104} INFO - [2024-06-22 00:09:32,909] {dagbag.py:451} INFO - Filling up the DagBag from /home/airflow/.local/lib/python3.6/site-packages/airflow/example_dags/example_complex.py
[2024-06-22 00:09:32,920] {scheduler_job.py:639} INFO - DAG(s) dict_keys(['example_complex']) retrieved from /home/airflow/.local/lib/python3.6/site-packages/airflow/example_dags/example_complex.py
[2024-06-22 00:09:32,935] {logging_mixin.py:104} INFO - [2024-06-22 00:09:32,935] {dag.py:1824} INFO - Sync 1 DAGs
[2024-06-22 00:09:32,943] {logging_mixin.py:104} INFO - [2024-06-22 00:09:32,943] {dag.py:2280} INFO - Setting next_dagrun for example_complex to None
[2024-06-22 00:09:32,949] {scheduler_job.py:190} INFO - Processing /home/airflow/.local/lib/python3.6/site-packages/airflow/example_dags/example_complex.py took 0.042 seconds
[2024-06-22 00:10:03,623] {scheduler_job.py:182} INFO - Started process (PID=4752) to work on /home/airflow/.local/lib/python3.6/site-packages/airflow/example_dags/example_complex.py
[2024-06-22 00:10:03,623] {scheduler_job.py:629} INFO - Processing file /home/airflow/.local/lib/python3.6/site-packages/airflow/example_dags/example_complex.py for tasks to queue
[2024-06-22 00:10:03,624] {logging_mixin.py:104} INFO - [2024-06-22 00:10:03,624] {dagbag.py:451} INFO - Filling up the DagBag from /home/airflow/.local/lib/python3.6/site-packages/airflow/example_dags/example_complex.py
[2024-06-22 00:10:03,634] {scheduler_job.py:639} INFO - DAG(s) dict_keys(['example_complex']) retrieved from /home/airflow/.local/lib/python3.6/site-packages/airflow/example_dags/example_complex.py
[2024-06-22 00:10:03,648] {logging_mixin.py:104} INFO - [2024-06-22 00:10:03,648] {dag.py:1824} INFO - Sync 1 DAGs
[2024-06-22 00:10:03,657] {logging_mixin.py:104} INFO - [2024-06-22 00:10:03,657] {dag.py:2280} INFO - Setting next_dagrun for example_complex to None
[2024-06-22 00:10:03,662] {scheduler_job.py:190} INFO - Processing /home/airflow/.local/lib/python3.6/site-packages/airflow/example_dags/example_complex.py took 0.041 seconds
[2024-06-22 00:10:34,383] {scheduler_job.py:182} INFO - Started process (PID=4778) to work on /home/airflow/.local/lib/python3.6/site-packages/airflow/example_dags/example_complex.py
[2024-06-22 00:10:34,384] {scheduler_job.py:629} INFO - Processing file /home/airflow/.local/lib/python3.6/site-packages/airflow/example_dags/example_complex.py for tasks to queue
[2024-06-22 00:10:34,385] {logging_mixin.py:104} INFO - [2024-06-22 00:10:34,385] {dagbag.py:451} INFO - Filling up the DagBag from /home/airflow/.local/lib/python3.6/site-packages/airflow/example_dags/example_complex.py
[2024-06-22 00:10:34,395] {scheduler_job.py:639} INFO - DAG(s) dict_keys(['example_complex']) retrieved from /home/airflow/.local/lib/python3.6/site-packages/airflow/example_dags/example_complex.py
[2024-06-22 00:10:34,409] {logging_mixin.py:104} INFO - [2024-06-22 00:10:34,409] {dag.py:1824} INFO - Sync 1 DAGs
[2024-06-22 00:10:34,418] {logging_mixin.py:104} INFO - [2024-06-22 00:10:34,418] {dag.py:2280} INFO - Setting next_dagrun for example_complex to None
[2024-06-22 00:10:34,424] {scheduler_job.py:190} INFO - Processing /home/airflow/.local/lib/python3.6/site-packages/airflow/example_dags/example_complex.py took 0.042 seconds
[2024-06-22 00:11:05,160] {scheduler_job.py:182} INFO - Started process (PID=4804) to work on /home/airflow/.local/lib/python3.6/site-packages/airflow/example_dags/example_complex.py
[2024-06-22 00:11:05,161] {scheduler_job.py:629} INFO - Processing file /home/airflow/.local/lib/python3.6/site-packages/airflow/example_dags/example_complex.py for tasks to queue
[2024-06-22 00:11:05,162] {logging_mixin.py:104} INFO - [2024-06-22 00:11:05,161] {dagbag.py:451} INFO - Filling up the DagBag from /home/airflow/.local/lib/python3.6/site-packages/airflow/example_dags/example_complex.py
[2024-06-22 00:11:05,172] {scheduler_job.py:639} INFO - DAG(s) dict_keys(['example_complex']) retrieved from /home/airflow/.local/lib/python3.6/site-packages/airflow/example_dags/example_complex.py
[2024-06-22 00:11:05,186] {logging_mixin.py:104} INFO - [2024-06-22 00:11:05,186] {dag.py:1824} INFO - Sync 1 DAGs
[2024-06-22 00:11:05,194] {logging_mixin.py:104} INFO - [2024-06-22 00:11:05,194] {dag.py:2280} INFO - Setting next_dagrun for example_complex to None
[2024-06-22 00:11:05,200] {scheduler_job.py:190} INFO - Processing /home/airflow/.local/lib/python3.6/site-packages/airflow/example_dags/example_complex.py took 0.041 seconds
[2024-06-22 00:11:35,926] {scheduler_job.py:182} INFO - Started process (PID=4830) to work on /home/airflow/.local/lib/python3.6/site-packages/airflow/example_dags/example_complex.py
[2024-06-22 00:11:35,927] {scheduler_job.py:629} INFO - Processing file /home/airflow/.local/lib/python3.6/site-packages/airflow/example_dags/example_complex.py for tasks to queue
[2024-06-22 00:11:35,928] {logging_mixin.py:104} INFO - [2024-06-22 00:11:35,928] {dagbag.py:451} INFO - Filling up the DagBag from /home/airflow/.local/lib/python3.6/site-packages/airflow/example_dags/example_complex.py
[2024-06-22 00:11:35,938] {scheduler_job.py:639} INFO - DAG(s) dict_keys(['example_complex']) retrieved from /home/airflow/.local/lib/python3.6/site-packages/airflow/example_dags/example_complex.py
[2024-06-22 00:11:35,953] {logging_mixin.py:104} INFO - [2024-06-22 00:11:35,953] {dag.py:1824} INFO - Sync 1 DAGs
[2024-06-22 00:11:35,961] {logging_mixin.py:104} INFO - [2024-06-22 00:11:35,961] {dag.py:2280} INFO - Setting next_dagrun for example_complex to None
[2024-06-22 00:11:35,966] {scheduler_job.py:190} INFO - Processing /home/airflow/.local/lib/python3.6/site-packages/airflow/example_dags/example_complex.py took 0.042 seconds
[2024-06-22 00:12:06,713] {scheduler_job.py:182} INFO - Started process (PID=4856) to work on /home/airflow/.local/lib/python3.6/site-packages/airflow/example_dags/example_complex.py
[2024-06-22 00:12:06,714] {scheduler_job.py:629} INFO - Processing file /home/airflow/.local/lib/python3.6/site-packages/airflow/example_dags/example_complex.py for tasks to queue
[2024-06-22 00:12:06,714] {logging_mixin.py:104} INFO - [2024-06-22 00:12:06,714] {dagbag.py:451} INFO - Filling up the DagBag from /home/airflow/.local/lib/python3.6/site-packages/airflow/example_dags/example_complex.py
[2024-06-22 00:12:06,725] {scheduler_job.py:639} INFO - DAG(s) dict_keys(['example_complex']) retrieved from /home/airflow/.local/lib/python3.6/site-packages/airflow/example_dags/example_complex.py
[2024-06-22 00:12:06,739] {logging_mixin.py:104} INFO - [2024-06-22 00:12:06,739] {dag.py:1824} INFO - Sync 1 DAGs
[2024-06-22 00:12:06,747] {logging_mixin.py:104} INFO - [2024-06-22 00:12:06,747] {dag.py:2280} INFO - Setting next_dagrun for example_complex to None
[2024-06-22 00:12:06,753] {scheduler_job.py:190} INFO - Processing /home/airflow/.local/lib/python3.6/site-packages/airflow/example_dags/example_complex.py took 0.042 seconds
[2024-06-22 00:12:37,415] {scheduler_job.py:182} INFO - Started process (PID=4882) to work on /home/airflow/.local/lib/python3.6/site-packages/airflow/example_dags/example_complex.py
[2024-06-22 00:12:37,416] {scheduler_job.py:629} INFO - Processing file /home/airflow/.local/lib/python3.6/site-packages/airflow/example_dags/example_complex.py for tasks to queue
[2024-06-22 00:12:37,416] {logging_mixin.py:104} INFO - [2024-06-22 00:12:37,416] {dagbag.py:451} INFO - Filling up the DagBag from /home/airflow/.local/lib/python3.6/site-packages/airflow/example_dags/example_complex.py
[2024-06-22 00:12:37,427] {scheduler_job.py:639} INFO - DAG(s) dict_keys(['example_complex']) retrieved from /home/airflow/.local/lib/python3.6/site-packages/airflow/example_dags/example_complex.py
[2024-06-22 00:12:37,441] {logging_mixin.py:104} INFO - [2024-06-22 00:12:37,440] {dag.py:1824} INFO - Sync 1 DAGs
[2024-06-22 00:12:37,449] {logging_mixin.py:104} INFO - [2024-06-22 00:12:37,449] {dag.py:2280} INFO - Setting next_dagrun for example_complex to None
[2024-06-22 00:12:37,455] {scheduler_job.py:190} INFO - Processing /home/airflow/.local/lib/python3.6/site-packages/airflow/example_dags/example_complex.py took 0.041 seconds
[2024-06-22 00:13:08,236] {scheduler_job.py:182} INFO - Started process (PID=4908) to work on /home/airflow/.local/lib/python3.6/site-packages/airflow/example_dags/example_complex.py
[2024-06-22 00:13:08,237] {scheduler_job.py:629} INFO - Processing file /home/airflow/.local/lib/python3.6/site-packages/airflow/example_dags/example_complex.py for tasks to queue
[2024-06-22 00:13:08,238] {logging_mixin.py:104} INFO - [2024-06-22 00:13:08,237] {dagbag.py:451} INFO - Filling up the DagBag from /home/airflow/.local/lib/python3.6/site-packages/airflow/example_dags/example_complex.py
[2024-06-22 00:13:08,248] {scheduler_job.py:639} INFO - DAG(s) dict_keys(['example_complex']) retrieved from /home/airflow/.local/lib/python3.6/site-packages/airflow/example_dags/example_complex.py
[2024-06-22 00:13:08,262] {logging_mixin.py:104} INFO - [2024-06-22 00:13:08,262] {dag.py:1824} INFO - Sync 1 DAGs
[2024-06-22 00:13:08,270] {logging_mixin.py:104} INFO - [2024-06-22 00:13:08,270] {dag.py:2280} INFO - Setting next_dagrun for example_complex to None
[2024-06-22 00:13:08,275] {scheduler_job.py:190} INFO - Processing /home/airflow/.local/lib/python3.6/site-packages/airflow/example_dags/example_complex.py took 0.041 seconds
[2024-06-22 00:13:39,001] {scheduler_job.py:182} INFO - Started process (PID=4934) to work on /home/airflow/.local/lib/python3.6/site-packages/airflow/example_dags/example_complex.py
[2024-06-22 00:13:39,002] {scheduler_job.py:629} INFO - Processing file /home/airflow/.local/lib/python3.6/site-packages/airflow/example_dags/example_complex.py for tasks to queue
[2024-06-22 00:13:39,002] {logging_mixin.py:104} INFO - [2024-06-22 00:13:39,002] {dagbag.py:451} INFO - Filling up the DagBag from /home/airflow/.local/lib/python3.6/site-packages/airflow/example_dags/example_complex.py
[2024-06-22 00:13:39,014] {scheduler_job.py:639} INFO - DAG(s) dict_keys(['example_complex']) retrieved from /home/airflow/.local/lib/python3.6/site-packages/airflow/example_dags/example_complex.py
[2024-06-22 00:13:39,029] {logging_mixin.py:104} INFO - [2024-06-22 00:13:39,028] {dag.py:1824} INFO - Sync 1 DAGs
[2024-06-22 00:13:39,036] {logging_mixin.py:104} INFO - [2024-06-22 00:13:39,036] {dag.py:2280} INFO - Setting next_dagrun for example_complex to None
[2024-06-22 00:13:39,043] {scheduler_job.py:190} INFO - Processing /home/airflow/.local/lib/python3.6/site-packages/airflow/example_dags/example_complex.py took 0.043 seconds
[2024-06-22 00:14:09,686] {scheduler_job.py:182} INFO - Started process (PID=4960) to work on /home/airflow/.local/lib/python3.6/site-packages/airflow/example_dags/example_complex.py
[2024-06-22 00:14:09,687] {scheduler_job.py:629} INFO - Processing file /home/airflow/.local/lib/python3.6/site-packages/airflow/example_dags/example_complex.py for tasks to queue
[2024-06-22 00:14:09,687] {logging_mixin.py:104} INFO - [2024-06-22 00:14:09,687] {dagbag.py:451} INFO - Filling up the DagBag from /home/airflow/.local/lib/python3.6/site-packages/airflow/example_dags/example_complex.py
[2024-06-22 00:14:09,697] {scheduler_job.py:639} INFO - DAG(s) dict_keys(['example_complex']) retrieved from /home/airflow/.local/lib/python3.6/site-packages/airflow/example_dags/example_complex.py
[2024-06-22 00:14:09,712] {logging_mixin.py:104} INFO - [2024-06-22 00:14:09,712] {dag.py:1824} INFO - Sync 1 DAGs
[2024-06-22 00:14:09,720] {logging_mixin.py:104} INFO - [2024-06-22 00:14:09,720] {dag.py:2280} INFO - Setting next_dagrun for example_complex to None
[2024-06-22 00:14:09,725] {scheduler_job.py:190} INFO - Processing /home/airflow/.local/lib/python3.6/site-packages/airflow/example_dags/example_complex.py took 0.041 seconds
[2024-06-22 00:14:40,482] {scheduler_job.py:182} INFO - Started process (PID=4986) to work on /home/airflow/.local/lib/python3.6/site-packages/airflow/example_dags/example_complex.py
[2024-06-22 00:14:40,483] {scheduler_job.py:629} INFO - Processing file /home/airflow/.local/lib/python3.6/site-packages/airflow/example_dags/example_complex.py for tasks to queue
[2024-06-22 00:14:40,483] {logging_mixin.py:104} INFO - [2024-06-22 00:14:40,483] {dagbag.py:451} INFO - Filling up the DagBag from /home/airflow/.local/lib/python3.6/site-packages/airflow/example_dags/example_complex.py
[2024-06-22 00:14:40,494] {scheduler_job.py:639} INFO - DAG(s) dict_keys(['example_complex']) retrieved from /home/airflow/.local/lib/python3.6/site-packages/airflow/example_dags/example_complex.py
[2024-06-22 00:14:40,508] {logging_mixin.py:104} INFO - [2024-06-22 00:14:40,508] {dag.py:1824} INFO - Sync 1 DAGs
[2024-06-22 00:14:40,517] {logging_mixin.py:104} INFO - [2024-06-22 00:14:40,517] {dag.py:2280} INFO - Setting next_dagrun for example_complex to None
[2024-06-22 00:14:40,523] {scheduler_job.py:190} INFO - Processing /home/airflow/.local/lib/python3.6/site-packages/airflow/example_dags/example_complex.py took 0.043 seconds
[2024-06-22 00:15:11,306] {scheduler_job.py:182} INFO - Started process (PID=5012) to work on /home/airflow/.local/lib/python3.6/site-packages/airflow/example_dags/example_complex.py
[2024-06-22 00:15:11,306] {scheduler_job.py:629} INFO - Processing file /home/airflow/.local/lib/python3.6/site-packages/airflow/example_dags/example_complex.py for tasks to queue
[2024-06-22 00:15:11,307] {logging_mixin.py:104} INFO - [2024-06-22 00:15:11,307] {dagbag.py:451} INFO - Filling up the DagBag from /home/airflow/.local/lib/python3.6/site-packages/airflow/example_dags/example_complex.py
[2024-06-22 00:15:11,318] {scheduler_job.py:639} INFO - DAG(s) dict_keys(['example_complex']) retrieved from /home/airflow/.local/lib/python3.6/site-packages/airflow/example_dags/example_complex.py
[2024-06-22 00:15:11,332] {logging_mixin.py:104} INFO - [2024-06-22 00:15:11,332] {dag.py:1824} INFO - Sync 1 DAGs
[2024-06-22 00:15:11,340] {logging_mixin.py:104} INFO - [2024-06-22 00:15:11,340] {dag.py:2280} INFO - Setting next_dagrun for example_complex to None
[2024-06-22 00:15:11,347] {scheduler_job.py:190} INFO - Processing /home/airflow/.local/lib/python3.6/site-packages/airflow/example_dags/example_complex.py took 0.043 seconds
[2024-06-22 00:15:41,992] {scheduler_job.py:182} INFO - Started process (PID=5038) to work on /home/airflow/.local/lib/python3.6/site-packages/airflow/example_dags/example_complex.py
[2024-06-22 00:15:41,993] {scheduler_job.py:629} INFO - Processing file /home/airflow/.local/lib/python3.6/site-packages/airflow/example_dags/example_complex.py for tasks to queue
[2024-06-22 00:15:41,994] {logging_mixin.py:104} INFO - [2024-06-22 00:15:41,994] {dagbag.py:451} INFO - Filling up the DagBag from /home/airflow/.local/lib/python3.6/site-packages/airflow/example_dags/example_complex.py
[2024-06-22 00:15:42,004] {scheduler_job.py:639} INFO - DAG(s) dict_keys(['example_complex']) retrieved from /home/airflow/.local/lib/python3.6/site-packages/airflow/example_dags/example_complex.py
[2024-06-22 00:15:42,018] {logging_mixin.py:104} INFO - [2024-06-22 00:15:42,018] {dag.py:1824} INFO - Sync 1 DAGs
[2024-06-22 00:15:42,026] {logging_mixin.py:104} INFO - [2024-06-22 00:15:42,026] {dag.py:2280} INFO - Setting next_dagrun for example_complex to None
[2024-06-22 00:15:42,031] {scheduler_job.py:190} INFO - Processing /home/airflow/.local/lib/python3.6/site-packages/airflow/example_dags/example_complex.py took 0.040 seconds
[2024-06-22 00:16:12,827] {scheduler_job.py:182} INFO - Started process (PID=5064) to work on /home/airflow/.local/lib/python3.6/site-packages/airflow/example_dags/example_complex.py
[2024-06-22 00:16:12,827] {scheduler_job.py:629} INFO - Processing file /home/airflow/.local/lib/python3.6/site-packages/airflow/example_dags/example_complex.py for tasks to queue
[2024-06-22 00:16:12,828] {logging_mixin.py:104} INFO - [2024-06-22 00:16:12,828] {dagbag.py:451} INFO - Filling up the DagBag from /home/airflow/.local/lib/python3.6/site-packages/airflow/example_dags/example_complex.py
[2024-06-22 00:16:12,838] {scheduler_job.py:639} INFO - DAG(s) dict_keys(['example_complex']) retrieved from /home/airflow/.local/lib/python3.6/site-packages/airflow/example_dags/example_complex.py
[2024-06-22 00:16:12,854] {logging_mixin.py:104} INFO - [2024-06-22 00:16:12,854] {dag.py:1824} INFO - Sync 1 DAGs
[2024-06-22 00:16:12,862] {logging_mixin.py:104} INFO - [2024-06-22 00:16:12,862] {dag.py:2280} INFO - Setting next_dagrun for example_complex to None
[2024-06-22 00:16:12,867] {scheduler_job.py:190} INFO - Processing /home/airflow/.local/lib/python3.6/site-packages/airflow/example_dags/example_complex.py took 0.042 seconds
[2024-06-22 00:16:43,540] {scheduler_job.py:182} INFO - Started process (PID=5090) to work on /home/airflow/.local/lib/python3.6/site-packages/airflow/example_dags/example_complex.py
[2024-06-22 00:16:43,541] {scheduler_job.py:629} INFO - Processing file /home/airflow/.local/lib/python3.6/site-packages/airflow/example_dags/example_complex.py for tasks to queue
[2024-06-22 00:16:43,541] {logging_mixin.py:104} INFO - [2024-06-22 00:16:43,541] {dagbag.py:451} INFO - Filling up the DagBag from /home/airflow/.local/lib/python3.6/site-packages/airflow/example_dags/example_complex.py
[2024-06-22 00:16:43,551] {scheduler_job.py:639} INFO - DAG(s) dict_keys(['example_complex']) retrieved from /home/airflow/.local/lib/python3.6/site-packages/airflow/example_dags/example_complex.py
[2024-06-22 00:16:43,566] {logging_mixin.py:104} INFO - [2024-06-22 00:16:43,566] {dag.py:1824} INFO - Sync 1 DAGs
[2024-06-22 00:16:43,574] {logging_mixin.py:104} INFO - [2024-06-22 00:16:43,574] {dag.py:2280} INFO - Setting next_dagrun for example_complex to None
[2024-06-22 00:16:43,579] {scheduler_job.py:190} INFO - Processing /home/airflow/.local/lib/python3.6/site-packages/airflow/example_dags/example_complex.py took 0.041 seconds
[2024-06-22 00:17:14,301] {scheduler_job.py:182} INFO - Started process (PID=5116) to work on /home/airflow/.local/lib/python3.6/site-packages/airflow/example_dags/example_complex.py
[2024-06-22 00:17:14,302] {scheduler_job.py:629} INFO - Processing file /home/airflow/.local/lib/python3.6/site-packages/airflow/example_dags/example_complex.py for tasks to queue
[2024-06-22 00:17:14,302] {logging_mixin.py:104} INFO - [2024-06-22 00:17:14,302] {dagbag.py:451} INFO - Filling up the DagBag from /home/airflow/.local/lib/python3.6/site-packages/airflow/example_dags/example_complex.py
[2024-06-22 00:17:14,312] {scheduler_job.py:639} INFO - DAG(s) dict_keys(['example_complex']) retrieved from /home/airflow/.local/lib/python3.6/site-packages/airflow/example_dags/example_complex.py
[2024-06-22 00:17:14,327] {logging_mixin.py:104} INFO - [2024-06-22 00:17:14,326] {dag.py:1824} INFO - Sync 1 DAGs
[2024-06-22 00:17:14,334] {logging_mixin.py:104} INFO - [2024-06-22 00:17:14,334] {dag.py:2280} INFO - Setting next_dagrun for example_complex to None
[2024-06-22 00:17:14,340] {scheduler_job.py:190} INFO - Processing /home/airflow/.local/lib/python3.6/site-packages/airflow/example_dags/example_complex.py took 0.040 seconds
[2024-06-22 00:17:45,091] {scheduler_job.py:182} INFO - Started process (PID=5142) to work on /home/airflow/.local/lib/python3.6/site-packages/airflow/example_dags/example_complex.py
[2024-06-22 00:17:45,092] {scheduler_job.py:629} INFO - Processing file /home/airflow/.local/lib/python3.6/site-packages/airflow/example_dags/example_complex.py for tasks to queue
[2024-06-22 00:17:45,092] {logging_mixin.py:104} INFO - [2024-06-22 00:17:45,092] {dagbag.py:451} INFO - Filling up the DagBag from /home/airflow/.local/lib/python3.6/site-packages/airflow/example_dags/example_complex.py
[2024-06-22 00:17:45,102] {scheduler_job.py:639} INFO - DAG(s) dict_keys(['example_complex']) retrieved from /home/airflow/.local/lib/python3.6/site-packages/airflow/example_dags/example_complex.py
[2024-06-22 00:17:45,117] {logging_mixin.py:104} INFO - [2024-06-22 00:17:45,116] {dag.py:1824} INFO - Sync 1 DAGs
[2024-06-22 00:17:45,125] {logging_mixin.py:104} INFO - [2024-06-22 00:17:45,125] {dag.py:2280} INFO - Setting next_dagrun for example_complex to None
[2024-06-22 00:17:45,130] {scheduler_job.py:190} INFO - Processing /home/airflow/.local/lib/python3.6/site-packages/airflow/example_dags/example_complex.py took 0.041 seconds
[2024-06-22 00:18:15,857] {scheduler_job.py:182} INFO - Started process (PID=5168) to work on /home/airflow/.local/lib/python3.6/site-packages/airflow/example_dags/example_complex.py
[2024-06-22 00:18:15,858] {scheduler_job.py:629} INFO - Processing file /home/airflow/.local/lib/python3.6/site-packages/airflow/example_dags/example_complex.py for tasks to queue
[2024-06-22 00:18:15,858] {logging_mixin.py:104} INFO - [2024-06-22 00:18:15,858] {dagbag.py:451} INFO - Filling up the DagBag from /home/airflow/.local/lib/python3.6/site-packages/airflow/example_dags/example_complex.py
[2024-06-22 00:18:15,868] {scheduler_job.py:639} INFO - DAG(s) dict_keys(['example_complex']) retrieved from /home/airflow/.local/lib/python3.6/site-packages/airflow/example_dags/example_complex.py
[2024-06-22 00:18:15,882] {logging_mixin.py:104} INFO - [2024-06-22 00:18:15,882] {dag.py:1824} INFO - Sync 1 DAGs
[2024-06-22 00:18:15,890] {logging_mixin.py:104} INFO - [2024-06-22 00:18:15,890] {dag.py:2280} INFO - Setting next_dagrun for example_complex to None
[2024-06-22 00:18:15,895] {scheduler_job.py:190} INFO - Processing /home/airflow/.local/lib/python3.6/site-packages/airflow/example_dags/example_complex.py took 0.040 seconds
[2024-06-22 00:18:46,613] {scheduler_job.py:182} INFO - Started process (PID=5194) to work on /home/airflow/.local/lib/python3.6/site-packages/airflow/example_dags/example_complex.py
[2024-06-22 00:18:46,614] {scheduler_job.py:629} INFO - Processing file /home/airflow/.local/lib/python3.6/site-packages/airflow/example_dags/example_complex.py for tasks to queue
[2024-06-22 00:18:46,614] {logging_mixin.py:104} INFO - [2024-06-22 00:18:46,614] {dagbag.py:451} INFO - Filling up the DagBag from /home/airflow/.local/lib/python3.6/site-packages/airflow/example_dags/example_complex.py
[2024-06-22 00:18:46,624] {scheduler_job.py:639} INFO - DAG(s) dict_keys(['example_complex']) retrieved from /home/airflow/.local/lib/python3.6/site-packages/airflow/example_dags/example_complex.py
[2024-06-22 00:18:46,638] {logging_mixin.py:104} INFO - [2024-06-22 00:18:46,638] {dag.py:1824} INFO - Sync 1 DAGs
[2024-06-22 00:18:46,647] {logging_mixin.py:104} INFO - [2024-06-22 00:18:46,646] {dag.py:2280} INFO - Setting next_dagrun for example_complex to None
[2024-06-22 00:18:46,652] {scheduler_job.py:190} INFO - Processing /home/airflow/.local/lib/python3.6/site-packages/airflow/example_dags/example_complex.py took 0.041 seconds
[2024-06-22 00:19:17,388] {scheduler_job.py:182} INFO - Started process (PID=5220) to work on /home/airflow/.local/lib/python3.6/site-packages/airflow/example_dags/example_complex.py
[2024-06-22 00:19:17,388] {scheduler_job.py:629} INFO - Processing file /home/airflow/.local/lib/python3.6/site-packages/airflow/example_dags/example_complex.py for tasks to queue
[2024-06-22 00:19:17,389] {logging_mixin.py:104} INFO - [2024-06-22 00:19:17,389] {dagbag.py:451} INFO - Filling up the DagBag from /home/airflow/.local/lib/python3.6/site-packages/airflow/example_dags/example_complex.py
[2024-06-22 00:19:17,398] {scheduler_job.py:639} INFO - DAG(s) dict_keys(['example_complex']) retrieved from /home/airflow/.local/lib/python3.6/site-packages/airflow/example_dags/example_complex.py
[2024-06-22 00:19:17,412] {logging_mixin.py:104} INFO - [2024-06-22 00:19:17,412] {dag.py:1824} INFO - Sync 1 DAGs
[2024-06-22 00:19:17,421] {logging_mixin.py:104} INFO - [2024-06-22 00:19:17,421] {dag.py:2280} INFO - Setting next_dagrun for example_complex to None
[2024-06-22 00:19:17,427] {scheduler_job.py:190} INFO - Processing /home/airflow/.local/lib/python3.6/site-packages/airflow/example_dags/example_complex.py took 0.041 seconds
[2024-06-22 00:19:48,155] {scheduler_job.py:182} INFO - Started process (PID=5246) to work on /home/airflow/.local/lib/python3.6/site-packages/airflow/example_dags/example_complex.py
[2024-06-22 00:19:48,156] {scheduler_job.py:629} INFO - Processing file /home/airflow/.local/lib/python3.6/site-packages/airflow/example_dags/example_complex.py for tasks to queue
[2024-06-22 00:19:48,156] {logging_mixin.py:104} INFO - [2024-06-22 00:19:48,156] {dagbag.py:451} INFO - Filling up the DagBag from /home/airflow/.local/lib/python3.6/site-packages/airflow/example_dags/example_complex.py
[2024-06-22 00:19:48,166] {scheduler_job.py:639} INFO - DAG(s) dict_keys(['example_complex']) retrieved from /home/airflow/.local/lib/python3.6/site-packages/airflow/example_dags/example_complex.py
[2024-06-22 00:19:48,180] {logging_mixin.py:104} INFO - [2024-06-22 00:19:48,180] {dag.py:1824} INFO - Sync 1 DAGs
[2024-06-22 00:19:48,187] {logging_mixin.py:104} INFO - [2024-06-22 00:19:48,187] {dag.py:2280} INFO - Setting next_dagrun for example_complex to None
[2024-06-22 00:19:48,193] {scheduler_job.py:190} INFO - Processing /home/airflow/.local/lib/python3.6/site-packages/airflow/example_dags/example_complex.py took 0.040 seconds
[2024-06-22 00:20:18,900] {scheduler_job.py:182} INFO - Started process (PID=5272) to work on /home/airflow/.local/lib/python3.6/site-packages/airflow/example_dags/example_complex.py
[2024-06-22 00:20:18,901] {scheduler_job.py:629} INFO - Processing file /home/airflow/.local/lib/python3.6/site-packages/airflow/example_dags/example_complex.py for tasks to queue
[2024-06-22 00:20:18,901] {logging_mixin.py:104} INFO - [2024-06-22 00:20:18,901] {dagbag.py:451} INFO - Filling up the DagBag from /home/airflow/.local/lib/python3.6/site-packages/airflow/example_dags/example_complex.py
[2024-06-22 00:20:18,911] {scheduler_job.py:639} INFO - DAG(s) dict_keys(['example_complex']) retrieved from /home/airflow/.local/lib/python3.6/site-packages/airflow/example_dags/example_complex.py
[2024-06-22 00:20:18,926] {logging_mixin.py:104} INFO - [2024-06-22 00:20:18,925] {dag.py:1824} INFO - Sync 1 DAGs
[2024-06-22 00:20:18,933] {logging_mixin.py:104} INFO - [2024-06-22 00:20:18,933] {dag.py:2280} INFO - Setting next_dagrun for example_complex to None
[2024-06-22 00:20:18,940] {scheduler_job.py:190} INFO - Processing /home/airflow/.local/lib/python3.6/site-packages/airflow/example_dags/example_complex.py took 0.041 seconds
[2024-06-22 00:20:49,583] {scheduler_job.py:182} INFO - Started process (PID=5298) to work on /home/airflow/.local/lib/python3.6/site-packages/airflow/example_dags/example_complex.py
[2024-06-22 00:20:49,584] {scheduler_job.py:629} INFO - Processing file /home/airflow/.local/lib/python3.6/site-packages/airflow/example_dags/example_complex.py for tasks to queue
[2024-06-22 00:20:49,584] {logging_mixin.py:104} INFO - [2024-06-22 00:20:49,584] {dagbag.py:451} INFO - Filling up the DagBag from /home/airflow/.local/lib/python3.6/site-packages/airflow/example_dags/example_complex.py
[2024-06-22 00:20:49,594] {scheduler_job.py:639} INFO - DAG(s) dict_keys(['example_complex']) retrieved from /home/airflow/.local/lib/python3.6/site-packages/airflow/example_dags/example_complex.py
[2024-06-22 00:20:49,608] {logging_mixin.py:104} INFO - [2024-06-22 00:20:49,608] {dag.py:1824} INFO - Sync 1 DAGs
[2024-06-22 00:20:49,616] {logging_mixin.py:104} INFO - [2024-06-22 00:20:49,616] {dag.py:2280} INFO - Setting next_dagrun for example_complex to None
[2024-06-22 00:20:49,622] {scheduler_job.py:190} INFO - Processing /home/airflow/.local/lib/python3.6/site-packages/airflow/example_dags/example_complex.py took 0.040 seconds
[2024-06-22 00:21:20,340] {scheduler_job.py:182} INFO - Started process (PID=5324) to work on /home/airflow/.local/lib/python3.6/site-packages/airflow/example_dags/example_complex.py
[2024-06-22 00:21:20,341] {scheduler_job.py:629} INFO - Processing file /home/airflow/.local/lib/python3.6/site-packages/airflow/example_dags/example_complex.py for tasks to queue
[2024-06-22 00:21:20,341] {logging_mixin.py:104} INFO - [2024-06-22 00:21:20,341] {dagbag.py:451} INFO - Filling up the DagBag from /home/airflow/.local/lib/python3.6/site-packages/airflow/example_dags/example_complex.py
[2024-06-22 00:21:20,352] {scheduler_job.py:639} INFO - DAG(s) dict_keys(['example_complex']) retrieved from /home/airflow/.local/lib/python3.6/site-packages/airflow/example_dags/example_complex.py
[2024-06-22 00:21:20,366] {logging_mixin.py:104} INFO - [2024-06-22 00:21:20,366] {dag.py:1824} INFO - Sync 1 DAGs
[2024-06-22 00:21:20,374] {logging_mixin.py:104} INFO - [2024-06-22 00:21:20,374] {dag.py:2280} INFO - Setting next_dagrun for example_complex to None
[2024-06-22 00:21:20,380] {scheduler_job.py:190} INFO - Processing /home/airflow/.local/lib/python3.6/site-packages/airflow/example_dags/example_complex.py took 0.042 seconds
[2024-06-22 00:21:51,033] {scheduler_job.py:182} INFO - Started process (PID=5350) to work on /home/airflow/.local/lib/python3.6/site-packages/airflow/example_dags/example_complex.py
[2024-06-22 00:21:51,034] {scheduler_job.py:629} INFO - Processing file /home/airflow/.local/lib/python3.6/site-packages/airflow/example_dags/example_complex.py for tasks to queue
[2024-06-22 00:21:51,034] {logging_mixin.py:104} INFO - [2024-06-22 00:21:51,034] {dagbag.py:451} INFO - Filling up the DagBag from /home/airflow/.local/lib/python3.6/site-packages/airflow/example_dags/example_complex.py
[2024-06-22 00:21:51,044] {scheduler_job.py:639} INFO - DAG(s) dict_keys(['example_complex']) retrieved from /home/airflow/.local/lib/python3.6/site-packages/airflow/example_dags/example_complex.py
[2024-06-22 00:21:51,058] {logging_mixin.py:104} INFO - [2024-06-22 00:21:51,058] {dag.py:1824} INFO - Sync 1 DAGs
[2024-06-22 00:21:51,066] {logging_mixin.py:104} INFO - [2024-06-22 00:21:51,066] {dag.py:2280} INFO - Setting next_dagrun for example_complex to None
[2024-06-22 00:21:51,073] {scheduler_job.py:190} INFO - Processing /home/airflow/.local/lib/python3.6/site-packages/airflow/example_dags/example_complex.py took 0.042 seconds
[2024-06-22 00:22:21,784] {scheduler_job.py:182} INFO - Started process (PID=5376) to work on /home/airflow/.local/lib/python3.6/site-packages/airflow/example_dags/example_complex.py
[2024-06-22 00:22:21,785] {scheduler_job.py:629} INFO - Processing file /home/airflow/.local/lib/python3.6/site-packages/airflow/example_dags/example_complex.py for tasks to queue
[2024-06-22 00:22:21,786] {logging_mixin.py:104} INFO - [2024-06-22 00:22:21,785] {dagbag.py:451} INFO - Filling up the DagBag from /home/airflow/.local/lib/python3.6/site-packages/airflow/example_dags/example_complex.py
[2024-06-22 00:22:21,796] {scheduler_job.py:639} INFO - DAG(s) dict_keys(['example_complex']) retrieved from /home/airflow/.local/lib/python3.6/site-packages/airflow/example_dags/example_complex.py
[2024-06-22 00:22:21,810] {logging_mixin.py:104} INFO - [2024-06-22 00:22:21,809] {dag.py:1824} INFO - Sync 1 DAGs
[2024-06-22 00:22:21,818] {logging_mixin.py:104} INFO - [2024-06-22 00:22:21,818] {dag.py:2280} INFO - Setting next_dagrun for example_complex to None
[2024-06-22 00:22:21,824] {scheduler_job.py:190} INFO - Processing /home/airflow/.local/lib/python3.6/site-packages/airflow/example_dags/example_complex.py took 0.041 seconds
[2024-06-22 00:22:52,497] {scheduler_job.py:182} INFO - Started process (PID=5402) to work on /home/airflow/.local/lib/python3.6/site-packages/airflow/example_dags/example_complex.py
[2024-06-22 00:22:52,498] {scheduler_job.py:629} INFO - Processing file /home/airflow/.local/lib/python3.6/site-packages/airflow/example_dags/example_complex.py for tasks to queue
[2024-06-22 00:22:52,498] {logging_mixin.py:104} INFO - [2024-06-22 00:22:52,498] {dagbag.py:451} INFO - Filling up the DagBag from /home/airflow/.local/lib/python3.6/site-packages/airflow/example_dags/example_complex.py
[2024-06-22 00:22:52,509] {scheduler_job.py:639} INFO - DAG(s) dict_keys(['example_complex']) retrieved from /home/airflow/.local/lib/python3.6/site-packages/airflow/example_dags/example_complex.py
[2024-06-22 00:22:52,524] {logging_mixin.py:104} INFO - [2024-06-22 00:22:52,524] {dag.py:1824} INFO - Sync 1 DAGs
[2024-06-22 00:22:52,532] {logging_mixin.py:104} INFO - [2024-06-22 00:22:52,532] {dag.py:2280} INFO - Setting next_dagrun for example_complex to None
[2024-06-22 00:22:52,539] {scheduler_job.py:190} INFO - Processing /home/airflow/.local/lib/python3.6/site-packages/airflow/example_dags/example_complex.py took 0.043 seconds
[2024-06-22 00:23:23,303] {scheduler_job.py:182} INFO - Started process (PID=5428) to work on /home/airflow/.local/lib/python3.6/site-packages/airflow/example_dags/example_complex.py
[2024-06-22 00:23:23,304] {scheduler_job.py:629} INFO - Processing file /home/airflow/.local/lib/python3.6/site-packages/airflow/example_dags/example_complex.py for tasks to queue
[2024-06-22 00:23:23,304] {logging_mixin.py:104} INFO - [2024-06-22 00:23:23,304] {dagbag.py:451} INFO - Filling up the DagBag from /home/airflow/.local/lib/python3.6/site-packages/airflow/example_dags/example_complex.py
[2024-06-22 00:23:23,314] {scheduler_job.py:639} INFO - DAG(s) dict_keys(['example_complex']) retrieved from /home/airflow/.local/lib/python3.6/site-packages/airflow/example_dags/example_complex.py
[2024-06-22 00:23:23,329] {logging_mixin.py:104} INFO - [2024-06-22 00:23:23,329] {dag.py:1824} INFO - Sync 1 DAGs
[2024-06-22 00:23:23,337] {logging_mixin.py:104} INFO - [2024-06-22 00:23:23,337] {dag.py:2280} INFO - Setting next_dagrun for example_complex to None
[2024-06-22 00:23:23,343] {scheduler_job.py:190} INFO - Processing /home/airflow/.local/lib/python3.6/site-packages/airflow/example_dags/example_complex.py took 0.042 seconds
[2024-06-22 00:23:54,023] {scheduler_job.py:182} INFO - Started process (PID=5454) to work on /home/airflow/.local/lib/python3.6/site-packages/airflow/example_dags/example_complex.py
[2024-06-22 00:23:54,023] {scheduler_job.py:629} INFO - Processing file /home/airflow/.local/lib/python3.6/site-packages/airflow/example_dags/example_complex.py for tasks to queue
[2024-06-22 00:23:54,024] {logging_mixin.py:104} INFO - [2024-06-22 00:23:54,024] {dagbag.py:451} INFO - Filling up the DagBag from /home/airflow/.local/lib/python3.6/site-packages/airflow/example_dags/example_complex.py
[2024-06-22 00:23:54,034] {scheduler_job.py:639} INFO - DAG(s) dict_keys(['example_complex']) retrieved from /home/airflow/.local/lib/python3.6/site-packages/airflow/example_dags/example_complex.py
[2024-06-22 00:23:54,048] {logging_mixin.py:104} INFO - [2024-06-22 00:23:54,048] {dag.py:1824} INFO - Sync 1 DAGs
[2024-06-22 00:23:54,056] {logging_mixin.py:104} INFO - [2024-06-22 00:23:54,056] {dag.py:2280} INFO - Setting next_dagrun for example_complex to None
[2024-06-22 00:23:54,062] {scheduler_job.py:190} INFO - Processing /home/airflow/.local/lib/python3.6/site-packages/airflow/example_dags/example_complex.py took 0.041 seconds
[2024-06-22 00:24:24,855] {scheduler_job.py:182} INFO - Started process (PID=5480) to work on /home/airflow/.local/lib/python3.6/site-packages/airflow/example_dags/example_complex.py
[2024-06-22 00:24:24,855] {scheduler_job.py:629} INFO - Processing file /home/airflow/.local/lib/python3.6/site-packages/airflow/example_dags/example_complex.py for tasks to queue
[2024-06-22 00:24:24,856] {logging_mixin.py:104} INFO - [2024-06-22 00:24:24,856] {dagbag.py:451} INFO - Filling up the DagBag from /home/airflow/.local/lib/python3.6/site-packages/airflow/example_dags/example_complex.py
[2024-06-22 00:24:24,866] {scheduler_job.py:639} INFO - DAG(s) dict_keys(['example_complex']) retrieved from /home/airflow/.local/lib/python3.6/site-packages/airflow/example_dags/example_complex.py
[2024-06-22 00:24:24,880] {logging_mixin.py:104} INFO - [2024-06-22 00:24:24,880] {dag.py:1824} INFO - Sync 1 DAGs
[2024-06-22 00:24:24,888] {logging_mixin.py:104} INFO - [2024-06-22 00:24:24,888] {dag.py:2280} INFO - Setting next_dagrun for example_complex to None
[2024-06-22 00:24:24,894] {scheduler_job.py:190} INFO - Processing /home/airflow/.local/lib/python3.6/site-packages/airflow/example_dags/example_complex.py took 0.041 seconds
[2024-06-22 00:24:55,679] {scheduler_job.py:182} INFO - Started process (PID=5506) to work on /home/airflow/.local/lib/python3.6/site-packages/airflow/example_dags/example_complex.py
[2024-06-22 00:24:55,680] {scheduler_job.py:629} INFO - Processing file /home/airflow/.local/lib/python3.6/site-packages/airflow/example_dags/example_complex.py for tasks to queue
[2024-06-22 00:24:55,681] {logging_mixin.py:104} INFO - [2024-06-22 00:24:55,680] {dagbag.py:451} INFO - Filling up the DagBag from /home/airflow/.local/lib/python3.6/site-packages/airflow/example_dags/example_complex.py
[2024-06-22 00:24:55,691] {scheduler_job.py:639} INFO - DAG(s) dict_keys(['example_complex']) retrieved from /home/airflow/.local/lib/python3.6/site-packages/airflow/example_dags/example_complex.py
[2024-06-22 00:24:55,705] {logging_mixin.py:104} INFO - [2024-06-22 00:24:55,705] {dag.py:1824} INFO - Sync 1 DAGs
[2024-06-22 00:24:55,713] {logging_mixin.py:104} INFO - [2024-06-22 00:24:55,713] {dag.py:2280} INFO - Setting next_dagrun for example_complex to None
[2024-06-22 00:24:55,719] {scheduler_job.py:190} INFO - Processing /home/airflow/.local/lib/python3.6/site-packages/airflow/example_dags/example_complex.py took 0.041 seconds
[2024-06-22 23:26:20,492] {scheduler_job.py:182} INFO - Started process (PID=5532) to work on /home/airflow/.local/lib/python3.6/site-packages/airflow/example_dags/example_complex.py
[2024-06-22 23:26:20,518] {scheduler_job.py:629} INFO - Processing file /home/airflow/.local/lib/python3.6/site-packages/airflow/example_dags/example_complex.py for tasks to queue
[2024-06-22 23:26:20,533] {logging_mixin.py:104} INFO - [2024-06-22 23:26:20,533] {dagbag.py:451} INFO - Filling up the DagBag from /home/airflow/.local/lib/python3.6/site-packages/airflow/example_dags/example_complex.py
[2024-06-22 23:26:20,579] {scheduler_job.py:639} INFO - DAG(s) dict_keys(['example_complex']) retrieved from /home/airflow/.local/lib/python3.6/site-packages/airflow/example_dags/example_complex.py
[2024-06-22 23:26:20,656] {logging_mixin.py:104} INFO - [2024-06-22 23:26:20,656] {dag.py:1824} INFO - Sync 1 DAGs
[2024-06-22 23:26:20,694] {logging_mixin.py:104} INFO - [2024-06-22 23:26:20,694] {dag.py:2280} INFO - Setting next_dagrun for example_complex to None
[2024-06-22 23:26:20,729] {scheduler_job.py:190} INFO - Processing /home/airflow/.local/lib/python3.6/site-packages/airflow/example_dags/example_complex.py took 0.241 seconds
[2024-06-22 23:26:51,401] {scheduler_job.py:182} INFO - Started process (PID=5557) to work on /home/airflow/.local/lib/python3.6/site-packages/airflow/example_dags/example_complex.py
[2024-06-22 23:26:51,402] {scheduler_job.py:629} INFO - Processing file /home/airflow/.local/lib/python3.6/site-packages/airflow/example_dags/example_complex.py for tasks to queue
[2024-06-22 23:26:51,402] {logging_mixin.py:104} INFO - [2024-06-22 23:26:51,402] {dagbag.py:451} INFO - Filling up the DagBag from /home/airflow/.local/lib/python3.6/site-packages/airflow/example_dags/example_complex.py
[2024-06-22 23:26:51,414] {scheduler_job.py:639} INFO - DAG(s) dict_keys(['example_complex']) retrieved from /home/airflow/.local/lib/python3.6/site-packages/airflow/example_dags/example_complex.py
[2024-06-22 23:26:51,430] {logging_mixin.py:104} INFO - [2024-06-22 23:26:51,430] {dag.py:1824} INFO - Sync 1 DAGs
[2024-06-22 23:26:51,439] {logging_mixin.py:104} INFO - [2024-06-22 23:26:51,439] {dag.py:2280} INFO - Setting next_dagrun for example_complex to None
[2024-06-22 23:26:51,446] {scheduler_job.py:190} INFO - Processing /home/airflow/.local/lib/python3.6/site-packages/airflow/example_dags/example_complex.py took 0.047 seconds
[2024-06-22 23:27:22,262] {scheduler_job.py:182} INFO - Started process (PID=5583) to work on /home/airflow/.local/lib/python3.6/site-packages/airflow/example_dags/example_complex.py
[2024-06-22 23:27:22,263] {scheduler_job.py:629} INFO - Processing file /home/airflow/.local/lib/python3.6/site-packages/airflow/example_dags/example_complex.py for tasks to queue
[2024-06-22 23:27:22,263] {logging_mixin.py:104} INFO - [2024-06-22 23:27:22,263] {dagbag.py:451} INFO - Filling up the DagBag from /home/airflow/.local/lib/python3.6/site-packages/airflow/example_dags/example_complex.py
[2024-06-22 23:27:22,274] {scheduler_job.py:639} INFO - DAG(s) dict_keys(['example_complex']) retrieved from /home/airflow/.local/lib/python3.6/site-packages/airflow/example_dags/example_complex.py
[2024-06-22 23:27:22,290] {logging_mixin.py:104} INFO - [2024-06-22 23:27:22,290] {dag.py:1824} INFO - Sync 1 DAGs
[2024-06-22 23:27:22,300] {logging_mixin.py:104} INFO - [2024-06-22 23:27:22,300] {dag.py:2280} INFO - Setting next_dagrun for example_complex to None
[2024-06-22 23:27:22,308] {scheduler_job.py:190} INFO - Processing /home/airflow/.local/lib/python3.6/site-packages/airflow/example_dags/example_complex.py took 0.047 seconds
[2024-06-22 23:27:53,052] {scheduler_job.py:182} INFO - Started process (PID=5609) to work on /home/airflow/.local/lib/python3.6/site-packages/airflow/example_dags/example_complex.py
[2024-06-22 23:27:53,053] {scheduler_job.py:629} INFO - Processing file /home/airflow/.local/lib/python3.6/site-packages/airflow/example_dags/example_complex.py for tasks to queue
[2024-06-22 23:27:53,053] {logging_mixin.py:104} INFO - [2024-06-22 23:27:53,053] {dagbag.py:451} INFO - Filling up the DagBag from /home/airflow/.local/lib/python3.6/site-packages/airflow/example_dags/example_complex.py
[2024-06-22 23:27:53,064] {scheduler_job.py:639} INFO - DAG(s) dict_keys(['example_complex']) retrieved from /home/airflow/.local/lib/python3.6/site-packages/airflow/example_dags/example_complex.py
[2024-06-22 23:27:53,078] {logging_mixin.py:104} INFO - [2024-06-22 23:27:53,078] {dag.py:1824} INFO - Sync 1 DAGs
[2024-06-22 23:27:53,086] {logging_mixin.py:104} INFO - [2024-06-22 23:27:53,086] {dag.py:2280} INFO - Setting next_dagrun for example_complex to None
[2024-06-22 23:27:53,093] {scheduler_job.py:190} INFO - Processing /home/airflow/.local/lib/python3.6/site-packages/airflow/example_dags/example_complex.py took 0.043 seconds
[2024-06-22 23:28:23,825] {scheduler_job.py:182} INFO - Started process (PID=5635) to work on /home/airflow/.local/lib/python3.6/site-packages/airflow/example_dags/example_complex.py
[2024-06-22 23:28:23,826] {scheduler_job.py:629} INFO - Processing file /home/airflow/.local/lib/python3.6/site-packages/airflow/example_dags/example_complex.py for tasks to queue
[2024-06-22 23:28:23,826] {logging_mixin.py:104} INFO - [2024-06-22 23:28:23,826] {dagbag.py:451} INFO - Filling up the DagBag from /home/airflow/.local/lib/python3.6/site-packages/airflow/example_dags/example_complex.py
[2024-06-22 23:28:23,836] {scheduler_job.py:639} INFO - DAG(s) dict_keys(['example_complex']) retrieved from /home/airflow/.local/lib/python3.6/site-packages/airflow/example_dags/example_complex.py
[2024-06-22 23:28:23,850] {logging_mixin.py:104} INFO - [2024-06-22 23:28:23,850] {dag.py:1824} INFO - Sync 1 DAGs
[2024-06-22 23:28:23,858] {logging_mixin.py:104} INFO - [2024-06-22 23:28:23,858] {dag.py:2280} INFO - Setting next_dagrun for example_complex to None
[2024-06-22 23:28:23,866] {scheduler_job.py:190} INFO - Processing /home/airflow/.local/lib/python3.6/site-packages/airflow/example_dags/example_complex.py took 0.043 seconds
