[2024-06-22 00:00:19,717] {scheduler_job.py:182} INFO - Started process (PID=4261) to work on /home/airflow/.local/lib/python3.6/site-packages/airflow/example_dags/example_skip_dag.py
[2024-06-22 00:00:19,718] {scheduler_job.py:629} INFO - Processing file /home/airflow/.local/lib/python3.6/site-packages/airflow/example_dags/example_skip_dag.py for tasks to queue
[2024-06-22 00:00:19,719] {logging_mixin.py:104} INFO - [2024-06-22 00:00:19,718] {dagbag.py:451} INFO - Filling up the DagBag from /home/airflow/.local/lib/python3.6/site-packages/airflow/example_dags/example_skip_dag.py
[2024-06-22 00:00:19,725] {scheduler_job.py:639} INFO - DAG(s) dict_keys(['example_skip_dag']) retrieved from /home/airflow/.local/lib/python3.6/site-packages/airflow/example_dags/example_skip_dag.py
[2024-06-22 00:00:19,737] {logging_mixin.py:104} INFO - [2024-06-22 00:00:19,737] {dag.py:1824} INFO - Sync 1 DAGs
[2024-06-22 00:00:19,745] {logging_mixin.py:104} INFO - [2024-06-22 00:00:19,745] {dag.py:2280} INFO - Setting next_dagrun for example_skip_dag to 2024-06-20 00:00:00+00:00
[2024-06-22 00:00:19,753] {scheduler_job.py:190} INFO - Processing /home/airflow/.local/lib/python3.6/site-packages/airflow/example_dags/example_skip_dag.py took 0.037 seconds
[2024-06-22 00:00:50,496] {scheduler_job.py:182} INFO - Started process (PID=4287) to work on /home/airflow/.local/lib/python3.6/site-packages/airflow/example_dags/example_skip_dag.py
[2024-06-22 00:00:50,496] {scheduler_job.py:629} INFO - Processing file /home/airflow/.local/lib/python3.6/site-packages/airflow/example_dags/example_skip_dag.py for tasks to queue
[2024-06-22 00:00:50,497] {logging_mixin.py:104} INFO - [2024-06-22 00:00:50,497] {dagbag.py:451} INFO - Filling up the DagBag from /home/airflow/.local/lib/python3.6/site-packages/airflow/example_dags/example_skip_dag.py
[2024-06-22 00:00:50,503] {scheduler_job.py:639} INFO - DAG(s) dict_keys(['example_skip_dag']) retrieved from /home/airflow/.local/lib/python3.6/site-packages/airflow/example_dags/example_skip_dag.py
[2024-06-22 00:00:50,515] {logging_mixin.py:104} INFO - [2024-06-22 00:00:50,515] {dag.py:1824} INFO - Sync 1 DAGs
[2024-06-22 00:00:50,524] {logging_mixin.py:104} INFO - [2024-06-22 00:00:50,524] {dag.py:2280} INFO - Setting next_dagrun for example_skip_dag to 2024-06-20 00:00:00+00:00
[2024-06-22 00:00:50,529] {scheduler_job.py:190} INFO - Processing /home/airflow/.local/lib/python3.6/site-packages/airflow/example_dags/example_skip_dag.py took 0.035 seconds
[2024-06-22 00:01:21,264] {scheduler_job.py:182} INFO - Started process (PID=4313) to work on /home/airflow/.local/lib/python3.6/site-packages/airflow/example_dags/example_skip_dag.py
[2024-06-22 00:01:21,265] {scheduler_job.py:629} INFO - Processing file /home/airflow/.local/lib/python3.6/site-packages/airflow/example_dags/example_skip_dag.py for tasks to queue
[2024-06-22 00:01:21,265] {logging_mixin.py:104} INFO - [2024-06-22 00:01:21,265] {dagbag.py:451} INFO - Filling up the DagBag from /home/airflow/.local/lib/python3.6/site-packages/airflow/example_dags/example_skip_dag.py
[2024-06-22 00:01:21,271] {scheduler_job.py:639} INFO - DAG(s) dict_keys(['example_skip_dag']) retrieved from /home/airflow/.local/lib/python3.6/site-packages/airflow/example_dags/example_skip_dag.py
[2024-06-22 00:01:21,282] {logging_mixin.py:104} INFO - [2024-06-22 00:01:21,282] {dag.py:1824} INFO - Sync 1 DAGs
[2024-06-22 00:01:21,290] {logging_mixin.py:104} INFO - [2024-06-22 00:01:21,290] {dag.py:2280} INFO - Setting next_dagrun for example_skip_dag to 2024-06-20 00:00:00+00:00
[2024-06-22 00:01:21,295] {scheduler_job.py:190} INFO - Processing /home/airflow/.local/lib/python3.6/site-packages/airflow/example_dags/example_skip_dag.py took 0.033 seconds
[2024-06-22 00:01:52,063] {scheduler_job.py:182} INFO - Started process (PID=4339) to work on /home/airflow/.local/lib/python3.6/site-packages/airflow/example_dags/example_skip_dag.py
[2024-06-22 00:01:52,064] {scheduler_job.py:629} INFO - Processing file /home/airflow/.local/lib/python3.6/site-packages/airflow/example_dags/example_skip_dag.py for tasks to queue
[2024-06-22 00:01:52,064] {logging_mixin.py:104} INFO - [2024-06-22 00:01:52,064] {dagbag.py:451} INFO - Filling up the DagBag from /home/airflow/.local/lib/python3.6/site-packages/airflow/example_dags/example_skip_dag.py
[2024-06-22 00:01:52,071] {scheduler_job.py:639} INFO - DAG(s) dict_keys(['example_skip_dag']) retrieved from /home/airflow/.local/lib/python3.6/site-packages/airflow/example_dags/example_skip_dag.py
[2024-06-22 00:01:52,083] {logging_mixin.py:104} INFO - [2024-06-22 00:01:52,083] {dag.py:1824} INFO - Sync 1 DAGs
[2024-06-22 00:01:52,091] {logging_mixin.py:104} INFO - [2024-06-22 00:01:52,091] {dag.py:2280} INFO - Setting next_dagrun for example_skip_dag to 2024-06-20 00:00:00+00:00
[2024-06-22 00:01:52,097] {scheduler_job.py:190} INFO - Processing /home/airflow/.local/lib/python3.6/site-packages/airflow/example_dags/example_skip_dag.py took 0.036 seconds
[2024-06-22 00:02:22,815] {scheduler_job.py:182} INFO - Started process (PID=4365) to work on /home/airflow/.local/lib/python3.6/site-packages/airflow/example_dags/example_skip_dag.py
[2024-06-22 00:02:22,816] {scheduler_job.py:629} INFO - Processing file /home/airflow/.local/lib/python3.6/site-packages/airflow/example_dags/example_skip_dag.py for tasks to queue
[2024-06-22 00:02:22,816] {logging_mixin.py:104} INFO - [2024-06-22 00:02:22,816] {dagbag.py:451} INFO - Filling up the DagBag from /home/airflow/.local/lib/python3.6/site-packages/airflow/example_dags/example_skip_dag.py
[2024-06-22 00:02:22,822] {scheduler_job.py:639} INFO - DAG(s) dict_keys(['example_skip_dag']) retrieved from /home/airflow/.local/lib/python3.6/site-packages/airflow/example_dags/example_skip_dag.py
[2024-06-22 00:02:22,834] {logging_mixin.py:104} INFO - [2024-06-22 00:02:22,834] {dag.py:1824} INFO - Sync 1 DAGs
[2024-06-22 00:02:22,843] {logging_mixin.py:104} INFO - [2024-06-22 00:02:22,843] {dag.py:2280} INFO - Setting next_dagrun for example_skip_dag to 2024-06-20 00:00:00+00:00
[2024-06-22 00:02:22,848] {scheduler_job.py:190} INFO - Processing /home/airflow/.local/lib/python3.6/site-packages/airflow/example_dags/example_skip_dag.py took 0.034 seconds
[2024-06-22 00:02:53,567] {scheduler_job.py:182} INFO - Started process (PID=4391) to work on /home/airflow/.local/lib/python3.6/site-packages/airflow/example_dags/example_skip_dag.py
[2024-06-22 00:02:53,568] {scheduler_job.py:629} INFO - Processing file /home/airflow/.local/lib/python3.6/site-packages/airflow/example_dags/example_skip_dag.py for tasks to queue
[2024-06-22 00:02:53,568] {logging_mixin.py:104} INFO - [2024-06-22 00:02:53,568] {dagbag.py:451} INFO - Filling up the DagBag from /home/airflow/.local/lib/python3.6/site-packages/airflow/example_dags/example_skip_dag.py
[2024-06-22 00:02:53,574] {scheduler_job.py:639} INFO - DAG(s) dict_keys(['example_skip_dag']) retrieved from /home/airflow/.local/lib/python3.6/site-packages/airflow/example_dags/example_skip_dag.py
[2024-06-22 00:02:53,586] {logging_mixin.py:104} INFO - [2024-06-22 00:02:53,586] {dag.py:1824} INFO - Sync 1 DAGs
[2024-06-22 00:02:53,595] {logging_mixin.py:104} INFO - [2024-06-22 00:02:53,595] {dag.py:2280} INFO - Setting next_dagrun for example_skip_dag to 2024-06-20 00:00:00+00:00
[2024-06-22 00:02:53,600] {scheduler_job.py:190} INFO - Processing /home/airflow/.local/lib/python3.6/site-packages/airflow/example_dags/example_skip_dag.py took 0.035 seconds
[2024-06-22 00:03:24,277] {scheduler_job.py:182} INFO - Started process (PID=4417) to work on /home/airflow/.local/lib/python3.6/site-packages/airflow/example_dags/example_skip_dag.py
[2024-06-22 00:03:24,277] {scheduler_job.py:629} INFO - Processing file /home/airflow/.local/lib/python3.6/site-packages/airflow/example_dags/example_skip_dag.py for tasks to queue
[2024-06-22 00:03:24,278] {logging_mixin.py:104} INFO - [2024-06-22 00:03:24,278] {dagbag.py:451} INFO - Filling up the DagBag from /home/airflow/.local/lib/python3.6/site-packages/airflow/example_dags/example_skip_dag.py
[2024-06-22 00:03:24,284] {scheduler_job.py:639} INFO - DAG(s) dict_keys(['example_skip_dag']) retrieved from /home/airflow/.local/lib/python3.6/site-packages/airflow/example_dags/example_skip_dag.py
[2024-06-22 00:03:24,295] {logging_mixin.py:104} INFO - [2024-06-22 00:03:24,295] {dag.py:1824} INFO - Sync 1 DAGs
[2024-06-22 00:03:24,304] {logging_mixin.py:104} INFO - [2024-06-22 00:03:24,303] {dag.py:2280} INFO - Setting next_dagrun for example_skip_dag to 2024-06-20 00:00:00+00:00
[2024-06-22 00:03:24,309] {scheduler_job.py:190} INFO - Processing /home/airflow/.local/lib/python3.6/site-packages/airflow/example_dags/example_skip_dag.py took 0.034 seconds
[2024-06-22 00:03:54,946] {scheduler_job.py:182} INFO - Started process (PID=4443) to work on /home/airflow/.local/lib/python3.6/site-packages/airflow/example_dags/example_skip_dag.py
[2024-06-22 00:03:54,947] {scheduler_job.py:629} INFO - Processing file /home/airflow/.local/lib/python3.6/site-packages/airflow/example_dags/example_skip_dag.py for tasks to queue
[2024-06-22 00:03:54,948] {logging_mixin.py:104} INFO - [2024-06-22 00:03:54,948] {dagbag.py:451} INFO - Filling up the DagBag from /home/airflow/.local/lib/python3.6/site-packages/airflow/example_dags/example_skip_dag.py
[2024-06-22 00:03:54,954] {scheduler_job.py:639} INFO - DAG(s) dict_keys(['example_skip_dag']) retrieved from /home/airflow/.local/lib/python3.6/site-packages/airflow/example_dags/example_skip_dag.py
[2024-06-22 00:03:54,965] {logging_mixin.py:104} INFO - [2024-06-22 00:03:54,965] {dag.py:1824} INFO - Sync 1 DAGs
[2024-06-22 00:03:54,972] {logging_mixin.py:104} INFO - [2024-06-22 00:03:54,972] {dag.py:2280} INFO - Setting next_dagrun for example_skip_dag to 2024-06-20 00:00:00+00:00
[2024-06-22 00:03:54,977] {scheduler_job.py:190} INFO - Processing /home/airflow/.local/lib/python3.6/site-packages/airflow/example_dags/example_skip_dag.py took 0.033 seconds
[2024-06-22 00:04:25,671] {scheduler_job.py:182} INFO - Started process (PID=4469) to work on /home/airflow/.local/lib/python3.6/site-packages/airflow/example_dags/example_skip_dag.py
[2024-06-22 00:04:25,671] {scheduler_job.py:629} INFO - Processing file /home/airflow/.local/lib/python3.6/site-packages/airflow/example_dags/example_skip_dag.py for tasks to queue
[2024-06-22 00:04:25,672] {logging_mixin.py:104} INFO - [2024-06-22 00:04:25,672] {dagbag.py:451} INFO - Filling up the DagBag from /home/airflow/.local/lib/python3.6/site-packages/airflow/example_dags/example_skip_dag.py
[2024-06-22 00:04:25,678] {scheduler_job.py:639} INFO - DAG(s) dict_keys(['example_skip_dag']) retrieved from /home/airflow/.local/lib/python3.6/site-packages/airflow/example_dags/example_skip_dag.py
[2024-06-22 00:04:25,690] {logging_mixin.py:104} INFO - [2024-06-22 00:04:25,690] {dag.py:1824} INFO - Sync 1 DAGs
[2024-06-22 00:04:25,697] {logging_mixin.py:104} INFO - [2024-06-22 00:04:25,697] {dag.py:2280} INFO - Setting next_dagrun for example_skip_dag to 2024-06-20 00:00:00+00:00
[2024-06-22 00:04:25,703] {scheduler_job.py:190} INFO - Processing /home/airflow/.local/lib/python3.6/site-packages/airflow/example_dags/example_skip_dag.py took 0.034 seconds
[2024-06-22 00:04:56,418] {scheduler_job.py:182} INFO - Started process (PID=4495) to work on /home/airflow/.local/lib/python3.6/site-packages/airflow/example_dags/example_skip_dag.py
[2024-06-22 00:04:56,419] {scheduler_job.py:629} INFO - Processing file /home/airflow/.local/lib/python3.6/site-packages/airflow/example_dags/example_skip_dag.py for tasks to queue
[2024-06-22 00:04:56,419] {logging_mixin.py:104} INFO - [2024-06-22 00:04:56,419] {dagbag.py:451} INFO - Filling up the DagBag from /home/airflow/.local/lib/python3.6/site-packages/airflow/example_dags/example_skip_dag.py
[2024-06-22 00:04:56,425] {scheduler_job.py:639} INFO - DAG(s) dict_keys(['example_skip_dag']) retrieved from /home/airflow/.local/lib/python3.6/site-packages/airflow/example_dags/example_skip_dag.py
[2024-06-22 00:04:56,437] {logging_mixin.py:104} INFO - [2024-06-22 00:04:56,437] {dag.py:1824} INFO - Sync 1 DAGs
[2024-06-22 00:04:56,445] {logging_mixin.py:104} INFO - [2024-06-22 00:04:56,445] {dag.py:2280} INFO - Setting next_dagrun for example_skip_dag to 2024-06-20 00:00:00+00:00
[2024-06-22 00:04:56,451] {scheduler_job.py:190} INFO - Processing /home/airflow/.local/lib/python3.6/site-packages/airflow/example_dags/example_skip_dag.py took 0.034 seconds
[2024-06-22 00:05:27,193] {scheduler_job.py:182} INFO - Started process (PID=4521) to work on /home/airflow/.local/lib/python3.6/site-packages/airflow/example_dags/example_skip_dag.py
[2024-06-22 00:05:27,194] {scheduler_job.py:629} INFO - Processing file /home/airflow/.local/lib/python3.6/site-packages/airflow/example_dags/example_skip_dag.py for tasks to queue
[2024-06-22 00:05:27,194] {logging_mixin.py:104} INFO - [2024-06-22 00:05:27,194] {dagbag.py:451} INFO - Filling up the DagBag from /home/airflow/.local/lib/python3.6/site-packages/airflow/example_dags/example_skip_dag.py
[2024-06-22 00:05:27,201] {scheduler_job.py:639} INFO - DAG(s) dict_keys(['example_skip_dag']) retrieved from /home/airflow/.local/lib/python3.6/site-packages/airflow/example_dags/example_skip_dag.py
[2024-06-22 00:05:27,213] {logging_mixin.py:104} INFO - [2024-06-22 00:05:27,213] {dag.py:1824} INFO - Sync 1 DAGs
[2024-06-22 00:05:27,221] {logging_mixin.py:104} INFO - [2024-06-22 00:05:27,221] {dag.py:2280} INFO - Setting next_dagrun for example_skip_dag to 2024-06-20 00:00:00+00:00
[2024-06-22 00:05:27,226] {scheduler_job.py:190} INFO - Processing /home/airflow/.local/lib/python3.6/site-packages/airflow/example_dags/example_skip_dag.py took 0.035 seconds
[2024-06-22 00:05:57,943] {scheduler_job.py:182} INFO - Started process (PID=4547) to work on /home/airflow/.local/lib/python3.6/site-packages/airflow/example_dags/example_skip_dag.py
[2024-06-22 00:05:57,944] {scheduler_job.py:629} INFO - Processing file /home/airflow/.local/lib/python3.6/site-packages/airflow/example_dags/example_skip_dag.py for tasks to queue
[2024-06-22 00:05:57,945] {logging_mixin.py:104} INFO - [2024-06-22 00:05:57,945] {dagbag.py:451} INFO - Filling up the DagBag from /home/airflow/.local/lib/python3.6/site-packages/airflow/example_dags/example_skip_dag.py
[2024-06-22 00:05:57,951] {scheduler_job.py:639} INFO - DAG(s) dict_keys(['example_skip_dag']) retrieved from /home/airflow/.local/lib/python3.6/site-packages/airflow/example_dags/example_skip_dag.py
[2024-06-22 00:05:57,963] {logging_mixin.py:104} INFO - [2024-06-22 00:05:57,963] {dag.py:1824} INFO - Sync 1 DAGs
[2024-06-22 00:05:57,971] {logging_mixin.py:104} INFO - [2024-06-22 00:05:57,971] {dag.py:2280} INFO - Setting next_dagrun for example_skip_dag to 2024-06-20 00:00:00+00:00
[2024-06-22 00:05:57,976] {scheduler_job.py:190} INFO - Processing /home/airflow/.local/lib/python3.6/site-packages/airflow/example_dags/example_skip_dag.py took 0.035 seconds
[2024-06-22 00:06:28,654] {scheduler_job.py:182} INFO - Started process (PID=4573) to work on /home/airflow/.local/lib/python3.6/site-packages/airflow/example_dags/example_skip_dag.py
[2024-06-22 00:06:28,655] {scheduler_job.py:629} INFO - Processing file /home/airflow/.local/lib/python3.6/site-packages/airflow/example_dags/example_skip_dag.py for tasks to queue
[2024-06-22 00:06:28,655] {logging_mixin.py:104} INFO - [2024-06-22 00:06:28,655] {dagbag.py:451} INFO - Filling up the DagBag from /home/airflow/.local/lib/python3.6/site-packages/airflow/example_dags/example_skip_dag.py
[2024-06-22 00:06:28,661] {scheduler_job.py:639} INFO - DAG(s) dict_keys(['example_skip_dag']) retrieved from /home/airflow/.local/lib/python3.6/site-packages/airflow/example_dags/example_skip_dag.py
[2024-06-22 00:06:28,672] {logging_mixin.py:104} INFO - [2024-06-22 00:06:28,672] {dag.py:1824} INFO - Sync 1 DAGs
[2024-06-22 00:06:28,680] {logging_mixin.py:104} INFO - [2024-06-22 00:06:28,680] {dag.py:2280} INFO - Setting next_dagrun for example_skip_dag to 2024-06-20 00:00:00+00:00
[2024-06-22 00:06:28,686] {scheduler_job.py:190} INFO - Processing /home/airflow/.local/lib/python3.6/site-packages/airflow/example_dags/example_skip_dag.py took 0.034 seconds
[2024-06-22 00:06:59,336] {scheduler_job.py:182} INFO - Started process (PID=4599) to work on /home/airflow/.local/lib/python3.6/site-packages/airflow/example_dags/example_skip_dag.py
[2024-06-22 00:06:59,337] {scheduler_job.py:629} INFO - Processing file /home/airflow/.local/lib/python3.6/site-packages/airflow/example_dags/example_skip_dag.py for tasks to queue
[2024-06-22 00:06:59,337] {logging_mixin.py:104} INFO - [2024-06-22 00:06:59,337] {dagbag.py:451} INFO - Filling up the DagBag from /home/airflow/.local/lib/python3.6/site-packages/airflow/example_dags/example_skip_dag.py
[2024-06-22 00:06:59,343] {scheduler_job.py:639} INFO - DAG(s) dict_keys(['example_skip_dag']) retrieved from /home/airflow/.local/lib/python3.6/site-packages/airflow/example_dags/example_skip_dag.py
[2024-06-22 00:06:59,355] {logging_mixin.py:104} INFO - [2024-06-22 00:06:59,355] {dag.py:1824} INFO - Sync 1 DAGs
[2024-06-22 00:06:59,363] {logging_mixin.py:104} INFO - [2024-06-22 00:06:59,363] {dag.py:2280} INFO - Setting next_dagrun for example_skip_dag to 2024-06-20 00:00:00+00:00
[2024-06-22 00:06:59,369] {scheduler_job.py:190} INFO - Processing /home/airflow/.local/lib/python3.6/site-packages/airflow/example_dags/example_skip_dag.py took 0.034 seconds
[2024-06-22 00:07:30,014] {scheduler_job.py:182} INFO - Started process (PID=4625) to work on /home/airflow/.local/lib/python3.6/site-packages/airflow/example_dags/example_skip_dag.py
[2024-06-22 00:07:30,015] {scheduler_job.py:629} INFO - Processing file /home/airflow/.local/lib/python3.6/site-packages/airflow/example_dags/example_skip_dag.py for tasks to queue
[2024-06-22 00:07:30,015] {logging_mixin.py:104} INFO - [2024-06-22 00:07:30,015] {dagbag.py:451} INFO - Filling up the DagBag from /home/airflow/.local/lib/python3.6/site-packages/airflow/example_dags/example_skip_dag.py
[2024-06-22 00:07:30,022] {scheduler_job.py:639} INFO - DAG(s) dict_keys(['example_skip_dag']) retrieved from /home/airflow/.local/lib/python3.6/site-packages/airflow/example_dags/example_skip_dag.py
[2024-06-22 00:07:30,033] {logging_mixin.py:104} INFO - [2024-06-22 00:07:30,033] {dag.py:1824} INFO - Sync 1 DAGs
[2024-06-22 00:07:30,041] {logging_mixin.py:104} INFO - [2024-06-22 00:07:30,041] {dag.py:2280} INFO - Setting next_dagrun for example_skip_dag to 2024-06-20 00:00:00+00:00
[2024-06-22 00:07:30,046] {scheduler_job.py:190} INFO - Processing /home/airflow/.local/lib/python3.6/site-packages/airflow/example_dags/example_skip_dag.py took 0.034 seconds
[2024-06-22 00:08:00,701] {scheduler_job.py:182} INFO - Started process (PID=4651) to work on /home/airflow/.local/lib/python3.6/site-packages/airflow/example_dags/example_skip_dag.py
[2024-06-22 00:08:00,701] {scheduler_job.py:629} INFO - Processing file /home/airflow/.local/lib/python3.6/site-packages/airflow/example_dags/example_skip_dag.py for tasks to queue
[2024-06-22 00:08:00,702] {logging_mixin.py:104} INFO - [2024-06-22 00:08:00,702] {dagbag.py:451} INFO - Filling up the DagBag from /home/airflow/.local/lib/python3.6/site-packages/airflow/example_dags/example_skip_dag.py
[2024-06-22 00:08:00,708] {scheduler_job.py:639} INFO - DAG(s) dict_keys(['example_skip_dag']) retrieved from /home/airflow/.local/lib/python3.6/site-packages/airflow/example_dags/example_skip_dag.py
[2024-06-22 00:08:00,720] {logging_mixin.py:104} INFO - [2024-06-22 00:08:00,720] {dag.py:1824} INFO - Sync 1 DAGs
[2024-06-22 00:08:00,728] {logging_mixin.py:104} INFO - [2024-06-22 00:08:00,728] {dag.py:2280} INFO - Setting next_dagrun for example_skip_dag to 2024-06-20 00:00:00+00:00
[2024-06-22 00:08:00,733] {scheduler_job.py:190} INFO - Processing /home/airflow/.local/lib/python3.6/site-packages/airflow/example_dags/example_skip_dag.py took 0.035 seconds
[2024-06-22 00:08:31,459] {scheduler_job.py:182} INFO - Started process (PID=4677) to work on /home/airflow/.local/lib/python3.6/site-packages/airflow/example_dags/example_skip_dag.py
[2024-06-22 00:08:31,459] {scheduler_job.py:629} INFO - Processing file /home/airflow/.local/lib/python3.6/site-packages/airflow/example_dags/example_skip_dag.py for tasks to queue
[2024-06-22 00:08:31,460] {logging_mixin.py:104} INFO - [2024-06-22 00:08:31,460] {dagbag.py:451} INFO - Filling up the DagBag from /home/airflow/.local/lib/python3.6/site-packages/airflow/example_dags/example_skip_dag.py
[2024-06-22 00:08:31,466] {scheduler_job.py:639} INFO - DAG(s) dict_keys(['example_skip_dag']) retrieved from /home/airflow/.local/lib/python3.6/site-packages/airflow/example_dags/example_skip_dag.py
[2024-06-22 00:08:31,479] {logging_mixin.py:104} INFO - [2024-06-22 00:08:31,478] {dag.py:1824} INFO - Sync 1 DAGs
[2024-06-22 00:08:31,487] {logging_mixin.py:104} INFO - [2024-06-22 00:08:31,487] {dag.py:2280} INFO - Setting next_dagrun for example_skip_dag to 2024-06-20 00:00:00+00:00
[2024-06-22 00:08:31,492] {scheduler_job.py:190} INFO - Processing /home/airflow/.local/lib/python3.6/site-packages/airflow/example_dags/example_skip_dag.py took 0.035 seconds
[2024-06-22 00:09:02,223] {scheduler_job.py:182} INFO - Started process (PID=4703) to work on /home/airflow/.local/lib/python3.6/site-packages/airflow/example_dags/example_skip_dag.py
[2024-06-22 00:09:02,224] {scheduler_job.py:629} INFO - Processing file /home/airflow/.local/lib/python3.6/site-packages/airflow/example_dags/example_skip_dag.py for tasks to queue
[2024-06-22 00:09:02,224] {logging_mixin.py:104} INFO - [2024-06-22 00:09:02,224] {dagbag.py:451} INFO - Filling up the DagBag from /home/airflow/.local/lib/python3.6/site-packages/airflow/example_dags/example_skip_dag.py
[2024-06-22 00:09:02,230] {scheduler_job.py:639} INFO - DAG(s) dict_keys(['example_skip_dag']) retrieved from /home/airflow/.local/lib/python3.6/site-packages/airflow/example_dags/example_skip_dag.py
[2024-06-22 00:09:02,243] {logging_mixin.py:104} INFO - [2024-06-22 00:09:02,243] {dag.py:1824} INFO - Sync 1 DAGs
[2024-06-22 00:09:02,252] {logging_mixin.py:104} INFO - [2024-06-22 00:09:02,252] {dag.py:2280} INFO - Setting next_dagrun for example_skip_dag to 2024-06-20 00:00:00+00:00
[2024-06-22 00:09:02,258] {scheduler_job.py:190} INFO - Processing /home/airflow/.local/lib/python3.6/site-packages/airflow/example_dags/example_skip_dag.py took 0.037 seconds
[2024-06-22 00:09:32,961] {scheduler_job.py:182} INFO - Started process (PID=4729) to work on /home/airflow/.local/lib/python3.6/site-packages/airflow/example_dags/example_skip_dag.py
[2024-06-22 00:09:32,962] {scheduler_job.py:629} INFO - Processing file /home/airflow/.local/lib/python3.6/site-packages/airflow/example_dags/example_skip_dag.py for tasks to queue
[2024-06-22 00:09:32,962] {logging_mixin.py:104} INFO - [2024-06-22 00:09:32,962] {dagbag.py:451} INFO - Filling up the DagBag from /home/airflow/.local/lib/python3.6/site-packages/airflow/example_dags/example_skip_dag.py
[2024-06-22 00:09:32,970] {scheduler_job.py:639} INFO - DAG(s) dict_keys(['example_skip_dag']) retrieved from /home/airflow/.local/lib/python3.6/site-packages/airflow/example_dags/example_skip_dag.py
[2024-06-22 00:09:32,984] {logging_mixin.py:104} INFO - [2024-06-22 00:09:32,984] {dag.py:1824} INFO - Sync 1 DAGs
[2024-06-22 00:09:32,992] {logging_mixin.py:104} INFO - [2024-06-22 00:09:32,992] {dag.py:2280} INFO - Setting next_dagrun for example_skip_dag to 2024-06-20 00:00:00+00:00
[2024-06-22 00:09:32,998] {scheduler_job.py:190} INFO - Processing /home/airflow/.local/lib/python3.6/site-packages/airflow/example_dags/example_skip_dag.py took 0.038 seconds
[2024-06-22 00:10:03,674] {scheduler_job.py:182} INFO - Started process (PID=4755) to work on /home/airflow/.local/lib/python3.6/site-packages/airflow/example_dags/example_skip_dag.py
[2024-06-22 00:10:03,674] {scheduler_job.py:629} INFO - Processing file /home/airflow/.local/lib/python3.6/site-packages/airflow/example_dags/example_skip_dag.py for tasks to queue
[2024-06-22 00:10:03,675] {logging_mixin.py:104} INFO - [2024-06-22 00:10:03,675] {dagbag.py:451} INFO - Filling up the DagBag from /home/airflow/.local/lib/python3.6/site-packages/airflow/example_dags/example_skip_dag.py
[2024-06-22 00:10:03,681] {scheduler_job.py:639} INFO - DAG(s) dict_keys(['example_skip_dag']) retrieved from /home/airflow/.local/lib/python3.6/site-packages/airflow/example_dags/example_skip_dag.py
[2024-06-22 00:10:03,693] {logging_mixin.py:104} INFO - [2024-06-22 00:10:03,693] {dag.py:1824} INFO - Sync 1 DAGs
[2024-06-22 00:10:03,700] {logging_mixin.py:104} INFO - [2024-06-22 00:10:03,700] {dag.py:2280} INFO - Setting next_dagrun for example_skip_dag to 2024-06-20 00:00:00+00:00
[2024-06-22 00:10:03,705] {scheduler_job.py:190} INFO - Processing /home/airflow/.local/lib/python3.6/site-packages/airflow/example_dags/example_skip_dag.py took 0.034 seconds
[2024-06-22 00:10:34,485] {scheduler_job.py:182} INFO - Started process (PID=4781) to work on /home/airflow/.local/lib/python3.6/site-packages/airflow/example_dags/example_skip_dag.py
[2024-06-22 00:10:34,486] {scheduler_job.py:629} INFO - Processing file /home/airflow/.local/lib/python3.6/site-packages/airflow/example_dags/example_skip_dag.py for tasks to queue
[2024-06-22 00:10:34,486] {logging_mixin.py:104} INFO - [2024-06-22 00:10:34,486] {dagbag.py:451} INFO - Filling up the DagBag from /home/airflow/.local/lib/python3.6/site-packages/airflow/example_dags/example_skip_dag.py
[2024-06-22 00:10:34,493] {scheduler_job.py:639} INFO - DAG(s) dict_keys(['example_skip_dag']) retrieved from /home/airflow/.local/lib/python3.6/site-packages/airflow/example_dags/example_skip_dag.py
[2024-06-22 00:10:34,505] {logging_mixin.py:104} INFO - [2024-06-22 00:10:34,505] {dag.py:1824} INFO - Sync 1 DAGs
[2024-06-22 00:10:34,514] {logging_mixin.py:104} INFO - [2024-06-22 00:10:34,514] {dag.py:2280} INFO - Setting next_dagrun for example_skip_dag to 2024-06-20 00:00:00+00:00
[2024-06-22 00:10:34,520] {scheduler_job.py:190} INFO - Processing /home/airflow/.local/lib/python3.6/site-packages/airflow/example_dags/example_skip_dag.py took 0.036 seconds
[2024-06-22 00:11:05,263] {scheduler_job.py:182} INFO - Started process (PID=4807) to work on /home/airflow/.local/lib/python3.6/site-packages/airflow/example_dags/example_skip_dag.py
[2024-06-22 00:11:05,264] {scheduler_job.py:629} INFO - Processing file /home/airflow/.local/lib/python3.6/site-packages/airflow/example_dags/example_skip_dag.py for tasks to queue
[2024-06-22 00:11:05,264] {logging_mixin.py:104} INFO - [2024-06-22 00:11:05,264] {dagbag.py:451} INFO - Filling up the DagBag from /home/airflow/.local/lib/python3.6/site-packages/airflow/example_dags/example_skip_dag.py
[2024-06-22 00:11:05,270] {scheduler_job.py:639} INFO - DAG(s) dict_keys(['example_skip_dag']) retrieved from /home/airflow/.local/lib/python3.6/site-packages/airflow/example_dags/example_skip_dag.py
[2024-06-22 00:11:05,283] {logging_mixin.py:104} INFO - [2024-06-22 00:11:05,283] {dag.py:1824} INFO - Sync 1 DAGs
[2024-06-22 00:11:05,291] {logging_mixin.py:104} INFO - [2024-06-22 00:11:05,291] {dag.py:2280} INFO - Setting next_dagrun for example_skip_dag to 2024-06-20 00:00:00+00:00
[2024-06-22 00:11:05,297] {scheduler_job.py:190} INFO - Processing /home/airflow/.local/lib/python3.6/site-packages/airflow/example_dags/example_skip_dag.py took 0.035 seconds
[2024-06-22 00:11:36,032] {scheduler_job.py:182} INFO - Started process (PID=4833) to work on /home/airflow/.local/lib/python3.6/site-packages/airflow/example_dags/example_skip_dag.py
[2024-06-22 00:11:36,033] {scheduler_job.py:629} INFO - Processing file /home/airflow/.local/lib/python3.6/site-packages/airflow/example_dags/example_skip_dag.py for tasks to queue
[2024-06-22 00:11:36,034] {logging_mixin.py:104} INFO - [2024-06-22 00:11:36,034] {dagbag.py:451} INFO - Filling up the DagBag from /home/airflow/.local/lib/python3.6/site-packages/airflow/example_dags/example_skip_dag.py
[2024-06-22 00:11:36,040] {scheduler_job.py:639} INFO - DAG(s) dict_keys(['example_skip_dag']) retrieved from /home/airflow/.local/lib/python3.6/site-packages/airflow/example_dags/example_skip_dag.py
[2024-06-22 00:11:36,054] {logging_mixin.py:104} INFO - [2024-06-22 00:11:36,054] {dag.py:1824} INFO - Sync 1 DAGs
[2024-06-22 00:11:36,063] {logging_mixin.py:104} INFO - [2024-06-22 00:11:36,063] {dag.py:2280} INFO - Setting next_dagrun for example_skip_dag to 2024-06-20 00:00:00+00:00
[2024-06-22 00:11:36,068] {scheduler_job.py:190} INFO - Processing /home/airflow/.local/lib/python3.6/site-packages/airflow/example_dags/example_skip_dag.py took 0.038 seconds
[2024-06-22 00:12:06,765] {scheduler_job.py:182} INFO - Started process (PID=4859) to work on /home/airflow/.local/lib/python3.6/site-packages/airflow/example_dags/example_skip_dag.py
[2024-06-22 00:12:06,766] {scheduler_job.py:629} INFO - Processing file /home/airflow/.local/lib/python3.6/site-packages/airflow/example_dags/example_skip_dag.py for tasks to queue
[2024-06-22 00:12:06,767] {logging_mixin.py:104} INFO - [2024-06-22 00:12:06,766] {dagbag.py:451} INFO - Filling up the DagBag from /home/airflow/.local/lib/python3.6/site-packages/airflow/example_dags/example_skip_dag.py
[2024-06-22 00:12:06,773] {scheduler_job.py:639} INFO - DAG(s) dict_keys(['example_skip_dag']) retrieved from /home/airflow/.local/lib/python3.6/site-packages/airflow/example_dags/example_skip_dag.py
[2024-06-22 00:12:06,785] {logging_mixin.py:104} INFO - [2024-06-22 00:12:06,785] {dag.py:1824} INFO - Sync 1 DAGs
[2024-06-22 00:12:06,793] {logging_mixin.py:104} INFO - [2024-06-22 00:12:06,793] {dag.py:2280} INFO - Setting next_dagrun for example_skip_dag to 2024-06-20 00:00:00+00:00
[2024-06-22 00:12:06,798] {scheduler_job.py:190} INFO - Processing /home/airflow/.local/lib/python3.6/site-packages/airflow/example_dags/example_skip_dag.py took 0.035 seconds
[2024-06-22 00:12:37,526] {scheduler_job.py:182} INFO - Started process (PID=4885) to work on /home/airflow/.local/lib/python3.6/site-packages/airflow/example_dags/example_skip_dag.py
[2024-06-22 00:12:37,526] {scheduler_job.py:629} INFO - Processing file /home/airflow/.local/lib/python3.6/site-packages/airflow/example_dags/example_skip_dag.py for tasks to queue
[2024-06-22 00:12:37,527] {logging_mixin.py:104} INFO - [2024-06-22 00:12:37,527] {dagbag.py:451} INFO - Filling up the DagBag from /home/airflow/.local/lib/python3.6/site-packages/airflow/example_dags/example_skip_dag.py
[2024-06-22 00:12:37,533] {scheduler_job.py:639} INFO - DAG(s) dict_keys(['example_skip_dag']) retrieved from /home/airflow/.local/lib/python3.6/site-packages/airflow/example_dags/example_skip_dag.py
[2024-06-22 00:12:37,545] {logging_mixin.py:104} INFO - [2024-06-22 00:12:37,545] {dag.py:1824} INFO - Sync 1 DAGs
[2024-06-22 00:12:37,554] {logging_mixin.py:104} INFO - [2024-06-22 00:12:37,554] {dag.py:2280} INFO - Setting next_dagrun for example_skip_dag to 2024-06-20 00:00:00+00:00
[2024-06-22 00:12:37,559] {scheduler_job.py:190} INFO - Processing /home/airflow/.local/lib/python3.6/site-packages/airflow/example_dags/example_skip_dag.py took 0.035 seconds
[2024-06-22 00:13:08,338] {scheduler_job.py:182} INFO - Started process (PID=4911) to work on /home/airflow/.local/lib/python3.6/site-packages/airflow/example_dags/example_skip_dag.py
[2024-06-22 00:13:08,339] {scheduler_job.py:629} INFO - Processing file /home/airflow/.local/lib/python3.6/site-packages/airflow/example_dags/example_skip_dag.py for tasks to queue
[2024-06-22 00:13:08,339] {logging_mixin.py:104} INFO - [2024-06-22 00:13:08,339] {dagbag.py:451} INFO - Filling up the DagBag from /home/airflow/.local/lib/python3.6/site-packages/airflow/example_dags/example_skip_dag.py
[2024-06-22 00:13:08,346] {scheduler_job.py:639} INFO - DAG(s) dict_keys(['example_skip_dag']) retrieved from /home/airflow/.local/lib/python3.6/site-packages/airflow/example_dags/example_skip_dag.py
[2024-06-22 00:13:08,359] {logging_mixin.py:104} INFO - [2024-06-22 00:13:08,359] {dag.py:1824} INFO - Sync 1 DAGs
[2024-06-22 00:13:08,367] {logging_mixin.py:104} INFO - [2024-06-22 00:13:08,367] {dag.py:2280} INFO - Setting next_dagrun for example_skip_dag to 2024-06-20 00:00:00+00:00
[2024-06-22 00:13:08,372] {scheduler_job.py:190} INFO - Processing /home/airflow/.local/lib/python3.6/site-packages/airflow/example_dags/example_skip_dag.py took 0.036 seconds
[2024-06-22 00:13:39,055] {scheduler_job.py:182} INFO - Started process (PID=4937) to work on /home/airflow/.local/lib/python3.6/site-packages/airflow/example_dags/example_skip_dag.py
[2024-06-22 00:13:39,056] {scheduler_job.py:629} INFO - Processing file /home/airflow/.local/lib/python3.6/site-packages/airflow/example_dags/example_skip_dag.py for tasks to queue
[2024-06-22 00:13:39,057] {logging_mixin.py:104} INFO - [2024-06-22 00:13:39,056] {dagbag.py:451} INFO - Filling up the DagBag from /home/airflow/.local/lib/python3.6/site-packages/airflow/example_dags/example_skip_dag.py
[2024-06-22 00:13:39,063] {scheduler_job.py:639} INFO - DAG(s) dict_keys(['example_skip_dag']) retrieved from /home/airflow/.local/lib/python3.6/site-packages/airflow/example_dags/example_skip_dag.py
[2024-06-22 00:13:39,074] {logging_mixin.py:104} INFO - [2024-06-22 00:13:39,074] {dag.py:1824} INFO - Sync 1 DAGs
[2024-06-22 00:13:39,082] {logging_mixin.py:104} INFO - [2024-06-22 00:13:39,082] {dag.py:2280} INFO - Setting next_dagrun for example_skip_dag to 2024-06-20 00:00:00+00:00
[2024-06-22 00:13:39,088] {scheduler_job.py:190} INFO - Processing /home/airflow/.local/lib/python3.6/site-packages/airflow/example_dags/example_skip_dag.py took 0.034 seconds
[2024-06-22 00:14:09,788] {scheduler_job.py:182} INFO - Started process (PID=4963) to work on /home/airflow/.local/lib/python3.6/site-packages/airflow/example_dags/example_skip_dag.py
[2024-06-22 00:14:09,789] {scheduler_job.py:629} INFO - Processing file /home/airflow/.local/lib/python3.6/site-packages/airflow/example_dags/example_skip_dag.py for tasks to queue
[2024-06-22 00:14:09,789] {logging_mixin.py:104} INFO - [2024-06-22 00:14:09,789] {dagbag.py:451} INFO - Filling up the DagBag from /home/airflow/.local/lib/python3.6/site-packages/airflow/example_dags/example_skip_dag.py
[2024-06-22 00:14:09,795] {scheduler_job.py:639} INFO - DAG(s) dict_keys(['example_skip_dag']) retrieved from /home/airflow/.local/lib/python3.6/site-packages/airflow/example_dags/example_skip_dag.py
[2024-06-22 00:14:09,807] {logging_mixin.py:104} INFO - [2024-06-22 00:14:09,807] {dag.py:1824} INFO - Sync 1 DAGs
[2024-06-22 00:14:09,817] {logging_mixin.py:104} INFO - [2024-06-22 00:14:09,816] {dag.py:2280} INFO - Setting next_dagrun for example_skip_dag to 2024-06-20 00:00:00+00:00
[2024-06-22 00:14:09,822] {scheduler_job.py:190} INFO - Processing /home/airflow/.local/lib/python3.6/site-packages/airflow/example_dags/example_skip_dag.py took 0.036 seconds
[2024-06-22 00:14:40,585] {scheduler_job.py:182} INFO - Started process (PID=4989) to work on /home/airflow/.local/lib/python3.6/site-packages/airflow/example_dags/example_skip_dag.py
[2024-06-22 00:14:40,586] {scheduler_job.py:629} INFO - Processing file /home/airflow/.local/lib/python3.6/site-packages/airflow/example_dags/example_skip_dag.py for tasks to queue
[2024-06-22 00:14:40,586] {logging_mixin.py:104} INFO - [2024-06-22 00:14:40,586] {dagbag.py:451} INFO - Filling up the DagBag from /home/airflow/.local/lib/python3.6/site-packages/airflow/example_dags/example_skip_dag.py
[2024-06-22 00:14:40,592] {scheduler_job.py:639} INFO - DAG(s) dict_keys(['example_skip_dag']) retrieved from /home/airflow/.local/lib/python3.6/site-packages/airflow/example_dags/example_skip_dag.py
[2024-06-22 00:14:40,604] {logging_mixin.py:104} INFO - [2024-06-22 00:14:40,604] {dag.py:1824} INFO - Sync 1 DAGs
[2024-06-22 00:14:40,612] {logging_mixin.py:104} INFO - [2024-06-22 00:14:40,612] {dag.py:2280} INFO - Setting next_dagrun for example_skip_dag to 2024-06-20 00:00:00+00:00
[2024-06-22 00:14:40,618] {scheduler_job.py:190} INFO - Processing /home/airflow/.local/lib/python3.6/site-packages/airflow/example_dags/example_skip_dag.py took 0.035 seconds
[2024-06-22 00:15:11,360] {scheduler_job.py:182} INFO - Started process (PID=5015) to work on /home/airflow/.local/lib/python3.6/site-packages/airflow/example_dags/example_skip_dag.py
[2024-06-22 00:15:11,360] {scheduler_job.py:629} INFO - Processing file /home/airflow/.local/lib/python3.6/site-packages/airflow/example_dags/example_skip_dag.py for tasks to queue
[2024-06-22 00:15:11,361] {logging_mixin.py:104} INFO - [2024-06-22 00:15:11,361] {dagbag.py:451} INFO - Filling up the DagBag from /home/airflow/.local/lib/python3.6/site-packages/airflow/example_dags/example_skip_dag.py
[2024-06-22 00:15:11,367] {scheduler_job.py:639} INFO - DAG(s) dict_keys(['example_skip_dag']) retrieved from /home/airflow/.local/lib/python3.6/site-packages/airflow/example_dags/example_skip_dag.py
[2024-06-22 00:15:11,379] {logging_mixin.py:104} INFO - [2024-06-22 00:15:11,378] {dag.py:1824} INFO - Sync 1 DAGs
[2024-06-22 00:15:11,387] {logging_mixin.py:104} INFO - [2024-06-22 00:15:11,387] {dag.py:2280} INFO - Setting next_dagrun for example_skip_dag to 2024-06-20 00:00:00+00:00
[2024-06-22 00:15:11,392] {scheduler_job.py:190} INFO - Processing /home/airflow/.local/lib/python3.6/site-packages/airflow/example_dags/example_skip_dag.py took 0.034 seconds
[2024-06-22 00:15:42,093] {scheduler_job.py:182} INFO - Started process (PID=5041) to work on /home/airflow/.local/lib/python3.6/site-packages/airflow/example_dags/example_skip_dag.py
[2024-06-22 00:15:42,094] {scheduler_job.py:629} INFO - Processing file /home/airflow/.local/lib/python3.6/site-packages/airflow/example_dags/example_skip_dag.py for tasks to queue
[2024-06-22 00:15:42,094] {logging_mixin.py:104} INFO - [2024-06-22 00:15:42,094] {dagbag.py:451} INFO - Filling up the DagBag from /home/airflow/.local/lib/python3.6/site-packages/airflow/example_dags/example_skip_dag.py
[2024-06-22 00:15:42,100] {scheduler_job.py:639} INFO - DAG(s) dict_keys(['example_skip_dag']) retrieved from /home/airflow/.local/lib/python3.6/site-packages/airflow/example_dags/example_skip_dag.py
[2024-06-22 00:15:42,113] {logging_mixin.py:104} INFO - [2024-06-22 00:15:42,113] {dag.py:1824} INFO - Sync 1 DAGs
[2024-06-22 00:15:42,121] {logging_mixin.py:104} INFO - [2024-06-22 00:15:42,121] {dag.py:2280} INFO - Setting next_dagrun for example_skip_dag to 2024-06-20 00:00:00+00:00
[2024-06-22 00:15:42,127] {scheduler_job.py:190} INFO - Processing /home/airflow/.local/lib/python3.6/site-packages/airflow/example_dags/example_skip_dag.py took 0.035 seconds
[2024-06-22 00:16:12,879] {scheduler_job.py:182} INFO - Started process (PID=5067) to work on /home/airflow/.local/lib/python3.6/site-packages/airflow/example_dags/example_skip_dag.py
[2024-06-22 00:16:12,880] {scheduler_job.py:629} INFO - Processing file /home/airflow/.local/lib/python3.6/site-packages/airflow/example_dags/example_skip_dag.py for tasks to queue
[2024-06-22 00:16:12,881] {logging_mixin.py:104} INFO - [2024-06-22 00:16:12,881] {dagbag.py:451} INFO - Filling up the DagBag from /home/airflow/.local/lib/python3.6/site-packages/airflow/example_dags/example_skip_dag.py
[2024-06-22 00:16:12,886] {scheduler_job.py:639} INFO - DAG(s) dict_keys(['example_skip_dag']) retrieved from /home/airflow/.local/lib/python3.6/site-packages/airflow/example_dags/example_skip_dag.py
[2024-06-22 00:16:12,897] {logging_mixin.py:104} INFO - [2024-06-22 00:16:12,897] {dag.py:1824} INFO - Sync 1 DAGs
[2024-06-22 00:16:12,905] {logging_mixin.py:104} INFO - [2024-06-22 00:16:12,905] {dag.py:2280} INFO - Setting next_dagrun for example_skip_dag to 2024-06-20 00:00:00+00:00
[2024-06-22 00:16:12,910] {scheduler_job.py:190} INFO - Processing /home/airflow/.local/lib/python3.6/site-packages/airflow/example_dags/example_skip_dag.py took 0.033 seconds
[2024-06-22 00:16:43,641] {scheduler_job.py:182} INFO - Started process (PID=5093) to work on /home/airflow/.local/lib/python3.6/site-packages/airflow/example_dags/example_skip_dag.py
[2024-06-22 00:16:43,642] {scheduler_job.py:629} INFO - Processing file /home/airflow/.local/lib/python3.6/site-packages/airflow/example_dags/example_skip_dag.py for tasks to queue
[2024-06-22 00:16:43,643] {logging_mixin.py:104} INFO - [2024-06-22 00:16:43,643] {dagbag.py:451} INFO - Filling up the DagBag from /home/airflow/.local/lib/python3.6/site-packages/airflow/example_dags/example_skip_dag.py
[2024-06-22 00:16:43,649] {scheduler_job.py:639} INFO - DAG(s) dict_keys(['example_skip_dag']) retrieved from /home/airflow/.local/lib/python3.6/site-packages/airflow/example_dags/example_skip_dag.py
[2024-06-22 00:16:43,661] {logging_mixin.py:104} INFO - [2024-06-22 00:16:43,661] {dag.py:1824} INFO - Sync 1 DAGs
[2024-06-22 00:16:43,670] {logging_mixin.py:104} INFO - [2024-06-22 00:16:43,670] {dag.py:2280} INFO - Setting next_dagrun for example_skip_dag to 2024-06-20 00:00:00+00:00
[2024-06-22 00:16:43,675] {scheduler_job.py:190} INFO - Processing /home/airflow/.local/lib/python3.6/site-packages/airflow/example_dags/example_skip_dag.py took 0.035 seconds
[2024-06-22 00:17:14,403] {scheduler_job.py:182} INFO - Started process (PID=5119) to work on /home/airflow/.local/lib/python3.6/site-packages/airflow/example_dags/example_skip_dag.py
[2024-06-22 00:17:14,403] {scheduler_job.py:629} INFO - Processing file /home/airflow/.local/lib/python3.6/site-packages/airflow/example_dags/example_skip_dag.py for tasks to queue
[2024-06-22 00:17:14,404] {logging_mixin.py:104} INFO - [2024-06-22 00:17:14,404] {dagbag.py:451} INFO - Filling up the DagBag from /home/airflow/.local/lib/python3.6/site-packages/airflow/example_dags/example_skip_dag.py
[2024-06-22 00:17:14,410] {scheduler_job.py:639} INFO - DAG(s) dict_keys(['example_skip_dag']) retrieved from /home/airflow/.local/lib/python3.6/site-packages/airflow/example_dags/example_skip_dag.py
[2024-06-22 00:17:14,422] {logging_mixin.py:104} INFO - [2024-06-22 00:17:14,422] {dag.py:1824} INFO - Sync 1 DAGs
[2024-06-22 00:17:14,431] {logging_mixin.py:104} INFO - [2024-06-22 00:17:14,431] {dag.py:2280} INFO - Setting next_dagrun for example_skip_dag to 2024-06-20 00:00:00+00:00
[2024-06-22 00:17:14,436] {scheduler_job.py:190} INFO - Processing /home/airflow/.local/lib/python3.6/site-packages/airflow/example_dags/example_skip_dag.py took 0.035 seconds
[2024-06-22 00:17:45,194] {scheduler_job.py:182} INFO - Started process (PID=5145) to work on /home/airflow/.local/lib/python3.6/site-packages/airflow/example_dags/example_skip_dag.py
[2024-06-22 00:17:45,194] {scheduler_job.py:629} INFO - Processing file /home/airflow/.local/lib/python3.6/site-packages/airflow/example_dags/example_skip_dag.py for tasks to queue
[2024-06-22 00:17:45,195] {logging_mixin.py:104} INFO - [2024-06-22 00:17:45,195] {dagbag.py:451} INFO - Filling up the DagBag from /home/airflow/.local/lib/python3.6/site-packages/airflow/example_dags/example_skip_dag.py
[2024-06-22 00:17:45,201] {scheduler_job.py:639} INFO - DAG(s) dict_keys(['example_skip_dag']) retrieved from /home/airflow/.local/lib/python3.6/site-packages/airflow/example_dags/example_skip_dag.py
[2024-06-22 00:17:45,214] {logging_mixin.py:104} INFO - [2024-06-22 00:17:45,214] {dag.py:1824} INFO - Sync 1 DAGs
[2024-06-22 00:17:45,222] {logging_mixin.py:104} INFO - [2024-06-22 00:17:45,222] {dag.py:2280} INFO - Setting next_dagrun for example_skip_dag to 2024-06-20 00:00:00+00:00
[2024-06-22 00:17:45,227] {scheduler_job.py:190} INFO - Processing /home/airflow/.local/lib/python3.6/site-packages/airflow/example_dags/example_skip_dag.py took 0.035 seconds
[2024-06-22 00:18:15,958] {scheduler_job.py:182} INFO - Started process (PID=5171) to work on /home/airflow/.local/lib/python3.6/site-packages/airflow/example_dags/example_skip_dag.py
[2024-06-22 00:18:15,959] {scheduler_job.py:629} INFO - Processing file /home/airflow/.local/lib/python3.6/site-packages/airflow/example_dags/example_skip_dag.py for tasks to queue
[2024-06-22 00:18:15,959] {logging_mixin.py:104} INFO - [2024-06-22 00:18:15,959] {dagbag.py:451} INFO - Filling up the DagBag from /home/airflow/.local/lib/python3.6/site-packages/airflow/example_dags/example_skip_dag.py
[2024-06-22 00:18:15,965] {scheduler_job.py:639} INFO - DAG(s) dict_keys(['example_skip_dag']) retrieved from /home/airflow/.local/lib/python3.6/site-packages/airflow/example_dags/example_skip_dag.py
[2024-06-22 00:18:15,978] {logging_mixin.py:104} INFO - [2024-06-22 00:18:15,978] {dag.py:1824} INFO - Sync 1 DAGs
[2024-06-22 00:18:15,986] {logging_mixin.py:104} INFO - [2024-06-22 00:18:15,986] {dag.py:2280} INFO - Setting next_dagrun for example_skip_dag to 2024-06-20 00:00:00+00:00
[2024-06-22 00:18:15,991] {scheduler_job.py:190} INFO - Processing /home/airflow/.local/lib/python3.6/site-packages/airflow/example_dags/example_skip_dag.py took 0.035 seconds
[2024-06-22 00:18:46,714] {scheduler_job.py:182} INFO - Started process (PID=5197) to work on /home/airflow/.local/lib/python3.6/site-packages/airflow/example_dags/example_skip_dag.py
[2024-06-22 00:18:46,715] {scheduler_job.py:629} INFO - Processing file /home/airflow/.local/lib/python3.6/site-packages/airflow/example_dags/example_skip_dag.py for tasks to queue
[2024-06-22 00:18:46,715] {logging_mixin.py:104} INFO - [2024-06-22 00:18:46,715] {dagbag.py:451} INFO - Filling up the DagBag from /home/airflow/.local/lib/python3.6/site-packages/airflow/example_dags/example_skip_dag.py
[2024-06-22 00:18:46,721] {scheduler_job.py:639} INFO - DAG(s) dict_keys(['example_skip_dag']) retrieved from /home/airflow/.local/lib/python3.6/site-packages/airflow/example_dags/example_skip_dag.py
[2024-06-22 00:18:46,733] {logging_mixin.py:104} INFO - [2024-06-22 00:18:46,733] {dag.py:1824} INFO - Sync 1 DAGs
[2024-06-22 00:18:46,742] {logging_mixin.py:104} INFO - [2024-06-22 00:18:46,742] {dag.py:2280} INFO - Setting next_dagrun for example_skip_dag to 2024-06-20 00:00:00+00:00
[2024-06-22 00:18:46,748] {scheduler_job.py:190} INFO - Processing /home/airflow/.local/lib/python3.6/site-packages/airflow/example_dags/example_skip_dag.py took 0.036 seconds
[2024-06-22 00:19:17,488] {scheduler_job.py:182} INFO - Started process (PID=5223) to work on /home/airflow/.local/lib/python3.6/site-packages/airflow/example_dags/example_skip_dag.py
[2024-06-22 00:19:17,489] {scheduler_job.py:629} INFO - Processing file /home/airflow/.local/lib/python3.6/site-packages/airflow/example_dags/example_skip_dag.py for tasks to queue
[2024-06-22 00:19:17,490] {logging_mixin.py:104} INFO - [2024-06-22 00:19:17,489] {dagbag.py:451} INFO - Filling up the DagBag from /home/airflow/.local/lib/python3.6/site-packages/airflow/example_dags/example_skip_dag.py
[2024-06-22 00:19:17,495] {scheduler_job.py:639} INFO - DAG(s) dict_keys(['example_skip_dag']) retrieved from /home/airflow/.local/lib/python3.6/site-packages/airflow/example_dags/example_skip_dag.py
[2024-06-22 00:19:17,509] {logging_mixin.py:104} INFO - [2024-06-22 00:19:17,508] {dag.py:1824} INFO - Sync 1 DAGs
[2024-06-22 00:19:17,517] {logging_mixin.py:104} INFO - [2024-06-22 00:19:17,517] {dag.py:2280} INFO - Setting next_dagrun for example_skip_dag to 2024-06-20 00:00:00+00:00
[2024-06-22 00:19:17,522] {scheduler_job.py:190} INFO - Processing /home/airflow/.local/lib/python3.6/site-packages/airflow/example_dags/example_skip_dag.py took 0.035 seconds
[2024-06-22 00:19:48,256] {scheduler_job.py:182} INFO - Started process (PID=5249) to work on /home/airflow/.local/lib/python3.6/site-packages/airflow/example_dags/example_skip_dag.py
[2024-06-22 00:19:48,256] {scheduler_job.py:629} INFO - Processing file /home/airflow/.local/lib/python3.6/site-packages/airflow/example_dags/example_skip_dag.py for tasks to queue
[2024-06-22 00:19:48,257] {logging_mixin.py:104} INFO - [2024-06-22 00:19:48,257] {dagbag.py:451} INFO - Filling up the DagBag from /home/airflow/.local/lib/python3.6/site-packages/airflow/example_dags/example_skip_dag.py
[2024-06-22 00:19:48,264] {scheduler_job.py:639} INFO - DAG(s) dict_keys(['example_skip_dag']) retrieved from /home/airflow/.local/lib/python3.6/site-packages/airflow/example_dags/example_skip_dag.py
[2024-06-22 00:19:48,276] {logging_mixin.py:104} INFO - [2024-06-22 00:19:48,276] {dag.py:1824} INFO - Sync 1 DAGs
[2024-06-22 00:19:48,284] {logging_mixin.py:104} INFO - [2024-06-22 00:19:48,284] {dag.py:2280} INFO - Setting next_dagrun for example_skip_dag to 2024-06-20 00:00:00+00:00
[2024-06-22 00:19:48,290] {scheduler_job.py:190} INFO - Processing /home/airflow/.local/lib/python3.6/site-packages/airflow/example_dags/example_skip_dag.py took 0.036 seconds
[2024-06-22 00:20:18,952] {scheduler_job.py:182} INFO - Started process (PID=5275) to work on /home/airflow/.local/lib/python3.6/site-packages/airflow/example_dags/example_skip_dag.py
[2024-06-22 00:20:18,952] {scheduler_job.py:629} INFO - Processing file /home/airflow/.local/lib/python3.6/site-packages/airflow/example_dags/example_skip_dag.py for tasks to queue
[2024-06-22 00:20:18,953] {logging_mixin.py:104} INFO - [2024-06-22 00:20:18,953] {dagbag.py:451} INFO - Filling up the DagBag from /home/airflow/.local/lib/python3.6/site-packages/airflow/example_dags/example_skip_dag.py
[2024-06-22 00:20:18,959] {scheduler_job.py:639} INFO - DAG(s) dict_keys(['example_skip_dag']) retrieved from /home/airflow/.local/lib/python3.6/site-packages/airflow/example_dags/example_skip_dag.py
[2024-06-22 00:20:18,970] {logging_mixin.py:104} INFO - [2024-06-22 00:20:18,970] {dag.py:1824} INFO - Sync 1 DAGs
[2024-06-22 00:20:18,978] {logging_mixin.py:104} INFO - [2024-06-22 00:20:18,978] {dag.py:2280} INFO - Setting next_dagrun for example_skip_dag to 2024-06-20 00:00:00+00:00
[2024-06-22 00:20:18,983] {scheduler_job.py:190} INFO - Processing /home/airflow/.local/lib/python3.6/site-packages/airflow/example_dags/example_skip_dag.py took 0.033 seconds
[2024-06-22 00:20:49,683] {scheduler_job.py:182} INFO - Started process (PID=5301) to work on /home/airflow/.local/lib/python3.6/site-packages/airflow/example_dags/example_skip_dag.py
[2024-06-22 00:20:49,684] {scheduler_job.py:629} INFO - Processing file /home/airflow/.local/lib/python3.6/site-packages/airflow/example_dags/example_skip_dag.py for tasks to queue
[2024-06-22 00:20:49,684] {logging_mixin.py:104} INFO - [2024-06-22 00:20:49,684] {dagbag.py:451} INFO - Filling up the DagBag from /home/airflow/.local/lib/python3.6/site-packages/airflow/example_dags/example_skip_dag.py
[2024-06-22 00:20:49,690] {scheduler_job.py:639} INFO - DAG(s) dict_keys(['example_skip_dag']) retrieved from /home/airflow/.local/lib/python3.6/site-packages/airflow/example_dags/example_skip_dag.py
[2024-06-22 00:20:49,702] {logging_mixin.py:104} INFO - [2024-06-22 00:20:49,702] {dag.py:1824} INFO - Sync 1 DAGs
[2024-06-22 00:20:49,711] {logging_mixin.py:104} INFO - [2024-06-22 00:20:49,711] {dag.py:2280} INFO - Setting next_dagrun for example_skip_dag to 2024-06-20 00:00:00+00:00
[2024-06-22 00:20:49,717] {scheduler_job.py:190} INFO - Processing /home/airflow/.local/lib/python3.6/site-packages/airflow/example_dags/example_skip_dag.py took 0.035 seconds
[2024-06-22 00:21:20,393] {scheduler_job.py:182} INFO - Started process (PID=5327) to work on /home/airflow/.local/lib/python3.6/site-packages/airflow/example_dags/example_skip_dag.py
[2024-06-22 00:21:20,393] {scheduler_job.py:629} INFO - Processing file /home/airflow/.local/lib/python3.6/site-packages/airflow/example_dags/example_skip_dag.py for tasks to queue
[2024-06-22 00:21:20,394] {logging_mixin.py:104} INFO - [2024-06-22 00:21:20,394] {dagbag.py:451} INFO - Filling up the DagBag from /home/airflow/.local/lib/python3.6/site-packages/airflow/example_dags/example_skip_dag.py
[2024-06-22 00:21:20,400] {scheduler_job.py:639} INFO - DAG(s) dict_keys(['example_skip_dag']) retrieved from /home/airflow/.local/lib/python3.6/site-packages/airflow/example_dags/example_skip_dag.py
[2024-06-22 00:21:20,412] {logging_mixin.py:104} INFO - [2024-06-22 00:21:20,412] {dag.py:1824} INFO - Sync 1 DAGs
[2024-06-22 00:21:20,420] {logging_mixin.py:104} INFO - [2024-06-22 00:21:20,420] {dag.py:2280} INFO - Setting next_dagrun for example_skip_dag to 2024-06-20 00:00:00+00:00
[2024-06-22 00:21:20,425] {scheduler_job.py:190} INFO - Processing /home/airflow/.local/lib/python3.6/site-packages/airflow/example_dags/example_skip_dag.py took 0.035 seconds
[2024-06-22 00:21:51,135] {scheduler_job.py:182} INFO - Started process (PID=5353) to work on /home/airflow/.local/lib/python3.6/site-packages/airflow/example_dags/example_skip_dag.py
[2024-06-22 00:21:51,136] {scheduler_job.py:629} INFO - Processing file /home/airflow/.local/lib/python3.6/site-packages/airflow/example_dags/example_skip_dag.py for tasks to queue
[2024-06-22 00:21:51,137] {logging_mixin.py:104} INFO - [2024-06-22 00:21:51,137] {dagbag.py:451} INFO - Filling up the DagBag from /home/airflow/.local/lib/python3.6/site-packages/airflow/example_dags/example_skip_dag.py
[2024-06-22 00:21:51,143] {scheduler_job.py:639} INFO - DAG(s) dict_keys(['example_skip_dag']) retrieved from /home/airflow/.local/lib/python3.6/site-packages/airflow/example_dags/example_skip_dag.py
[2024-06-22 00:21:51,155] {logging_mixin.py:104} INFO - [2024-06-22 00:21:51,155] {dag.py:1824} INFO - Sync 1 DAGs
[2024-06-22 00:21:51,163] {logging_mixin.py:104} INFO - [2024-06-22 00:21:51,163] {dag.py:2280} INFO - Setting next_dagrun for example_skip_dag to 2024-06-20 00:00:00+00:00
[2024-06-22 00:21:51,169] {scheduler_job.py:190} INFO - Processing /home/airflow/.local/lib/python3.6/site-packages/airflow/example_dags/example_skip_dag.py took 0.035 seconds
[2024-06-22 00:22:21,836] {scheduler_job.py:182} INFO - Started process (PID=5379) to work on /home/airflow/.local/lib/python3.6/site-packages/airflow/example_dags/example_skip_dag.py
[2024-06-22 00:22:21,837] {scheduler_job.py:629} INFO - Processing file /home/airflow/.local/lib/python3.6/site-packages/airflow/example_dags/example_skip_dag.py for tasks to queue
[2024-06-22 00:22:21,837] {logging_mixin.py:104} INFO - [2024-06-22 00:22:21,837] {dagbag.py:451} INFO - Filling up the DagBag from /home/airflow/.local/lib/python3.6/site-packages/airflow/example_dags/example_skip_dag.py
[2024-06-22 00:22:21,843] {scheduler_job.py:639} INFO - DAG(s) dict_keys(['example_skip_dag']) retrieved from /home/airflow/.local/lib/python3.6/site-packages/airflow/example_dags/example_skip_dag.py
[2024-06-22 00:22:21,854] {logging_mixin.py:104} INFO - [2024-06-22 00:22:21,854] {dag.py:1824} INFO - Sync 1 DAGs
[2024-06-22 00:22:21,862] {logging_mixin.py:104} INFO - [2024-06-22 00:22:21,862] {dag.py:2280} INFO - Setting next_dagrun for example_skip_dag to 2024-06-20 00:00:00+00:00
[2024-06-22 00:22:21,867] {scheduler_job.py:190} INFO - Processing /home/airflow/.local/lib/python3.6/site-packages/airflow/example_dags/example_skip_dag.py took 0.033 seconds
[2024-06-22 00:22:52,599] {scheduler_job.py:182} INFO - Started process (PID=5405) to work on /home/airflow/.local/lib/python3.6/site-packages/airflow/example_dags/example_skip_dag.py
[2024-06-22 00:22:52,600] {scheduler_job.py:629} INFO - Processing file /home/airflow/.local/lib/python3.6/site-packages/airflow/example_dags/example_skip_dag.py for tasks to queue
[2024-06-22 00:22:52,600] {logging_mixin.py:104} INFO - [2024-06-22 00:22:52,600] {dagbag.py:451} INFO - Filling up the DagBag from /home/airflow/.local/lib/python3.6/site-packages/airflow/example_dags/example_skip_dag.py
[2024-06-22 00:22:52,607] {scheduler_job.py:639} INFO - DAG(s) dict_keys(['example_skip_dag']) retrieved from /home/airflow/.local/lib/python3.6/site-packages/airflow/example_dags/example_skip_dag.py
[2024-06-22 00:22:52,618] {logging_mixin.py:104} INFO - [2024-06-22 00:22:52,618] {dag.py:1824} INFO - Sync 1 DAGs
[2024-06-22 00:22:52,627] {logging_mixin.py:104} INFO - [2024-06-22 00:22:52,627] {dag.py:2280} INFO - Setting next_dagrun for example_skip_dag to 2024-06-20 00:00:00+00:00
[2024-06-22 00:22:52,632] {scheduler_job.py:190} INFO - Processing /home/airflow/.local/lib/python3.6/site-packages/airflow/example_dags/example_skip_dag.py took 0.034 seconds
[2024-06-22 00:23:23,355] {scheduler_job.py:182} INFO - Started process (PID=5431) to work on /home/airflow/.local/lib/python3.6/site-packages/airflow/example_dags/example_skip_dag.py
[2024-06-22 00:23:23,356] {scheduler_job.py:629} INFO - Processing file /home/airflow/.local/lib/python3.6/site-packages/airflow/example_dags/example_skip_dag.py for tasks to queue
[2024-06-22 00:23:23,356] {logging_mixin.py:104} INFO - [2024-06-22 00:23:23,356] {dagbag.py:451} INFO - Filling up the DagBag from /home/airflow/.local/lib/python3.6/site-packages/airflow/example_dags/example_skip_dag.py
[2024-06-22 00:23:23,362] {scheduler_job.py:639} INFO - DAG(s) dict_keys(['example_skip_dag']) retrieved from /home/airflow/.local/lib/python3.6/site-packages/airflow/example_dags/example_skip_dag.py
[2024-06-22 00:23:23,373] {logging_mixin.py:104} INFO - [2024-06-22 00:23:23,373] {dag.py:1824} INFO - Sync 1 DAGs
[2024-06-22 00:23:23,381] {logging_mixin.py:104} INFO - [2024-06-22 00:23:23,381] {dag.py:2280} INFO - Setting next_dagrun for example_skip_dag to 2024-06-20 00:00:00+00:00
[2024-06-22 00:23:23,386] {scheduler_job.py:190} INFO - Processing /home/airflow/.local/lib/python3.6/site-packages/airflow/example_dags/example_skip_dag.py took 0.033 seconds
[2024-06-22 00:23:54,123] {scheduler_job.py:182} INFO - Started process (PID=5457) to work on /home/airflow/.local/lib/python3.6/site-packages/airflow/example_dags/example_skip_dag.py
[2024-06-22 00:23:54,124] {scheduler_job.py:629} INFO - Processing file /home/airflow/.local/lib/python3.6/site-packages/airflow/example_dags/example_skip_dag.py for tasks to queue
[2024-06-22 00:23:54,124] {logging_mixin.py:104} INFO - [2024-06-22 00:23:54,124] {dagbag.py:451} INFO - Filling up the DagBag from /home/airflow/.local/lib/python3.6/site-packages/airflow/example_dags/example_skip_dag.py
[2024-06-22 00:23:54,130] {scheduler_job.py:639} INFO - DAG(s) dict_keys(['example_skip_dag']) retrieved from /home/airflow/.local/lib/python3.6/site-packages/airflow/example_dags/example_skip_dag.py
[2024-06-22 00:23:54,143] {logging_mixin.py:104} INFO - [2024-06-22 00:23:54,143] {dag.py:1824} INFO - Sync 1 DAGs
[2024-06-22 00:23:54,151] {logging_mixin.py:104} INFO - [2024-06-22 00:23:54,151] {dag.py:2280} INFO - Setting next_dagrun for example_skip_dag to 2024-06-20 00:00:00+00:00
[2024-06-22 00:23:54,156] {scheduler_job.py:190} INFO - Processing /home/airflow/.local/lib/python3.6/site-packages/airflow/example_dags/example_skip_dag.py took 0.035 seconds
[2024-06-22 00:24:24,959] {scheduler_job.py:182} INFO - Started process (PID=5483) to work on /home/airflow/.local/lib/python3.6/site-packages/airflow/example_dags/example_skip_dag.py
[2024-06-22 00:24:24,959] {scheduler_job.py:629} INFO - Processing file /home/airflow/.local/lib/python3.6/site-packages/airflow/example_dags/example_skip_dag.py for tasks to queue
[2024-06-22 00:24:24,960] {logging_mixin.py:104} INFO - [2024-06-22 00:24:24,960] {dagbag.py:451} INFO - Filling up the DagBag from /home/airflow/.local/lib/python3.6/site-packages/airflow/example_dags/example_skip_dag.py
[2024-06-22 00:24:24,966] {scheduler_job.py:639} INFO - DAG(s) dict_keys(['example_skip_dag']) retrieved from /home/airflow/.local/lib/python3.6/site-packages/airflow/example_dags/example_skip_dag.py
[2024-06-22 00:24:24,978] {logging_mixin.py:104} INFO - [2024-06-22 00:24:24,978] {dag.py:1824} INFO - Sync 1 DAGs
[2024-06-22 00:24:24,987] {logging_mixin.py:104} INFO - [2024-06-22 00:24:24,987] {dag.py:2280} INFO - Setting next_dagrun for example_skip_dag to 2024-06-20 00:00:00+00:00
[2024-06-22 00:24:24,992] {scheduler_job.py:190} INFO - Processing /home/airflow/.local/lib/python3.6/site-packages/airflow/example_dags/example_skip_dag.py took 0.035 seconds
[2024-06-22 00:24:55,732] {scheduler_job.py:182} INFO - Started process (PID=5509) to work on /home/airflow/.local/lib/python3.6/site-packages/airflow/example_dags/example_skip_dag.py
[2024-06-22 00:24:55,733] {scheduler_job.py:629} INFO - Processing file /home/airflow/.local/lib/python3.6/site-packages/airflow/example_dags/example_skip_dag.py for tasks to queue
[2024-06-22 00:24:55,734] {logging_mixin.py:104} INFO - [2024-06-22 00:24:55,733] {dagbag.py:451} INFO - Filling up the DagBag from /home/airflow/.local/lib/python3.6/site-packages/airflow/example_dags/example_skip_dag.py
[2024-06-22 00:24:55,740] {scheduler_job.py:639} INFO - DAG(s) dict_keys(['example_skip_dag']) retrieved from /home/airflow/.local/lib/python3.6/site-packages/airflow/example_dags/example_skip_dag.py
[2024-06-22 00:24:55,753] {logging_mixin.py:104} INFO - [2024-06-22 00:24:55,753] {dag.py:1824} INFO - Sync 1 DAGs
[2024-06-22 00:24:55,761] {logging_mixin.py:104} INFO - [2024-06-22 00:24:55,761] {dag.py:2280} INFO - Setting next_dagrun for example_skip_dag to 2024-06-20 00:00:00+00:00
[2024-06-22 00:24:55,767] {scheduler_job.py:190} INFO - Processing /home/airflow/.local/lib/python3.6/site-packages/airflow/example_dags/example_skip_dag.py took 0.037 seconds
[2024-06-22 23:26:21,233] {scheduler_job.py:182} INFO - Started process (PID=5535) to work on /home/airflow/.local/lib/python3.6/site-packages/airflow/example_dags/example_skip_dag.py
[2024-06-22 23:26:21,235] {scheduler_job.py:629} INFO - Processing file /home/airflow/.local/lib/python3.6/site-packages/airflow/example_dags/example_skip_dag.py for tasks to queue
[2024-06-22 23:26:21,237] {logging_mixin.py:104} INFO - [2024-06-22 23:26:21,237] {dagbag.py:451} INFO - Filling up the DagBag from /home/airflow/.local/lib/python3.6/site-packages/airflow/example_dags/example_skip_dag.py
[2024-06-22 23:26:21,266] {scheduler_job.py:639} INFO - DAG(s) dict_keys(['example_skip_dag']) retrieved from /home/airflow/.local/lib/python3.6/site-packages/airflow/example_dags/example_skip_dag.py
[2024-06-22 23:26:21,417] {logging_mixin.py:104} INFO - [2024-06-22 23:26:21,417] {dag.py:1824} INFO - Sync 1 DAGs
[2024-06-22 23:26:21,485] {logging_mixin.py:104} INFO - [2024-06-22 23:26:21,485] {dag.py:2280} INFO - Setting next_dagrun for example_skip_dag to 2024-06-20 00:00:00+00:00
[2024-06-22 23:26:21,567] {scheduler_job.py:190} INFO - Processing /home/airflow/.local/lib/python3.6/site-packages/airflow/example_dags/example_skip_dag.py took 0.338 seconds
[2024-06-22 23:26:52,561] {scheduler_job.py:182} INFO - Started process (PID=5563) to work on /home/airflow/.local/lib/python3.6/site-packages/airflow/example_dags/example_skip_dag.py
[2024-06-22 23:26:52,562] {scheduler_job.py:629} INFO - Processing file /home/airflow/.local/lib/python3.6/site-packages/airflow/example_dags/example_skip_dag.py for tasks to queue
[2024-06-22 23:26:52,563] {logging_mixin.py:104} INFO - [2024-06-22 23:26:52,563] {dagbag.py:451} INFO - Filling up the DagBag from /home/airflow/.local/lib/python3.6/site-packages/airflow/example_dags/example_skip_dag.py
[2024-06-22 23:26:52,570] {scheduler_job.py:639} INFO - DAG(s) dict_keys(['example_skip_dag']) retrieved from /home/airflow/.local/lib/python3.6/site-packages/airflow/example_dags/example_skip_dag.py
[2024-06-22 23:26:52,582] {logging_mixin.py:104} INFO - [2024-06-22 23:26:52,582] {dag.py:1824} INFO - Sync 1 DAGs
[2024-06-22 23:26:52,591] {logging_mixin.py:104} INFO - [2024-06-22 23:26:52,591] {dag.py:2280} INFO - Setting next_dagrun for example_skip_dag to 2024-06-20 00:00:00+00:00
[2024-06-22 23:26:52,597] {scheduler_job.py:190} INFO - Processing /home/airflow/.local/lib/python3.6/site-packages/airflow/example_dags/example_skip_dag.py took 0.037 seconds
[2024-06-22 23:27:23,429] {scheduler_job.py:182} INFO - Started process (PID=5589) to work on /home/airflow/.local/lib/python3.6/site-packages/airflow/example_dags/example_skip_dag.py
[2024-06-22 23:27:23,430] {scheduler_job.py:629} INFO - Processing file /home/airflow/.local/lib/python3.6/site-packages/airflow/example_dags/example_skip_dag.py for tasks to queue
[2024-06-22 23:27:23,431] {logging_mixin.py:104} INFO - [2024-06-22 23:27:23,431] {dagbag.py:451} INFO - Filling up the DagBag from /home/airflow/.local/lib/python3.6/site-packages/airflow/example_dags/example_skip_dag.py
[2024-06-22 23:27:23,438] {scheduler_job.py:639} INFO - DAG(s) dict_keys(['example_skip_dag']) retrieved from /home/airflow/.local/lib/python3.6/site-packages/airflow/example_dags/example_skip_dag.py
[2024-06-22 23:27:23,451] {logging_mixin.py:104} INFO - [2024-06-22 23:27:23,451] {dag.py:1824} INFO - Sync 1 DAGs
[2024-06-22 23:27:23,460] {logging_mixin.py:104} INFO - [2024-06-22 23:27:23,460] {dag.py:2280} INFO - Setting next_dagrun for example_skip_dag to 2024-06-20 00:00:00+00:00
[2024-06-22 23:27:23,466] {scheduler_job.py:190} INFO - Processing /home/airflow/.local/lib/python3.6/site-packages/airflow/example_dags/example_skip_dag.py took 0.040 seconds
[2024-06-22 23:27:54,202] {scheduler_job.py:182} INFO - Started process (PID=5615) to work on /home/airflow/.local/lib/python3.6/site-packages/airflow/example_dags/example_skip_dag.py
[2024-06-22 23:27:54,202] {scheduler_job.py:629} INFO - Processing file /home/airflow/.local/lib/python3.6/site-packages/airflow/example_dags/example_skip_dag.py for tasks to queue
[2024-06-22 23:27:54,203] {logging_mixin.py:104} INFO - [2024-06-22 23:27:54,203] {dagbag.py:451} INFO - Filling up the DagBag from /home/airflow/.local/lib/python3.6/site-packages/airflow/example_dags/example_skip_dag.py
[2024-06-22 23:27:54,209] {scheduler_job.py:639} INFO - DAG(s) dict_keys(['example_skip_dag']) retrieved from /home/airflow/.local/lib/python3.6/site-packages/airflow/example_dags/example_skip_dag.py
[2024-06-22 23:27:54,222] {logging_mixin.py:104} INFO - [2024-06-22 23:27:54,222] {dag.py:1824} INFO - Sync 1 DAGs
[2024-06-22 23:27:54,230] {logging_mixin.py:104} INFO - [2024-06-22 23:27:54,230] {dag.py:2280} INFO - Setting next_dagrun for example_skip_dag to 2024-06-20 00:00:00+00:00
[2024-06-22 23:27:54,237] {scheduler_job.py:190} INFO - Processing /home/airflow/.local/lib/python3.6/site-packages/airflow/example_dags/example_skip_dag.py took 0.037 seconds
[2024-06-22 23:28:24,983] {scheduler_job.py:182} INFO - Started process (PID=5641) to work on /home/airflow/.local/lib/python3.6/site-packages/airflow/example_dags/example_skip_dag.py
[2024-06-22 23:28:24,984] {scheduler_job.py:629} INFO - Processing file /home/airflow/.local/lib/python3.6/site-packages/airflow/example_dags/example_skip_dag.py for tasks to queue
[2024-06-22 23:28:24,984] {logging_mixin.py:104} INFO - [2024-06-22 23:28:24,984] {dagbag.py:451} INFO - Filling up the DagBag from /home/airflow/.local/lib/python3.6/site-packages/airflow/example_dags/example_skip_dag.py
[2024-06-22 23:28:24,991] {scheduler_job.py:639} INFO - DAG(s) dict_keys(['example_skip_dag']) retrieved from /home/airflow/.local/lib/python3.6/site-packages/airflow/example_dags/example_skip_dag.py
[2024-06-22 23:28:25,003] {logging_mixin.py:104} INFO - [2024-06-22 23:28:25,003] {dag.py:1824} INFO - Sync 1 DAGs
[2024-06-22 23:28:25,011] {logging_mixin.py:104} INFO - [2024-06-22 23:28:25,011] {dag.py:2280} INFO - Setting next_dagrun for example_skip_dag to 2024-06-20 00:00:00+00:00
[2024-06-22 23:28:25,018] {scheduler_job.py:190} INFO - Processing /home/airflow/.local/lib/python3.6/site-packages/airflow/example_dags/example_skip_dag.py took 0.037 seconds
