[2024-06-22 00:00:19,833] {scheduler_job.py:182} INFO - Started process (PID=4266) to work on /home/airflow/.local/lib/python3.6/site-packages/airflow/example_dags/example_latest_only.py
[2024-06-22 00:00:19,834] {scheduler_job.py:629} INFO - Processing file /home/airflow/.local/lib/python3.6/site-packages/airflow/example_dags/example_latest_only.py for tasks to queue
[2024-06-22 00:00:19,834] {logging_mixin.py:104} INFO - [2024-06-22 00:00:19,834] {dagbag.py:451} INFO - Filling up the DagBag from /home/airflow/.local/lib/python3.6/site-packages/airflow/example_dags/example_latest_only.py
[2024-06-22 00:00:19,840] {scheduler_job.py:639} INFO - DAG(s) dict_keys(['latest_only']) retrieved from /home/airflow/.local/lib/python3.6/site-packages/airflow/example_dags/example_latest_only.py
[2024-06-22 00:00:19,853] {logging_mixin.py:104} INFO - [2024-06-22 00:00:19,853] {dag.py:1824} INFO - Sync 1 DAGs
[2024-06-22 00:00:19,862] {logging_mixin.py:104} INFO - [2024-06-22 00:00:19,862] {dag.py:2280} INFO - Setting next_dagrun for latest_only to 2024-06-20 00:00:00+00:00
[2024-06-22 00:00:19,868] {scheduler_job.py:190} INFO - Processing /home/airflow/.local/lib/python3.6/site-packages/airflow/example_dags/example_latest_only.py took 0.037 seconds
[2024-06-22 00:00:50,621] {scheduler_job.py:182} INFO - Started process (PID=4292) to work on /home/airflow/.local/lib/python3.6/site-packages/airflow/example_dags/example_latest_only.py
[2024-06-22 00:00:50,622] {scheduler_job.py:629} INFO - Processing file /home/airflow/.local/lib/python3.6/site-packages/airflow/example_dags/example_latest_only.py for tasks to queue
[2024-06-22 00:00:50,622] {logging_mixin.py:104} INFO - [2024-06-22 00:00:50,622] {dagbag.py:451} INFO - Filling up the DagBag from /home/airflow/.local/lib/python3.6/site-packages/airflow/example_dags/example_latest_only.py
[2024-06-22 00:00:50,631] {scheduler_job.py:639} INFO - DAG(s) dict_keys(['latest_only']) retrieved from /home/airflow/.local/lib/python3.6/site-packages/airflow/example_dags/example_latest_only.py
[2024-06-22 00:00:50,646] {logging_mixin.py:104} INFO - [2024-06-22 00:00:50,646] {dag.py:1824} INFO - Sync 1 DAGs
[2024-06-22 00:00:50,656] {logging_mixin.py:104} INFO - [2024-06-22 00:00:50,655] {dag.py:2280} INFO - Setting next_dagrun for latest_only to 2024-06-20 00:00:00+00:00
[2024-06-22 00:00:50,661] {scheduler_job.py:190} INFO - Processing /home/airflow/.local/lib/python3.6/site-packages/airflow/example_dags/example_latest_only.py took 0.042 seconds
[2024-06-22 00:01:21,376] {scheduler_job.py:182} INFO - Started process (PID=4318) to work on /home/airflow/.local/lib/python3.6/site-packages/airflow/example_dags/example_latest_only.py
[2024-06-22 00:01:21,377] {scheduler_job.py:629} INFO - Processing file /home/airflow/.local/lib/python3.6/site-packages/airflow/example_dags/example_latest_only.py for tasks to queue
[2024-06-22 00:01:21,378] {logging_mixin.py:104} INFO - [2024-06-22 00:01:21,378] {dagbag.py:451} INFO - Filling up the DagBag from /home/airflow/.local/lib/python3.6/site-packages/airflow/example_dags/example_latest_only.py
[2024-06-22 00:01:21,383] {scheduler_job.py:639} INFO - DAG(s) dict_keys(['latest_only']) retrieved from /home/airflow/.local/lib/python3.6/site-packages/airflow/example_dags/example_latest_only.py
[2024-06-22 00:01:21,395] {logging_mixin.py:104} INFO - [2024-06-22 00:01:21,395] {dag.py:1824} INFO - Sync 1 DAGs
[2024-06-22 00:01:21,403] {logging_mixin.py:104} INFO - [2024-06-22 00:01:21,403] {dag.py:2280} INFO - Setting next_dagrun for latest_only to 2024-06-20 00:00:00+00:00
[2024-06-22 00:01:21,409] {scheduler_job.py:190} INFO - Processing /home/airflow/.local/lib/python3.6/site-packages/airflow/example_dags/example_latest_only.py took 0.034 seconds
[2024-06-22 00:01:52,205] {scheduler_job.py:182} INFO - Started process (PID=4344) to work on /home/airflow/.local/lib/python3.6/site-packages/airflow/example_dags/example_latest_only.py
[2024-06-22 00:01:52,205] {scheduler_job.py:629} INFO - Processing file /home/airflow/.local/lib/python3.6/site-packages/airflow/example_dags/example_latest_only.py for tasks to queue
[2024-06-22 00:01:52,206] {logging_mixin.py:104} INFO - [2024-06-22 00:01:52,206] {dagbag.py:451} INFO - Filling up the DagBag from /home/airflow/.local/lib/python3.6/site-packages/airflow/example_dags/example_latest_only.py
[2024-06-22 00:01:52,217] {scheduler_job.py:639} INFO - DAG(s) dict_keys(['latest_only']) retrieved from /home/airflow/.local/lib/python3.6/site-packages/airflow/example_dags/example_latest_only.py
[2024-06-22 00:01:52,230] {logging_mixin.py:104} INFO - [2024-06-22 00:01:52,230] {dag.py:1824} INFO - Sync 1 DAGs
[2024-06-22 00:01:52,239] {logging_mixin.py:104} INFO - [2024-06-22 00:01:52,239] {dag.py:2280} INFO - Setting next_dagrun for latest_only to 2024-06-20 00:00:00+00:00
[2024-06-22 00:01:52,244] {scheduler_job.py:190} INFO - Processing /home/airflow/.local/lib/python3.6/site-packages/airflow/example_dags/example_latest_only.py took 0.042 seconds
[2024-06-22 00:02:22,956] {scheduler_job.py:182} INFO - Started process (PID=4370) to work on /home/airflow/.local/lib/python3.6/site-packages/airflow/example_dags/example_latest_only.py
[2024-06-22 00:02:22,957] {scheduler_job.py:629} INFO - Processing file /home/airflow/.local/lib/python3.6/site-packages/airflow/example_dags/example_latest_only.py for tasks to queue
[2024-06-22 00:02:22,958] {logging_mixin.py:104} INFO - [2024-06-22 00:02:22,958] {dagbag.py:451} INFO - Filling up the DagBag from /home/airflow/.local/lib/python3.6/site-packages/airflow/example_dags/example_latest_only.py
[2024-06-22 00:02:22,964] {scheduler_job.py:639} INFO - DAG(s) dict_keys(['latest_only']) retrieved from /home/airflow/.local/lib/python3.6/site-packages/airflow/example_dags/example_latest_only.py
[2024-06-22 00:02:22,975] {logging_mixin.py:104} INFO - [2024-06-22 00:02:22,975] {dag.py:1824} INFO - Sync 1 DAGs
[2024-06-22 00:02:22,984] {logging_mixin.py:104} INFO - [2024-06-22 00:02:22,984] {dag.py:2280} INFO - Setting next_dagrun for latest_only to 2024-06-20 00:00:00+00:00
[2024-06-22 00:02:22,990] {scheduler_job.py:190} INFO - Processing /home/airflow/.local/lib/python3.6/site-packages/airflow/example_dags/example_latest_only.py took 0.035 seconds
[2024-06-22 00:02:53,707] {scheduler_job.py:182} INFO - Started process (PID=4396) to work on /home/airflow/.local/lib/python3.6/site-packages/airflow/example_dags/example_latest_only.py
[2024-06-22 00:02:53,708] {scheduler_job.py:629} INFO - Processing file /home/airflow/.local/lib/python3.6/site-packages/airflow/example_dags/example_latest_only.py for tasks to queue
[2024-06-22 00:02:53,708] {logging_mixin.py:104} INFO - [2024-06-22 00:02:53,708] {dagbag.py:451} INFO - Filling up the DagBag from /home/airflow/.local/lib/python3.6/site-packages/airflow/example_dags/example_latest_only.py
[2024-06-22 00:02:53,714] {scheduler_job.py:639} INFO - DAG(s) dict_keys(['latest_only']) retrieved from /home/airflow/.local/lib/python3.6/site-packages/airflow/example_dags/example_latest_only.py
[2024-06-22 00:02:53,726] {logging_mixin.py:104} INFO - [2024-06-22 00:02:53,726] {dag.py:1824} INFO - Sync 1 DAGs
[2024-06-22 00:02:53,734] {logging_mixin.py:104} INFO - [2024-06-22 00:02:53,734] {dag.py:2280} INFO - Setting next_dagrun for latest_only to 2024-06-20 00:00:00+00:00
[2024-06-22 00:02:53,740] {scheduler_job.py:190} INFO - Processing /home/airflow/.local/lib/python3.6/site-packages/airflow/example_dags/example_latest_only.py took 0.035 seconds
[2024-06-22 00:03:24,382] {scheduler_job.py:182} INFO - Started process (PID=4422) to work on /home/airflow/.local/lib/python3.6/site-packages/airflow/example_dags/example_latest_only.py
[2024-06-22 00:03:24,383] {scheduler_job.py:629} INFO - Processing file /home/airflow/.local/lib/python3.6/site-packages/airflow/example_dags/example_latest_only.py for tasks to queue
[2024-06-22 00:03:24,383] {logging_mixin.py:104} INFO - [2024-06-22 00:03:24,383] {dagbag.py:451} INFO - Filling up the DagBag from /home/airflow/.local/lib/python3.6/site-packages/airflow/example_dags/example_latest_only.py
[2024-06-22 00:03:24,389] {scheduler_job.py:639} INFO - DAG(s) dict_keys(['latest_only']) retrieved from /home/airflow/.local/lib/python3.6/site-packages/airflow/example_dags/example_latest_only.py
[2024-06-22 00:03:24,401] {logging_mixin.py:104} INFO - [2024-06-22 00:03:24,401] {dag.py:1824} INFO - Sync 1 DAGs
[2024-06-22 00:03:24,410] {logging_mixin.py:104} INFO - [2024-06-22 00:03:24,410] {dag.py:2280} INFO - Setting next_dagrun for latest_only to 2024-06-20 00:00:00+00:00
[2024-06-22 00:03:24,415] {scheduler_job.py:190} INFO - Processing /home/airflow/.local/lib/python3.6/site-packages/airflow/example_dags/example_latest_only.py took 0.035 seconds
[2024-06-22 00:03:55,086] {scheduler_job.py:182} INFO - Started process (PID=4448) to work on /home/airflow/.local/lib/python3.6/site-packages/airflow/example_dags/example_latest_only.py
[2024-06-22 00:03:55,086] {scheduler_job.py:629} INFO - Processing file /home/airflow/.local/lib/python3.6/site-packages/airflow/example_dags/example_latest_only.py for tasks to queue
[2024-06-22 00:03:55,087] {logging_mixin.py:104} INFO - [2024-06-22 00:03:55,087] {dagbag.py:451} INFO - Filling up the DagBag from /home/airflow/.local/lib/python3.6/site-packages/airflow/example_dags/example_latest_only.py
[2024-06-22 00:03:55,092] {scheduler_job.py:639} INFO - DAG(s) dict_keys(['latest_only']) retrieved from /home/airflow/.local/lib/python3.6/site-packages/airflow/example_dags/example_latest_only.py
[2024-06-22 00:03:55,104] {logging_mixin.py:104} INFO - [2024-06-22 00:03:55,104] {dag.py:1824} INFO - Sync 1 DAGs
[2024-06-22 00:03:55,114] {logging_mixin.py:104} INFO - [2024-06-22 00:03:55,114] {dag.py:2280} INFO - Setting next_dagrun for latest_only to 2024-06-20 00:00:00+00:00
[2024-06-22 00:03:55,119] {scheduler_job.py:190} INFO - Processing /home/airflow/.local/lib/python3.6/site-packages/airflow/example_dags/example_latest_only.py took 0.035 seconds
[2024-06-22 00:04:25,784] {scheduler_job.py:182} INFO - Started process (PID=4474) to work on /home/airflow/.local/lib/python3.6/site-packages/airflow/example_dags/example_latest_only.py
[2024-06-22 00:04:25,784] {scheduler_job.py:629} INFO - Processing file /home/airflow/.local/lib/python3.6/site-packages/airflow/example_dags/example_latest_only.py for tasks to queue
[2024-06-22 00:04:25,785] {logging_mixin.py:104} INFO - [2024-06-22 00:04:25,785] {dagbag.py:451} INFO - Filling up the DagBag from /home/airflow/.local/lib/python3.6/site-packages/airflow/example_dags/example_latest_only.py
[2024-06-22 00:04:25,791] {scheduler_job.py:639} INFO - DAG(s) dict_keys(['latest_only']) retrieved from /home/airflow/.local/lib/python3.6/site-packages/airflow/example_dags/example_latest_only.py
[2024-06-22 00:04:25,802] {logging_mixin.py:104} INFO - [2024-06-22 00:04:25,802] {dag.py:1824} INFO - Sync 1 DAGs
[2024-06-22 00:04:25,810] {logging_mixin.py:104} INFO - [2024-06-22 00:04:25,810] {dag.py:2280} INFO - Setting next_dagrun for latest_only to 2024-06-20 00:00:00+00:00
[2024-06-22 00:04:25,816] {scheduler_job.py:190} INFO - Processing /home/airflow/.local/lib/python3.6/site-packages/airflow/example_dags/example_latest_only.py took 0.034 seconds
[2024-06-22 00:04:56,560] {scheduler_job.py:182} INFO - Started process (PID=4500) to work on /home/airflow/.local/lib/python3.6/site-packages/airflow/example_dags/example_latest_only.py
[2024-06-22 00:04:56,561] {scheduler_job.py:629} INFO - Processing file /home/airflow/.local/lib/python3.6/site-packages/airflow/example_dags/example_latest_only.py for tasks to queue
[2024-06-22 00:04:56,561] {logging_mixin.py:104} INFO - [2024-06-22 00:04:56,561] {dagbag.py:451} INFO - Filling up the DagBag from /home/airflow/.local/lib/python3.6/site-packages/airflow/example_dags/example_latest_only.py
[2024-06-22 00:04:56,567] {scheduler_job.py:639} INFO - DAG(s) dict_keys(['latest_only']) retrieved from /home/airflow/.local/lib/python3.6/site-packages/airflow/example_dags/example_latest_only.py
[2024-06-22 00:04:56,579] {logging_mixin.py:104} INFO - [2024-06-22 00:04:56,579] {dag.py:1824} INFO - Sync 1 DAGs
[2024-06-22 00:04:56,588] {logging_mixin.py:104} INFO - [2024-06-22 00:04:56,588] {dag.py:2280} INFO - Setting next_dagrun for latest_only to 2024-06-20 00:00:00+00:00
[2024-06-22 00:04:56,593] {scheduler_job.py:190} INFO - Processing /home/airflow/.local/lib/python3.6/site-packages/airflow/example_dags/example_latest_only.py took 0.035 seconds
[2024-06-22 00:05:27,335] {scheduler_job.py:182} INFO - Started process (PID=4526) to work on /home/airflow/.local/lib/python3.6/site-packages/airflow/example_dags/example_latest_only.py
[2024-06-22 00:05:27,336] {scheduler_job.py:629} INFO - Processing file /home/airflow/.local/lib/python3.6/site-packages/airflow/example_dags/example_latest_only.py for tasks to queue
[2024-06-22 00:05:27,336] {logging_mixin.py:104} INFO - [2024-06-22 00:05:27,336] {dagbag.py:451} INFO - Filling up the DagBag from /home/airflow/.local/lib/python3.6/site-packages/airflow/example_dags/example_latest_only.py
[2024-06-22 00:05:27,342] {scheduler_job.py:639} INFO - DAG(s) dict_keys(['latest_only']) retrieved from /home/airflow/.local/lib/python3.6/site-packages/airflow/example_dags/example_latest_only.py
[2024-06-22 00:05:27,354] {logging_mixin.py:104} INFO - [2024-06-22 00:05:27,354] {dag.py:1824} INFO - Sync 1 DAGs
[2024-06-22 00:05:27,364] {logging_mixin.py:104} INFO - [2024-06-22 00:05:27,363] {dag.py:2280} INFO - Setting next_dagrun for latest_only to 2024-06-20 00:00:00+00:00
[2024-06-22 00:05:27,369] {scheduler_job.py:190} INFO - Processing /home/airflow/.local/lib/python3.6/site-packages/airflow/example_dags/example_latest_only.py took 0.035 seconds
[2024-06-22 00:05:58,084] {scheduler_job.py:182} INFO - Started process (PID=4552) to work on /home/airflow/.local/lib/python3.6/site-packages/airflow/example_dags/example_latest_only.py
[2024-06-22 00:05:58,084] {scheduler_job.py:629} INFO - Processing file /home/airflow/.local/lib/python3.6/site-packages/airflow/example_dags/example_latest_only.py for tasks to queue
[2024-06-22 00:05:58,085] {logging_mixin.py:104} INFO - [2024-06-22 00:05:58,085] {dagbag.py:451} INFO - Filling up the DagBag from /home/airflow/.local/lib/python3.6/site-packages/airflow/example_dags/example_latest_only.py
[2024-06-22 00:05:58,090] {scheduler_job.py:639} INFO - DAG(s) dict_keys(['latest_only']) retrieved from /home/airflow/.local/lib/python3.6/site-packages/airflow/example_dags/example_latest_only.py
[2024-06-22 00:05:58,102] {logging_mixin.py:104} INFO - [2024-06-22 00:05:58,102] {dag.py:1824} INFO - Sync 1 DAGs
[2024-06-22 00:05:58,110] {logging_mixin.py:104} INFO - [2024-06-22 00:05:58,110] {dag.py:2280} INFO - Setting next_dagrun for latest_only to 2024-06-20 00:00:00+00:00
[2024-06-22 00:05:58,116] {scheduler_job.py:190} INFO - Processing /home/airflow/.local/lib/python3.6/site-packages/airflow/example_dags/example_latest_only.py took 0.034 seconds
[2024-06-22 00:06:28,759] {scheduler_job.py:182} INFO - Started process (PID=4578) to work on /home/airflow/.local/lib/python3.6/site-packages/airflow/example_dags/example_latest_only.py
[2024-06-22 00:06:28,760] {scheduler_job.py:629} INFO - Processing file /home/airflow/.local/lib/python3.6/site-packages/airflow/example_dags/example_latest_only.py for tasks to queue
[2024-06-22 00:06:28,761] {logging_mixin.py:104} INFO - [2024-06-22 00:06:28,761] {dagbag.py:451} INFO - Filling up the DagBag from /home/airflow/.local/lib/python3.6/site-packages/airflow/example_dags/example_latest_only.py
[2024-06-22 00:06:28,766] {scheduler_job.py:639} INFO - DAG(s) dict_keys(['latest_only']) retrieved from /home/airflow/.local/lib/python3.6/site-packages/airflow/example_dags/example_latest_only.py
[2024-06-22 00:06:28,778] {logging_mixin.py:104} INFO - [2024-06-22 00:06:28,777] {dag.py:1824} INFO - Sync 1 DAGs
[2024-06-22 00:06:28,786] {logging_mixin.py:104} INFO - [2024-06-22 00:06:28,786] {dag.py:2280} INFO - Setting next_dagrun for latest_only to 2024-06-20 00:00:00+00:00
[2024-06-22 00:06:28,792] {scheduler_job.py:190} INFO - Processing /home/airflow/.local/lib/python3.6/site-packages/airflow/example_dags/example_latest_only.py took 0.034 seconds
[2024-06-22 00:06:59,445] {scheduler_job.py:182} INFO - Started process (PID=4604) to work on /home/airflow/.local/lib/python3.6/site-packages/airflow/example_dags/example_latest_only.py
[2024-06-22 00:06:59,446] {scheduler_job.py:629} INFO - Processing file /home/airflow/.local/lib/python3.6/site-packages/airflow/example_dags/example_latest_only.py for tasks to queue
[2024-06-22 00:06:59,446] {logging_mixin.py:104} INFO - [2024-06-22 00:06:59,446] {dagbag.py:451} INFO - Filling up the DagBag from /home/airflow/.local/lib/python3.6/site-packages/airflow/example_dags/example_latest_only.py
[2024-06-22 00:06:59,452] {scheduler_job.py:639} INFO - DAG(s) dict_keys(['latest_only']) retrieved from /home/airflow/.local/lib/python3.6/site-packages/airflow/example_dags/example_latest_only.py
[2024-06-22 00:06:59,463] {logging_mixin.py:104} INFO - [2024-06-22 00:06:59,463] {dag.py:1824} INFO - Sync 1 DAGs
[2024-06-22 00:06:59,473] {logging_mixin.py:104} INFO - [2024-06-22 00:06:59,472] {dag.py:2280} INFO - Setting next_dagrun for latest_only to 2024-06-20 00:00:00+00:00
[2024-06-22 00:06:59,478] {scheduler_job.py:190} INFO - Processing /home/airflow/.local/lib/python3.6/site-packages/airflow/example_dags/example_latest_only.py took 0.035 seconds
[2024-06-22 00:07:30,132] {scheduler_job.py:182} INFO - Started process (PID=4630) to work on /home/airflow/.local/lib/python3.6/site-packages/airflow/example_dags/example_latest_only.py
[2024-06-22 00:07:30,133] {scheduler_job.py:629} INFO - Processing file /home/airflow/.local/lib/python3.6/site-packages/airflow/example_dags/example_latest_only.py for tasks to queue
[2024-06-22 00:07:30,133] {logging_mixin.py:104} INFO - [2024-06-22 00:07:30,133] {dagbag.py:451} INFO - Filling up the DagBag from /home/airflow/.local/lib/python3.6/site-packages/airflow/example_dags/example_latest_only.py
[2024-06-22 00:07:30,139] {scheduler_job.py:639} INFO - DAG(s) dict_keys(['latest_only']) retrieved from /home/airflow/.local/lib/python3.6/site-packages/airflow/example_dags/example_latest_only.py
[2024-06-22 00:07:30,152] {logging_mixin.py:104} INFO - [2024-06-22 00:07:30,152] {dag.py:1824} INFO - Sync 1 DAGs
[2024-06-22 00:07:30,161] {logging_mixin.py:104} INFO - [2024-06-22 00:07:30,161] {dag.py:2280} INFO - Setting next_dagrun for latest_only to 2024-06-20 00:00:00+00:00
[2024-06-22 00:07:30,167] {scheduler_job.py:190} INFO - Processing /home/airflow/.local/lib/python3.6/site-packages/airflow/example_dags/example_latest_only.py took 0.036 seconds
[2024-06-22 00:08:00,832] {scheduler_job.py:182} INFO - Started process (PID=4656) to work on /home/airflow/.local/lib/python3.6/site-packages/airflow/example_dags/example_latest_only.py
[2024-06-22 00:08:00,833] {scheduler_job.py:629} INFO - Processing file /home/airflow/.local/lib/python3.6/site-packages/airflow/example_dags/example_latest_only.py for tasks to queue
[2024-06-22 00:08:00,833] {logging_mixin.py:104} INFO - [2024-06-22 00:08:00,833] {dagbag.py:451} INFO - Filling up the DagBag from /home/airflow/.local/lib/python3.6/site-packages/airflow/example_dags/example_latest_only.py
[2024-06-22 00:08:00,839] {scheduler_job.py:639} INFO - DAG(s) dict_keys(['latest_only']) retrieved from /home/airflow/.local/lib/python3.6/site-packages/airflow/example_dags/example_latest_only.py
[2024-06-22 00:08:00,851] {logging_mixin.py:104} INFO - [2024-06-22 00:08:00,851] {dag.py:1824} INFO - Sync 1 DAGs
[2024-06-22 00:08:00,861] {logging_mixin.py:104} INFO - [2024-06-22 00:08:00,861] {dag.py:2280} INFO - Setting next_dagrun for latest_only to 2024-06-20 00:00:00+00:00
[2024-06-22 00:08:00,866] {scheduler_job.py:190} INFO - Processing /home/airflow/.local/lib/python3.6/site-packages/airflow/example_dags/example_latest_only.py took 0.036 seconds
[2024-06-22 00:08:31,603] {scheduler_job.py:182} INFO - Started process (PID=4682) to work on /home/airflow/.local/lib/python3.6/site-packages/airflow/example_dags/example_latest_only.py
[2024-06-22 00:08:31,604] {scheduler_job.py:629} INFO - Processing file /home/airflow/.local/lib/python3.6/site-packages/airflow/example_dags/example_latest_only.py for tasks to queue
[2024-06-22 00:08:31,604] {logging_mixin.py:104} INFO - [2024-06-22 00:08:31,604] {dagbag.py:451} INFO - Filling up the DagBag from /home/airflow/.local/lib/python3.6/site-packages/airflow/example_dags/example_latest_only.py
[2024-06-22 00:08:31,610] {scheduler_job.py:639} INFO - DAG(s) dict_keys(['latest_only']) retrieved from /home/airflow/.local/lib/python3.6/site-packages/airflow/example_dags/example_latest_only.py
[2024-06-22 00:08:31,622] {logging_mixin.py:104} INFO - [2024-06-22 00:08:31,622] {dag.py:1824} INFO - Sync 1 DAGs
[2024-06-22 00:08:31,631] {logging_mixin.py:104} INFO - [2024-06-22 00:08:31,631] {dag.py:2280} INFO - Setting next_dagrun for latest_only to 2024-06-20 00:00:00+00:00
[2024-06-22 00:08:31,636] {scheduler_job.py:190} INFO - Processing /home/airflow/.local/lib/python3.6/site-packages/airflow/example_dags/example_latest_only.py took 0.035 seconds
[2024-06-22 00:09:02,367] {scheduler_job.py:182} INFO - Started process (PID=4708) to work on /home/airflow/.local/lib/python3.6/site-packages/airflow/example_dags/example_latest_only.py
[2024-06-22 00:09:02,368] {scheduler_job.py:629} INFO - Processing file /home/airflow/.local/lib/python3.6/site-packages/airflow/example_dags/example_latest_only.py for tasks to queue
[2024-06-22 00:09:02,368] {logging_mixin.py:104} INFO - [2024-06-22 00:09:02,368] {dagbag.py:451} INFO - Filling up the DagBag from /home/airflow/.local/lib/python3.6/site-packages/airflow/example_dags/example_latest_only.py
[2024-06-22 00:09:02,374] {scheduler_job.py:639} INFO - DAG(s) dict_keys(['latest_only']) retrieved from /home/airflow/.local/lib/python3.6/site-packages/airflow/example_dags/example_latest_only.py
[2024-06-22 00:09:02,386] {logging_mixin.py:104} INFO - [2024-06-22 00:09:02,386] {dag.py:1824} INFO - Sync 1 DAGs
[2024-06-22 00:09:02,395] {logging_mixin.py:104} INFO - [2024-06-22 00:09:02,395] {dag.py:2280} INFO - Setting next_dagrun for latest_only to 2024-06-20 00:00:00+00:00
[2024-06-22 00:09:02,400] {scheduler_job.py:190} INFO - Processing /home/airflow/.local/lib/python3.6/site-packages/airflow/example_dags/example_latest_only.py took 0.035 seconds
[2024-06-22 00:09:33,108] {scheduler_job.py:182} INFO - Started process (PID=4734) to work on /home/airflow/.local/lib/python3.6/site-packages/airflow/example_dags/example_latest_only.py
[2024-06-22 00:09:33,109] {scheduler_job.py:629} INFO - Processing file /home/airflow/.local/lib/python3.6/site-packages/airflow/example_dags/example_latest_only.py for tasks to queue
[2024-06-22 00:09:33,109] {logging_mixin.py:104} INFO - [2024-06-22 00:09:33,109] {dagbag.py:451} INFO - Filling up the DagBag from /home/airflow/.local/lib/python3.6/site-packages/airflow/example_dags/example_latest_only.py
[2024-06-22 00:09:33,115] {scheduler_job.py:639} INFO - DAG(s) dict_keys(['latest_only']) retrieved from /home/airflow/.local/lib/python3.6/site-packages/airflow/example_dags/example_latest_only.py
[2024-06-22 00:09:33,127] {logging_mixin.py:104} INFO - [2024-06-22 00:09:33,127] {dag.py:1824} INFO - Sync 1 DAGs
[2024-06-22 00:09:33,136] {logging_mixin.py:104} INFO - [2024-06-22 00:09:33,136] {dag.py:2280} INFO - Setting next_dagrun for latest_only to 2024-06-20 00:00:00+00:00
[2024-06-22 00:09:33,141] {scheduler_job.py:190} INFO - Processing /home/airflow/.local/lib/python3.6/site-packages/airflow/example_dags/example_latest_only.py took 0.035 seconds
[2024-06-22 00:10:03,793] {scheduler_job.py:182} INFO - Started process (PID=4760) to work on /home/airflow/.local/lib/python3.6/site-packages/airflow/example_dags/example_latest_only.py
[2024-06-22 00:10:03,794] {scheduler_job.py:629} INFO - Processing file /home/airflow/.local/lib/python3.6/site-packages/airflow/example_dags/example_latest_only.py for tasks to queue
[2024-06-22 00:10:03,794] {logging_mixin.py:104} INFO - [2024-06-22 00:10:03,794] {dagbag.py:451} INFO - Filling up the DagBag from /home/airflow/.local/lib/python3.6/site-packages/airflow/example_dags/example_latest_only.py
[2024-06-22 00:10:03,800] {scheduler_job.py:639} INFO - DAG(s) dict_keys(['latest_only']) retrieved from /home/airflow/.local/lib/python3.6/site-packages/airflow/example_dags/example_latest_only.py
[2024-06-22 00:10:03,812] {logging_mixin.py:104} INFO - [2024-06-22 00:10:03,811] {dag.py:1824} INFO - Sync 1 DAGs
[2024-06-22 00:10:03,820] {logging_mixin.py:104} INFO - [2024-06-22 00:10:03,820] {dag.py:2280} INFO - Setting next_dagrun for latest_only to 2024-06-20 00:00:00+00:00
[2024-06-22 00:10:03,826] {scheduler_job.py:190} INFO - Processing /home/airflow/.local/lib/python3.6/site-packages/airflow/example_dags/example_latest_only.py took 0.035 seconds
[2024-06-22 00:10:34,632] {scheduler_job.py:182} INFO - Started process (PID=4786) to work on /home/airflow/.local/lib/python3.6/site-packages/airflow/example_dags/example_latest_only.py
[2024-06-22 00:10:34,633] {scheduler_job.py:629} INFO - Processing file /home/airflow/.local/lib/python3.6/site-packages/airflow/example_dags/example_latest_only.py for tasks to queue
[2024-06-22 00:10:34,634] {logging_mixin.py:104} INFO - [2024-06-22 00:10:34,634] {dagbag.py:451} INFO - Filling up the DagBag from /home/airflow/.local/lib/python3.6/site-packages/airflow/example_dags/example_latest_only.py
[2024-06-22 00:10:34,639] {scheduler_job.py:639} INFO - DAG(s) dict_keys(['latest_only']) retrieved from /home/airflow/.local/lib/python3.6/site-packages/airflow/example_dags/example_latest_only.py
[2024-06-22 00:10:34,653] {logging_mixin.py:104} INFO - [2024-06-22 00:10:34,652] {dag.py:1824} INFO - Sync 1 DAGs
[2024-06-22 00:10:34,661] {logging_mixin.py:104} INFO - [2024-06-22 00:10:34,661] {dag.py:2280} INFO - Setting next_dagrun for latest_only to 2024-06-20 00:00:00+00:00
[2024-06-22 00:10:34,667] {scheduler_job.py:190} INFO - Processing /home/airflow/.local/lib/python3.6/site-packages/airflow/example_dags/example_latest_only.py took 0.036 seconds
[2024-06-22 00:11:05,408] {scheduler_job.py:182} INFO - Started process (PID=4812) to work on /home/airflow/.local/lib/python3.6/site-packages/airflow/example_dags/example_latest_only.py
[2024-06-22 00:11:05,409] {scheduler_job.py:629} INFO - Processing file /home/airflow/.local/lib/python3.6/site-packages/airflow/example_dags/example_latest_only.py for tasks to queue
[2024-06-22 00:11:05,409] {logging_mixin.py:104} INFO - [2024-06-22 00:11:05,409] {dagbag.py:451} INFO - Filling up the DagBag from /home/airflow/.local/lib/python3.6/site-packages/airflow/example_dags/example_latest_only.py
[2024-06-22 00:11:05,416] {scheduler_job.py:639} INFO - DAG(s) dict_keys(['latest_only']) retrieved from /home/airflow/.local/lib/python3.6/site-packages/airflow/example_dags/example_latest_only.py
[2024-06-22 00:11:05,428] {logging_mixin.py:104} INFO - [2024-06-22 00:11:05,427] {dag.py:1824} INFO - Sync 1 DAGs
[2024-06-22 00:11:05,437] {logging_mixin.py:104} INFO - [2024-06-22 00:11:05,437] {dag.py:2280} INFO - Setting next_dagrun for latest_only to 2024-06-20 00:00:00+00:00
[2024-06-22 00:11:05,442] {scheduler_job.py:190} INFO - Processing /home/airflow/.local/lib/python3.6/site-packages/airflow/example_dags/example_latest_only.py took 0.036 seconds
[2024-06-22 00:11:36,187] {scheduler_job.py:182} INFO - Started process (PID=4838) to work on /home/airflow/.local/lib/python3.6/site-packages/airflow/example_dags/example_latest_only.py
[2024-06-22 00:11:36,188] {scheduler_job.py:629} INFO - Processing file /home/airflow/.local/lib/python3.6/site-packages/airflow/example_dags/example_latest_only.py for tasks to queue
[2024-06-22 00:11:36,189] {logging_mixin.py:104} INFO - [2024-06-22 00:11:36,189] {dagbag.py:451} INFO - Filling up the DagBag from /home/airflow/.local/lib/python3.6/site-packages/airflow/example_dags/example_latest_only.py
[2024-06-22 00:11:36,194] {scheduler_job.py:639} INFO - DAG(s) dict_keys(['latest_only']) retrieved from /home/airflow/.local/lib/python3.6/site-packages/airflow/example_dags/example_latest_only.py
[2024-06-22 00:11:36,207] {logging_mixin.py:104} INFO - [2024-06-22 00:11:36,207] {dag.py:1824} INFO - Sync 1 DAGs
[2024-06-22 00:11:36,219] {logging_mixin.py:104} INFO - [2024-06-22 00:11:36,219] {dag.py:2280} INFO - Setting next_dagrun for latest_only to 2024-06-20 00:00:00+00:00
[2024-06-22 00:11:36,225] {scheduler_job.py:190} INFO - Processing /home/airflow/.local/lib/python3.6/site-packages/airflow/example_dags/example_latest_only.py took 0.040 seconds
[2024-06-22 00:12:06,870] {scheduler_job.py:182} INFO - Started process (PID=4864) to work on /home/airflow/.local/lib/python3.6/site-packages/airflow/example_dags/example_latest_only.py
[2024-06-22 00:12:06,871] {scheduler_job.py:629} INFO - Processing file /home/airflow/.local/lib/python3.6/site-packages/airflow/example_dags/example_latest_only.py for tasks to queue
[2024-06-22 00:12:06,872] {logging_mixin.py:104} INFO - [2024-06-22 00:12:06,872] {dagbag.py:451} INFO - Filling up the DagBag from /home/airflow/.local/lib/python3.6/site-packages/airflow/example_dags/example_latest_only.py
[2024-06-22 00:12:06,877] {scheduler_job.py:639} INFO - DAG(s) dict_keys(['latest_only']) retrieved from /home/airflow/.local/lib/python3.6/site-packages/airflow/example_dags/example_latest_only.py
[2024-06-22 00:12:06,889] {logging_mixin.py:104} INFO - [2024-06-22 00:12:06,889] {dag.py:1824} INFO - Sync 1 DAGs
[2024-06-22 00:12:06,898] {logging_mixin.py:104} INFO - [2024-06-22 00:12:06,898] {dag.py:2280} INFO - Setting next_dagrun for latest_only to 2024-06-20 00:00:00+00:00
[2024-06-22 00:12:06,903] {scheduler_job.py:190} INFO - Processing /home/airflow/.local/lib/python3.6/site-packages/airflow/example_dags/example_latest_only.py took 0.034 seconds
[2024-06-22 00:12:37,650] {scheduler_job.py:182} INFO - Started process (PID=4890) to work on /home/airflow/.local/lib/python3.6/site-packages/airflow/example_dags/example_latest_only.py
[2024-06-22 00:12:37,650] {scheduler_job.py:629} INFO - Processing file /home/airflow/.local/lib/python3.6/site-packages/airflow/example_dags/example_latest_only.py for tasks to queue
[2024-06-22 00:12:37,651] {logging_mixin.py:104} INFO - [2024-06-22 00:12:37,651] {dagbag.py:451} INFO - Filling up the DagBag from /home/airflow/.local/lib/python3.6/site-packages/airflow/example_dags/example_latest_only.py
[2024-06-22 00:12:37,656] {scheduler_job.py:639} INFO - DAG(s) dict_keys(['latest_only']) retrieved from /home/airflow/.local/lib/python3.6/site-packages/airflow/example_dags/example_latest_only.py
[2024-06-22 00:12:37,668] {logging_mixin.py:104} INFO - [2024-06-22 00:12:37,668] {dag.py:1824} INFO - Sync 1 DAGs
[2024-06-22 00:12:37,677] {logging_mixin.py:104} INFO - [2024-06-22 00:12:37,677] {dag.py:2280} INFO - Setting next_dagrun for latest_only to 2024-06-20 00:00:00+00:00
[2024-06-22 00:12:37,683] {scheduler_job.py:190} INFO - Processing /home/airflow/.local/lib/python3.6/site-packages/airflow/example_dags/example_latest_only.py took 0.035 seconds
[2024-06-22 00:13:08,483] {scheduler_job.py:182} INFO - Started process (PID=4916) to work on /home/airflow/.local/lib/python3.6/site-packages/airflow/example_dags/example_latest_only.py
[2024-06-22 00:13:08,484] {scheduler_job.py:629} INFO - Processing file /home/airflow/.local/lib/python3.6/site-packages/airflow/example_dags/example_latest_only.py for tasks to queue
[2024-06-22 00:13:08,484] {logging_mixin.py:104} INFO - [2024-06-22 00:13:08,484] {dagbag.py:451} INFO - Filling up the DagBag from /home/airflow/.local/lib/python3.6/site-packages/airflow/example_dags/example_latest_only.py
[2024-06-22 00:13:08,490] {scheduler_job.py:639} INFO - DAG(s) dict_keys(['latest_only']) retrieved from /home/airflow/.local/lib/python3.6/site-packages/airflow/example_dags/example_latest_only.py
[2024-06-22 00:13:08,502] {logging_mixin.py:104} INFO - [2024-06-22 00:13:08,502] {dag.py:1824} INFO - Sync 1 DAGs
[2024-06-22 00:13:08,512] {logging_mixin.py:104} INFO - [2024-06-22 00:13:08,512] {dag.py:2280} INFO - Setting next_dagrun for latest_only to 2024-06-20 00:00:00+00:00
[2024-06-22 00:13:08,517] {scheduler_job.py:190} INFO - Processing /home/airflow/.local/lib/python3.6/site-packages/airflow/example_dags/example_latest_only.py took 0.036 seconds
[2024-06-22 00:13:39,164] {scheduler_job.py:182} INFO - Started process (PID=4942) to work on /home/airflow/.local/lib/python3.6/site-packages/airflow/example_dags/example_latest_only.py
[2024-06-22 00:13:39,165] {scheduler_job.py:629} INFO - Processing file /home/airflow/.local/lib/python3.6/site-packages/airflow/example_dags/example_latest_only.py for tasks to queue
[2024-06-22 00:13:39,166] {logging_mixin.py:104} INFO - [2024-06-22 00:13:39,165] {dagbag.py:451} INFO - Filling up the DagBag from /home/airflow/.local/lib/python3.6/site-packages/airflow/example_dags/example_latest_only.py
[2024-06-22 00:13:39,171] {scheduler_job.py:639} INFO - DAG(s) dict_keys(['latest_only']) retrieved from /home/airflow/.local/lib/python3.6/site-packages/airflow/example_dags/example_latest_only.py
[2024-06-22 00:13:39,184] {logging_mixin.py:104} INFO - [2024-06-22 00:13:39,184] {dag.py:1824} INFO - Sync 1 DAGs
[2024-06-22 00:13:39,193] {logging_mixin.py:104} INFO - [2024-06-22 00:13:39,193] {dag.py:2280} INFO - Setting next_dagrun for latest_only to 2024-06-20 00:00:00+00:00
[2024-06-22 00:13:39,199] {scheduler_job.py:190} INFO - Processing /home/airflow/.local/lib/python3.6/site-packages/airflow/example_dags/example_latest_only.py took 0.036 seconds
[2024-06-22 00:14:09,931] {scheduler_job.py:182} INFO - Started process (PID=4968) to work on /home/airflow/.local/lib/python3.6/site-packages/airflow/example_dags/example_latest_only.py
[2024-06-22 00:14:09,932] {scheduler_job.py:629} INFO - Processing file /home/airflow/.local/lib/python3.6/site-packages/airflow/example_dags/example_latest_only.py for tasks to queue
[2024-06-22 00:14:09,933] {logging_mixin.py:104} INFO - [2024-06-22 00:14:09,933] {dagbag.py:451} INFO - Filling up the DagBag from /home/airflow/.local/lib/python3.6/site-packages/airflow/example_dags/example_latest_only.py
[2024-06-22 00:14:09,939] {scheduler_job.py:639} INFO - DAG(s) dict_keys(['latest_only']) retrieved from /home/airflow/.local/lib/python3.6/site-packages/airflow/example_dags/example_latest_only.py
[2024-06-22 00:14:09,951] {logging_mixin.py:104} INFO - [2024-06-22 00:14:09,951] {dag.py:1824} INFO - Sync 1 DAGs
[2024-06-22 00:14:09,960] {logging_mixin.py:104} INFO - [2024-06-22 00:14:09,960] {dag.py:2280} INFO - Setting next_dagrun for latest_only to 2024-06-20 00:00:00+00:00
[2024-06-22 00:14:09,965] {scheduler_job.py:190} INFO - Processing /home/airflow/.local/lib/python3.6/site-packages/airflow/example_dags/example_latest_only.py took 0.035 seconds
[2024-06-22 00:14:40,707] {scheduler_job.py:182} INFO - Started process (PID=4994) to work on /home/airflow/.local/lib/python3.6/site-packages/airflow/example_dags/example_latest_only.py
[2024-06-22 00:14:40,708] {scheduler_job.py:629} INFO - Processing file /home/airflow/.local/lib/python3.6/site-packages/airflow/example_dags/example_latest_only.py for tasks to queue
[2024-06-22 00:14:40,709] {logging_mixin.py:104} INFO - [2024-06-22 00:14:40,709] {dagbag.py:451} INFO - Filling up the DagBag from /home/airflow/.local/lib/python3.6/site-packages/airflow/example_dags/example_latest_only.py
[2024-06-22 00:14:40,715] {scheduler_job.py:639} INFO - DAG(s) dict_keys(['latest_only']) retrieved from /home/airflow/.local/lib/python3.6/site-packages/airflow/example_dags/example_latest_only.py
[2024-06-22 00:14:40,726] {logging_mixin.py:104} INFO - [2024-06-22 00:14:40,726] {dag.py:1824} INFO - Sync 1 DAGs
[2024-06-22 00:14:40,735] {logging_mixin.py:104} INFO - [2024-06-22 00:14:40,735] {dag.py:2280} INFO - Setting next_dagrun for latest_only to 2024-06-20 00:00:00+00:00
[2024-06-22 00:14:40,740] {scheduler_job.py:190} INFO - Processing /home/airflow/.local/lib/python3.6/site-packages/airflow/example_dags/example_latest_only.py took 0.035 seconds
[2024-06-22 00:15:11,471] {scheduler_job.py:182} INFO - Started process (PID=5020) to work on /home/airflow/.local/lib/python3.6/site-packages/airflow/example_dags/example_latest_only.py
[2024-06-22 00:15:11,471] {scheduler_job.py:629} INFO - Processing file /home/airflow/.local/lib/python3.6/site-packages/airflow/example_dags/example_latest_only.py for tasks to queue
[2024-06-22 00:15:11,472] {logging_mixin.py:104} INFO - [2024-06-22 00:15:11,472] {dagbag.py:451} INFO - Filling up the DagBag from /home/airflow/.local/lib/python3.6/site-packages/airflow/example_dags/example_latest_only.py
[2024-06-22 00:15:11,478] {scheduler_job.py:639} INFO - DAG(s) dict_keys(['latest_only']) retrieved from /home/airflow/.local/lib/python3.6/site-packages/airflow/example_dags/example_latest_only.py
[2024-06-22 00:15:11,490] {logging_mixin.py:104} INFO - [2024-06-22 00:15:11,490] {dag.py:1824} INFO - Sync 1 DAGs
[2024-06-22 00:15:11,498] {logging_mixin.py:104} INFO - [2024-06-22 00:15:11,498] {dag.py:2280} INFO - Setting next_dagrun for latest_only to 2024-06-20 00:00:00+00:00
[2024-06-22 00:15:11,504] {scheduler_job.py:190} INFO - Processing /home/airflow/.local/lib/python3.6/site-packages/airflow/example_dags/example_latest_only.py took 0.035 seconds
[2024-06-22 00:15:42,218] {scheduler_job.py:182} INFO - Started process (PID=5046) to work on /home/airflow/.local/lib/python3.6/site-packages/airflow/example_dags/example_latest_only.py
[2024-06-22 00:15:42,219] {scheduler_job.py:629} INFO - Processing file /home/airflow/.local/lib/python3.6/site-packages/airflow/example_dags/example_latest_only.py for tasks to queue
[2024-06-22 00:15:42,219] {logging_mixin.py:104} INFO - [2024-06-22 00:15:42,219] {dagbag.py:451} INFO - Filling up the DagBag from /home/airflow/.local/lib/python3.6/site-packages/airflow/example_dags/example_latest_only.py
[2024-06-22 00:15:42,225] {scheduler_job.py:639} INFO - DAG(s) dict_keys(['latest_only']) retrieved from /home/airflow/.local/lib/python3.6/site-packages/airflow/example_dags/example_latest_only.py
[2024-06-22 00:15:42,237] {logging_mixin.py:104} INFO - [2024-06-22 00:15:42,237] {dag.py:1824} INFO - Sync 1 DAGs
[2024-06-22 00:15:42,246] {logging_mixin.py:104} INFO - [2024-06-22 00:15:42,246] {dag.py:2280} INFO - Setting next_dagrun for latest_only to 2024-06-20 00:00:00+00:00
[2024-06-22 00:15:42,252] {scheduler_job.py:190} INFO - Processing /home/airflow/.local/lib/python3.6/site-packages/airflow/example_dags/example_latest_only.py took 0.036 seconds
[2024-06-22 00:16:13,019] {scheduler_job.py:182} INFO - Started process (PID=5072) to work on /home/airflow/.local/lib/python3.6/site-packages/airflow/example_dags/example_latest_only.py
[2024-06-22 00:16:13,020] {scheduler_job.py:629} INFO - Processing file /home/airflow/.local/lib/python3.6/site-packages/airflow/example_dags/example_latest_only.py for tasks to queue
[2024-06-22 00:16:13,021] {logging_mixin.py:104} INFO - [2024-06-22 00:16:13,021] {dagbag.py:451} INFO - Filling up the DagBag from /home/airflow/.local/lib/python3.6/site-packages/airflow/example_dags/example_latest_only.py
[2024-06-22 00:16:13,026] {scheduler_job.py:639} INFO - DAG(s) dict_keys(['latest_only']) retrieved from /home/airflow/.local/lib/python3.6/site-packages/airflow/example_dags/example_latest_only.py
[2024-06-22 00:16:13,037] {logging_mixin.py:104} INFO - [2024-06-22 00:16:13,037] {dag.py:1824} INFO - Sync 1 DAGs
[2024-06-22 00:16:13,047] {logging_mixin.py:104} INFO - [2024-06-22 00:16:13,047] {dag.py:2280} INFO - Setting next_dagrun for latest_only to 2024-06-20 00:00:00+00:00
[2024-06-22 00:16:13,052] {scheduler_job.py:190} INFO - Processing /home/airflow/.local/lib/python3.6/site-packages/airflow/example_dags/example_latest_only.py took 0.035 seconds
[2024-06-22 00:16:43,784] {scheduler_job.py:182} INFO - Started process (PID=5098) to work on /home/airflow/.local/lib/python3.6/site-packages/airflow/example_dags/example_latest_only.py
[2024-06-22 00:16:43,785] {scheduler_job.py:629} INFO - Processing file /home/airflow/.local/lib/python3.6/site-packages/airflow/example_dags/example_latest_only.py for tasks to queue
[2024-06-22 00:16:43,785] {logging_mixin.py:104} INFO - [2024-06-22 00:16:43,785] {dagbag.py:451} INFO - Filling up the DagBag from /home/airflow/.local/lib/python3.6/site-packages/airflow/example_dags/example_latest_only.py
[2024-06-22 00:16:43,791] {scheduler_job.py:639} INFO - DAG(s) dict_keys(['latest_only']) retrieved from /home/airflow/.local/lib/python3.6/site-packages/airflow/example_dags/example_latest_only.py
[2024-06-22 00:16:43,803] {logging_mixin.py:104} INFO - [2024-06-22 00:16:43,803] {dag.py:1824} INFO - Sync 1 DAGs
[2024-06-22 00:16:43,814] {logging_mixin.py:104} INFO - [2024-06-22 00:16:43,813] {dag.py:2280} INFO - Setting next_dagrun for latest_only to 2024-06-20 00:00:00+00:00
[2024-06-22 00:16:43,819] {scheduler_job.py:190} INFO - Processing /home/airflow/.local/lib/python3.6/site-packages/airflow/example_dags/example_latest_only.py took 0.037 seconds
[2024-06-22 00:17:14,546] {scheduler_job.py:182} INFO - Started process (PID=5124) to work on /home/airflow/.local/lib/python3.6/site-packages/airflow/example_dags/example_latest_only.py
[2024-06-22 00:17:14,547] {scheduler_job.py:629} INFO - Processing file /home/airflow/.local/lib/python3.6/site-packages/airflow/example_dags/example_latest_only.py for tasks to queue
[2024-06-22 00:17:14,547] {logging_mixin.py:104} INFO - [2024-06-22 00:17:14,547] {dagbag.py:451} INFO - Filling up the DagBag from /home/airflow/.local/lib/python3.6/site-packages/airflow/example_dags/example_latest_only.py
[2024-06-22 00:17:14,553] {scheduler_job.py:639} INFO - DAG(s) dict_keys(['latest_only']) retrieved from /home/airflow/.local/lib/python3.6/site-packages/airflow/example_dags/example_latest_only.py
[2024-06-22 00:17:14,565] {logging_mixin.py:104} INFO - [2024-06-22 00:17:14,565] {dag.py:1824} INFO - Sync 1 DAGs
[2024-06-22 00:17:14,573] {logging_mixin.py:104} INFO - [2024-06-22 00:17:14,573] {dag.py:2280} INFO - Setting next_dagrun for latest_only to 2024-06-20 00:00:00+00:00
[2024-06-22 00:17:14,579] {scheduler_job.py:190} INFO - Processing /home/airflow/.local/lib/python3.6/site-packages/airflow/example_dags/example_latest_only.py took 0.035 seconds
[2024-06-22 00:17:45,335] {scheduler_job.py:182} INFO - Started process (PID=5150) to work on /home/airflow/.local/lib/python3.6/site-packages/airflow/example_dags/example_latest_only.py
[2024-06-22 00:17:45,336] {scheduler_job.py:629} INFO - Processing file /home/airflow/.local/lib/python3.6/site-packages/airflow/example_dags/example_latest_only.py for tasks to queue
[2024-06-22 00:17:45,337] {logging_mixin.py:104} INFO - [2024-06-22 00:17:45,337] {dagbag.py:451} INFO - Filling up the DagBag from /home/airflow/.local/lib/python3.6/site-packages/airflow/example_dags/example_latest_only.py
[2024-06-22 00:17:45,343] {scheduler_job.py:639} INFO - DAG(s) dict_keys(['latest_only']) retrieved from /home/airflow/.local/lib/python3.6/site-packages/airflow/example_dags/example_latest_only.py
[2024-06-22 00:17:45,354] {logging_mixin.py:104} INFO - [2024-06-22 00:17:45,354] {dag.py:1824} INFO - Sync 1 DAGs
[2024-06-22 00:17:45,363] {logging_mixin.py:104} INFO - [2024-06-22 00:17:45,363] {dag.py:2280} INFO - Setting next_dagrun for latest_only to 2024-06-20 00:00:00+00:00
[2024-06-22 00:17:45,368] {scheduler_job.py:190} INFO - Processing /home/airflow/.local/lib/python3.6/site-packages/airflow/example_dags/example_latest_only.py took 0.034 seconds
[2024-06-22 00:18:16,099] {scheduler_job.py:182} INFO - Started process (PID=5176) to work on /home/airflow/.local/lib/python3.6/site-packages/airflow/example_dags/example_latest_only.py
[2024-06-22 00:18:16,100] {scheduler_job.py:629} INFO - Processing file /home/airflow/.local/lib/python3.6/site-packages/airflow/example_dags/example_latest_only.py for tasks to queue
[2024-06-22 00:18:16,101] {logging_mixin.py:104} INFO - [2024-06-22 00:18:16,100] {dagbag.py:451} INFO - Filling up the DagBag from /home/airflow/.local/lib/python3.6/site-packages/airflow/example_dags/example_latest_only.py
[2024-06-22 00:18:16,106] {scheduler_job.py:639} INFO - DAG(s) dict_keys(['latest_only']) retrieved from /home/airflow/.local/lib/python3.6/site-packages/airflow/example_dags/example_latest_only.py
[2024-06-22 00:18:16,118] {logging_mixin.py:104} INFO - [2024-06-22 00:18:16,118] {dag.py:1824} INFO - Sync 1 DAGs
[2024-06-22 00:18:16,127] {logging_mixin.py:104} INFO - [2024-06-22 00:18:16,127] {dag.py:2280} INFO - Setting next_dagrun for latest_only to 2024-06-20 00:00:00+00:00
[2024-06-22 00:18:16,132] {scheduler_job.py:190} INFO - Processing /home/airflow/.local/lib/python3.6/site-packages/airflow/example_dags/example_latest_only.py took 0.035 seconds
[2024-06-22 00:18:46,856] {scheduler_job.py:182} INFO - Started process (PID=5202) to work on /home/airflow/.local/lib/python3.6/site-packages/airflow/example_dags/example_latest_only.py
[2024-06-22 00:18:46,857] {scheduler_job.py:629} INFO - Processing file /home/airflow/.local/lib/python3.6/site-packages/airflow/example_dags/example_latest_only.py for tasks to queue
[2024-06-22 00:18:46,857] {logging_mixin.py:104} INFO - [2024-06-22 00:18:46,857] {dagbag.py:451} INFO - Filling up the DagBag from /home/airflow/.local/lib/python3.6/site-packages/airflow/example_dags/example_latest_only.py
[2024-06-22 00:18:46,863] {scheduler_job.py:639} INFO - DAG(s) dict_keys(['latest_only']) retrieved from /home/airflow/.local/lib/python3.6/site-packages/airflow/example_dags/example_latest_only.py
[2024-06-22 00:18:46,875] {logging_mixin.py:104} INFO - [2024-06-22 00:18:46,875] {dag.py:1824} INFO - Sync 1 DAGs
[2024-06-22 00:18:46,884] {logging_mixin.py:104} INFO - [2024-06-22 00:18:46,884] {dag.py:2280} INFO - Setting next_dagrun for latest_only to 2024-06-20 00:00:00+00:00
[2024-06-22 00:18:46,889] {scheduler_job.py:190} INFO - Processing /home/airflow/.local/lib/python3.6/site-packages/airflow/example_dags/example_latest_only.py took 0.035 seconds
[2024-06-22 00:19:17,630] {scheduler_job.py:182} INFO - Started process (PID=5228) to work on /home/airflow/.local/lib/python3.6/site-packages/airflow/example_dags/example_latest_only.py
[2024-06-22 00:19:17,631] {scheduler_job.py:629} INFO - Processing file /home/airflow/.local/lib/python3.6/site-packages/airflow/example_dags/example_latest_only.py for tasks to queue
[2024-06-22 00:19:17,631] {logging_mixin.py:104} INFO - [2024-06-22 00:19:17,631] {dagbag.py:451} INFO - Filling up the DagBag from /home/airflow/.local/lib/python3.6/site-packages/airflow/example_dags/example_latest_only.py
[2024-06-22 00:19:17,637] {scheduler_job.py:639} INFO - DAG(s) dict_keys(['latest_only']) retrieved from /home/airflow/.local/lib/python3.6/site-packages/airflow/example_dags/example_latest_only.py
[2024-06-22 00:19:17,649] {logging_mixin.py:104} INFO - [2024-06-22 00:19:17,649] {dag.py:1824} INFO - Sync 1 DAGs
[2024-06-22 00:19:17,658] {logging_mixin.py:104} INFO - [2024-06-22 00:19:17,658] {dag.py:2280} INFO - Setting next_dagrun for latest_only to 2024-06-20 00:00:00+00:00
[2024-06-22 00:19:17,663] {scheduler_job.py:190} INFO - Processing /home/airflow/.local/lib/python3.6/site-packages/airflow/example_dags/example_latest_only.py took 0.035 seconds
[2024-06-22 00:19:48,398] {scheduler_job.py:182} INFO - Started process (PID=5254) to work on /home/airflow/.local/lib/python3.6/site-packages/airflow/example_dags/example_latest_only.py
[2024-06-22 00:19:48,399] {scheduler_job.py:629} INFO - Processing file /home/airflow/.local/lib/python3.6/site-packages/airflow/example_dags/example_latest_only.py for tasks to queue
[2024-06-22 00:19:48,400] {logging_mixin.py:104} INFO - [2024-06-22 00:19:48,400] {dagbag.py:451} INFO - Filling up the DagBag from /home/airflow/.local/lib/python3.6/site-packages/airflow/example_dags/example_latest_only.py
[2024-06-22 00:19:48,405] {scheduler_job.py:639} INFO - DAG(s) dict_keys(['latest_only']) retrieved from /home/airflow/.local/lib/python3.6/site-packages/airflow/example_dags/example_latest_only.py
[2024-06-22 00:19:48,418] {logging_mixin.py:104} INFO - [2024-06-22 00:19:48,417] {dag.py:1824} INFO - Sync 1 DAGs
[2024-06-22 00:19:48,426] {logging_mixin.py:104} INFO - [2024-06-22 00:19:48,426] {dag.py:2280} INFO - Setting next_dagrun for latest_only to 2024-06-20 00:00:00+00:00
[2024-06-22 00:19:48,432] {scheduler_job.py:190} INFO - Processing /home/airflow/.local/lib/python3.6/site-packages/airflow/example_dags/example_latest_only.py took 0.035 seconds
[2024-06-22 00:20:19,060] {scheduler_job.py:182} INFO - Started process (PID=5280) to work on /home/airflow/.local/lib/python3.6/site-packages/airflow/example_dags/example_latest_only.py
[2024-06-22 00:20:19,061] {scheduler_job.py:629} INFO - Processing file /home/airflow/.local/lib/python3.6/site-packages/airflow/example_dags/example_latest_only.py for tasks to queue
[2024-06-22 00:20:19,061] {logging_mixin.py:104} INFO - [2024-06-22 00:20:19,061] {dagbag.py:451} INFO - Filling up the DagBag from /home/airflow/.local/lib/python3.6/site-packages/airflow/example_dags/example_latest_only.py
[2024-06-22 00:20:19,067] {scheduler_job.py:639} INFO - DAG(s) dict_keys(['latest_only']) retrieved from /home/airflow/.local/lib/python3.6/site-packages/airflow/example_dags/example_latest_only.py
[2024-06-22 00:20:19,079] {logging_mixin.py:104} INFO - [2024-06-22 00:20:19,079] {dag.py:1824} INFO - Sync 1 DAGs
[2024-06-22 00:20:19,088] {logging_mixin.py:104} INFO - [2024-06-22 00:20:19,088] {dag.py:2280} INFO - Setting next_dagrun for latest_only to 2024-06-20 00:00:00+00:00
[2024-06-22 00:20:19,093] {scheduler_job.py:190} INFO - Processing /home/airflow/.local/lib/python3.6/site-packages/airflow/example_dags/example_latest_only.py took 0.035 seconds
[2024-06-22 00:20:49,824] {scheduler_job.py:182} INFO - Started process (PID=5306) to work on /home/airflow/.local/lib/python3.6/site-packages/airflow/example_dags/example_latest_only.py
[2024-06-22 00:20:49,825] {scheduler_job.py:629} INFO - Processing file /home/airflow/.local/lib/python3.6/site-packages/airflow/example_dags/example_latest_only.py for tasks to queue
[2024-06-22 00:20:49,825] {logging_mixin.py:104} INFO - [2024-06-22 00:20:49,825] {dagbag.py:451} INFO - Filling up the DagBag from /home/airflow/.local/lib/python3.6/site-packages/airflow/example_dags/example_latest_only.py
[2024-06-22 00:20:49,831] {scheduler_job.py:639} INFO - DAG(s) dict_keys(['latest_only']) retrieved from /home/airflow/.local/lib/python3.6/site-packages/airflow/example_dags/example_latest_only.py
[2024-06-22 00:20:49,843] {logging_mixin.py:104} INFO - [2024-06-22 00:20:49,843] {dag.py:1824} INFO - Sync 1 DAGs
[2024-06-22 00:20:49,852] {logging_mixin.py:104} INFO - [2024-06-22 00:20:49,852] {dag.py:2280} INFO - Setting next_dagrun for latest_only to 2024-06-20 00:00:00+00:00
[2024-06-22 00:20:49,857] {scheduler_job.py:190} INFO - Processing /home/airflow/.local/lib/python3.6/site-packages/airflow/example_dags/example_latest_only.py took 0.035 seconds
[2024-06-22 00:21:20,503] {scheduler_job.py:182} INFO - Started process (PID=5332) to work on /home/airflow/.local/lib/python3.6/site-packages/airflow/example_dags/example_latest_only.py
[2024-06-22 00:21:20,504] {scheduler_job.py:629} INFO - Processing file /home/airflow/.local/lib/python3.6/site-packages/airflow/example_dags/example_latest_only.py for tasks to queue
[2024-06-22 00:21:20,505] {logging_mixin.py:104} INFO - [2024-06-22 00:21:20,504] {dagbag.py:451} INFO - Filling up the DagBag from /home/airflow/.local/lib/python3.6/site-packages/airflow/example_dags/example_latest_only.py
[2024-06-22 00:21:20,511] {scheduler_job.py:639} INFO - DAG(s) dict_keys(['latest_only']) retrieved from /home/airflow/.local/lib/python3.6/site-packages/airflow/example_dags/example_latest_only.py
[2024-06-22 00:21:20,523] {logging_mixin.py:104} INFO - [2024-06-22 00:21:20,523] {dag.py:1824} INFO - Sync 1 DAGs
[2024-06-22 00:21:20,532] {logging_mixin.py:104} INFO - [2024-06-22 00:21:20,532] {dag.py:2280} INFO - Setting next_dagrun for latest_only to 2024-06-20 00:00:00+00:00
[2024-06-22 00:21:20,538] {scheduler_job.py:190} INFO - Processing /home/airflow/.local/lib/python3.6/site-packages/airflow/example_dags/example_latest_only.py took 0.036 seconds
[2024-06-22 00:21:51,277] {scheduler_job.py:182} INFO - Started process (PID=5358) to work on /home/airflow/.local/lib/python3.6/site-packages/airflow/example_dags/example_latest_only.py
[2024-06-22 00:21:51,278] {scheduler_job.py:629} INFO - Processing file /home/airflow/.local/lib/python3.6/site-packages/airflow/example_dags/example_latest_only.py for tasks to queue
[2024-06-22 00:21:51,278] {logging_mixin.py:104} INFO - [2024-06-22 00:21:51,278] {dagbag.py:451} INFO - Filling up the DagBag from /home/airflow/.local/lib/python3.6/site-packages/airflow/example_dags/example_latest_only.py
[2024-06-22 00:21:51,284] {scheduler_job.py:639} INFO - DAG(s) dict_keys(['latest_only']) retrieved from /home/airflow/.local/lib/python3.6/site-packages/airflow/example_dags/example_latest_only.py
[2024-06-22 00:21:51,296] {logging_mixin.py:104} INFO - [2024-06-22 00:21:51,296] {dag.py:1824} INFO - Sync 1 DAGs
[2024-06-22 00:21:51,304] {logging_mixin.py:104} INFO - [2024-06-22 00:21:51,304] {dag.py:2280} INFO - Setting next_dagrun for latest_only to 2024-06-20 00:00:00+00:00
[2024-06-22 00:21:51,310] {scheduler_job.py:190} INFO - Processing /home/airflow/.local/lib/python3.6/site-packages/airflow/example_dags/example_latest_only.py took 0.035 seconds
[2024-06-22 00:22:21,972] {scheduler_job.py:182} INFO - Started process (PID=5384) to work on /home/airflow/.local/lib/python3.6/site-packages/airflow/example_dags/example_latest_only.py
[2024-06-22 00:22:21,973] {scheduler_job.py:629} INFO - Processing file /home/airflow/.local/lib/python3.6/site-packages/airflow/example_dags/example_latest_only.py for tasks to queue
[2024-06-22 00:22:21,973] {logging_mixin.py:104} INFO - [2024-06-22 00:22:21,973] {dagbag.py:451} INFO - Filling up the DagBag from /home/airflow/.local/lib/python3.6/site-packages/airflow/example_dags/example_latest_only.py
[2024-06-22 00:22:21,979] {scheduler_job.py:639} INFO - DAG(s) dict_keys(['latest_only']) retrieved from /home/airflow/.local/lib/python3.6/site-packages/airflow/example_dags/example_latest_only.py
[2024-06-22 00:22:21,991] {logging_mixin.py:104} INFO - [2024-06-22 00:22:21,990] {dag.py:1824} INFO - Sync 1 DAGs
[2024-06-22 00:22:21,999] {logging_mixin.py:104} INFO - [2024-06-22 00:22:21,999] {dag.py:2280} INFO - Setting next_dagrun for latest_only to 2024-06-20 00:00:00+00:00
[2024-06-22 00:22:22,005] {scheduler_job.py:190} INFO - Processing /home/airflow/.local/lib/python3.6/site-packages/airflow/example_dags/example_latest_only.py took 0.035 seconds
[2024-06-22 00:22:52,719] {scheduler_job.py:182} INFO - Started process (PID=5410) to work on /home/airflow/.local/lib/python3.6/site-packages/airflow/example_dags/example_latest_only.py
[2024-06-22 00:22:52,720] {scheduler_job.py:629} INFO - Processing file /home/airflow/.local/lib/python3.6/site-packages/airflow/example_dags/example_latest_only.py for tasks to queue
[2024-06-22 00:22:52,721] {logging_mixin.py:104} INFO - [2024-06-22 00:22:52,721] {dagbag.py:451} INFO - Filling up the DagBag from /home/airflow/.local/lib/python3.6/site-packages/airflow/example_dags/example_latest_only.py
[2024-06-22 00:22:52,726] {scheduler_job.py:639} INFO - DAG(s) dict_keys(['latest_only']) retrieved from /home/airflow/.local/lib/python3.6/site-packages/airflow/example_dags/example_latest_only.py
[2024-06-22 00:22:52,739] {logging_mixin.py:104} INFO - [2024-06-22 00:22:52,739] {dag.py:1824} INFO - Sync 1 DAGs
[2024-06-22 00:22:52,747] {logging_mixin.py:104} INFO - [2024-06-22 00:22:52,747] {dag.py:2280} INFO - Setting next_dagrun for latest_only to 2024-06-20 00:00:00+00:00
[2024-06-22 00:22:52,753] {scheduler_job.py:190} INFO - Processing /home/airflow/.local/lib/python3.6/site-packages/airflow/example_dags/example_latest_only.py took 0.035 seconds
[2024-06-22 00:23:23,467] {scheduler_job.py:182} INFO - Started process (PID=5436) to work on /home/airflow/.local/lib/python3.6/site-packages/airflow/example_dags/example_latest_only.py
[2024-06-22 00:23:23,468] {scheduler_job.py:629} INFO - Processing file /home/airflow/.local/lib/python3.6/site-packages/airflow/example_dags/example_latest_only.py for tasks to queue
[2024-06-22 00:23:23,469] {logging_mixin.py:104} INFO - [2024-06-22 00:23:23,468] {dagbag.py:451} INFO - Filling up the DagBag from /home/airflow/.local/lib/python3.6/site-packages/airflow/example_dags/example_latest_only.py
[2024-06-22 00:23:23,475] {scheduler_job.py:639} INFO - DAG(s) dict_keys(['latest_only']) retrieved from /home/airflow/.local/lib/python3.6/site-packages/airflow/example_dags/example_latest_only.py
[2024-06-22 00:23:23,486] {logging_mixin.py:104} INFO - [2024-06-22 00:23:23,486] {dag.py:1824} INFO - Sync 1 DAGs
[2024-06-22 00:23:23,495] {logging_mixin.py:104} INFO - [2024-06-22 00:23:23,495] {dag.py:2280} INFO - Setting next_dagrun for latest_only to 2024-06-20 00:00:00+00:00
[2024-06-22 00:23:23,500] {scheduler_job.py:190} INFO - Processing /home/airflow/.local/lib/python3.6/site-packages/airflow/example_dags/example_latest_only.py took 0.035 seconds
[2024-06-22 00:23:54,243] {scheduler_job.py:182} INFO - Started process (PID=5462) to work on /home/airflow/.local/lib/python3.6/site-packages/airflow/example_dags/example_latest_only.py
[2024-06-22 00:23:54,244] {scheduler_job.py:629} INFO - Processing file /home/airflow/.local/lib/python3.6/site-packages/airflow/example_dags/example_latest_only.py for tasks to queue
[2024-06-22 00:23:54,244] {logging_mixin.py:104} INFO - [2024-06-22 00:23:54,244] {dagbag.py:451} INFO - Filling up the DagBag from /home/airflow/.local/lib/python3.6/site-packages/airflow/example_dags/example_latest_only.py
[2024-06-22 00:23:54,250] {scheduler_job.py:639} INFO - DAG(s) dict_keys(['latest_only']) retrieved from /home/airflow/.local/lib/python3.6/site-packages/airflow/example_dags/example_latest_only.py
[2024-06-22 00:23:54,262] {logging_mixin.py:104} INFO - [2024-06-22 00:23:54,262] {dag.py:1824} INFO - Sync 1 DAGs
[2024-06-22 00:23:54,270] {logging_mixin.py:104} INFO - [2024-06-22 00:23:54,270] {dag.py:2280} INFO - Setting next_dagrun for latest_only to 2024-06-20 00:00:00+00:00
[2024-06-22 00:23:54,276] {scheduler_job.py:190} INFO - Processing /home/airflow/.local/lib/python3.6/site-packages/airflow/example_dags/example_latest_only.py took 0.035 seconds
[2024-06-22 00:24:25,080] {scheduler_job.py:182} INFO - Started process (PID=5488) to work on /home/airflow/.local/lib/python3.6/site-packages/airflow/example_dags/example_latest_only.py
[2024-06-22 00:24:25,080] {scheduler_job.py:629} INFO - Processing file /home/airflow/.local/lib/python3.6/site-packages/airflow/example_dags/example_latest_only.py for tasks to queue
[2024-06-22 00:24:25,081] {logging_mixin.py:104} INFO - [2024-06-22 00:24:25,081] {dagbag.py:451} INFO - Filling up the DagBag from /home/airflow/.local/lib/python3.6/site-packages/airflow/example_dags/example_latest_only.py
[2024-06-22 00:24:25,086] {scheduler_job.py:639} INFO - DAG(s) dict_keys(['latest_only']) retrieved from /home/airflow/.local/lib/python3.6/site-packages/airflow/example_dags/example_latest_only.py
[2024-06-22 00:24:25,098] {logging_mixin.py:104} INFO - [2024-06-22 00:24:25,098] {dag.py:1824} INFO - Sync 1 DAGs
[2024-06-22 00:24:25,106] {logging_mixin.py:104} INFO - [2024-06-22 00:24:25,106] {dag.py:2280} INFO - Setting next_dagrun for latest_only to 2024-06-20 00:00:00+00:00
[2024-06-22 00:24:25,112] {scheduler_job.py:190} INFO - Processing /home/airflow/.local/lib/python3.6/site-packages/airflow/example_dags/example_latest_only.py took 0.034 seconds
[2024-06-22 00:24:55,848] {scheduler_job.py:182} INFO - Started process (PID=5514) to work on /home/airflow/.local/lib/python3.6/site-packages/airflow/example_dags/example_latest_only.py
[2024-06-22 00:24:55,849] {scheduler_job.py:629} INFO - Processing file /home/airflow/.local/lib/python3.6/site-packages/airflow/example_dags/example_latest_only.py for tasks to queue
[2024-06-22 00:24:55,849] {logging_mixin.py:104} INFO - [2024-06-22 00:24:55,849] {dagbag.py:451} INFO - Filling up the DagBag from /home/airflow/.local/lib/python3.6/site-packages/airflow/example_dags/example_latest_only.py
[2024-06-22 00:24:55,855] {scheduler_job.py:639} INFO - DAG(s) dict_keys(['latest_only']) retrieved from /home/airflow/.local/lib/python3.6/site-packages/airflow/example_dags/example_latest_only.py
[2024-06-22 00:24:55,867] {logging_mixin.py:104} INFO - [2024-06-22 00:24:55,867] {dag.py:1824} INFO - Sync 1 DAGs
[2024-06-22 00:24:55,875] {logging_mixin.py:104} INFO - [2024-06-22 00:24:55,875] {dag.py:2280} INFO - Setting next_dagrun for latest_only to 2024-06-20 00:00:00+00:00
[2024-06-22 00:24:55,881] {scheduler_job.py:190} INFO - Processing /home/airflow/.local/lib/python3.6/site-packages/airflow/example_dags/example_latest_only.py took 0.034 seconds
[2024-06-22 23:26:21,847] {scheduler_job.py:182} INFO - Started process (PID=5540) to work on /home/airflow/.local/lib/python3.6/site-packages/airflow/example_dags/example_latest_only.py
[2024-06-22 23:26:21,849] {scheduler_job.py:629} INFO - Processing file /home/airflow/.local/lib/python3.6/site-packages/airflow/example_dags/example_latest_only.py for tasks to queue
[2024-06-22 23:26:21,850] {logging_mixin.py:104} INFO - [2024-06-22 23:26:21,850] {dagbag.py:451} INFO - Filling up the DagBag from /home/airflow/.local/lib/python3.6/site-packages/airflow/example_dags/example_latest_only.py
[2024-06-22 23:26:21,880] {scheduler_job.py:639} INFO - DAG(s) dict_keys(['latest_only']) retrieved from /home/airflow/.local/lib/python3.6/site-packages/airflow/example_dags/example_latest_only.py
[2024-06-22 23:26:21,916] {logging_mixin.py:104} INFO - [2024-06-22 23:26:21,916] {dag.py:1824} INFO - Sync 1 DAGs
[2024-06-22 23:26:21,951] {logging_mixin.py:104} INFO - [2024-06-22 23:26:21,951] {dag.py:2280} INFO - Setting next_dagrun for latest_only to 2024-06-20 00:00:00+00:00
[2024-06-22 23:26:21,989] {scheduler_job.py:190} INFO - Processing /home/airflow/.local/lib/python3.6/site-packages/airflow/example_dags/example_latest_only.py took 0.145 seconds
[2024-06-22 23:26:52,747] {scheduler_job.py:182} INFO - Started process (PID=5570) to work on /home/airflow/.local/lib/python3.6/site-packages/airflow/example_dags/example_latest_only.py
[2024-06-22 23:26:52,748] {scheduler_job.py:629} INFO - Processing file /home/airflow/.local/lib/python3.6/site-packages/airflow/example_dags/example_latest_only.py for tasks to queue
[2024-06-22 23:26:52,748] {logging_mixin.py:104} INFO - [2024-06-22 23:26:52,748] {dagbag.py:451} INFO - Filling up the DagBag from /home/airflow/.local/lib/python3.6/site-packages/airflow/example_dags/example_latest_only.py
[2024-06-22 23:26:52,754] {scheduler_job.py:639} INFO - DAG(s) dict_keys(['latest_only']) retrieved from /home/airflow/.local/lib/python3.6/site-packages/airflow/example_dags/example_latest_only.py
[2024-06-22 23:26:52,767] {logging_mixin.py:104} INFO - [2024-06-22 23:26:52,767] {dag.py:1824} INFO - Sync 1 DAGs
[2024-06-22 23:26:52,777] {logging_mixin.py:104} INFO - [2024-06-22 23:26:52,777] {dag.py:2280} INFO - Setting next_dagrun for latest_only to 2024-06-20 00:00:00+00:00
[2024-06-22 23:26:52,783] {scheduler_job.py:190} INFO - Processing /home/airflow/.local/lib/python3.6/site-packages/airflow/example_dags/example_latest_only.py took 0.038 seconds
[2024-06-22 23:27:23,704] {scheduler_job.py:182} INFO - Started process (PID=5599) to work on /home/airflow/.local/lib/python3.6/site-packages/airflow/example_dags/example_latest_only.py
[2024-06-22 23:27:23,705] {scheduler_job.py:629} INFO - Processing file /home/airflow/.local/lib/python3.6/site-packages/airflow/example_dags/example_latest_only.py for tasks to queue
[2024-06-22 23:27:23,705] {logging_mixin.py:104} INFO - [2024-06-22 23:27:23,705] {dagbag.py:451} INFO - Filling up the DagBag from /home/airflow/.local/lib/python3.6/site-packages/airflow/example_dags/example_latest_only.py
[2024-06-22 23:27:23,711] {scheduler_job.py:639} INFO - DAG(s) dict_keys(['latest_only']) retrieved from /home/airflow/.local/lib/python3.6/site-packages/airflow/example_dags/example_latest_only.py
[2024-06-22 23:27:23,722] {logging_mixin.py:104} INFO - [2024-06-22 23:27:23,722] {dag.py:1824} INFO - Sync 1 DAGs
[2024-06-22 23:27:23,731] {logging_mixin.py:104} INFO - [2024-06-22 23:27:23,731] {dag.py:2280} INFO - Setting next_dagrun for latest_only to 2024-06-20 00:00:00+00:00
[2024-06-22 23:27:23,738] {scheduler_job.py:190} INFO - Processing /home/airflow/.local/lib/python3.6/site-packages/airflow/example_dags/example_latest_only.py took 0.036 seconds
[2024-06-22 23:27:54,496] {scheduler_job.py:182} INFO - Started process (PID=5625) to work on /home/airflow/.local/lib/python3.6/site-packages/airflow/example_dags/example_latest_only.py
[2024-06-22 23:27:54,497] {scheduler_job.py:629} INFO - Processing file /home/airflow/.local/lib/python3.6/site-packages/airflow/example_dags/example_latest_only.py for tasks to queue
[2024-06-22 23:27:54,497] {logging_mixin.py:104} INFO - [2024-06-22 23:27:54,497] {dagbag.py:451} INFO - Filling up the DagBag from /home/airflow/.local/lib/python3.6/site-packages/airflow/example_dags/example_latest_only.py
[2024-06-22 23:27:54,503] {scheduler_job.py:639} INFO - DAG(s) dict_keys(['latest_only']) retrieved from /home/airflow/.local/lib/python3.6/site-packages/airflow/example_dags/example_latest_only.py
[2024-06-22 23:27:54,516] {logging_mixin.py:104} INFO - [2024-06-22 23:27:54,516] {dag.py:1824} INFO - Sync 1 DAGs
[2024-06-22 23:27:54,525] {logging_mixin.py:104} INFO - [2024-06-22 23:27:54,525] {dag.py:2280} INFO - Setting next_dagrun for latest_only to 2024-06-20 00:00:00+00:00
[2024-06-22 23:27:54,532] {scheduler_job.py:190} INFO - Processing /home/airflow/.local/lib/python3.6/site-packages/airflow/example_dags/example_latest_only.py took 0.038 seconds
[2024-06-22 23:28:25,251] {scheduler_job.py:182} INFO - Started process (PID=5651) to work on /home/airflow/.local/lib/python3.6/site-packages/airflow/example_dags/example_latest_only.py
[2024-06-22 23:28:25,252] {scheduler_job.py:629} INFO - Processing file /home/airflow/.local/lib/python3.6/site-packages/airflow/example_dags/example_latest_only.py for tasks to queue
[2024-06-22 23:28:25,252] {logging_mixin.py:104} INFO - [2024-06-22 23:28:25,252] {dagbag.py:451} INFO - Filling up the DagBag from /home/airflow/.local/lib/python3.6/site-packages/airflow/example_dags/example_latest_only.py
[2024-06-22 23:28:25,258] {scheduler_job.py:639} INFO - DAG(s) dict_keys(['latest_only']) retrieved from /home/airflow/.local/lib/python3.6/site-packages/airflow/example_dags/example_latest_only.py
[2024-06-22 23:28:25,269] {logging_mixin.py:104} INFO - [2024-06-22 23:28:25,269] {dag.py:1824} INFO - Sync 1 DAGs
[2024-06-22 23:28:25,278] {logging_mixin.py:104} INFO - [2024-06-22 23:28:25,278] {dag.py:2280} INFO - Setting next_dagrun for latest_only to 2024-06-20 00:00:00+00:00
[2024-06-22 23:28:25,288] {scheduler_job.py:190} INFO - Processing /home/airflow/.local/lib/python3.6/site-packages/airflow/example_dags/example_latest_only.py took 0.039 seconds
