[2024-06-22 00:00:19,604] {scheduler_job.py:182} INFO - Started process (PID=4257) to work on /home/airflow/.local/lib/python3.6/site-packages/airflow/example_dags/example_nested_branch_dag.py
[2024-06-22 00:00:19,605] {scheduler_job.py:629} INFO - Processing file /home/airflow/.local/lib/python3.6/site-packages/airflow/example_dags/example_nested_branch_dag.py for tasks to queue
[2024-06-22 00:00:19,605] {logging_mixin.py:104} INFO - [2024-06-22 00:00:19,605] {dagbag.py:451} INFO - Filling up the DagBag from /home/airflow/.local/lib/python3.6/site-packages/airflow/example_dags/example_nested_branch_dag.py
[2024-06-22 00:00:19,613] {scheduler_job.py:639} INFO - DAG(s) dict_keys(['example_nested_branch_dag']) retrieved from /home/airflow/.local/lib/python3.6/site-packages/airflow/example_dags/example_nested_branch_dag.py
[2024-06-22 00:00:19,627] {logging_mixin.py:104} INFO - [2024-06-22 00:00:19,627] {dag.py:1824} INFO - Sync 1 DAGs
[2024-06-22 00:00:19,638] {logging_mixin.py:104} INFO - [2024-06-22 00:00:19,638] {dag.py:2280} INFO - Setting next_dagrun for example_nested_branch_dag to 2024-06-20 00:00:00+00:00
[2024-06-22 00:00:19,645] {scheduler_job.py:190} INFO - Processing /home/airflow/.local/lib/python3.6/site-packages/airflow/example_dags/example_nested_branch_dag.py took 0.043 seconds
[2024-06-22 00:00:50,394] {scheduler_job.py:182} INFO - Started process (PID=4283) to work on /home/airflow/.local/lib/python3.6/site-packages/airflow/example_dags/example_nested_branch_dag.py
[2024-06-22 00:00:50,395] {scheduler_job.py:629} INFO - Processing file /home/airflow/.local/lib/python3.6/site-packages/airflow/example_dags/example_nested_branch_dag.py for tasks to queue
[2024-06-22 00:00:50,395] {logging_mixin.py:104} INFO - [2024-06-22 00:00:50,395] {dagbag.py:451} INFO - Filling up the DagBag from /home/airflow/.local/lib/python3.6/site-packages/airflow/example_dags/example_nested_branch_dag.py
[2024-06-22 00:00:50,404] {scheduler_job.py:639} INFO - DAG(s) dict_keys(['example_nested_branch_dag']) retrieved from /home/airflow/.local/lib/python3.6/site-packages/airflow/example_dags/example_nested_branch_dag.py
[2024-06-22 00:00:50,416] {logging_mixin.py:104} INFO - [2024-06-22 00:00:50,416] {dag.py:1824} INFO - Sync 1 DAGs
[2024-06-22 00:00:50,428] {logging_mixin.py:104} INFO - [2024-06-22 00:00:50,428] {dag.py:2280} INFO - Setting next_dagrun for example_nested_branch_dag to 2024-06-20 00:00:00+00:00
[2024-06-22 00:00:50,433] {scheduler_job.py:190} INFO - Processing /home/airflow/.local/lib/python3.6/site-packages/airflow/example_dags/example_nested_branch_dag.py took 0.041 seconds
[2024-06-22 00:01:21,164] {scheduler_job.py:182} INFO - Started process (PID=4309) to work on /home/airflow/.local/lib/python3.6/site-packages/airflow/example_dags/example_nested_branch_dag.py
[2024-06-22 00:01:21,165] {scheduler_job.py:629} INFO - Processing file /home/airflow/.local/lib/python3.6/site-packages/airflow/example_dags/example_nested_branch_dag.py for tasks to queue
[2024-06-22 00:01:21,166] {logging_mixin.py:104} INFO - [2024-06-22 00:01:21,166] {dagbag.py:451} INFO - Filling up the DagBag from /home/airflow/.local/lib/python3.6/site-packages/airflow/example_dags/example_nested_branch_dag.py
[2024-06-22 00:01:21,174] {scheduler_job.py:639} INFO - DAG(s) dict_keys(['example_nested_branch_dag']) retrieved from /home/airflow/.local/lib/python3.6/site-packages/airflow/example_dags/example_nested_branch_dag.py
[2024-06-22 00:01:21,185] {logging_mixin.py:104} INFO - [2024-06-22 00:01:21,185] {dag.py:1824} INFO - Sync 1 DAGs
[2024-06-22 00:01:21,196] {logging_mixin.py:104} INFO - [2024-06-22 00:01:21,196] {dag.py:2280} INFO - Setting next_dagrun for example_nested_branch_dag to 2024-06-20 00:00:00+00:00
[2024-06-22 00:01:21,201] {scheduler_job.py:190} INFO - Processing /home/airflow/.local/lib/python3.6/site-packages/airflow/example_dags/example_nested_branch_dag.py took 0.038 seconds
[2024-06-22 00:01:51,964] {scheduler_job.py:182} INFO - Started process (PID=4335) to work on /home/airflow/.local/lib/python3.6/site-packages/airflow/example_dags/example_nested_branch_dag.py
[2024-06-22 00:01:51,965] {scheduler_job.py:629} INFO - Processing file /home/airflow/.local/lib/python3.6/site-packages/airflow/example_dags/example_nested_branch_dag.py for tasks to queue
[2024-06-22 00:01:51,965] {logging_mixin.py:104} INFO - [2024-06-22 00:01:51,965] {dagbag.py:451} INFO - Filling up the DagBag from /home/airflow/.local/lib/python3.6/site-packages/airflow/example_dags/example_nested_branch_dag.py
[2024-06-22 00:01:51,974] {scheduler_job.py:639} INFO - DAG(s) dict_keys(['example_nested_branch_dag']) retrieved from /home/airflow/.local/lib/python3.6/site-packages/airflow/example_dags/example_nested_branch_dag.py
[2024-06-22 00:01:51,986] {logging_mixin.py:104} INFO - [2024-06-22 00:01:51,986] {dag.py:1824} INFO - Sync 1 DAGs
[2024-06-22 00:01:51,998] {logging_mixin.py:104} INFO - [2024-06-22 00:01:51,998] {dag.py:2280} INFO - Setting next_dagrun for example_nested_branch_dag to 2024-06-20 00:00:00+00:00
[2024-06-22 00:01:52,003] {scheduler_job.py:190} INFO - Processing /home/airflow/.local/lib/python3.6/site-packages/airflow/example_dags/example_nested_branch_dag.py took 0.041 seconds
[2024-06-22 00:02:22,716] {scheduler_job.py:182} INFO - Started process (PID=4361) to work on /home/airflow/.local/lib/python3.6/site-packages/airflow/example_dags/example_nested_branch_dag.py
[2024-06-22 00:02:22,717] {scheduler_job.py:629} INFO - Processing file /home/airflow/.local/lib/python3.6/site-packages/airflow/example_dags/example_nested_branch_dag.py for tasks to queue
[2024-06-22 00:02:22,717] {logging_mixin.py:104} INFO - [2024-06-22 00:02:22,717] {dagbag.py:451} INFO - Filling up the DagBag from /home/airflow/.local/lib/python3.6/site-packages/airflow/example_dags/example_nested_branch_dag.py
[2024-06-22 00:02:22,726] {scheduler_job.py:639} INFO - DAG(s) dict_keys(['example_nested_branch_dag']) retrieved from /home/airflow/.local/lib/python3.6/site-packages/airflow/example_dags/example_nested_branch_dag.py
[2024-06-22 00:02:22,738] {logging_mixin.py:104} INFO - [2024-06-22 00:02:22,738] {dag.py:1824} INFO - Sync 1 DAGs
[2024-06-22 00:02:22,749] {logging_mixin.py:104} INFO - [2024-06-22 00:02:22,749] {dag.py:2280} INFO - Setting next_dagrun for example_nested_branch_dag to 2024-06-20 00:00:00+00:00
[2024-06-22 00:02:22,754] {scheduler_job.py:190} INFO - Processing /home/airflow/.local/lib/python3.6/site-packages/airflow/example_dags/example_nested_branch_dag.py took 0.040 seconds
[2024-06-22 00:02:53,467] {scheduler_job.py:182} INFO - Started process (PID=4387) to work on /home/airflow/.local/lib/python3.6/site-packages/airflow/example_dags/example_nested_branch_dag.py
[2024-06-22 00:02:53,468] {scheduler_job.py:629} INFO - Processing file /home/airflow/.local/lib/python3.6/site-packages/airflow/example_dags/example_nested_branch_dag.py for tasks to queue
[2024-06-22 00:02:53,468] {logging_mixin.py:104} INFO - [2024-06-22 00:02:53,468] {dagbag.py:451} INFO - Filling up the DagBag from /home/airflow/.local/lib/python3.6/site-packages/airflow/example_dags/example_nested_branch_dag.py
[2024-06-22 00:02:53,477] {scheduler_job.py:639} INFO - DAG(s) dict_keys(['example_nested_branch_dag']) retrieved from /home/airflow/.local/lib/python3.6/site-packages/airflow/example_dags/example_nested_branch_dag.py
[2024-06-22 00:02:53,490] {logging_mixin.py:104} INFO - [2024-06-22 00:02:53,489] {dag.py:1824} INFO - Sync 1 DAGs
[2024-06-22 00:02:53,502] {logging_mixin.py:104} INFO - [2024-06-22 00:02:53,502] {dag.py:2280} INFO - Setting next_dagrun for example_nested_branch_dag to 2024-06-20 00:00:00+00:00
[2024-06-22 00:02:53,507] {scheduler_job.py:190} INFO - Processing /home/airflow/.local/lib/python3.6/site-packages/airflow/example_dags/example_nested_branch_dag.py took 0.042 seconds
[2024-06-22 00:03:24,172] {scheduler_job.py:182} INFO - Started process (PID=4413) to work on /home/airflow/.local/lib/python3.6/site-packages/airflow/example_dags/example_nested_branch_dag.py
[2024-06-22 00:03:24,172] {scheduler_job.py:629} INFO - Processing file /home/airflow/.local/lib/python3.6/site-packages/airflow/example_dags/example_nested_branch_dag.py for tasks to queue
[2024-06-22 00:03:24,173] {logging_mixin.py:104} INFO - [2024-06-22 00:03:24,173] {dagbag.py:451} INFO - Filling up the DagBag from /home/airflow/.local/lib/python3.6/site-packages/airflow/example_dags/example_nested_branch_dag.py
[2024-06-22 00:03:24,181] {scheduler_job.py:639} INFO - DAG(s) dict_keys(['example_nested_branch_dag']) retrieved from /home/airflow/.local/lib/python3.6/site-packages/airflow/example_dags/example_nested_branch_dag.py
[2024-06-22 00:03:24,194] {logging_mixin.py:104} INFO - [2024-06-22 00:03:24,194] {dag.py:1824} INFO - Sync 1 DAGs
[2024-06-22 00:03:24,206] {logging_mixin.py:104} INFO - [2024-06-22 00:03:24,206] {dag.py:2280} INFO - Setting next_dagrun for example_nested_branch_dag to 2024-06-20 00:00:00+00:00
[2024-06-22 00:03:24,212] {scheduler_job.py:190} INFO - Processing /home/airflow/.local/lib/python3.6/site-packages/airflow/example_dags/example_nested_branch_dag.py took 0.042 seconds
[2024-06-22 00:03:54,843] {scheduler_job.py:182} INFO - Started process (PID=4439) to work on /home/airflow/.local/lib/python3.6/site-packages/airflow/example_dags/example_nested_branch_dag.py
[2024-06-22 00:03:54,844] {scheduler_job.py:629} INFO - Processing file /home/airflow/.local/lib/python3.6/site-packages/airflow/example_dags/example_nested_branch_dag.py for tasks to queue
[2024-06-22 00:03:54,844] {logging_mixin.py:104} INFO - [2024-06-22 00:03:54,844] {dagbag.py:451} INFO - Filling up the DagBag from /home/airflow/.local/lib/python3.6/site-packages/airflow/example_dags/example_nested_branch_dag.py
[2024-06-22 00:03:54,853] {scheduler_job.py:639} INFO - DAG(s) dict_keys(['example_nested_branch_dag']) retrieved from /home/airflow/.local/lib/python3.6/site-packages/airflow/example_dags/example_nested_branch_dag.py
[2024-06-22 00:03:54,865] {logging_mixin.py:104} INFO - [2024-06-22 00:03:54,865] {dag.py:1824} INFO - Sync 1 DAGs
[2024-06-22 00:03:54,877] {logging_mixin.py:104} INFO - [2024-06-22 00:03:54,877] {dag.py:2280} INFO - Setting next_dagrun for example_nested_branch_dag to 2024-06-20 00:00:00+00:00
[2024-06-22 00:03:54,883] {scheduler_job.py:190} INFO - Processing /home/airflow/.local/lib/python3.6/site-packages/airflow/example_dags/example_nested_branch_dag.py took 0.042 seconds
[2024-06-22 00:04:25,568] {scheduler_job.py:182} INFO - Started process (PID=4465) to work on /home/airflow/.local/lib/python3.6/site-packages/airflow/example_dags/example_nested_branch_dag.py
[2024-06-22 00:04:25,569] {scheduler_job.py:629} INFO - Processing file /home/airflow/.local/lib/python3.6/site-packages/airflow/example_dags/example_nested_branch_dag.py for tasks to queue
[2024-06-22 00:04:25,569] {logging_mixin.py:104} INFO - [2024-06-22 00:04:25,569] {dagbag.py:451} INFO - Filling up the DagBag from /home/airflow/.local/lib/python3.6/site-packages/airflow/example_dags/example_nested_branch_dag.py
[2024-06-22 00:04:25,578] {scheduler_job.py:639} INFO - DAG(s) dict_keys(['example_nested_branch_dag']) retrieved from /home/airflow/.local/lib/python3.6/site-packages/airflow/example_dags/example_nested_branch_dag.py
[2024-06-22 00:04:25,589] {logging_mixin.py:104} INFO - [2024-06-22 00:04:25,589] {dag.py:1824} INFO - Sync 1 DAGs
[2024-06-22 00:04:25,601] {logging_mixin.py:104} INFO - [2024-06-22 00:04:25,601] {dag.py:2280} INFO - Setting next_dagrun for example_nested_branch_dag to 2024-06-20 00:00:00+00:00
[2024-06-22 00:04:25,606] {scheduler_job.py:190} INFO - Processing /home/airflow/.local/lib/python3.6/site-packages/airflow/example_dags/example_nested_branch_dag.py took 0.040 seconds
[2024-06-22 00:04:56,322] {scheduler_job.py:182} INFO - Started process (PID=4491) to work on /home/airflow/.local/lib/python3.6/site-packages/airflow/example_dags/example_nested_branch_dag.py
[2024-06-22 00:04:56,322] {scheduler_job.py:629} INFO - Processing file /home/airflow/.local/lib/python3.6/site-packages/airflow/example_dags/example_nested_branch_dag.py for tasks to queue
[2024-06-22 00:04:56,323] {logging_mixin.py:104} INFO - [2024-06-22 00:04:56,323] {dagbag.py:451} INFO - Filling up the DagBag from /home/airflow/.local/lib/python3.6/site-packages/airflow/example_dags/example_nested_branch_dag.py
[2024-06-22 00:04:56,331] {scheduler_job.py:639} INFO - DAG(s) dict_keys(['example_nested_branch_dag']) retrieved from /home/airflow/.local/lib/python3.6/site-packages/airflow/example_dags/example_nested_branch_dag.py
[2024-06-22 00:04:56,342] {logging_mixin.py:104} INFO - [2024-06-22 00:04:56,342] {dag.py:1824} INFO - Sync 1 DAGs
[2024-06-22 00:04:56,354] {logging_mixin.py:104} INFO - [2024-06-22 00:04:56,354] {dag.py:2280} INFO - Setting next_dagrun for example_nested_branch_dag to 2024-06-20 00:00:00+00:00
[2024-06-22 00:04:56,359] {scheduler_job.py:190} INFO - Processing /home/airflow/.local/lib/python3.6/site-packages/airflow/example_dags/example_nested_branch_dag.py took 0.039 seconds
[2024-06-22 00:05:27,083] {scheduler_job.py:182} INFO - Started process (PID=4517) to work on /home/airflow/.local/lib/python3.6/site-packages/airflow/example_dags/example_nested_branch_dag.py
[2024-06-22 00:05:27,084] {scheduler_job.py:629} INFO - Processing file /home/airflow/.local/lib/python3.6/site-packages/airflow/example_dags/example_nested_branch_dag.py for tasks to queue
[2024-06-22 00:05:27,084] {logging_mixin.py:104} INFO - [2024-06-22 00:05:27,084] {dagbag.py:451} INFO - Filling up the DagBag from /home/airflow/.local/lib/python3.6/site-packages/airflow/example_dags/example_nested_branch_dag.py
[2024-06-22 00:05:27,093] {scheduler_job.py:639} INFO - DAG(s) dict_keys(['example_nested_branch_dag']) retrieved from /home/airflow/.local/lib/python3.6/site-packages/airflow/example_dags/example_nested_branch_dag.py
[2024-06-22 00:05:27,105] {logging_mixin.py:104} INFO - [2024-06-22 00:05:27,105] {dag.py:1824} INFO - Sync 1 DAGs
[2024-06-22 00:05:27,117] {logging_mixin.py:104} INFO - [2024-06-22 00:05:27,117] {dag.py:2280} INFO - Setting next_dagrun for example_nested_branch_dag to 2024-06-20 00:00:00+00:00
[2024-06-22 00:05:27,123] {scheduler_job.py:190} INFO - Processing /home/airflow/.local/lib/python3.6/site-packages/airflow/example_dags/example_nested_branch_dag.py took 0.042 seconds
[2024-06-22 00:05:57,840] {scheduler_job.py:182} INFO - Started process (PID=4543) to work on /home/airflow/.local/lib/python3.6/site-packages/airflow/example_dags/example_nested_branch_dag.py
[2024-06-22 00:05:57,841] {scheduler_job.py:629} INFO - Processing file /home/airflow/.local/lib/python3.6/site-packages/airflow/example_dags/example_nested_branch_dag.py for tasks to queue
[2024-06-22 00:05:57,841] {logging_mixin.py:104} INFO - [2024-06-22 00:05:57,841] {dagbag.py:451} INFO - Filling up the DagBag from /home/airflow/.local/lib/python3.6/site-packages/airflow/example_dags/example_nested_branch_dag.py
[2024-06-22 00:05:57,852] {scheduler_job.py:639} INFO - DAG(s) dict_keys(['example_nested_branch_dag']) retrieved from /home/airflow/.local/lib/python3.6/site-packages/airflow/example_dags/example_nested_branch_dag.py
[2024-06-22 00:05:57,865] {logging_mixin.py:104} INFO - [2024-06-22 00:05:57,864] {dag.py:1824} INFO - Sync 1 DAGs
[2024-06-22 00:05:57,877] {logging_mixin.py:104} INFO - [2024-06-22 00:05:57,877] {dag.py:2280} INFO - Setting next_dagrun for example_nested_branch_dag to 2024-06-20 00:00:00+00:00
[2024-06-22 00:05:57,882] {scheduler_job.py:190} INFO - Processing /home/airflow/.local/lib/python3.6/site-packages/airflow/example_dags/example_nested_branch_dag.py took 0.043 seconds
[2024-06-22 00:06:28,552] {scheduler_job.py:182} INFO - Started process (PID=4569) to work on /home/airflow/.local/lib/python3.6/site-packages/airflow/example_dags/example_nested_branch_dag.py
[2024-06-22 00:06:28,553] {scheduler_job.py:629} INFO - Processing file /home/airflow/.local/lib/python3.6/site-packages/airflow/example_dags/example_nested_branch_dag.py for tasks to queue
[2024-06-22 00:06:28,554] {logging_mixin.py:104} INFO - [2024-06-22 00:06:28,554] {dagbag.py:451} INFO - Filling up the DagBag from /home/airflow/.local/lib/python3.6/site-packages/airflow/example_dags/example_nested_branch_dag.py
[2024-06-22 00:06:28,561] {scheduler_job.py:639} INFO - DAG(s) dict_keys(['example_nested_branch_dag']) retrieved from /home/airflow/.local/lib/python3.6/site-packages/airflow/example_dags/example_nested_branch_dag.py
[2024-06-22 00:06:28,572] {logging_mixin.py:104} INFO - [2024-06-22 00:06:28,572] {dag.py:1824} INFO - Sync 1 DAGs
[2024-06-22 00:06:28,584] {logging_mixin.py:104} INFO - [2024-06-22 00:06:28,584] {dag.py:2280} INFO - Setting next_dagrun for example_nested_branch_dag to 2024-06-20 00:00:00+00:00
[2024-06-22 00:06:28,589] {scheduler_job.py:190} INFO - Processing /home/airflow/.local/lib/python3.6/site-packages/airflow/example_dags/example_nested_branch_dag.py took 0.038 seconds
[2024-06-22 00:06:59,237] {scheduler_job.py:182} INFO - Started process (PID=4595) to work on /home/airflow/.local/lib/python3.6/site-packages/airflow/example_dags/example_nested_branch_dag.py
[2024-06-22 00:06:59,237] {scheduler_job.py:629} INFO - Processing file /home/airflow/.local/lib/python3.6/site-packages/airflow/example_dags/example_nested_branch_dag.py for tasks to queue
[2024-06-22 00:06:59,238] {logging_mixin.py:104} INFO - [2024-06-22 00:06:59,238] {dagbag.py:451} INFO - Filling up the DagBag from /home/airflow/.local/lib/python3.6/site-packages/airflow/example_dags/example_nested_branch_dag.py
[2024-06-22 00:06:59,246] {scheduler_job.py:639} INFO - DAG(s) dict_keys(['example_nested_branch_dag']) retrieved from /home/airflow/.local/lib/python3.6/site-packages/airflow/example_dags/example_nested_branch_dag.py
[2024-06-22 00:06:59,257] {logging_mixin.py:104} INFO - [2024-06-22 00:06:59,257] {dag.py:1824} INFO - Sync 1 DAGs
[2024-06-22 00:06:59,269] {logging_mixin.py:104} INFO - [2024-06-22 00:06:59,269] {dag.py:2280} INFO - Setting next_dagrun for example_nested_branch_dag to 2024-06-20 00:00:00+00:00
[2024-06-22 00:06:59,274] {scheduler_job.py:190} INFO - Processing /home/airflow/.local/lib/python3.6/site-packages/airflow/example_dags/example_nested_branch_dag.py took 0.039 seconds
[2024-06-22 00:07:29,905] {scheduler_job.py:182} INFO - Started process (PID=4621) to work on /home/airflow/.local/lib/python3.6/site-packages/airflow/example_dags/example_nested_branch_dag.py
[2024-06-22 00:07:29,906] {scheduler_job.py:629} INFO - Processing file /home/airflow/.local/lib/python3.6/site-packages/airflow/example_dags/example_nested_branch_dag.py for tasks to queue
[2024-06-22 00:07:29,907] {logging_mixin.py:104} INFO - [2024-06-22 00:07:29,907] {dagbag.py:451} INFO - Filling up the DagBag from /home/airflow/.local/lib/python3.6/site-packages/airflow/example_dags/example_nested_branch_dag.py
[2024-06-22 00:07:29,915] {scheduler_job.py:639} INFO - DAG(s) dict_keys(['example_nested_branch_dag']) retrieved from /home/airflow/.local/lib/python3.6/site-packages/airflow/example_dags/example_nested_branch_dag.py
[2024-06-22 00:07:29,927] {logging_mixin.py:104} INFO - [2024-06-22 00:07:29,927] {dag.py:1824} INFO - Sync 1 DAGs
[2024-06-22 00:07:29,939] {logging_mixin.py:104} INFO - [2024-06-22 00:07:29,939] {dag.py:2280} INFO - Setting next_dagrun for example_nested_branch_dag to 2024-06-20 00:00:00+00:00
[2024-06-22 00:07:29,946] {scheduler_job.py:190} INFO - Processing /home/airflow/.local/lib/python3.6/site-packages/airflow/example_dags/example_nested_branch_dag.py took 0.042 seconds
[2024-06-22 00:08:00,596] {scheduler_job.py:182} INFO - Started process (PID=4647) to work on /home/airflow/.local/lib/python3.6/site-packages/airflow/example_dags/example_nested_branch_dag.py
[2024-06-22 00:08:00,597] {scheduler_job.py:629} INFO - Processing file /home/airflow/.local/lib/python3.6/site-packages/airflow/example_dags/example_nested_branch_dag.py for tasks to queue
[2024-06-22 00:08:00,597] {logging_mixin.py:104} INFO - [2024-06-22 00:08:00,597] {dagbag.py:451} INFO - Filling up the DagBag from /home/airflow/.local/lib/python3.6/site-packages/airflow/example_dags/example_nested_branch_dag.py
[2024-06-22 00:08:00,605] {scheduler_job.py:639} INFO - DAG(s) dict_keys(['example_nested_branch_dag']) retrieved from /home/airflow/.local/lib/python3.6/site-packages/airflow/example_dags/example_nested_branch_dag.py
[2024-06-22 00:08:00,617] {logging_mixin.py:104} INFO - [2024-06-22 00:08:00,617] {dag.py:1824} INFO - Sync 1 DAGs
[2024-06-22 00:08:00,629] {logging_mixin.py:104} INFO - [2024-06-22 00:08:00,629] {dag.py:2280} INFO - Setting next_dagrun for example_nested_branch_dag to 2024-06-20 00:00:00+00:00
[2024-06-22 00:08:00,634] {scheduler_job.py:190} INFO - Processing /home/airflow/.local/lib/python3.6/site-packages/airflow/example_dags/example_nested_branch_dag.py took 0.039 seconds
[2024-06-22 00:08:31,357] {scheduler_job.py:182} INFO - Started process (PID=4673) to work on /home/airflow/.local/lib/python3.6/site-packages/airflow/example_dags/example_nested_branch_dag.py
[2024-06-22 00:08:31,358] {scheduler_job.py:629} INFO - Processing file /home/airflow/.local/lib/python3.6/site-packages/airflow/example_dags/example_nested_branch_dag.py for tasks to queue
[2024-06-22 00:08:31,359] {logging_mixin.py:104} INFO - [2024-06-22 00:08:31,358] {dagbag.py:451} INFO - Filling up the DagBag from /home/airflow/.local/lib/python3.6/site-packages/airflow/example_dags/example_nested_branch_dag.py
[2024-06-22 00:08:31,367] {scheduler_job.py:639} INFO - DAG(s) dict_keys(['example_nested_branch_dag']) retrieved from /home/airflow/.local/lib/python3.6/site-packages/airflow/example_dags/example_nested_branch_dag.py
[2024-06-22 00:08:31,380] {logging_mixin.py:104} INFO - [2024-06-22 00:08:31,380] {dag.py:1824} INFO - Sync 1 DAGs
[2024-06-22 00:08:31,392] {logging_mixin.py:104} INFO - [2024-06-22 00:08:31,392] {dag.py:2280} INFO - Setting next_dagrun for example_nested_branch_dag to 2024-06-20 00:00:00+00:00
[2024-06-22 00:08:31,397] {scheduler_job.py:190} INFO - Processing /home/airflow/.local/lib/python3.6/site-packages/airflow/example_dags/example_nested_branch_dag.py took 0.041 seconds
[2024-06-22 00:09:02,121] {scheduler_job.py:182} INFO - Started process (PID=4699) to work on /home/airflow/.local/lib/python3.6/site-packages/airflow/example_dags/example_nested_branch_dag.py
[2024-06-22 00:09:02,122] {scheduler_job.py:629} INFO - Processing file /home/airflow/.local/lib/python3.6/site-packages/airflow/example_dags/example_nested_branch_dag.py for tasks to queue
[2024-06-22 00:09:02,123] {logging_mixin.py:104} INFO - [2024-06-22 00:09:02,123] {dagbag.py:451} INFO - Filling up the DagBag from /home/airflow/.local/lib/python3.6/site-packages/airflow/example_dags/example_nested_branch_dag.py
[2024-06-22 00:09:02,131] {scheduler_job.py:639} INFO - DAG(s) dict_keys(['example_nested_branch_dag']) retrieved from /home/airflow/.local/lib/python3.6/site-packages/airflow/example_dags/example_nested_branch_dag.py
[2024-06-22 00:09:02,144] {logging_mixin.py:104} INFO - [2024-06-22 00:09:02,144] {dag.py:1824} INFO - Sync 1 DAGs
[2024-06-22 00:09:02,156] {logging_mixin.py:104} INFO - [2024-06-22 00:09:02,156] {dag.py:2280} INFO - Setting next_dagrun for example_nested_branch_dag to 2024-06-20 00:00:00+00:00
[2024-06-22 00:09:02,161] {scheduler_job.py:190} INFO - Processing /home/airflow/.local/lib/python3.6/site-packages/airflow/example_dags/example_nested_branch_dag.py took 0.041 seconds
[2024-06-22 00:09:32,864] {scheduler_job.py:182} INFO - Started process (PID=4725) to work on /home/airflow/.local/lib/python3.6/site-packages/airflow/example_dags/example_nested_branch_dag.py
[2024-06-22 00:09:32,865] {scheduler_job.py:629} INFO - Processing file /home/airflow/.local/lib/python3.6/site-packages/airflow/example_dags/example_nested_branch_dag.py for tasks to queue
[2024-06-22 00:09:32,865] {logging_mixin.py:104} INFO - [2024-06-22 00:09:32,865] {dagbag.py:451} INFO - Filling up the DagBag from /home/airflow/.local/lib/python3.6/site-packages/airflow/example_dags/example_nested_branch_dag.py
[2024-06-22 00:09:32,873] {scheduler_job.py:639} INFO - DAG(s) dict_keys(['example_nested_branch_dag']) retrieved from /home/airflow/.local/lib/python3.6/site-packages/airflow/example_dags/example_nested_branch_dag.py
[2024-06-22 00:09:32,885] {logging_mixin.py:104} INFO - [2024-06-22 00:09:32,885] {dag.py:1824} INFO - Sync 1 DAGs
[2024-06-22 00:09:32,897] {logging_mixin.py:104} INFO - [2024-06-22 00:09:32,897] {dag.py:2280} INFO - Setting next_dagrun for example_nested_branch_dag to 2024-06-20 00:00:00+00:00
[2024-06-22 00:09:32,902] {scheduler_job.py:190} INFO - Processing /home/airflow/.local/lib/python3.6/site-packages/airflow/example_dags/example_nested_branch_dag.py took 0.039 seconds
[2024-06-22 00:10:03,575] {scheduler_job.py:182} INFO - Started process (PID=4751) to work on /home/airflow/.local/lib/python3.6/site-packages/airflow/example_dags/example_nested_branch_dag.py
[2024-06-22 00:10:03,576] {scheduler_job.py:629} INFO - Processing file /home/airflow/.local/lib/python3.6/site-packages/airflow/example_dags/example_nested_branch_dag.py for tasks to queue
[2024-06-22 00:10:03,576] {logging_mixin.py:104} INFO - [2024-06-22 00:10:03,576] {dagbag.py:451} INFO - Filling up the DagBag from /home/airflow/.local/lib/python3.6/site-packages/airflow/example_dags/example_nested_branch_dag.py
[2024-06-22 00:10:03,585] {scheduler_job.py:639} INFO - DAG(s) dict_keys(['example_nested_branch_dag']) retrieved from /home/airflow/.local/lib/python3.6/site-packages/airflow/example_dags/example_nested_branch_dag.py
[2024-06-22 00:10:03,596] {logging_mixin.py:104} INFO - [2024-06-22 00:10:03,596] {dag.py:1824} INFO - Sync 1 DAGs
[2024-06-22 00:10:03,608] {logging_mixin.py:104} INFO - [2024-06-22 00:10:03,608] {dag.py:2280} INFO - Setting next_dagrun for example_nested_branch_dag to 2024-06-20 00:00:00+00:00
[2024-06-22 00:10:03,614] {scheduler_job.py:190} INFO - Processing /home/airflow/.local/lib/python3.6/site-packages/airflow/example_dags/example_nested_branch_dag.py took 0.040 seconds
[2024-06-22 00:10:34,383] {scheduler_job.py:182} INFO - Started process (PID=4777) to work on /home/airflow/.local/lib/python3.6/site-packages/airflow/example_dags/example_nested_branch_dag.py
[2024-06-22 00:10:34,384] {scheduler_job.py:629} INFO - Processing file /home/airflow/.local/lib/python3.6/site-packages/airflow/example_dags/example_nested_branch_dag.py for tasks to queue
[2024-06-22 00:10:34,385] {logging_mixin.py:104} INFO - [2024-06-22 00:10:34,385] {dagbag.py:451} INFO - Filling up the DagBag from /home/airflow/.local/lib/python3.6/site-packages/airflow/example_dags/example_nested_branch_dag.py
[2024-06-22 00:10:34,393] {scheduler_job.py:639} INFO - DAG(s) dict_keys(['example_nested_branch_dag']) retrieved from /home/airflow/.local/lib/python3.6/site-packages/airflow/example_dags/example_nested_branch_dag.py
[2024-06-22 00:10:34,406] {logging_mixin.py:104} INFO - [2024-06-22 00:10:34,406] {dag.py:1824} INFO - Sync 1 DAGs
[2024-06-22 00:10:34,418] {logging_mixin.py:104} INFO - [2024-06-22 00:10:34,418] {dag.py:2280} INFO - Setting next_dagrun for example_nested_branch_dag to 2024-06-20 00:00:00+00:00
[2024-06-22 00:10:34,423] {scheduler_job.py:190} INFO - Processing /home/airflow/.local/lib/python3.6/site-packages/airflow/example_dags/example_nested_branch_dag.py took 0.042 seconds
[2024-06-22 00:11:05,160] {scheduler_job.py:182} INFO - Started process (PID=4803) to work on /home/airflow/.local/lib/python3.6/site-packages/airflow/example_dags/example_nested_branch_dag.py
[2024-06-22 00:11:05,161] {scheduler_job.py:629} INFO - Processing file /home/airflow/.local/lib/python3.6/site-packages/airflow/example_dags/example_nested_branch_dag.py for tasks to queue
[2024-06-22 00:11:05,162] {logging_mixin.py:104} INFO - [2024-06-22 00:11:05,161] {dagbag.py:451} INFO - Filling up the DagBag from /home/airflow/.local/lib/python3.6/site-packages/airflow/example_dags/example_nested_branch_dag.py
[2024-06-22 00:11:05,170] {scheduler_job.py:639} INFO - DAG(s) dict_keys(['example_nested_branch_dag']) retrieved from /home/airflow/.local/lib/python3.6/site-packages/airflow/example_dags/example_nested_branch_dag.py
[2024-06-22 00:11:05,183] {logging_mixin.py:104} INFO - [2024-06-22 00:11:05,183] {dag.py:1824} INFO - Sync 1 DAGs
[2024-06-22 00:11:05,195] {logging_mixin.py:104} INFO - [2024-06-22 00:11:05,195] {dag.py:2280} INFO - Setting next_dagrun for example_nested_branch_dag to 2024-06-20 00:00:00+00:00
[2024-06-22 00:11:05,201] {scheduler_job.py:190} INFO - Processing /home/airflow/.local/lib/python3.6/site-packages/airflow/example_dags/example_nested_branch_dag.py took 0.042 seconds
[2024-06-22 00:11:35,926] {scheduler_job.py:182} INFO - Started process (PID=4829) to work on /home/airflow/.local/lib/python3.6/site-packages/airflow/example_dags/example_nested_branch_dag.py
[2024-06-22 00:11:35,927] {scheduler_job.py:629} INFO - Processing file /home/airflow/.local/lib/python3.6/site-packages/airflow/example_dags/example_nested_branch_dag.py for tasks to queue
[2024-06-22 00:11:35,928] {logging_mixin.py:104} INFO - [2024-06-22 00:11:35,928] {dagbag.py:451} INFO - Filling up the DagBag from /home/airflow/.local/lib/python3.6/site-packages/airflow/example_dags/example_nested_branch_dag.py
[2024-06-22 00:11:35,936] {scheduler_job.py:639} INFO - DAG(s) dict_keys(['example_nested_branch_dag']) retrieved from /home/airflow/.local/lib/python3.6/site-packages/airflow/example_dags/example_nested_branch_dag.py
[2024-06-22 00:11:35,951] {logging_mixin.py:104} INFO - [2024-06-22 00:11:35,951] {dag.py:1824} INFO - Sync 1 DAGs
[2024-06-22 00:11:35,963] {logging_mixin.py:104} INFO - [2024-06-22 00:11:35,963] {dag.py:2280} INFO - Setting next_dagrun for example_nested_branch_dag to 2024-06-20 00:00:00+00:00
[2024-06-22 00:11:35,968] {scheduler_job.py:190} INFO - Processing /home/airflow/.local/lib/python3.6/site-packages/airflow/example_dags/example_nested_branch_dag.py took 0.044 seconds
[2024-06-22 00:12:06,663] {scheduler_job.py:182} INFO - Started process (PID=4855) to work on /home/airflow/.local/lib/python3.6/site-packages/airflow/example_dags/example_nested_branch_dag.py
[2024-06-22 00:12:06,663] {scheduler_job.py:629} INFO - Processing file /home/airflow/.local/lib/python3.6/site-packages/airflow/example_dags/example_nested_branch_dag.py for tasks to queue
[2024-06-22 00:12:06,664] {logging_mixin.py:104} INFO - [2024-06-22 00:12:06,664] {dagbag.py:451} INFO - Filling up the DagBag from /home/airflow/.local/lib/python3.6/site-packages/airflow/example_dags/example_nested_branch_dag.py
[2024-06-22 00:12:06,672] {scheduler_job.py:639} INFO - DAG(s) dict_keys(['example_nested_branch_dag']) retrieved from /home/airflow/.local/lib/python3.6/site-packages/airflow/example_dags/example_nested_branch_dag.py
[2024-06-22 00:12:06,683] {logging_mixin.py:104} INFO - [2024-06-22 00:12:06,683] {dag.py:1824} INFO - Sync 1 DAGs
[2024-06-22 00:12:06,695] {logging_mixin.py:104} INFO - [2024-06-22 00:12:06,695] {dag.py:2280} INFO - Setting next_dagrun for example_nested_branch_dag to 2024-06-20 00:00:00+00:00
[2024-06-22 00:12:06,700] {scheduler_job.py:190} INFO - Processing /home/airflow/.local/lib/python3.6/site-packages/airflow/example_dags/example_nested_branch_dag.py took 0.039 seconds
[2024-06-22 00:12:37,415] {scheduler_job.py:182} INFO - Started process (PID=4881) to work on /home/airflow/.local/lib/python3.6/site-packages/airflow/example_dags/example_nested_branch_dag.py
[2024-06-22 00:12:37,416] {scheduler_job.py:629} INFO - Processing file /home/airflow/.local/lib/python3.6/site-packages/airflow/example_dags/example_nested_branch_dag.py for tasks to queue
[2024-06-22 00:12:37,416] {logging_mixin.py:104} INFO - [2024-06-22 00:12:37,416] {dagbag.py:451} INFO - Filling up the DagBag from /home/airflow/.local/lib/python3.6/site-packages/airflow/example_dags/example_nested_branch_dag.py
[2024-06-22 00:12:37,425] {scheduler_job.py:639} INFO - DAG(s) dict_keys(['example_nested_branch_dag']) retrieved from /home/airflow/.local/lib/python3.6/site-packages/airflow/example_dags/example_nested_branch_dag.py
[2024-06-22 00:12:37,437] {logging_mixin.py:104} INFO - [2024-06-22 00:12:37,437] {dag.py:1824} INFO - Sync 1 DAGs
[2024-06-22 00:12:37,450] {logging_mixin.py:104} INFO - [2024-06-22 00:12:37,450] {dag.py:2280} INFO - Setting next_dagrun for example_nested_branch_dag to 2024-06-20 00:00:00+00:00
[2024-06-22 00:12:37,455] {scheduler_job.py:190} INFO - Processing /home/airflow/.local/lib/python3.6/site-packages/airflow/example_dags/example_nested_branch_dag.py took 0.042 seconds
[2024-06-22 00:13:08,236] {scheduler_job.py:182} INFO - Started process (PID=4907) to work on /home/airflow/.local/lib/python3.6/site-packages/airflow/example_dags/example_nested_branch_dag.py
[2024-06-22 00:13:08,237] {scheduler_job.py:629} INFO - Processing file /home/airflow/.local/lib/python3.6/site-packages/airflow/example_dags/example_nested_branch_dag.py for tasks to queue
[2024-06-22 00:13:08,238] {logging_mixin.py:104} INFO - [2024-06-22 00:13:08,238] {dagbag.py:451} INFO - Filling up the DagBag from /home/airflow/.local/lib/python3.6/site-packages/airflow/example_dags/example_nested_branch_dag.py
[2024-06-22 00:13:08,246] {scheduler_job.py:639} INFO - DAG(s) dict_keys(['example_nested_branch_dag']) retrieved from /home/airflow/.local/lib/python3.6/site-packages/airflow/example_dags/example_nested_branch_dag.py
[2024-06-22 00:13:08,259] {logging_mixin.py:104} INFO - [2024-06-22 00:13:08,259] {dag.py:1824} INFO - Sync 1 DAGs
[2024-06-22 00:13:08,271] {logging_mixin.py:104} INFO - [2024-06-22 00:13:08,271] {dag.py:2280} INFO - Setting next_dagrun for example_nested_branch_dag to 2024-06-20 00:00:00+00:00
[2024-06-22 00:13:08,276] {scheduler_job.py:190} INFO - Processing /home/airflow/.local/lib/python3.6/site-packages/airflow/example_dags/example_nested_branch_dag.py took 0.041 seconds
[2024-06-22 00:13:38,951] {scheduler_job.py:182} INFO - Started process (PID=4933) to work on /home/airflow/.local/lib/python3.6/site-packages/airflow/example_dags/example_nested_branch_dag.py
[2024-06-22 00:13:38,952] {scheduler_job.py:629} INFO - Processing file /home/airflow/.local/lib/python3.6/site-packages/airflow/example_dags/example_nested_branch_dag.py for tasks to queue
[2024-06-22 00:13:38,952] {logging_mixin.py:104} INFO - [2024-06-22 00:13:38,952] {dagbag.py:451} INFO - Filling up the DagBag from /home/airflow/.local/lib/python3.6/site-packages/airflow/example_dags/example_nested_branch_dag.py
[2024-06-22 00:13:38,961] {scheduler_job.py:639} INFO - DAG(s) dict_keys(['example_nested_branch_dag']) retrieved from /home/airflow/.local/lib/python3.6/site-packages/airflow/example_dags/example_nested_branch_dag.py
[2024-06-22 00:13:38,972] {logging_mixin.py:104} INFO - [2024-06-22 00:13:38,972] {dag.py:1824} INFO - Sync 1 DAGs
[2024-06-22 00:13:38,984] {logging_mixin.py:104} INFO - [2024-06-22 00:13:38,984] {dag.py:2280} INFO - Setting next_dagrun for example_nested_branch_dag to 2024-06-20 00:00:00+00:00
[2024-06-22 00:13:38,989] {scheduler_job.py:190} INFO - Processing /home/airflow/.local/lib/python3.6/site-packages/airflow/example_dags/example_nested_branch_dag.py took 0.040 seconds
[2024-06-22 00:14:09,686] {scheduler_job.py:182} INFO - Started process (PID=4959) to work on /home/airflow/.local/lib/python3.6/site-packages/airflow/example_dags/example_nested_branch_dag.py
[2024-06-22 00:14:09,687] {scheduler_job.py:629} INFO - Processing file /home/airflow/.local/lib/python3.6/site-packages/airflow/example_dags/example_nested_branch_dag.py for tasks to queue
[2024-06-22 00:14:09,687] {logging_mixin.py:104} INFO - [2024-06-22 00:14:09,687] {dagbag.py:451} INFO - Filling up the DagBag from /home/airflow/.local/lib/python3.6/site-packages/airflow/example_dags/example_nested_branch_dag.py
[2024-06-22 00:14:09,696] {scheduler_job.py:639} INFO - DAG(s) dict_keys(['example_nested_branch_dag']) retrieved from /home/airflow/.local/lib/python3.6/site-packages/airflow/example_dags/example_nested_branch_dag.py
[2024-06-22 00:14:09,708] {logging_mixin.py:104} INFO - [2024-06-22 00:14:09,708] {dag.py:1824} INFO - Sync 1 DAGs
[2024-06-22 00:14:09,721] {logging_mixin.py:104} INFO - [2024-06-22 00:14:09,721] {dag.py:2280} INFO - Setting next_dagrun for example_nested_branch_dag to 2024-06-20 00:00:00+00:00
[2024-06-22 00:14:09,726] {scheduler_job.py:190} INFO - Processing /home/airflow/.local/lib/python3.6/site-packages/airflow/example_dags/example_nested_branch_dag.py took 0.042 seconds
[2024-06-22 00:14:40,482] {scheduler_job.py:182} INFO - Started process (PID=4985) to work on /home/airflow/.local/lib/python3.6/site-packages/airflow/example_dags/example_nested_branch_dag.py
[2024-06-22 00:14:40,483] {scheduler_job.py:629} INFO - Processing file /home/airflow/.local/lib/python3.6/site-packages/airflow/example_dags/example_nested_branch_dag.py for tasks to queue
[2024-06-22 00:14:40,483] {logging_mixin.py:104} INFO - [2024-06-22 00:14:40,483] {dagbag.py:451} INFO - Filling up the DagBag from /home/airflow/.local/lib/python3.6/site-packages/airflow/example_dags/example_nested_branch_dag.py
[2024-06-22 00:14:40,492] {scheduler_job.py:639} INFO - DAG(s) dict_keys(['example_nested_branch_dag']) retrieved from /home/airflow/.local/lib/python3.6/site-packages/airflow/example_dags/example_nested_branch_dag.py
[2024-06-22 00:14:40,504] {logging_mixin.py:104} INFO - [2024-06-22 00:14:40,504] {dag.py:1824} INFO - Sync 1 DAGs
[2024-06-22 00:14:40,517] {logging_mixin.py:104} INFO - [2024-06-22 00:14:40,517] {dag.py:2280} INFO - Setting next_dagrun for example_nested_branch_dag to 2024-06-20 00:00:00+00:00
[2024-06-22 00:14:40,523] {scheduler_job.py:190} INFO - Processing /home/airflow/.local/lib/python3.6/site-packages/airflow/example_dags/example_nested_branch_dag.py took 0.042 seconds
[2024-06-22 00:15:11,257] {scheduler_job.py:182} INFO - Started process (PID=5011) to work on /home/airflow/.local/lib/python3.6/site-packages/airflow/example_dags/example_nested_branch_dag.py
[2024-06-22 00:15:11,257] {scheduler_job.py:629} INFO - Processing file /home/airflow/.local/lib/python3.6/site-packages/airflow/example_dags/example_nested_branch_dag.py for tasks to queue
[2024-06-22 00:15:11,258] {logging_mixin.py:104} INFO - [2024-06-22 00:15:11,258] {dagbag.py:451} INFO - Filling up the DagBag from /home/airflow/.local/lib/python3.6/site-packages/airflow/example_dags/example_nested_branch_dag.py
[2024-06-22 00:15:11,266] {scheduler_job.py:639} INFO - DAG(s) dict_keys(['example_nested_branch_dag']) retrieved from /home/airflow/.local/lib/python3.6/site-packages/airflow/example_dags/example_nested_branch_dag.py
[2024-06-22 00:15:11,277] {logging_mixin.py:104} INFO - [2024-06-22 00:15:11,277] {dag.py:1824} INFO - Sync 1 DAGs
[2024-06-22 00:15:11,289] {logging_mixin.py:104} INFO - [2024-06-22 00:15:11,289] {dag.py:2280} INFO - Setting next_dagrun for example_nested_branch_dag to 2024-06-20 00:00:00+00:00
[2024-06-22 00:15:11,294] {scheduler_job.py:190} INFO - Processing /home/airflow/.local/lib/python3.6/site-packages/airflow/example_dags/example_nested_branch_dag.py took 0.039 seconds
[2024-06-22 00:15:41,992] {scheduler_job.py:182} INFO - Started process (PID=5037) to work on /home/airflow/.local/lib/python3.6/site-packages/airflow/example_dags/example_nested_branch_dag.py
[2024-06-22 00:15:41,993] {scheduler_job.py:629} INFO - Processing file /home/airflow/.local/lib/python3.6/site-packages/airflow/example_dags/example_nested_branch_dag.py for tasks to queue
[2024-06-22 00:15:41,994] {logging_mixin.py:104} INFO - [2024-06-22 00:15:41,994] {dagbag.py:451} INFO - Filling up the DagBag from /home/airflow/.local/lib/python3.6/site-packages/airflow/example_dags/example_nested_branch_dag.py
[2024-06-22 00:15:42,003] {scheduler_job.py:639} INFO - DAG(s) dict_keys(['example_nested_branch_dag']) retrieved from /home/airflow/.local/lib/python3.6/site-packages/airflow/example_dags/example_nested_branch_dag.py
[2024-06-22 00:15:42,016] {logging_mixin.py:104} INFO - [2024-06-22 00:15:42,016] {dag.py:1824} INFO - Sync 1 DAGs
[2024-06-22 00:15:42,028] {logging_mixin.py:104} INFO - [2024-06-22 00:15:42,028] {dag.py:2280} INFO - Setting next_dagrun for example_nested_branch_dag to 2024-06-20 00:00:00+00:00
[2024-06-22 00:15:42,033] {scheduler_job.py:190} INFO - Processing /home/airflow/.local/lib/python3.6/site-packages/airflow/example_dags/example_nested_branch_dag.py took 0.042 seconds
[2024-06-22 00:16:12,782] {scheduler_job.py:182} INFO - Started process (PID=5063) to work on /home/airflow/.local/lib/python3.6/site-packages/airflow/example_dags/example_nested_branch_dag.py
[2024-06-22 00:16:12,783] {scheduler_job.py:629} INFO - Processing file /home/airflow/.local/lib/python3.6/site-packages/airflow/example_dags/example_nested_branch_dag.py for tasks to queue
[2024-06-22 00:16:12,784] {logging_mixin.py:104} INFO - [2024-06-22 00:16:12,784] {dagbag.py:451} INFO - Filling up the DagBag from /home/airflow/.local/lib/python3.6/site-packages/airflow/example_dags/example_nested_branch_dag.py
[2024-06-22 00:16:12,792] {scheduler_job.py:639} INFO - DAG(s) dict_keys(['example_nested_branch_dag']) retrieved from /home/airflow/.local/lib/python3.6/site-packages/airflow/example_dags/example_nested_branch_dag.py
[2024-06-22 00:16:12,803] {logging_mixin.py:104} INFO - [2024-06-22 00:16:12,803] {dag.py:1824} INFO - Sync 1 DAGs
[2024-06-22 00:16:12,815] {logging_mixin.py:104} INFO - [2024-06-22 00:16:12,815] {dag.py:2280} INFO - Setting next_dagrun for example_nested_branch_dag to 2024-06-20 00:00:00+00:00
[2024-06-22 00:16:12,820] {scheduler_job.py:190} INFO - Processing /home/airflow/.local/lib/python3.6/site-packages/airflow/example_dags/example_nested_branch_dag.py took 0.040 seconds
[2024-06-22 00:16:43,540] {scheduler_job.py:182} INFO - Started process (PID=5089) to work on /home/airflow/.local/lib/python3.6/site-packages/airflow/example_dags/example_nested_branch_dag.py
[2024-06-22 00:16:43,541] {scheduler_job.py:629} INFO - Processing file /home/airflow/.local/lib/python3.6/site-packages/airflow/example_dags/example_nested_branch_dag.py for tasks to queue
[2024-06-22 00:16:43,541] {logging_mixin.py:104} INFO - [2024-06-22 00:16:43,541] {dagbag.py:451} INFO - Filling up the DagBag from /home/airflow/.local/lib/python3.6/site-packages/airflow/example_dags/example_nested_branch_dag.py
[2024-06-22 00:16:43,550] {scheduler_job.py:639} INFO - DAG(s) dict_keys(['example_nested_branch_dag']) retrieved from /home/airflow/.local/lib/python3.6/site-packages/airflow/example_dags/example_nested_branch_dag.py
[2024-06-22 00:16:43,563] {logging_mixin.py:104} INFO - [2024-06-22 00:16:43,563] {dag.py:1824} INFO - Sync 1 DAGs
[2024-06-22 00:16:43,575] {logging_mixin.py:104} INFO - [2024-06-22 00:16:43,575] {dag.py:2280} INFO - Setting next_dagrun for example_nested_branch_dag to 2024-06-20 00:00:00+00:00
[2024-06-22 00:16:43,580] {scheduler_job.py:190} INFO - Processing /home/airflow/.local/lib/python3.6/site-packages/airflow/example_dags/example_nested_branch_dag.py took 0.042 seconds
[2024-06-22 00:17:14,301] {scheduler_job.py:182} INFO - Started process (PID=5115) to work on /home/airflow/.local/lib/python3.6/site-packages/airflow/example_dags/example_nested_branch_dag.py
[2024-06-22 00:17:14,302] {scheduler_job.py:629} INFO - Processing file /home/airflow/.local/lib/python3.6/site-packages/airflow/example_dags/example_nested_branch_dag.py for tasks to queue
[2024-06-22 00:17:14,302] {logging_mixin.py:104} INFO - [2024-06-22 00:17:14,302] {dagbag.py:451} INFO - Filling up the DagBag from /home/airflow/.local/lib/python3.6/site-packages/airflow/example_dags/example_nested_branch_dag.py
[2024-06-22 00:17:14,311] {scheduler_job.py:639} INFO - DAG(s) dict_keys(['example_nested_branch_dag']) retrieved from /home/airflow/.local/lib/python3.6/site-packages/airflow/example_dags/example_nested_branch_dag.py
[2024-06-22 00:17:14,324] {logging_mixin.py:104} INFO - [2024-06-22 00:17:14,323] {dag.py:1824} INFO - Sync 1 DAGs
[2024-06-22 00:17:14,335] {logging_mixin.py:104} INFO - [2024-06-22 00:17:14,335] {dag.py:2280} INFO - Setting next_dagrun for example_nested_branch_dag to 2024-06-20 00:00:00+00:00
[2024-06-22 00:17:14,340] {scheduler_job.py:190} INFO - Processing /home/airflow/.local/lib/python3.6/site-packages/airflow/example_dags/example_nested_branch_dag.py took 0.041 seconds
[2024-06-22 00:17:45,091] {scheduler_job.py:182} INFO - Started process (PID=5141) to work on /home/airflow/.local/lib/python3.6/site-packages/airflow/example_dags/example_nested_branch_dag.py
[2024-06-22 00:17:45,092] {scheduler_job.py:629} INFO - Processing file /home/airflow/.local/lib/python3.6/site-packages/airflow/example_dags/example_nested_branch_dag.py for tasks to queue
[2024-06-22 00:17:45,092] {logging_mixin.py:104} INFO - [2024-06-22 00:17:45,092] {dagbag.py:451} INFO - Filling up the DagBag from /home/airflow/.local/lib/python3.6/site-packages/airflow/example_dags/example_nested_branch_dag.py
[2024-06-22 00:17:45,100] {scheduler_job.py:639} INFO - DAG(s) dict_keys(['example_nested_branch_dag']) retrieved from /home/airflow/.local/lib/python3.6/site-packages/airflow/example_dags/example_nested_branch_dag.py
[2024-06-22 00:17:45,113] {logging_mixin.py:104} INFO - [2024-06-22 00:17:45,113] {dag.py:1824} INFO - Sync 1 DAGs
[2024-06-22 00:17:45,125] {logging_mixin.py:104} INFO - [2024-06-22 00:17:45,125] {dag.py:2280} INFO - Setting next_dagrun for example_nested_branch_dag to 2024-06-20 00:00:00+00:00
[2024-06-22 00:17:45,131] {scheduler_job.py:190} INFO - Processing /home/airflow/.local/lib/python3.6/site-packages/airflow/example_dags/example_nested_branch_dag.py took 0.042 seconds
[2024-06-22 00:18:15,857] {scheduler_job.py:182} INFO - Started process (PID=5167) to work on /home/airflow/.local/lib/python3.6/site-packages/airflow/example_dags/example_nested_branch_dag.py
[2024-06-22 00:18:15,858] {scheduler_job.py:629} INFO - Processing file /home/airflow/.local/lib/python3.6/site-packages/airflow/example_dags/example_nested_branch_dag.py for tasks to queue
[2024-06-22 00:18:15,858] {logging_mixin.py:104} INFO - [2024-06-22 00:18:15,858] {dagbag.py:451} INFO - Filling up the DagBag from /home/airflow/.local/lib/python3.6/site-packages/airflow/example_dags/example_nested_branch_dag.py
[2024-06-22 00:18:15,867] {scheduler_job.py:639} INFO - DAG(s) dict_keys(['example_nested_branch_dag']) retrieved from /home/airflow/.local/lib/python3.6/site-packages/airflow/example_dags/example_nested_branch_dag.py
[2024-06-22 00:18:15,879] {logging_mixin.py:104} INFO - [2024-06-22 00:18:15,879] {dag.py:1824} INFO - Sync 1 DAGs
[2024-06-22 00:18:15,891] {logging_mixin.py:104} INFO - [2024-06-22 00:18:15,891] {dag.py:2280} INFO - Setting next_dagrun for example_nested_branch_dag to 2024-06-20 00:00:00+00:00
[2024-06-22 00:18:15,896] {scheduler_job.py:190} INFO - Processing /home/airflow/.local/lib/python3.6/site-packages/airflow/example_dags/example_nested_branch_dag.py took 0.041 seconds
[2024-06-22 00:18:46,613] {scheduler_job.py:182} INFO - Started process (PID=5193) to work on /home/airflow/.local/lib/python3.6/site-packages/airflow/example_dags/example_nested_branch_dag.py
[2024-06-22 00:18:46,614] {scheduler_job.py:629} INFO - Processing file /home/airflow/.local/lib/python3.6/site-packages/airflow/example_dags/example_nested_branch_dag.py for tasks to queue
[2024-06-22 00:18:46,614] {logging_mixin.py:104} INFO - [2024-06-22 00:18:46,614] {dagbag.py:451} INFO - Filling up the DagBag from /home/airflow/.local/lib/python3.6/site-packages/airflow/example_dags/example_nested_branch_dag.py
[2024-06-22 00:18:46,622] {scheduler_job.py:639} INFO - DAG(s) dict_keys(['example_nested_branch_dag']) retrieved from /home/airflow/.local/lib/python3.6/site-packages/airflow/example_dags/example_nested_branch_dag.py
[2024-06-22 00:18:46,635] {logging_mixin.py:104} INFO - [2024-06-22 00:18:46,635] {dag.py:1824} INFO - Sync 1 DAGs
[2024-06-22 00:18:46,647] {logging_mixin.py:104} INFO - [2024-06-22 00:18:46,647] {dag.py:2280} INFO - Setting next_dagrun for example_nested_branch_dag to 2024-06-20 00:00:00+00:00
[2024-06-22 00:18:46,652] {scheduler_job.py:190} INFO - Processing /home/airflow/.local/lib/python3.6/site-packages/airflow/example_dags/example_nested_branch_dag.py took 0.041 seconds
[2024-06-22 00:19:17,388] {scheduler_job.py:182} INFO - Started process (PID=5219) to work on /home/airflow/.local/lib/python3.6/site-packages/airflow/example_dags/example_nested_branch_dag.py
[2024-06-22 00:19:17,388] {scheduler_job.py:629} INFO - Processing file /home/airflow/.local/lib/python3.6/site-packages/airflow/example_dags/example_nested_branch_dag.py for tasks to queue
[2024-06-22 00:19:17,389] {logging_mixin.py:104} INFO - [2024-06-22 00:19:17,389] {dagbag.py:451} INFO - Filling up the DagBag from /home/airflow/.local/lib/python3.6/site-packages/airflow/example_dags/example_nested_branch_dag.py
[2024-06-22 00:19:17,397] {scheduler_job.py:639} INFO - DAG(s) dict_keys(['example_nested_branch_dag']) retrieved from /home/airflow/.local/lib/python3.6/site-packages/airflow/example_dags/example_nested_branch_dag.py
[2024-06-22 00:19:17,410] {logging_mixin.py:104} INFO - [2024-06-22 00:19:17,410] {dag.py:1824} INFO - Sync 1 DAGs
[2024-06-22 00:19:17,422] {logging_mixin.py:104} INFO - [2024-06-22 00:19:17,422] {dag.py:2280} INFO - Setting next_dagrun for example_nested_branch_dag to 2024-06-20 00:00:00+00:00
[2024-06-22 00:19:17,427] {scheduler_job.py:190} INFO - Processing /home/airflow/.local/lib/python3.6/site-packages/airflow/example_dags/example_nested_branch_dag.py took 0.041 seconds
[2024-06-22 00:19:48,155] {scheduler_job.py:182} INFO - Started process (PID=5245) to work on /home/airflow/.local/lib/python3.6/site-packages/airflow/example_dags/example_nested_branch_dag.py
[2024-06-22 00:19:48,156] {scheduler_job.py:629} INFO - Processing file /home/airflow/.local/lib/python3.6/site-packages/airflow/example_dags/example_nested_branch_dag.py for tasks to queue
[2024-06-22 00:19:48,156] {logging_mixin.py:104} INFO - [2024-06-22 00:19:48,156] {dagbag.py:451} INFO - Filling up the DagBag from /home/airflow/.local/lib/python3.6/site-packages/airflow/example_dags/example_nested_branch_dag.py
[2024-06-22 00:19:48,164] {scheduler_job.py:639} INFO - DAG(s) dict_keys(['example_nested_branch_dag']) retrieved from /home/airflow/.local/lib/python3.6/site-packages/airflow/example_dags/example_nested_branch_dag.py
[2024-06-22 00:19:48,177] {logging_mixin.py:104} INFO - [2024-06-22 00:19:48,177] {dag.py:1824} INFO - Sync 1 DAGs
[2024-06-22 00:19:48,189] {logging_mixin.py:104} INFO - [2024-06-22 00:19:48,189] {dag.py:2280} INFO - Setting next_dagrun for example_nested_branch_dag to 2024-06-20 00:00:00+00:00
[2024-06-22 00:19:48,194] {scheduler_job.py:190} INFO - Processing /home/airflow/.local/lib/python3.6/site-packages/airflow/example_dags/example_nested_branch_dag.py took 0.041 seconds
[2024-06-22 00:20:18,850] {scheduler_job.py:182} INFO - Started process (PID=5271) to work on /home/airflow/.local/lib/python3.6/site-packages/airflow/example_dags/example_nested_branch_dag.py
[2024-06-22 00:20:18,851] {scheduler_job.py:629} INFO - Processing file /home/airflow/.local/lib/python3.6/site-packages/airflow/example_dags/example_nested_branch_dag.py for tasks to queue
[2024-06-22 00:20:18,852] {logging_mixin.py:104} INFO - [2024-06-22 00:20:18,852] {dagbag.py:451} INFO - Filling up the DagBag from /home/airflow/.local/lib/python3.6/site-packages/airflow/example_dags/example_nested_branch_dag.py
[2024-06-22 00:20:18,860] {scheduler_job.py:639} INFO - DAG(s) dict_keys(['example_nested_branch_dag']) retrieved from /home/airflow/.local/lib/python3.6/site-packages/airflow/example_dags/example_nested_branch_dag.py
[2024-06-22 00:20:18,871] {logging_mixin.py:104} INFO - [2024-06-22 00:20:18,871] {dag.py:1824} INFO - Sync 1 DAGs
[2024-06-22 00:20:18,883] {logging_mixin.py:104} INFO - [2024-06-22 00:20:18,883] {dag.py:2280} INFO - Setting next_dagrun for example_nested_branch_dag to 2024-06-20 00:00:00+00:00
[2024-06-22 00:20:18,888] {scheduler_job.py:190} INFO - Processing /home/airflow/.local/lib/python3.6/site-packages/airflow/example_dags/example_nested_branch_dag.py took 0.039 seconds
[2024-06-22 00:20:49,583] {scheduler_job.py:182} INFO - Started process (PID=5297) to work on /home/airflow/.local/lib/python3.6/site-packages/airflow/example_dags/example_nested_branch_dag.py
[2024-06-22 00:20:49,584] {scheduler_job.py:629} INFO - Processing file /home/airflow/.local/lib/python3.6/site-packages/airflow/example_dags/example_nested_branch_dag.py for tasks to queue
[2024-06-22 00:20:49,584] {logging_mixin.py:104} INFO - [2024-06-22 00:20:49,584] {dagbag.py:451} INFO - Filling up the DagBag from /home/airflow/.local/lib/python3.6/site-packages/airflow/example_dags/example_nested_branch_dag.py
[2024-06-22 00:20:49,593] {scheduler_job.py:639} INFO - DAG(s) dict_keys(['example_nested_branch_dag']) retrieved from /home/airflow/.local/lib/python3.6/site-packages/airflow/example_dags/example_nested_branch_dag.py
[2024-06-22 00:20:49,605] {logging_mixin.py:104} INFO - [2024-06-22 00:20:49,605] {dag.py:1824} INFO - Sync 1 DAGs
[2024-06-22 00:20:49,617] {logging_mixin.py:104} INFO - [2024-06-22 00:20:49,617] {dag.py:2280} INFO - Setting next_dagrun for example_nested_branch_dag to 2024-06-20 00:00:00+00:00
[2024-06-22 00:20:49,622] {scheduler_job.py:190} INFO - Processing /home/airflow/.local/lib/python3.6/site-packages/airflow/example_dags/example_nested_branch_dag.py took 0.041 seconds
[2024-06-22 00:21:20,290] {scheduler_job.py:182} INFO - Started process (PID=5323) to work on /home/airflow/.local/lib/python3.6/site-packages/airflow/example_dags/example_nested_branch_dag.py
[2024-06-22 00:21:20,291] {scheduler_job.py:629} INFO - Processing file /home/airflow/.local/lib/python3.6/site-packages/airflow/example_dags/example_nested_branch_dag.py for tasks to queue
[2024-06-22 00:21:20,291] {logging_mixin.py:104} INFO - [2024-06-22 00:21:20,291] {dagbag.py:451} INFO - Filling up the DagBag from /home/airflow/.local/lib/python3.6/site-packages/airflow/example_dags/example_nested_branch_dag.py
[2024-06-22 00:21:20,299] {scheduler_job.py:639} INFO - DAG(s) dict_keys(['example_nested_branch_dag']) retrieved from /home/airflow/.local/lib/python3.6/site-packages/airflow/example_dags/example_nested_branch_dag.py
[2024-06-22 00:21:20,311] {logging_mixin.py:104} INFO - [2024-06-22 00:21:20,311] {dag.py:1824} INFO - Sync 1 DAGs
[2024-06-22 00:21:20,323] {logging_mixin.py:104} INFO - [2024-06-22 00:21:20,323] {dag.py:2280} INFO - Setting next_dagrun for example_nested_branch_dag to 2024-06-20 00:00:00+00:00
[2024-06-22 00:21:20,328] {scheduler_job.py:190} INFO - Processing /home/airflow/.local/lib/python3.6/site-packages/airflow/example_dags/example_nested_branch_dag.py took 0.040 seconds
[2024-06-22 00:21:51,033] {scheduler_job.py:182} INFO - Started process (PID=5349) to work on /home/airflow/.local/lib/python3.6/site-packages/airflow/example_dags/example_nested_branch_dag.py
[2024-06-22 00:21:51,034] {scheduler_job.py:629} INFO - Processing file /home/airflow/.local/lib/python3.6/site-packages/airflow/example_dags/example_nested_branch_dag.py for tasks to queue
[2024-06-22 00:21:51,034] {logging_mixin.py:104} INFO - [2024-06-22 00:21:51,034] {dagbag.py:451} INFO - Filling up the DagBag from /home/airflow/.local/lib/python3.6/site-packages/airflow/example_dags/example_nested_branch_dag.py
[2024-06-22 00:21:51,043] {scheduler_job.py:639} INFO - DAG(s) dict_keys(['example_nested_branch_dag']) retrieved from /home/airflow/.local/lib/python3.6/site-packages/airflow/example_dags/example_nested_branch_dag.py
[2024-06-22 00:21:51,055] {logging_mixin.py:104} INFO - [2024-06-22 00:21:51,055] {dag.py:1824} INFO - Sync 1 DAGs
[2024-06-22 00:21:51,066] {logging_mixin.py:104} INFO - [2024-06-22 00:21:51,066] {dag.py:2280} INFO - Setting next_dagrun for example_nested_branch_dag to 2024-06-20 00:00:00+00:00
[2024-06-22 00:21:51,073] {scheduler_job.py:190} INFO - Processing /home/airflow/.local/lib/python3.6/site-packages/airflow/example_dags/example_nested_branch_dag.py took 0.041 seconds
[2024-06-22 00:22:21,739] {scheduler_job.py:182} INFO - Started process (PID=5375) to work on /home/airflow/.local/lib/python3.6/site-packages/airflow/example_dags/example_nested_branch_dag.py
[2024-06-22 00:22:21,739] {scheduler_job.py:629} INFO - Processing file /home/airflow/.local/lib/python3.6/site-packages/airflow/example_dags/example_nested_branch_dag.py for tasks to queue
[2024-06-22 00:22:21,740] {logging_mixin.py:104} INFO - [2024-06-22 00:22:21,740] {dagbag.py:451} INFO - Filling up the DagBag from /home/airflow/.local/lib/python3.6/site-packages/airflow/example_dags/example_nested_branch_dag.py
[2024-06-22 00:22:21,748] {scheduler_job.py:639} INFO - DAG(s) dict_keys(['example_nested_branch_dag']) retrieved from /home/airflow/.local/lib/python3.6/site-packages/airflow/example_dags/example_nested_branch_dag.py
[2024-06-22 00:22:21,759] {logging_mixin.py:104} INFO - [2024-06-22 00:22:21,759] {dag.py:1824} INFO - Sync 1 DAGs
[2024-06-22 00:22:21,770] {logging_mixin.py:104} INFO - [2024-06-22 00:22:21,770] {dag.py:2280} INFO - Setting next_dagrun for example_nested_branch_dag to 2024-06-20 00:00:00+00:00
[2024-06-22 00:22:21,776] {scheduler_job.py:190} INFO - Processing /home/airflow/.local/lib/python3.6/site-packages/airflow/example_dags/example_nested_branch_dag.py took 0.039 seconds
[2024-06-22 00:22:52,441] {scheduler_job.py:182} INFO - Started process (PID=5401) to work on /home/airflow/.local/lib/python3.6/site-packages/airflow/example_dags/example_nested_branch_dag.py
[2024-06-22 00:22:52,442] {scheduler_job.py:629} INFO - Processing file /home/airflow/.local/lib/python3.6/site-packages/airflow/example_dags/example_nested_branch_dag.py for tasks to queue
[2024-06-22 00:22:52,442] {logging_mixin.py:104} INFO - [2024-06-22 00:22:52,442] {dagbag.py:451} INFO - Filling up the DagBag from /home/airflow/.local/lib/python3.6/site-packages/airflow/example_dags/example_nested_branch_dag.py
[2024-06-22 00:22:52,451] {scheduler_job.py:639} INFO - DAG(s) dict_keys(['example_nested_branch_dag']) retrieved from /home/airflow/.local/lib/python3.6/site-packages/airflow/example_dags/example_nested_branch_dag.py
[2024-06-22 00:22:52,462] {logging_mixin.py:104} INFO - [2024-06-22 00:22:52,462] {dag.py:1824} INFO - Sync 1 DAGs
[2024-06-22 00:22:52,477] {logging_mixin.py:104} INFO - [2024-06-22 00:22:52,477] {dag.py:2280} INFO - Setting next_dagrun for example_nested_branch_dag to 2024-06-20 00:00:00+00:00
[2024-06-22 00:22:52,483] {scheduler_job.py:190} INFO - Processing /home/airflow/.local/lib/python3.6/site-packages/airflow/example_dags/example_nested_branch_dag.py took 0.044 seconds
[2024-06-22 00:23:23,252] {scheduler_job.py:182} INFO - Started process (PID=5427) to work on /home/airflow/.local/lib/python3.6/site-packages/airflow/example_dags/example_nested_branch_dag.py
[2024-06-22 00:23:23,253] {scheduler_job.py:629} INFO - Processing file /home/airflow/.local/lib/python3.6/site-packages/airflow/example_dags/example_nested_branch_dag.py for tasks to queue
[2024-06-22 00:23:23,254] {logging_mixin.py:104} INFO - [2024-06-22 00:23:23,254] {dagbag.py:451} INFO - Filling up the DagBag from /home/airflow/.local/lib/python3.6/site-packages/airflow/example_dags/example_nested_branch_dag.py
[2024-06-22 00:23:23,262] {scheduler_job.py:639} INFO - DAG(s) dict_keys(['example_nested_branch_dag']) retrieved from /home/airflow/.local/lib/python3.6/site-packages/airflow/example_dags/example_nested_branch_dag.py
[2024-06-22 00:23:23,274] {logging_mixin.py:104} INFO - [2024-06-22 00:23:23,274] {dag.py:1824} INFO - Sync 1 DAGs
[2024-06-22 00:23:23,285] {logging_mixin.py:104} INFO - [2024-06-22 00:23:23,285] {dag.py:2280} INFO - Setting next_dagrun for example_nested_branch_dag to 2024-06-20 00:00:00+00:00
[2024-06-22 00:23:23,290] {scheduler_job.py:190} INFO - Processing /home/airflow/.local/lib/python3.6/site-packages/airflow/example_dags/example_nested_branch_dag.py took 0.040 seconds
[2024-06-22 00:23:54,023] {scheduler_job.py:182} INFO - Started process (PID=5453) to work on /home/airflow/.local/lib/python3.6/site-packages/airflow/example_dags/example_nested_branch_dag.py
[2024-06-22 00:23:54,023] {scheduler_job.py:629} INFO - Processing file /home/airflow/.local/lib/python3.6/site-packages/airflow/example_dags/example_nested_branch_dag.py for tasks to queue
[2024-06-22 00:23:54,024] {logging_mixin.py:104} INFO - [2024-06-22 00:23:54,024] {dagbag.py:451} INFO - Filling up the DagBag from /home/airflow/.local/lib/python3.6/site-packages/airflow/example_dags/example_nested_branch_dag.py
[2024-06-22 00:23:54,032] {scheduler_job.py:639} INFO - DAG(s) dict_keys(['example_nested_branch_dag']) retrieved from /home/airflow/.local/lib/python3.6/site-packages/airflow/example_dags/example_nested_branch_dag.py
[2024-06-22 00:23:54,045] {logging_mixin.py:104} INFO - [2024-06-22 00:23:54,044] {dag.py:1824} INFO - Sync 1 DAGs
[2024-06-22 00:23:54,056] {logging_mixin.py:104} INFO - [2024-06-22 00:23:54,056] {dag.py:2280} INFO - Setting next_dagrun for example_nested_branch_dag to 2024-06-20 00:00:00+00:00
[2024-06-22 00:23:54,061] {scheduler_job.py:190} INFO - Processing /home/airflow/.local/lib/python3.6/site-packages/airflow/example_dags/example_nested_branch_dag.py took 0.040 seconds
[2024-06-22 00:24:24,855] {scheduler_job.py:182} INFO - Started process (PID=5479) to work on /home/airflow/.local/lib/python3.6/site-packages/airflow/example_dags/example_nested_branch_dag.py
[2024-06-22 00:24:24,855] {scheduler_job.py:629} INFO - Processing file /home/airflow/.local/lib/python3.6/site-packages/airflow/example_dags/example_nested_branch_dag.py for tasks to queue
[2024-06-22 00:24:24,856] {logging_mixin.py:104} INFO - [2024-06-22 00:24:24,856] {dagbag.py:451} INFO - Filling up the DagBag from /home/airflow/.local/lib/python3.6/site-packages/airflow/example_dags/example_nested_branch_dag.py
[2024-06-22 00:24:24,864] {scheduler_job.py:639} INFO - DAG(s) dict_keys(['example_nested_branch_dag']) retrieved from /home/airflow/.local/lib/python3.6/site-packages/airflow/example_dags/example_nested_branch_dag.py
[2024-06-22 00:24:24,877] {logging_mixin.py:104} INFO - [2024-06-22 00:24:24,877] {dag.py:1824} INFO - Sync 1 DAGs
[2024-06-22 00:24:24,889] {logging_mixin.py:104} INFO - [2024-06-22 00:24:24,889] {dag.py:2280} INFO - Setting next_dagrun for example_nested_branch_dag to 2024-06-20 00:00:00+00:00
[2024-06-22 00:24:24,895] {scheduler_job.py:190} INFO - Processing /home/airflow/.local/lib/python3.6/site-packages/airflow/example_dags/example_nested_branch_dag.py took 0.042 seconds
[2024-06-22 00:24:55,629] {scheduler_job.py:182} INFO - Started process (PID=5505) to work on /home/airflow/.local/lib/python3.6/site-packages/airflow/example_dags/example_nested_branch_dag.py
[2024-06-22 00:24:55,630] {scheduler_job.py:629} INFO - Processing file /home/airflow/.local/lib/python3.6/site-packages/airflow/example_dags/example_nested_branch_dag.py for tasks to queue
[2024-06-22 00:24:55,630] {logging_mixin.py:104} INFO - [2024-06-22 00:24:55,630] {dagbag.py:451} INFO - Filling up the DagBag from /home/airflow/.local/lib/python3.6/site-packages/airflow/example_dags/example_nested_branch_dag.py
[2024-06-22 00:24:55,639] {scheduler_job.py:639} INFO - DAG(s) dict_keys(['example_nested_branch_dag']) retrieved from /home/airflow/.local/lib/python3.6/site-packages/airflow/example_dags/example_nested_branch_dag.py
[2024-06-22 00:24:55,650] {logging_mixin.py:104} INFO - [2024-06-22 00:24:55,650] {dag.py:1824} INFO - Sync 1 DAGs
[2024-06-22 00:24:55,662] {logging_mixin.py:104} INFO - [2024-06-22 00:24:55,662] {dag.py:2280} INFO - Setting next_dagrun for example_nested_branch_dag to 2024-06-20 00:00:00+00:00
[2024-06-22 00:24:55,667] {scheduler_job.py:190} INFO - Processing /home/airflow/.local/lib/python3.6/site-packages/airflow/example_dags/example_nested_branch_dag.py took 0.040 seconds
[2024-06-22 23:26:20,440] {scheduler_job.py:182} INFO - Started process (PID=5531) to work on /home/airflow/.local/lib/python3.6/site-packages/airflow/example_dags/example_nested_branch_dag.py
[2024-06-22 23:26:20,465] {scheduler_job.py:629} INFO - Processing file /home/airflow/.local/lib/python3.6/site-packages/airflow/example_dags/example_nested_branch_dag.py for tasks to queue
[2024-06-22 23:26:20,470] {logging_mixin.py:104} INFO - [2024-06-22 23:26:20,469] {dagbag.py:451} INFO - Filling up the DagBag from /home/airflow/.local/lib/python3.6/site-packages/airflow/example_dags/example_nested_branch_dag.py
[2024-06-22 23:26:20,495] {scheduler_job.py:639} INFO - DAG(s) dict_keys(['example_nested_branch_dag']) retrieved from /home/airflow/.local/lib/python3.6/site-packages/airflow/example_dags/example_nested_branch_dag.py
[2024-06-22 23:26:20,552] {logging_mixin.py:104} INFO - [2024-06-22 23:26:20,552] {dag.py:1824} INFO - Sync 1 DAGs
[2024-06-22 23:26:20,615] {logging_mixin.py:104} INFO - [2024-06-22 23:26:20,615] {dag.py:2280} INFO - Setting next_dagrun for example_nested_branch_dag to 2024-06-20 00:00:00+00:00
[2024-06-22 23:26:20,690] {scheduler_job.py:190} INFO - Processing /home/airflow/.local/lib/python3.6/site-packages/airflow/example_dags/example_nested_branch_dag.py took 0.253 seconds
[2024-06-22 23:26:51,459] {scheduler_job.py:182} INFO - Started process (PID=5560) to work on /home/airflow/.local/lib/python3.6/site-packages/airflow/example_dags/example_nested_branch_dag.py
[2024-06-22 23:26:51,460] {scheduler_job.py:629} INFO - Processing file /home/airflow/.local/lib/python3.6/site-packages/airflow/example_dags/example_nested_branch_dag.py for tasks to queue
[2024-06-22 23:26:51,460] {logging_mixin.py:104} INFO - [2024-06-22 23:26:51,460] {dagbag.py:451} INFO - Filling up the DagBag from /home/airflow/.local/lib/python3.6/site-packages/airflow/example_dags/example_nested_branch_dag.py
[2024-06-22 23:26:51,469] {scheduler_job.py:639} INFO - DAG(s) dict_keys(['example_nested_branch_dag']) retrieved from /home/airflow/.local/lib/python3.6/site-packages/airflow/example_dags/example_nested_branch_dag.py
[2024-06-22 23:26:51,482] {logging_mixin.py:104} INFO - [2024-06-22 23:26:51,482] {dag.py:1824} INFO - Sync 1 DAGs
[2024-06-22 23:26:51,495] {logging_mixin.py:104} INFO - [2024-06-22 23:26:51,495] {dag.py:2280} INFO - Setting next_dagrun for example_nested_branch_dag to 2024-06-20 00:00:00+00:00
[2024-06-22 23:26:51,502] {scheduler_job.py:190} INFO - Processing /home/airflow/.local/lib/python3.6/site-packages/airflow/example_dags/example_nested_branch_dag.py took 0.045 seconds
[2024-06-22 23:27:22,323] {scheduler_job.py:182} INFO - Started process (PID=5586) to work on /home/airflow/.local/lib/python3.6/site-packages/airflow/example_dags/example_nested_branch_dag.py
[2024-06-22 23:27:22,324] {scheduler_job.py:629} INFO - Processing file /home/airflow/.local/lib/python3.6/site-packages/airflow/example_dags/example_nested_branch_dag.py for tasks to queue
[2024-06-22 23:27:22,325] {logging_mixin.py:104} INFO - [2024-06-22 23:27:22,324] {dagbag.py:451} INFO - Filling up the DagBag from /home/airflow/.local/lib/python3.6/site-packages/airflow/example_dags/example_nested_branch_dag.py
[2024-06-22 23:27:22,333] {scheduler_job.py:639} INFO - DAG(s) dict_keys(['example_nested_branch_dag']) retrieved from /home/airflow/.local/lib/python3.6/site-packages/airflow/example_dags/example_nested_branch_dag.py
[2024-06-22 23:27:22,346] {logging_mixin.py:104} INFO - [2024-06-22 23:27:22,346] {dag.py:1824} INFO - Sync 1 DAGs
[2024-06-22 23:27:22,359] {logging_mixin.py:104} INFO - [2024-06-22 23:27:22,359] {dag.py:2280} INFO - Setting next_dagrun for example_nested_branch_dag to 2024-06-20 00:00:00+00:00
[2024-06-22 23:27:22,366] {scheduler_job.py:190} INFO - Processing /home/airflow/.local/lib/python3.6/site-packages/airflow/example_dags/example_nested_branch_dag.py took 0.044 seconds
[2024-06-22 23:27:53,105] {scheduler_job.py:182} INFO - Started process (PID=5612) to work on /home/airflow/.local/lib/python3.6/site-packages/airflow/example_dags/example_nested_branch_dag.py
[2024-06-22 23:27:53,106] {scheduler_job.py:629} INFO - Processing file /home/airflow/.local/lib/python3.6/site-packages/airflow/example_dags/example_nested_branch_dag.py for tasks to queue
[2024-06-22 23:27:53,106] {logging_mixin.py:104} INFO - [2024-06-22 23:27:53,106] {dagbag.py:451} INFO - Filling up the DagBag from /home/airflow/.local/lib/python3.6/site-packages/airflow/example_dags/example_nested_branch_dag.py
[2024-06-22 23:27:53,114] {scheduler_job.py:639} INFO - DAG(s) dict_keys(['example_nested_branch_dag']) retrieved from /home/airflow/.local/lib/python3.6/site-packages/airflow/example_dags/example_nested_branch_dag.py
[2024-06-22 23:27:53,127] {logging_mixin.py:104} INFO - [2024-06-22 23:27:53,127] {dag.py:1824} INFO - Sync 1 DAGs
[2024-06-22 23:27:53,139] {logging_mixin.py:104} INFO - [2024-06-22 23:27:53,139] {dag.py:2280} INFO - Setting next_dagrun for example_nested_branch_dag to 2024-06-20 00:00:00+00:00
[2024-06-22 23:27:53,146] {scheduler_job.py:190} INFO - Processing /home/airflow/.local/lib/python3.6/site-packages/airflow/example_dags/example_nested_branch_dag.py took 0.043 seconds
[2024-06-22 23:28:23,928] {scheduler_job.py:182} INFO - Started process (PID=5638) to work on /home/airflow/.local/lib/python3.6/site-packages/airflow/example_dags/example_nested_branch_dag.py
[2024-06-22 23:28:23,928] {scheduler_job.py:629} INFO - Processing file /home/airflow/.local/lib/python3.6/site-packages/airflow/example_dags/example_nested_branch_dag.py for tasks to queue
[2024-06-22 23:28:23,929] {logging_mixin.py:104} INFO - [2024-06-22 23:28:23,929] {dagbag.py:451} INFO - Filling up the DagBag from /home/airflow/.local/lib/python3.6/site-packages/airflow/example_dags/example_nested_branch_dag.py
[2024-06-22 23:28:23,937] {scheduler_job.py:639} INFO - DAG(s) dict_keys(['example_nested_branch_dag']) retrieved from /home/airflow/.local/lib/python3.6/site-packages/airflow/example_dags/example_nested_branch_dag.py
[2024-06-22 23:28:23,950] {logging_mixin.py:104} INFO - [2024-06-22 23:28:23,950] {dag.py:1824} INFO - Sync 1 DAGs
[2024-06-22 23:28:23,961] {logging_mixin.py:104} INFO - [2024-06-22 23:28:23,961] {dag.py:2280} INFO - Setting next_dagrun for example_nested_branch_dag to 2024-06-20 00:00:00+00:00
[2024-06-22 23:28:23,968] {scheduler_job.py:190} INFO - Processing /home/airflow/.local/lib/python3.6/site-packages/airflow/example_dags/example_nested_branch_dag.py took 0.042 seconds
