[2024-06-22 00:00:19,864] {scheduler_job.py:182} INFO - Started process (PID=4267) to work on /home/airflow/.local/lib/python3.6/site-packages/airflow/example_dags/example_dag_decorator.py
[2024-06-22 00:00:19,865] {scheduler_job.py:629} INFO - Processing file /home/airflow/.local/lib/python3.6/site-packages/airflow/example_dags/example_dag_decorator.py for tasks to queue
[2024-06-22 00:00:19,865] {logging_mixin.py:104} INFO - [2024-06-22 00:00:19,865] {dagbag.py:451} INFO - Filling up the DagBag from /home/airflow/.local/lib/python3.6/site-packages/airflow/example_dags/example_dag_decorator.py
[2024-06-22 00:00:19,874] {scheduler_job.py:639} INFO - DAG(s) dict_keys(['example_dag_decorator']) retrieved from /home/airflow/.local/lib/python3.6/site-packages/airflow/example_dags/example_dag_decorator.py
[2024-06-22 00:00:19,889] {logging_mixin.py:104} INFO - [2024-06-22 00:00:19,889] {dag.py:1824} INFO - Sync 1 DAGs
[2024-06-22 00:00:19,898] {logging_mixin.py:104} INFO - [2024-06-22 00:00:19,898] {dag.py:2280} INFO - Setting next_dagrun for example_dag_decorator to None
[2024-06-22 00:00:19,904] {scheduler_job.py:190} INFO - Processing /home/airflow/.local/lib/python3.6/site-packages/airflow/example_dags/example_dag_decorator.py took 0.042 seconds
[2024-06-22 00:00:50,677] {scheduler_job.py:182} INFO - Started process (PID=4293) to work on /home/airflow/.local/lib/python3.6/site-packages/airflow/example_dags/example_dag_decorator.py
[2024-06-22 00:00:50,678] {scheduler_job.py:629} INFO - Processing file /home/airflow/.local/lib/python3.6/site-packages/airflow/example_dags/example_dag_decorator.py for tasks to queue
[2024-06-22 00:00:50,679] {logging_mixin.py:104} INFO - [2024-06-22 00:00:50,679] {dagbag.py:451} INFO - Filling up the DagBag from /home/airflow/.local/lib/python3.6/site-packages/airflow/example_dags/example_dag_decorator.py
[2024-06-22 00:00:50,688] {scheduler_job.py:639} INFO - DAG(s) dict_keys(['example_dag_decorator']) retrieved from /home/airflow/.local/lib/python3.6/site-packages/airflow/example_dags/example_dag_decorator.py
[2024-06-22 00:00:50,701] {logging_mixin.py:104} INFO - [2024-06-22 00:00:50,701] {dag.py:1824} INFO - Sync 1 DAGs
[2024-06-22 00:00:50,709] {logging_mixin.py:104} INFO - [2024-06-22 00:00:50,709] {dag.py:2280} INFO - Setting next_dagrun for example_dag_decorator to None
[2024-06-22 00:00:50,715] {scheduler_job.py:190} INFO - Processing /home/airflow/.local/lib/python3.6/site-packages/airflow/example_dags/example_dag_decorator.py took 0.039 seconds
[2024-06-22 00:01:21,425] {scheduler_job.py:182} INFO - Started process (PID=4319) to work on /home/airflow/.local/lib/python3.6/site-packages/airflow/example_dags/example_dag_decorator.py
[2024-06-22 00:01:21,426] {scheduler_job.py:629} INFO - Processing file /home/airflow/.local/lib/python3.6/site-packages/airflow/example_dags/example_dag_decorator.py for tasks to queue
[2024-06-22 00:01:21,427] {logging_mixin.py:104} INFO - [2024-06-22 00:01:21,427] {dagbag.py:451} INFO - Filling up the DagBag from /home/airflow/.local/lib/python3.6/site-packages/airflow/example_dags/example_dag_decorator.py
[2024-06-22 00:01:21,435] {scheduler_job.py:639} INFO - DAG(s) dict_keys(['example_dag_decorator']) retrieved from /home/airflow/.local/lib/python3.6/site-packages/airflow/example_dags/example_dag_decorator.py
[2024-06-22 00:01:21,447] {logging_mixin.py:104} INFO - [2024-06-22 00:01:21,447] {dag.py:1824} INFO - Sync 1 DAGs
[2024-06-22 00:01:21,455] {logging_mixin.py:104} INFO - [2024-06-22 00:01:21,455] {dag.py:2280} INFO - Setting next_dagrun for example_dag_decorator to None
[2024-06-22 00:01:21,460] {scheduler_job.py:190} INFO - Processing /home/airflow/.local/lib/python3.6/site-packages/airflow/example_dags/example_dag_decorator.py took 0.037 seconds
[2024-06-22 00:01:52,234] {scheduler_job.py:182} INFO - Started process (PID=4345) to work on /home/airflow/.local/lib/python3.6/site-packages/airflow/example_dags/example_dag_decorator.py
[2024-06-22 00:01:52,235] {scheduler_job.py:629} INFO - Processing file /home/airflow/.local/lib/python3.6/site-packages/airflow/example_dags/example_dag_decorator.py for tasks to queue
[2024-06-22 00:01:52,236] {logging_mixin.py:104} INFO - [2024-06-22 00:01:52,236] {dagbag.py:451} INFO - Filling up the DagBag from /home/airflow/.local/lib/python3.6/site-packages/airflow/example_dags/example_dag_decorator.py
[2024-06-22 00:01:52,244] {scheduler_job.py:639} INFO - DAG(s) dict_keys(['example_dag_decorator']) retrieved from /home/airflow/.local/lib/python3.6/site-packages/airflow/example_dags/example_dag_decorator.py
[2024-06-22 00:01:52,260] {logging_mixin.py:104} INFO - [2024-06-22 00:01:52,260] {dag.py:1824} INFO - Sync 1 DAGs
[2024-06-22 00:01:52,268] {logging_mixin.py:104} INFO - [2024-06-22 00:01:52,268] {dag.py:2280} INFO - Setting next_dagrun for example_dag_decorator to None
[2024-06-22 00:01:52,275] {scheduler_job.py:190} INFO - Processing /home/airflow/.local/lib/python3.6/site-packages/airflow/example_dags/example_dag_decorator.py took 0.042 seconds
[2024-06-22 00:02:22,979] {scheduler_job.py:182} INFO - Started process (PID=4371) to work on /home/airflow/.local/lib/python3.6/site-packages/airflow/example_dags/example_dag_decorator.py
[2024-06-22 00:02:22,980] {scheduler_job.py:629} INFO - Processing file /home/airflow/.local/lib/python3.6/site-packages/airflow/example_dags/example_dag_decorator.py for tasks to queue
[2024-06-22 00:02:22,980] {logging_mixin.py:104} INFO - [2024-06-22 00:02:22,980] {dagbag.py:451} INFO - Filling up the DagBag from /home/airflow/.local/lib/python3.6/site-packages/airflow/example_dags/example_dag_decorator.py
[2024-06-22 00:02:22,989] {scheduler_job.py:639} INFO - DAG(s) dict_keys(['example_dag_decorator']) retrieved from /home/airflow/.local/lib/python3.6/site-packages/airflow/example_dags/example_dag_decorator.py
[2024-06-22 00:02:23,003] {logging_mixin.py:104} INFO - [2024-06-22 00:02:23,003] {dag.py:1824} INFO - Sync 1 DAGs
[2024-06-22 00:02:23,011] {logging_mixin.py:104} INFO - [2024-06-22 00:02:23,011] {dag.py:2280} INFO - Setting next_dagrun for example_dag_decorator to None
[2024-06-22 00:02:23,018] {scheduler_job.py:190} INFO - Processing /home/airflow/.local/lib/python3.6/site-packages/airflow/example_dags/example_dag_decorator.py took 0.040 seconds
[2024-06-22 00:02:53,730] {scheduler_job.py:182} INFO - Started process (PID=4397) to work on /home/airflow/.local/lib/python3.6/site-packages/airflow/example_dags/example_dag_decorator.py
[2024-06-22 00:02:53,731] {scheduler_job.py:629} INFO - Processing file /home/airflow/.local/lib/python3.6/site-packages/airflow/example_dags/example_dag_decorator.py for tasks to queue
[2024-06-22 00:02:53,732] {logging_mixin.py:104} INFO - [2024-06-22 00:02:53,732] {dagbag.py:451} INFO - Filling up the DagBag from /home/airflow/.local/lib/python3.6/site-packages/airflow/example_dags/example_dag_decorator.py
[2024-06-22 00:02:53,741] {scheduler_job.py:639} INFO - DAG(s) dict_keys(['example_dag_decorator']) retrieved from /home/airflow/.local/lib/python3.6/site-packages/airflow/example_dags/example_dag_decorator.py
[2024-06-22 00:02:53,754] {logging_mixin.py:104} INFO - [2024-06-22 00:02:53,754] {dag.py:1824} INFO - Sync 1 DAGs
[2024-06-22 00:02:53,763] {logging_mixin.py:104} INFO - [2024-06-22 00:02:53,762] {dag.py:2280} INFO - Setting next_dagrun for example_dag_decorator to None
[2024-06-22 00:02:53,769] {scheduler_job.py:190} INFO - Processing /home/airflow/.local/lib/python3.6/site-packages/airflow/example_dags/example_dag_decorator.py took 0.040 seconds
[2024-06-22 00:03:24,410] {scheduler_job.py:182} INFO - Started process (PID=4423) to work on /home/airflow/.local/lib/python3.6/site-packages/airflow/example_dags/example_dag_decorator.py
[2024-06-22 00:03:24,410] {scheduler_job.py:629} INFO - Processing file /home/airflow/.local/lib/python3.6/site-packages/airflow/example_dags/example_dag_decorator.py for tasks to queue
[2024-06-22 00:03:24,411] {logging_mixin.py:104} INFO - [2024-06-22 00:03:24,411] {dagbag.py:451} INFO - Filling up the DagBag from /home/airflow/.local/lib/python3.6/site-packages/airflow/example_dags/example_dag_decorator.py
[2024-06-22 00:03:24,420] {scheduler_job.py:639} INFO - DAG(s) dict_keys(['example_dag_decorator']) retrieved from /home/airflow/.local/lib/python3.6/site-packages/airflow/example_dags/example_dag_decorator.py
[2024-06-22 00:03:24,436] {logging_mixin.py:104} INFO - [2024-06-22 00:03:24,435] {dag.py:1824} INFO - Sync 1 DAGs
[2024-06-22 00:03:24,444] {logging_mixin.py:104} INFO - [2024-06-22 00:03:24,444] {dag.py:2280} INFO - Setting next_dagrun for example_dag_decorator to None
[2024-06-22 00:03:24,451] {scheduler_job.py:190} INFO - Processing /home/airflow/.local/lib/python3.6/site-packages/airflow/example_dags/example_dag_decorator.py took 0.043 seconds
[2024-06-22 00:03:55,109] {scheduler_job.py:182} INFO - Started process (PID=4449) to work on /home/airflow/.local/lib/python3.6/site-packages/airflow/example_dags/example_dag_decorator.py
[2024-06-22 00:03:55,110] {scheduler_job.py:629} INFO - Processing file /home/airflow/.local/lib/python3.6/site-packages/airflow/example_dags/example_dag_decorator.py for tasks to queue
[2024-06-22 00:03:55,111] {logging_mixin.py:104} INFO - [2024-06-22 00:03:55,110] {dagbag.py:451} INFO - Filling up the DagBag from /home/airflow/.local/lib/python3.6/site-packages/airflow/example_dags/example_dag_decorator.py
[2024-06-22 00:03:55,120] {scheduler_job.py:639} INFO - DAG(s) dict_keys(['example_dag_decorator']) retrieved from /home/airflow/.local/lib/python3.6/site-packages/airflow/example_dags/example_dag_decorator.py
[2024-06-22 00:03:55,134] {logging_mixin.py:104} INFO - [2024-06-22 00:03:55,134] {dag.py:1824} INFO - Sync 1 DAGs
[2024-06-22 00:03:55,142] {logging_mixin.py:104} INFO - [2024-06-22 00:03:55,142] {dag.py:2280} INFO - Setting next_dagrun for example_dag_decorator to None
[2024-06-22 00:03:55,149] {scheduler_job.py:190} INFO - Processing /home/airflow/.local/lib/python3.6/site-packages/airflow/example_dags/example_dag_decorator.py took 0.041 seconds
[2024-06-22 00:04:25,832] {scheduler_job.py:182} INFO - Started process (PID=4475) to work on /home/airflow/.local/lib/python3.6/site-packages/airflow/example_dags/example_dag_decorator.py
[2024-06-22 00:04:25,832] {scheduler_job.py:629} INFO - Processing file /home/airflow/.local/lib/python3.6/site-packages/airflow/example_dags/example_dag_decorator.py for tasks to queue
[2024-06-22 00:04:25,833] {logging_mixin.py:104} INFO - [2024-06-22 00:04:25,833] {dagbag.py:451} INFO - Filling up the DagBag from /home/airflow/.local/lib/python3.6/site-packages/airflow/example_dags/example_dag_decorator.py
[2024-06-22 00:04:25,841] {scheduler_job.py:639} INFO - DAG(s) dict_keys(['example_dag_decorator']) retrieved from /home/airflow/.local/lib/python3.6/site-packages/airflow/example_dags/example_dag_decorator.py
[2024-06-22 00:04:25,855] {logging_mixin.py:104} INFO - [2024-06-22 00:04:25,855] {dag.py:1824} INFO - Sync 1 DAGs
[2024-06-22 00:04:25,863] {logging_mixin.py:104} INFO - [2024-06-22 00:04:25,863] {dag.py:2280} INFO - Setting next_dagrun for example_dag_decorator to None
[2024-06-22 00:04:25,869] {scheduler_job.py:190} INFO - Processing /home/airflow/.local/lib/python3.6/site-packages/airflow/example_dags/example_dag_decorator.py took 0.039 seconds
[2024-06-22 00:04:56,584] {scheduler_job.py:182} INFO - Started process (PID=4501) to work on /home/airflow/.local/lib/python3.6/site-packages/airflow/example_dags/example_dag_decorator.py
[2024-06-22 00:04:56,585] {scheduler_job.py:629} INFO - Processing file /home/airflow/.local/lib/python3.6/site-packages/airflow/example_dags/example_dag_decorator.py for tasks to queue
[2024-06-22 00:04:56,586] {logging_mixin.py:104} INFO - [2024-06-22 00:04:56,586] {dagbag.py:451} INFO - Filling up the DagBag from /home/airflow/.local/lib/python3.6/site-packages/airflow/example_dags/example_dag_decorator.py
[2024-06-22 00:04:56,594] {scheduler_job.py:639} INFO - DAG(s) dict_keys(['example_dag_decorator']) retrieved from /home/airflow/.local/lib/python3.6/site-packages/airflow/example_dags/example_dag_decorator.py
[2024-06-22 00:04:56,608] {logging_mixin.py:104} INFO - [2024-06-22 00:04:56,608] {dag.py:1824} INFO - Sync 1 DAGs
[2024-06-22 00:04:56,617] {logging_mixin.py:104} INFO - [2024-06-22 00:04:56,617] {dag.py:2280} INFO - Setting next_dagrun for example_dag_decorator to None
[2024-06-22 00:04:56,623] {scheduler_job.py:190} INFO - Processing /home/airflow/.local/lib/python3.6/site-packages/airflow/example_dags/example_dag_decorator.py took 0.040 seconds
[2024-06-22 00:05:27,361] {scheduler_job.py:182} INFO - Started process (PID=4527) to work on /home/airflow/.local/lib/python3.6/site-packages/airflow/example_dags/example_dag_decorator.py
[2024-06-22 00:05:27,361] {scheduler_job.py:629} INFO - Processing file /home/airflow/.local/lib/python3.6/site-packages/airflow/example_dags/example_dag_decorator.py for tasks to queue
[2024-06-22 00:05:27,362] {logging_mixin.py:104} INFO - [2024-06-22 00:05:27,362] {dagbag.py:451} INFO - Filling up the DagBag from /home/airflow/.local/lib/python3.6/site-packages/airflow/example_dags/example_dag_decorator.py
[2024-06-22 00:05:27,371] {scheduler_job.py:639} INFO - DAG(s) dict_keys(['example_dag_decorator']) retrieved from /home/airflow/.local/lib/python3.6/site-packages/airflow/example_dags/example_dag_decorator.py
[2024-06-22 00:05:27,385] {logging_mixin.py:104} INFO - [2024-06-22 00:05:27,385] {dag.py:1824} INFO - Sync 1 DAGs
[2024-06-22 00:05:27,394] {logging_mixin.py:104} INFO - [2024-06-22 00:05:27,394] {dag.py:2280} INFO - Setting next_dagrun for example_dag_decorator to None
[2024-06-22 00:05:27,400] {scheduler_job.py:190} INFO - Processing /home/airflow/.local/lib/python3.6/site-packages/airflow/example_dags/example_dag_decorator.py took 0.041 seconds
[2024-06-22 00:05:58,108] {scheduler_job.py:182} INFO - Started process (PID=4553) to work on /home/airflow/.local/lib/python3.6/site-packages/airflow/example_dags/example_dag_decorator.py
[2024-06-22 00:05:58,109] {scheduler_job.py:629} INFO - Processing file /home/airflow/.local/lib/python3.6/site-packages/airflow/example_dags/example_dag_decorator.py for tasks to queue
[2024-06-22 00:05:58,109] {logging_mixin.py:104} INFO - [2024-06-22 00:05:58,109] {dagbag.py:451} INFO - Filling up the DagBag from /home/airflow/.local/lib/python3.6/site-packages/airflow/example_dags/example_dag_decorator.py
[2024-06-22 00:05:58,118] {scheduler_job.py:639} INFO - DAG(s) dict_keys(['example_dag_decorator']) retrieved from /home/airflow/.local/lib/python3.6/site-packages/airflow/example_dags/example_dag_decorator.py
[2024-06-22 00:05:58,132] {logging_mixin.py:104} INFO - [2024-06-22 00:05:58,132] {dag.py:1824} INFO - Sync 1 DAGs
[2024-06-22 00:05:58,140] {logging_mixin.py:104} INFO - [2024-06-22 00:05:58,140] {dag.py:2280} INFO - Setting next_dagrun for example_dag_decorator to None
[2024-06-22 00:05:58,146] {scheduler_job.py:190} INFO - Processing /home/airflow/.local/lib/python3.6/site-packages/airflow/example_dags/example_dag_decorator.py took 0.040 seconds
[2024-06-22 00:06:28,793] {scheduler_job.py:182} INFO - Started process (PID=4579) to work on /home/airflow/.local/lib/python3.6/site-packages/airflow/example_dags/example_dag_decorator.py
[2024-06-22 00:06:28,794] {scheduler_job.py:629} INFO - Processing file /home/airflow/.local/lib/python3.6/site-packages/airflow/example_dags/example_dag_decorator.py for tasks to queue
[2024-06-22 00:06:28,794] {logging_mixin.py:104} INFO - [2024-06-22 00:06:28,794] {dagbag.py:451} INFO - Filling up the DagBag from /home/airflow/.local/lib/python3.6/site-packages/airflow/example_dags/example_dag_decorator.py
[2024-06-22 00:06:28,803] {scheduler_job.py:639} INFO - DAG(s) dict_keys(['example_dag_decorator']) retrieved from /home/airflow/.local/lib/python3.6/site-packages/airflow/example_dags/example_dag_decorator.py
[2024-06-22 00:06:28,816] {logging_mixin.py:104} INFO - [2024-06-22 00:06:28,816] {dag.py:1824} INFO - Sync 1 DAGs
[2024-06-22 00:06:28,825] {logging_mixin.py:104} INFO - [2024-06-22 00:06:28,825] {dag.py:2280} INFO - Setting next_dagrun for example_dag_decorator to None
[2024-06-22 00:06:28,831] {scheduler_job.py:190} INFO - Processing /home/airflow/.local/lib/python3.6/site-packages/airflow/example_dags/example_dag_decorator.py took 0.040 seconds
[2024-06-22 00:06:59,469] {scheduler_job.py:182} INFO - Started process (PID=4605) to work on /home/airflow/.local/lib/python3.6/site-packages/airflow/example_dags/example_dag_decorator.py
[2024-06-22 00:06:59,470] {scheduler_job.py:629} INFO - Processing file /home/airflow/.local/lib/python3.6/site-packages/airflow/example_dags/example_dag_decorator.py for tasks to queue
[2024-06-22 00:06:59,470] {logging_mixin.py:104} INFO - [2024-06-22 00:06:59,470] {dagbag.py:451} INFO - Filling up the DagBag from /home/airflow/.local/lib/python3.6/site-packages/airflow/example_dags/example_dag_decorator.py
[2024-06-22 00:06:59,479] {scheduler_job.py:639} INFO - DAG(s) dict_keys(['example_dag_decorator']) retrieved from /home/airflow/.local/lib/python3.6/site-packages/airflow/example_dags/example_dag_decorator.py
[2024-06-22 00:06:59,492] {logging_mixin.py:104} INFO - [2024-06-22 00:06:59,492] {dag.py:1824} INFO - Sync 1 DAGs
[2024-06-22 00:06:59,500] {logging_mixin.py:104} INFO - [2024-06-22 00:06:59,500] {dag.py:2280} INFO - Setting next_dagrun for example_dag_decorator to None
[2024-06-22 00:06:59,506] {scheduler_job.py:190} INFO - Processing /home/airflow/.local/lib/python3.6/site-packages/airflow/example_dags/example_dag_decorator.py took 0.039 seconds
[2024-06-22 00:07:30,153] {scheduler_job.py:182} INFO - Started process (PID=4631) to work on /home/airflow/.local/lib/python3.6/site-packages/airflow/example_dags/example_dag_decorator.py
[2024-06-22 00:07:30,154] {scheduler_job.py:629} INFO - Processing file /home/airflow/.local/lib/python3.6/site-packages/airflow/example_dags/example_dag_decorator.py for tasks to queue
[2024-06-22 00:07:30,154] {logging_mixin.py:104} INFO - [2024-06-22 00:07:30,154] {dagbag.py:451} INFO - Filling up the DagBag from /home/airflow/.local/lib/python3.6/site-packages/airflow/example_dags/example_dag_decorator.py
[2024-06-22 00:07:30,163] {scheduler_job.py:639} INFO - DAG(s) dict_keys(['example_dag_decorator']) retrieved from /home/airflow/.local/lib/python3.6/site-packages/airflow/example_dags/example_dag_decorator.py
[2024-06-22 00:07:30,176] {logging_mixin.py:104} INFO - [2024-06-22 00:07:30,176] {dag.py:1824} INFO - Sync 1 DAGs
[2024-06-22 00:07:30,185] {logging_mixin.py:104} INFO - [2024-06-22 00:07:30,185] {dag.py:2280} INFO - Setting next_dagrun for example_dag_decorator to None
[2024-06-22 00:07:30,192] {scheduler_job.py:190} INFO - Processing /home/airflow/.local/lib/python3.6/site-packages/airflow/example_dags/example_dag_decorator.py took 0.040 seconds
[2024-06-22 00:08:00,856] {scheduler_job.py:182} INFO - Started process (PID=4657) to work on /home/airflow/.local/lib/python3.6/site-packages/airflow/example_dags/example_dag_decorator.py
[2024-06-22 00:08:00,857] {scheduler_job.py:629} INFO - Processing file /home/airflow/.local/lib/python3.6/site-packages/airflow/example_dags/example_dag_decorator.py for tasks to queue
[2024-06-22 00:08:00,857] {logging_mixin.py:104} INFO - [2024-06-22 00:08:00,857] {dagbag.py:451} INFO - Filling up the DagBag from /home/airflow/.local/lib/python3.6/site-packages/airflow/example_dags/example_dag_decorator.py
[2024-06-22 00:08:00,866] {scheduler_job.py:639} INFO - DAG(s) dict_keys(['example_dag_decorator']) retrieved from /home/airflow/.local/lib/python3.6/site-packages/airflow/example_dags/example_dag_decorator.py
[2024-06-22 00:08:00,881] {logging_mixin.py:104} INFO - [2024-06-22 00:08:00,881] {dag.py:1824} INFO - Sync 1 DAGs
[2024-06-22 00:08:00,890] {logging_mixin.py:104} INFO - [2024-06-22 00:08:00,890] {dag.py:2280} INFO - Setting next_dagrun for example_dag_decorator to None
[2024-06-22 00:08:00,897] {scheduler_job.py:190} INFO - Processing /home/airflow/.local/lib/python3.6/site-packages/airflow/example_dags/example_dag_decorator.py took 0.042 seconds
[2024-06-22 00:08:31,626] {scheduler_job.py:182} INFO - Started process (PID=4683) to work on /home/airflow/.local/lib/python3.6/site-packages/airflow/example_dags/example_dag_decorator.py
[2024-06-22 00:08:31,627] {scheduler_job.py:629} INFO - Processing file /home/airflow/.local/lib/python3.6/site-packages/airflow/example_dags/example_dag_decorator.py for tasks to queue
[2024-06-22 00:08:31,627] {logging_mixin.py:104} INFO - [2024-06-22 00:08:31,627] {dagbag.py:451} INFO - Filling up the DagBag from /home/airflow/.local/lib/python3.6/site-packages/airflow/example_dags/example_dag_decorator.py
[2024-06-22 00:08:31,636] {scheduler_job.py:639} INFO - DAG(s) dict_keys(['example_dag_decorator']) retrieved from /home/airflow/.local/lib/python3.6/site-packages/airflow/example_dags/example_dag_decorator.py
[2024-06-22 00:08:31,650] {logging_mixin.py:104} INFO - [2024-06-22 00:08:31,650] {dag.py:1824} INFO - Sync 1 DAGs
[2024-06-22 00:08:31,658] {logging_mixin.py:104} INFO - [2024-06-22 00:08:31,658] {dag.py:2280} INFO - Setting next_dagrun for example_dag_decorator to None
[2024-06-22 00:08:31,665] {scheduler_job.py:190} INFO - Processing /home/airflow/.local/lib/python3.6/site-packages/airflow/example_dags/example_dag_decorator.py took 0.040 seconds
[2024-06-22 00:09:02,392] {scheduler_job.py:182} INFO - Started process (PID=4709) to work on /home/airflow/.local/lib/python3.6/site-packages/airflow/example_dags/example_dag_decorator.py
[2024-06-22 00:09:02,393] {scheduler_job.py:629} INFO - Processing file /home/airflow/.local/lib/python3.6/site-packages/airflow/example_dags/example_dag_decorator.py for tasks to queue
[2024-06-22 00:09:02,394] {logging_mixin.py:104} INFO - [2024-06-22 00:09:02,393] {dagbag.py:451} INFO - Filling up the DagBag from /home/airflow/.local/lib/python3.6/site-packages/airflow/example_dags/example_dag_decorator.py
[2024-06-22 00:09:02,402] {scheduler_job.py:639} INFO - DAG(s) dict_keys(['example_dag_decorator']) retrieved from /home/airflow/.local/lib/python3.6/site-packages/airflow/example_dags/example_dag_decorator.py
[2024-06-22 00:09:02,417] {logging_mixin.py:104} INFO - [2024-06-22 00:09:02,417] {dag.py:1824} INFO - Sync 1 DAGs
[2024-06-22 00:09:02,427] {logging_mixin.py:104} INFO - [2024-06-22 00:09:02,427] {dag.py:2280} INFO - Setting next_dagrun for example_dag_decorator to None
[2024-06-22 00:09:02,433] {scheduler_job.py:190} INFO - Processing /home/airflow/.local/lib/python3.6/site-packages/airflow/example_dags/example_dag_decorator.py took 0.042 seconds
[2024-06-22 00:09:33,133] {scheduler_job.py:182} INFO - Started process (PID=4735) to work on /home/airflow/.local/lib/python3.6/site-packages/airflow/example_dags/example_dag_decorator.py
[2024-06-22 00:09:33,134] {scheduler_job.py:629} INFO - Processing file /home/airflow/.local/lib/python3.6/site-packages/airflow/example_dags/example_dag_decorator.py for tasks to queue
[2024-06-22 00:09:33,134] {logging_mixin.py:104} INFO - [2024-06-22 00:09:33,134] {dagbag.py:451} INFO - Filling up the DagBag from /home/airflow/.local/lib/python3.6/site-packages/airflow/example_dags/example_dag_decorator.py
[2024-06-22 00:09:33,143] {scheduler_job.py:639} INFO - DAG(s) dict_keys(['example_dag_decorator']) retrieved from /home/airflow/.local/lib/python3.6/site-packages/airflow/example_dags/example_dag_decorator.py
[2024-06-22 00:09:33,157] {logging_mixin.py:104} INFO - [2024-06-22 00:09:33,157] {dag.py:1824} INFO - Sync 1 DAGs
[2024-06-22 00:09:33,165] {logging_mixin.py:104} INFO - [2024-06-22 00:09:33,165] {dag.py:2280} INFO - Setting next_dagrun for example_dag_decorator to None
[2024-06-22 00:09:33,172] {scheduler_job.py:190} INFO - Processing /home/airflow/.local/lib/python3.6/site-packages/airflow/example_dags/example_dag_decorator.py took 0.040 seconds
[2024-06-22 00:10:03,840] {scheduler_job.py:182} INFO - Started process (PID=4761) to work on /home/airflow/.local/lib/python3.6/site-packages/airflow/example_dags/example_dag_decorator.py
[2024-06-22 00:10:03,840] {scheduler_job.py:629} INFO - Processing file /home/airflow/.local/lib/python3.6/site-packages/airflow/example_dags/example_dag_decorator.py for tasks to queue
[2024-06-22 00:10:03,841] {logging_mixin.py:104} INFO - [2024-06-22 00:10:03,841] {dagbag.py:451} INFO - Filling up the DagBag from /home/airflow/.local/lib/python3.6/site-packages/airflow/example_dags/example_dag_decorator.py
[2024-06-22 00:10:03,850] {scheduler_job.py:639} INFO - DAG(s) dict_keys(['example_dag_decorator']) retrieved from /home/airflow/.local/lib/python3.6/site-packages/airflow/example_dags/example_dag_decorator.py
[2024-06-22 00:10:03,862] {logging_mixin.py:104} INFO - [2024-06-22 00:10:03,862] {dag.py:1824} INFO - Sync 1 DAGs
[2024-06-22 00:10:03,870] {logging_mixin.py:104} INFO - [2024-06-22 00:10:03,870] {dag.py:2280} INFO - Setting next_dagrun for example_dag_decorator to None
[2024-06-22 00:10:03,876] {scheduler_job.py:190} INFO - Processing /home/airflow/.local/lib/python3.6/site-packages/airflow/example_dags/example_dag_decorator.py took 0.037 seconds
[2024-06-22 00:10:34,657] {scheduler_job.py:182} INFO - Started process (PID=4787) to work on /home/airflow/.local/lib/python3.6/site-packages/airflow/example_dags/example_dag_decorator.py
[2024-06-22 00:10:34,658] {scheduler_job.py:629} INFO - Processing file /home/airflow/.local/lib/python3.6/site-packages/airflow/example_dags/example_dag_decorator.py for tasks to queue
[2024-06-22 00:10:34,658] {logging_mixin.py:104} INFO - [2024-06-22 00:10:34,658] {dagbag.py:451} INFO - Filling up the DagBag from /home/airflow/.local/lib/python3.6/site-packages/airflow/example_dags/example_dag_decorator.py
[2024-06-22 00:10:34,667] {scheduler_job.py:639} INFO - DAG(s) dict_keys(['example_dag_decorator']) retrieved from /home/airflow/.local/lib/python3.6/site-packages/airflow/example_dags/example_dag_decorator.py
[2024-06-22 00:10:34,682] {logging_mixin.py:104} INFO - [2024-06-22 00:10:34,681] {dag.py:1824} INFO - Sync 1 DAGs
[2024-06-22 00:10:34,690] {logging_mixin.py:104} INFO - [2024-06-22 00:10:34,690] {dag.py:2280} INFO - Setting next_dagrun for example_dag_decorator to None
[2024-06-22 00:10:34,696] {scheduler_job.py:190} INFO - Processing /home/airflow/.local/lib/python3.6/site-packages/airflow/example_dags/example_dag_decorator.py took 0.041 seconds
[2024-06-22 00:11:05,432] {scheduler_job.py:182} INFO - Started process (PID=4813) to work on /home/airflow/.local/lib/python3.6/site-packages/airflow/example_dags/example_dag_decorator.py
[2024-06-22 00:11:05,433] {scheduler_job.py:629} INFO - Processing file /home/airflow/.local/lib/python3.6/site-packages/airflow/example_dags/example_dag_decorator.py for tasks to queue
[2024-06-22 00:11:05,433] {logging_mixin.py:104} INFO - [2024-06-22 00:11:05,433] {dagbag.py:451} INFO - Filling up the DagBag from /home/airflow/.local/lib/python3.6/site-packages/airflow/example_dags/example_dag_decorator.py
[2024-06-22 00:11:05,442] {scheduler_job.py:639} INFO - DAG(s) dict_keys(['example_dag_decorator']) retrieved from /home/airflow/.local/lib/python3.6/site-packages/airflow/example_dags/example_dag_decorator.py
[2024-06-22 00:11:05,456] {logging_mixin.py:104} INFO - [2024-06-22 00:11:05,456] {dag.py:1824} INFO - Sync 1 DAGs
[2024-06-22 00:11:05,465] {logging_mixin.py:104} INFO - [2024-06-22 00:11:05,464] {dag.py:2280} INFO - Setting next_dagrun for example_dag_decorator to None
[2024-06-22 00:11:05,471] {scheduler_job.py:190} INFO - Processing /home/airflow/.local/lib/python3.6/site-packages/airflow/example_dags/example_dag_decorator.py took 0.040 seconds
[2024-06-22 00:11:36,213] {scheduler_job.py:182} INFO - Started process (PID=4839) to work on /home/airflow/.local/lib/python3.6/site-packages/airflow/example_dags/example_dag_decorator.py
[2024-06-22 00:11:36,215] {scheduler_job.py:629} INFO - Processing file /home/airflow/.local/lib/python3.6/site-packages/airflow/example_dags/example_dag_decorator.py for tasks to queue
[2024-06-22 00:11:36,215] {logging_mixin.py:104} INFO - [2024-06-22 00:11:36,215] {dagbag.py:451} INFO - Filling up the DagBag from /home/airflow/.local/lib/python3.6/site-packages/airflow/example_dags/example_dag_decorator.py
[2024-06-22 00:11:36,224] {scheduler_job.py:639} INFO - DAG(s) dict_keys(['example_dag_decorator']) retrieved from /home/airflow/.local/lib/python3.6/site-packages/airflow/example_dags/example_dag_decorator.py
[2024-06-22 00:11:36,239] {logging_mixin.py:104} INFO - [2024-06-22 00:11:36,239] {dag.py:1824} INFO - Sync 1 DAGs
[2024-06-22 00:11:36,249] {logging_mixin.py:104} INFO - [2024-06-22 00:11:36,249] {dag.py:2280} INFO - Setting next_dagrun for example_dag_decorator to None
[2024-06-22 00:11:36,255] {scheduler_job.py:190} INFO - Processing /home/airflow/.local/lib/python3.6/site-packages/airflow/example_dags/example_dag_decorator.py took 0.043 seconds
[2024-06-22 00:12:06,901] {scheduler_job.py:182} INFO - Started process (PID=4865) to work on /home/airflow/.local/lib/python3.6/site-packages/airflow/example_dags/example_dag_decorator.py
[2024-06-22 00:12:06,902] {scheduler_job.py:629} INFO - Processing file /home/airflow/.local/lib/python3.6/site-packages/airflow/example_dags/example_dag_decorator.py for tasks to queue
[2024-06-22 00:12:06,902] {logging_mixin.py:104} INFO - [2024-06-22 00:12:06,902] {dagbag.py:451} INFO - Filling up the DagBag from /home/airflow/.local/lib/python3.6/site-packages/airflow/example_dags/example_dag_decorator.py
[2024-06-22 00:12:06,911] {scheduler_job.py:639} INFO - DAG(s) dict_keys(['example_dag_decorator']) retrieved from /home/airflow/.local/lib/python3.6/site-packages/airflow/example_dags/example_dag_decorator.py
[2024-06-22 00:12:06,925] {logging_mixin.py:104} INFO - [2024-06-22 00:12:06,925] {dag.py:1824} INFO - Sync 1 DAGs
[2024-06-22 00:12:06,934] {logging_mixin.py:104} INFO - [2024-06-22 00:12:06,934] {dag.py:2280} INFO - Setting next_dagrun for example_dag_decorator to None
[2024-06-22 00:12:06,940] {scheduler_job.py:190} INFO - Processing /home/airflow/.local/lib/python3.6/site-packages/airflow/example_dags/example_dag_decorator.py took 0.041 seconds
[2024-06-22 00:12:37,699] {scheduler_job.py:182} INFO - Started process (PID=4891) to work on /home/airflow/.local/lib/python3.6/site-packages/airflow/example_dags/example_dag_decorator.py
[2024-06-22 00:12:37,700] {scheduler_job.py:629} INFO - Processing file /home/airflow/.local/lib/python3.6/site-packages/airflow/example_dags/example_dag_decorator.py for tasks to queue
[2024-06-22 00:12:37,700] {logging_mixin.py:104} INFO - [2024-06-22 00:12:37,700] {dagbag.py:451} INFO - Filling up the DagBag from /home/airflow/.local/lib/python3.6/site-packages/airflow/example_dags/example_dag_decorator.py
[2024-06-22 00:12:37,709] {scheduler_job.py:639} INFO - DAG(s) dict_keys(['example_dag_decorator']) retrieved from /home/airflow/.local/lib/python3.6/site-packages/airflow/example_dags/example_dag_decorator.py
[2024-06-22 00:12:37,722] {logging_mixin.py:104} INFO - [2024-06-22 00:12:37,722] {dag.py:1824} INFO - Sync 1 DAGs
[2024-06-22 00:12:37,730] {logging_mixin.py:104} INFO - [2024-06-22 00:12:37,730] {dag.py:2280} INFO - Setting next_dagrun for example_dag_decorator to None
[2024-06-22 00:12:37,736] {scheduler_job.py:190} INFO - Processing /home/airflow/.local/lib/python3.6/site-packages/airflow/example_dags/example_dag_decorator.py took 0.039 seconds
[2024-06-22 00:13:08,508] {scheduler_job.py:182} INFO - Started process (PID=4917) to work on /home/airflow/.local/lib/python3.6/site-packages/airflow/example_dags/example_dag_decorator.py
[2024-06-22 00:13:08,509] {scheduler_job.py:629} INFO - Processing file /home/airflow/.local/lib/python3.6/site-packages/airflow/example_dags/example_dag_decorator.py for tasks to queue
[2024-06-22 00:13:08,509] {logging_mixin.py:104} INFO - [2024-06-22 00:13:08,509] {dagbag.py:451} INFO - Filling up the DagBag from /home/airflow/.local/lib/python3.6/site-packages/airflow/example_dags/example_dag_decorator.py
[2024-06-22 00:13:08,518] {scheduler_job.py:639} INFO - DAG(s) dict_keys(['example_dag_decorator']) retrieved from /home/airflow/.local/lib/python3.6/site-packages/airflow/example_dags/example_dag_decorator.py
[2024-06-22 00:13:08,531] {logging_mixin.py:104} INFO - [2024-06-22 00:13:08,531] {dag.py:1824} INFO - Sync 1 DAGs
[2024-06-22 00:13:08,539] {logging_mixin.py:104} INFO - [2024-06-22 00:13:08,539] {dag.py:2280} INFO - Setting next_dagrun for example_dag_decorator to None
[2024-06-22 00:13:08,546] {scheduler_job.py:190} INFO - Processing /home/airflow/.local/lib/python3.6/site-packages/airflow/example_dags/example_dag_decorator.py took 0.040 seconds
[2024-06-22 00:13:39,188] {scheduler_job.py:182} INFO - Started process (PID=4943) to work on /home/airflow/.local/lib/python3.6/site-packages/airflow/example_dags/example_dag_decorator.py
[2024-06-22 00:13:39,189] {scheduler_job.py:629} INFO - Processing file /home/airflow/.local/lib/python3.6/site-packages/airflow/example_dags/example_dag_decorator.py for tasks to queue
[2024-06-22 00:13:39,189] {logging_mixin.py:104} INFO - [2024-06-22 00:13:39,189] {dagbag.py:451} INFO - Filling up the DagBag from /home/airflow/.local/lib/python3.6/site-packages/airflow/example_dags/example_dag_decorator.py
[2024-06-22 00:13:39,198] {scheduler_job.py:639} INFO - DAG(s) dict_keys(['example_dag_decorator']) retrieved from /home/airflow/.local/lib/python3.6/site-packages/airflow/example_dags/example_dag_decorator.py
[2024-06-22 00:13:39,213] {logging_mixin.py:104} INFO - [2024-06-22 00:13:39,212] {dag.py:1824} INFO - Sync 1 DAGs
[2024-06-22 00:13:39,221] {logging_mixin.py:104} INFO - [2024-06-22 00:13:39,221] {dag.py:2280} INFO - Setting next_dagrun for example_dag_decorator to None
[2024-06-22 00:13:39,227] {scheduler_job.py:190} INFO - Processing /home/airflow/.local/lib/python3.6/site-packages/airflow/example_dags/example_dag_decorator.py took 0.041 seconds
[2024-06-22 00:14:09,955] {scheduler_job.py:182} INFO - Started process (PID=4969) to work on /home/airflow/.local/lib/python3.6/site-packages/airflow/example_dags/example_dag_decorator.py
[2024-06-22 00:14:09,956] {scheduler_job.py:629} INFO - Processing file /home/airflow/.local/lib/python3.6/site-packages/airflow/example_dags/example_dag_decorator.py for tasks to queue
[2024-06-22 00:14:09,956] {logging_mixin.py:104} INFO - [2024-06-22 00:14:09,956] {dagbag.py:451} INFO - Filling up the DagBag from /home/airflow/.local/lib/python3.6/site-packages/airflow/example_dags/example_dag_decorator.py
[2024-06-22 00:14:09,965] {scheduler_job.py:639} INFO - DAG(s) dict_keys(['example_dag_decorator']) retrieved from /home/airflow/.local/lib/python3.6/site-packages/airflow/example_dags/example_dag_decorator.py
[2024-06-22 00:14:09,980] {logging_mixin.py:104} INFO - [2024-06-22 00:14:09,980] {dag.py:1824} INFO - Sync 1 DAGs
[2024-06-22 00:14:09,988] {logging_mixin.py:104} INFO - [2024-06-22 00:14:09,988] {dag.py:2280} INFO - Setting next_dagrun for example_dag_decorator to None
[2024-06-22 00:14:09,994] {scheduler_job.py:190} INFO - Processing /home/airflow/.local/lib/python3.6/site-packages/airflow/example_dags/example_dag_decorator.py took 0.041 seconds
[2024-06-22 00:14:40,757] {scheduler_job.py:182} INFO - Started process (PID=4995) to work on /home/airflow/.local/lib/python3.6/site-packages/airflow/example_dags/example_dag_decorator.py
[2024-06-22 00:14:40,757] {scheduler_job.py:629} INFO - Processing file /home/airflow/.local/lib/python3.6/site-packages/airflow/example_dags/example_dag_decorator.py for tasks to queue
[2024-06-22 00:14:40,758] {logging_mixin.py:104} INFO - [2024-06-22 00:14:40,758] {dagbag.py:451} INFO - Filling up the DagBag from /home/airflow/.local/lib/python3.6/site-packages/airflow/example_dags/example_dag_decorator.py
[2024-06-22 00:14:40,767] {scheduler_job.py:639} INFO - DAG(s) dict_keys(['example_dag_decorator']) retrieved from /home/airflow/.local/lib/python3.6/site-packages/airflow/example_dags/example_dag_decorator.py
[2024-06-22 00:14:40,780] {logging_mixin.py:104} INFO - [2024-06-22 00:14:40,780] {dag.py:1824} INFO - Sync 1 DAGs
[2024-06-22 00:14:40,788] {logging_mixin.py:104} INFO - [2024-06-22 00:14:40,788] {dag.py:2280} INFO - Setting next_dagrun for example_dag_decorator to None
[2024-06-22 00:14:40,794] {scheduler_job.py:190} INFO - Processing /home/airflow/.local/lib/python3.6/site-packages/airflow/example_dags/example_dag_decorator.py took 0.039 seconds
[2024-06-22 00:15:11,494] {scheduler_job.py:182} INFO - Started process (PID=5021) to work on /home/airflow/.local/lib/python3.6/site-packages/airflow/example_dags/example_dag_decorator.py
[2024-06-22 00:15:11,494] {scheduler_job.py:629} INFO - Processing file /home/airflow/.local/lib/python3.6/site-packages/airflow/example_dags/example_dag_decorator.py for tasks to queue
[2024-06-22 00:15:11,495] {logging_mixin.py:104} INFO - [2024-06-22 00:15:11,495] {dagbag.py:451} INFO - Filling up the DagBag from /home/airflow/.local/lib/python3.6/site-packages/airflow/example_dags/example_dag_decorator.py
[2024-06-22 00:15:11,504] {scheduler_job.py:639} INFO - DAG(s) dict_keys(['example_dag_decorator']) retrieved from /home/airflow/.local/lib/python3.6/site-packages/airflow/example_dags/example_dag_decorator.py
[2024-06-22 00:15:11,519] {logging_mixin.py:104} INFO - [2024-06-22 00:15:11,519] {dag.py:1824} INFO - Sync 1 DAGs
[2024-06-22 00:15:11,528] {logging_mixin.py:104} INFO - [2024-06-22 00:15:11,528] {dag.py:2280} INFO - Setting next_dagrun for example_dag_decorator to None
[2024-06-22 00:15:11,535] {scheduler_job.py:190} INFO - Processing /home/airflow/.local/lib/python3.6/site-packages/airflow/example_dags/example_dag_decorator.py took 0.043 seconds
[2024-06-22 00:15:42,268] {scheduler_job.py:182} INFO - Started process (PID=5047) to work on /home/airflow/.local/lib/python3.6/site-packages/airflow/example_dags/example_dag_decorator.py
[2024-06-22 00:15:42,269] {scheduler_job.py:629} INFO - Processing file /home/airflow/.local/lib/python3.6/site-packages/airflow/example_dags/example_dag_decorator.py for tasks to queue
[2024-06-22 00:15:42,269] {logging_mixin.py:104} INFO - [2024-06-22 00:15:42,269] {dagbag.py:451} INFO - Filling up the DagBag from /home/airflow/.local/lib/python3.6/site-packages/airflow/example_dags/example_dag_decorator.py
[2024-06-22 00:15:42,279] {scheduler_job.py:639} INFO - DAG(s) dict_keys(['example_dag_decorator']) retrieved from /home/airflow/.local/lib/python3.6/site-packages/airflow/example_dags/example_dag_decorator.py
[2024-06-22 00:15:42,292] {logging_mixin.py:104} INFO - [2024-06-22 00:15:42,292] {dag.py:1824} INFO - Sync 1 DAGs
[2024-06-22 00:15:42,300] {logging_mixin.py:104} INFO - [2024-06-22 00:15:42,300] {dag.py:2280} INFO - Setting next_dagrun for example_dag_decorator to None
[2024-06-22 00:15:42,310] {scheduler_job.py:190} INFO - Processing /home/airflow/.local/lib/python3.6/site-packages/airflow/example_dags/example_dag_decorator.py took 0.044 seconds
[2024-06-22 00:16:13,044] {scheduler_job.py:182} INFO - Started process (PID=5073) to work on /home/airflow/.local/lib/python3.6/site-packages/airflow/example_dags/example_dag_decorator.py
[2024-06-22 00:16:13,045] {scheduler_job.py:629} INFO - Processing file /home/airflow/.local/lib/python3.6/site-packages/airflow/example_dags/example_dag_decorator.py for tasks to queue
[2024-06-22 00:16:13,046] {logging_mixin.py:104} INFO - [2024-06-22 00:16:13,046] {dagbag.py:451} INFO - Filling up the DagBag from /home/airflow/.local/lib/python3.6/site-packages/airflow/example_dags/example_dag_decorator.py
[2024-06-22 00:16:13,054] {scheduler_job.py:639} INFO - DAG(s) dict_keys(['example_dag_decorator']) retrieved from /home/airflow/.local/lib/python3.6/site-packages/airflow/example_dags/example_dag_decorator.py
[2024-06-22 00:16:13,068] {logging_mixin.py:104} INFO - [2024-06-22 00:16:13,068] {dag.py:1824} INFO - Sync 1 DAGs
[2024-06-22 00:16:13,076] {logging_mixin.py:104} INFO - [2024-06-22 00:16:13,076] {dag.py:2280} INFO - Setting next_dagrun for example_dag_decorator to None
[2024-06-22 00:16:13,082] {scheduler_job.py:190} INFO - Processing /home/airflow/.local/lib/python3.6/site-packages/airflow/example_dags/example_dag_decorator.py took 0.040 seconds
[2024-06-22 00:16:43,809] {scheduler_job.py:182} INFO - Started process (PID=5099) to work on /home/airflow/.local/lib/python3.6/site-packages/airflow/example_dags/example_dag_decorator.py
[2024-06-22 00:16:43,810] {scheduler_job.py:629} INFO - Processing file /home/airflow/.local/lib/python3.6/site-packages/airflow/example_dags/example_dag_decorator.py for tasks to queue
[2024-06-22 00:16:43,810] {logging_mixin.py:104} INFO - [2024-06-22 00:16:43,810] {dagbag.py:451} INFO - Filling up the DagBag from /home/airflow/.local/lib/python3.6/site-packages/airflow/example_dags/example_dag_decorator.py
[2024-06-22 00:16:43,819] {scheduler_job.py:639} INFO - DAG(s) dict_keys(['example_dag_decorator']) retrieved from /home/airflow/.local/lib/python3.6/site-packages/airflow/example_dags/example_dag_decorator.py
[2024-06-22 00:16:43,832] {logging_mixin.py:104} INFO - [2024-06-22 00:16:43,832] {dag.py:1824} INFO - Sync 1 DAGs
[2024-06-22 00:16:43,841] {logging_mixin.py:104} INFO - [2024-06-22 00:16:43,841] {dag.py:2280} INFO - Setting next_dagrun for example_dag_decorator to None
[2024-06-22 00:16:43,848] {scheduler_job.py:190} INFO - Processing /home/airflow/.local/lib/python3.6/site-packages/airflow/example_dags/example_dag_decorator.py took 0.041 seconds
[2024-06-22 00:17:14,569] {scheduler_job.py:182} INFO - Started process (PID=5125) to work on /home/airflow/.local/lib/python3.6/site-packages/airflow/example_dags/example_dag_decorator.py
[2024-06-22 00:17:14,570] {scheduler_job.py:629} INFO - Processing file /home/airflow/.local/lib/python3.6/site-packages/airflow/example_dags/example_dag_decorator.py for tasks to queue
[2024-06-22 00:17:14,571] {logging_mixin.py:104} INFO - [2024-06-22 00:17:14,570] {dagbag.py:451} INFO - Filling up the DagBag from /home/airflow/.local/lib/python3.6/site-packages/airflow/example_dags/example_dag_decorator.py
[2024-06-22 00:17:14,580] {scheduler_job.py:639} INFO - DAG(s) dict_keys(['example_dag_decorator']) retrieved from /home/airflow/.local/lib/python3.6/site-packages/airflow/example_dags/example_dag_decorator.py
[2024-06-22 00:17:14,593] {logging_mixin.py:104} INFO - [2024-06-22 00:17:14,593] {dag.py:1824} INFO - Sync 1 DAGs
[2024-06-22 00:17:14,601] {logging_mixin.py:104} INFO - [2024-06-22 00:17:14,601] {dag.py:2280} INFO - Setting next_dagrun for example_dag_decorator to None
[2024-06-22 00:17:14,608] {scheduler_job.py:190} INFO - Processing /home/airflow/.local/lib/python3.6/site-packages/airflow/example_dags/example_dag_decorator.py took 0.040 seconds
[2024-06-22 00:17:45,362] {scheduler_job.py:182} INFO - Started process (PID=5151) to work on /home/airflow/.local/lib/python3.6/site-packages/airflow/example_dags/example_dag_decorator.py
[2024-06-22 00:17:45,362] {scheduler_job.py:629} INFO - Processing file /home/airflow/.local/lib/python3.6/site-packages/airflow/example_dags/example_dag_decorator.py for tasks to queue
[2024-06-22 00:17:45,363] {logging_mixin.py:104} INFO - [2024-06-22 00:17:45,363] {dagbag.py:451} INFO - Filling up the DagBag from /home/airflow/.local/lib/python3.6/site-packages/airflow/example_dags/example_dag_decorator.py
[2024-06-22 00:17:45,371] {scheduler_job.py:639} INFO - DAG(s) dict_keys(['example_dag_decorator']) retrieved from /home/airflow/.local/lib/python3.6/site-packages/airflow/example_dags/example_dag_decorator.py
[2024-06-22 00:17:45,386] {logging_mixin.py:104} INFO - [2024-06-22 00:17:45,386] {dag.py:1824} INFO - Sync 1 DAGs
[2024-06-22 00:17:45,394] {logging_mixin.py:104} INFO - [2024-06-22 00:17:45,394] {dag.py:2280} INFO - Setting next_dagrun for example_dag_decorator to None
[2024-06-22 00:17:45,401] {scheduler_job.py:190} INFO - Processing /home/airflow/.local/lib/python3.6/site-packages/airflow/example_dags/example_dag_decorator.py took 0.041 seconds
[2024-06-22 00:18:16,125] {scheduler_job.py:182} INFO - Started process (PID=5177) to work on /home/airflow/.local/lib/python3.6/site-packages/airflow/example_dags/example_dag_decorator.py
[2024-06-22 00:18:16,126] {scheduler_job.py:629} INFO - Processing file /home/airflow/.local/lib/python3.6/site-packages/airflow/example_dags/example_dag_decorator.py for tasks to queue
[2024-06-22 00:18:16,126] {logging_mixin.py:104} INFO - [2024-06-22 00:18:16,126] {dagbag.py:451} INFO - Filling up the DagBag from /home/airflow/.local/lib/python3.6/site-packages/airflow/example_dags/example_dag_decorator.py
[2024-06-22 00:18:16,134] {scheduler_job.py:639} INFO - DAG(s) dict_keys(['example_dag_decorator']) retrieved from /home/airflow/.local/lib/python3.6/site-packages/airflow/example_dags/example_dag_decorator.py
[2024-06-22 00:18:16,149] {logging_mixin.py:104} INFO - [2024-06-22 00:18:16,149] {dag.py:1824} INFO - Sync 1 DAGs
[2024-06-22 00:18:16,157] {logging_mixin.py:104} INFO - [2024-06-22 00:18:16,157] {dag.py:2280} INFO - Setting next_dagrun for example_dag_decorator to None
[2024-06-22 00:18:16,163] {scheduler_job.py:190} INFO - Processing /home/airflow/.local/lib/python3.6/site-packages/airflow/example_dags/example_dag_decorator.py took 0.040 seconds
[2024-06-22 00:18:46,880] {scheduler_job.py:182} INFO - Started process (PID=5203) to work on /home/airflow/.local/lib/python3.6/site-packages/airflow/example_dags/example_dag_decorator.py
[2024-06-22 00:18:46,881] {scheduler_job.py:629} INFO - Processing file /home/airflow/.local/lib/python3.6/site-packages/airflow/example_dags/example_dag_decorator.py for tasks to queue
[2024-06-22 00:18:46,882] {logging_mixin.py:104} INFO - [2024-06-22 00:18:46,882] {dagbag.py:451} INFO - Filling up the DagBag from /home/airflow/.local/lib/python3.6/site-packages/airflow/example_dags/example_dag_decorator.py
[2024-06-22 00:18:46,890] {scheduler_job.py:639} INFO - DAG(s) dict_keys(['example_dag_decorator']) retrieved from /home/airflow/.local/lib/python3.6/site-packages/airflow/example_dags/example_dag_decorator.py
[2024-06-22 00:18:46,904] {logging_mixin.py:104} INFO - [2024-06-22 00:18:46,904] {dag.py:1824} INFO - Sync 1 DAGs
[2024-06-22 00:18:46,912] {logging_mixin.py:104} INFO - [2024-06-22 00:18:46,912] {dag.py:2280} INFO - Setting next_dagrun for example_dag_decorator to None
[2024-06-22 00:18:46,918] {scheduler_job.py:190} INFO - Processing /home/airflow/.local/lib/python3.6/site-packages/airflow/example_dags/example_dag_decorator.py took 0.040 seconds
[2024-06-22 00:19:17,654] {scheduler_job.py:182} INFO - Started process (PID=5229) to work on /home/airflow/.local/lib/python3.6/site-packages/airflow/example_dags/example_dag_decorator.py
[2024-06-22 00:19:17,655] {scheduler_job.py:629} INFO - Processing file /home/airflow/.local/lib/python3.6/site-packages/airflow/example_dags/example_dag_decorator.py for tasks to queue
[2024-06-22 00:19:17,655] {logging_mixin.py:104} INFO - [2024-06-22 00:19:17,655] {dagbag.py:451} INFO - Filling up the DagBag from /home/airflow/.local/lib/python3.6/site-packages/airflow/example_dags/example_dag_decorator.py
[2024-06-22 00:19:17,664] {scheduler_job.py:639} INFO - DAG(s) dict_keys(['example_dag_decorator']) retrieved from /home/airflow/.local/lib/python3.6/site-packages/airflow/example_dags/example_dag_decorator.py
[2024-06-22 00:19:17,677] {logging_mixin.py:104} INFO - [2024-06-22 00:19:17,677] {dag.py:1824} INFO - Sync 1 DAGs
[2024-06-22 00:19:17,686] {logging_mixin.py:104} INFO - [2024-06-22 00:19:17,686] {dag.py:2280} INFO - Setting next_dagrun for example_dag_decorator to None
[2024-06-22 00:19:17,692] {scheduler_job.py:190} INFO - Processing /home/airflow/.local/lib/python3.6/site-packages/airflow/example_dags/example_dag_decorator.py took 0.039 seconds
[2024-06-22 00:19:48,423] {scheduler_job.py:182} INFO - Started process (PID=5255) to work on /home/airflow/.local/lib/python3.6/site-packages/airflow/example_dags/example_dag_decorator.py
[2024-06-22 00:19:48,423] {scheduler_job.py:629} INFO - Processing file /home/airflow/.local/lib/python3.6/site-packages/airflow/example_dags/example_dag_decorator.py for tasks to queue
[2024-06-22 00:19:48,424] {logging_mixin.py:104} INFO - [2024-06-22 00:19:48,424] {dagbag.py:451} INFO - Filling up the DagBag from /home/airflow/.local/lib/python3.6/site-packages/airflow/example_dags/example_dag_decorator.py
[2024-06-22 00:19:48,432] {scheduler_job.py:639} INFO - DAG(s) dict_keys(['example_dag_decorator']) retrieved from /home/airflow/.local/lib/python3.6/site-packages/airflow/example_dags/example_dag_decorator.py
[2024-06-22 00:19:48,446] {logging_mixin.py:104} INFO - [2024-06-22 00:19:48,446] {dag.py:1824} INFO - Sync 1 DAGs
[2024-06-22 00:19:48,454] {logging_mixin.py:104} INFO - [2024-06-22 00:19:48,454] {dag.py:2280} INFO - Setting next_dagrun for example_dag_decorator to None
[2024-06-22 00:19:48,460] {scheduler_job.py:190} INFO - Processing /home/airflow/.local/lib/python3.6/site-packages/airflow/example_dags/example_dag_decorator.py took 0.039 seconds
[2024-06-22 00:20:19,082] {scheduler_job.py:182} INFO - Started process (PID=5281) to work on /home/airflow/.local/lib/python3.6/site-packages/airflow/example_dags/example_dag_decorator.py
[2024-06-22 00:20:19,083] {scheduler_job.py:629} INFO - Processing file /home/airflow/.local/lib/python3.6/site-packages/airflow/example_dags/example_dag_decorator.py for tasks to queue
[2024-06-22 00:20:19,083] {logging_mixin.py:104} INFO - [2024-06-22 00:20:19,083] {dagbag.py:451} INFO - Filling up the DagBag from /home/airflow/.local/lib/python3.6/site-packages/airflow/example_dags/example_dag_decorator.py
[2024-06-22 00:20:19,091] {scheduler_job.py:639} INFO - DAG(s) dict_keys(['example_dag_decorator']) retrieved from /home/airflow/.local/lib/python3.6/site-packages/airflow/example_dags/example_dag_decorator.py
[2024-06-22 00:20:19,105] {logging_mixin.py:104} INFO - [2024-06-22 00:20:19,104] {dag.py:1824} INFO - Sync 1 DAGs
[2024-06-22 00:20:19,113] {logging_mixin.py:104} INFO - [2024-06-22 00:20:19,113] {dag.py:2280} INFO - Setting next_dagrun for example_dag_decorator to None
[2024-06-22 00:20:19,119] {scheduler_job.py:190} INFO - Processing /home/airflow/.local/lib/python3.6/site-packages/airflow/example_dags/example_dag_decorator.py took 0.039 seconds
[2024-06-22 00:20:49,849] {scheduler_job.py:182} INFO - Started process (PID=5307) to work on /home/airflow/.local/lib/python3.6/site-packages/airflow/example_dags/example_dag_decorator.py
[2024-06-22 00:20:49,850] {scheduler_job.py:629} INFO - Processing file /home/airflow/.local/lib/python3.6/site-packages/airflow/example_dags/example_dag_decorator.py for tasks to queue
[2024-06-22 00:20:49,850] {logging_mixin.py:104} INFO - [2024-06-22 00:20:49,850] {dagbag.py:451} INFO - Filling up the DagBag from /home/airflow/.local/lib/python3.6/site-packages/airflow/example_dags/example_dag_decorator.py
[2024-06-22 00:20:49,859] {scheduler_job.py:639} INFO - DAG(s) dict_keys(['example_dag_decorator']) retrieved from /home/airflow/.local/lib/python3.6/site-packages/airflow/example_dags/example_dag_decorator.py
[2024-06-22 00:20:49,873] {logging_mixin.py:104} INFO - [2024-06-22 00:20:49,873] {dag.py:1824} INFO - Sync 1 DAGs
[2024-06-22 00:20:49,881] {logging_mixin.py:104} INFO - [2024-06-22 00:20:49,881] {dag.py:2280} INFO - Setting next_dagrun for example_dag_decorator to None
[2024-06-22 00:20:49,888] {scheduler_job.py:190} INFO - Processing /home/airflow/.local/lib/python3.6/site-packages/airflow/example_dags/example_dag_decorator.py took 0.041 seconds
[2024-06-22 00:21:20,530] {scheduler_job.py:182} INFO - Started process (PID=5333) to work on /home/airflow/.local/lib/python3.6/site-packages/airflow/example_dags/example_dag_decorator.py
[2024-06-22 00:21:20,530] {scheduler_job.py:629} INFO - Processing file /home/airflow/.local/lib/python3.6/site-packages/airflow/example_dags/example_dag_decorator.py for tasks to queue
[2024-06-22 00:21:20,531] {logging_mixin.py:104} INFO - [2024-06-22 00:21:20,531] {dagbag.py:451} INFO - Filling up the DagBag from /home/airflow/.local/lib/python3.6/site-packages/airflow/example_dags/example_dag_decorator.py
[2024-06-22 00:21:20,540] {scheduler_job.py:639} INFO - DAG(s) dict_keys(['example_dag_decorator']) retrieved from /home/airflow/.local/lib/python3.6/site-packages/airflow/example_dags/example_dag_decorator.py
[2024-06-22 00:21:20,553] {logging_mixin.py:104} INFO - [2024-06-22 00:21:20,553] {dag.py:1824} INFO - Sync 1 DAGs
[2024-06-22 00:21:20,561] {logging_mixin.py:104} INFO - [2024-06-22 00:21:20,561] {dag.py:2280} INFO - Setting next_dagrun for example_dag_decorator to None
[2024-06-22 00:21:20,567] {scheduler_job.py:190} INFO - Processing /home/airflow/.local/lib/python3.6/site-packages/airflow/example_dags/example_dag_decorator.py took 0.039 seconds
[2024-06-22 00:21:51,301] {scheduler_job.py:182} INFO - Started process (PID=5359) to work on /home/airflow/.local/lib/python3.6/site-packages/airflow/example_dags/example_dag_decorator.py
[2024-06-22 00:21:51,303] {scheduler_job.py:629} INFO - Processing file /home/airflow/.local/lib/python3.6/site-packages/airflow/example_dags/example_dag_decorator.py for tasks to queue
[2024-06-22 00:21:51,303] {logging_mixin.py:104} INFO - [2024-06-22 00:21:51,303] {dagbag.py:451} INFO - Filling up the DagBag from /home/airflow/.local/lib/python3.6/site-packages/airflow/example_dags/example_dag_decorator.py
[2024-06-22 00:21:51,312] {scheduler_job.py:639} INFO - DAG(s) dict_keys(['example_dag_decorator']) retrieved from /home/airflow/.local/lib/python3.6/site-packages/airflow/example_dags/example_dag_decorator.py
[2024-06-22 00:21:51,325] {logging_mixin.py:104} INFO - [2024-06-22 00:21:51,325] {dag.py:1824} INFO - Sync 1 DAGs
[2024-06-22 00:21:51,334] {logging_mixin.py:104} INFO - [2024-06-22 00:21:51,334] {dag.py:2280} INFO - Setting next_dagrun for example_dag_decorator to None
[2024-06-22 00:21:51,340] {scheduler_job.py:190} INFO - Processing /home/airflow/.local/lib/python3.6/site-packages/airflow/example_dags/example_dag_decorator.py took 0.041 seconds
[2024-06-22 00:22:21,997] {scheduler_job.py:182} INFO - Started process (PID=5385) to work on /home/airflow/.local/lib/python3.6/site-packages/airflow/example_dags/example_dag_decorator.py
[2024-06-22 00:22:21,998] {scheduler_job.py:629} INFO - Processing file /home/airflow/.local/lib/python3.6/site-packages/airflow/example_dags/example_dag_decorator.py for tasks to queue
[2024-06-22 00:22:21,998] {logging_mixin.py:104} INFO - [2024-06-22 00:22:21,998] {dagbag.py:451} INFO - Filling up the DagBag from /home/airflow/.local/lib/python3.6/site-packages/airflow/example_dags/example_dag_decorator.py
[2024-06-22 00:22:22,007] {scheduler_job.py:639} INFO - DAG(s) dict_keys(['example_dag_decorator']) retrieved from /home/airflow/.local/lib/python3.6/site-packages/airflow/example_dags/example_dag_decorator.py
[2024-06-22 00:22:22,021] {logging_mixin.py:104} INFO - [2024-06-22 00:22:22,021] {dag.py:1824} INFO - Sync 1 DAGs
[2024-06-22 00:22:22,030] {logging_mixin.py:104} INFO - [2024-06-22 00:22:22,029] {dag.py:2280} INFO - Setting next_dagrun for example_dag_decorator to None
[2024-06-22 00:22:22,036] {scheduler_job.py:190} INFO - Processing /home/airflow/.local/lib/python3.6/site-packages/airflow/example_dags/example_dag_decorator.py took 0.040 seconds
[2024-06-22 00:22:52,768] {scheduler_job.py:182} INFO - Started process (PID=5411) to work on /home/airflow/.local/lib/python3.6/site-packages/airflow/example_dags/example_dag_decorator.py
[2024-06-22 00:22:52,769] {scheduler_job.py:629} INFO - Processing file /home/airflow/.local/lib/python3.6/site-packages/airflow/example_dags/example_dag_decorator.py for tasks to queue
[2024-06-22 00:22:52,770] {logging_mixin.py:104} INFO - [2024-06-22 00:22:52,769] {dagbag.py:451} INFO - Filling up the DagBag from /home/airflow/.local/lib/python3.6/site-packages/airflow/example_dags/example_dag_decorator.py
[2024-06-22 00:22:52,778] {scheduler_job.py:639} INFO - DAG(s) dict_keys(['example_dag_decorator']) retrieved from /home/airflow/.local/lib/python3.6/site-packages/airflow/example_dags/example_dag_decorator.py
[2024-06-22 00:22:52,791] {logging_mixin.py:104} INFO - [2024-06-22 00:22:52,791] {dag.py:1824} INFO - Sync 1 DAGs
[2024-06-22 00:22:52,799] {logging_mixin.py:104} INFO - [2024-06-22 00:22:52,799] {dag.py:2280} INFO - Setting next_dagrun for example_dag_decorator to None
[2024-06-22 00:22:52,805] {scheduler_job.py:190} INFO - Processing /home/airflow/.local/lib/python3.6/site-packages/airflow/example_dags/example_dag_decorator.py took 0.038 seconds
[2024-06-22 00:23:23,516] {scheduler_job.py:182} INFO - Started process (PID=5437) to work on /home/airflow/.local/lib/python3.6/site-packages/airflow/example_dags/example_dag_decorator.py
[2024-06-22 00:23:23,517] {scheduler_job.py:629} INFO - Processing file /home/airflow/.local/lib/python3.6/site-packages/airflow/example_dags/example_dag_decorator.py for tasks to queue
[2024-06-22 00:23:23,517] {logging_mixin.py:104} INFO - [2024-06-22 00:23:23,517] {dagbag.py:451} INFO - Filling up the DagBag from /home/airflow/.local/lib/python3.6/site-packages/airflow/example_dags/example_dag_decorator.py
[2024-06-22 00:23:23,526] {scheduler_job.py:639} INFO - DAG(s) dict_keys(['example_dag_decorator']) retrieved from /home/airflow/.local/lib/python3.6/site-packages/airflow/example_dags/example_dag_decorator.py
[2024-06-22 00:23:23,540] {logging_mixin.py:104} INFO - [2024-06-22 00:23:23,539] {dag.py:1824} INFO - Sync 1 DAGs
[2024-06-22 00:23:23,548] {logging_mixin.py:104} INFO - [2024-06-22 00:23:23,547] {dag.py:2280} INFO - Setting next_dagrun for example_dag_decorator to None
[2024-06-22 00:23:23,554] {scheduler_job.py:190} INFO - Processing /home/airflow/.local/lib/python3.6/site-packages/airflow/example_dags/example_dag_decorator.py took 0.039 seconds
[2024-06-22 00:23:54,291] {scheduler_job.py:182} INFO - Started process (PID=5463) to work on /home/airflow/.local/lib/python3.6/site-packages/airflow/example_dags/example_dag_decorator.py
[2024-06-22 00:23:54,291] {scheduler_job.py:629} INFO - Processing file /home/airflow/.local/lib/python3.6/site-packages/airflow/example_dags/example_dag_decorator.py for tasks to queue
[2024-06-22 00:23:54,292] {logging_mixin.py:104} INFO - [2024-06-22 00:23:54,292] {dagbag.py:451} INFO - Filling up the DagBag from /home/airflow/.local/lib/python3.6/site-packages/airflow/example_dags/example_dag_decorator.py
[2024-06-22 00:23:54,301] {scheduler_job.py:639} INFO - DAG(s) dict_keys(['example_dag_decorator']) retrieved from /home/airflow/.local/lib/python3.6/site-packages/airflow/example_dags/example_dag_decorator.py
[2024-06-22 00:23:54,313] {logging_mixin.py:104} INFO - [2024-06-22 00:23:54,312] {dag.py:1824} INFO - Sync 1 DAGs
[2024-06-22 00:23:54,320] {logging_mixin.py:104} INFO - [2024-06-22 00:23:54,320] {dag.py:2280} INFO - Setting next_dagrun for example_dag_decorator to None
[2024-06-22 00:23:54,326] {scheduler_job.py:190} INFO - Processing /home/airflow/.local/lib/python3.6/site-packages/airflow/example_dags/example_dag_decorator.py took 0.037 seconds
[2024-06-22 00:24:25,129] {scheduler_job.py:182} INFO - Started process (PID=5489) to work on /home/airflow/.local/lib/python3.6/site-packages/airflow/example_dags/example_dag_decorator.py
[2024-06-22 00:24:25,129] {scheduler_job.py:629} INFO - Processing file /home/airflow/.local/lib/python3.6/site-packages/airflow/example_dags/example_dag_decorator.py for tasks to queue
[2024-06-22 00:24:25,130] {logging_mixin.py:104} INFO - [2024-06-22 00:24:25,130] {dagbag.py:451} INFO - Filling up the DagBag from /home/airflow/.local/lib/python3.6/site-packages/airflow/example_dags/example_dag_decorator.py
[2024-06-22 00:24:25,139] {scheduler_job.py:639} INFO - DAG(s) dict_keys(['example_dag_decorator']) retrieved from /home/airflow/.local/lib/python3.6/site-packages/airflow/example_dags/example_dag_decorator.py
[2024-06-22 00:24:25,151] {logging_mixin.py:104} INFO - [2024-06-22 00:24:25,151] {dag.py:1824} INFO - Sync 1 DAGs
[2024-06-22 00:24:25,160] {logging_mixin.py:104} INFO - [2024-06-22 00:24:25,160] {dag.py:2280} INFO - Setting next_dagrun for example_dag_decorator to None
[2024-06-22 00:24:25,166] {scheduler_job.py:190} INFO - Processing /home/airflow/.local/lib/python3.6/site-packages/airflow/example_dags/example_dag_decorator.py took 0.039 seconds
[2024-06-22 00:24:55,897] {scheduler_job.py:182} INFO - Started process (PID=5515) to work on /home/airflow/.local/lib/python3.6/site-packages/airflow/example_dags/example_dag_decorator.py
[2024-06-22 00:24:55,898] {scheduler_job.py:629} INFO - Processing file /home/airflow/.local/lib/python3.6/site-packages/airflow/example_dags/example_dag_decorator.py for tasks to queue
[2024-06-22 00:24:55,899] {logging_mixin.py:104} INFO - [2024-06-22 00:24:55,899] {dagbag.py:451} INFO - Filling up the DagBag from /home/airflow/.local/lib/python3.6/site-packages/airflow/example_dags/example_dag_decorator.py
[2024-06-22 00:24:55,910] {scheduler_job.py:639} INFO - DAG(s) dict_keys(['example_dag_decorator']) retrieved from /home/airflow/.local/lib/python3.6/site-packages/airflow/example_dags/example_dag_decorator.py
[2024-06-22 00:24:55,924] {logging_mixin.py:104} INFO - [2024-06-22 00:24:55,924] {dag.py:1824} INFO - Sync 1 DAGs
[2024-06-22 00:24:55,933] {logging_mixin.py:104} INFO - [2024-06-22 00:24:55,933] {dag.py:2280} INFO - Setting next_dagrun for example_dag_decorator to None
[2024-06-22 00:24:55,940] {scheduler_job.py:190} INFO - Processing /home/airflow/.local/lib/python3.6/site-packages/airflow/example_dags/example_dag_decorator.py took 0.045 seconds
[2024-06-22 23:26:22,007] {scheduler_job.py:182} INFO - Started process (PID=5541) to work on /home/airflow/.local/lib/python3.6/site-packages/airflow/example_dags/example_dag_decorator.py
[2024-06-22 23:26:22,008] {scheduler_job.py:629} INFO - Processing file /home/airflow/.local/lib/python3.6/site-packages/airflow/example_dags/example_dag_decorator.py for tasks to queue
[2024-06-22 23:26:22,010] {logging_mixin.py:104} INFO - [2024-06-22 23:26:22,010] {dagbag.py:451} INFO - Filling up the DagBag from /home/airflow/.local/lib/python3.6/site-packages/airflow/example_dags/example_dag_decorator.py
[2024-06-22 23:26:22,052] {scheduler_job.py:639} INFO - DAG(s) dict_keys(['example_dag_decorator']) retrieved from /home/airflow/.local/lib/python3.6/site-packages/airflow/example_dags/example_dag_decorator.py
[2024-06-22 23:26:22,109] {logging_mixin.py:104} INFO - [2024-06-22 23:26:22,109] {dag.py:1824} INFO - Sync 1 DAGs
[2024-06-22 23:26:22,149] {logging_mixin.py:104} INFO - [2024-06-22 23:26:22,149] {dag.py:2280} INFO - Setting next_dagrun for example_dag_decorator to None
[2024-06-22 23:26:22,188] {scheduler_job.py:190} INFO - Processing /home/airflow/.local/lib/python3.6/site-packages/airflow/example_dags/example_dag_decorator.py took 0.184 seconds
[2024-06-22 23:26:52,507] {scheduler_job.py:182} INFO - Started process (PID=5561) to work on /home/airflow/.local/lib/python3.6/site-packages/airflow/example_dags/example_dag_decorator.py
[2024-06-22 23:26:52,508] {scheduler_job.py:629} INFO - Processing file /home/airflow/.local/lib/python3.6/site-packages/airflow/example_dags/example_dag_decorator.py for tasks to queue
[2024-06-22 23:26:52,508] {logging_mixin.py:104} INFO - [2024-06-22 23:26:52,508] {dagbag.py:451} INFO - Filling up the DagBag from /home/airflow/.local/lib/python3.6/site-packages/airflow/example_dags/example_dag_decorator.py
[2024-06-22 23:26:52,517] {scheduler_job.py:639} INFO - DAG(s) dict_keys(['example_dag_decorator']) retrieved from /home/airflow/.local/lib/python3.6/site-packages/airflow/example_dags/example_dag_decorator.py
[2024-06-22 23:26:52,530] {logging_mixin.py:104} INFO - [2024-06-22 23:26:52,530] {dag.py:1824} INFO - Sync 1 DAGs
[2024-06-22 23:26:52,539] {logging_mixin.py:104} INFO - [2024-06-22 23:26:52,539] {dag.py:2280} INFO - Setting next_dagrun for example_dag_decorator to None
[2024-06-22 23:26:52,546] {scheduler_job.py:190} INFO - Processing /home/airflow/.local/lib/python3.6/site-packages/airflow/example_dags/example_dag_decorator.py took 0.041 seconds
[2024-06-22 23:27:23,377] {scheduler_job.py:182} INFO - Started process (PID=5587) to work on /home/airflow/.local/lib/python3.6/site-packages/airflow/example_dags/example_dag_decorator.py
[2024-06-22 23:27:23,377] {scheduler_job.py:629} INFO - Processing file /home/airflow/.local/lib/python3.6/site-packages/airflow/example_dags/example_dag_decorator.py for tasks to queue
[2024-06-22 23:27:23,378] {logging_mixin.py:104} INFO - [2024-06-22 23:27:23,378] {dagbag.py:451} INFO - Filling up the DagBag from /home/airflow/.local/lib/python3.6/site-packages/airflow/example_dags/example_dag_decorator.py
[2024-06-22 23:27:23,386] {scheduler_job.py:639} INFO - DAG(s) dict_keys(['example_dag_decorator']) retrieved from /home/airflow/.local/lib/python3.6/site-packages/airflow/example_dags/example_dag_decorator.py
[2024-06-22 23:27:23,399] {logging_mixin.py:104} INFO - [2024-06-22 23:27:23,399] {dag.py:1824} INFO - Sync 1 DAGs
[2024-06-22 23:27:23,406] {logging_mixin.py:104} INFO - [2024-06-22 23:27:23,406] {dag.py:2280} INFO - Setting next_dagrun for example_dag_decorator to None
[2024-06-22 23:27:23,415] {scheduler_job.py:190} INFO - Processing /home/airflow/.local/lib/python3.6/site-packages/airflow/example_dags/example_dag_decorator.py took 0.039 seconds
[2024-06-22 23:27:54,150] {scheduler_job.py:182} INFO - Started process (PID=5613) to work on /home/airflow/.local/lib/python3.6/site-packages/airflow/example_dags/example_dag_decorator.py
[2024-06-22 23:27:54,151] {scheduler_job.py:629} INFO - Processing file /home/airflow/.local/lib/python3.6/site-packages/airflow/example_dags/example_dag_decorator.py for tasks to queue
[2024-06-22 23:27:54,151] {logging_mixin.py:104} INFO - [2024-06-22 23:27:54,151] {dagbag.py:451} INFO - Filling up the DagBag from /home/airflow/.local/lib/python3.6/site-packages/airflow/example_dags/example_dag_decorator.py
[2024-06-22 23:27:54,160] {scheduler_job.py:639} INFO - DAG(s) dict_keys(['example_dag_decorator']) retrieved from /home/airflow/.local/lib/python3.6/site-packages/airflow/example_dags/example_dag_decorator.py
[2024-06-22 23:27:54,172] {logging_mixin.py:104} INFO - [2024-06-22 23:27:54,172] {dag.py:1824} INFO - Sync 1 DAGs
[2024-06-22 23:27:54,180] {logging_mixin.py:104} INFO - [2024-06-22 23:27:54,180] {dag.py:2280} INFO - Setting next_dagrun for example_dag_decorator to None
[2024-06-22 23:27:54,187] {scheduler_job.py:190} INFO - Processing /home/airflow/.local/lib/python3.6/site-packages/airflow/example_dags/example_dag_decorator.py took 0.039 seconds
[2024-06-22 23:28:24,932] {scheduler_job.py:182} INFO - Started process (PID=5639) to work on /home/airflow/.local/lib/python3.6/site-packages/airflow/example_dags/example_dag_decorator.py
[2024-06-22 23:28:24,932] {scheduler_job.py:629} INFO - Processing file /home/airflow/.local/lib/python3.6/site-packages/airflow/example_dags/example_dag_decorator.py for tasks to queue
[2024-06-22 23:28:24,933] {logging_mixin.py:104} INFO - [2024-06-22 23:28:24,933] {dagbag.py:451} INFO - Filling up the DagBag from /home/airflow/.local/lib/python3.6/site-packages/airflow/example_dags/example_dag_decorator.py
[2024-06-22 23:28:24,941] {scheduler_job.py:639} INFO - DAG(s) dict_keys(['example_dag_decorator']) retrieved from /home/airflow/.local/lib/python3.6/site-packages/airflow/example_dags/example_dag_decorator.py
[2024-06-22 23:28:24,954] {logging_mixin.py:104} INFO - [2024-06-22 23:28:24,953] {dag.py:1824} INFO - Sync 1 DAGs
[2024-06-22 23:28:24,961] {logging_mixin.py:104} INFO - [2024-06-22 23:28:24,961] {dag.py:2280} INFO - Setting next_dagrun for example_dag_decorator to None
[2024-06-22 23:28:24,969] {scheduler_job.py:190} INFO - Processing /home/airflow/.local/lib/python3.6/site-packages/airflow/example_dags/example_dag_decorator.py took 0.039 seconds
