[2024-06-22 00:00:19,931] {scheduler_job.py:182} INFO - Started process (PID=4270) to work on /home/airflow/.local/lib/python3.6/site-packages/airflow/example_dags/tutorial_taskflow_api_etl.py
[2024-06-22 00:00:19,931] {scheduler_job.py:629} INFO - Processing file /home/airflow/.local/lib/python3.6/site-packages/airflow/example_dags/tutorial_taskflow_api_etl.py for tasks to queue
[2024-06-22 00:00:19,932] {logging_mixin.py:104} INFO - [2024-06-22 00:00:19,932] {dagbag.py:451} INFO - Filling up the DagBag from /home/airflow/.local/lib/python3.6/site-packages/airflow/example_dags/tutorial_taskflow_api_etl.py
[2024-06-22 00:00:19,939] {scheduler_job.py:639} INFO - DAG(s) dict_keys(['tutorial_taskflow_api_etl']) retrieved from /home/airflow/.local/lib/python3.6/site-packages/airflow/example_dags/tutorial_taskflow_api_etl.py
[2024-06-22 00:00:19,952] {logging_mixin.py:104} INFO - [2024-06-22 00:00:19,952] {dag.py:1824} INFO - Sync 1 DAGs
[2024-06-22 00:00:19,960] {logging_mixin.py:104} INFO - [2024-06-22 00:00:19,960] {dag.py:2280} INFO - Setting next_dagrun for tutorial_taskflow_api_etl to None
[2024-06-22 00:00:19,966] {scheduler_job.py:190} INFO - Processing /home/airflow/.local/lib/python3.6/site-packages/airflow/example_dags/tutorial_taskflow_api_etl.py took 0.037 seconds
[2024-06-22 00:00:50,780] {scheduler_job.py:182} INFO - Started process (PID=4296) to work on /home/airflow/.local/lib/python3.6/site-packages/airflow/example_dags/tutorial_taskflow_api_etl.py
[2024-06-22 00:00:50,781] {scheduler_job.py:629} INFO - Processing file /home/airflow/.local/lib/python3.6/site-packages/airflow/example_dags/tutorial_taskflow_api_etl.py for tasks to queue
[2024-06-22 00:00:50,782] {logging_mixin.py:104} INFO - [2024-06-22 00:00:50,781] {dagbag.py:451} INFO - Filling up the DagBag from /home/airflow/.local/lib/python3.6/site-packages/airflow/example_dags/tutorial_taskflow_api_etl.py
[2024-06-22 00:00:50,789] {scheduler_job.py:639} INFO - DAG(s) dict_keys(['tutorial_taskflow_api_etl']) retrieved from /home/airflow/.local/lib/python3.6/site-packages/airflow/example_dags/tutorial_taskflow_api_etl.py
[2024-06-22 00:00:50,802] {logging_mixin.py:104} INFO - [2024-06-22 00:00:50,801] {dag.py:1824} INFO - Sync 1 DAGs
[2024-06-22 00:00:50,809] {logging_mixin.py:104} INFO - [2024-06-22 00:00:50,809] {dag.py:2280} INFO - Setting next_dagrun for tutorial_taskflow_api_etl to None
[2024-06-22 00:00:50,816] {scheduler_job.py:190} INFO - Processing /home/airflow/.local/lib/python3.6/site-packages/airflow/example_dags/tutorial_taskflow_api_etl.py took 0.038 seconds
[2024-06-22 00:01:21,523] {scheduler_job.py:182} INFO - Started process (PID=4322) to work on /home/airflow/.local/lib/python3.6/site-packages/airflow/example_dags/tutorial_taskflow_api_etl.py
[2024-06-22 00:01:21,524] {scheduler_job.py:629} INFO - Processing file /home/airflow/.local/lib/python3.6/site-packages/airflow/example_dags/tutorial_taskflow_api_etl.py for tasks to queue
[2024-06-22 00:01:21,524] {logging_mixin.py:104} INFO - [2024-06-22 00:01:21,524] {dagbag.py:451} INFO - Filling up the DagBag from /home/airflow/.local/lib/python3.6/site-packages/airflow/example_dags/tutorial_taskflow_api_etl.py
[2024-06-22 00:01:21,531] {scheduler_job.py:639} INFO - DAG(s) dict_keys(['tutorial_taskflow_api_etl']) retrieved from /home/airflow/.local/lib/python3.6/site-packages/airflow/example_dags/tutorial_taskflow_api_etl.py
[2024-06-22 00:01:21,544] {logging_mixin.py:104} INFO - [2024-06-22 00:01:21,544] {dag.py:1824} INFO - Sync 1 DAGs
[2024-06-22 00:01:21,552] {logging_mixin.py:104} INFO - [2024-06-22 00:01:21,552] {dag.py:2280} INFO - Setting next_dagrun for tutorial_taskflow_api_etl to None
[2024-06-22 00:01:21,559] {scheduler_job.py:190} INFO - Processing /home/airflow/.local/lib/python3.6/site-packages/airflow/example_dags/tutorial_taskflow_api_etl.py took 0.038 seconds
[2024-06-22 00:01:52,305] {scheduler_job.py:182} INFO - Started process (PID=4348) to work on /home/airflow/.local/lib/python3.6/site-packages/airflow/example_dags/tutorial_taskflow_api_etl.py
[2024-06-22 00:01:52,305] {scheduler_job.py:629} INFO - Processing file /home/airflow/.local/lib/python3.6/site-packages/airflow/example_dags/tutorial_taskflow_api_etl.py for tasks to queue
[2024-06-22 00:01:52,306] {logging_mixin.py:104} INFO - [2024-06-22 00:01:52,306] {dagbag.py:451} INFO - Filling up the DagBag from /home/airflow/.local/lib/python3.6/site-packages/airflow/example_dags/tutorial_taskflow_api_etl.py
[2024-06-22 00:01:52,313] {scheduler_job.py:639} INFO - DAG(s) dict_keys(['tutorial_taskflow_api_etl']) retrieved from /home/airflow/.local/lib/python3.6/site-packages/airflow/example_dags/tutorial_taskflow_api_etl.py
[2024-06-22 00:01:52,326] {logging_mixin.py:104} INFO - [2024-06-22 00:01:52,326] {dag.py:1824} INFO - Sync 1 DAGs
[2024-06-22 00:01:52,334] {logging_mixin.py:104} INFO - [2024-06-22 00:01:52,334] {dag.py:2280} INFO - Setting next_dagrun for tutorial_taskflow_api_etl to None
[2024-06-22 00:01:52,340] {scheduler_job.py:190} INFO - Processing /home/airflow/.local/lib/python3.6/site-packages/airflow/example_dags/tutorial_taskflow_api_etl.py took 0.037 seconds
[2024-06-22 00:02:23,047] {scheduler_job.py:182} INFO - Started process (PID=4374) to work on /home/airflow/.local/lib/python3.6/site-packages/airflow/example_dags/tutorial_taskflow_api_etl.py
[2024-06-22 00:02:23,048] {scheduler_job.py:629} INFO - Processing file /home/airflow/.local/lib/python3.6/site-packages/airflow/example_dags/tutorial_taskflow_api_etl.py for tasks to queue
[2024-06-22 00:02:23,049] {logging_mixin.py:104} INFO - [2024-06-22 00:02:23,048] {dagbag.py:451} INFO - Filling up the DagBag from /home/airflow/.local/lib/python3.6/site-packages/airflow/example_dags/tutorial_taskflow_api_etl.py
[2024-06-22 00:02:23,056] {scheduler_job.py:639} INFO - DAG(s) dict_keys(['tutorial_taskflow_api_etl']) retrieved from /home/airflow/.local/lib/python3.6/site-packages/airflow/example_dags/tutorial_taskflow_api_etl.py
[2024-06-22 00:02:23,069] {logging_mixin.py:104} INFO - [2024-06-22 00:02:23,069] {dag.py:1824} INFO - Sync 1 DAGs
[2024-06-22 00:02:23,077] {logging_mixin.py:104} INFO - [2024-06-22 00:02:23,077] {dag.py:2280} INFO - Setting next_dagrun for tutorial_taskflow_api_etl to None
[2024-06-22 00:02:23,083] {scheduler_job.py:190} INFO - Processing /home/airflow/.local/lib/python3.6/site-packages/airflow/example_dags/tutorial_taskflow_api_etl.py took 0.038 seconds
[2024-06-22 00:02:53,797] {scheduler_job.py:182} INFO - Started process (PID=4400) to work on /home/airflow/.local/lib/python3.6/site-packages/airflow/example_dags/tutorial_taskflow_api_etl.py
[2024-06-22 00:02:53,798] {scheduler_job.py:629} INFO - Processing file /home/airflow/.local/lib/python3.6/site-packages/airflow/example_dags/tutorial_taskflow_api_etl.py for tasks to queue
[2024-06-22 00:02:53,798] {logging_mixin.py:104} INFO - [2024-06-22 00:02:53,798] {dagbag.py:451} INFO - Filling up the DagBag from /home/airflow/.local/lib/python3.6/site-packages/airflow/example_dags/tutorial_taskflow_api_etl.py
[2024-06-22 00:02:53,805] {scheduler_job.py:639} INFO - DAG(s) dict_keys(['tutorial_taskflow_api_etl']) retrieved from /home/airflow/.local/lib/python3.6/site-packages/airflow/example_dags/tutorial_taskflow_api_etl.py
[2024-06-22 00:02:53,818] {logging_mixin.py:104} INFO - [2024-06-22 00:02:53,818] {dag.py:1824} INFO - Sync 1 DAGs
[2024-06-22 00:02:53,826] {logging_mixin.py:104} INFO - [2024-06-22 00:02:53,826] {dag.py:2280} INFO - Setting next_dagrun for tutorial_taskflow_api_etl to None
[2024-06-22 00:02:53,832] {scheduler_job.py:190} INFO - Processing /home/airflow/.local/lib/python3.6/site-packages/airflow/example_dags/tutorial_taskflow_api_etl.py took 0.037 seconds
[2024-06-22 00:03:24,475] {scheduler_job.py:182} INFO - Started process (PID=4426) to work on /home/airflow/.local/lib/python3.6/site-packages/airflow/example_dags/tutorial_taskflow_api_etl.py
[2024-06-22 00:03:24,476] {scheduler_job.py:629} INFO - Processing file /home/airflow/.local/lib/python3.6/site-packages/airflow/example_dags/tutorial_taskflow_api_etl.py for tasks to queue
[2024-06-22 00:03:24,476] {logging_mixin.py:104} INFO - [2024-06-22 00:03:24,476] {dagbag.py:451} INFO - Filling up the DagBag from /home/airflow/.local/lib/python3.6/site-packages/airflow/example_dags/tutorial_taskflow_api_etl.py
[2024-06-22 00:03:24,484] {scheduler_job.py:639} INFO - DAG(s) dict_keys(['tutorial_taskflow_api_etl']) retrieved from /home/airflow/.local/lib/python3.6/site-packages/airflow/example_dags/tutorial_taskflow_api_etl.py
[2024-06-22 00:03:24,496] {logging_mixin.py:104} INFO - [2024-06-22 00:03:24,496] {dag.py:1824} INFO - Sync 1 DAGs
[2024-06-22 00:03:24,504] {logging_mixin.py:104} INFO - [2024-06-22 00:03:24,504] {dag.py:2280} INFO - Setting next_dagrun for tutorial_taskflow_api_etl to None
[2024-06-22 00:03:24,510] {scheduler_job.py:190} INFO - Processing /home/airflow/.local/lib/python3.6/site-packages/airflow/example_dags/tutorial_taskflow_api_etl.py took 0.037 seconds
[2024-06-22 00:03:55,178] {scheduler_job.py:182} INFO - Started process (PID=4452) to work on /home/airflow/.local/lib/python3.6/site-packages/airflow/example_dags/tutorial_taskflow_api_etl.py
[2024-06-22 00:03:55,179] {scheduler_job.py:629} INFO - Processing file /home/airflow/.local/lib/python3.6/site-packages/airflow/example_dags/tutorial_taskflow_api_etl.py for tasks to queue
[2024-06-22 00:03:55,179] {logging_mixin.py:104} INFO - [2024-06-22 00:03:55,179] {dagbag.py:451} INFO - Filling up the DagBag from /home/airflow/.local/lib/python3.6/site-packages/airflow/example_dags/tutorial_taskflow_api_etl.py
[2024-06-22 00:03:55,187] {scheduler_job.py:639} INFO - DAG(s) dict_keys(['tutorial_taskflow_api_etl']) retrieved from /home/airflow/.local/lib/python3.6/site-packages/airflow/example_dags/tutorial_taskflow_api_etl.py
[2024-06-22 00:03:55,199] {logging_mixin.py:104} INFO - [2024-06-22 00:03:55,199] {dag.py:1824} INFO - Sync 1 DAGs
[2024-06-22 00:03:55,207] {logging_mixin.py:104} INFO - [2024-06-22 00:03:55,207] {dag.py:2280} INFO - Setting next_dagrun for tutorial_taskflow_api_etl to None
[2024-06-22 00:03:55,215] {scheduler_job.py:190} INFO - Processing /home/airflow/.local/lib/python3.6/site-packages/airflow/example_dags/tutorial_taskflow_api_etl.py took 0.039 seconds
[2024-06-22 00:04:25,934] {scheduler_job.py:182} INFO - Started process (PID=4478) to work on /home/airflow/.local/lib/python3.6/site-packages/airflow/example_dags/tutorial_taskflow_api_etl.py
[2024-06-22 00:04:25,935] {scheduler_job.py:629} INFO - Processing file /home/airflow/.local/lib/python3.6/site-packages/airflow/example_dags/tutorial_taskflow_api_etl.py for tasks to queue
[2024-06-22 00:04:25,935] {logging_mixin.py:104} INFO - [2024-06-22 00:04:25,935] {dagbag.py:451} INFO - Filling up the DagBag from /home/airflow/.local/lib/python3.6/site-packages/airflow/example_dags/tutorial_taskflow_api_etl.py
[2024-06-22 00:04:25,942] {scheduler_job.py:639} INFO - DAG(s) dict_keys(['tutorial_taskflow_api_etl']) retrieved from /home/airflow/.local/lib/python3.6/site-packages/airflow/example_dags/tutorial_taskflow_api_etl.py
[2024-06-22 00:04:25,955] {logging_mixin.py:104} INFO - [2024-06-22 00:04:25,955] {dag.py:1824} INFO - Sync 1 DAGs
[2024-06-22 00:04:25,963] {logging_mixin.py:104} INFO - [2024-06-22 00:04:25,963] {dag.py:2280} INFO - Setting next_dagrun for tutorial_taskflow_api_etl to None
[2024-06-22 00:04:25,968] {scheduler_job.py:190} INFO - Processing /home/airflow/.local/lib/python3.6/site-packages/airflow/example_dags/tutorial_taskflow_api_etl.py took 0.036 seconds
[2024-06-22 00:04:56,654] {scheduler_job.py:182} INFO - Started process (PID=4504) to work on /home/airflow/.local/lib/python3.6/site-packages/airflow/example_dags/tutorial_taskflow_api_etl.py
[2024-06-22 00:04:56,655] {scheduler_job.py:629} INFO - Processing file /home/airflow/.local/lib/python3.6/site-packages/airflow/example_dags/tutorial_taskflow_api_etl.py for tasks to queue
[2024-06-22 00:04:56,655] {logging_mixin.py:104} INFO - [2024-06-22 00:04:56,655] {dagbag.py:451} INFO - Filling up the DagBag from /home/airflow/.local/lib/python3.6/site-packages/airflow/example_dags/tutorial_taskflow_api_etl.py
[2024-06-22 00:04:56,662] {scheduler_job.py:639} INFO - DAG(s) dict_keys(['tutorial_taskflow_api_etl']) retrieved from /home/airflow/.local/lib/python3.6/site-packages/airflow/example_dags/tutorial_taskflow_api_etl.py
[2024-06-22 00:04:56,680] {logging_mixin.py:104} INFO - [2024-06-22 00:04:56,680] {dag.py:1824} INFO - Sync 1 DAGs
[2024-06-22 00:04:56,692] {logging_mixin.py:104} INFO - [2024-06-22 00:04:56,692] {dag.py:2280} INFO - Setting next_dagrun for tutorial_taskflow_api_etl to None
[2024-06-22 00:04:56,700] {scheduler_job.py:190} INFO - Processing /home/airflow/.local/lib/python3.6/site-packages/airflow/example_dags/tutorial_taskflow_api_etl.py took 0.048 seconds
[2024-06-22 00:05:27,427] {scheduler_job.py:182} INFO - Started process (PID=4530) to work on /home/airflow/.local/lib/python3.6/site-packages/airflow/example_dags/tutorial_taskflow_api_etl.py
[2024-06-22 00:05:27,427] {scheduler_job.py:629} INFO - Processing file /home/airflow/.local/lib/python3.6/site-packages/airflow/example_dags/tutorial_taskflow_api_etl.py for tasks to queue
[2024-06-22 00:05:27,428] {logging_mixin.py:104} INFO - [2024-06-22 00:05:27,428] {dagbag.py:451} INFO - Filling up the DagBag from /home/airflow/.local/lib/python3.6/site-packages/airflow/example_dags/tutorial_taskflow_api_etl.py
[2024-06-22 00:05:27,436] {scheduler_job.py:639} INFO - DAG(s) dict_keys(['tutorial_taskflow_api_etl']) retrieved from /home/airflow/.local/lib/python3.6/site-packages/airflow/example_dags/tutorial_taskflow_api_etl.py
[2024-06-22 00:05:27,448] {logging_mixin.py:104} INFO - [2024-06-22 00:05:27,448] {dag.py:1824} INFO - Sync 1 DAGs
[2024-06-22 00:05:27,456] {logging_mixin.py:104} INFO - [2024-06-22 00:05:27,456] {dag.py:2280} INFO - Setting next_dagrun for tutorial_taskflow_api_etl to None
[2024-06-22 00:05:27,463] {scheduler_job.py:190} INFO - Processing /home/airflow/.local/lib/python3.6/site-packages/airflow/example_dags/tutorial_taskflow_api_etl.py took 0.038 seconds
[2024-06-22 00:05:58,174] {scheduler_job.py:182} INFO - Started process (PID=4556) to work on /home/airflow/.local/lib/python3.6/site-packages/airflow/example_dags/tutorial_taskflow_api_etl.py
[2024-06-22 00:05:58,174] {scheduler_job.py:629} INFO - Processing file /home/airflow/.local/lib/python3.6/site-packages/airflow/example_dags/tutorial_taskflow_api_etl.py for tasks to queue
[2024-06-22 00:05:58,175] {logging_mixin.py:104} INFO - [2024-06-22 00:05:58,175] {dagbag.py:451} INFO - Filling up the DagBag from /home/airflow/.local/lib/python3.6/site-packages/airflow/example_dags/tutorial_taskflow_api_etl.py
[2024-06-22 00:05:58,182] {scheduler_job.py:639} INFO - DAG(s) dict_keys(['tutorial_taskflow_api_etl']) retrieved from /home/airflow/.local/lib/python3.6/site-packages/airflow/example_dags/tutorial_taskflow_api_etl.py
[2024-06-22 00:05:58,194] {logging_mixin.py:104} INFO - [2024-06-22 00:05:58,194] {dag.py:1824} INFO - Sync 1 DAGs
[2024-06-22 00:05:58,202] {logging_mixin.py:104} INFO - [2024-06-22 00:05:58,202] {dag.py:2280} INFO - Setting next_dagrun for tutorial_taskflow_api_etl to None
[2024-06-22 00:05:58,208] {scheduler_job.py:190} INFO - Processing /home/airflow/.local/lib/python3.6/site-packages/airflow/example_dags/tutorial_taskflow_api_etl.py took 0.036 seconds
[2024-06-22 00:06:28,851] {scheduler_job.py:182} INFO - Started process (PID=4582) to work on /home/airflow/.local/lib/python3.6/site-packages/airflow/example_dags/tutorial_taskflow_api_etl.py
[2024-06-22 00:06:28,853] {scheduler_job.py:629} INFO - Processing file /home/airflow/.local/lib/python3.6/site-packages/airflow/example_dags/tutorial_taskflow_api_etl.py for tasks to queue
[2024-06-22 00:06:28,853] {logging_mixin.py:104} INFO - [2024-06-22 00:06:28,853] {dagbag.py:451} INFO - Filling up the DagBag from /home/airflow/.local/lib/python3.6/site-packages/airflow/example_dags/tutorial_taskflow_api_etl.py
[2024-06-22 00:06:28,860] {scheduler_job.py:639} INFO - DAG(s) dict_keys(['tutorial_taskflow_api_etl']) retrieved from /home/airflow/.local/lib/python3.6/site-packages/airflow/example_dags/tutorial_taskflow_api_etl.py
[2024-06-22 00:06:28,872] {logging_mixin.py:104} INFO - [2024-06-22 00:06:28,872] {dag.py:1824} INFO - Sync 1 DAGs
[2024-06-22 00:06:28,880] {logging_mixin.py:104} INFO - [2024-06-22 00:06:28,880] {dag.py:2280} INFO - Setting next_dagrun for tutorial_taskflow_api_etl to None
[2024-06-22 00:06:28,887] {scheduler_job.py:190} INFO - Processing /home/airflow/.local/lib/python3.6/site-packages/airflow/example_dags/tutorial_taskflow_api_etl.py took 0.037 seconds
[2024-06-22 00:06:59,535] {scheduler_job.py:182} INFO - Started process (PID=4608) to work on /home/airflow/.local/lib/python3.6/site-packages/airflow/example_dags/tutorial_taskflow_api_etl.py
[2024-06-22 00:06:59,536] {scheduler_job.py:629} INFO - Processing file /home/airflow/.local/lib/python3.6/site-packages/airflow/example_dags/tutorial_taskflow_api_etl.py for tasks to queue
[2024-06-22 00:06:59,536] {logging_mixin.py:104} INFO - [2024-06-22 00:06:59,536] {dagbag.py:451} INFO - Filling up the DagBag from /home/airflow/.local/lib/python3.6/site-packages/airflow/example_dags/tutorial_taskflow_api_etl.py
[2024-06-22 00:06:59,543] {scheduler_job.py:639} INFO - DAG(s) dict_keys(['tutorial_taskflow_api_etl']) retrieved from /home/airflow/.local/lib/python3.6/site-packages/airflow/example_dags/tutorial_taskflow_api_etl.py
[2024-06-22 00:06:59,556] {logging_mixin.py:104} INFO - [2024-06-22 00:06:59,556] {dag.py:1824} INFO - Sync 1 DAGs
[2024-06-22 00:06:59,565] {logging_mixin.py:104} INFO - [2024-06-22 00:06:59,564] {dag.py:2280} INFO - Setting next_dagrun for tutorial_taskflow_api_etl to None
[2024-06-22 00:06:59,571] {scheduler_job.py:190} INFO - Processing /home/airflow/.local/lib/python3.6/site-packages/airflow/example_dags/tutorial_taskflow_api_etl.py took 0.037 seconds
[2024-06-22 00:07:30,227] {scheduler_job.py:182} INFO - Started process (PID=4634) to work on /home/airflow/.local/lib/python3.6/site-packages/airflow/example_dags/tutorial_taskflow_api_etl.py
[2024-06-22 00:07:30,227] {scheduler_job.py:629} INFO - Processing file /home/airflow/.local/lib/python3.6/site-packages/airflow/example_dags/tutorial_taskflow_api_etl.py for tasks to queue
[2024-06-22 00:07:30,228] {logging_mixin.py:104} INFO - [2024-06-22 00:07:30,228] {dagbag.py:451} INFO - Filling up the DagBag from /home/airflow/.local/lib/python3.6/site-packages/airflow/example_dags/tutorial_taskflow_api_etl.py
[2024-06-22 00:07:30,235] {scheduler_job.py:639} INFO - DAG(s) dict_keys(['tutorial_taskflow_api_etl']) retrieved from /home/airflow/.local/lib/python3.6/site-packages/airflow/example_dags/tutorial_taskflow_api_etl.py
[2024-06-22 00:07:30,248] {logging_mixin.py:104} INFO - [2024-06-22 00:07:30,248] {dag.py:1824} INFO - Sync 1 DAGs
[2024-06-22 00:07:30,257] {logging_mixin.py:104} INFO - [2024-06-22 00:07:30,257] {dag.py:2280} INFO - Setting next_dagrun for tutorial_taskflow_api_etl to None
[2024-06-22 00:07:30,263] {scheduler_job.py:190} INFO - Processing /home/airflow/.local/lib/python3.6/site-packages/airflow/example_dags/tutorial_taskflow_api_etl.py took 0.039 seconds
[2024-06-22 00:08:00,928] {scheduler_job.py:182} INFO - Started process (PID=4660) to work on /home/airflow/.local/lib/python3.6/site-packages/airflow/example_dags/tutorial_taskflow_api_etl.py
[2024-06-22 00:08:00,929] {scheduler_job.py:629} INFO - Processing file /home/airflow/.local/lib/python3.6/site-packages/airflow/example_dags/tutorial_taskflow_api_etl.py for tasks to queue
[2024-06-22 00:08:00,930] {logging_mixin.py:104} INFO - [2024-06-22 00:08:00,930] {dagbag.py:451} INFO - Filling up the DagBag from /home/airflow/.local/lib/python3.6/site-packages/airflow/example_dags/tutorial_taskflow_api_etl.py
[2024-06-22 00:08:00,937] {scheduler_job.py:639} INFO - DAG(s) dict_keys(['tutorial_taskflow_api_etl']) retrieved from /home/airflow/.local/lib/python3.6/site-packages/airflow/example_dags/tutorial_taskflow_api_etl.py
[2024-06-22 00:08:00,950] {logging_mixin.py:104} INFO - [2024-06-22 00:08:00,950] {dag.py:1824} INFO - Sync 1 DAGs
[2024-06-22 00:08:00,958] {logging_mixin.py:104} INFO - [2024-06-22 00:08:00,958] {dag.py:2280} INFO - Setting next_dagrun for tutorial_taskflow_api_etl to None
[2024-06-22 00:08:00,964] {scheduler_job.py:190} INFO - Processing /home/airflow/.local/lib/python3.6/site-packages/airflow/example_dags/tutorial_taskflow_api_etl.py took 0.038 seconds
[2024-06-22 00:08:31,695] {scheduler_job.py:182} INFO - Started process (PID=4686) to work on /home/airflow/.local/lib/python3.6/site-packages/airflow/example_dags/tutorial_taskflow_api_etl.py
[2024-06-22 00:08:31,696] {scheduler_job.py:629} INFO - Processing file /home/airflow/.local/lib/python3.6/site-packages/airflow/example_dags/tutorial_taskflow_api_etl.py for tasks to queue
[2024-06-22 00:08:31,696] {logging_mixin.py:104} INFO - [2024-06-22 00:08:31,696] {dagbag.py:451} INFO - Filling up the DagBag from /home/airflow/.local/lib/python3.6/site-packages/airflow/example_dags/tutorial_taskflow_api_etl.py
[2024-06-22 00:08:31,703] {scheduler_job.py:639} INFO - DAG(s) dict_keys(['tutorial_taskflow_api_etl']) retrieved from /home/airflow/.local/lib/python3.6/site-packages/airflow/example_dags/tutorial_taskflow_api_etl.py
[2024-06-22 00:08:31,717] {logging_mixin.py:104} INFO - [2024-06-22 00:08:31,717] {dag.py:1824} INFO - Sync 1 DAGs
[2024-06-22 00:08:31,725] {logging_mixin.py:104} INFO - [2024-06-22 00:08:31,725] {dag.py:2280} INFO - Setting next_dagrun for tutorial_taskflow_api_etl to None
[2024-06-22 00:08:31,731] {scheduler_job.py:190} INFO - Processing /home/airflow/.local/lib/python3.6/site-packages/airflow/example_dags/tutorial_taskflow_api_etl.py took 0.038 seconds
[2024-06-22 00:09:02,462] {scheduler_job.py:182} INFO - Started process (PID=4712) to work on /home/airflow/.local/lib/python3.6/site-packages/airflow/example_dags/tutorial_taskflow_api_etl.py
[2024-06-22 00:09:02,462] {scheduler_job.py:629} INFO - Processing file /home/airflow/.local/lib/python3.6/site-packages/airflow/example_dags/tutorial_taskflow_api_etl.py for tasks to queue
[2024-06-22 00:09:02,463] {logging_mixin.py:104} INFO - [2024-06-22 00:09:02,463] {dagbag.py:451} INFO - Filling up the DagBag from /home/airflow/.local/lib/python3.6/site-packages/airflow/example_dags/tutorial_taskflow_api_etl.py
[2024-06-22 00:09:02,470] {scheduler_job.py:639} INFO - DAG(s) dict_keys(['tutorial_taskflow_api_etl']) retrieved from /home/airflow/.local/lib/python3.6/site-packages/airflow/example_dags/tutorial_taskflow_api_etl.py
[2024-06-22 00:09:02,483] {logging_mixin.py:104} INFO - [2024-06-22 00:09:02,483] {dag.py:1824} INFO - Sync 1 DAGs
[2024-06-22 00:09:02,492] {logging_mixin.py:104} INFO - [2024-06-22 00:09:02,492] {dag.py:2280} INFO - Setting next_dagrun for tutorial_taskflow_api_etl to None
[2024-06-22 00:09:02,498] {scheduler_job.py:190} INFO - Processing /home/airflow/.local/lib/python3.6/site-packages/airflow/example_dags/tutorial_taskflow_api_etl.py took 0.038 seconds
[2024-06-22 00:09:33,200] {scheduler_job.py:182} INFO - Started process (PID=4738) to work on /home/airflow/.local/lib/python3.6/site-packages/airflow/example_dags/tutorial_taskflow_api_etl.py
[2024-06-22 00:09:33,201] {scheduler_job.py:629} INFO - Processing file /home/airflow/.local/lib/python3.6/site-packages/airflow/example_dags/tutorial_taskflow_api_etl.py for tasks to queue
[2024-06-22 00:09:33,202] {logging_mixin.py:104} INFO - [2024-06-22 00:09:33,202] {dagbag.py:451} INFO - Filling up the DagBag from /home/airflow/.local/lib/python3.6/site-packages/airflow/example_dags/tutorial_taskflow_api_etl.py
[2024-06-22 00:09:33,209] {scheduler_job.py:639} INFO - DAG(s) dict_keys(['tutorial_taskflow_api_etl']) retrieved from /home/airflow/.local/lib/python3.6/site-packages/airflow/example_dags/tutorial_taskflow_api_etl.py
[2024-06-22 00:09:33,222] {logging_mixin.py:104} INFO - [2024-06-22 00:09:33,222] {dag.py:1824} INFO - Sync 1 DAGs
[2024-06-22 00:09:33,230] {logging_mixin.py:104} INFO - [2024-06-22 00:09:33,230] {dag.py:2280} INFO - Setting next_dagrun for tutorial_taskflow_api_etl to None
[2024-06-22 00:09:33,237] {scheduler_job.py:190} INFO - Processing /home/airflow/.local/lib/python3.6/site-packages/airflow/example_dags/tutorial_taskflow_api_etl.py took 0.038 seconds
[2024-06-22 00:10:03,945] {scheduler_job.py:182} INFO - Started process (PID=4764) to work on /home/airflow/.local/lib/python3.6/site-packages/airflow/example_dags/tutorial_taskflow_api_etl.py
[2024-06-22 00:10:03,945] {scheduler_job.py:629} INFO - Processing file /home/airflow/.local/lib/python3.6/site-packages/airflow/example_dags/tutorial_taskflow_api_etl.py for tasks to queue
[2024-06-22 00:10:03,946] {logging_mixin.py:104} INFO - [2024-06-22 00:10:03,946] {dagbag.py:451} INFO - Filling up the DagBag from /home/airflow/.local/lib/python3.6/site-packages/airflow/example_dags/tutorial_taskflow_api_etl.py
[2024-06-22 00:10:03,953] {scheduler_job.py:639} INFO - DAG(s) dict_keys(['tutorial_taskflow_api_etl']) retrieved from /home/airflow/.local/lib/python3.6/site-packages/airflow/example_dags/tutorial_taskflow_api_etl.py
[2024-06-22 00:10:03,966] {logging_mixin.py:104} INFO - [2024-06-22 00:10:03,965] {dag.py:1824} INFO - Sync 1 DAGs
[2024-06-22 00:10:03,973] {logging_mixin.py:104} INFO - [2024-06-22 00:10:03,973] {dag.py:2280} INFO - Setting next_dagrun for tutorial_taskflow_api_etl to None
[2024-06-22 00:10:03,979] {scheduler_job.py:190} INFO - Processing /home/airflow/.local/lib/python3.6/site-packages/airflow/example_dags/tutorial_taskflow_api_etl.py took 0.036 seconds
[2024-06-22 00:10:34,727] {scheduler_job.py:182} INFO - Started process (PID=4790) to work on /home/airflow/.local/lib/python3.6/site-packages/airflow/example_dags/tutorial_taskflow_api_etl.py
[2024-06-22 00:10:34,728] {scheduler_job.py:629} INFO - Processing file /home/airflow/.local/lib/python3.6/site-packages/airflow/example_dags/tutorial_taskflow_api_etl.py for tasks to queue
[2024-06-22 00:10:34,728] {logging_mixin.py:104} INFO - [2024-06-22 00:10:34,728] {dagbag.py:451} INFO - Filling up the DagBag from /home/airflow/.local/lib/python3.6/site-packages/airflow/example_dags/tutorial_taskflow_api_etl.py
[2024-06-22 00:10:34,736] {scheduler_job.py:639} INFO - DAG(s) dict_keys(['tutorial_taskflow_api_etl']) retrieved from /home/airflow/.local/lib/python3.6/site-packages/airflow/example_dags/tutorial_taskflow_api_etl.py
[2024-06-22 00:10:34,750] {logging_mixin.py:104} INFO - [2024-06-22 00:10:34,750] {dag.py:1824} INFO - Sync 1 DAGs
[2024-06-22 00:10:34,758] {logging_mixin.py:104} INFO - [2024-06-22 00:10:34,758] {dag.py:2280} INFO - Setting next_dagrun for tutorial_taskflow_api_etl to None
[2024-06-22 00:10:34,764] {scheduler_job.py:190} INFO - Processing /home/airflow/.local/lib/python3.6/site-packages/airflow/example_dags/tutorial_taskflow_api_etl.py took 0.039 seconds
[2024-06-22 00:11:05,502] {scheduler_job.py:182} INFO - Started process (PID=4816) to work on /home/airflow/.local/lib/python3.6/site-packages/airflow/example_dags/tutorial_taskflow_api_etl.py
[2024-06-22 00:11:05,503] {scheduler_job.py:629} INFO - Processing file /home/airflow/.local/lib/python3.6/site-packages/airflow/example_dags/tutorial_taskflow_api_etl.py for tasks to queue
[2024-06-22 00:11:05,503] {logging_mixin.py:104} INFO - [2024-06-22 00:11:05,503] {dagbag.py:451} INFO - Filling up the DagBag from /home/airflow/.local/lib/python3.6/site-packages/airflow/example_dags/tutorial_taskflow_api_etl.py
[2024-06-22 00:11:05,511] {scheduler_job.py:639} INFO - DAG(s) dict_keys(['tutorial_taskflow_api_etl']) retrieved from /home/airflow/.local/lib/python3.6/site-packages/airflow/example_dags/tutorial_taskflow_api_etl.py
[2024-06-22 00:11:05,524] {logging_mixin.py:104} INFO - [2024-06-22 00:11:05,524] {dag.py:1824} INFO - Sync 1 DAGs
[2024-06-22 00:11:05,532] {logging_mixin.py:104} INFO - [2024-06-22 00:11:05,532] {dag.py:2280} INFO - Setting next_dagrun for tutorial_taskflow_api_etl to None
[2024-06-22 00:11:05,538] {scheduler_job.py:190} INFO - Processing /home/airflow/.local/lib/python3.6/site-packages/airflow/example_dags/tutorial_taskflow_api_etl.py took 0.038 seconds
[2024-06-22 00:11:36,287] {scheduler_job.py:182} INFO - Started process (PID=4842) to work on /home/airflow/.local/lib/python3.6/site-packages/airflow/example_dags/tutorial_taskflow_api_etl.py
[2024-06-22 00:11:36,288] {scheduler_job.py:629} INFO - Processing file /home/airflow/.local/lib/python3.6/site-packages/airflow/example_dags/tutorial_taskflow_api_etl.py for tasks to queue
[2024-06-22 00:11:36,289] {logging_mixin.py:104} INFO - [2024-06-22 00:11:36,289] {dagbag.py:451} INFO - Filling up the DagBag from /home/airflow/.local/lib/python3.6/site-packages/airflow/example_dags/tutorial_taskflow_api_etl.py
[2024-06-22 00:11:36,296] {scheduler_job.py:639} INFO - DAG(s) dict_keys(['tutorial_taskflow_api_etl']) retrieved from /home/airflow/.local/lib/python3.6/site-packages/airflow/example_dags/tutorial_taskflow_api_etl.py
[2024-06-22 00:11:36,309] {logging_mixin.py:104} INFO - [2024-06-22 00:11:36,309] {dag.py:1824} INFO - Sync 1 DAGs
[2024-06-22 00:11:36,317] {logging_mixin.py:104} INFO - [2024-06-22 00:11:36,317] {dag.py:2280} INFO - Setting next_dagrun for tutorial_taskflow_api_etl to None
[2024-06-22 00:11:36,324] {scheduler_job.py:190} INFO - Processing /home/airflow/.local/lib/python3.6/site-packages/airflow/example_dags/tutorial_taskflow_api_etl.py took 0.039 seconds
[2024-06-22 00:12:06,963] {scheduler_job.py:182} INFO - Started process (PID=4868) to work on /home/airflow/.local/lib/python3.6/site-packages/airflow/example_dags/tutorial_taskflow_api_etl.py
[2024-06-22 00:12:06,964] {scheduler_job.py:629} INFO - Processing file /home/airflow/.local/lib/python3.6/site-packages/airflow/example_dags/tutorial_taskflow_api_etl.py for tasks to queue
[2024-06-22 00:12:06,964] {logging_mixin.py:104} INFO - [2024-06-22 00:12:06,964] {dagbag.py:451} INFO - Filling up the DagBag from /home/airflow/.local/lib/python3.6/site-packages/airflow/example_dags/tutorial_taskflow_api_etl.py
[2024-06-22 00:12:06,971] {scheduler_job.py:639} INFO - DAG(s) dict_keys(['tutorial_taskflow_api_etl']) retrieved from /home/airflow/.local/lib/python3.6/site-packages/airflow/example_dags/tutorial_taskflow_api_etl.py
[2024-06-22 00:12:06,984] {logging_mixin.py:104} INFO - [2024-06-22 00:12:06,984] {dag.py:1824} INFO - Sync 1 DAGs
[2024-06-22 00:12:06,992] {logging_mixin.py:104} INFO - [2024-06-22 00:12:06,992] {dag.py:2280} INFO - Setting next_dagrun for tutorial_taskflow_api_etl to None
[2024-06-22 00:12:06,998] {scheduler_job.py:190} INFO - Processing /home/airflow/.local/lib/python3.6/site-packages/airflow/example_dags/tutorial_taskflow_api_etl.py took 0.037 seconds
[2024-06-22 00:12:37,798] {scheduler_job.py:182} INFO - Started process (PID=4894) to work on /home/airflow/.local/lib/python3.6/site-packages/airflow/example_dags/tutorial_taskflow_api_etl.py
[2024-06-22 00:12:37,799] {scheduler_job.py:629} INFO - Processing file /home/airflow/.local/lib/python3.6/site-packages/airflow/example_dags/tutorial_taskflow_api_etl.py for tasks to queue
[2024-06-22 00:12:37,799] {logging_mixin.py:104} INFO - [2024-06-22 00:12:37,799] {dagbag.py:451} INFO - Filling up the DagBag from /home/airflow/.local/lib/python3.6/site-packages/airflow/example_dags/tutorial_taskflow_api_etl.py
[2024-06-22 00:12:37,806] {scheduler_job.py:639} INFO - DAG(s) dict_keys(['tutorial_taskflow_api_etl']) retrieved from /home/airflow/.local/lib/python3.6/site-packages/airflow/example_dags/tutorial_taskflow_api_etl.py
[2024-06-22 00:12:37,820] {logging_mixin.py:104} INFO - [2024-06-22 00:12:37,820] {dag.py:1824} INFO - Sync 1 DAGs
[2024-06-22 00:12:37,827] {logging_mixin.py:104} INFO - [2024-06-22 00:12:37,827] {dag.py:2280} INFO - Setting next_dagrun for tutorial_taskflow_api_etl to None
[2024-06-22 00:12:37,833] {scheduler_job.py:190} INFO - Processing /home/airflow/.local/lib/python3.6/site-packages/airflow/example_dags/tutorial_taskflow_api_etl.py took 0.037 seconds
[2024-06-22 00:13:08,576] {scheduler_job.py:182} INFO - Started process (PID=4920) to work on /home/airflow/.local/lib/python3.6/site-packages/airflow/example_dags/tutorial_taskflow_api_etl.py
[2024-06-22 00:13:08,577] {scheduler_job.py:629} INFO - Processing file /home/airflow/.local/lib/python3.6/site-packages/airflow/example_dags/tutorial_taskflow_api_etl.py for tasks to queue
[2024-06-22 00:13:08,577] {logging_mixin.py:104} INFO - [2024-06-22 00:13:08,577] {dagbag.py:451} INFO - Filling up the DagBag from /home/airflow/.local/lib/python3.6/site-packages/airflow/example_dags/tutorial_taskflow_api_etl.py
[2024-06-22 00:13:08,585] {scheduler_job.py:639} INFO - DAG(s) dict_keys(['tutorial_taskflow_api_etl']) retrieved from /home/airflow/.local/lib/python3.6/site-packages/airflow/example_dags/tutorial_taskflow_api_etl.py
[2024-06-22 00:13:08,598] {logging_mixin.py:104} INFO - [2024-06-22 00:13:08,598] {dag.py:1824} INFO - Sync 1 DAGs
[2024-06-22 00:13:08,606] {logging_mixin.py:104} INFO - [2024-06-22 00:13:08,606] {dag.py:2280} INFO - Setting next_dagrun for tutorial_taskflow_api_etl to None
[2024-06-22 00:13:08,612] {scheduler_job.py:190} INFO - Processing /home/airflow/.local/lib/python3.6/site-packages/airflow/example_dags/tutorial_taskflow_api_etl.py took 0.038 seconds
[2024-06-22 00:13:39,259] {scheduler_job.py:182} INFO - Started process (PID=4946) to work on /home/airflow/.local/lib/python3.6/site-packages/airflow/example_dags/tutorial_taskflow_api_etl.py
[2024-06-22 00:13:39,260] {scheduler_job.py:629} INFO - Processing file /home/airflow/.local/lib/python3.6/site-packages/airflow/example_dags/tutorial_taskflow_api_etl.py for tasks to queue
[2024-06-22 00:13:39,260] {logging_mixin.py:104} INFO - [2024-06-22 00:13:39,260] {dagbag.py:451} INFO - Filling up the DagBag from /home/airflow/.local/lib/python3.6/site-packages/airflow/example_dags/tutorial_taskflow_api_etl.py
[2024-06-22 00:13:39,269] {scheduler_job.py:639} INFO - DAG(s) dict_keys(['tutorial_taskflow_api_etl']) retrieved from /home/airflow/.local/lib/python3.6/site-packages/airflow/example_dags/tutorial_taskflow_api_etl.py
[2024-06-22 00:13:39,283] {logging_mixin.py:104} INFO - [2024-06-22 00:13:39,283] {dag.py:1824} INFO - Sync 1 DAGs
[2024-06-22 00:13:39,293] {logging_mixin.py:104} INFO - [2024-06-22 00:13:39,293] {dag.py:2280} INFO - Setting next_dagrun for tutorial_taskflow_api_etl to None
[2024-06-22 00:13:39,300] {scheduler_job.py:190} INFO - Processing /home/airflow/.local/lib/python3.6/site-packages/airflow/example_dags/tutorial_taskflow_api_etl.py took 0.043 seconds
[2024-06-22 00:14:10,025] {scheduler_job.py:182} INFO - Started process (PID=4972) to work on /home/airflow/.local/lib/python3.6/site-packages/airflow/example_dags/tutorial_taskflow_api_etl.py
[2024-06-22 00:14:10,026] {scheduler_job.py:629} INFO - Processing file /home/airflow/.local/lib/python3.6/site-packages/airflow/example_dags/tutorial_taskflow_api_etl.py for tasks to queue
[2024-06-22 00:14:10,026] {logging_mixin.py:104} INFO - [2024-06-22 00:14:10,026] {dagbag.py:451} INFO - Filling up the DagBag from /home/airflow/.local/lib/python3.6/site-packages/airflow/example_dags/tutorial_taskflow_api_etl.py
[2024-06-22 00:14:10,033] {scheduler_job.py:639} INFO - DAG(s) dict_keys(['tutorial_taskflow_api_etl']) retrieved from /home/airflow/.local/lib/python3.6/site-packages/airflow/example_dags/tutorial_taskflow_api_etl.py
[2024-06-22 00:14:10,047] {logging_mixin.py:104} INFO - [2024-06-22 00:14:10,047] {dag.py:1824} INFO - Sync 1 DAGs
[2024-06-22 00:14:10,056] {logging_mixin.py:104} INFO - [2024-06-22 00:14:10,056] {dag.py:2280} INFO - Setting next_dagrun for tutorial_taskflow_api_etl to None
[2024-06-22 00:14:10,063] {scheduler_job.py:190} INFO - Processing /home/airflow/.local/lib/python3.6/site-packages/airflow/example_dags/tutorial_taskflow_api_etl.py took 0.040 seconds
[2024-06-22 00:14:40,855] {scheduler_job.py:182} INFO - Started process (PID=4998) to work on /home/airflow/.local/lib/python3.6/site-packages/airflow/example_dags/tutorial_taskflow_api_etl.py
[2024-06-22 00:14:40,856] {scheduler_job.py:629} INFO - Processing file /home/airflow/.local/lib/python3.6/site-packages/airflow/example_dags/tutorial_taskflow_api_etl.py for tasks to queue
[2024-06-22 00:14:40,857] {logging_mixin.py:104} INFO - [2024-06-22 00:14:40,857] {dagbag.py:451} INFO - Filling up the DagBag from /home/airflow/.local/lib/python3.6/site-packages/airflow/example_dags/tutorial_taskflow_api_etl.py
[2024-06-22 00:14:40,864] {scheduler_job.py:639} INFO - DAG(s) dict_keys(['tutorial_taskflow_api_etl']) retrieved from /home/airflow/.local/lib/python3.6/site-packages/airflow/example_dags/tutorial_taskflow_api_etl.py
[2024-06-22 00:14:40,877] {logging_mixin.py:104} INFO - [2024-06-22 00:14:40,877] {dag.py:1824} INFO - Sync 1 DAGs
[2024-06-22 00:14:40,886] {logging_mixin.py:104} INFO - [2024-06-22 00:14:40,886] {dag.py:2280} INFO - Setting next_dagrun for tutorial_taskflow_api_etl to None
[2024-06-22 00:14:40,892] {scheduler_job.py:190} INFO - Processing /home/airflow/.local/lib/python3.6/site-packages/airflow/example_dags/tutorial_taskflow_api_etl.py took 0.038 seconds
[2024-06-22 00:15:11,563] {scheduler_job.py:182} INFO - Started process (PID=5024) to work on /home/airflow/.local/lib/python3.6/site-packages/airflow/example_dags/tutorial_taskflow_api_etl.py
[2024-06-22 00:15:11,564] {scheduler_job.py:629} INFO - Processing file /home/airflow/.local/lib/python3.6/site-packages/airflow/example_dags/tutorial_taskflow_api_etl.py for tasks to queue
[2024-06-22 00:15:11,564] {logging_mixin.py:104} INFO - [2024-06-22 00:15:11,564] {dagbag.py:451} INFO - Filling up the DagBag from /home/airflow/.local/lib/python3.6/site-packages/airflow/example_dags/tutorial_taskflow_api_etl.py
[2024-06-22 00:15:11,572] {scheduler_job.py:639} INFO - DAG(s) dict_keys(['tutorial_taskflow_api_etl']) retrieved from /home/airflow/.local/lib/python3.6/site-packages/airflow/example_dags/tutorial_taskflow_api_etl.py
[2024-06-22 00:15:11,585] {logging_mixin.py:104} INFO - [2024-06-22 00:15:11,585] {dag.py:1824} INFO - Sync 1 DAGs
[2024-06-22 00:15:11,593] {logging_mixin.py:104} INFO - [2024-06-22 00:15:11,593] {dag.py:2280} INFO - Setting next_dagrun for tutorial_taskflow_api_etl to None
[2024-06-22 00:15:11,600] {scheduler_job.py:190} INFO - Processing /home/airflow/.local/lib/python3.6/site-packages/airflow/example_dags/tutorial_taskflow_api_etl.py took 0.038 seconds
[2024-06-22 00:15:42,390] {scheduler_job.py:182} INFO - Started process (PID=5050) to work on /home/airflow/.local/lib/python3.6/site-packages/airflow/example_dags/tutorial_taskflow_api_etl.py
[2024-06-22 00:15:42,391] {scheduler_job.py:629} INFO - Processing file /home/airflow/.local/lib/python3.6/site-packages/airflow/example_dags/tutorial_taskflow_api_etl.py for tasks to queue
[2024-06-22 00:15:42,391] {logging_mixin.py:104} INFO - [2024-06-22 00:15:42,391] {dagbag.py:451} INFO - Filling up the DagBag from /home/airflow/.local/lib/python3.6/site-packages/airflow/example_dags/tutorial_taskflow_api_etl.py
[2024-06-22 00:15:42,398] {scheduler_job.py:639} INFO - DAG(s) dict_keys(['tutorial_taskflow_api_etl']) retrieved from /home/airflow/.local/lib/python3.6/site-packages/airflow/example_dags/tutorial_taskflow_api_etl.py
[2024-06-22 00:15:42,412] {logging_mixin.py:104} INFO - [2024-06-22 00:15:42,411] {dag.py:1824} INFO - Sync 1 DAGs
[2024-06-22 00:15:42,420] {logging_mixin.py:104} INFO - [2024-06-22 00:15:42,420] {dag.py:2280} INFO - Setting next_dagrun for tutorial_taskflow_api_etl to None
[2024-06-22 00:15:42,426] {scheduler_job.py:190} INFO - Processing /home/airflow/.local/lib/python3.6/site-packages/airflow/example_dags/tutorial_taskflow_api_etl.py took 0.037 seconds
[2024-06-22 00:16:13,111] {scheduler_job.py:182} INFO - Started process (PID=5076) to work on /home/airflow/.local/lib/python3.6/site-packages/airflow/example_dags/tutorial_taskflow_api_etl.py
[2024-06-22 00:16:13,112] {scheduler_job.py:629} INFO - Processing file /home/airflow/.local/lib/python3.6/site-packages/airflow/example_dags/tutorial_taskflow_api_etl.py for tasks to queue
[2024-06-22 00:16:13,112] {logging_mixin.py:104} INFO - [2024-06-22 00:16:13,112] {dagbag.py:451} INFO - Filling up the DagBag from /home/airflow/.local/lib/python3.6/site-packages/airflow/example_dags/tutorial_taskflow_api_etl.py
[2024-06-22 00:16:13,120] {scheduler_job.py:639} INFO - DAG(s) dict_keys(['tutorial_taskflow_api_etl']) retrieved from /home/airflow/.local/lib/python3.6/site-packages/airflow/example_dags/tutorial_taskflow_api_etl.py
[2024-06-22 00:16:13,132] {logging_mixin.py:104} INFO - [2024-06-22 00:16:13,132] {dag.py:1824} INFO - Sync 1 DAGs
[2024-06-22 00:16:13,139] {logging_mixin.py:104} INFO - [2024-06-22 00:16:13,139] {dag.py:2280} INFO - Setting next_dagrun for tutorial_taskflow_api_etl to None
[2024-06-22 00:16:13,147] {scheduler_job.py:190} INFO - Processing /home/airflow/.local/lib/python3.6/site-packages/airflow/example_dags/tutorial_taskflow_api_etl.py took 0.038 seconds
[2024-06-22 00:16:43,879] {scheduler_job.py:182} INFO - Started process (PID=5102) to work on /home/airflow/.local/lib/python3.6/site-packages/airflow/example_dags/tutorial_taskflow_api_etl.py
[2024-06-22 00:16:43,880] {scheduler_job.py:629} INFO - Processing file /home/airflow/.local/lib/python3.6/site-packages/airflow/example_dags/tutorial_taskflow_api_etl.py for tasks to queue
[2024-06-22 00:16:43,880] {logging_mixin.py:104} INFO - [2024-06-22 00:16:43,880] {dagbag.py:451} INFO - Filling up the DagBag from /home/airflow/.local/lib/python3.6/site-packages/airflow/example_dags/tutorial_taskflow_api_etl.py
[2024-06-22 00:16:43,888] {scheduler_job.py:639} INFO - DAG(s) dict_keys(['tutorial_taskflow_api_etl']) retrieved from /home/airflow/.local/lib/python3.6/site-packages/airflow/example_dags/tutorial_taskflow_api_etl.py
[2024-06-22 00:16:43,901] {logging_mixin.py:104} INFO - [2024-06-22 00:16:43,901] {dag.py:1824} INFO - Sync 1 DAGs
[2024-06-22 00:16:43,909] {logging_mixin.py:104} INFO - [2024-06-22 00:16:43,909] {dag.py:2280} INFO - Setting next_dagrun for tutorial_taskflow_api_etl to None
[2024-06-22 00:16:43,916] {scheduler_job.py:190} INFO - Processing /home/airflow/.local/lib/python3.6/site-packages/airflow/example_dags/tutorial_taskflow_api_etl.py took 0.039 seconds
[2024-06-22 00:17:14,642] {scheduler_job.py:182} INFO - Started process (PID=5128) to work on /home/airflow/.local/lib/python3.6/site-packages/airflow/example_dags/tutorial_taskflow_api_etl.py
[2024-06-22 00:17:14,644] {scheduler_job.py:629} INFO - Processing file /home/airflow/.local/lib/python3.6/site-packages/airflow/example_dags/tutorial_taskflow_api_etl.py for tasks to queue
[2024-06-22 00:17:14,644] {logging_mixin.py:104} INFO - [2024-06-22 00:17:14,644] {dagbag.py:451} INFO - Filling up the DagBag from /home/airflow/.local/lib/python3.6/site-packages/airflow/example_dags/tutorial_taskflow_api_etl.py
[2024-06-22 00:17:14,652] {scheduler_job.py:639} INFO - DAG(s) dict_keys(['tutorial_taskflow_api_etl']) retrieved from /home/airflow/.local/lib/python3.6/site-packages/airflow/example_dags/tutorial_taskflow_api_etl.py
[2024-06-22 00:17:14,668] {logging_mixin.py:104} INFO - [2024-06-22 00:17:14,667] {dag.py:1824} INFO - Sync 1 DAGs
[2024-06-22 00:17:14,676] {logging_mixin.py:104} INFO - [2024-06-22 00:17:14,676] {dag.py:2280} INFO - Setting next_dagrun for tutorial_taskflow_api_etl to None
[2024-06-22 00:17:14,682] {scheduler_job.py:190} INFO - Processing /home/airflow/.local/lib/python3.6/site-packages/airflow/example_dags/tutorial_taskflow_api_etl.py took 0.044 seconds
[2024-06-22 00:17:45,428] {scheduler_job.py:182} INFO - Started process (PID=5154) to work on /home/airflow/.local/lib/python3.6/site-packages/airflow/example_dags/tutorial_taskflow_api_etl.py
[2024-06-22 00:17:45,429] {scheduler_job.py:629} INFO - Processing file /home/airflow/.local/lib/python3.6/site-packages/airflow/example_dags/tutorial_taskflow_api_etl.py for tasks to queue
[2024-06-22 00:17:45,429] {logging_mixin.py:104} INFO - [2024-06-22 00:17:45,429] {dagbag.py:451} INFO - Filling up the DagBag from /home/airflow/.local/lib/python3.6/site-packages/airflow/example_dags/tutorial_taskflow_api_etl.py
[2024-06-22 00:17:45,437] {scheduler_job.py:639} INFO - DAG(s) dict_keys(['tutorial_taskflow_api_etl']) retrieved from /home/airflow/.local/lib/python3.6/site-packages/airflow/example_dags/tutorial_taskflow_api_etl.py
[2024-06-22 00:17:45,450] {logging_mixin.py:104} INFO - [2024-06-22 00:17:45,450] {dag.py:1824} INFO - Sync 1 DAGs
[2024-06-22 00:17:45,458] {logging_mixin.py:104} INFO - [2024-06-22 00:17:45,458] {dag.py:2280} INFO - Setting next_dagrun for tutorial_taskflow_api_etl to None
[2024-06-22 00:17:45,465] {scheduler_job.py:190} INFO - Processing /home/airflow/.local/lib/python3.6/site-packages/airflow/example_dags/tutorial_taskflow_api_etl.py took 0.039 seconds
[2024-06-22 00:18:16,190] {scheduler_job.py:182} INFO - Started process (PID=5180) to work on /home/airflow/.local/lib/python3.6/site-packages/airflow/example_dags/tutorial_taskflow_api_etl.py
[2024-06-22 00:18:16,191] {scheduler_job.py:629} INFO - Processing file /home/airflow/.local/lib/python3.6/site-packages/airflow/example_dags/tutorial_taskflow_api_etl.py for tasks to queue
[2024-06-22 00:18:16,191] {logging_mixin.py:104} INFO - [2024-06-22 00:18:16,191] {dagbag.py:451} INFO - Filling up the DagBag from /home/airflow/.local/lib/python3.6/site-packages/airflow/example_dags/tutorial_taskflow_api_etl.py
[2024-06-22 00:18:16,198] {scheduler_job.py:639} INFO - DAG(s) dict_keys(['tutorial_taskflow_api_etl']) retrieved from /home/airflow/.local/lib/python3.6/site-packages/airflow/example_dags/tutorial_taskflow_api_etl.py
[2024-06-22 00:18:16,211] {logging_mixin.py:104} INFO - [2024-06-22 00:18:16,211] {dag.py:1824} INFO - Sync 1 DAGs
[2024-06-22 00:18:16,219] {logging_mixin.py:104} INFO - [2024-06-22 00:18:16,219] {dag.py:2280} INFO - Setting next_dagrun for tutorial_taskflow_api_etl to None
[2024-06-22 00:18:16,226] {scheduler_job.py:190} INFO - Processing /home/airflow/.local/lib/python3.6/site-packages/airflow/example_dags/tutorial_taskflow_api_etl.py took 0.037 seconds
[2024-06-22 00:18:46,948] {scheduler_job.py:182} INFO - Started process (PID=5206) to work on /home/airflow/.local/lib/python3.6/site-packages/airflow/example_dags/tutorial_taskflow_api_etl.py
[2024-06-22 00:18:46,949] {scheduler_job.py:629} INFO - Processing file /home/airflow/.local/lib/python3.6/site-packages/airflow/example_dags/tutorial_taskflow_api_etl.py for tasks to queue
[2024-06-22 00:18:46,949] {logging_mixin.py:104} INFO - [2024-06-22 00:18:46,949] {dagbag.py:451} INFO - Filling up the DagBag from /home/airflow/.local/lib/python3.6/site-packages/airflow/example_dags/tutorial_taskflow_api_etl.py
[2024-06-22 00:18:46,956] {scheduler_job.py:639} INFO - DAG(s) dict_keys(['tutorial_taskflow_api_etl']) retrieved from /home/airflow/.local/lib/python3.6/site-packages/airflow/example_dags/tutorial_taskflow_api_etl.py
[2024-06-22 00:18:46,969] {logging_mixin.py:104} INFO - [2024-06-22 00:18:46,969] {dag.py:1824} INFO - Sync 1 DAGs
[2024-06-22 00:18:46,977] {logging_mixin.py:104} INFO - [2024-06-22 00:18:46,977] {dag.py:2280} INFO - Setting next_dagrun for tutorial_taskflow_api_etl to None
[2024-06-22 00:18:46,984] {scheduler_job.py:190} INFO - Processing /home/airflow/.local/lib/python3.6/site-packages/airflow/example_dags/tutorial_taskflow_api_etl.py took 0.038 seconds
[2024-06-22 00:19:17,722] {scheduler_job.py:182} INFO - Started process (PID=5232) to work on /home/airflow/.local/lib/python3.6/site-packages/airflow/example_dags/tutorial_taskflow_api_etl.py
[2024-06-22 00:19:17,723] {scheduler_job.py:629} INFO - Processing file /home/airflow/.local/lib/python3.6/site-packages/airflow/example_dags/tutorial_taskflow_api_etl.py for tasks to queue
[2024-06-22 00:19:17,724] {logging_mixin.py:104} INFO - [2024-06-22 00:19:17,723] {dagbag.py:451} INFO - Filling up the DagBag from /home/airflow/.local/lib/python3.6/site-packages/airflow/example_dags/tutorial_taskflow_api_etl.py
[2024-06-22 00:19:17,730] {scheduler_job.py:639} INFO - DAG(s) dict_keys(['tutorial_taskflow_api_etl']) retrieved from /home/airflow/.local/lib/python3.6/site-packages/airflow/example_dags/tutorial_taskflow_api_etl.py
[2024-06-22 00:19:17,743] {logging_mixin.py:104} INFO - [2024-06-22 00:19:17,743] {dag.py:1824} INFO - Sync 1 DAGs
[2024-06-22 00:19:17,751] {logging_mixin.py:104} INFO - [2024-06-22 00:19:17,751] {dag.py:2280} INFO - Setting next_dagrun for tutorial_taskflow_api_etl to None
[2024-06-22 00:19:17,758] {scheduler_job.py:190} INFO - Processing /home/airflow/.local/lib/python3.6/site-packages/airflow/example_dags/tutorial_taskflow_api_etl.py took 0.037 seconds
[2024-06-22 00:19:48,491] {scheduler_job.py:182} INFO - Started process (PID=5258) to work on /home/airflow/.local/lib/python3.6/site-packages/airflow/example_dags/tutorial_taskflow_api_etl.py
[2024-06-22 00:19:48,492] {scheduler_job.py:629} INFO - Processing file /home/airflow/.local/lib/python3.6/site-packages/airflow/example_dags/tutorial_taskflow_api_etl.py for tasks to queue
[2024-06-22 00:19:48,492] {logging_mixin.py:104} INFO - [2024-06-22 00:19:48,492] {dagbag.py:451} INFO - Filling up the DagBag from /home/airflow/.local/lib/python3.6/site-packages/airflow/example_dags/tutorial_taskflow_api_etl.py
[2024-06-22 00:19:48,499] {scheduler_job.py:639} INFO - DAG(s) dict_keys(['tutorial_taskflow_api_etl']) retrieved from /home/airflow/.local/lib/python3.6/site-packages/airflow/example_dags/tutorial_taskflow_api_etl.py
[2024-06-22 00:19:48,512] {logging_mixin.py:104} INFO - [2024-06-22 00:19:48,512] {dag.py:1824} INFO - Sync 1 DAGs
[2024-06-22 00:19:48,520] {logging_mixin.py:104} INFO - [2024-06-22 00:19:48,520] {dag.py:2280} INFO - Setting next_dagrun for tutorial_taskflow_api_etl to None
[2024-06-22 00:19:48,527] {scheduler_job.py:190} INFO - Processing /home/airflow/.local/lib/python3.6/site-packages/airflow/example_dags/tutorial_taskflow_api_etl.py took 0.037 seconds
[2024-06-22 00:20:19,152] {scheduler_job.py:182} INFO - Started process (PID=5284) to work on /home/airflow/.local/lib/python3.6/site-packages/airflow/example_dags/tutorial_taskflow_api_etl.py
[2024-06-22 00:20:19,152] {scheduler_job.py:629} INFO - Processing file /home/airflow/.local/lib/python3.6/site-packages/airflow/example_dags/tutorial_taskflow_api_etl.py for tasks to queue
[2024-06-22 00:20:19,153] {logging_mixin.py:104} INFO - [2024-06-22 00:20:19,153] {dagbag.py:451} INFO - Filling up the DagBag from /home/airflow/.local/lib/python3.6/site-packages/airflow/example_dags/tutorial_taskflow_api_etl.py
[2024-06-22 00:20:19,160] {scheduler_job.py:639} INFO - DAG(s) dict_keys(['tutorial_taskflow_api_etl']) retrieved from /home/airflow/.local/lib/python3.6/site-packages/airflow/example_dags/tutorial_taskflow_api_etl.py
[2024-06-22 00:20:19,173] {logging_mixin.py:104} INFO - [2024-06-22 00:20:19,172] {dag.py:1824} INFO - Sync 1 DAGs
[2024-06-22 00:20:19,181] {logging_mixin.py:104} INFO - [2024-06-22 00:20:19,181] {dag.py:2280} INFO - Setting next_dagrun for tutorial_taskflow_api_etl to None
[2024-06-22 00:20:19,187] {scheduler_job.py:190} INFO - Processing /home/airflow/.local/lib/python3.6/site-packages/airflow/example_dags/tutorial_taskflow_api_etl.py took 0.037 seconds
[2024-06-22 00:20:49,915] {scheduler_job.py:182} INFO - Started process (PID=5310) to work on /home/airflow/.local/lib/python3.6/site-packages/airflow/example_dags/tutorial_taskflow_api_etl.py
[2024-06-22 00:20:49,915] {scheduler_job.py:629} INFO - Processing file /home/airflow/.local/lib/python3.6/site-packages/airflow/example_dags/tutorial_taskflow_api_etl.py for tasks to queue
[2024-06-22 00:20:49,916] {logging_mixin.py:104} INFO - [2024-06-22 00:20:49,916] {dagbag.py:451} INFO - Filling up the DagBag from /home/airflow/.local/lib/python3.6/site-packages/airflow/example_dags/tutorial_taskflow_api_etl.py
[2024-06-22 00:20:49,923] {scheduler_job.py:639} INFO - DAG(s) dict_keys(['tutorial_taskflow_api_etl']) retrieved from /home/airflow/.local/lib/python3.6/site-packages/airflow/example_dags/tutorial_taskflow_api_etl.py
[2024-06-22 00:20:49,935] {logging_mixin.py:104} INFO - [2024-06-22 00:20:49,935] {dag.py:1824} INFO - Sync 1 DAGs
[2024-06-22 00:20:49,943] {logging_mixin.py:104} INFO - [2024-06-22 00:20:49,943] {dag.py:2280} INFO - Setting next_dagrun for tutorial_taskflow_api_etl to None
[2024-06-22 00:20:49,950] {scheduler_job.py:190} INFO - Processing /home/airflow/.local/lib/python3.6/site-packages/airflow/example_dags/tutorial_taskflow_api_etl.py took 0.037 seconds
[2024-06-22 00:21:20,596] {scheduler_job.py:182} INFO - Started process (PID=5336) to work on /home/airflow/.local/lib/python3.6/site-packages/airflow/example_dags/tutorial_taskflow_api_etl.py
[2024-06-22 00:21:20,597] {scheduler_job.py:629} INFO - Processing file /home/airflow/.local/lib/python3.6/site-packages/airflow/example_dags/tutorial_taskflow_api_etl.py for tasks to queue
[2024-06-22 00:21:20,597] {logging_mixin.py:104} INFO - [2024-06-22 00:21:20,597] {dagbag.py:451} INFO - Filling up the DagBag from /home/airflow/.local/lib/python3.6/site-packages/airflow/example_dags/tutorial_taskflow_api_etl.py
[2024-06-22 00:21:20,604] {scheduler_job.py:639} INFO - DAG(s) dict_keys(['tutorial_taskflow_api_etl']) retrieved from /home/airflow/.local/lib/python3.6/site-packages/airflow/example_dags/tutorial_taskflow_api_etl.py
[2024-06-22 00:21:20,617] {logging_mixin.py:104} INFO - [2024-06-22 00:21:20,617] {dag.py:1824} INFO - Sync 1 DAGs
[2024-06-22 00:21:20,631] {logging_mixin.py:104} INFO - [2024-06-22 00:21:20,631] {dag.py:2280} INFO - Setting next_dagrun for tutorial_taskflow_api_etl to None
[2024-06-22 00:21:20,639] {scheduler_job.py:190} INFO - Processing /home/airflow/.local/lib/python3.6/site-packages/airflow/example_dags/tutorial_taskflow_api_etl.py took 0.045 seconds
[2024-06-22 00:21:51,369] {scheduler_job.py:182} INFO - Started process (PID=5362) to work on /home/airflow/.local/lib/python3.6/site-packages/airflow/example_dags/tutorial_taskflow_api_etl.py
[2024-06-22 00:21:51,370] {scheduler_job.py:629} INFO - Processing file /home/airflow/.local/lib/python3.6/site-packages/airflow/example_dags/tutorial_taskflow_api_etl.py for tasks to queue
[2024-06-22 00:21:51,371] {logging_mixin.py:104} INFO - [2024-06-22 00:21:51,370] {dagbag.py:451} INFO - Filling up the DagBag from /home/airflow/.local/lib/python3.6/site-packages/airflow/example_dags/tutorial_taskflow_api_etl.py
[2024-06-22 00:21:51,378] {scheduler_job.py:639} INFO - DAG(s) dict_keys(['tutorial_taskflow_api_etl']) retrieved from /home/airflow/.local/lib/python3.6/site-packages/airflow/example_dags/tutorial_taskflow_api_etl.py
[2024-06-22 00:21:51,391] {logging_mixin.py:104} INFO - [2024-06-22 00:21:51,391] {dag.py:1824} INFO - Sync 1 DAGs
[2024-06-22 00:21:51,400] {logging_mixin.py:104} INFO - [2024-06-22 00:21:51,400] {dag.py:2280} INFO - Setting next_dagrun for tutorial_taskflow_api_etl to None
[2024-06-22 00:21:51,410] {scheduler_job.py:190} INFO - Processing /home/airflow/.local/lib/python3.6/site-packages/airflow/example_dags/tutorial_taskflow_api_etl.py took 0.043 seconds
[2024-06-22 00:22:22,066] {scheduler_job.py:182} INFO - Started process (PID=5388) to work on /home/airflow/.local/lib/python3.6/site-packages/airflow/example_dags/tutorial_taskflow_api_etl.py
[2024-06-22 00:22:22,067] {scheduler_job.py:629} INFO - Processing file /home/airflow/.local/lib/python3.6/site-packages/airflow/example_dags/tutorial_taskflow_api_etl.py for tasks to queue
[2024-06-22 00:22:22,067] {logging_mixin.py:104} INFO - [2024-06-22 00:22:22,067] {dagbag.py:451} INFO - Filling up the DagBag from /home/airflow/.local/lib/python3.6/site-packages/airflow/example_dags/tutorial_taskflow_api_etl.py
[2024-06-22 00:22:22,074] {scheduler_job.py:639} INFO - DAG(s) dict_keys(['tutorial_taskflow_api_etl']) retrieved from /home/airflow/.local/lib/python3.6/site-packages/airflow/example_dags/tutorial_taskflow_api_etl.py
[2024-06-22 00:22:22,087] {logging_mixin.py:104} INFO - [2024-06-22 00:22:22,087] {dag.py:1824} INFO - Sync 1 DAGs
[2024-06-22 00:22:22,095] {logging_mixin.py:104} INFO - [2024-06-22 00:22:22,095] {dag.py:2280} INFO - Setting next_dagrun for tutorial_taskflow_api_etl to None
[2024-06-22 00:22:22,102] {scheduler_job.py:190} INFO - Processing /home/airflow/.local/lib/python3.6/site-packages/airflow/example_dags/tutorial_taskflow_api_etl.py took 0.038 seconds
[2024-06-22 00:22:52,869] {scheduler_job.py:182} INFO - Started process (PID=5414) to work on /home/airflow/.local/lib/python3.6/site-packages/airflow/example_dags/tutorial_taskflow_api_etl.py
[2024-06-22 00:22:52,869] {scheduler_job.py:629} INFO - Processing file /home/airflow/.local/lib/python3.6/site-packages/airflow/example_dags/tutorial_taskflow_api_etl.py for tasks to queue
[2024-06-22 00:22:52,870] {logging_mixin.py:104} INFO - [2024-06-22 00:22:52,870] {dagbag.py:451} INFO - Filling up the DagBag from /home/airflow/.local/lib/python3.6/site-packages/airflow/example_dags/tutorial_taskflow_api_etl.py
[2024-06-22 00:22:52,877] {scheduler_job.py:639} INFO - DAG(s) dict_keys(['tutorial_taskflow_api_etl']) retrieved from /home/airflow/.local/lib/python3.6/site-packages/airflow/example_dags/tutorial_taskflow_api_etl.py
[2024-06-22 00:22:52,889] {logging_mixin.py:104} INFO - [2024-06-22 00:22:52,889] {dag.py:1824} INFO - Sync 1 DAGs
[2024-06-22 00:22:52,897] {logging_mixin.py:104} INFO - [2024-06-22 00:22:52,897] {dag.py:2280} INFO - Setting next_dagrun for tutorial_taskflow_api_etl to None
[2024-06-22 00:22:52,902] {scheduler_job.py:190} INFO - Processing /home/airflow/.local/lib/python3.6/site-packages/airflow/example_dags/tutorial_taskflow_api_etl.py took 0.036 seconds
[2024-06-22 00:23:23,613] {scheduler_job.py:182} INFO - Started process (PID=5440) to work on /home/airflow/.local/lib/python3.6/site-packages/airflow/example_dags/tutorial_taskflow_api_etl.py
[2024-06-22 00:23:23,614] {scheduler_job.py:629} INFO - Processing file /home/airflow/.local/lib/python3.6/site-packages/airflow/example_dags/tutorial_taskflow_api_etl.py for tasks to queue
[2024-06-22 00:23:23,614] {logging_mixin.py:104} INFO - [2024-06-22 00:23:23,614] {dagbag.py:451} INFO - Filling up the DagBag from /home/airflow/.local/lib/python3.6/site-packages/airflow/example_dags/tutorial_taskflow_api_etl.py
[2024-06-22 00:23:23,621] {scheduler_job.py:639} INFO - DAG(s) dict_keys(['tutorial_taskflow_api_etl']) retrieved from /home/airflow/.local/lib/python3.6/site-packages/airflow/example_dags/tutorial_taskflow_api_etl.py
[2024-06-22 00:23:23,634] {logging_mixin.py:104} INFO - [2024-06-22 00:23:23,634] {dag.py:1824} INFO - Sync 1 DAGs
[2024-06-22 00:23:23,642] {logging_mixin.py:104} INFO - [2024-06-22 00:23:23,642] {dag.py:2280} INFO - Setting next_dagrun for tutorial_taskflow_api_etl to None
[2024-06-22 00:23:23,649] {scheduler_job.py:190} INFO - Processing /home/airflow/.local/lib/python3.6/site-packages/airflow/example_dags/tutorial_taskflow_api_etl.py took 0.037 seconds
[2024-06-22 00:23:54,395] {scheduler_job.py:182} INFO - Started process (PID=5466) to work on /home/airflow/.local/lib/python3.6/site-packages/airflow/example_dags/tutorial_taskflow_api_etl.py
[2024-06-22 00:23:54,395] {scheduler_job.py:629} INFO - Processing file /home/airflow/.local/lib/python3.6/site-packages/airflow/example_dags/tutorial_taskflow_api_etl.py for tasks to queue
[2024-06-22 00:23:54,396] {logging_mixin.py:104} INFO - [2024-06-22 00:23:54,396] {dagbag.py:451} INFO - Filling up the DagBag from /home/airflow/.local/lib/python3.6/site-packages/airflow/example_dags/tutorial_taskflow_api_etl.py
[2024-06-22 00:23:54,403] {scheduler_job.py:639} INFO - DAG(s) dict_keys(['tutorial_taskflow_api_etl']) retrieved from /home/airflow/.local/lib/python3.6/site-packages/airflow/example_dags/tutorial_taskflow_api_etl.py
[2024-06-22 00:23:54,416] {logging_mixin.py:104} INFO - [2024-06-22 00:23:54,415] {dag.py:1824} INFO - Sync 1 DAGs
[2024-06-22 00:23:54,423] {logging_mixin.py:104} INFO - [2024-06-22 00:23:54,423] {dag.py:2280} INFO - Setting next_dagrun for tutorial_taskflow_api_etl to None
[2024-06-22 00:23:54,429] {scheduler_job.py:190} INFO - Processing /home/airflow/.local/lib/python3.6/site-packages/airflow/example_dags/tutorial_taskflow_api_etl.py took 0.036 seconds
[2024-06-22 00:24:25,235] {scheduler_job.py:182} INFO - Started process (PID=5492) to work on /home/airflow/.local/lib/python3.6/site-packages/airflow/example_dags/tutorial_taskflow_api_etl.py
[2024-06-22 00:24:25,236] {scheduler_job.py:629} INFO - Processing file /home/airflow/.local/lib/python3.6/site-packages/airflow/example_dags/tutorial_taskflow_api_etl.py for tasks to queue
[2024-06-22 00:24:25,236] {logging_mixin.py:104} INFO - [2024-06-22 00:24:25,236] {dagbag.py:451} INFO - Filling up the DagBag from /home/airflow/.local/lib/python3.6/site-packages/airflow/example_dags/tutorial_taskflow_api_etl.py
[2024-06-22 00:24:25,244] {scheduler_job.py:639} INFO - DAG(s) dict_keys(['tutorial_taskflow_api_etl']) retrieved from /home/airflow/.local/lib/python3.6/site-packages/airflow/example_dags/tutorial_taskflow_api_etl.py
[2024-06-22 00:24:25,256] {logging_mixin.py:104} INFO - [2024-06-22 00:24:25,256] {dag.py:1824} INFO - Sync 1 DAGs
[2024-06-22 00:24:25,264] {logging_mixin.py:104} INFO - [2024-06-22 00:24:25,264] {dag.py:2280} INFO - Setting next_dagrun for tutorial_taskflow_api_etl to None
[2024-06-22 00:24:25,270] {scheduler_job.py:190} INFO - Processing /home/airflow/.local/lib/python3.6/site-packages/airflow/example_dags/tutorial_taskflow_api_etl.py took 0.036 seconds
[2024-06-22 00:24:56,000] {scheduler_job.py:182} INFO - Started process (PID=5518) to work on /home/airflow/.local/lib/python3.6/site-packages/airflow/example_dags/tutorial_taskflow_api_etl.py
[2024-06-22 00:24:56,001] {scheduler_job.py:629} INFO - Processing file /home/airflow/.local/lib/python3.6/site-packages/airflow/example_dags/tutorial_taskflow_api_etl.py for tasks to queue
[2024-06-22 00:24:56,001] {logging_mixin.py:104} INFO - [2024-06-22 00:24:56,001] {dagbag.py:451} INFO - Filling up the DagBag from /home/airflow/.local/lib/python3.6/site-packages/airflow/example_dags/tutorial_taskflow_api_etl.py
[2024-06-22 00:24:56,008] {scheduler_job.py:639} INFO - DAG(s) dict_keys(['tutorial_taskflow_api_etl']) retrieved from /home/airflow/.local/lib/python3.6/site-packages/airflow/example_dags/tutorial_taskflow_api_etl.py
[2024-06-22 00:24:56,022] {logging_mixin.py:104} INFO - [2024-06-22 00:24:56,022] {dag.py:1824} INFO - Sync 1 DAGs
[2024-06-22 00:24:56,030] {logging_mixin.py:104} INFO - [2024-06-22 00:24:56,030] {dag.py:2280} INFO - Setting next_dagrun for tutorial_taskflow_api_etl to None
[2024-06-22 00:24:56,036] {scheduler_job.py:190} INFO - Processing /home/airflow/.local/lib/python3.6/site-packages/airflow/example_dags/tutorial_taskflow_api_etl.py took 0.038 seconds
[2024-06-22 23:26:22,226] {scheduler_job.py:182} INFO - Started process (PID=5544) to work on /home/airflow/.local/lib/python3.6/site-packages/airflow/example_dags/tutorial_taskflow_api_etl.py
[2024-06-22 23:26:22,228] {scheduler_job.py:629} INFO - Processing file /home/airflow/.local/lib/python3.6/site-packages/airflow/example_dags/tutorial_taskflow_api_etl.py for tasks to queue
[2024-06-22 23:26:22,229] {logging_mixin.py:104} INFO - [2024-06-22 23:26:22,229] {dagbag.py:451} INFO - Filling up the DagBag from /home/airflow/.local/lib/python3.6/site-packages/airflow/example_dags/tutorial_taskflow_api_etl.py
[2024-06-22 23:26:22,275] {scheduler_job.py:639} INFO - DAG(s) dict_keys(['tutorial_taskflow_api_etl']) retrieved from /home/airflow/.local/lib/python3.6/site-packages/airflow/example_dags/tutorial_taskflow_api_etl.py
[2024-06-22 23:26:22,323] {logging_mixin.py:104} INFO - [2024-06-22 23:26:22,323] {dag.py:1824} INFO - Sync 1 DAGs
[2024-06-22 23:26:22,356] {logging_mixin.py:104} INFO - [2024-06-22 23:26:22,356] {dag.py:2280} INFO - Setting next_dagrun for tutorial_taskflow_api_etl to None
[2024-06-22 23:26:22,390] {scheduler_job.py:190} INFO - Processing /home/airflow/.local/lib/python3.6/site-packages/airflow/example_dags/tutorial_taskflow_api_etl.py took 0.174 seconds
[2024-06-22 23:26:52,664] {scheduler_job.py:182} INFO - Started process (PID=5566) to work on /home/airflow/.local/lib/python3.6/site-packages/airflow/example_dags/tutorial_taskflow_api_etl.py
[2024-06-22 23:26:52,665] {scheduler_job.py:629} INFO - Processing file /home/airflow/.local/lib/python3.6/site-packages/airflow/example_dags/tutorial_taskflow_api_etl.py for tasks to queue
[2024-06-22 23:26:52,665] {logging_mixin.py:104} INFO - [2024-06-22 23:26:52,665] {dagbag.py:451} INFO - Filling up the DagBag from /home/airflow/.local/lib/python3.6/site-packages/airflow/example_dags/tutorial_taskflow_api_etl.py
[2024-06-22 23:26:52,673] {scheduler_job.py:639} INFO - DAG(s) dict_keys(['tutorial_taskflow_api_etl']) retrieved from /home/airflow/.local/lib/python3.6/site-packages/airflow/example_dags/tutorial_taskflow_api_etl.py
[2024-06-22 23:26:52,688] {logging_mixin.py:104} INFO - [2024-06-22 23:26:52,688] {dag.py:1824} INFO - Sync 1 DAGs
[2024-06-22 23:26:52,697] {logging_mixin.py:104} INFO - [2024-06-22 23:26:52,697] {dag.py:2280} INFO - Setting next_dagrun for tutorial_taskflow_api_etl to None
[2024-06-22 23:26:52,704] {scheduler_job.py:190} INFO - Processing /home/airflow/.local/lib/python3.6/site-packages/airflow/example_dags/tutorial_taskflow_api_etl.py took 0.043 seconds
[2024-06-22 23:27:23,528] {scheduler_job.py:182} INFO - Started process (PID=5592) to work on /home/airflow/.local/lib/python3.6/site-packages/airflow/example_dags/tutorial_taskflow_api_etl.py
[2024-06-22 23:27:23,529] {scheduler_job.py:629} INFO - Processing file /home/airflow/.local/lib/python3.6/site-packages/airflow/example_dags/tutorial_taskflow_api_etl.py for tasks to queue
[2024-06-22 23:27:23,530] {logging_mixin.py:104} INFO - [2024-06-22 23:27:23,529] {dagbag.py:451} INFO - Filling up the DagBag from /home/airflow/.local/lib/python3.6/site-packages/airflow/example_dags/tutorial_taskflow_api_etl.py
[2024-06-22 23:27:23,537] {scheduler_job.py:639} INFO - DAG(s) dict_keys(['tutorial_taskflow_api_etl']) retrieved from /home/airflow/.local/lib/python3.6/site-packages/airflow/example_dags/tutorial_taskflow_api_etl.py
[2024-06-22 23:27:23,550] {logging_mixin.py:104} INFO - [2024-06-22 23:27:23,550] {dag.py:1824} INFO - Sync 1 DAGs
[2024-06-22 23:27:23,558] {logging_mixin.py:104} INFO - [2024-06-22 23:27:23,558] {dag.py:2280} INFO - Setting next_dagrun for tutorial_taskflow_api_etl to None
[2024-06-22 23:27:23,567] {scheduler_job.py:190} INFO - Processing /home/airflow/.local/lib/python3.6/site-packages/airflow/example_dags/tutorial_taskflow_api_etl.py took 0.041 seconds
[2024-06-22 23:27:54,311] {scheduler_job.py:182} INFO - Started process (PID=5618) to work on /home/airflow/.local/lib/python3.6/site-packages/airflow/example_dags/tutorial_taskflow_api_etl.py
[2024-06-22 23:27:54,312] {scheduler_job.py:629} INFO - Processing file /home/airflow/.local/lib/python3.6/site-packages/airflow/example_dags/tutorial_taskflow_api_etl.py for tasks to queue
[2024-06-22 23:27:54,312] {logging_mixin.py:104} INFO - [2024-06-22 23:27:54,312] {dagbag.py:451} INFO - Filling up the DagBag from /home/airflow/.local/lib/python3.6/site-packages/airflow/example_dags/tutorial_taskflow_api_etl.py
[2024-06-22 23:27:54,320] {scheduler_job.py:639} INFO - DAG(s) dict_keys(['tutorial_taskflow_api_etl']) retrieved from /home/airflow/.local/lib/python3.6/site-packages/airflow/example_dags/tutorial_taskflow_api_etl.py
[2024-06-22 23:27:54,333] {logging_mixin.py:104} INFO - [2024-06-22 23:27:54,333] {dag.py:1824} INFO - Sync 1 DAGs
[2024-06-22 23:27:54,342] {logging_mixin.py:104} INFO - [2024-06-22 23:27:54,342] {dag.py:2280} INFO - Setting next_dagrun for tutorial_taskflow_api_etl to None
[2024-06-22 23:27:54,351] {scheduler_job.py:190} INFO - Processing /home/airflow/.local/lib/python3.6/site-packages/airflow/example_dags/tutorial_taskflow_api_etl.py took 0.042 seconds
[2024-06-22 23:28:25,079] {scheduler_job.py:182} INFO - Started process (PID=5644) to work on /home/airflow/.local/lib/python3.6/site-packages/airflow/example_dags/tutorial_taskflow_api_etl.py
[2024-06-22 23:28:25,080] {scheduler_job.py:629} INFO - Processing file /home/airflow/.local/lib/python3.6/site-packages/airflow/example_dags/tutorial_taskflow_api_etl.py for tasks to queue
[2024-06-22 23:28:25,081] {logging_mixin.py:104} INFO - [2024-06-22 23:28:25,081] {dagbag.py:451} INFO - Filling up the DagBag from /home/airflow/.local/lib/python3.6/site-packages/airflow/example_dags/tutorial_taskflow_api_etl.py
[2024-06-22 23:28:25,088] {scheduler_job.py:639} INFO - DAG(s) dict_keys(['tutorial_taskflow_api_etl']) retrieved from /home/airflow/.local/lib/python3.6/site-packages/airflow/example_dags/tutorial_taskflow_api_etl.py
[2024-06-22 23:28:25,101] {logging_mixin.py:104} INFO - [2024-06-22 23:28:25,101] {dag.py:1824} INFO - Sync 1 DAGs
[2024-06-22 23:28:25,109] {logging_mixin.py:104} INFO - [2024-06-22 23:28:25,109] {dag.py:2280} INFO - Setting next_dagrun for tutorial_taskflow_api_etl to None
[2024-06-22 23:28:25,119] {scheduler_job.py:190} INFO - Processing /home/airflow/.local/lib/python3.6/site-packages/airflow/example_dags/tutorial_taskflow_api_etl.py took 0.041 seconds
