[2024-06-22 00:00:21,093] {scheduler_job.py:182} INFO - Started process (PID=4275) to work on /home/airflow/.local/lib/python3.6/site-packages/airflow/example_dags/tutorial.py
[2024-06-22 00:00:21,094] {scheduler_job.py:629} INFO - Processing file /home/airflow/.local/lib/python3.6/site-packages/airflow/example_dags/tutorial.py for tasks to queue
[2024-06-22 00:00:21,094] {logging_mixin.py:104} INFO - [2024-06-22 00:00:21,094] {dagbag.py:451} INFO - Filling up the DagBag from /home/airflow/.local/lib/python3.6/site-packages/airflow/example_dags/tutorial.py
[2024-06-22 00:00:21,100] {scheduler_job.py:639} INFO - DAG(s) dict_keys(['tutorial']) retrieved from /home/airflow/.local/lib/python3.6/site-packages/airflow/example_dags/tutorial.py
[2024-06-22 00:00:21,113] {logging_mixin.py:104} INFO - [2024-06-22 00:00:21,113] {dag.py:1824} INFO - Sync 1 DAGs
[2024-06-22 00:00:21,122] {logging_mixin.py:104} INFO - [2024-06-22 00:00:21,122] {dag.py:2280} INFO - Setting next_dagrun for tutorial to 2024-06-20 00:00:00+00:00
[2024-06-22 00:00:21,128] {scheduler_job.py:190} INFO - Processing /home/airflow/.local/lib/python3.6/site-packages/airflow/example_dags/tutorial.py took 0.037 seconds
[2024-06-22 00:00:51,936] {scheduler_job.py:182} INFO - Started process (PID=4301) to work on /home/airflow/.local/lib/python3.6/site-packages/airflow/example_dags/tutorial.py
[2024-06-22 00:00:51,936] {scheduler_job.py:629} INFO - Processing file /home/airflow/.local/lib/python3.6/site-packages/airflow/example_dags/tutorial.py for tasks to queue
[2024-06-22 00:00:51,937] {logging_mixin.py:104} INFO - [2024-06-22 00:00:51,937] {dagbag.py:451} INFO - Filling up the DagBag from /home/airflow/.local/lib/python3.6/site-packages/airflow/example_dags/tutorial.py
[2024-06-22 00:00:51,942] {scheduler_job.py:639} INFO - DAG(s) dict_keys(['tutorial']) retrieved from /home/airflow/.local/lib/python3.6/site-packages/airflow/example_dags/tutorial.py
[2024-06-22 00:00:51,955] {logging_mixin.py:104} INFO - [2024-06-22 00:00:51,955] {dag.py:1824} INFO - Sync 1 DAGs
[2024-06-22 00:00:51,963] {logging_mixin.py:104} INFO - [2024-06-22 00:00:51,963] {dag.py:2280} INFO - Setting next_dagrun for tutorial to 2024-06-20 00:00:00+00:00
[2024-06-22 00:00:51,969] {scheduler_job.py:190} INFO - Processing /home/airflow/.local/lib/python3.6/site-packages/airflow/example_dags/tutorial.py took 0.035 seconds
[2024-06-22 00:01:22,676] {scheduler_job.py:182} INFO - Started process (PID=4327) to work on /home/airflow/.local/lib/python3.6/site-packages/airflow/example_dags/tutorial.py
[2024-06-22 00:01:22,677] {scheduler_job.py:629} INFO - Processing file /home/airflow/.local/lib/python3.6/site-packages/airflow/example_dags/tutorial.py for tasks to queue
[2024-06-22 00:01:22,677] {logging_mixin.py:104} INFO - [2024-06-22 00:01:22,677] {dagbag.py:451} INFO - Filling up the DagBag from /home/airflow/.local/lib/python3.6/site-packages/airflow/example_dags/tutorial.py
[2024-06-22 00:01:22,683] {scheduler_job.py:639} INFO - DAG(s) dict_keys(['tutorial']) retrieved from /home/airflow/.local/lib/python3.6/site-packages/airflow/example_dags/tutorial.py
[2024-06-22 00:01:22,695] {logging_mixin.py:104} INFO - [2024-06-22 00:01:22,695] {dag.py:1824} INFO - Sync 1 DAGs
[2024-06-22 00:01:22,703] {logging_mixin.py:104} INFO - [2024-06-22 00:01:22,703] {dag.py:2280} INFO - Setting next_dagrun for tutorial to 2024-06-20 00:00:00+00:00
[2024-06-22 00:01:22,710] {scheduler_job.py:190} INFO - Processing /home/airflow/.local/lib/python3.6/site-packages/airflow/example_dags/tutorial.py took 0.036 seconds
[2024-06-22 00:01:53,440] {scheduler_job.py:182} INFO - Started process (PID=4353) to work on /home/airflow/.local/lib/python3.6/site-packages/airflow/example_dags/tutorial.py
[2024-06-22 00:01:53,440] {scheduler_job.py:629} INFO - Processing file /home/airflow/.local/lib/python3.6/site-packages/airflow/example_dags/tutorial.py for tasks to queue
[2024-06-22 00:01:53,441] {logging_mixin.py:104} INFO - [2024-06-22 00:01:53,441] {dagbag.py:451} INFO - Filling up the DagBag from /home/airflow/.local/lib/python3.6/site-packages/airflow/example_dags/tutorial.py
[2024-06-22 00:01:53,446] {scheduler_job.py:639} INFO - DAG(s) dict_keys(['tutorial']) retrieved from /home/airflow/.local/lib/python3.6/site-packages/airflow/example_dags/tutorial.py
[2024-06-22 00:01:53,459] {logging_mixin.py:104} INFO - [2024-06-22 00:01:53,458] {dag.py:1824} INFO - Sync 1 DAGs
[2024-06-22 00:01:53,467] {logging_mixin.py:104} INFO - [2024-06-22 00:01:53,467] {dag.py:2280} INFO - Setting next_dagrun for tutorial to 2024-06-20 00:00:00+00:00
[2024-06-22 00:01:53,472] {scheduler_job.py:190} INFO - Processing /home/airflow/.local/lib/python3.6/site-packages/airflow/example_dags/tutorial.py took 0.034 seconds
[2024-06-22 00:02:24,185] {scheduler_job.py:182} INFO - Started process (PID=4379) to work on /home/airflow/.local/lib/python3.6/site-packages/airflow/example_dags/tutorial.py
[2024-06-22 00:02:24,186] {scheduler_job.py:629} INFO - Processing file /home/airflow/.local/lib/python3.6/site-packages/airflow/example_dags/tutorial.py for tasks to queue
[2024-06-22 00:02:24,186] {logging_mixin.py:104} INFO - [2024-06-22 00:02:24,186] {dagbag.py:451} INFO - Filling up the DagBag from /home/airflow/.local/lib/python3.6/site-packages/airflow/example_dags/tutorial.py
[2024-06-22 00:02:24,192] {scheduler_job.py:639} INFO - DAG(s) dict_keys(['tutorial']) retrieved from /home/airflow/.local/lib/python3.6/site-packages/airflow/example_dags/tutorial.py
[2024-06-22 00:02:24,204] {logging_mixin.py:104} INFO - [2024-06-22 00:02:24,204] {dag.py:1824} INFO - Sync 1 DAGs
[2024-06-22 00:02:24,212] {logging_mixin.py:104} INFO - [2024-06-22 00:02:24,212] {dag.py:2280} INFO - Setting next_dagrun for tutorial to 2024-06-20 00:00:00+00:00
[2024-06-22 00:02:24,217] {scheduler_job.py:190} INFO - Processing /home/airflow/.local/lib/python3.6/site-packages/airflow/example_dags/tutorial.py took 0.034 seconds
[2024-06-22 00:02:54,936] {scheduler_job.py:182} INFO - Started process (PID=4405) to work on /home/airflow/.local/lib/python3.6/site-packages/airflow/example_dags/tutorial.py
[2024-06-22 00:02:54,936] {scheduler_job.py:629} INFO - Processing file /home/airflow/.local/lib/python3.6/site-packages/airflow/example_dags/tutorial.py for tasks to queue
[2024-06-22 00:02:54,937] {logging_mixin.py:104} INFO - [2024-06-22 00:02:54,937] {dagbag.py:451} INFO - Filling up the DagBag from /home/airflow/.local/lib/python3.6/site-packages/airflow/example_dags/tutorial.py
[2024-06-22 00:02:54,942] {scheduler_job.py:639} INFO - DAG(s) dict_keys(['tutorial']) retrieved from /home/airflow/.local/lib/python3.6/site-packages/airflow/example_dags/tutorial.py
[2024-06-22 00:02:54,955] {logging_mixin.py:104} INFO - [2024-06-22 00:02:54,955] {dag.py:1824} INFO - Sync 1 DAGs
[2024-06-22 00:02:54,963] {logging_mixin.py:104} INFO - [2024-06-22 00:02:54,963] {dag.py:2280} INFO - Setting next_dagrun for tutorial to 2024-06-20 00:00:00+00:00
[2024-06-22 00:02:54,968] {scheduler_job.py:190} INFO - Processing /home/airflow/.local/lib/python3.6/site-packages/airflow/example_dags/tutorial.py took 0.034 seconds
[2024-06-22 00:03:25,616] {scheduler_job.py:182} INFO - Started process (PID=4431) to work on /home/airflow/.local/lib/python3.6/site-packages/airflow/example_dags/tutorial.py
[2024-06-22 00:03:25,617] {scheduler_job.py:629} INFO - Processing file /home/airflow/.local/lib/python3.6/site-packages/airflow/example_dags/tutorial.py for tasks to queue
[2024-06-22 00:03:25,617] {logging_mixin.py:104} INFO - [2024-06-22 00:03:25,617] {dagbag.py:451} INFO - Filling up the DagBag from /home/airflow/.local/lib/python3.6/site-packages/airflow/example_dags/tutorial.py
[2024-06-22 00:03:25,623] {scheduler_job.py:639} INFO - DAG(s) dict_keys(['tutorial']) retrieved from /home/airflow/.local/lib/python3.6/site-packages/airflow/example_dags/tutorial.py
[2024-06-22 00:03:25,635] {logging_mixin.py:104} INFO - [2024-06-22 00:03:25,635] {dag.py:1824} INFO - Sync 1 DAGs
[2024-06-22 00:03:25,643] {logging_mixin.py:104} INFO - [2024-06-22 00:03:25,643] {dag.py:2280} INFO - Setting next_dagrun for tutorial to 2024-06-20 00:00:00+00:00
[2024-06-22 00:03:25,648] {scheduler_job.py:190} INFO - Processing /home/airflow/.local/lib/python3.6/site-packages/airflow/example_dags/tutorial.py took 0.034 seconds
[2024-06-22 00:03:56,316] {scheduler_job.py:182} INFO - Started process (PID=4457) to work on /home/airflow/.local/lib/python3.6/site-packages/airflow/example_dags/tutorial.py
[2024-06-22 00:03:56,317] {scheduler_job.py:629} INFO - Processing file /home/airflow/.local/lib/python3.6/site-packages/airflow/example_dags/tutorial.py for tasks to queue
[2024-06-22 00:03:56,317] {logging_mixin.py:104} INFO - [2024-06-22 00:03:56,317] {dagbag.py:451} INFO - Filling up the DagBag from /home/airflow/.local/lib/python3.6/site-packages/airflow/example_dags/tutorial.py
[2024-06-22 00:03:56,323] {scheduler_job.py:639} INFO - DAG(s) dict_keys(['tutorial']) retrieved from /home/airflow/.local/lib/python3.6/site-packages/airflow/example_dags/tutorial.py
[2024-06-22 00:03:56,335] {logging_mixin.py:104} INFO - [2024-06-22 00:03:56,335] {dag.py:1824} INFO - Sync 1 DAGs
[2024-06-22 00:03:56,344] {logging_mixin.py:104} INFO - [2024-06-22 00:03:56,344] {dag.py:2280} INFO - Setting next_dagrun for tutorial to 2024-06-20 00:00:00+00:00
[2024-06-22 00:03:56,349] {scheduler_job.py:190} INFO - Processing /home/airflow/.local/lib/python3.6/site-packages/airflow/example_dags/tutorial.py took 0.035 seconds
[2024-06-22 00:04:27,086] {scheduler_job.py:182} INFO - Started process (PID=4483) to work on /home/airflow/.local/lib/python3.6/site-packages/airflow/example_dags/tutorial.py
[2024-06-22 00:04:27,086] {scheduler_job.py:629} INFO - Processing file /home/airflow/.local/lib/python3.6/site-packages/airflow/example_dags/tutorial.py for tasks to queue
[2024-06-22 00:04:27,087] {logging_mixin.py:104} INFO - [2024-06-22 00:04:27,087] {dagbag.py:451} INFO - Filling up the DagBag from /home/airflow/.local/lib/python3.6/site-packages/airflow/example_dags/tutorial.py
[2024-06-22 00:04:27,092] {scheduler_job.py:639} INFO - DAG(s) dict_keys(['tutorial']) retrieved from /home/airflow/.local/lib/python3.6/site-packages/airflow/example_dags/tutorial.py
[2024-06-22 00:04:27,104] {logging_mixin.py:104} INFO - [2024-06-22 00:04:27,104] {dag.py:1824} INFO - Sync 1 DAGs
[2024-06-22 00:04:27,112] {logging_mixin.py:104} INFO - [2024-06-22 00:04:27,112] {dag.py:2280} INFO - Setting next_dagrun for tutorial to 2024-06-20 00:00:00+00:00
[2024-06-22 00:04:27,119] {scheduler_job.py:190} INFO - Processing /home/airflow/.local/lib/python3.6/site-packages/airflow/example_dags/tutorial.py took 0.035 seconds
[2024-06-22 00:04:57,802] {scheduler_job.py:182} INFO - Started process (PID=4509) to work on /home/airflow/.local/lib/python3.6/site-packages/airflow/example_dags/tutorial.py
[2024-06-22 00:04:57,803] {scheduler_job.py:629} INFO - Processing file /home/airflow/.local/lib/python3.6/site-packages/airflow/example_dags/tutorial.py for tasks to queue
[2024-06-22 00:04:57,803] {logging_mixin.py:104} INFO - [2024-06-22 00:04:57,803] {dagbag.py:451} INFO - Filling up the DagBag from /home/airflow/.local/lib/python3.6/site-packages/airflow/example_dags/tutorial.py
[2024-06-22 00:04:57,809] {scheduler_job.py:639} INFO - DAG(s) dict_keys(['tutorial']) retrieved from /home/airflow/.local/lib/python3.6/site-packages/airflow/example_dags/tutorial.py
[2024-06-22 00:04:57,822] {logging_mixin.py:104} INFO - [2024-06-22 00:04:57,822] {dag.py:1824} INFO - Sync 1 DAGs
[2024-06-22 00:04:57,830] {logging_mixin.py:104} INFO - [2024-06-22 00:04:57,830] {dag.py:2280} INFO - Setting next_dagrun for tutorial to 2024-06-20 00:00:00+00:00
[2024-06-22 00:04:57,835] {scheduler_job.py:190} INFO - Processing /home/airflow/.local/lib/python3.6/site-packages/airflow/example_dags/tutorial.py took 0.034 seconds
[2024-06-22 00:05:28,566] {scheduler_job.py:182} INFO - Started process (PID=4535) to work on /home/airflow/.local/lib/python3.6/site-packages/airflow/example_dags/tutorial.py
[2024-06-22 00:05:28,566] {scheduler_job.py:629} INFO - Processing file /home/airflow/.local/lib/python3.6/site-packages/airflow/example_dags/tutorial.py for tasks to queue
[2024-06-22 00:05:28,567] {logging_mixin.py:104} INFO - [2024-06-22 00:05:28,567] {dagbag.py:451} INFO - Filling up the DagBag from /home/airflow/.local/lib/python3.6/site-packages/airflow/example_dags/tutorial.py
[2024-06-22 00:05:28,573] {scheduler_job.py:639} INFO - DAG(s) dict_keys(['tutorial']) retrieved from /home/airflow/.local/lib/python3.6/site-packages/airflow/example_dags/tutorial.py
[2024-06-22 00:05:28,586] {logging_mixin.py:104} INFO - [2024-06-22 00:05:28,586] {dag.py:1824} INFO - Sync 1 DAGs
[2024-06-22 00:05:28,594] {logging_mixin.py:104} INFO - [2024-06-22 00:05:28,594] {dag.py:2280} INFO - Setting next_dagrun for tutorial to 2024-06-20 00:00:00+00:00
[2024-06-22 00:05:28,599] {scheduler_job.py:190} INFO - Processing /home/airflow/.local/lib/python3.6/site-packages/airflow/example_dags/tutorial.py took 0.035 seconds
[2024-06-22 00:05:59,315] {scheduler_job.py:182} INFO - Started process (PID=4561) to work on /home/airflow/.local/lib/python3.6/site-packages/airflow/example_dags/tutorial.py
[2024-06-22 00:05:59,316] {scheduler_job.py:629} INFO - Processing file /home/airflow/.local/lib/python3.6/site-packages/airflow/example_dags/tutorial.py for tasks to queue
[2024-06-22 00:05:59,316] {logging_mixin.py:104} INFO - [2024-06-22 00:05:59,316] {dagbag.py:451} INFO - Filling up the DagBag from /home/airflow/.local/lib/python3.6/site-packages/airflow/example_dags/tutorial.py
[2024-06-22 00:05:59,322] {scheduler_job.py:639} INFO - DAG(s) dict_keys(['tutorial']) retrieved from /home/airflow/.local/lib/python3.6/site-packages/airflow/example_dags/tutorial.py
[2024-06-22 00:05:59,334] {logging_mixin.py:104} INFO - [2024-06-22 00:05:59,334] {dag.py:1824} INFO - Sync 1 DAGs
[2024-06-22 00:05:59,342] {logging_mixin.py:104} INFO - [2024-06-22 00:05:59,342] {dag.py:2280} INFO - Setting next_dagrun for tutorial to 2024-06-20 00:00:00+00:00
[2024-06-22 00:05:59,349] {scheduler_job.py:190} INFO - Processing /home/airflow/.local/lib/python3.6/site-packages/airflow/example_dags/tutorial.py took 0.035 seconds
[2024-06-22 00:06:30,005] {scheduler_job.py:182} INFO - Started process (PID=4587) to work on /home/airflow/.local/lib/python3.6/site-packages/airflow/example_dags/tutorial.py
[2024-06-22 00:06:30,006] {scheduler_job.py:629} INFO - Processing file /home/airflow/.local/lib/python3.6/site-packages/airflow/example_dags/tutorial.py for tasks to queue
[2024-06-22 00:06:30,006] {logging_mixin.py:104} INFO - [2024-06-22 00:06:30,006] {dagbag.py:451} INFO - Filling up the DagBag from /home/airflow/.local/lib/python3.6/site-packages/airflow/example_dags/tutorial.py
[2024-06-22 00:06:30,011] {scheduler_job.py:639} INFO - DAG(s) dict_keys(['tutorial']) retrieved from /home/airflow/.local/lib/python3.6/site-packages/airflow/example_dags/tutorial.py
[2024-06-22 00:06:30,024] {logging_mixin.py:104} INFO - [2024-06-22 00:06:30,024] {dag.py:1824} INFO - Sync 1 DAGs
[2024-06-22 00:06:30,032] {logging_mixin.py:104} INFO - [2024-06-22 00:06:30,032] {dag.py:2280} INFO - Setting next_dagrun for tutorial to 2024-06-20 00:00:00+00:00
[2024-06-22 00:06:30,038] {scheduler_job.py:190} INFO - Processing /home/airflow/.local/lib/python3.6/site-packages/airflow/example_dags/tutorial.py took 0.035 seconds
[2024-06-22 00:07:00,675] {scheduler_job.py:182} INFO - Started process (PID=4613) to work on /home/airflow/.local/lib/python3.6/site-packages/airflow/example_dags/tutorial.py
[2024-06-22 00:07:00,676] {scheduler_job.py:629} INFO - Processing file /home/airflow/.local/lib/python3.6/site-packages/airflow/example_dags/tutorial.py for tasks to queue
[2024-06-22 00:07:00,676] {logging_mixin.py:104} INFO - [2024-06-22 00:07:00,676] {dagbag.py:451} INFO - Filling up the DagBag from /home/airflow/.local/lib/python3.6/site-packages/airflow/example_dags/tutorial.py
[2024-06-22 00:07:00,682] {scheduler_job.py:639} INFO - DAG(s) dict_keys(['tutorial']) retrieved from /home/airflow/.local/lib/python3.6/site-packages/airflow/example_dags/tutorial.py
[2024-06-22 00:07:00,694] {logging_mixin.py:104} INFO - [2024-06-22 00:07:00,694] {dag.py:1824} INFO - Sync 1 DAGs
[2024-06-22 00:07:00,702] {logging_mixin.py:104} INFO - [2024-06-22 00:07:00,702] {dag.py:2280} INFO - Setting next_dagrun for tutorial to 2024-06-20 00:00:00+00:00
[2024-06-22 00:07:00,709] {scheduler_job.py:190} INFO - Processing /home/airflow/.local/lib/python3.6/site-packages/airflow/example_dags/tutorial.py took 0.036 seconds
[2024-06-22 00:07:31,361] {scheduler_job.py:182} INFO - Started process (PID=4639) to work on /home/airflow/.local/lib/python3.6/site-packages/airflow/example_dags/tutorial.py
[2024-06-22 00:07:31,362] {scheduler_job.py:629} INFO - Processing file /home/airflow/.local/lib/python3.6/site-packages/airflow/example_dags/tutorial.py for tasks to queue
[2024-06-22 00:07:31,362] {logging_mixin.py:104} INFO - [2024-06-22 00:07:31,362] {dagbag.py:451} INFO - Filling up the DagBag from /home/airflow/.local/lib/python3.6/site-packages/airflow/example_dags/tutorial.py
[2024-06-22 00:07:31,368] {scheduler_job.py:639} INFO - DAG(s) dict_keys(['tutorial']) retrieved from /home/airflow/.local/lib/python3.6/site-packages/airflow/example_dags/tutorial.py
[2024-06-22 00:07:31,380] {logging_mixin.py:104} INFO - [2024-06-22 00:07:31,380] {dag.py:1824} INFO - Sync 1 DAGs
[2024-06-22 00:07:31,389] {logging_mixin.py:104} INFO - [2024-06-22 00:07:31,389] {dag.py:2280} INFO - Setting next_dagrun for tutorial to 2024-06-20 00:00:00+00:00
[2024-06-22 00:07:31,395] {scheduler_job.py:190} INFO - Processing /home/airflow/.local/lib/python3.6/site-packages/airflow/example_dags/tutorial.py took 0.035 seconds
[2024-06-22 00:08:02,068] {scheduler_job.py:182} INFO - Started process (PID=4665) to work on /home/airflow/.local/lib/python3.6/site-packages/airflow/example_dags/tutorial.py
[2024-06-22 00:08:02,069] {scheduler_job.py:629} INFO - Processing file /home/airflow/.local/lib/python3.6/site-packages/airflow/example_dags/tutorial.py for tasks to queue
[2024-06-22 00:08:02,070] {logging_mixin.py:104} INFO - [2024-06-22 00:08:02,070] {dagbag.py:451} INFO - Filling up the DagBag from /home/airflow/.local/lib/python3.6/site-packages/airflow/example_dags/tutorial.py
[2024-06-22 00:08:02,075] {scheduler_job.py:639} INFO - DAG(s) dict_keys(['tutorial']) retrieved from /home/airflow/.local/lib/python3.6/site-packages/airflow/example_dags/tutorial.py
[2024-06-22 00:08:02,088] {logging_mixin.py:104} INFO - [2024-06-22 00:08:02,088] {dag.py:1824} INFO - Sync 1 DAGs
[2024-06-22 00:08:02,096] {logging_mixin.py:104} INFO - [2024-06-22 00:08:02,096] {dag.py:2280} INFO - Setting next_dagrun for tutorial to 2024-06-20 00:00:00+00:00
[2024-06-22 00:08:02,103] {scheduler_job.py:190} INFO - Processing /home/airflow/.local/lib/python3.6/site-packages/airflow/example_dags/tutorial.py took 0.036 seconds
[2024-06-22 00:08:32,837] {scheduler_job.py:182} INFO - Started process (PID=4691) to work on /home/airflow/.local/lib/python3.6/site-packages/airflow/example_dags/tutorial.py
[2024-06-22 00:08:32,838] {scheduler_job.py:629} INFO - Processing file /home/airflow/.local/lib/python3.6/site-packages/airflow/example_dags/tutorial.py for tasks to queue
[2024-06-22 00:08:32,838] {logging_mixin.py:104} INFO - [2024-06-22 00:08:32,838] {dagbag.py:451} INFO - Filling up the DagBag from /home/airflow/.local/lib/python3.6/site-packages/airflow/example_dags/tutorial.py
[2024-06-22 00:08:32,844] {scheduler_job.py:639} INFO - DAG(s) dict_keys(['tutorial']) retrieved from /home/airflow/.local/lib/python3.6/site-packages/airflow/example_dags/tutorial.py
[2024-06-22 00:08:32,857] {logging_mixin.py:104} INFO - [2024-06-22 00:08:32,857] {dag.py:1824} INFO - Sync 1 DAGs
[2024-06-22 00:08:32,865] {logging_mixin.py:104} INFO - [2024-06-22 00:08:32,865] {dag.py:2280} INFO - Setting next_dagrun for tutorial to 2024-06-20 00:00:00+00:00
[2024-06-22 00:08:32,870] {scheduler_job.py:190} INFO - Processing /home/airflow/.local/lib/python3.6/site-packages/airflow/example_dags/tutorial.py took 0.035 seconds
[2024-06-22 00:09:03,605] {scheduler_job.py:182} INFO - Started process (PID=4717) to work on /home/airflow/.local/lib/python3.6/site-packages/airflow/example_dags/tutorial.py
[2024-06-22 00:09:03,606] {scheduler_job.py:629} INFO - Processing file /home/airflow/.local/lib/python3.6/site-packages/airflow/example_dags/tutorial.py for tasks to queue
[2024-06-22 00:09:03,606] {logging_mixin.py:104} INFO - [2024-06-22 00:09:03,606] {dagbag.py:451} INFO - Filling up the DagBag from /home/airflow/.local/lib/python3.6/site-packages/airflow/example_dags/tutorial.py
[2024-06-22 00:09:03,612] {scheduler_job.py:639} INFO - DAG(s) dict_keys(['tutorial']) retrieved from /home/airflow/.local/lib/python3.6/site-packages/airflow/example_dags/tutorial.py
[2024-06-22 00:09:03,625] {logging_mixin.py:104} INFO - [2024-06-22 00:09:03,624] {dag.py:1824} INFO - Sync 1 DAGs
[2024-06-22 00:09:03,633] {logging_mixin.py:104} INFO - [2024-06-22 00:09:03,633] {dag.py:2280} INFO - Setting next_dagrun for tutorial to 2024-06-20 00:00:00+00:00
[2024-06-22 00:09:03,640] {scheduler_job.py:190} INFO - Processing /home/airflow/.local/lib/python3.6/site-packages/airflow/example_dags/tutorial.py took 0.037 seconds
[2024-06-22 00:09:34,343] {scheduler_job.py:182} INFO - Started process (PID=4743) to work on /home/airflow/.local/lib/python3.6/site-packages/airflow/example_dags/tutorial.py
[2024-06-22 00:09:34,343] {scheduler_job.py:629} INFO - Processing file /home/airflow/.local/lib/python3.6/site-packages/airflow/example_dags/tutorial.py for tasks to queue
[2024-06-22 00:09:34,344] {logging_mixin.py:104} INFO - [2024-06-22 00:09:34,344] {dagbag.py:451} INFO - Filling up the DagBag from /home/airflow/.local/lib/python3.6/site-packages/airflow/example_dags/tutorial.py
[2024-06-22 00:09:34,349] {scheduler_job.py:639} INFO - DAG(s) dict_keys(['tutorial']) retrieved from /home/airflow/.local/lib/python3.6/site-packages/airflow/example_dags/tutorial.py
[2024-06-22 00:09:34,362] {logging_mixin.py:104} INFO - [2024-06-22 00:09:34,362] {dag.py:1824} INFO - Sync 1 DAGs
[2024-06-22 00:09:34,370] {logging_mixin.py:104} INFO - [2024-06-22 00:09:34,370] {dag.py:2280} INFO - Setting next_dagrun for tutorial to 2024-06-20 00:00:00+00:00
[2024-06-22 00:09:34,376] {scheduler_job.py:190} INFO - Processing /home/airflow/.local/lib/python3.6/site-packages/airflow/example_dags/tutorial.py took 0.035 seconds
[2024-06-22 00:10:05,099] {scheduler_job.py:182} INFO - Started process (PID=4769) to work on /home/airflow/.local/lib/python3.6/site-packages/airflow/example_dags/tutorial.py
[2024-06-22 00:10:05,099] {scheduler_job.py:629} INFO - Processing file /home/airflow/.local/lib/python3.6/site-packages/airflow/example_dags/tutorial.py for tasks to queue
[2024-06-22 00:10:05,100] {logging_mixin.py:104} INFO - [2024-06-22 00:10:05,100] {dagbag.py:451} INFO - Filling up the DagBag from /home/airflow/.local/lib/python3.6/site-packages/airflow/example_dags/tutorial.py
[2024-06-22 00:10:05,105] {scheduler_job.py:639} INFO - DAG(s) dict_keys(['tutorial']) retrieved from /home/airflow/.local/lib/python3.6/site-packages/airflow/example_dags/tutorial.py
[2024-06-22 00:10:05,118] {logging_mixin.py:104} INFO - [2024-06-22 00:10:05,118] {dag.py:1824} INFO - Sync 1 DAGs
[2024-06-22 00:10:05,127] {logging_mixin.py:104} INFO - [2024-06-22 00:10:05,126] {dag.py:2280} INFO - Setting next_dagrun for tutorial to 2024-06-20 00:00:00+00:00
[2024-06-22 00:10:05,132] {scheduler_job.py:190} INFO - Processing /home/airflow/.local/lib/python3.6/site-packages/airflow/example_dags/tutorial.py took 0.035 seconds
[2024-06-22 00:10:35,864] {scheduler_job.py:182} INFO - Started process (PID=4795) to work on /home/airflow/.local/lib/python3.6/site-packages/airflow/example_dags/tutorial.py
[2024-06-22 00:10:35,865] {scheduler_job.py:629} INFO - Processing file /home/airflow/.local/lib/python3.6/site-packages/airflow/example_dags/tutorial.py for tasks to queue
[2024-06-22 00:10:35,866] {logging_mixin.py:104} INFO - [2024-06-22 00:10:35,866] {dagbag.py:451} INFO - Filling up the DagBag from /home/airflow/.local/lib/python3.6/site-packages/airflow/example_dags/tutorial.py
[2024-06-22 00:10:35,871] {scheduler_job.py:639} INFO - DAG(s) dict_keys(['tutorial']) retrieved from /home/airflow/.local/lib/python3.6/site-packages/airflow/example_dags/tutorial.py
[2024-06-22 00:10:35,884] {logging_mixin.py:104} INFO - [2024-06-22 00:10:35,884] {dag.py:1824} INFO - Sync 1 DAGs
[2024-06-22 00:10:35,893] {logging_mixin.py:104} INFO - [2024-06-22 00:10:35,893] {dag.py:2280} INFO - Setting next_dagrun for tutorial to 2024-06-20 00:00:00+00:00
[2024-06-22 00:10:35,899] {scheduler_job.py:190} INFO - Processing /home/airflow/.local/lib/python3.6/site-packages/airflow/example_dags/tutorial.py took 0.037 seconds
[2024-06-22 00:11:06,642] {scheduler_job.py:182} INFO - Started process (PID=4821) to work on /home/airflow/.local/lib/python3.6/site-packages/airflow/example_dags/tutorial.py
[2024-06-22 00:11:06,642] {scheduler_job.py:629} INFO - Processing file /home/airflow/.local/lib/python3.6/site-packages/airflow/example_dags/tutorial.py for tasks to queue
[2024-06-22 00:11:06,643] {logging_mixin.py:104} INFO - [2024-06-22 00:11:06,643] {dagbag.py:451} INFO - Filling up the DagBag from /home/airflow/.local/lib/python3.6/site-packages/airflow/example_dags/tutorial.py
[2024-06-22 00:11:06,648] {scheduler_job.py:639} INFO - DAG(s) dict_keys(['tutorial']) retrieved from /home/airflow/.local/lib/python3.6/site-packages/airflow/example_dags/tutorial.py
[2024-06-22 00:11:06,661] {logging_mixin.py:104} INFO - [2024-06-22 00:11:06,661] {dag.py:1824} INFO - Sync 1 DAGs
[2024-06-22 00:11:06,669] {logging_mixin.py:104} INFO - [2024-06-22 00:11:06,669] {dag.py:2280} INFO - Setting next_dagrun for tutorial to 2024-06-20 00:00:00+00:00
[2024-06-22 00:11:06,675] {scheduler_job.py:190} INFO - Processing /home/airflow/.local/lib/python3.6/site-packages/airflow/example_dags/tutorial.py took 0.035 seconds
[2024-06-22 00:11:37,427] {scheduler_job.py:182} INFO - Started process (PID=4847) to work on /home/airflow/.local/lib/python3.6/site-packages/airflow/example_dags/tutorial.py
[2024-06-22 00:11:37,428] {scheduler_job.py:629} INFO - Processing file /home/airflow/.local/lib/python3.6/site-packages/airflow/example_dags/tutorial.py for tasks to queue
[2024-06-22 00:11:37,428] {logging_mixin.py:104} INFO - [2024-06-22 00:11:37,428] {dagbag.py:451} INFO - Filling up the DagBag from /home/airflow/.local/lib/python3.6/site-packages/airflow/example_dags/tutorial.py
[2024-06-22 00:11:37,433] {scheduler_job.py:639} INFO - DAG(s) dict_keys(['tutorial']) retrieved from /home/airflow/.local/lib/python3.6/site-packages/airflow/example_dags/tutorial.py
[2024-06-22 00:11:37,446] {logging_mixin.py:104} INFO - [2024-06-22 00:11:37,446] {dag.py:1824} INFO - Sync 1 DAGs
[2024-06-22 00:11:37,455] {logging_mixin.py:104} INFO - [2024-06-22 00:11:37,455] {dag.py:2280} INFO - Setting next_dagrun for tutorial to 2024-06-20 00:00:00+00:00
[2024-06-22 00:11:37,462] {scheduler_job.py:190} INFO - Processing /home/airflow/.local/lib/python3.6/site-packages/airflow/example_dags/tutorial.py took 0.037 seconds
[2024-06-22 00:12:08,119] {scheduler_job.py:182} INFO - Started process (PID=4873) to work on /home/airflow/.local/lib/python3.6/site-packages/airflow/example_dags/tutorial.py
[2024-06-22 00:12:08,120] {scheduler_job.py:629} INFO - Processing file /home/airflow/.local/lib/python3.6/site-packages/airflow/example_dags/tutorial.py for tasks to queue
[2024-06-22 00:12:08,121] {logging_mixin.py:104} INFO - [2024-06-22 00:12:08,120] {dagbag.py:451} INFO - Filling up the DagBag from /home/airflow/.local/lib/python3.6/site-packages/airflow/example_dags/tutorial.py
[2024-06-22 00:12:08,126] {scheduler_job.py:639} INFO - DAG(s) dict_keys(['tutorial']) retrieved from /home/airflow/.local/lib/python3.6/site-packages/airflow/example_dags/tutorial.py
[2024-06-22 00:12:08,138] {logging_mixin.py:104} INFO - [2024-06-22 00:12:08,138] {dag.py:1824} INFO - Sync 1 DAGs
[2024-06-22 00:12:08,147] {logging_mixin.py:104} INFO - [2024-06-22 00:12:08,147] {dag.py:2280} INFO - Setting next_dagrun for tutorial to 2024-06-20 00:00:00+00:00
[2024-06-22 00:12:08,154] {scheduler_job.py:190} INFO - Processing /home/airflow/.local/lib/python3.6/site-packages/airflow/example_dags/tutorial.py took 0.037 seconds
[2024-06-22 00:12:38,951] {scheduler_job.py:182} INFO - Started process (PID=4899) to work on /home/airflow/.local/lib/python3.6/site-packages/airflow/example_dags/tutorial.py
[2024-06-22 00:12:38,952] {scheduler_job.py:629} INFO - Processing file /home/airflow/.local/lib/python3.6/site-packages/airflow/example_dags/tutorial.py for tasks to queue
[2024-06-22 00:12:38,953] {logging_mixin.py:104} INFO - [2024-06-22 00:12:38,953] {dagbag.py:451} INFO - Filling up the DagBag from /home/airflow/.local/lib/python3.6/site-packages/airflow/example_dags/tutorial.py
[2024-06-22 00:12:38,958] {scheduler_job.py:639} INFO - DAG(s) dict_keys(['tutorial']) retrieved from /home/airflow/.local/lib/python3.6/site-packages/airflow/example_dags/tutorial.py
[2024-06-22 00:12:38,970] {logging_mixin.py:104} INFO - [2024-06-22 00:12:38,970] {dag.py:1824} INFO - Sync 1 DAGs
[2024-06-22 00:12:38,978] {logging_mixin.py:104} INFO - [2024-06-22 00:12:38,978] {dag.py:2280} INFO - Setting next_dagrun for tutorial to 2024-06-20 00:00:00+00:00
[2024-06-22 00:12:38,985] {scheduler_job.py:190} INFO - Processing /home/airflow/.local/lib/python3.6/site-packages/airflow/example_dags/tutorial.py took 0.036 seconds
[2024-06-22 00:13:09,719] {scheduler_job.py:182} INFO - Started process (PID=4925) to work on /home/airflow/.local/lib/python3.6/site-packages/airflow/example_dags/tutorial.py
[2024-06-22 00:13:09,719] {scheduler_job.py:629} INFO - Processing file /home/airflow/.local/lib/python3.6/site-packages/airflow/example_dags/tutorial.py for tasks to queue
[2024-06-22 00:13:09,720] {logging_mixin.py:104} INFO - [2024-06-22 00:13:09,720] {dagbag.py:451} INFO - Filling up the DagBag from /home/airflow/.local/lib/python3.6/site-packages/airflow/example_dags/tutorial.py
[2024-06-22 00:13:09,725] {scheduler_job.py:639} INFO - DAG(s) dict_keys(['tutorial']) retrieved from /home/airflow/.local/lib/python3.6/site-packages/airflow/example_dags/tutorial.py
[2024-06-22 00:13:09,737] {logging_mixin.py:104} INFO - [2024-06-22 00:13:09,737] {dag.py:1824} INFO - Sync 1 DAGs
[2024-06-22 00:13:09,746] {logging_mixin.py:104} INFO - [2024-06-22 00:13:09,746] {dag.py:2280} INFO - Setting next_dagrun for tutorial to 2024-06-20 00:00:00+00:00
[2024-06-22 00:13:09,752] {scheduler_job.py:190} INFO - Processing /home/airflow/.local/lib/python3.6/site-packages/airflow/example_dags/tutorial.py took 0.035 seconds
[2024-06-22 00:13:40,396] {scheduler_job.py:182} INFO - Started process (PID=4951) to work on /home/airflow/.local/lib/python3.6/site-packages/airflow/example_dags/tutorial.py
[2024-06-22 00:13:40,396] {scheduler_job.py:629} INFO - Processing file /home/airflow/.local/lib/python3.6/site-packages/airflow/example_dags/tutorial.py for tasks to queue
[2024-06-22 00:13:40,397] {logging_mixin.py:104} INFO - [2024-06-22 00:13:40,397] {dagbag.py:451} INFO - Filling up the DagBag from /home/airflow/.local/lib/python3.6/site-packages/airflow/example_dags/tutorial.py
[2024-06-22 00:13:40,402] {scheduler_job.py:639} INFO - DAG(s) dict_keys(['tutorial']) retrieved from /home/airflow/.local/lib/python3.6/site-packages/airflow/example_dags/tutorial.py
[2024-06-22 00:13:40,415] {logging_mixin.py:104} INFO - [2024-06-22 00:13:40,415] {dag.py:1824} INFO - Sync 1 DAGs
[2024-06-22 00:13:40,424] {logging_mixin.py:104} INFO - [2024-06-22 00:13:40,424] {dag.py:2280} INFO - Setting next_dagrun for tutorial to 2024-06-20 00:00:00+00:00
[2024-06-22 00:13:40,431] {scheduler_job.py:190} INFO - Processing /home/airflow/.local/lib/python3.6/site-packages/airflow/example_dags/tutorial.py took 0.037 seconds
[2024-06-22 00:14:11,179] {scheduler_job.py:182} INFO - Started process (PID=4977) to work on /home/airflow/.local/lib/python3.6/site-packages/airflow/example_dags/tutorial.py
[2024-06-22 00:14:11,180] {scheduler_job.py:629} INFO - Processing file /home/airflow/.local/lib/python3.6/site-packages/airflow/example_dags/tutorial.py for tasks to queue
[2024-06-22 00:14:11,181] {logging_mixin.py:104} INFO - [2024-06-22 00:14:11,180] {dagbag.py:451} INFO - Filling up the DagBag from /home/airflow/.local/lib/python3.6/site-packages/airflow/example_dags/tutorial.py
[2024-06-22 00:14:11,186] {scheduler_job.py:639} INFO - DAG(s) dict_keys(['tutorial']) retrieved from /home/airflow/.local/lib/python3.6/site-packages/airflow/example_dags/tutorial.py
[2024-06-22 00:14:11,199] {logging_mixin.py:104} INFO - [2024-06-22 00:14:11,199] {dag.py:1824} INFO - Sync 1 DAGs
[2024-06-22 00:14:11,207] {logging_mixin.py:104} INFO - [2024-06-22 00:14:11,207] {dag.py:2280} INFO - Setting next_dagrun for tutorial to 2024-06-20 00:00:00+00:00
[2024-06-22 00:14:11,213] {scheduler_job.py:190} INFO - Processing /home/airflow/.local/lib/python3.6/site-packages/airflow/example_dags/tutorial.py took 0.035 seconds
[2024-06-22 00:14:42,010] {scheduler_job.py:182} INFO - Started process (PID=5003) to work on /home/airflow/.local/lib/python3.6/site-packages/airflow/example_dags/tutorial.py
[2024-06-22 00:14:42,011] {scheduler_job.py:629} INFO - Processing file /home/airflow/.local/lib/python3.6/site-packages/airflow/example_dags/tutorial.py for tasks to queue
[2024-06-22 00:14:42,011] {logging_mixin.py:104} INFO - [2024-06-22 00:14:42,011] {dagbag.py:451} INFO - Filling up the DagBag from /home/airflow/.local/lib/python3.6/site-packages/airflow/example_dags/tutorial.py
[2024-06-22 00:14:42,017] {scheduler_job.py:639} INFO - DAG(s) dict_keys(['tutorial']) retrieved from /home/airflow/.local/lib/python3.6/site-packages/airflow/example_dags/tutorial.py
[2024-06-22 00:14:42,029] {logging_mixin.py:104} INFO - [2024-06-22 00:14:42,029] {dag.py:1824} INFO - Sync 1 DAGs
[2024-06-22 00:14:42,037] {logging_mixin.py:104} INFO - [2024-06-22 00:14:42,037] {dag.py:2280} INFO - Setting next_dagrun for tutorial to 2024-06-20 00:00:00+00:00
[2024-06-22 00:14:42,044] {scheduler_job.py:190} INFO - Processing /home/airflow/.local/lib/python3.6/site-packages/airflow/example_dags/tutorial.py took 0.035 seconds
[2024-06-22 00:15:12,704] {scheduler_job.py:182} INFO - Started process (PID=5029) to work on /home/airflow/.local/lib/python3.6/site-packages/airflow/example_dags/tutorial.py
[2024-06-22 00:15:12,704] {scheduler_job.py:629} INFO - Processing file /home/airflow/.local/lib/python3.6/site-packages/airflow/example_dags/tutorial.py for tasks to queue
[2024-06-22 00:15:12,705] {logging_mixin.py:104} INFO - [2024-06-22 00:15:12,705] {dagbag.py:451} INFO - Filling up the DagBag from /home/airflow/.local/lib/python3.6/site-packages/airflow/example_dags/tutorial.py
[2024-06-22 00:15:12,710] {scheduler_job.py:639} INFO - DAG(s) dict_keys(['tutorial']) retrieved from /home/airflow/.local/lib/python3.6/site-packages/airflow/example_dags/tutorial.py
[2024-06-22 00:15:12,723] {logging_mixin.py:104} INFO - [2024-06-22 00:15:12,723] {dag.py:1824} INFO - Sync 1 DAGs
[2024-06-22 00:15:12,731] {logging_mixin.py:104} INFO - [2024-06-22 00:15:12,731] {dag.py:2280} INFO - Setting next_dagrun for tutorial to 2024-06-20 00:00:00+00:00
[2024-06-22 00:15:12,737] {scheduler_job.py:190} INFO - Processing /home/airflow/.local/lib/python3.6/site-packages/airflow/example_dags/tutorial.py took 0.036 seconds
[2024-06-22 00:15:43,547] {scheduler_job.py:182} INFO - Started process (PID=5055) to work on /home/airflow/.local/lib/python3.6/site-packages/airflow/example_dags/tutorial.py
[2024-06-22 00:15:43,548] {scheduler_job.py:629} INFO - Processing file /home/airflow/.local/lib/python3.6/site-packages/airflow/example_dags/tutorial.py for tasks to queue
[2024-06-22 00:15:43,548] {logging_mixin.py:104} INFO - [2024-06-22 00:15:43,548] {dagbag.py:451} INFO - Filling up the DagBag from /home/airflow/.local/lib/python3.6/site-packages/airflow/example_dags/tutorial.py
[2024-06-22 00:15:43,554] {scheduler_job.py:639} INFO - DAG(s) dict_keys(['tutorial']) retrieved from /home/airflow/.local/lib/python3.6/site-packages/airflow/example_dags/tutorial.py
[2024-06-22 00:15:43,566] {logging_mixin.py:104} INFO - [2024-06-22 00:15:43,566] {dag.py:1824} INFO - Sync 1 DAGs
[2024-06-22 00:15:43,574] {logging_mixin.py:104} INFO - [2024-06-22 00:15:43,574] {dag.py:2280} INFO - Setting next_dagrun for tutorial to 2024-06-20 00:00:00+00:00
[2024-06-22 00:15:43,581] {scheduler_job.py:190} INFO - Processing /home/airflow/.local/lib/python3.6/site-packages/airflow/example_dags/tutorial.py took 0.036 seconds
[2024-06-22 00:16:14,254] {scheduler_job.py:182} INFO - Started process (PID=5081) to work on /home/airflow/.local/lib/python3.6/site-packages/airflow/example_dags/tutorial.py
[2024-06-22 00:16:14,255] {scheduler_job.py:629} INFO - Processing file /home/airflow/.local/lib/python3.6/site-packages/airflow/example_dags/tutorial.py for tasks to queue
[2024-06-22 00:16:14,255] {logging_mixin.py:104} INFO - [2024-06-22 00:16:14,255] {dagbag.py:451} INFO - Filling up the DagBag from /home/airflow/.local/lib/python3.6/site-packages/airflow/example_dags/tutorial.py
[2024-06-22 00:16:14,261] {scheduler_job.py:639} INFO - DAG(s) dict_keys(['tutorial']) retrieved from /home/airflow/.local/lib/python3.6/site-packages/airflow/example_dags/tutorial.py
[2024-06-22 00:16:14,274] {logging_mixin.py:104} INFO - [2024-06-22 00:16:14,274] {dag.py:1824} INFO - Sync 1 DAGs
[2024-06-22 00:16:14,282] {logging_mixin.py:104} INFO - [2024-06-22 00:16:14,282] {dag.py:2280} INFO - Setting next_dagrun for tutorial to 2024-06-20 00:00:00+00:00
[2024-06-22 00:16:14,288] {scheduler_job.py:190} INFO - Processing /home/airflow/.local/lib/python3.6/site-packages/airflow/example_dags/tutorial.py took 0.036 seconds
[2024-06-22 00:16:45,017] {scheduler_job.py:182} INFO - Started process (PID=5107) to work on /home/airflow/.local/lib/python3.6/site-packages/airflow/example_dags/tutorial.py
[2024-06-22 00:16:45,017] {scheduler_job.py:629} INFO - Processing file /home/airflow/.local/lib/python3.6/site-packages/airflow/example_dags/tutorial.py for tasks to queue
[2024-06-22 00:16:45,018] {logging_mixin.py:104} INFO - [2024-06-22 00:16:45,018] {dagbag.py:451} INFO - Filling up the DagBag from /home/airflow/.local/lib/python3.6/site-packages/airflow/example_dags/tutorial.py
[2024-06-22 00:16:45,023] {scheduler_job.py:639} INFO - DAG(s) dict_keys(['tutorial']) retrieved from /home/airflow/.local/lib/python3.6/site-packages/airflow/example_dags/tutorial.py
[2024-06-22 00:16:45,036] {logging_mixin.py:104} INFO - [2024-06-22 00:16:45,035] {dag.py:1824} INFO - Sync 1 DAGs
[2024-06-22 00:16:45,044] {logging_mixin.py:104} INFO - [2024-06-22 00:16:45,044] {dag.py:2280} INFO - Setting next_dagrun for tutorial to 2024-06-20 00:00:00+00:00
[2024-06-22 00:16:45,049] {scheduler_job.py:190} INFO - Processing /home/airflow/.local/lib/python3.6/site-packages/airflow/example_dags/tutorial.py took 0.034 seconds
[2024-06-22 00:17:15,794] {scheduler_job.py:182} INFO - Started process (PID=5133) to work on /home/airflow/.local/lib/python3.6/site-packages/airflow/example_dags/tutorial.py
[2024-06-22 00:17:15,795] {scheduler_job.py:629} INFO - Processing file /home/airflow/.local/lib/python3.6/site-packages/airflow/example_dags/tutorial.py for tasks to queue
[2024-06-22 00:17:15,795] {logging_mixin.py:104} INFO - [2024-06-22 00:17:15,795] {dagbag.py:451} INFO - Filling up the DagBag from /home/airflow/.local/lib/python3.6/site-packages/airflow/example_dags/tutorial.py
[2024-06-22 00:17:15,800] {scheduler_job.py:639} INFO - DAG(s) dict_keys(['tutorial']) retrieved from /home/airflow/.local/lib/python3.6/site-packages/airflow/example_dags/tutorial.py
[2024-06-22 00:17:15,813] {logging_mixin.py:104} INFO - [2024-06-22 00:17:15,813] {dag.py:1824} INFO - Sync 1 DAGs
[2024-06-22 00:17:15,822] {logging_mixin.py:104} INFO - [2024-06-22 00:17:15,821] {dag.py:2280} INFO - Setting next_dagrun for tutorial to 2024-06-20 00:00:00+00:00
[2024-06-22 00:17:15,828] {scheduler_job.py:190} INFO - Processing /home/airflow/.local/lib/python3.6/site-packages/airflow/example_dags/tutorial.py took 0.036 seconds
[2024-06-22 00:17:46,570] {scheduler_job.py:182} INFO - Started process (PID=5159) to work on /home/airflow/.local/lib/python3.6/site-packages/airflow/example_dags/tutorial.py
[2024-06-22 00:17:46,570] {scheduler_job.py:629} INFO - Processing file /home/airflow/.local/lib/python3.6/site-packages/airflow/example_dags/tutorial.py for tasks to queue
[2024-06-22 00:17:46,571] {logging_mixin.py:104} INFO - [2024-06-22 00:17:46,571] {dagbag.py:451} INFO - Filling up the DagBag from /home/airflow/.local/lib/python3.6/site-packages/airflow/example_dags/tutorial.py
[2024-06-22 00:17:46,577] {scheduler_job.py:639} INFO - DAG(s) dict_keys(['tutorial']) retrieved from /home/airflow/.local/lib/python3.6/site-packages/airflow/example_dags/tutorial.py
[2024-06-22 00:17:46,589] {logging_mixin.py:104} INFO - [2024-06-22 00:17:46,589] {dag.py:1824} INFO - Sync 1 DAGs
[2024-06-22 00:17:46,597] {logging_mixin.py:104} INFO - [2024-06-22 00:17:46,597] {dag.py:2280} INFO - Setting next_dagrun for tutorial to 2024-06-20 00:00:00+00:00
[2024-06-22 00:17:46,603] {scheduler_job.py:190} INFO - Processing /home/airflow/.local/lib/python3.6/site-packages/airflow/example_dags/tutorial.py took 0.036 seconds
[2024-06-22 00:18:17,330] {scheduler_job.py:182} INFO - Started process (PID=5185) to work on /home/airflow/.local/lib/python3.6/site-packages/airflow/example_dags/tutorial.py
[2024-06-22 00:18:17,331] {scheduler_job.py:629} INFO - Processing file /home/airflow/.local/lib/python3.6/site-packages/airflow/example_dags/tutorial.py for tasks to queue
[2024-06-22 00:18:17,331] {logging_mixin.py:104} INFO - [2024-06-22 00:18:17,331] {dagbag.py:451} INFO - Filling up the DagBag from /home/airflow/.local/lib/python3.6/site-packages/airflow/example_dags/tutorial.py
[2024-06-22 00:18:17,337] {scheduler_job.py:639} INFO - DAG(s) dict_keys(['tutorial']) retrieved from /home/airflow/.local/lib/python3.6/site-packages/airflow/example_dags/tutorial.py
[2024-06-22 00:18:17,349] {logging_mixin.py:104} INFO - [2024-06-22 00:18:17,349] {dag.py:1824} INFO - Sync 1 DAGs
[2024-06-22 00:18:17,358] {logging_mixin.py:104} INFO - [2024-06-22 00:18:17,358] {dag.py:2280} INFO - Setting next_dagrun for tutorial to 2024-06-20 00:00:00+00:00
[2024-06-22 00:18:17,363] {scheduler_job.py:190} INFO - Processing /home/airflow/.local/lib/python3.6/site-packages/airflow/example_dags/tutorial.py took 0.035 seconds
[2024-06-22 00:18:48,084] {scheduler_job.py:182} INFO - Started process (PID=5211) to work on /home/airflow/.local/lib/python3.6/site-packages/airflow/example_dags/tutorial.py
[2024-06-22 00:18:48,085] {scheduler_job.py:629} INFO - Processing file /home/airflow/.local/lib/python3.6/site-packages/airflow/example_dags/tutorial.py for tasks to queue
[2024-06-22 00:18:48,085] {logging_mixin.py:104} INFO - [2024-06-22 00:18:48,085] {dagbag.py:451} INFO - Filling up the DagBag from /home/airflow/.local/lib/python3.6/site-packages/airflow/example_dags/tutorial.py
[2024-06-22 00:18:48,090] {scheduler_job.py:639} INFO - DAG(s) dict_keys(['tutorial']) retrieved from /home/airflow/.local/lib/python3.6/site-packages/airflow/example_dags/tutorial.py
[2024-06-22 00:18:48,103] {logging_mixin.py:104} INFO - [2024-06-22 00:18:48,102] {dag.py:1824} INFO - Sync 1 DAGs
[2024-06-22 00:18:48,111] {logging_mixin.py:104} INFO - [2024-06-22 00:18:48,111] {dag.py:2280} INFO - Setting next_dagrun for tutorial to 2024-06-20 00:00:00+00:00
[2024-06-22 00:18:48,117] {scheduler_job.py:190} INFO - Processing /home/airflow/.local/lib/python3.6/site-packages/airflow/example_dags/tutorial.py took 0.035 seconds
[2024-06-22 00:19:18,857] {scheduler_job.py:182} INFO - Started process (PID=5237) to work on /home/airflow/.local/lib/python3.6/site-packages/airflow/example_dags/tutorial.py
[2024-06-22 00:19:18,858] {scheduler_job.py:629} INFO - Processing file /home/airflow/.local/lib/python3.6/site-packages/airflow/example_dags/tutorial.py for tasks to queue
[2024-06-22 00:19:18,858] {logging_mixin.py:104} INFO - [2024-06-22 00:19:18,858] {dagbag.py:451} INFO - Filling up the DagBag from /home/airflow/.local/lib/python3.6/site-packages/airflow/example_dags/tutorial.py
[2024-06-22 00:19:18,864] {scheduler_job.py:639} INFO - DAG(s) dict_keys(['tutorial']) retrieved from /home/airflow/.local/lib/python3.6/site-packages/airflow/example_dags/tutorial.py
[2024-06-22 00:19:18,876] {logging_mixin.py:104} INFO - [2024-06-22 00:19:18,876] {dag.py:1824} INFO - Sync 1 DAGs
[2024-06-22 00:19:18,884] {logging_mixin.py:104} INFO - [2024-06-22 00:19:18,884] {dag.py:2280} INFO - Setting next_dagrun for tutorial to 2024-06-20 00:00:00+00:00
[2024-06-22 00:19:18,891] {scheduler_job.py:190} INFO - Processing /home/airflow/.local/lib/python3.6/site-packages/airflow/example_dags/tutorial.py took 0.036 seconds
[2024-06-22 00:19:49,627] {scheduler_job.py:182} INFO - Started process (PID=5263) to work on /home/airflow/.local/lib/python3.6/site-packages/airflow/example_dags/tutorial.py
[2024-06-22 00:19:49,628] {scheduler_job.py:629} INFO - Processing file /home/airflow/.local/lib/python3.6/site-packages/airflow/example_dags/tutorial.py for tasks to queue
[2024-06-22 00:19:49,629] {logging_mixin.py:104} INFO - [2024-06-22 00:19:49,629] {dagbag.py:451} INFO - Filling up the DagBag from /home/airflow/.local/lib/python3.6/site-packages/airflow/example_dags/tutorial.py
[2024-06-22 00:19:49,634] {scheduler_job.py:639} INFO - DAG(s) dict_keys(['tutorial']) retrieved from /home/airflow/.local/lib/python3.6/site-packages/airflow/example_dags/tutorial.py
[2024-06-22 00:19:49,647] {logging_mixin.py:104} INFO - [2024-06-22 00:19:49,646] {dag.py:1824} INFO - Sync 1 DAGs
[2024-06-22 00:19:49,655] {logging_mixin.py:104} INFO - [2024-06-22 00:19:49,655] {dag.py:2280} INFO - Setting next_dagrun for tutorial to 2024-06-20 00:00:00+00:00
[2024-06-22 00:19:49,660] {scheduler_job.py:190} INFO - Processing /home/airflow/.local/lib/python3.6/site-packages/airflow/example_dags/tutorial.py took 0.034 seconds
[2024-06-22 00:20:20,287] {scheduler_job.py:182} INFO - Started process (PID=5289) to work on /home/airflow/.local/lib/python3.6/site-packages/airflow/example_dags/tutorial.py
[2024-06-22 00:20:20,288] {scheduler_job.py:629} INFO - Processing file /home/airflow/.local/lib/python3.6/site-packages/airflow/example_dags/tutorial.py for tasks to queue
[2024-06-22 00:20:20,288] {logging_mixin.py:104} INFO - [2024-06-22 00:20:20,288] {dagbag.py:451} INFO - Filling up the DagBag from /home/airflow/.local/lib/python3.6/site-packages/airflow/example_dags/tutorial.py
[2024-06-22 00:20:20,294] {scheduler_job.py:639} INFO - DAG(s) dict_keys(['tutorial']) retrieved from /home/airflow/.local/lib/python3.6/site-packages/airflow/example_dags/tutorial.py
[2024-06-22 00:20:20,306] {logging_mixin.py:104} INFO - [2024-06-22 00:20:20,306] {dag.py:1824} INFO - Sync 1 DAGs
[2024-06-22 00:20:20,314] {logging_mixin.py:104} INFO - [2024-06-22 00:20:20,314] {dag.py:2280} INFO - Setting next_dagrun for tutorial to 2024-06-20 00:00:00+00:00
[2024-06-22 00:20:20,321] {scheduler_job.py:190} INFO - Processing /home/airflow/.local/lib/python3.6/site-packages/airflow/example_dags/tutorial.py took 0.036 seconds
[2024-06-22 00:20:51,056] {scheduler_job.py:182} INFO - Started process (PID=5315) to work on /home/airflow/.local/lib/python3.6/site-packages/airflow/example_dags/tutorial.py
[2024-06-22 00:20:51,057] {scheduler_job.py:629} INFO - Processing file /home/airflow/.local/lib/python3.6/site-packages/airflow/example_dags/tutorial.py for tasks to queue
[2024-06-22 00:20:51,058] {logging_mixin.py:104} INFO - [2024-06-22 00:20:51,057] {dagbag.py:451} INFO - Filling up the DagBag from /home/airflow/.local/lib/python3.6/site-packages/airflow/example_dags/tutorial.py
[2024-06-22 00:20:51,063] {scheduler_job.py:639} INFO - DAG(s) dict_keys(['tutorial']) retrieved from /home/airflow/.local/lib/python3.6/site-packages/airflow/example_dags/tutorial.py
[2024-06-22 00:20:51,077] {logging_mixin.py:104} INFO - [2024-06-22 00:20:51,077] {dag.py:1824} INFO - Sync 1 DAGs
[2024-06-22 00:20:51,086] {logging_mixin.py:104} INFO - [2024-06-22 00:20:51,085] {dag.py:2280} INFO - Setting next_dagrun for tutorial to 2024-06-20 00:00:00+00:00
[2024-06-22 00:20:51,091] {scheduler_job.py:190} INFO - Processing /home/airflow/.local/lib/python3.6/site-packages/airflow/example_dags/tutorial.py took 0.037 seconds
[2024-06-22 00:21:21,747] {scheduler_job.py:182} INFO - Started process (PID=5341) to work on /home/airflow/.local/lib/python3.6/site-packages/airflow/example_dags/tutorial.py
[2024-06-22 00:21:21,747] {scheduler_job.py:629} INFO - Processing file /home/airflow/.local/lib/python3.6/site-packages/airflow/example_dags/tutorial.py for tasks to queue
[2024-06-22 00:21:21,748] {logging_mixin.py:104} INFO - [2024-06-22 00:21:21,748] {dagbag.py:451} INFO - Filling up the DagBag from /home/airflow/.local/lib/python3.6/site-packages/airflow/example_dags/tutorial.py
[2024-06-22 00:21:21,753] {scheduler_job.py:639} INFO - DAG(s) dict_keys(['tutorial']) retrieved from /home/airflow/.local/lib/python3.6/site-packages/airflow/example_dags/tutorial.py
[2024-06-22 00:21:21,766] {logging_mixin.py:104} INFO - [2024-06-22 00:21:21,766] {dag.py:1824} INFO - Sync 1 DAGs
[2024-06-22 00:21:21,775] {logging_mixin.py:104} INFO - [2024-06-22 00:21:21,775] {dag.py:2280} INFO - Setting next_dagrun for tutorial to 2024-06-20 00:00:00+00:00
[2024-06-22 00:21:21,781] {scheduler_job.py:190} INFO - Processing /home/airflow/.local/lib/python3.6/site-packages/airflow/example_dags/tutorial.py took 0.036 seconds
[2024-06-22 00:21:52,508] {scheduler_job.py:182} INFO - Started process (PID=5367) to work on /home/airflow/.local/lib/python3.6/site-packages/airflow/example_dags/tutorial.py
[2024-06-22 00:21:52,509] {scheduler_job.py:629} INFO - Processing file /home/airflow/.local/lib/python3.6/site-packages/airflow/example_dags/tutorial.py for tasks to queue
[2024-06-22 00:21:52,509] {logging_mixin.py:104} INFO - [2024-06-22 00:21:52,509] {dagbag.py:451} INFO - Filling up the DagBag from /home/airflow/.local/lib/python3.6/site-packages/airflow/example_dags/tutorial.py
[2024-06-22 00:21:52,514] {scheduler_job.py:639} INFO - DAG(s) dict_keys(['tutorial']) retrieved from /home/airflow/.local/lib/python3.6/site-packages/airflow/example_dags/tutorial.py
[2024-06-22 00:21:52,526] {logging_mixin.py:104} INFO - [2024-06-22 00:21:52,526] {dag.py:1824} INFO - Sync 1 DAGs
[2024-06-22 00:21:52,534] {logging_mixin.py:104} INFO - [2024-06-22 00:21:52,534] {dag.py:2280} INFO - Setting next_dagrun for tutorial to 2024-06-20 00:00:00+00:00
[2024-06-22 00:21:52,541] {scheduler_job.py:190} INFO - Processing /home/airflow/.local/lib/python3.6/site-packages/airflow/example_dags/tutorial.py took 0.035 seconds
[2024-06-22 00:22:23,205] {scheduler_job.py:182} INFO - Started process (PID=5393) to work on /home/airflow/.local/lib/python3.6/site-packages/airflow/example_dags/tutorial.py
[2024-06-22 00:22:23,206] {scheduler_job.py:629} INFO - Processing file /home/airflow/.local/lib/python3.6/site-packages/airflow/example_dags/tutorial.py for tasks to queue
[2024-06-22 00:22:23,207] {logging_mixin.py:104} INFO - [2024-06-22 00:22:23,207] {dagbag.py:451} INFO - Filling up the DagBag from /home/airflow/.local/lib/python3.6/site-packages/airflow/example_dags/tutorial.py
[2024-06-22 00:22:23,212] {scheduler_job.py:639} INFO - DAG(s) dict_keys(['tutorial']) retrieved from /home/airflow/.local/lib/python3.6/site-packages/airflow/example_dags/tutorial.py
[2024-06-22 00:22:23,224] {logging_mixin.py:104} INFO - [2024-06-22 00:22:23,224] {dag.py:1824} INFO - Sync 1 DAGs
[2024-06-22 00:22:23,233] {logging_mixin.py:104} INFO - [2024-06-22 00:22:23,233] {dag.py:2280} INFO - Setting next_dagrun for tutorial to 2024-06-20 00:00:00+00:00
[2024-06-22 00:22:23,238] {scheduler_job.py:190} INFO - Processing /home/airflow/.local/lib/python3.6/site-packages/airflow/example_dags/tutorial.py took 0.034 seconds
[2024-06-22 00:22:54,018] {scheduler_job.py:182} INFO - Started process (PID=5419) to work on /home/airflow/.local/lib/python3.6/site-packages/airflow/example_dags/tutorial.py
[2024-06-22 00:22:54,019] {scheduler_job.py:629} INFO - Processing file /home/airflow/.local/lib/python3.6/site-packages/airflow/example_dags/tutorial.py for tasks to queue
[2024-06-22 00:22:54,020] {logging_mixin.py:104} INFO - [2024-06-22 00:22:54,020] {dagbag.py:451} INFO - Filling up the DagBag from /home/airflow/.local/lib/python3.6/site-packages/airflow/example_dags/tutorial.py
[2024-06-22 00:22:54,025] {scheduler_job.py:639} INFO - DAG(s) dict_keys(['tutorial']) retrieved from /home/airflow/.local/lib/python3.6/site-packages/airflow/example_dags/tutorial.py
[2024-06-22 00:22:54,037] {logging_mixin.py:104} INFO - [2024-06-22 00:22:54,037] {dag.py:1824} INFO - Sync 1 DAGs
[2024-06-22 00:22:54,046] {logging_mixin.py:104} INFO - [2024-06-22 00:22:54,046] {dag.py:2280} INFO - Setting next_dagrun for tutorial to 2024-06-20 00:00:00+00:00
[2024-06-22 00:22:54,053] {scheduler_job.py:190} INFO - Processing /home/airflow/.local/lib/python3.6/site-packages/airflow/example_dags/tutorial.py took 0.036 seconds
[2024-06-22 00:23:24,715] {scheduler_job.py:182} INFO - Started process (PID=5445) to work on /home/airflow/.local/lib/python3.6/site-packages/airflow/example_dags/tutorial.py
[2024-06-22 00:23:24,715] {scheduler_job.py:629} INFO - Processing file /home/airflow/.local/lib/python3.6/site-packages/airflow/example_dags/tutorial.py for tasks to queue
[2024-06-22 00:23:24,716] {logging_mixin.py:104} INFO - [2024-06-22 00:23:24,716] {dagbag.py:451} INFO - Filling up the DagBag from /home/airflow/.local/lib/python3.6/site-packages/airflow/example_dags/tutorial.py
[2024-06-22 00:23:24,721] {scheduler_job.py:639} INFO - DAG(s) dict_keys(['tutorial']) retrieved from /home/airflow/.local/lib/python3.6/site-packages/airflow/example_dags/tutorial.py
[2024-06-22 00:23:24,733] {logging_mixin.py:104} INFO - [2024-06-22 00:23:24,733] {dag.py:1824} INFO - Sync 1 DAGs
[2024-06-22 00:23:24,741] {logging_mixin.py:104} INFO - [2024-06-22 00:23:24,741] {dag.py:2280} INFO - Setting next_dagrun for tutorial to 2024-06-20 00:00:00+00:00
[2024-06-22 00:23:24,748] {scheduler_job.py:190} INFO - Processing /home/airflow/.local/lib/python3.6/site-packages/airflow/example_dags/tutorial.py took 0.035 seconds
[2024-06-22 00:23:55,545] {scheduler_job.py:182} INFO - Started process (PID=5471) to work on /home/airflow/.local/lib/python3.6/site-packages/airflow/example_dags/tutorial.py
[2024-06-22 00:23:55,545] {scheduler_job.py:629} INFO - Processing file /home/airflow/.local/lib/python3.6/site-packages/airflow/example_dags/tutorial.py for tasks to queue
[2024-06-22 00:23:55,546] {logging_mixin.py:104} INFO - [2024-06-22 00:23:55,546] {dagbag.py:451} INFO - Filling up the DagBag from /home/airflow/.local/lib/python3.6/site-packages/airflow/example_dags/tutorial.py
[2024-06-22 00:23:55,551] {scheduler_job.py:639} INFO - DAG(s) dict_keys(['tutorial']) retrieved from /home/airflow/.local/lib/python3.6/site-packages/airflow/example_dags/tutorial.py
[2024-06-22 00:23:55,563] {logging_mixin.py:104} INFO - [2024-06-22 00:23:55,563] {dag.py:1824} INFO - Sync 1 DAGs
[2024-06-22 00:23:55,571] {logging_mixin.py:104} INFO - [2024-06-22 00:23:55,571] {dag.py:2280} INFO - Setting next_dagrun for tutorial to 2024-06-20 00:00:00+00:00
[2024-06-22 00:23:55,578] {scheduler_job.py:190} INFO - Processing /home/airflow/.local/lib/python3.6/site-packages/airflow/example_dags/tutorial.py took 0.035 seconds
[2024-06-22 00:24:26,390] {scheduler_job.py:182} INFO - Started process (PID=5497) to work on /home/airflow/.local/lib/python3.6/site-packages/airflow/example_dags/tutorial.py
[2024-06-22 00:24:26,391] {scheduler_job.py:629} INFO - Processing file /home/airflow/.local/lib/python3.6/site-packages/airflow/example_dags/tutorial.py for tasks to queue
[2024-06-22 00:24:26,391] {logging_mixin.py:104} INFO - [2024-06-22 00:24:26,391] {dagbag.py:451} INFO - Filling up the DagBag from /home/airflow/.local/lib/python3.6/site-packages/airflow/example_dags/tutorial.py
[2024-06-22 00:24:26,397] {scheduler_job.py:639} INFO - DAG(s) dict_keys(['tutorial']) retrieved from /home/airflow/.local/lib/python3.6/site-packages/airflow/example_dags/tutorial.py
[2024-06-22 00:24:26,414] {logging_mixin.py:104} INFO - [2024-06-22 00:24:26,414] {dag.py:1824} INFO - Sync 1 DAGs
[2024-06-22 00:24:26,425] {logging_mixin.py:104} INFO - [2024-06-22 00:24:26,425] {dag.py:2280} INFO - Setting next_dagrun for tutorial to 2024-06-20 00:00:00+00:00
[2024-06-22 00:24:26,431] {scheduler_job.py:190} INFO - Processing /home/airflow/.local/lib/python3.6/site-packages/airflow/example_dags/tutorial.py took 0.042 seconds
[2024-06-22 00:24:57,111] {scheduler_job.py:182} INFO - Started process (PID=5523) to work on /home/airflow/.local/lib/python3.6/site-packages/airflow/example_dags/tutorial.py
[2024-06-22 00:24:57,112] {scheduler_job.py:629} INFO - Processing file /home/airflow/.local/lib/python3.6/site-packages/airflow/example_dags/tutorial.py for tasks to queue
[2024-06-22 00:24:57,112] {logging_mixin.py:104} INFO - [2024-06-22 00:24:57,112] {dagbag.py:451} INFO - Filling up the DagBag from /home/airflow/.local/lib/python3.6/site-packages/airflow/example_dags/tutorial.py
[2024-06-22 00:24:57,120] {scheduler_job.py:639} INFO - DAG(s) dict_keys(['tutorial']) retrieved from /home/airflow/.local/lib/python3.6/site-packages/airflow/example_dags/tutorial.py
[2024-06-22 00:24:57,141] {logging_mixin.py:104} INFO - [2024-06-22 00:24:57,141] {dag.py:1824} INFO - Sync 1 DAGs
[2024-06-22 00:24:57,155] {logging_mixin.py:104} INFO - [2024-06-22 00:24:57,155] {dag.py:2280} INFO - Setting next_dagrun for tutorial to 2024-06-20 00:00:00+00:00
[2024-06-22 00:24:57,164] {scheduler_job.py:190} INFO - Processing /home/airflow/.local/lib/python3.6/site-packages/airflow/example_dags/tutorial.py took 0.056 seconds
[2024-06-22 23:26:22,997] {scheduler_job.py:182} INFO - Started process (PID=5550) to work on /home/airflow/.local/lib/python3.6/site-packages/airflow/example_dags/tutorial.py
[2024-06-22 23:26:22,998] {scheduler_job.py:629} INFO - Processing file /home/airflow/.local/lib/python3.6/site-packages/airflow/example_dags/tutorial.py for tasks to queue
[2024-06-22 23:26:22,999] {logging_mixin.py:104} INFO - [2024-06-22 23:26:22,999] {dagbag.py:451} INFO - Filling up the DagBag from /home/airflow/.local/lib/python3.6/site-packages/airflow/example_dags/tutorial.py
[2024-06-22 23:26:23,008] {scheduler_job.py:639} INFO - DAG(s) dict_keys(['tutorial']) retrieved from /home/airflow/.local/lib/python3.6/site-packages/airflow/example_dags/tutorial.py
[2024-06-22 23:26:23,035] {logging_mixin.py:104} INFO - [2024-06-22 23:26:23,035] {dag.py:1824} INFO - Sync 1 DAGs
[2024-06-22 23:26:23,053] {logging_mixin.py:104} INFO - [2024-06-22 23:26:23,053] {dag.py:2280} INFO - Setting next_dagrun for tutorial to 2024-06-20 00:00:00+00:00
[2024-06-22 23:26:23,062] {scheduler_job.py:190} INFO - Processing /home/airflow/.local/lib/python3.6/site-packages/airflow/example_dags/tutorial.py took 0.069 seconds
[2024-06-22 23:26:53,966] {scheduler_job.py:182} INFO - Started process (PID=5576) to work on /home/airflow/.local/lib/python3.6/site-packages/airflow/example_dags/tutorial.py
[2024-06-22 23:26:53,968] {scheduler_job.py:629} INFO - Processing file /home/airflow/.local/lib/python3.6/site-packages/airflow/example_dags/tutorial.py for tasks to queue
[2024-06-22 23:26:53,968] {logging_mixin.py:104} INFO - [2024-06-22 23:26:53,968] {dagbag.py:451} INFO - Filling up the DagBag from /home/airflow/.local/lib/python3.6/site-packages/airflow/example_dags/tutorial.py
[2024-06-22 23:26:53,974] {scheduler_job.py:639} INFO - DAG(s) dict_keys(['tutorial']) retrieved from /home/airflow/.local/lib/python3.6/site-packages/airflow/example_dags/tutorial.py
[2024-06-22 23:26:53,989] {logging_mixin.py:104} INFO - [2024-06-22 23:26:53,989] {dag.py:1824} INFO - Sync 1 DAGs
[2024-06-22 23:26:54,000] {logging_mixin.py:104} INFO - [2024-06-22 23:26:54,000] {dag.py:2280} INFO - Setting next_dagrun for tutorial to 2024-06-20 00:00:00+00:00
[2024-06-22 23:26:54,006] {scheduler_job.py:190} INFO - Processing /home/airflow/.local/lib/python3.6/site-packages/airflow/example_dags/tutorial.py took 0.042 seconds
[2024-06-22 23:27:24,798] {scheduler_job.py:182} INFO - Started process (PID=5602) to work on /home/airflow/.local/lib/python3.6/site-packages/airflow/example_dags/tutorial.py
[2024-06-22 23:27:24,799] {scheduler_job.py:629} INFO - Processing file /home/airflow/.local/lib/python3.6/site-packages/airflow/example_dags/tutorial.py for tasks to queue
[2024-06-22 23:27:24,800] {logging_mixin.py:104} INFO - [2024-06-22 23:27:24,800] {dagbag.py:451} INFO - Filling up the DagBag from /home/airflow/.local/lib/python3.6/site-packages/airflow/example_dags/tutorial.py
[2024-06-22 23:27:24,805] {scheduler_job.py:639} INFO - DAG(s) dict_keys(['tutorial']) retrieved from /home/airflow/.local/lib/python3.6/site-packages/airflow/example_dags/tutorial.py
[2024-06-22 23:27:24,817] {logging_mixin.py:104} INFO - [2024-06-22 23:27:24,817] {dag.py:1824} INFO - Sync 1 DAGs
[2024-06-22 23:27:24,826] {logging_mixin.py:104} INFO - [2024-06-22 23:27:24,826] {dag.py:2280} INFO - Setting next_dagrun for tutorial to 2024-06-20 00:00:00+00:00
[2024-06-22 23:27:24,833] {scheduler_job.py:190} INFO - Processing /home/airflow/.local/lib/python3.6/site-packages/airflow/example_dags/tutorial.py took 0.036 seconds
[2024-06-22 23:27:55,597] {scheduler_job.py:182} INFO - Started process (PID=5628) to work on /home/airflow/.local/lib/python3.6/site-packages/airflow/example_dags/tutorial.py
[2024-06-22 23:27:55,598] {scheduler_job.py:629} INFO - Processing file /home/airflow/.local/lib/python3.6/site-packages/airflow/example_dags/tutorial.py for tasks to queue
[2024-06-22 23:27:55,598] {logging_mixin.py:104} INFO - [2024-06-22 23:27:55,598] {dagbag.py:451} INFO - Filling up the DagBag from /home/airflow/.local/lib/python3.6/site-packages/airflow/example_dags/tutorial.py
[2024-06-22 23:27:55,604] {scheduler_job.py:639} INFO - DAG(s) dict_keys(['tutorial']) retrieved from /home/airflow/.local/lib/python3.6/site-packages/airflow/example_dags/tutorial.py
[2024-06-22 23:27:55,617] {logging_mixin.py:104} INFO - [2024-06-22 23:27:55,617] {dag.py:1824} INFO - Sync 1 DAGs
[2024-06-22 23:27:55,626] {logging_mixin.py:104} INFO - [2024-06-22 23:27:55,626] {dag.py:2280} INFO - Setting next_dagrun for tutorial to 2024-06-20 00:00:00+00:00
[2024-06-22 23:27:55,634] {scheduler_job.py:190} INFO - Processing /home/airflow/.local/lib/python3.6/site-packages/airflow/example_dags/tutorial.py took 0.039 seconds
[2024-06-22 23:28:26,345] {scheduler_job.py:182} INFO - Started process (PID=5654) to work on /home/airflow/.local/lib/python3.6/site-packages/airflow/example_dags/tutorial.py
[2024-06-22 23:28:26,346] {scheduler_job.py:629} INFO - Processing file /home/airflow/.local/lib/python3.6/site-packages/airflow/example_dags/tutorial.py for tasks to queue
[2024-06-22 23:28:26,347] {logging_mixin.py:104} INFO - [2024-06-22 23:28:26,346] {dagbag.py:451} INFO - Filling up the DagBag from /home/airflow/.local/lib/python3.6/site-packages/airflow/example_dags/tutorial.py
[2024-06-22 23:28:26,352] {scheduler_job.py:639} INFO - DAG(s) dict_keys(['tutorial']) retrieved from /home/airflow/.local/lib/python3.6/site-packages/airflow/example_dags/tutorial.py
[2024-06-22 23:28:26,364] {logging_mixin.py:104} INFO - [2024-06-22 23:28:26,364] {dag.py:1824} INFO - Sync 1 DAGs
[2024-06-22 23:28:26,372] {logging_mixin.py:104} INFO - [2024-06-22 23:28:26,372] {dag.py:2280} INFO - Setting next_dagrun for tutorial to 2024-06-20 00:00:00+00:00
[2024-06-22 23:28:26,379] {scheduler_job.py:190} INFO - Processing /home/airflow/.local/lib/python3.6/site-packages/airflow/example_dags/tutorial.py took 0.036 seconds
