[2024-06-22 00:00:19,882] {scheduler_job.py:182} INFO - Started process (PID=4268) to work on /home/airflow/.local/lib/python3.6/site-packages/airflow/example_dags/tutorial_etl_dag.py
[2024-06-22 00:00:19,883] {scheduler_job.py:629} INFO - Processing file /home/airflow/.local/lib/python3.6/site-packages/airflow/example_dags/tutorial_etl_dag.py for tasks to queue
[2024-06-22 00:00:19,883] {logging_mixin.py:104} INFO - [2024-06-22 00:00:19,883] {dagbag.py:451} INFO - Filling up the DagBag from /home/airflow/.local/lib/python3.6/site-packages/airflow/example_dags/tutorial_etl_dag.py
[2024-06-22 00:00:19,890] {scheduler_job.py:639} INFO - DAG(s) dict_keys(['tutorial_etl_dag']) retrieved from /home/airflow/.local/lib/python3.6/site-packages/airflow/example_dags/tutorial_etl_dag.py
[2024-06-22 00:00:19,903] {logging_mixin.py:104} INFO - [2024-06-22 00:00:19,903] {dag.py:1824} INFO - Sync 1 DAGs
[2024-06-22 00:00:19,911] {logging_mixin.py:104} INFO - [2024-06-22 00:00:19,911] {dag.py:2280} INFO - Setting next_dagrun for tutorial_etl_dag to None
[2024-06-22 00:00:19,918] {scheduler_job.py:190} INFO - Processing /home/airflow/.local/lib/python3.6/site-packages/airflow/example_dags/tutorial_etl_dag.py took 0.038 seconds
[2024-06-22 00:00:50,730] {scheduler_job.py:182} INFO - Started process (PID=4294) to work on /home/airflow/.local/lib/python3.6/site-packages/airflow/example_dags/tutorial_etl_dag.py
[2024-06-22 00:00:50,731] {scheduler_job.py:629} INFO - Processing file /home/airflow/.local/lib/python3.6/site-packages/airflow/example_dags/tutorial_etl_dag.py for tasks to queue
[2024-06-22 00:00:50,731] {logging_mixin.py:104} INFO - [2024-06-22 00:00:50,731] {dagbag.py:451} INFO - Filling up the DagBag from /home/airflow/.local/lib/python3.6/site-packages/airflow/example_dags/tutorial_etl_dag.py
[2024-06-22 00:00:50,738] {scheduler_job.py:639} INFO - DAG(s) dict_keys(['tutorial_etl_dag']) retrieved from /home/airflow/.local/lib/python3.6/site-packages/airflow/example_dags/tutorial_etl_dag.py
[2024-06-22 00:00:50,750] {logging_mixin.py:104} INFO - [2024-06-22 00:00:50,750] {dag.py:1824} INFO - Sync 1 DAGs
[2024-06-22 00:00:50,759] {logging_mixin.py:104} INFO - [2024-06-22 00:00:50,759] {dag.py:2280} INFO - Setting next_dagrun for tutorial_etl_dag to None
[2024-06-22 00:00:50,765] {scheduler_job.py:190} INFO - Processing /home/airflow/.local/lib/python3.6/site-packages/airflow/example_dags/tutorial_etl_dag.py took 0.036 seconds
[2024-06-22 00:01:21,475] {scheduler_job.py:182} INFO - Started process (PID=4320) to work on /home/airflow/.local/lib/python3.6/site-packages/airflow/example_dags/tutorial_etl_dag.py
[2024-06-22 00:01:21,476] {scheduler_job.py:629} INFO - Processing file /home/airflow/.local/lib/python3.6/site-packages/airflow/example_dags/tutorial_etl_dag.py for tasks to queue
[2024-06-22 00:01:21,476] {logging_mixin.py:104} INFO - [2024-06-22 00:01:21,476] {dagbag.py:451} INFO - Filling up the DagBag from /home/airflow/.local/lib/python3.6/site-packages/airflow/example_dags/tutorial_etl_dag.py
[2024-06-22 00:01:21,483] {scheduler_job.py:639} INFO - DAG(s) dict_keys(['tutorial_etl_dag']) retrieved from /home/airflow/.local/lib/python3.6/site-packages/airflow/example_dags/tutorial_etl_dag.py
[2024-06-22 00:01:21,495] {logging_mixin.py:104} INFO - [2024-06-22 00:01:21,495] {dag.py:1824} INFO - Sync 1 DAGs
[2024-06-22 00:01:21,503] {logging_mixin.py:104} INFO - [2024-06-22 00:01:21,503] {dag.py:2280} INFO - Setting next_dagrun for tutorial_etl_dag to None
[2024-06-22 00:01:21,509] {scheduler_job.py:190} INFO - Processing /home/airflow/.local/lib/python3.6/site-packages/airflow/example_dags/tutorial_etl_dag.py took 0.036 seconds
[2024-06-22 00:01:52,259] {scheduler_job.py:182} INFO - Started process (PID=4346) to work on /home/airflow/.local/lib/python3.6/site-packages/airflow/example_dags/tutorial_etl_dag.py
[2024-06-22 00:01:52,259] {scheduler_job.py:629} INFO - Processing file /home/airflow/.local/lib/python3.6/site-packages/airflow/example_dags/tutorial_etl_dag.py for tasks to queue
[2024-06-22 00:01:52,260] {logging_mixin.py:104} INFO - [2024-06-22 00:01:52,260] {dagbag.py:451} INFO - Filling up the DagBag from /home/airflow/.local/lib/python3.6/site-packages/airflow/example_dags/tutorial_etl_dag.py
[2024-06-22 00:01:52,267] {scheduler_job.py:639} INFO - DAG(s) dict_keys(['tutorial_etl_dag']) retrieved from /home/airflow/.local/lib/python3.6/site-packages/airflow/example_dags/tutorial_etl_dag.py
[2024-06-22 00:01:52,278] {logging_mixin.py:104} INFO - [2024-06-22 00:01:52,278] {dag.py:1824} INFO - Sync 1 DAGs
[2024-06-22 00:01:52,287] {logging_mixin.py:104} INFO - [2024-06-22 00:01:52,287] {dag.py:2280} INFO - Setting next_dagrun for tutorial_etl_dag to None
[2024-06-22 00:01:52,293] {scheduler_job.py:190} INFO - Processing /home/airflow/.local/lib/python3.6/site-packages/airflow/example_dags/tutorial_etl_dag.py took 0.036 seconds
[2024-06-22 00:02:23,001] {scheduler_job.py:182} INFO - Started process (PID=4372) to work on /home/airflow/.local/lib/python3.6/site-packages/airflow/example_dags/tutorial_etl_dag.py
[2024-06-22 00:02:23,002] {scheduler_job.py:629} INFO - Processing file /home/airflow/.local/lib/python3.6/site-packages/airflow/example_dags/tutorial_etl_dag.py for tasks to queue
[2024-06-22 00:02:23,003] {logging_mixin.py:104} INFO - [2024-06-22 00:02:23,003] {dagbag.py:451} INFO - Filling up the DagBag from /home/airflow/.local/lib/python3.6/site-packages/airflow/example_dags/tutorial_etl_dag.py
[2024-06-22 00:02:23,009] {scheduler_job.py:639} INFO - DAG(s) dict_keys(['tutorial_etl_dag']) retrieved from /home/airflow/.local/lib/python3.6/site-packages/airflow/example_dags/tutorial_etl_dag.py
[2024-06-22 00:02:23,021] {logging_mixin.py:104} INFO - [2024-06-22 00:02:23,021] {dag.py:1824} INFO - Sync 1 DAGs
[2024-06-22 00:02:23,029] {logging_mixin.py:104} INFO - [2024-06-22 00:02:23,029] {dag.py:2280} INFO - Setting next_dagrun for tutorial_etl_dag to None
[2024-06-22 00:02:23,035] {scheduler_job.py:190} INFO - Processing /home/airflow/.local/lib/python3.6/site-packages/airflow/example_dags/tutorial_etl_dag.py took 0.035 seconds
[2024-06-22 00:02:53,752] {scheduler_job.py:182} INFO - Started process (PID=4398) to work on /home/airflow/.local/lib/python3.6/site-packages/airflow/example_dags/tutorial_etl_dag.py
[2024-06-22 00:02:53,752] {scheduler_job.py:629} INFO - Processing file /home/airflow/.local/lib/python3.6/site-packages/airflow/example_dags/tutorial_etl_dag.py for tasks to queue
[2024-06-22 00:02:53,753] {logging_mixin.py:104} INFO - [2024-06-22 00:02:53,753] {dagbag.py:451} INFO - Filling up the DagBag from /home/airflow/.local/lib/python3.6/site-packages/airflow/example_dags/tutorial_etl_dag.py
[2024-06-22 00:02:53,760] {scheduler_job.py:639} INFO - DAG(s) dict_keys(['tutorial_etl_dag']) retrieved from /home/airflow/.local/lib/python3.6/site-packages/airflow/example_dags/tutorial_etl_dag.py
[2024-06-22 00:02:53,771] {logging_mixin.py:104} INFO - [2024-06-22 00:02:53,771] {dag.py:1824} INFO - Sync 1 DAGs
[2024-06-22 00:02:53,779] {logging_mixin.py:104} INFO - [2024-06-22 00:02:53,779] {dag.py:2280} INFO - Setting next_dagrun for tutorial_etl_dag to None
[2024-06-22 00:02:53,785] {scheduler_job.py:190} INFO - Processing /home/airflow/.local/lib/python3.6/site-packages/airflow/example_dags/tutorial_etl_dag.py took 0.035 seconds
[2024-06-22 00:03:24,429] {scheduler_job.py:182} INFO - Started process (PID=4424) to work on /home/airflow/.local/lib/python3.6/site-packages/airflow/example_dags/tutorial_etl_dag.py
[2024-06-22 00:03:24,430] {scheduler_job.py:629} INFO - Processing file /home/airflow/.local/lib/python3.6/site-packages/airflow/example_dags/tutorial_etl_dag.py for tasks to queue
[2024-06-22 00:03:24,430] {logging_mixin.py:104} INFO - [2024-06-22 00:03:24,430] {dagbag.py:451} INFO - Filling up the DagBag from /home/airflow/.local/lib/python3.6/site-packages/airflow/example_dags/tutorial_etl_dag.py
[2024-06-22 00:03:24,437] {scheduler_job.py:639} INFO - DAG(s) dict_keys(['tutorial_etl_dag']) retrieved from /home/airflow/.local/lib/python3.6/site-packages/airflow/example_dags/tutorial_etl_dag.py
[2024-06-22 00:03:24,449] {logging_mixin.py:104} INFO - [2024-06-22 00:03:24,449] {dag.py:1824} INFO - Sync 1 DAGs
[2024-06-22 00:03:24,458] {logging_mixin.py:104} INFO - [2024-06-22 00:03:24,458] {dag.py:2280} INFO - Setting next_dagrun for tutorial_etl_dag to None
[2024-06-22 00:03:24,463] {scheduler_job.py:190} INFO - Processing /home/airflow/.local/lib/python3.6/site-packages/airflow/example_dags/tutorial_etl_dag.py took 0.036 seconds
[2024-06-22 00:03:55,131] {scheduler_job.py:182} INFO - Started process (PID=4450) to work on /home/airflow/.local/lib/python3.6/site-packages/airflow/example_dags/tutorial_etl_dag.py
[2024-06-22 00:03:55,132] {scheduler_job.py:629} INFO - Processing file /home/airflow/.local/lib/python3.6/site-packages/airflow/example_dags/tutorial_etl_dag.py for tasks to queue
[2024-06-22 00:03:55,132] {logging_mixin.py:104} INFO - [2024-06-22 00:03:55,132] {dagbag.py:451} INFO - Filling up the DagBag from /home/airflow/.local/lib/python3.6/site-packages/airflow/example_dags/tutorial_etl_dag.py
[2024-06-22 00:03:55,139] {scheduler_job.py:639} INFO - DAG(s) dict_keys(['tutorial_etl_dag']) retrieved from /home/airflow/.local/lib/python3.6/site-packages/airflow/example_dags/tutorial_etl_dag.py
[2024-06-22 00:03:55,151] {logging_mixin.py:104} INFO - [2024-06-22 00:03:55,151] {dag.py:1824} INFO - Sync 1 DAGs
[2024-06-22 00:03:55,160] {logging_mixin.py:104} INFO - [2024-06-22 00:03:55,160] {dag.py:2280} INFO - Setting next_dagrun for tutorial_etl_dag to None
[2024-06-22 00:03:55,165] {scheduler_job.py:190} INFO - Processing /home/airflow/.local/lib/python3.6/site-packages/airflow/example_dags/tutorial_etl_dag.py took 0.036 seconds
[2024-06-22 00:04:25,885] {scheduler_job.py:182} INFO - Started process (PID=4476) to work on /home/airflow/.local/lib/python3.6/site-packages/airflow/example_dags/tutorial_etl_dag.py
[2024-06-22 00:04:25,885] {scheduler_job.py:629} INFO - Processing file /home/airflow/.local/lib/python3.6/site-packages/airflow/example_dags/tutorial_etl_dag.py for tasks to queue
[2024-06-22 00:04:25,886] {logging_mixin.py:104} INFO - [2024-06-22 00:04:25,886] {dagbag.py:451} INFO - Filling up the DagBag from /home/airflow/.local/lib/python3.6/site-packages/airflow/example_dags/tutorial_etl_dag.py
[2024-06-22 00:04:25,892] {scheduler_job.py:639} INFO - DAG(s) dict_keys(['tutorial_etl_dag']) retrieved from /home/airflow/.local/lib/python3.6/site-packages/airflow/example_dags/tutorial_etl_dag.py
[2024-06-22 00:04:25,904] {logging_mixin.py:104} INFO - [2024-06-22 00:04:25,904] {dag.py:1824} INFO - Sync 1 DAGs
[2024-06-22 00:04:25,913] {logging_mixin.py:104} INFO - [2024-06-22 00:04:25,913] {dag.py:2280} INFO - Setting next_dagrun for tutorial_etl_dag to None
[2024-06-22 00:04:25,919] {scheduler_job.py:190} INFO - Processing /home/airflow/.local/lib/python3.6/site-packages/airflow/example_dags/tutorial_etl_dag.py took 0.036 seconds
[2024-06-22 00:04:56,605] {scheduler_job.py:182} INFO - Started process (PID=4502) to work on /home/airflow/.local/lib/python3.6/site-packages/airflow/example_dags/tutorial_etl_dag.py
[2024-06-22 00:04:56,606] {scheduler_job.py:629} INFO - Processing file /home/airflow/.local/lib/python3.6/site-packages/airflow/example_dags/tutorial_etl_dag.py for tasks to queue
[2024-06-22 00:04:56,606] {logging_mixin.py:104} INFO - [2024-06-22 00:04:56,606] {dagbag.py:451} INFO - Filling up the DagBag from /home/airflow/.local/lib/python3.6/site-packages/airflow/example_dags/tutorial_etl_dag.py
[2024-06-22 00:04:56,614] {scheduler_job.py:639} INFO - DAG(s) dict_keys(['tutorial_etl_dag']) retrieved from /home/airflow/.local/lib/python3.6/site-packages/airflow/example_dags/tutorial_etl_dag.py
[2024-06-22 00:04:56,626] {logging_mixin.py:104} INFO - [2024-06-22 00:04:56,626] {dag.py:1824} INFO - Sync 1 DAGs
[2024-06-22 00:04:56,635] {logging_mixin.py:104} INFO - [2024-06-22 00:04:56,635] {dag.py:2280} INFO - Setting next_dagrun for tutorial_etl_dag to None
[2024-06-22 00:04:56,641] {scheduler_job.py:190} INFO - Processing /home/airflow/.local/lib/python3.6/site-packages/airflow/example_dags/tutorial_etl_dag.py took 0.037 seconds
[2024-06-22 00:05:27,381] {scheduler_job.py:182} INFO - Started process (PID=4528) to work on /home/airflow/.local/lib/python3.6/site-packages/airflow/example_dags/tutorial_etl_dag.py
[2024-06-22 00:05:27,382] {scheduler_job.py:629} INFO - Processing file /home/airflow/.local/lib/python3.6/site-packages/airflow/example_dags/tutorial_etl_dag.py for tasks to queue
[2024-06-22 00:05:27,382] {logging_mixin.py:104} INFO - [2024-06-22 00:05:27,382] {dagbag.py:451} INFO - Filling up the DagBag from /home/airflow/.local/lib/python3.6/site-packages/airflow/example_dags/tutorial_etl_dag.py
[2024-06-22 00:05:27,389] {scheduler_job.py:639} INFO - DAG(s) dict_keys(['tutorial_etl_dag']) retrieved from /home/airflow/.local/lib/python3.6/site-packages/airflow/example_dags/tutorial_etl_dag.py
[2024-06-22 00:05:27,400] {logging_mixin.py:104} INFO - [2024-06-22 00:05:27,400] {dag.py:1824} INFO - Sync 1 DAGs
[2024-06-22 00:05:27,408] {logging_mixin.py:104} INFO - [2024-06-22 00:05:27,408] {dag.py:2280} INFO - Setting next_dagrun for tutorial_etl_dag to None
[2024-06-22 00:05:27,414] {scheduler_job.py:190} INFO - Processing /home/airflow/.local/lib/python3.6/site-packages/airflow/example_dags/tutorial_etl_dag.py took 0.035 seconds
[2024-06-22 00:05:58,128] {scheduler_job.py:182} INFO - Started process (PID=4554) to work on /home/airflow/.local/lib/python3.6/site-packages/airflow/example_dags/tutorial_etl_dag.py
[2024-06-22 00:05:58,129] {scheduler_job.py:629} INFO - Processing file /home/airflow/.local/lib/python3.6/site-packages/airflow/example_dags/tutorial_etl_dag.py for tasks to queue
[2024-06-22 00:05:58,129] {logging_mixin.py:104} INFO - [2024-06-22 00:05:58,129] {dagbag.py:451} INFO - Filling up the DagBag from /home/airflow/.local/lib/python3.6/site-packages/airflow/example_dags/tutorial_etl_dag.py
[2024-06-22 00:05:58,136] {scheduler_job.py:639} INFO - DAG(s) dict_keys(['tutorial_etl_dag']) retrieved from /home/airflow/.local/lib/python3.6/site-packages/airflow/example_dags/tutorial_etl_dag.py
[2024-06-22 00:05:58,148] {logging_mixin.py:104} INFO - [2024-06-22 00:05:58,147] {dag.py:1824} INFO - Sync 1 DAGs
[2024-06-22 00:05:58,156] {logging_mixin.py:104} INFO - [2024-06-22 00:05:58,156] {dag.py:2280} INFO - Setting next_dagrun for tutorial_etl_dag to None
[2024-06-22 00:05:58,162] {scheduler_job.py:190} INFO - Processing /home/airflow/.local/lib/python3.6/site-packages/airflow/example_dags/tutorial_etl_dag.py took 0.035 seconds
[2024-06-22 00:06:28,804] {scheduler_job.py:182} INFO - Started process (PID=4580) to work on /home/airflow/.local/lib/python3.6/site-packages/airflow/example_dags/tutorial_etl_dag.py
[2024-06-22 00:06:28,805] {scheduler_job.py:629} INFO - Processing file /home/airflow/.local/lib/python3.6/site-packages/airflow/example_dags/tutorial_etl_dag.py for tasks to queue
[2024-06-22 00:06:28,805] {logging_mixin.py:104} INFO - [2024-06-22 00:06:28,805] {dagbag.py:451} INFO - Filling up the DagBag from /home/airflow/.local/lib/python3.6/site-packages/airflow/example_dags/tutorial_etl_dag.py
[2024-06-22 00:06:28,812] {scheduler_job.py:639} INFO - DAG(s) dict_keys(['tutorial_etl_dag']) retrieved from /home/airflow/.local/lib/python3.6/site-packages/airflow/example_dags/tutorial_etl_dag.py
[2024-06-22 00:06:28,825] {logging_mixin.py:104} INFO - [2024-06-22 00:06:28,825] {dag.py:1824} INFO - Sync 1 DAGs
[2024-06-22 00:06:28,834] {logging_mixin.py:104} INFO - [2024-06-22 00:06:28,834] {dag.py:2280} INFO - Setting next_dagrun for tutorial_etl_dag to None
[2024-06-22 00:06:28,839] {scheduler_job.py:190} INFO - Processing /home/airflow/.local/lib/python3.6/site-packages/airflow/example_dags/tutorial_etl_dag.py took 0.037 seconds
[2024-06-22 00:06:59,490] {scheduler_job.py:182} INFO - Started process (PID=4606) to work on /home/airflow/.local/lib/python3.6/site-packages/airflow/example_dags/tutorial_etl_dag.py
[2024-06-22 00:06:59,491] {scheduler_job.py:629} INFO - Processing file /home/airflow/.local/lib/python3.6/site-packages/airflow/example_dags/tutorial_etl_dag.py for tasks to queue
[2024-06-22 00:06:59,491] {logging_mixin.py:104} INFO - [2024-06-22 00:06:59,491] {dagbag.py:451} INFO - Filling up the DagBag from /home/airflow/.local/lib/python3.6/site-packages/airflow/example_dags/tutorial_etl_dag.py
[2024-06-22 00:06:59,498] {scheduler_job.py:639} INFO - DAG(s) dict_keys(['tutorial_etl_dag']) retrieved from /home/airflow/.local/lib/python3.6/site-packages/airflow/example_dags/tutorial_etl_dag.py
[2024-06-22 00:06:59,509] {logging_mixin.py:104} INFO - [2024-06-22 00:06:59,509] {dag.py:1824} INFO - Sync 1 DAGs
[2024-06-22 00:06:59,518] {logging_mixin.py:104} INFO - [2024-06-22 00:06:59,518] {dag.py:2280} INFO - Setting next_dagrun for tutorial_etl_dag to None
[2024-06-22 00:06:59,523] {scheduler_job.py:190} INFO - Processing /home/airflow/.local/lib/python3.6/site-packages/airflow/example_dags/tutorial_etl_dag.py took 0.035 seconds
[2024-06-22 00:07:30,179] {scheduler_job.py:182} INFO - Started process (PID=4632) to work on /home/airflow/.local/lib/python3.6/site-packages/airflow/example_dags/tutorial_etl_dag.py
[2024-06-22 00:07:30,180] {scheduler_job.py:629} INFO - Processing file /home/airflow/.local/lib/python3.6/site-packages/airflow/example_dags/tutorial_etl_dag.py for tasks to queue
[2024-06-22 00:07:30,180] {logging_mixin.py:104} INFO - [2024-06-22 00:07:30,180] {dagbag.py:451} INFO - Filling up the DagBag from /home/airflow/.local/lib/python3.6/site-packages/airflow/example_dags/tutorial_etl_dag.py
[2024-06-22 00:07:30,187] {scheduler_job.py:639} INFO - DAG(s) dict_keys(['tutorial_etl_dag']) retrieved from /home/airflow/.local/lib/python3.6/site-packages/airflow/example_dags/tutorial_etl_dag.py
[2024-06-22 00:07:30,199] {logging_mixin.py:104} INFO - [2024-06-22 00:07:30,199] {dag.py:1824} INFO - Sync 1 DAGs
[2024-06-22 00:07:30,209] {logging_mixin.py:104} INFO - [2024-06-22 00:07:30,209] {dag.py:2280} INFO - Setting next_dagrun for tutorial_etl_dag to None
[2024-06-22 00:07:30,215] {scheduler_job.py:190} INFO - Processing /home/airflow/.local/lib/python3.6/site-packages/airflow/example_dags/tutorial_etl_dag.py took 0.037 seconds
[2024-06-22 00:08:00,879] {scheduler_job.py:182} INFO - Started process (PID=4658) to work on /home/airflow/.local/lib/python3.6/site-packages/airflow/example_dags/tutorial_etl_dag.py
[2024-06-22 00:08:00,880] {scheduler_job.py:629} INFO - Processing file /home/airflow/.local/lib/python3.6/site-packages/airflow/example_dags/tutorial_etl_dag.py for tasks to queue
[2024-06-22 00:08:00,881] {logging_mixin.py:104} INFO - [2024-06-22 00:08:00,880] {dagbag.py:451} INFO - Filling up the DagBag from /home/airflow/.local/lib/python3.6/site-packages/airflow/example_dags/tutorial_etl_dag.py
[2024-06-22 00:08:00,889] {scheduler_job.py:639} INFO - DAG(s) dict_keys(['tutorial_etl_dag']) retrieved from /home/airflow/.local/lib/python3.6/site-packages/airflow/example_dags/tutorial_etl_dag.py
[2024-06-22 00:08:00,901] {logging_mixin.py:104} INFO - [2024-06-22 00:08:00,901] {dag.py:1824} INFO - Sync 1 DAGs
[2024-06-22 00:08:00,910] {logging_mixin.py:104} INFO - [2024-06-22 00:08:00,910] {dag.py:2280} INFO - Setting next_dagrun for tutorial_etl_dag to None
[2024-06-22 00:08:00,916] {scheduler_job.py:190} INFO - Processing /home/airflow/.local/lib/python3.6/site-packages/airflow/example_dags/tutorial_etl_dag.py took 0.039 seconds
[2024-06-22 00:08:31,649] {scheduler_job.py:182} INFO - Started process (PID=4684) to work on /home/airflow/.local/lib/python3.6/site-packages/airflow/example_dags/tutorial_etl_dag.py
[2024-06-22 00:08:31,650] {scheduler_job.py:629} INFO - Processing file /home/airflow/.local/lib/python3.6/site-packages/airflow/example_dags/tutorial_etl_dag.py for tasks to queue
[2024-06-22 00:08:31,650] {logging_mixin.py:104} INFO - [2024-06-22 00:08:31,650] {dagbag.py:451} INFO - Filling up the DagBag from /home/airflow/.local/lib/python3.6/site-packages/airflow/example_dags/tutorial_etl_dag.py
[2024-06-22 00:08:31,657] {scheduler_job.py:639} INFO - DAG(s) dict_keys(['tutorial_etl_dag']) retrieved from /home/airflow/.local/lib/python3.6/site-packages/airflow/example_dags/tutorial_etl_dag.py
[2024-06-22 00:08:31,669] {logging_mixin.py:104} INFO - [2024-06-22 00:08:31,669] {dag.py:1824} INFO - Sync 1 DAGs
[2024-06-22 00:08:31,677] {logging_mixin.py:104} INFO - [2024-06-22 00:08:31,677] {dag.py:2280} INFO - Setting next_dagrun for tutorial_etl_dag to None
[2024-06-22 00:08:31,683] {scheduler_job.py:190} INFO - Processing /home/airflow/.local/lib/python3.6/site-packages/airflow/example_dags/tutorial_etl_dag.py took 0.036 seconds
[2024-06-22 00:09:02,413] {scheduler_job.py:182} INFO - Started process (PID=4710) to work on /home/airflow/.local/lib/python3.6/site-packages/airflow/example_dags/tutorial_etl_dag.py
[2024-06-22 00:09:02,414] {scheduler_job.py:629} INFO - Processing file /home/airflow/.local/lib/python3.6/site-packages/airflow/example_dags/tutorial_etl_dag.py for tasks to queue
[2024-06-22 00:09:02,415] {logging_mixin.py:104} INFO - [2024-06-22 00:09:02,414] {dagbag.py:451} INFO - Filling up the DagBag from /home/airflow/.local/lib/python3.6/site-packages/airflow/example_dags/tutorial_etl_dag.py
[2024-06-22 00:09:02,422] {scheduler_job.py:639} INFO - DAG(s) dict_keys(['tutorial_etl_dag']) retrieved from /home/airflow/.local/lib/python3.6/site-packages/airflow/example_dags/tutorial_etl_dag.py
[2024-06-22 00:09:02,433] {logging_mixin.py:104} INFO - [2024-06-22 00:09:02,433] {dag.py:1824} INFO - Sync 1 DAGs
[2024-06-22 00:09:02,443] {logging_mixin.py:104} INFO - [2024-06-22 00:09:02,442] {dag.py:2280} INFO - Setting next_dagrun for tutorial_etl_dag to None
[2024-06-22 00:09:02,449] {scheduler_job.py:190} INFO - Processing /home/airflow/.local/lib/python3.6/site-packages/airflow/example_dags/tutorial_etl_dag.py took 0.038 seconds
[2024-06-22 00:09:33,154] {scheduler_job.py:182} INFO - Started process (PID=4736) to work on /home/airflow/.local/lib/python3.6/site-packages/airflow/example_dags/tutorial_etl_dag.py
[2024-06-22 00:09:33,154] {scheduler_job.py:629} INFO - Processing file /home/airflow/.local/lib/python3.6/site-packages/airflow/example_dags/tutorial_etl_dag.py for tasks to queue
[2024-06-22 00:09:33,155] {logging_mixin.py:104} INFO - [2024-06-22 00:09:33,155] {dagbag.py:451} INFO - Filling up the DagBag from /home/airflow/.local/lib/python3.6/site-packages/airflow/example_dags/tutorial_etl_dag.py
[2024-06-22 00:09:33,161] {scheduler_job.py:639} INFO - DAG(s) dict_keys(['tutorial_etl_dag']) retrieved from /home/airflow/.local/lib/python3.6/site-packages/airflow/example_dags/tutorial_etl_dag.py
[2024-06-22 00:09:33,173] {logging_mixin.py:104} INFO - [2024-06-22 00:09:33,173] {dag.py:1824} INFO - Sync 1 DAGs
[2024-06-22 00:09:33,182] {logging_mixin.py:104} INFO - [2024-06-22 00:09:33,182] {dag.py:2280} INFO - Setting next_dagrun for tutorial_etl_dag to None
[2024-06-22 00:09:33,188] {scheduler_job.py:190} INFO - Processing /home/airflow/.local/lib/python3.6/site-packages/airflow/example_dags/tutorial_etl_dag.py took 0.036 seconds
[2024-06-22 00:10:03,840] {scheduler_job.py:182} INFO - Started process (PID=4762) to work on /home/airflow/.local/lib/python3.6/site-packages/airflow/example_dags/tutorial_etl_dag.py
[2024-06-22 00:10:03,841] {scheduler_job.py:629} INFO - Processing file /home/airflow/.local/lib/python3.6/site-packages/airflow/example_dags/tutorial_etl_dag.py for tasks to queue
[2024-06-22 00:10:03,841] {logging_mixin.py:104} INFO - [2024-06-22 00:10:03,841] {dagbag.py:451} INFO - Filling up the DagBag from /home/airflow/.local/lib/python3.6/site-packages/airflow/example_dags/tutorial_etl_dag.py
[2024-06-22 00:10:03,848] {scheduler_job.py:639} INFO - DAG(s) dict_keys(['tutorial_etl_dag']) retrieved from /home/airflow/.local/lib/python3.6/site-packages/airflow/example_dags/tutorial_etl_dag.py
[2024-06-22 00:10:03,860] {logging_mixin.py:104} INFO - [2024-06-22 00:10:03,860] {dag.py:1824} INFO - Sync 1 DAGs
[2024-06-22 00:10:03,869] {logging_mixin.py:104} INFO - [2024-06-22 00:10:03,869] {dag.py:2280} INFO - Setting next_dagrun for tutorial_etl_dag to None
[2024-06-22 00:10:03,874] {scheduler_job.py:190} INFO - Processing /home/airflow/.local/lib/python3.6/site-packages/airflow/example_dags/tutorial_etl_dag.py took 0.036 seconds
[2024-06-22 00:10:34,680] {scheduler_job.py:182} INFO - Started process (PID=4788) to work on /home/airflow/.local/lib/python3.6/site-packages/airflow/example_dags/tutorial_etl_dag.py
[2024-06-22 00:10:34,680] {scheduler_job.py:629} INFO - Processing file /home/airflow/.local/lib/python3.6/site-packages/airflow/example_dags/tutorial_etl_dag.py for tasks to queue
[2024-06-22 00:10:34,681] {logging_mixin.py:104} INFO - [2024-06-22 00:10:34,681] {dagbag.py:451} INFO - Filling up the DagBag from /home/airflow/.local/lib/python3.6/site-packages/airflow/example_dags/tutorial_etl_dag.py
[2024-06-22 00:10:34,688] {scheduler_job.py:639} INFO - DAG(s) dict_keys(['tutorial_etl_dag']) retrieved from /home/airflow/.local/lib/python3.6/site-packages/airflow/example_dags/tutorial_etl_dag.py
[2024-06-22 00:10:34,700] {logging_mixin.py:104} INFO - [2024-06-22 00:10:34,699] {dag.py:1824} INFO - Sync 1 DAGs
[2024-06-22 00:10:34,708] {logging_mixin.py:104} INFO - [2024-06-22 00:10:34,708] {dag.py:2280} INFO - Setting next_dagrun for tutorial_etl_dag to None
[2024-06-22 00:10:34,714] {scheduler_job.py:190} INFO - Processing /home/airflow/.local/lib/python3.6/site-packages/airflow/example_dags/tutorial_etl_dag.py took 0.036 seconds
[2024-06-22 00:11:05,455] {scheduler_job.py:182} INFO - Started process (PID=4814) to work on /home/airflow/.local/lib/python3.6/site-packages/airflow/example_dags/tutorial_etl_dag.py
[2024-06-22 00:11:05,455] {scheduler_job.py:629} INFO - Processing file /home/airflow/.local/lib/python3.6/site-packages/airflow/example_dags/tutorial_etl_dag.py for tasks to queue
[2024-06-22 00:11:05,456] {logging_mixin.py:104} INFO - [2024-06-22 00:11:05,456] {dagbag.py:451} INFO - Filling up the DagBag from /home/airflow/.local/lib/python3.6/site-packages/airflow/example_dags/tutorial_etl_dag.py
[2024-06-22 00:11:05,463] {scheduler_job.py:639} INFO - DAG(s) dict_keys(['tutorial_etl_dag']) retrieved from /home/airflow/.local/lib/python3.6/site-packages/airflow/example_dags/tutorial_etl_dag.py
[2024-06-22 00:11:05,475] {logging_mixin.py:104} INFO - [2024-06-22 00:11:05,475] {dag.py:1824} INFO - Sync 1 DAGs
[2024-06-22 00:11:05,484] {logging_mixin.py:104} INFO - [2024-06-22 00:11:05,484] {dag.py:2280} INFO - Setting next_dagrun for tutorial_etl_dag to None
[2024-06-22 00:11:05,490] {scheduler_job.py:190} INFO - Processing /home/airflow/.local/lib/python3.6/site-packages/airflow/example_dags/tutorial_etl_dag.py took 0.037 seconds
[2024-06-22 00:11:36,238] {scheduler_job.py:182} INFO - Started process (PID=4840) to work on /home/airflow/.local/lib/python3.6/site-packages/airflow/example_dags/tutorial_etl_dag.py
[2024-06-22 00:11:36,239] {scheduler_job.py:629} INFO - Processing file /home/airflow/.local/lib/python3.6/site-packages/airflow/example_dags/tutorial_etl_dag.py for tasks to queue
[2024-06-22 00:11:36,239] {logging_mixin.py:104} INFO - [2024-06-22 00:11:36,239] {dagbag.py:451} INFO - Filling up the DagBag from /home/airflow/.local/lib/python3.6/site-packages/airflow/example_dags/tutorial_etl_dag.py
[2024-06-22 00:11:36,247] {scheduler_job.py:639} INFO - DAG(s) dict_keys(['tutorial_etl_dag']) retrieved from /home/airflow/.local/lib/python3.6/site-packages/airflow/example_dags/tutorial_etl_dag.py
[2024-06-22 00:11:36,259] {logging_mixin.py:104} INFO - [2024-06-22 00:11:36,259] {dag.py:1824} INFO - Sync 1 DAGs
[2024-06-22 00:11:36,268] {logging_mixin.py:104} INFO - [2024-06-22 00:11:36,268] {dag.py:2280} INFO - Setting next_dagrun for tutorial_etl_dag to None
[2024-06-22 00:11:36,273] {scheduler_job.py:190} INFO - Processing /home/airflow/.local/lib/python3.6/site-packages/airflow/example_dags/tutorial_etl_dag.py took 0.037 seconds
[2024-06-22 00:12:06,916] {scheduler_job.py:182} INFO - Started process (PID=4866) to work on /home/airflow/.local/lib/python3.6/site-packages/airflow/example_dags/tutorial_etl_dag.py
[2024-06-22 00:12:06,917] {scheduler_job.py:629} INFO - Processing file /home/airflow/.local/lib/python3.6/site-packages/airflow/example_dags/tutorial_etl_dag.py for tasks to queue
[2024-06-22 00:12:06,917] {logging_mixin.py:104} INFO - [2024-06-22 00:12:06,917] {dagbag.py:451} INFO - Filling up the DagBag from /home/airflow/.local/lib/python3.6/site-packages/airflow/example_dags/tutorial_etl_dag.py
[2024-06-22 00:12:06,924] {scheduler_job.py:639} INFO - DAG(s) dict_keys(['tutorial_etl_dag']) retrieved from /home/airflow/.local/lib/python3.6/site-packages/airflow/example_dags/tutorial_etl_dag.py
[2024-06-22 00:12:06,936] {logging_mixin.py:104} INFO - [2024-06-22 00:12:06,936] {dag.py:1824} INFO - Sync 1 DAGs
[2024-06-22 00:12:06,944] {logging_mixin.py:104} INFO - [2024-06-22 00:12:06,944] {dag.py:2280} INFO - Setting next_dagrun for tutorial_etl_dag to None
[2024-06-22 00:12:06,950] {scheduler_job.py:190} INFO - Processing /home/airflow/.local/lib/python3.6/site-packages/airflow/example_dags/tutorial_etl_dag.py took 0.036 seconds
[2024-06-22 00:12:37,751] {scheduler_job.py:182} INFO - Started process (PID=4892) to work on /home/airflow/.local/lib/python3.6/site-packages/airflow/example_dags/tutorial_etl_dag.py
[2024-06-22 00:12:37,752] {scheduler_job.py:629} INFO - Processing file /home/airflow/.local/lib/python3.6/site-packages/airflow/example_dags/tutorial_etl_dag.py for tasks to queue
[2024-06-22 00:12:37,753] {logging_mixin.py:104} INFO - [2024-06-22 00:12:37,753] {dagbag.py:451} INFO - Filling up the DagBag from /home/airflow/.local/lib/python3.6/site-packages/airflow/example_dags/tutorial_etl_dag.py
[2024-06-22 00:12:37,759] {scheduler_job.py:639} INFO - DAG(s) dict_keys(['tutorial_etl_dag']) retrieved from /home/airflow/.local/lib/python3.6/site-packages/airflow/example_dags/tutorial_etl_dag.py
[2024-06-22 00:12:37,771] {logging_mixin.py:104} INFO - [2024-06-22 00:12:37,771] {dag.py:1824} INFO - Sync 1 DAGs
[2024-06-22 00:12:37,779] {logging_mixin.py:104} INFO - [2024-06-22 00:12:37,779] {dag.py:2280} INFO - Setting next_dagrun for tutorial_etl_dag to None
[2024-06-22 00:12:37,785] {scheduler_job.py:190} INFO - Processing /home/airflow/.local/lib/python3.6/site-packages/airflow/example_dags/tutorial_etl_dag.py took 0.035 seconds
[2024-06-22 00:13:08,529] {scheduler_job.py:182} INFO - Started process (PID=4918) to work on /home/airflow/.local/lib/python3.6/site-packages/airflow/example_dags/tutorial_etl_dag.py
[2024-06-22 00:13:08,530] {scheduler_job.py:629} INFO - Processing file /home/airflow/.local/lib/python3.6/site-packages/airflow/example_dags/tutorial_etl_dag.py for tasks to queue
[2024-06-22 00:13:08,531] {logging_mixin.py:104} INFO - [2024-06-22 00:13:08,531] {dagbag.py:451} INFO - Filling up the DagBag from /home/airflow/.local/lib/python3.6/site-packages/airflow/example_dags/tutorial_etl_dag.py
[2024-06-22 00:13:08,537] {scheduler_job.py:639} INFO - DAG(s) dict_keys(['tutorial_etl_dag']) retrieved from /home/airflow/.local/lib/python3.6/site-packages/airflow/example_dags/tutorial_etl_dag.py
[2024-06-22 00:13:08,549] {logging_mixin.py:104} INFO - [2024-06-22 00:13:08,549] {dag.py:1824} INFO - Sync 1 DAGs
[2024-06-22 00:13:08,558] {logging_mixin.py:104} INFO - [2024-06-22 00:13:08,558] {dag.py:2280} INFO - Setting next_dagrun for tutorial_etl_dag to None
[2024-06-22 00:13:08,564] {scheduler_job.py:190} INFO - Processing /home/airflow/.local/lib/python3.6/site-packages/airflow/example_dags/tutorial_etl_dag.py took 0.036 seconds
[2024-06-22 00:13:39,211] {scheduler_job.py:182} INFO - Started process (PID=4944) to work on /home/airflow/.local/lib/python3.6/site-packages/airflow/example_dags/tutorial_etl_dag.py
[2024-06-22 00:13:39,212] {scheduler_job.py:629} INFO - Processing file /home/airflow/.local/lib/python3.6/site-packages/airflow/example_dags/tutorial_etl_dag.py for tasks to queue
[2024-06-22 00:13:39,213] {logging_mixin.py:104} INFO - [2024-06-22 00:13:39,213] {dagbag.py:451} INFO - Filling up the DagBag from /home/airflow/.local/lib/python3.6/site-packages/airflow/example_dags/tutorial_etl_dag.py
[2024-06-22 00:13:39,220] {scheduler_job.py:639} INFO - DAG(s) dict_keys(['tutorial_etl_dag']) retrieved from /home/airflow/.local/lib/python3.6/site-packages/airflow/example_dags/tutorial_etl_dag.py
[2024-06-22 00:13:39,231] {logging_mixin.py:104} INFO - [2024-06-22 00:13:39,231] {dag.py:1824} INFO - Sync 1 DAGs
[2024-06-22 00:13:39,240] {logging_mixin.py:104} INFO - [2024-06-22 00:13:39,240] {dag.py:2280} INFO - Setting next_dagrun for tutorial_etl_dag to None
[2024-06-22 00:13:39,246] {scheduler_job.py:190} INFO - Processing /home/airflow/.local/lib/python3.6/site-packages/airflow/example_dags/tutorial_etl_dag.py took 0.036 seconds
[2024-06-22 00:14:09,977] {scheduler_job.py:182} INFO - Started process (PID=4970) to work on /home/airflow/.local/lib/python3.6/site-packages/airflow/example_dags/tutorial_etl_dag.py
[2024-06-22 00:14:09,978] {scheduler_job.py:629} INFO - Processing file /home/airflow/.local/lib/python3.6/site-packages/airflow/example_dags/tutorial_etl_dag.py for tasks to queue
[2024-06-22 00:14:09,978] {logging_mixin.py:104} INFO - [2024-06-22 00:14:09,978] {dagbag.py:451} INFO - Filling up the DagBag from /home/airflow/.local/lib/python3.6/site-packages/airflow/example_dags/tutorial_etl_dag.py
[2024-06-22 00:14:09,985] {scheduler_job.py:639} INFO - DAG(s) dict_keys(['tutorial_etl_dag']) retrieved from /home/airflow/.local/lib/python3.6/site-packages/airflow/example_dags/tutorial_etl_dag.py
[2024-06-22 00:14:09,997] {logging_mixin.py:104} INFO - [2024-06-22 00:14:09,997] {dag.py:1824} INFO - Sync 1 DAGs
[2024-06-22 00:14:10,006] {logging_mixin.py:104} INFO - [2024-06-22 00:14:10,006] {dag.py:2280} INFO - Setting next_dagrun for tutorial_etl_dag to None
[2024-06-22 00:14:10,012] {scheduler_job.py:190} INFO - Processing /home/airflow/.local/lib/python3.6/site-packages/airflow/example_dags/tutorial_etl_dag.py took 0.037 seconds
[2024-06-22 00:14:40,809] {scheduler_job.py:182} INFO - Started process (PID=4996) to work on /home/airflow/.local/lib/python3.6/site-packages/airflow/example_dags/tutorial_etl_dag.py
[2024-06-22 00:14:40,810] {scheduler_job.py:629} INFO - Processing file /home/airflow/.local/lib/python3.6/site-packages/airflow/example_dags/tutorial_etl_dag.py for tasks to queue
[2024-06-22 00:14:40,811] {logging_mixin.py:104} INFO - [2024-06-22 00:14:40,811] {dagbag.py:451} INFO - Filling up the DagBag from /home/airflow/.local/lib/python3.6/site-packages/airflow/example_dags/tutorial_etl_dag.py
[2024-06-22 00:14:40,817] {scheduler_job.py:639} INFO - DAG(s) dict_keys(['tutorial_etl_dag']) retrieved from /home/airflow/.local/lib/python3.6/site-packages/airflow/example_dags/tutorial_etl_dag.py
[2024-06-22 00:14:40,829] {logging_mixin.py:104} INFO - [2024-06-22 00:14:40,829] {dag.py:1824} INFO - Sync 1 DAGs
[2024-06-22 00:14:40,838] {logging_mixin.py:104} INFO - [2024-06-22 00:14:40,838] {dag.py:2280} INFO - Setting next_dagrun for tutorial_etl_dag to None
[2024-06-22 00:14:40,843] {scheduler_job.py:190} INFO - Processing /home/airflow/.local/lib/python3.6/site-packages/airflow/example_dags/tutorial_etl_dag.py took 0.036 seconds
[2024-06-22 00:15:11,517] {scheduler_job.py:182} INFO - Started process (PID=5022) to work on /home/airflow/.local/lib/python3.6/site-packages/airflow/example_dags/tutorial_etl_dag.py
[2024-06-22 00:15:11,518] {scheduler_job.py:629} INFO - Processing file /home/airflow/.local/lib/python3.6/site-packages/airflow/example_dags/tutorial_etl_dag.py for tasks to queue
[2024-06-22 00:15:11,518] {logging_mixin.py:104} INFO - [2024-06-22 00:15:11,518] {dagbag.py:451} INFO - Filling up the DagBag from /home/airflow/.local/lib/python3.6/site-packages/airflow/example_dags/tutorial_etl_dag.py
[2024-06-22 00:15:11,525] {scheduler_job.py:639} INFO - DAG(s) dict_keys(['tutorial_etl_dag']) retrieved from /home/airflow/.local/lib/python3.6/site-packages/airflow/example_dags/tutorial_etl_dag.py
[2024-06-22 00:15:11,536] {logging_mixin.py:104} INFO - [2024-06-22 00:15:11,536] {dag.py:1824} INFO - Sync 1 DAGs
[2024-06-22 00:15:11,545] {logging_mixin.py:104} INFO - [2024-06-22 00:15:11,545] {dag.py:2280} INFO - Setting next_dagrun for tutorial_etl_dag to None
[2024-06-22 00:15:11,551] {scheduler_job.py:190} INFO - Processing /home/airflow/.local/lib/python3.6/site-packages/airflow/example_dags/tutorial_etl_dag.py took 0.036 seconds
[2024-06-22 00:15:42,334] {scheduler_job.py:182} INFO - Started process (PID=5048) to work on /home/airflow/.local/lib/python3.6/site-packages/airflow/example_dags/tutorial_etl_dag.py
[2024-06-22 00:15:42,335] {scheduler_job.py:629} INFO - Processing file /home/airflow/.local/lib/python3.6/site-packages/airflow/example_dags/tutorial_etl_dag.py for tasks to queue
[2024-06-22 00:15:42,336] {logging_mixin.py:104} INFO - [2024-06-22 00:15:42,336] {dagbag.py:451} INFO - Filling up the DagBag from /home/airflow/.local/lib/python3.6/site-packages/airflow/example_dags/tutorial_etl_dag.py
[2024-06-22 00:15:42,350] {scheduler_job.py:639} INFO - DAG(s) dict_keys(['tutorial_etl_dag']) retrieved from /home/airflow/.local/lib/python3.6/site-packages/airflow/example_dags/tutorial_etl_dag.py
[2024-06-22 00:15:42,364] {logging_mixin.py:104} INFO - [2024-06-22 00:15:42,364] {dag.py:1824} INFO - Sync 1 DAGs
[2024-06-22 00:15:42,372] {logging_mixin.py:104} INFO - [2024-06-22 00:15:42,372] {dag.py:2280} INFO - Setting next_dagrun for tutorial_etl_dag to None
[2024-06-22 00:15:42,378] {scheduler_job.py:190} INFO - Processing /home/airflow/.local/lib/python3.6/site-packages/airflow/example_dags/tutorial_etl_dag.py took 0.045 seconds
[2024-06-22 00:16:13,064] {scheduler_job.py:182} INFO - Started process (PID=5074) to work on /home/airflow/.local/lib/python3.6/site-packages/airflow/example_dags/tutorial_etl_dag.py
[2024-06-22 00:16:13,066] {scheduler_job.py:629} INFO - Processing file /home/airflow/.local/lib/python3.6/site-packages/airflow/example_dags/tutorial_etl_dag.py for tasks to queue
[2024-06-22 00:16:13,066] {logging_mixin.py:104} INFO - [2024-06-22 00:16:13,066] {dagbag.py:451} INFO - Filling up the DagBag from /home/airflow/.local/lib/python3.6/site-packages/airflow/example_dags/tutorial_etl_dag.py
[2024-06-22 00:16:13,073] {scheduler_job.py:639} INFO - DAG(s) dict_keys(['tutorial_etl_dag']) retrieved from /home/airflow/.local/lib/python3.6/site-packages/airflow/example_dags/tutorial_etl_dag.py
[2024-06-22 00:16:13,085] {logging_mixin.py:104} INFO - [2024-06-22 00:16:13,085] {dag.py:1824} INFO - Sync 1 DAGs
[2024-06-22 00:16:13,093] {logging_mixin.py:104} INFO - [2024-06-22 00:16:13,093] {dag.py:2280} INFO - Setting next_dagrun for tutorial_etl_dag to None
[2024-06-22 00:16:13,098] {scheduler_job.py:190} INFO - Processing /home/airflow/.local/lib/python3.6/site-packages/airflow/example_dags/tutorial_etl_dag.py took 0.036 seconds
[2024-06-22 00:16:43,832] {scheduler_job.py:182} INFO - Started process (PID=5100) to work on /home/airflow/.local/lib/python3.6/site-packages/airflow/example_dags/tutorial_etl_dag.py
[2024-06-22 00:16:43,832] {scheduler_job.py:629} INFO - Processing file /home/airflow/.local/lib/python3.6/site-packages/airflow/example_dags/tutorial_etl_dag.py for tasks to queue
[2024-06-22 00:16:43,833] {logging_mixin.py:104} INFO - [2024-06-22 00:16:43,833] {dagbag.py:451} INFO - Filling up the DagBag from /home/airflow/.local/lib/python3.6/site-packages/airflow/example_dags/tutorial_etl_dag.py
[2024-06-22 00:16:43,840] {scheduler_job.py:639} INFO - DAG(s) dict_keys(['tutorial_etl_dag']) retrieved from /home/airflow/.local/lib/python3.6/site-packages/airflow/example_dags/tutorial_etl_dag.py
[2024-06-22 00:16:43,852] {logging_mixin.py:104} INFO - [2024-06-22 00:16:43,852] {dag.py:1824} INFO - Sync 1 DAGs
[2024-06-22 00:16:43,861] {logging_mixin.py:104} INFO - [2024-06-22 00:16:43,861] {dag.py:2280} INFO - Setting next_dagrun for tutorial_etl_dag to None
[2024-06-22 00:16:43,866] {scheduler_job.py:190} INFO - Processing /home/airflow/.local/lib/python3.6/site-packages/airflow/example_dags/tutorial_etl_dag.py took 0.036 seconds
[2024-06-22 00:17:14,591] {scheduler_job.py:182} INFO - Started process (PID=5126) to work on /home/airflow/.local/lib/python3.6/site-packages/airflow/example_dags/tutorial_etl_dag.py
[2024-06-22 00:17:14,592] {scheduler_job.py:629} INFO - Processing file /home/airflow/.local/lib/python3.6/site-packages/airflow/example_dags/tutorial_etl_dag.py for tasks to queue
[2024-06-22 00:17:14,592] {logging_mixin.py:104} INFO - [2024-06-22 00:17:14,592] {dagbag.py:451} INFO - Filling up the DagBag from /home/airflow/.local/lib/python3.6/site-packages/airflow/example_dags/tutorial_etl_dag.py
[2024-06-22 00:17:14,599] {scheduler_job.py:639} INFO - DAG(s) dict_keys(['tutorial_etl_dag']) retrieved from /home/airflow/.local/lib/python3.6/site-packages/airflow/example_dags/tutorial_etl_dag.py
[2024-06-22 00:17:14,610] {logging_mixin.py:104} INFO - [2024-06-22 00:17:14,610] {dag.py:1824} INFO - Sync 1 DAGs
[2024-06-22 00:17:14,619] {logging_mixin.py:104} INFO - [2024-06-22 00:17:14,619] {dag.py:2280} INFO - Setting next_dagrun for tutorial_etl_dag to None
[2024-06-22 00:17:14,625] {scheduler_job.py:190} INFO - Processing /home/airflow/.local/lib/python3.6/site-packages/airflow/example_dags/tutorial_etl_dag.py took 0.036 seconds
[2024-06-22 00:17:45,380] {scheduler_job.py:182} INFO - Started process (PID=5152) to work on /home/airflow/.local/lib/python3.6/site-packages/airflow/example_dags/tutorial_etl_dag.py
[2024-06-22 00:17:45,381] {scheduler_job.py:629} INFO - Processing file /home/airflow/.local/lib/python3.6/site-packages/airflow/example_dags/tutorial_etl_dag.py for tasks to queue
[2024-06-22 00:17:45,382] {logging_mixin.py:104} INFO - [2024-06-22 00:17:45,382] {dagbag.py:451} INFO - Filling up the DagBag from /home/airflow/.local/lib/python3.6/site-packages/airflow/example_dags/tutorial_etl_dag.py
[2024-06-22 00:17:45,389] {scheduler_job.py:639} INFO - DAG(s) dict_keys(['tutorial_etl_dag']) retrieved from /home/airflow/.local/lib/python3.6/site-packages/airflow/example_dags/tutorial_etl_dag.py
[2024-06-22 00:17:45,401] {logging_mixin.py:104} INFO - [2024-06-22 00:17:45,401] {dag.py:1824} INFO - Sync 1 DAGs
[2024-06-22 00:17:45,409] {logging_mixin.py:104} INFO - [2024-06-22 00:17:45,409] {dag.py:2280} INFO - Setting next_dagrun for tutorial_etl_dag to None
[2024-06-22 00:17:45,415] {scheduler_job.py:190} INFO - Processing /home/airflow/.local/lib/python3.6/site-packages/airflow/example_dags/tutorial_etl_dag.py took 0.037 seconds
[2024-06-22 00:18:16,144] {scheduler_job.py:182} INFO - Started process (PID=5178) to work on /home/airflow/.local/lib/python3.6/site-packages/airflow/example_dags/tutorial_etl_dag.py
[2024-06-22 00:18:16,145] {scheduler_job.py:629} INFO - Processing file /home/airflow/.local/lib/python3.6/site-packages/airflow/example_dags/tutorial_etl_dag.py for tasks to queue
[2024-06-22 00:18:16,146] {logging_mixin.py:104} INFO - [2024-06-22 00:18:16,146] {dagbag.py:451} INFO - Filling up the DagBag from /home/airflow/.local/lib/python3.6/site-packages/airflow/example_dags/tutorial_etl_dag.py
[2024-06-22 00:18:16,152] {scheduler_job.py:639} INFO - DAG(s) dict_keys(['tutorial_etl_dag']) retrieved from /home/airflow/.local/lib/python3.6/site-packages/airflow/example_dags/tutorial_etl_dag.py
[2024-06-22 00:18:16,164] {logging_mixin.py:104} INFO - [2024-06-22 00:18:16,164] {dag.py:1824} INFO - Sync 1 DAGs
[2024-06-22 00:18:16,172] {logging_mixin.py:104} INFO - [2024-06-22 00:18:16,172] {dag.py:2280} INFO - Setting next_dagrun for tutorial_etl_dag to None
[2024-06-22 00:18:16,178] {scheduler_job.py:190} INFO - Processing /home/airflow/.local/lib/python3.6/site-packages/airflow/example_dags/tutorial_etl_dag.py took 0.036 seconds
[2024-06-22 00:18:46,901] {scheduler_job.py:182} INFO - Started process (PID=5204) to work on /home/airflow/.local/lib/python3.6/site-packages/airflow/example_dags/tutorial_etl_dag.py
[2024-06-22 00:18:46,902] {scheduler_job.py:629} INFO - Processing file /home/airflow/.local/lib/python3.6/site-packages/airflow/example_dags/tutorial_etl_dag.py for tasks to queue
[2024-06-22 00:18:46,902] {logging_mixin.py:104} INFO - [2024-06-22 00:18:46,902] {dagbag.py:451} INFO - Filling up the DagBag from /home/airflow/.local/lib/python3.6/site-packages/airflow/example_dags/tutorial_etl_dag.py
[2024-06-22 00:18:46,910] {scheduler_job.py:639} INFO - DAG(s) dict_keys(['tutorial_etl_dag']) retrieved from /home/airflow/.local/lib/python3.6/site-packages/airflow/example_dags/tutorial_etl_dag.py
[2024-06-22 00:18:46,921] {logging_mixin.py:104} INFO - [2024-06-22 00:18:46,921] {dag.py:1824} INFO - Sync 1 DAGs
[2024-06-22 00:18:46,930] {logging_mixin.py:104} INFO - [2024-06-22 00:18:46,930] {dag.py:2280} INFO - Setting next_dagrun for tutorial_etl_dag to None
[2024-06-22 00:18:46,935] {scheduler_job.py:190} INFO - Processing /home/airflow/.local/lib/python3.6/site-packages/airflow/example_dags/tutorial_etl_dag.py took 0.036 seconds
[2024-06-22 00:19:17,676] {scheduler_job.py:182} INFO - Started process (PID=5230) to work on /home/airflow/.local/lib/python3.6/site-packages/airflow/example_dags/tutorial_etl_dag.py
[2024-06-22 00:19:17,677] {scheduler_job.py:629} INFO - Processing file /home/airflow/.local/lib/python3.6/site-packages/airflow/example_dags/tutorial_etl_dag.py for tasks to queue
[2024-06-22 00:19:17,677] {logging_mixin.py:104} INFO - [2024-06-22 00:19:17,677] {dagbag.py:451} INFO - Filling up the DagBag from /home/airflow/.local/lib/python3.6/site-packages/airflow/example_dags/tutorial_etl_dag.py
[2024-06-22 00:19:17,684] {scheduler_job.py:639} INFO - DAG(s) dict_keys(['tutorial_etl_dag']) retrieved from /home/airflow/.local/lib/python3.6/site-packages/airflow/example_dags/tutorial_etl_dag.py
[2024-06-22 00:19:17,696] {logging_mixin.py:104} INFO - [2024-06-22 00:19:17,696] {dag.py:1824} INFO - Sync 1 DAGs
[2024-06-22 00:19:17,704] {logging_mixin.py:104} INFO - [2024-06-22 00:19:17,704] {dag.py:2280} INFO - Setting next_dagrun for tutorial_etl_dag to None
[2024-06-22 00:19:17,710] {scheduler_job.py:190} INFO - Processing /home/airflow/.local/lib/python3.6/site-packages/airflow/example_dags/tutorial_etl_dag.py took 0.036 seconds
[2024-06-22 00:19:48,445] {scheduler_job.py:182} INFO - Started process (PID=5256) to work on /home/airflow/.local/lib/python3.6/site-packages/airflow/example_dags/tutorial_etl_dag.py
[2024-06-22 00:19:48,445] {scheduler_job.py:629} INFO - Processing file /home/airflow/.local/lib/python3.6/site-packages/airflow/example_dags/tutorial_etl_dag.py for tasks to queue
[2024-06-22 00:19:48,446] {logging_mixin.py:104} INFO - [2024-06-22 00:19:48,446] {dagbag.py:451} INFO - Filling up the DagBag from /home/airflow/.local/lib/python3.6/site-packages/airflow/example_dags/tutorial_etl_dag.py
[2024-06-22 00:19:48,453] {scheduler_job.py:639} INFO - DAG(s) dict_keys(['tutorial_etl_dag']) retrieved from /home/airflow/.local/lib/python3.6/site-packages/airflow/example_dags/tutorial_etl_dag.py
[2024-06-22 00:19:48,464] {logging_mixin.py:104} INFO - [2024-06-22 00:19:48,464] {dag.py:1824} INFO - Sync 1 DAGs
[2024-06-22 00:19:48,473] {logging_mixin.py:104} INFO - [2024-06-22 00:19:48,473] {dag.py:2280} INFO - Setting next_dagrun for tutorial_etl_dag to None
[2024-06-22 00:19:48,479] {scheduler_job.py:190} INFO - Processing /home/airflow/.local/lib/python3.6/site-packages/airflow/example_dags/tutorial_etl_dag.py took 0.037 seconds
[2024-06-22 00:20:19,105] {scheduler_job.py:182} INFO - Started process (PID=5282) to work on /home/airflow/.local/lib/python3.6/site-packages/airflow/example_dags/tutorial_etl_dag.py
[2024-06-22 00:20:19,106] {scheduler_job.py:629} INFO - Processing file /home/airflow/.local/lib/python3.6/site-packages/airflow/example_dags/tutorial_etl_dag.py for tasks to queue
[2024-06-22 00:20:19,107] {logging_mixin.py:104} INFO - [2024-06-22 00:20:19,106] {dagbag.py:451} INFO - Filling up the DagBag from /home/airflow/.local/lib/python3.6/site-packages/airflow/example_dags/tutorial_etl_dag.py
[2024-06-22 00:20:19,113] {scheduler_job.py:639} INFO - DAG(s) dict_keys(['tutorial_etl_dag']) retrieved from /home/airflow/.local/lib/python3.6/site-packages/airflow/example_dags/tutorial_etl_dag.py
[2024-06-22 00:20:19,125] {logging_mixin.py:104} INFO - [2024-06-22 00:20:19,125] {dag.py:1824} INFO - Sync 1 DAGs
[2024-06-22 00:20:19,133] {logging_mixin.py:104} INFO - [2024-06-22 00:20:19,133] {dag.py:2280} INFO - Setting next_dagrun for tutorial_etl_dag to None
[2024-06-22 00:20:19,139] {scheduler_job.py:190} INFO - Processing /home/airflow/.local/lib/python3.6/site-packages/airflow/example_dags/tutorial_etl_dag.py took 0.035 seconds
[2024-06-22 00:20:49,869] {scheduler_job.py:182} INFO - Started process (PID=5308) to work on /home/airflow/.local/lib/python3.6/site-packages/airflow/example_dags/tutorial_etl_dag.py
[2024-06-22 00:20:49,869] {scheduler_job.py:629} INFO - Processing file /home/airflow/.local/lib/python3.6/site-packages/airflow/example_dags/tutorial_etl_dag.py for tasks to queue
[2024-06-22 00:20:49,870] {logging_mixin.py:104} INFO - [2024-06-22 00:20:49,870] {dagbag.py:451} INFO - Filling up the DagBag from /home/airflow/.local/lib/python3.6/site-packages/airflow/example_dags/tutorial_etl_dag.py
[2024-06-22 00:20:49,877] {scheduler_job.py:639} INFO - DAG(s) dict_keys(['tutorial_etl_dag']) retrieved from /home/airflow/.local/lib/python3.6/site-packages/airflow/example_dags/tutorial_etl_dag.py
[2024-06-22 00:20:49,888] {logging_mixin.py:104} INFO - [2024-06-22 00:20:49,888] {dag.py:1824} INFO - Sync 1 DAGs
[2024-06-22 00:20:49,896] {logging_mixin.py:104} INFO - [2024-06-22 00:20:49,896] {dag.py:2280} INFO - Setting next_dagrun for tutorial_etl_dag to None
[2024-06-22 00:20:49,902] {scheduler_job.py:190} INFO - Processing /home/airflow/.local/lib/python3.6/site-packages/airflow/example_dags/tutorial_etl_dag.py took 0.035 seconds
[2024-06-22 00:21:20,550] {scheduler_job.py:182} INFO - Started process (PID=5334) to work on /home/airflow/.local/lib/python3.6/site-packages/airflow/example_dags/tutorial_etl_dag.py
[2024-06-22 00:21:20,551] {scheduler_job.py:629} INFO - Processing file /home/airflow/.local/lib/python3.6/site-packages/airflow/example_dags/tutorial_etl_dag.py for tasks to queue
[2024-06-22 00:21:20,551] {logging_mixin.py:104} INFO - [2024-06-22 00:21:20,551] {dagbag.py:451} INFO - Filling up the DagBag from /home/airflow/.local/lib/python3.6/site-packages/airflow/example_dags/tutorial_etl_dag.py
[2024-06-22 00:21:20,558] {scheduler_job.py:639} INFO - DAG(s) dict_keys(['tutorial_etl_dag']) retrieved from /home/airflow/.local/lib/python3.6/site-packages/airflow/example_dags/tutorial_etl_dag.py
[2024-06-22 00:21:20,569] {logging_mixin.py:104} INFO - [2024-06-22 00:21:20,569] {dag.py:1824} INFO - Sync 1 DAGs
[2024-06-22 00:21:20,578] {logging_mixin.py:104} INFO - [2024-06-22 00:21:20,578] {dag.py:2280} INFO - Setting next_dagrun for tutorial_etl_dag to None
[2024-06-22 00:21:20,584] {scheduler_job.py:190} INFO - Processing /home/airflow/.local/lib/python3.6/site-packages/airflow/example_dags/tutorial_etl_dag.py took 0.035 seconds
[2024-06-22 00:21:51,322] {scheduler_job.py:182} INFO - Started process (PID=5360) to work on /home/airflow/.local/lib/python3.6/site-packages/airflow/example_dags/tutorial_etl_dag.py
[2024-06-22 00:21:51,323] {scheduler_job.py:629} INFO - Processing file /home/airflow/.local/lib/python3.6/site-packages/airflow/example_dags/tutorial_etl_dag.py for tasks to queue
[2024-06-22 00:21:51,324] {logging_mixin.py:104} INFO - [2024-06-22 00:21:51,323] {dagbag.py:451} INFO - Filling up the DagBag from /home/airflow/.local/lib/python3.6/site-packages/airflow/example_dags/tutorial_etl_dag.py
[2024-06-22 00:21:51,330] {scheduler_job.py:639} INFO - DAG(s) dict_keys(['tutorial_etl_dag']) retrieved from /home/airflow/.local/lib/python3.6/site-packages/airflow/example_dags/tutorial_etl_dag.py
[2024-06-22 00:21:51,342] {logging_mixin.py:104} INFO - [2024-06-22 00:21:51,342] {dag.py:1824} INFO - Sync 1 DAGs
[2024-06-22 00:21:51,351] {logging_mixin.py:104} INFO - [2024-06-22 00:21:51,351] {dag.py:2280} INFO - Setting next_dagrun for tutorial_etl_dag to None
[2024-06-22 00:21:51,356] {scheduler_job.py:190} INFO - Processing /home/airflow/.local/lib/python3.6/site-packages/airflow/example_dags/tutorial_etl_dag.py took 0.036 seconds
[2024-06-22 00:22:22,018] {scheduler_job.py:182} INFO - Started process (PID=5386) to work on /home/airflow/.local/lib/python3.6/site-packages/airflow/example_dags/tutorial_etl_dag.py
[2024-06-22 00:22:22,018] {scheduler_job.py:629} INFO - Processing file /home/airflow/.local/lib/python3.6/site-packages/airflow/example_dags/tutorial_etl_dag.py for tasks to queue
[2024-06-22 00:22:22,019] {logging_mixin.py:104} INFO - [2024-06-22 00:22:22,019] {dagbag.py:451} INFO - Filling up the DagBag from /home/airflow/.local/lib/python3.6/site-packages/airflow/example_dags/tutorial_etl_dag.py
[2024-06-22 00:22:22,026] {scheduler_job.py:639} INFO - DAG(s) dict_keys(['tutorial_etl_dag']) retrieved from /home/airflow/.local/lib/python3.6/site-packages/airflow/example_dags/tutorial_etl_dag.py
[2024-06-22 00:22:22,038] {logging_mixin.py:104} INFO - [2024-06-22 00:22:22,037] {dag.py:1824} INFO - Sync 1 DAGs
[2024-06-22 00:22:22,048] {logging_mixin.py:104} INFO - [2024-06-22 00:22:22,047] {dag.py:2280} INFO - Setting next_dagrun for tutorial_etl_dag to None
[2024-06-22 00:22:22,053] {scheduler_job.py:190} INFO - Processing /home/airflow/.local/lib/python3.6/site-packages/airflow/example_dags/tutorial_etl_dag.py took 0.038 seconds
[2024-06-22 00:22:52,819] {scheduler_job.py:182} INFO - Started process (PID=5412) to work on /home/airflow/.local/lib/python3.6/site-packages/airflow/example_dags/tutorial_etl_dag.py
[2024-06-22 00:22:52,820] {scheduler_job.py:629} INFO - Processing file /home/airflow/.local/lib/python3.6/site-packages/airflow/example_dags/tutorial_etl_dag.py for tasks to queue
[2024-06-22 00:22:52,821] {logging_mixin.py:104} INFO - [2024-06-22 00:22:52,821] {dagbag.py:451} INFO - Filling up the DagBag from /home/airflow/.local/lib/python3.6/site-packages/airflow/example_dags/tutorial_etl_dag.py
[2024-06-22 00:22:52,827] {scheduler_job.py:639} INFO - DAG(s) dict_keys(['tutorial_etl_dag']) retrieved from /home/airflow/.local/lib/python3.6/site-packages/airflow/example_dags/tutorial_etl_dag.py
[2024-06-22 00:22:52,840] {logging_mixin.py:104} INFO - [2024-06-22 00:22:52,840] {dag.py:1824} INFO - Sync 1 DAGs
[2024-06-22 00:22:52,848] {logging_mixin.py:104} INFO - [2024-06-22 00:22:52,848] {dag.py:2280} INFO - Setting next_dagrun for tutorial_etl_dag to None
[2024-06-22 00:22:52,854] {scheduler_job.py:190} INFO - Processing /home/airflow/.local/lib/python3.6/site-packages/airflow/example_dags/tutorial_etl_dag.py took 0.036 seconds
[2024-06-22 00:23:23,568] {scheduler_job.py:182} INFO - Started process (PID=5438) to work on /home/airflow/.local/lib/python3.6/site-packages/airflow/example_dags/tutorial_etl_dag.py
[2024-06-22 00:23:23,569] {scheduler_job.py:629} INFO - Processing file /home/airflow/.local/lib/python3.6/site-packages/airflow/example_dags/tutorial_etl_dag.py for tasks to queue
[2024-06-22 00:23:23,570] {logging_mixin.py:104} INFO - [2024-06-22 00:23:23,570] {dagbag.py:451} INFO - Filling up the DagBag from /home/airflow/.local/lib/python3.6/site-packages/airflow/example_dags/tutorial_etl_dag.py
[2024-06-22 00:23:23,576] {scheduler_job.py:639} INFO - DAG(s) dict_keys(['tutorial_etl_dag']) retrieved from /home/airflow/.local/lib/python3.6/site-packages/airflow/example_dags/tutorial_etl_dag.py
[2024-06-22 00:23:23,588] {logging_mixin.py:104} INFO - [2024-06-22 00:23:23,588] {dag.py:1824} INFO - Sync 1 DAGs
[2024-06-22 00:23:23,596] {logging_mixin.py:104} INFO - [2024-06-22 00:23:23,596] {dag.py:2280} INFO - Setting next_dagrun for tutorial_etl_dag to None
[2024-06-22 00:23:23,601] {scheduler_job.py:190} INFO - Processing /home/airflow/.local/lib/python3.6/site-packages/airflow/example_dags/tutorial_etl_dag.py took 0.034 seconds
[2024-06-22 00:23:54,291] {scheduler_job.py:182} INFO - Started process (PID=5464) to work on /home/airflow/.local/lib/python3.6/site-packages/airflow/example_dags/tutorial_etl_dag.py
[2024-06-22 00:23:54,292] {scheduler_job.py:629} INFO - Processing file /home/airflow/.local/lib/python3.6/site-packages/airflow/example_dags/tutorial_etl_dag.py for tasks to queue
[2024-06-22 00:23:54,292] {logging_mixin.py:104} INFO - [2024-06-22 00:23:54,292] {dagbag.py:451} INFO - Filling up the DagBag from /home/airflow/.local/lib/python3.6/site-packages/airflow/example_dags/tutorial_etl_dag.py
[2024-06-22 00:23:54,299] {scheduler_job.py:639} INFO - DAG(s) dict_keys(['tutorial_etl_dag']) retrieved from /home/airflow/.local/lib/python3.6/site-packages/airflow/example_dags/tutorial_etl_dag.py
[2024-06-22 00:23:54,311] {logging_mixin.py:104} INFO - [2024-06-22 00:23:54,311] {dag.py:1824} INFO - Sync 1 DAGs
[2024-06-22 00:23:54,319] {logging_mixin.py:104} INFO - [2024-06-22 00:23:54,319] {dag.py:2280} INFO - Setting next_dagrun for tutorial_etl_dag to None
[2024-06-22 00:23:54,324] {scheduler_job.py:190} INFO - Processing /home/airflow/.local/lib/python3.6/site-packages/airflow/example_dags/tutorial_etl_dag.py took 0.035 seconds
[2024-06-22 00:24:25,129] {scheduler_job.py:182} INFO - Started process (PID=5490) to work on /home/airflow/.local/lib/python3.6/site-packages/airflow/example_dags/tutorial_etl_dag.py
[2024-06-22 00:24:25,129] {scheduler_job.py:629} INFO - Processing file /home/airflow/.local/lib/python3.6/site-packages/airflow/example_dags/tutorial_etl_dag.py for tasks to queue
[2024-06-22 00:24:25,130] {logging_mixin.py:104} INFO - [2024-06-22 00:24:25,130] {dagbag.py:451} INFO - Filling up the DagBag from /home/airflow/.local/lib/python3.6/site-packages/airflow/example_dags/tutorial_etl_dag.py
[2024-06-22 00:24:25,137] {scheduler_job.py:639} INFO - DAG(s) dict_keys(['tutorial_etl_dag']) retrieved from /home/airflow/.local/lib/python3.6/site-packages/airflow/example_dags/tutorial_etl_dag.py
[2024-06-22 00:24:25,149] {logging_mixin.py:104} INFO - [2024-06-22 00:24:25,149] {dag.py:1824} INFO - Sync 1 DAGs
[2024-06-22 00:24:25,158] {logging_mixin.py:104} INFO - [2024-06-22 00:24:25,158] {dag.py:2280} INFO - Setting next_dagrun for tutorial_etl_dag to None
[2024-06-22 00:24:25,163] {scheduler_job.py:190} INFO - Processing /home/airflow/.local/lib/python3.6/site-packages/airflow/example_dags/tutorial_etl_dag.py took 0.037 seconds
[2024-06-22 00:24:55,955] {scheduler_job.py:182} INFO - Started process (PID=5516) to work on /home/airflow/.local/lib/python3.6/site-packages/airflow/example_dags/tutorial_etl_dag.py
[2024-06-22 00:24:55,956] {scheduler_job.py:629} INFO - Processing file /home/airflow/.local/lib/python3.6/site-packages/airflow/example_dags/tutorial_etl_dag.py for tasks to queue
[2024-06-22 00:24:55,956] {logging_mixin.py:104} INFO - [2024-06-22 00:24:55,956] {dagbag.py:451} INFO - Filling up the DagBag from /home/airflow/.local/lib/python3.6/site-packages/airflow/example_dags/tutorial_etl_dag.py
[2024-06-22 00:24:55,963] {scheduler_job.py:639} INFO - DAG(s) dict_keys(['tutorial_etl_dag']) retrieved from /home/airflow/.local/lib/python3.6/site-packages/airflow/example_dags/tutorial_etl_dag.py
[2024-06-22 00:24:55,975] {logging_mixin.py:104} INFO - [2024-06-22 00:24:55,975] {dag.py:1824} INFO - Sync 1 DAGs
[2024-06-22 00:24:55,983] {logging_mixin.py:104} INFO - [2024-06-22 00:24:55,983] {dag.py:2280} INFO - Setting next_dagrun for tutorial_etl_dag to None
[2024-06-22 00:24:55,988] {scheduler_job.py:190} INFO - Processing /home/airflow/.local/lib/python3.6/site-packages/airflow/example_dags/tutorial_etl_dag.py took 0.035 seconds
[2024-06-22 23:26:22,020] {scheduler_job.py:182} INFO - Started process (PID=5542) to work on /home/airflow/.local/lib/python3.6/site-packages/airflow/example_dags/tutorial_etl_dag.py
[2024-06-22 23:26:22,022] {scheduler_job.py:629} INFO - Processing file /home/airflow/.local/lib/python3.6/site-packages/airflow/example_dags/tutorial_etl_dag.py for tasks to queue
[2024-06-22 23:26:22,023] {logging_mixin.py:104} INFO - [2024-06-22 23:26:22,023] {dagbag.py:451} INFO - Filling up the DagBag from /home/airflow/.local/lib/python3.6/site-packages/airflow/example_dags/tutorial_etl_dag.py
[2024-06-22 23:26:22,057] {scheduler_job.py:639} INFO - DAG(s) dict_keys(['tutorial_etl_dag']) retrieved from /home/airflow/.local/lib/python3.6/site-packages/airflow/example_dags/tutorial_etl_dag.py
[2024-06-22 23:26:22,094] {logging_mixin.py:104} INFO - [2024-06-22 23:26:22,094] {dag.py:1824} INFO - Sync 1 DAGs
[2024-06-22 23:26:22,133] {logging_mixin.py:104} INFO - [2024-06-22 23:26:22,132] {dag.py:2280} INFO - Setting next_dagrun for tutorial_etl_dag to None
[2024-06-22 23:26:22,152] {scheduler_job.py:190} INFO - Processing /home/airflow/.local/lib/python3.6/site-packages/airflow/example_dags/tutorial_etl_dag.py took 0.135 seconds
[2024-06-22 23:26:52,507] {scheduler_job.py:182} INFO - Started process (PID=5562) to work on /home/airflow/.local/lib/python3.6/site-packages/airflow/example_dags/tutorial_etl_dag.py
[2024-06-22 23:26:52,508] {scheduler_job.py:629} INFO - Processing file /home/airflow/.local/lib/python3.6/site-packages/airflow/example_dags/tutorial_etl_dag.py for tasks to queue
[2024-06-22 23:26:52,508] {logging_mixin.py:104} INFO - [2024-06-22 23:26:52,508] {dagbag.py:451} INFO - Filling up the DagBag from /home/airflow/.local/lib/python3.6/site-packages/airflow/example_dags/tutorial_etl_dag.py
[2024-06-22 23:26:52,515] {scheduler_job.py:639} INFO - DAG(s) dict_keys(['tutorial_etl_dag']) retrieved from /home/airflow/.local/lib/python3.6/site-packages/airflow/example_dags/tutorial_etl_dag.py
[2024-06-22 23:26:52,529] {logging_mixin.py:104} INFO - [2024-06-22 23:26:52,529] {dag.py:1824} INFO - Sync 1 DAGs
[2024-06-22 23:26:52,538] {logging_mixin.py:104} INFO - [2024-06-22 23:26:52,538] {dag.py:2280} INFO - Setting next_dagrun for tutorial_etl_dag to None
[2024-06-22 23:26:52,544] {scheduler_job.py:190} INFO - Processing /home/airflow/.local/lib/python3.6/site-packages/airflow/example_dags/tutorial_etl_dag.py took 0.039 seconds
[2024-06-22 23:27:23,377] {scheduler_job.py:182} INFO - Started process (PID=5588) to work on /home/airflow/.local/lib/python3.6/site-packages/airflow/example_dags/tutorial_etl_dag.py
[2024-06-22 23:27:23,377] {scheduler_job.py:629} INFO - Processing file /home/airflow/.local/lib/python3.6/site-packages/airflow/example_dags/tutorial_etl_dag.py for tasks to queue
[2024-06-22 23:27:23,378] {logging_mixin.py:104} INFO - [2024-06-22 23:27:23,378] {dagbag.py:451} INFO - Filling up the DagBag from /home/airflow/.local/lib/python3.6/site-packages/airflow/example_dags/tutorial_etl_dag.py
[2024-06-22 23:27:23,384] {scheduler_job.py:639} INFO - DAG(s) dict_keys(['tutorial_etl_dag']) retrieved from /home/airflow/.local/lib/python3.6/site-packages/airflow/example_dags/tutorial_etl_dag.py
[2024-06-22 23:27:23,396] {logging_mixin.py:104} INFO - [2024-06-22 23:27:23,396] {dag.py:1824} INFO - Sync 1 DAGs
[2024-06-22 23:27:23,405] {logging_mixin.py:104} INFO - [2024-06-22 23:27:23,405] {dag.py:2280} INFO - Setting next_dagrun for tutorial_etl_dag to None
[2024-06-22 23:27:23,412] {scheduler_job.py:190} INFO - Processing /home/airflow/.local/lib/python3.6/site-packages/airflow/example_dags/tutorial_etl_dag.py took 0.037 seconds
[2024-06-22 23:27:54,150] {scheduler_job.py:182} INFO - Started process (PID=5614) to work on /home/airflow/.local/lib/python3.6/site-packages/airflow/example_dags/tutorial_etl_dag.py
[2024-06-22 23:27:54,151] {scheduler_job.py:629} INFO - Processing file /home/airflow/.local/lib/python3.6/site-packages/airflow/example_dags/tutorial_etl_dag.py for tasks to queue
[2024-06-22 23:27:54,151] {logging_mixin.py:104} INFO - [2024-06-22 23:27:54,151] {dagbag.py:451} INFO - Filling up the DagBag from /home/airflow/.local/lib/python3.6/site-packages/airflow/example_dags/tutorial_etl_dag.py
[2024-06-22 23:27:54,158] {scheduler_job.py:639} INFO - DAG(s) dict_keys(['tutorial_etl_dag']) retrieved from /home/airflow/.local/lib/python3.6/site-packages/airflow/example_dags/tutorial_etl_dag.py
[2024-06-22 23:27:54,170] {logging_mixin.py:104} INFO - [2024-06-22 23:27:54,170] {dag.py:1824} INFO - Sync 1 DAGs
[2024-06-22 23:27:54,179] {logging_mixin.py:104} INFO - [2024-06-22 23:27:54,178] {dag.py:2280} INFO - Setting next_dagrun for tutorial_etl_dag to None
[2024-06-22 23:27:54,185] {scheduler_job.py:190} INFO - Processing /home/airflow/.local/lib/python3.6/site-packages/airflow/example_dags/tutorial_etl_dag.py took 0.037 seconds
[2024-06-22 23:28:24,932] {scheduler_job.py:182} INFO - Started process (PID=5640) to work on /home/airflow/.local/lib/python3.6/site-packages/airflow/example_dags/tutorial_etl_dag.py
[2024-06-22 23:28:24,932] {scheduler_job.py:629} INFO - Processing file /home/airflow/.local/lib/python3.6/site-packages/airflow/example_dags/tutorial_etl_dag.py for tasks to queue
[2024-06-22 23:28:24,933] {logging_mixin.py:104} INFO - [2024-06-22 23:28:24,933] {dagbag.py:451} INFO - Filling up the DagBag from /home/airflow/.local/lib/python3.6/site-packages/airflow/example_dags/tutorial_etl_dag.py
[2024-06-22 23:28:24,939] {scheduler_job.py:639} INFO - DAG(s) dict_keys(['tutorial_etl_dag']) retrieved from /home/airflow/.local/lib/python3.6/site-packages/airflow/example_dags/tutorial_etl_dag.py
[2024-06-22 23:28:24,951] {logging_mixin.py:104} INFO - [2024-06-22 23:28:24,951] {dag.py:1824} INFO - Sync 1 DAGs
[2024-06-22 23:28:24,960] {logging_mixin.py:104} INFO - [2024-06-22 23:28:24,959] {dag.py:2280} INFO - Setting next_dagrun for tutorial_etl_dag to None
[2024-06-22 23:28:24,967] {scheduler_job.py:190} INFO - Processing /home/airflow/.local/lib/python3.6/site-packages/airflow/example_dags/tutorial_etl_dag.py took 0.037 seconds
