[2024-06-23 23:41:53,791] {scheduler_job.py:182} INFO - Started process (PID=5668) to work on /home/airflow/.local/lib/python3.6/site-packages/airflow/example_dags/subdags/subdag.py
[2024-06-23 23:41:53,799] {scheduler_job.py:629} INFO - Processing file /home/airflow/.local/lib/python3.6/site-packages/airflow/example_dags/subdags/subdag.py for tasks to queue
[2024-06-23 23:41:53,811] {logging_mixin.py:104} INFO - [2024-06-23 23:41:53,811] {dagbag.py:451} INFO - Filling up the DagBag from /home/airflow/.local/lib/python3.6/site-packages/airflow/example_dags/subdags/subdag.py
[2024-06-23 23:41:53,816] {scheduler_job.py:641} WARNING - No viable dags retrieved from /home/airflow/.local/lib/python3.6/site-packages/airflow/example_dags/subdags/subdag.py
[2024-06-23 23:41:53,861] {scheduler_job.py:190} INFO - Processing /home/airflow/.local/lib/python3.6/site-packages/airflow/example_dags/subdags/subdag.py took 0.073 seconds
[2024-06-23 23:42:24,081] {scheduler_job.py:182} INFO - Started process (PID=5694) to work on /home/airflow/.local/lib/python3.6/site-packages/airflow/example_dags/subdags/subdag.py
[2024-06-23 23:42:24,082] {scheduler_job.py:629} INFO - Processing file /home/airflow/.local/lib/python3.6/site-packages/airflow/example_dags/subdags/subdag.py for tasks to queue
[2024-06-23 23:42:24,082] {logging_mixin.py:104} INFO - [2024-06-23 23:42:24,082] {dagbag.py:451} INFO - Filling up the DagBag from /home/airflow/.local/lib/python3.6/site-packages/airflow/example_dags/subdags/subdag.py
[2024-06-23 23:42:24,084] {scheduler_job.py:641} WARNING - No viable dags retrieved from /home/airflow/.local/lib/python3.6/site-packages/airflow/example_dags/subdags/subdag.py
[2024-06-23 23:42:24,092] {scheduler_job.py:190} INFO - Processing /home/airflow/.local/lib/python3.6/site-packages/airflow/example_dags/subdags/subdag.py took 0.013 seconds
[2024-06-23 23:42:54,883] {scheduler_job.py:182} INFO - Started process (PID=5720) to work on /home/airflow/.local/lib/python3.6/site-packages/airflow/example_dags/subdags/subdag.py
[2024-06-23 23:42:54,884] {scheduler_job.py:629} INFO - Processing file /home/airflow/.local/lib/python3.6/site-packages/airflow/example_dags/subdags/subdag.py for tasks to queue
[2024-06-23 23:42:54,884] {logging_mixin.py:104} INFO - [2024-06-23 23:42:54,884] {dagbag.py:451} INFO - Filling up the DagBag from /home/airflow/.local/lib/python3.6/site-packages/airflow/example_dags/subdags/subdag.py
[2024-06-23 23:42:54,886] {scheduler_job.py:641} WARNING - No viable dags retrieved from /home/airflow/.local/lib/python3.6/site-packages/airflow/example_dags/subdags/subdag.py
[2024-06-23 23:42:54,894] {scheduler_job.py:190} INFO - Processing /home/airflow/.local/lib/python3.6/site-packages/airflow/example_dags/subdags/subdag.py took 0.013 seconds
[2024-06-23 23:43:24,940] {scheduler_job.py:182} INFO - Started process (PID=5746) to work on /home/airflow/.local/lib/python3.6/site-packages/airflow/example_dags/subdags/subdag.py
[2024-06-23 23:43:24,941] {scheduler_job.py:629} INFO - Processing file /home/airflow/.local/lib/python3.6/site-packages/airflow/example_dags/subdags/subdag.py for tasks to queue
[2024-06-23 23:43:24,942] {logging_mixin.py:104} INFO - [2024-06-23 23:43:24,941] {dagbag.py:451} INFO - Filling up the DagBag from /home/airflow/.local/lib/python3.6/site-packages/airflow/example_dags/subdags/subdag.py
[2024-06-23 23:43:24,943] {scheduler_job.py:641} WARNING - No viable dags retrieved from /home/airflow/.local/lib/python3.6/site-packages/airflow/example_dags/subdags/subdag.py
[2024-06-23 23:43:24,950] {scheduler_job.py:190} INFO - Processing /home/airflow/.local/lib/python3.6/site-packages/airflow/example_dags/subdags/subdag.py took 0.012 seconds
[2024-06-23 23:43:55,729] {scheduler_job.py:182} INFO - Started process (PID=5772) to work on /home/airflow/.local/lib/python3.6/site-packages/airflow/example_dags/subdags/subdag.py
[2024-06-23 23:43:55,730] {scheduler_job.py:629} INFO - Processing file /home/airflow/.local/lib/python3.6/site-packages/airflow/example_dags/subdags/subdag.py for tasks to queue
[2024-06-23 23:43:55,730] {logging_mixin.py:104} INFO - [2024-06-23 23:43:55,730] {dagbag.py:451} INFO - Filling up the DagBag from /home/airflow/.local/lib/python3.6/site-packages/airflow/example_dags/subdags/subdag.py
[2024-06-23 23:43:55,732] {scheduler_job.py:641} WARNING - No viable dags retrieved from /home/airflow/.local/lib/python3.6/site-packages/airflow/example_dags/subdags/subdag.py
[2024-06-23 23:43:55,739] {scheduler_job.py:190} INFO - Processing /home/airflow/.local/lib/python3.6/site-packages/airflow/example_dags/subdags/subdag.py took 0.012 seconds
[2024-06-23 23:44:26,510] {scheduler_job.py:182} INFO - Started process (PID=5798) to work on /home/airflow/.local/lib/python3.6/site-packages/airflow/example_dags/subdags/subdag.py
[2024-06-23 23:44:26,511] {scheduler_job.py:629} INFO - Processing file /home/airflow/.local/lib/python3.6/site-packages/airflow/example_dags/subdags/subdag.py for tasks to queue
[2024-06-23 23:44:26,512] {logging_mixin.py:104} INFO - [2024-06-23 23:44:26,512] {dagbag.py:451} INFO - Filling up the DagBag from /home/airflow/.local/lib/python3.6/site-packages/airflow/example_dags/subdags/subdag.py
[2024-06-23 23:44:26,513] {scheduler_job.py:641} WARNING - No viable dags retrieved from /home/airflow/.local/lib/python3.6/site-packages/airflow/example_dags/subdags/subdag.py
[2024-06-23 23:44:26,520] {scheduler_job.py:190} INFO - Processing /home/airflow/.local/lib/python3.6/site-packages/airflow/example_dags/subdags/subdag.py took 0.012 seconds
[2024-06-23 23:44:57,284] {scheduler_job.py:182} INFO - Started process (PID=5824) to work on /home/airflow/.local/lib/python3.6/site-packages/airflow/example_dags/subdags/subdag.py
[2024-06-23 23:44:57,285] {scheduler_job.py:629} INFO - Processing file /home/airflow/.local/lib/python3.6/site-packages/airflow/example_dags/subdags/subdag.py for tasks to queue
[2024-06-23 23:44:57,286] {logging_mixin.py:104} INFO - [2024-06-23 23:44:57,286] {dagbag.py:451} INFO - Filling up the DagBag from /home/airflow/.local/lib/python3.6/site-packages/airflow/example_dags/subdags/subdag.py
[2024-06-23 23:44:57,289] {scheduler_job.py:641} WARNING - No viable dags retrieved from /home/airflow/.local/lib/python3.6/site-packages/airflow/example_dags/subdags/subdag.py
[2024-06-23 23:44:57,298] {scheduler_job.py:190} INFO - Processing /home/airflow/.local/lib/python3.6/site-packages/airflow/example_dags/subdags/subdag.py took 0.016 seconds
[2024-06-23 23:45:28,083] {scheduler_job.py:182} INFO - Started process (PID=5850) to work on /home/airflow/.local/lib/python3.6/site-packages/airflow/example_dags/subdags/subdag.py
[2024-06-23 23:45:28,084] {scheduler_job.py:629} INFO - Processing file /home/airflow/.local/lib/python3.6/site-packages/airflow/example_dags/subdags/subdag.py for tasks to queue
[2024-06-23 23:45:28,084] {logging_mixin.py:104} INFO - [2024-06-23 23:45:28,084] {dagbag.py:451} INFO - Filling up the DagBag from /home/airflow/.local/lib/python3.6/site-packages/airflow/example_dags/subdags/subdag.py
[2024-06-23 23:45:28,086] {scheduler_job.py:641} WARNING - No viable dags retrieved from /home/airflow/.local/lib/python3.6/site-packages/airflow/example_dags/subdags/subdag.py
[2024-06-23 23:45:28,093] {scheduler_job.py:190} INFO - Processing /home/airflow/.local/lib/python3.6/site-packages/airflow/example_dags/subdags/subdag.py took 0.012 seconds
[2024-06-23 23:45:58,921] {scheduler_job.py:182} INFO - Started process (PID=5876) to work on /home/airflow/.local/lib/python3.6/site-packages/airflow/example_dags/subdags/subdag.py
[2024-06-23 23:45:58,922] {scheduler_job.py:629} INFO - Processing file /home/airflow/.local/lib/python3.6/site-packages/airflow/example_dags/subdags/subdag.py for tasks to queue
[2024-06-23 23:45:58,923] {logging_mixin.py:104} INFO - [2024-06-23 23:45:58,923] {dagbag.py:451} INFO - Filling up the DagBag from /home/airflow/.local/lib/python3.6/site-packages/airflow/example_dags/subdags/subdag.py
[2024-06-23 23:45:58,927] {scheduler_job.py:641} WARNING - No viable dags retrieved from /home/airflow/.local/lib/python3.6/site-packages/airflow/example_dags/subdags/subdag.py
[2024-06-23 23:45:58,936] {scheduler_job.py:190} INFO - Processing /home/airflow/.local/lib/python3.6/site-packages/airflow/example_dags/subdags/subdag.py took 0.017 seconds
[2024-06-23 23:46:29,683] {scheduler_job.py:182} INFO - Started process (PID=5902) to work on /home/airflow/.local/lib/python3.6/site-packages/airflow/example_dags/subdags/subdag.py
[2024-06-23 23:46:29,684] {scheduler_job.py:629} INFO - Processing file /home/airflow/.local/lib/python3.6/site-packages/airflow/example_dags/subdags/subdag.py for tasks to queue
[2024-06-23 23:46:29,684] {logging_mixin.py:104} INFO - [2024-06-23 23:46:29,684] {dagbag.py:451} INFO - Filling up the DagBag from /home/airflow/.local/lib/python3.6/site-packages/airflow/example_dags/subdags/subdag.py
[2024-06-23 23:46:29,686] {scheduler_job.py:641} WARNING - No viable dags retrieved from /home/airflow/.local/lib/python3.6/site-packages/airflow/example_dags/subdags/subdag.py
[2024-06-23 23:46:29,693] {scheduler_job.py:190} INFO - Processing /home/airflow/.local/lib/python3.6/site-packages/airflow/example_dags/subdags/subdag.py took 0.011 seconds
[2024-06-23 23:47:00,478] {scheduler_job.py:182} INFO - Started process (PID=5928) to work on /home/airflow/.local/lib/python3.6/site-packages/airflow/example_dags/subdags/subdag.py
[2024-06-23 23:47:00,478] {scheduler_job.py:629} INFO - Processing file /home/airflow/.local/lib/python3.6/site-packages/airflow/example_dags/subdags/subdag.py for tasks to queue
[2024-06-23 23:47:00,479] {logging_mixin.py:104} INFO - [2024-06-23 23:47:00,479] {dagbag.py:451} INFO - Filling up the DagBag from /home/airflow/.local/lib/python3.6/site-packages/airflow/example_dags/subdags/subdag.py
[2024-06-23 23:47:00,481] {scheduler_job.py:641} WARNING - No viable dags retrieved from /home/airflow/.local/lib/python3.6/site-packages/airflow/example_dags/subdags/subdag.py
[2024-06-23 23:47:00,488] {scheduler_job.py:190} INFO - Processing /home/airflow/.local/lib/python3.6/site-packages/airflow/example_dags/subdags/subdag.py took 0.012 seconds
[2024-06-23 23:47:31,332] {scheduler_job.py:182} INFO - Started process (PID=5954) to work on /home/airflow/.local/lib/python3.6/site-packages/airflow/example_dags/subdags/subdag.py
[2024-06-23 23:47:31,333] {scheduler_job.py:629} INFO - Processing file /home/airflow/.local/lib/python3.6/site-packages/airflow/example_dags/subdags/subdag.py for tasks to queue
[2024-06-23 23:47:31,333] {logging_mixin.py:104} INFO - [2024-06-23 23:47:31,333] {dagbag.py:451} INFO - Filling up the DagBag from /home/airflow/.local/lib/python3.6/site-packages/airflow/example_dags/subdags/subdag.py
[2024-06-23 23:47:31,335] {scheduler_job.py:641} WARNING - No viable dags retrieved from /home/airflow/.local/lib/python3.6/site-packages/airflow/example_dags/subdags/subdag.py
[2024-06-23 23:47:31,342] {scheduler_job.py:190} INFO - Processing /home/airflow/.local/lib/python3.6/site-packages/airflow/example_dags/subdags/subdag.py took 0.012 seconds
[2024-06-23 23:48:02,098] {scheduler_job.py:182} INFO - Started process (PID=5980) to work on /home/airflow/.local/lib/python3.6/site-packages/airflow/example_dags/subdags/subdag.py
[2024-06-23 23:48:02,099] {scheduler_job.py:629} INFO - Processing file /home/airflow/.local/lib/python3.6/site-packages/airflow/example_dags/subdags/subdag.py for tasks to queue
[2024-06-23 23:48:02,100] {logging_mixin.py:104} INFO - [2024-06-23 23:48:02,100] {dagbag.py:451} INFO - Filling up the DagBag from /home/airflow/.local/lib/python3.6/site-packages/airflow/example_dags/subdags/subdag.py
[2024-06-23 23:48:02,102] {scheduler_job.py:641} WARNING - No viable dags retrieved from /home/airflow/.local/lib/python3.6/site-packages/airflow/example_dags/subdags/subdag.py
[2024-06-23 23:48:02,110] {scheduler_job.py:190} INFO - Processing /home/airflow/.local/lib/python3.6/site-packages/airflow/example_dags/subdags/subdag.py took 0.014 seconds
[2024-06-23 23:48:32,941] {scheduler_job.py:182} INFO - Started process (PID=6006) to work on /home/airflow/.local/lib/python3.6/site-packages/airflow/example_dags/subdags/subdag.py
[2024-06-23 23:48:32,942] {scheduler_job.py:629} INFO - Processing file /home/airflow/.local/lib/python3.6/site-packages/airflow/example_dags/subdags/subdag.py for tasks to queue
[2024-06-23 23:48:32,943] {logging_mixin.py:104} INFO - [2024-06-23 23:48:32,942] {dagbag.py:451} INFO - Filling up the DagBag from /home/airflow/.local/lib/python3.6/site-packages/airflow/example_dags/subdags/subdag.py
[2024-06-23 23:48:32,944] {scheduler_job.py:641} WARNING - No viable dags retrieved from /home/airflow/.local/lib/python3.6/site-packages/airflow/example_dags/subdags/subdag.py
[2024-06-23 23:48:32,952] {scheduler_job.py:190} INFO - Processing /home/airflow/.local/lib/python3.6/site-packages/airflow/example_dags/subdags/subdag.py took 0.012 seconds
[2024-06-23 23:49:03,682] {scheduler_job.py:182} INFO - Started process (PID=6032) to work on /home/airflow/.local/lib/python3.6/site-packages/airflow/example_dags/subdags/subdag.py
[2024-06-23 23:49:03,683] {scheduler_job.py:629} INFO - Processing file /home/airflow/.local/lib/python3.6/site-packages/airflow/example_dags/subdags/subdag.py for tasks to queue
[2024-06-23 23:49:03,684] {logging_mixin.py:104} INFO - [2024-06-23 23:49:03,684] {dagbag.py:451} INFO - Filling up the DagBag from /home/airflow/.local/lib/python3.6/site-packages/airflow/example_dags/subdags/subdag.py
[2024-06-23 23:49:03,685] {scheduler_job.py:641} WARNING - No viable dags retrieved from /home/airflow/.local/lib/python3.6/site-packages/airflow/example_dags/subdags/subdag.py
[2024-06-23 23:49:03,693] {scheduler_job.py:190} INFO - Processing /home/airflow/.local/lib/python3.6/site-packages/airflow/example_dags/subdags/subdag.py took 0.012 seconds
[2024-06-23 23:49:34,460] {scheduler_job.py:182} INFO - Started process (PID=6058) to work on /home/airflow/.local/lib/python3.6/site-packages/airflow/example_dags/subdags/subdag.py
[2024-06-23 23:49:34,460] {scheduler_job.py:629} INFO - Processing file /home/airflow/.local/lib/python3.6/site-packages/airflow/example_dags/subdags/subdag.py for tasks to queue
[2024-06-23 23:49:34,461] {logging_mixin.py:104} INFO - [2024-06-23 23:49:34,461] {dagbag.py:451} INFO - Filling up the DagBag from /home/airflow/.local/lib/python3.6/site-packages/airflow/example_dags/subdags/subdag.py
[2024-06-23 23:49:34,462] {scheduler_job.py:641} WARNING - No viable dags retrieved from /home/airflow/.local/lib/python3.6/site-packages/airflow/example_dags/subdags/subdag.py
[2024-06-23 23:49:34,470] {scheduler_job.py:190} INFO - Processing /home/airflow/.local/lib/python3.6/site-packages/airflow/example_dags/subdags/subdag.py took 0.012 seconds
[2024-06-23 23:50:05,267] {scheduler_job.py:182} INFO - Started process (PID=6084) to work on /home/airflow/.local/lib/python3.6/site-packages/airflow/example_dags/subdags/subdag.py
[2024-06-23 23:50:05,268] {scheduler_job.py:629} INFO - Processing file /home/airflow/.local/lib/python3.6/site-packages/airflow/example_dags/subdags/subdag.py for tasks to queue
[2024-06-23 23:50:05,269] {logging_mixin.py:104} INFO - [2024-06-23 23:50:05,269] {dagbag.py:451} INFO - Filling up the DagBag from /home/airflow/.local/lib/python3.6/site-packages/airflow/example_dags/subdags/subdag.py
[2024-06-23 23:50:05,272] {scheduler_job.py:641} WARNING - No viable dags retrieved from /home/airflow/.local/lib/python3.6/site-packages/airflow/example_dags/subdags/subdag.py
[2024-06-23 23:50:05,282] {scheduler_job.py:190} INFO - Processing /home/airflow/.local/lib/python3.6/site-packages/airflow/example_dags/subdags/subdag.py took 0.018 seconds
[2024-06-23 23:50:36,075] {scheduler_job.py:182} INFO - Started process (PID=6110) to work on /home/airflow/.local/lib/python3.6/site-packages/airflow/example_dags/subdags/subdag.py
[2024-06-23 23:50:36,076] {scheduler_job.py:629} INFO - Processing file /home/airflow/.local/lib/python3.6/site-packages/airflow/example_dags/subdags/subdag.py for tasks to queue
[2024-06-23 23:50:36,077] {logging_mixin.py:104} INFO - [2024-06-23 23:50:36,077] {dagbag.py:451} INFO - Filling up the DagBag from /home/airflow/.local/lib/python3.6/site-packages/airflow/example_dags/subdags/subdag.py
[2024-06-23 23:50:36,078] {scheduler_job.py:641} WARNING - No viable dags retrieved from /home/airflow/.local/lib/python3.6/site-packages/airflow/example_dags/subdags/subdag.py
[2024-06-23 23:50:36,087] {scheduler_job.py:190} INFO - Processing /home/airflow/.local/lib/python3.6/site-packages/airflow/example_dags/subdags/subdag.py took 0.014 seconds
[2024-06-23 23:51:06,862] {scheduler_job.py:182} INFO - Started process (PID=6136) to work on /home/airflow/.local/lib/python3.6/site-packages/airflow/example_dags/subdags/subdag.py
[2024-06-23 23:51:06,862] {scheduler_job.py:629} INFO - Processing file /home/airflow/.local/lib/python3.6/site-packages/airflow/example_dags/subdags/subdag.py for tasks to queue
[2024-06-23 23:51:06,863] {logging_mixin.py:104} INFO - [2024-06-23 23:51:06,863] {dagbag.py:451} INFO - Filling up the DagBag from /home/airflow/.local/lib/python3.6/site-packages/airflow/example_dags/subdags/subdag.py
[2024-06-23 23:51:06,864] {scheduler_job.py:641} WARNING - No viable dags retrieved from /home/airflow/.local/lib/python3.6/site-packages/airflow/example_dags/subdags/subdag.py
[2024-06-23 23:51:06,872] {scheduler_job.py:190} INFO - Processing /home/airflow/.local/lib/python3.6/site-packages/airflow/example_dags/subdags/subdag.py took 0.012 seconds
[2024-06-23 23:51:37,643] {scheduler_job.py:182} INFO - Started process (PID=6162) to work on /home/airflow/.local/lib/python3.6/site-packages/airflow/example_dags/subdags/subdag.py
[2024-06-23 23:51:37,644] {scheduler_job.py:629} INFO - Processing file /home/airflow/.local/lib/python3.6/site-packages/airflow/example_dags/subdags/subdag.py for tasks to queue
[2024-06-23 23:51:37,644] {logging_mixin.py:104} INFO - [2024-06-23 23:51:37,644] {dagbag.py:451} INFO - Filling up the DagBag from /home/airflow/.local/lib/python3.6/site-packages/airflow/example_dags/subdags/subdag.py
[2024-06-23 23:51:37,646] {scheduler_job.py:641} WARNING - No viable dags retrieved from /home/airflow/.local/lib/python3.6/site-packages/airflow/example_dags/subdags/subdag.py
[2024-06-23 23:51:37,653] {scheduler_job.py:190} INFO - Processing /home/airflow/.local/lib/python3.6/site-packages/airflow/example_dags/subdags/subdag.py took 0.011 seconds
[2024-06-23 23:52:08,449] {scheduler_job.py:182} INFO - Started process (PID=6188) to work on /home/airflow/.local/lib/python3.6/site-packages/airflow/example_dags/subdags/subdag.py
[2024-06-23 23:52:08,450] {scheduler_job.py:629} INFO - Processing file /home/airflow/.local/lib/python3.6/site-packages/airflow/example_dags/subdags/subdag.py for tasks to queue
[2024-06-23 23:52:08,450] {logging_mixin.py:104} INFO - [2024-06-23 23:52:08,450] {dagbag.py:451} INFO - Filling up the DagBag from /home/airflow/.local/lib/python3.6/site-packages/airflow/example_dags/subdags/subdag.py
[2024-06-23 23:52:08,452] {scheduler_job.py:641} WARNING - No viable dags retrieved from /home/airflow/.local/lib/python3.6/site-packages/airflow/example_dags/subdags/subdag.py
[2024-06-23 23:52:08,459] {scheduler_job.py:190} INFO - Processing /home/airflow/.local/lib/python3.6/site-packages/airflow/example_dags/subdags/subdag.py took 0.012 seconds
[2024-06-23 23:52:39,245] {scheduler_job.py:182} INFO - Started process (PID=6214) to work on /home/airflow/.local/lib/python3.6/site-packages/airflow/example_dags/subdags/subdag.py
[2024-06-23 23:52:39,246] {scheduler_job.py:629} INFO - Processing file /home/airflow/.local/lib/python3.6/site-packages/airflow/example_dags/subdags/subdag.py for tasks to queue
[2024-06-23 23:52:39,247] {logging_mixin.py:104} INFO - [2024-06-23 23:52:39,247] {dagbag.py:451} INFO - Filling up the DagBag from /home/airflow/.local/lib/python3.6/site-packages/airflow/example_dags/subdags/subdag.py
[2024-06-23 23:52:39,248] {scheduler_job.py:641} WARNING - No viable dags retrieved from /home/airflow/.local/lib/python3.6/site-packages/airflow/example_dags/subdags/subdag.py
[2024-06-23 23:52:39,255] {scheduler_job.py:190} INFO - Processing /home/airflow/.local/lib/python3.6/site-packages/airflow/example_dags/subdags/subdag.py took 0.012 seconds
[2024-06-23 23:53:10,037] {scheduler_job.py:182} INFO - Started process (PID=6240) to work on /home/airflow/.local/lib/python3.6/site-packages/airflow/example_dags/subdags/subdag.py
[2024-06-23 23:53:10,038] {scheduler_job.py:629} INFO - Processing file /home/airflow/.local/lib/python3.6/site-packages/airflow/example_dags/subdags/subdag.py for tasks to queue
[2024-06-23 23:53:10,038] {logging_mixin.py:104} INFO - [2024-06-23 23:53:10,038] {dagbag.py:451} INFO - Filling up the DagBag from /home/airflow/.local/lib/python3.6/site-packages/airflow/example_dags/subdags/subdag.py
[2024-06-23 23:53:10,040] {scheduler_job.py:641} WARNING - No viable dags retrieved from /home/airflow/.local/lib/python3.6/site-packages/airflow/example_dags/subdags/subdag.py
[2024-06-23 23:53:10,047] {scheduler_job.py:190} INFO - Processing /home/airflow/.local/lib/python3.6/site-packages/airflow/example_dags/subdags/subdag.py took 0.012 seconds
[2024-06-23 23:53:40,841] {scheduler_job.py:182} INFO - Started process (PID=6266) to work on /home/airflow/.local/lib/python3.6/site-packages/airflow/example_dags/subdags/subdag.py
[2024-06-23 23:53:40,841] {scheduler_job.py:629} INFO - Processing file /home/airflow/.local/lib/python3.6/site-packages/airflow/example_dags/subdags/subdag.py for tasks to queue
[2024-06-23 23:53:40,842] {logging_mixin.py:104} INFO - [2024-06-23 23:53:40,842] {dagbag.py:451} INFO - Filling up the DagBag from /home/airflow/.local/lib/python3.6/site-packages/airflow/example_dags/subdags/subdag.py
[2024-06-23 23:53:40,843] {scheduler_job.py:641} WARNING - No viable dags retrieved from /home/airflow/.local/lib/python3.6/site-packages/airflow/example_dags/subdags/subdag.py
[2024-06-23 23:53:40,851] {scheduler_job.py:190} INFO - Processing /home/airflow/.local/lib/python3.6/site-packages/airflow/example_dags/subdags/subdag.py took 0.012 seconds
[2024-06-23 23:54:11,620] {scheduler_job.py:182} INFO - Started process (PID=6292) to work on /home/airflow/.local/lib/python3.6/site-packages/airflow/example_dags/subdags/subdag.py
[2024-06-23 23:54:11,621] {scheduler_job.py:629} INFO - Processing file /home/airflow/.local/lib/python3.6/site-packages/airflow/example_dags/subdags/subdag.py for tasks to queue
[2024-06-23 23:54:11,621] {logging_mixin.py:104} INFO - [2024-06-23 23:54:11,621] {dagbag.py:451} INFO - Filling up the DagBag from /home/airflow/.local/lib/python3.6/site-packages/airflow/example_dags/subdags/subdag.py
[2024-06-23 23:54:11,623] {scheduler_job.py:641} WARNING - No viable dags retrieved from /home/airflow/.local/lib/python3.6/site-packages/airflow/example_dags/subdags/subdag.py
[2024-06-23 23:54:11,631] {scheduler_job.py:190} INFO - Processing /home/airflow/.local/lib/python3.6/site-packages/airflow/example_dags/subdags/subdag.py took 0.013 seconds
[2024-06-23 23:54:42,445] {scheduler_job.py:182} INFO - Started process (PID=6318) to work on /home/airflow/.local/lib/python3.6/site-packages/airflow/example_dags/subdags/subdag.py
[2024-06-23 23:54:42,446] {scheduler_job.py:629} INFO - Processing file /home/airflow/.local/lib/python3.6/site-packages/airflow/example_dags/subdags/subdag.py for tasks to queue
[2024-06-23 23:54:42,446] {logging_mixin.py:104} INFO - [2024-06-23 23:54:42,446] {dagbag.py:451} INFO - Filling up the DagBag from /home/airflow/.local/lib/python3.6/site-packages/airflow/example_dags/subdags/subdag.py
[2024-06-23 23:54:42,448] {scheduler_job.py:641} WARNING - No viable dags retrieved from /home/airflow/.local/lib/python3.6/site-packages/airflow/example_dags/subdags/subdag.py
[2024-06-23 23:54:42,456] {scheduler_job.py:190} INFO - Processing /home/airflow/.local/lib/python3.6/site-packages/airflow/example_dags/subdags/subdag.py took 0.012 seconds
[2024-06-23 23:55:13,273] {scheduler_job.py:182} INFO - Started process (PID=6344) to work on /home/airflow/.local/lib/python3.6/site-packages/airflow/example_dags/subdags/subdag.py
[2024-06-23 23:55:13,274] {scheduler_job.py:629} INFO - Processing file /home/airflow/.local/lib/python3.6/site-packages/airflow/example_dags/subdags/subdag.py for tasks to queue
[2024-06-23 23:55:13,274] {logging_mixin.py:104} INFO - [2024-06-23 23:55:13,274] {dagbag.py:451} INFO - Filling up the DagBag from /home/airflow/.local/lib/python3.6/site-packages/airflow/example_dags/subdags/subdag.py
[2024-06-23 23:55:13,276] {scheduler_job.py:641} WARNING - No viable dags retrieved from /home/airflow/.local/lib/python3.6/site-packages/airflow/example_dags/subdags/subdag.py
[2024-06-23 23:55:13,284] {scheduler_job.py:190} INFO - Processing /home/airflow/.local/lib/python3.6/site-packages/airflow/example_dags/subdags/subdag.py took 0.014 seconds
[2024-06-23 23:55:44,103] {scheduler_job.py:182} INFO - Started process (PID=6370) to work on /home/airflow/.local/lib/python3.6/site-packages/airflow/example_dags/subdags/subdag.py
[2024-06-23 23:55:44,104] {scheduler_job.py:629} INFO - Processing file /home/airflow/.local/lib/python3.6/site-packages/airflow/example_dags/subdags/subdag.py for tasks to queue
[2024-06-23 23:55:44,104] {logging_mixin.py:104} INFO - [2024-06-23 23:55:44,104] {dagbag.py:451} INFO - Filling up the DagBag from /home/airflow/.local/lib/python3.6/site-packages/airflow/example_dags/subdags/subdag.py
[2024-06-23 23:55:44,106] {scheduler_job.py:641} WARNING - No viable dags retrieved from /home/airflow/.local/lib/python3.6/site-packages/airflow/example_dags/subdags/subdag.py
[2024-06-23 23:55:44,114] {scheduler_job.py:190} INFO - Processing /home/airflow/.local/lib/python3.6/site-packages/airflow/example_dags/subdags/subdag.py took 0.013 seconds
[2024-06-23 23:56:14,921] {scheduler_job.py:182} INFO - Started process (PID=6396) to work on /home/airflow/.local/lib/python3.6/site-packages/airflow/example_dags/subdags/subdag.py
[2024-06-23 23:56:14,921] {scheduler_job.py:629} INFO - Processing file /home/airflow/.local/lib/python3.6/site-packages/airflow/example_dags/subdags/subdag.py for tasks to queue
[2024-06-23 23:56:14,922] {logging_mixin.py:104} INFO - [2024-06-23 23:56:14,922] {dagbag.py:451} INFO - Filling up the DagBag from /home/airflow/.local/lib/python3.6/site-packages/airflow/example_dags/subdags/subdag.py
[2024-06-23 23:56:14,923] {scheduler_job.py:641} WARNING - No viable dags retrieved from /home/airflow/.local/lib/python3.6/site-packages/airflow/example_dags/subdags/subdag.py
[2024-06-23 23:56:14,931] {scheduler_job.py:190} INFO - Processing /home/airflow/.local/lib/python3.6/site-packages/airflow/example_dags/subdags/subdag.py took 0.012 seconds
[2024-06-23 23:56:45,718] {scheduler_job.py:182} INFO - Started process (PID=6422) to work on /home/airflow/.local/lib/python3.6/site-packages/airflow/example_dags/subdags/subdag.py
[2024-06-23 23:56:45,719] {scheduler_job.py:629} INFO - Processing file /home/airflow/.local/lib/python3.6/site-packages/airflow/example_dags/subdags/subdag.py for tasks to queue
[2024-06-23 23:56:45,719] {logging_mixin.py:104} INFO - [2024-06-23 23:56:45,719] {dagbag.py:451} INFO - Filling up the DagBag from /home/airflow/.local/lib/python3.6/site-packages/airflow/example_dags/subdags/subdag.py
[2024-06-23 23:56:45,721] {scheduler_job.py:641} WARNING - No viable dags retrieved from /home/airflow/.local/lib/python3.6/site-packages/airflow/example_dags/subdags/subdag.py
[2024-06-23 23:56:45,728] {scheduler_job.py:190} INFO - Processing /home/airflow/.local/lib/python3.6/site-packages/airflow/example_dags/subdags/subdag.py took 0.012 seconds
[2024-06-23 23:57:16,527] {scheduler_job.py:182} INFO - Started process (PID=6448) to work on /home/airflow/.local/lib/python3.6/site-packages/airflow/example_dags/subdags/subdag.py
[2024-06-23 23:57:16,527] {scheduler_job.py:629} INFO - Processing file /home/airflow/.local/lib/python3.6/site-packages/airflow/example_dags/subdags/subdag.py for tasks to queue
[2024-06-23 23:57:16,528] {logging_mixin.py:104} INFO - [2024-06-23 23:57:16,528] {dagbag.py:451} INFO - Filling up the DagBag from /home/airflow/.local/lib/python3.6/site-packages/airflow/example_dags/subdags/subdag.py
[2024-06-23 23:57:16,530] {scheduler_job.py:641} WARNING - No viable dags retrieved from /home/airflow/.local/lib/python3.6/site-packages/airflow/example_dags/subdags/subdag.py
[2024-06-23 23:57:16,538] {scheduler_job.py:190} INFO - Processing /home/airflow/.local/lib/python3.6/site-packages/airflow/example_dags/subdags/subdag.py took 0.013 seconds
[2024-06-23 23:57:47,324] {scheduler_job.py:182} INFO - Started process (PID=6474) to work on /home/airflow/.local/lib/python3.6/site-packages/airflow/example_dags/subdags/subdag.py
[2024-06-23 23:57:47,325] {scheduler_job.py:629} INFO - Processing file /home/airflow/.local/lib/python3.6/site-packages/airflow/example_dags/subdags/subdag.py for tasks to queue
[2024-06-23 23:57:47,325] {logging_mixin.py:104} INFO - [2024-06-23 23:57:47,325] {dagbag.py:451} INFO - Filling up the DagBag from /home/airflow/.local/lib/python3.6/site-packages/airflow/example_dags/subdags/subdag.py
[2024-06-23 23:57:47,327] {scheduler_job.py:641} WARNING - No viable dags retrieved from /home/airflow/.local/lib/python3.6/site-packages/airflow/example_dags/subdags/subdag.py
[2024-06-23 23:57:47,335] {scheduler_job.py:190} INFO - Processing /home/airflow/.local/lib/python3.6/site-packages/airflow/example_dags/subdags/subdag.py took 0.013 seconds
[2024-06-23 23:58:18,215] {scheduler_job.py:182} INFO - Started process (PID=6500) to work on /home/airflow/.local/lib/python3.6/site-packages/airflow/example_dags/subdags/subdag.py
[2024-06-23 23:58:18,216] {scheduler_job.py:629} INFO - Processing file /home/airflow/.local/lib/python3.6/site-packages/airflow/example_dags/subdags/subdag.py for tasks to queue
[2024-06-23 23:58:18,217] {logging_mixin.py:104} INFO - [2024-06-23 23:58:18,217] {dagbag.py:451} INFO - Filling up the DagBag from /home/airflow/.local/lib/python3.6/site-packages/airflow/example_dags/subdags/subdag.py
[2024-06-23 23:58:18,218] {scheduler_job.py:641} WARNING - No viable dags retrieved from /home/airflow/.local/lib/python3.6/site-packages/airflow/example_dags/subdags/subdag.py
[2024-06-23 23:58:18,226] {scheduler_job.py:190} INFO - Processing /home/airflow/.local/lib/python3.6/site-packages/airflow/example_dags/subdags/subdag.py took 0.013 seconds
[2024-06-23 23:58:49,140] {scheduler_job.py:182} INFO - Started process (PID=6526) to work on /home/airflow/.local/lib/python3.6/site-packages/airflow/example_dags/subdags/subdag.py
[2024-06-23 23:58:49,141] {scheduler_job.py:629} INFO - Processing file /home/airflow/.local/lib/python3.6/site-packages/airflow/example_dags/subdags/subdag.py for tasks to queue
[2024-06-23 23:58:49,142] {logging_mixin.py:104} INFO - [2024-06-23 23:58:49,142] {dagbag.py:451} INFO - Filling up the DagBag from /home/airflow/.local/lib/python3.6/site-packages/airflow/example_dags/subdags/subdag.py
[2024-06-23 23:58:49,143] {scheduler_job.py:641} WARNING - No viable dags retrieved from /home/airflow/.local/lib/python3.6/site-packages/airflow/example_dags/subdags/subdag.py
[2024-06-23 23:58:49,151] {scheduler_job.py:190} INFO - Processing /home/airflow/.local/lib/python3.6/site-packages/airflow/example_dags/subdags/subdag.py took 0.013 seconds
[2024-06-23 23:59:20,008] {scheduler_job.py:182} INFO - Started process (PID=6552) to work on /home/airflow/.local/lib/python3.6/site-packages/airflow/example_dags/subdags/subdag.py
[2024-06-23 23:59:20,009] {scheduler_job.py:629} INFO - Processing file /home/airflow/.local/lib/python3.6/site-packages/airflow/example_dags/subdags/subdag.py for tasks to queue
[2024-06-23 23:59:20,009] {logging_mixin.py:104} INFO - [2024-06-23 23:59:20,009] {dagbag.py:451} INFO - Filling up the DagBag from /home/airflow/.local/lib/python3.6/site-packages/airflow/example_dags/subdags/subdag.py
[2024-06-23 23:59:20,011] {scheduler_job.py:641} WARNING - No viable dags retrieved from /home/airflow/.local/lib/python3.6/site-packages/airflow/example_dags/subdags/subdag.py
[2024-06-23 23:59:20,019] {scheduler_job.py:190} INFO - Processing /home/airflow/.local/lib/python3.6/site-packages/airflow/example_dags/subdags/subdag.py took 0.013 seconds
[2024-06-23 23:59:50,774] {scheduler_job.py:182} INFO - Started process (PID=6578) to work on /home/airflow/.local/lib/python3.6/site-packages/airflow/example_dags/subdags/subdag.py
[2024-06-23 23:59:50,775] {scheduler_job.py:629} INFO - Processing file /home/airflow/.local/lib/python3.6/site-packages/airflow/example_dags/subdags/subdag.py for tasks to queue
[2024-06-23 23:59:50,775] {logging_mixin.py:104} INFO - [2024-06-23 23:59:50,775] {dagbag.py:451} INFO - Filling up the DagBag from /home/airflow/.local/lib/python3.6/site-packages/airflow/example_dags/subdags/subdag.py
[2024-06-23 23:59:50,777] {scheduler_job.py:641} WARNING - No viable dags retrieved from /home/airflow/.local/lib/python3.6/site-packages/airflow/example_dags/subdags/subdag.py
[2024-06-23 23:59:50,785] {scheduler_job.py:190} INFO - Processing /home/airflow/.local/lib/python3.6/site-packages/airflow/example_dags/subdags/subdag.py took 0.013 seconds
